<test-run id="2" testcasecount="8" result="Passed" start-time="2024-03-27 11:18:26.688213" end-time="2024-03-27 11:20:05.584467" duration="98" total="8" passed="8" failed="0" inconclusive="0" skipped="0" asserts="0" clr-version="3.9.18 (main, Sep 11 2023, 08:25:10) &#10;[Clang 14.0.6 ]" engine-version="3.6.2"><command-line>/Users/alina.voilova/.vscode/extensions/ms-python.python-2024.2.1/pythonFiles/vscode_pytest/run_pytest_script.py --rootdir=/Users/alina.voilova/Library/CloudStorage/OneDrive-LichtBlickSE/Desktop/portfolyo/portfolyo</command-line><filter><test re="0">/Users/alina.voilova/Library/CloudStorage/OneDrive-LichtBlickSE/Desktop/portfolyo/portfolyo/tests/core/pfstate/test_slice_state.py::test__end_less_than_daily[enddate0-None]</test><test re="0">/Users/alina.voilova/Library/CloudStorage/OneDrive-LichtBlickSE/Desktop/portfolyo/portfolyo/tests/core/pfstate/test_slice_state.py::test__end_less_than_daily[enddate0-Europe/Berlin]</test><test re="0">/Users/alina.voilova/Library/CloudStorage/OneDrive-LichtBlickSE/Desktop/portfolyo/portfolyo/tests/core/pfstate/test_slice_state.py::test__end_less_than_daily[enddate1-None]</test><test re="0">/Users/alina.voilova/Library/CloudStorage/OneDrive-LichtBlickSE/Desktop/portfolyo/portfolyo/tests/core/pfstate/test_slice_state.py::test__end_less_than_daily[enddate1-Europe/Berlin]</test><test re="0">/Users/alina.voilova/Library/CloudStorage/OneDrive-LichtBlickSE/Desktop/portfolyo/portfolyo/tests/core/pfstate/test_slice_state.py::test__end_less_than_daily[enddate2-None]</test><test re="0">/Users/alina.voilova/Library/CloudStorage/OneDrive-LichtBlickSE/Desktop/portfolyo/portfolyo/tests/core/pfstate/test_slice_state.py::test__end_less_than_daily[enddate2-Europe/Berlin]</test><test re="0">/Users/alina.voilova/Library/CloudStorage/OneDrive-LichtBlickSE/Desktop/portfolyo/portfolyo/tests/core/pfstate/test_slice_state.py::test__end_less_than_daily[enddate3-None]</test><test re="0">/Users/alina.voilova/Library/CloudStorage/OneDrive-LichtBlickSE/Desktop/portfolyo/portfolyo/tests/core/pfstate/test_slice_state.py::test__end_less_than_daily[enddate3-Europe/Berlin]</test></filter><test-suite id="tests/core/pfstate/test_slice_state.py" name="tests/core/pfstate/test_slice_state.py" fullname="tests/core/pfstate/test_slice_state.py" methodname="" classname="" runstate="Runnable" type="Assembly" testcasecount="8" result="Passed" label="Test if slice attributes works properly with portfolio state." start-time="2024-03-27 11:18:27.846707" end-time="2024-03-27 11:20:05.360937" duration="97.51423" asserts="0" total="8" passed="8" failed="0" warnings="0" inconclusive="0" skipped="0"><properties><property name="python_version" value="3.9.18 (main, Sep 11 2023, 08:25:10) &#10;[Clang 14.0.6 ]" /></properties><test-case id="100" name="tests/core/pfstate/test_slice_state.py::test__end_less_than_daily[enddate0-None]" fullname="tests/core/pfstate/test_slice_state.py::test__end_less_than_daily[enddate0-None]" methodname="test__end_less_than_daily[enddate0-None]" classname="tests/core/pfstate/test_slice_state.py" runstate="Runnable" seed="1" result="Passed" label="" start-time="2024-03-27 11:18:27.846707" end-time="2024-03-27 11:18:35.044332" duration="7.197625" asserts="0"><properties><property name="python-version" value="3.9.18 (main, Sep 11 2023, 08:25:10) &#10;[Clang 14.0.6 ]" /><property name="fspath" value="tests/core/pfstate/test_slice_state.py" /></properties><environment framework-version="3.6.2" clr-version="3.9.18 (main, Sep 11 2023, 08:25:10) &#10;[Clang 14.0.6 ]" os-version="23.4.0" platform="Darwin" cwd="/Users/alina.voilova/Library/CloudStorage/OneDrive-LichtBlickSE/Desktop/portfolyo/portfolyo" machine-name="arm64" user="" user-domain="" culture="en-US" uiculture="en-US" os-architecture="64bit" /><failure><message><![CDATA[]]></message><stack-trace><![CDATA[None]]></stack-trace></failure><reason><message><![CDATA[]]></message></reason><output><![CDATA[]]></output></test-case><test-case id="101" name="tests/core/pfstate/test_slice_state.py::test__end_less_than_daily[enddate0-Europe/Berlin]" fullname="tests/core/pfstate/test_slice_state.py::test__end_less_than_daily[enddate0-Europe/Berlin]" methodname="test__end_less_than_daily[enddate0-Europe/Berlin]" classname="tests/core/pfstate/test_slice_state.py" runstate="Runnable" seed="1" result="Passed" label="" start-time="2024-03-27 11:18:35.044929" end-time="2024-03-27 11:18:46.321800" duration="11.276871" asserts="0"><properties><property name="python-version" value="3.9.18 (main, Sep 11 2023, 08:25:10) &#10;[Clang 14.0.6 ]" /><property name="fspath" value="tests/core/pfstate/test_slice_state.py" /></properties><environment framework-version="3.6.2" clr-version="3.9.18 (main, Sep 11 2023, 08:25:10) &#10;[Clang 14.0.6 ]" os-version="23.4.0" platform="Darwin" cwd="/Users/alina.voilova/Library/CloudStorage/OneDrive-LichtBlickSE/Desktop/portfolyo/portfolyo" machine-name="arm64" user="" user-domain="" culture="en-US" uiculture="en-US" os-architecture="64bit" /><failure><message><![CDATA[]]></message><stack-trace><![CDATA[None]]></stack-trace></failure><reason><message><![CDATA[]]></message></reason><output><![CDATA[]]></output></test-case><test-case id="102" name="tests/core/pfstate/test_slice_state.py::test__end_less_than_daily[enddate1-None]" fullname="tests/core/pfstate/test_slice_state.py::test__end_less_than_daily[enddate1-None]" methodname="test__end_less_than_daily[enddate1-None]" classname="tests/core/pfstate/test_slice_state.py" runstate="Runnable" seed="1" result="Passed" label="" start-time="2024-03-27 11:18:46.322393" end-time="2024-03-27 11:18:57.102354" duration="10.779961" asserts="0"><properties><property name="python-version" value="3.9.18 (main, Sep 11 2023, 08:25:10) &#10;[Clang 14.0.6 ]" /><property name="fspath" value="tests/core/pfstate/test_slice_state.py" /></properties><environment framework-version="3.6.2" clr-version="3.9.18 (main, Sep 11 2023, 08:25:10) &#10;[Clang 14.0.6 ]" os-version="23.4.0" platform="Darwin" cwd="/Users/alina.voilova/Library/CloudStorage/OneDrive-LichtBlickSE/Desktop/portfolyo/portfolyo" machine-name="arm64" user="" user-domain="" culture="en-US" uiculture="en-US" os-architecture="64bit" /><failure><message><![CDATA[]]></message><stack-trace><![CDATA[None]]></stack-trace></failure><reason><message><![CDATA[]]></message></reason><output><![CDATA[]]></output></test-case><test-case id="103" name="tests/core/pfstate/test_slice_state.py::test__end_less_than_daily[enddate1-Europe/Berlin]" fullname="tests/core/pfstate/test_slice_state.py::test__end_less_than_daily[enddate1-Europe/Berlin]" methodname="test__end_less_than_daily[enddate1-Europe/Berlin]" classname="tests/core/pfstate/test_slice_state.py" runstate="Runnable" seed="1" result="Passed" label="" start-time="2024-03-27 11:18:57.102898" end-time="2024-03-27 11:19:14.890525" duration="17.787627" asserts="0"><properties><property name="python-version" value="3.9.18 (main, Sep 11 2023, 08:25:10) &#10;[Clang 14.0.6 ]" /><property name="fspath" value="tests/core/pfstate/test_slice_state.py" /></properties><environment framework-version="3.6.2" clr-version="3.9.18 (main, Sep 11 2023, 08:25:10) &#10;[Clang 14.0.6 ]" os-version="23.4.0" platform="Darwin" cwd="/Users/alina.voilova/Library/CloudStorage/OneDrive-LichtBlickSE/Desktop/portfolyo/portfolyo" machine-name="arm64" user="" user-domain="" culture="en-US" uiculture="en-US" os-architecture="64bit" /><failure><message><![CDATA[]]></message><stack-trace><![CDATA[None]]></stack-trace></failure><reason><message><![CDATA[]]></message></reason><output><![CDATA[]]></output></test-case><test-case id="104" name="tests/core/pfstate/test_slice_state.py::test__end_less_than_daily[enddate2-None]" fullname="tests/core/pfstate/test_slice_state.py::test__end_less_than_daily[enddate2-None]" methodname="test__end_less_than_daily[enddate2-None]" classname="tests/core/pfstate/test_slice_state.py" runstate="Runnable" seed="1" result="Passed" label="" start-time="2024-03-27 11:19:14.891162" end-time="2024-03-27 11:19:23.898483" duration="9.007321" asserts="0"><properties><property name="python-version" value="3.9.18 (main, Sep 11 2023, 08:25:10) &#10;[Clang 14.0.6 ]" /><property name="fspath" value="tests/core/pfstate/test_slice_state.py" /></properties><environment framework-version="3.6.2" clr-version="3.9.18 (main, Sep 11 2023, 08:25:10) &#10;[Clang 14.0.6 ]" os-version="23.4.0" platform="Darwin" cwd="/Users/alina.voilova/Library/CloudStorage/OneDrive-LichtBlickSE/Desktop/portfolyo/portfolyo" machine-name="arm64" user="" user-domain="" culture="en-US" uiculture="en-US" os-architecture="64bit" /><failure><message><![CDATA[]]></message><stack-trace><![CDATA[None]]></stack-trace></failure><reason><message><![CDATA[]]></message></reason><output><![CDATA[]]></output></test-case><test-case id="105" name="tests/core/pfstate/test_slice_state.py::test__end_less_than_daily[enddate2-Europe/Berlin]" fullname="tests/core/pfstate/test_slice_state.py::test__end_less_than_daily[enddate2-Europe/Berlin]" methodname="test__end_less_than_daily[enddate2-Europe/Berlin]" classname="tests/core/pfstate/test_slice_state.py" runstate="Runnable" seed="1" result="Passed" label="" start-time="2024-03-27 11:19:23.899005" end-time="2024-03-27 11:19:37.842730" duration="13.943725" asserts="0"><properties><property name="python-version" value="3.9.18 (main, Sep 11 2023, 08:25:10) &#10;[Clang 14.0.6 ]" /><property name="fspath" value="tests/core/pfstate/test_slice_state.py" /></properties><environment framework-version="3.6.2" clr-version="3.9.18 (main, Sep 11 2023, 08:25:10) &#10;[Clang 14.0.6 ]" os-version="23.4.0" platform="Darwin" cwd="/Users/alina.voilova/Library/CloudStorage/OneDrive-LichtBlickSE/Desktop/portfolyo/portfolyo" machine-name="arm64" user="" user-domain="" culture="en-US" uiculture="en-US" os-architecture="64bit" /><failure><message><![CDATA[]]></message><stack-trace><![CDATA[None]]></stack-trace></failure><reason><message><![CDATA[]]></message></reason><output><![CDATA[]]></output></test-case><test-case id="106" name="tests/core/pfstate/test_slice_state.py::test__end_less_than_daily[enddate3-None]" fullname="tests/core/pfstate/test_slice_state.py::test__end_less_than_daily[enddate3-None]" methodname="test__end_less_than_daily[enddate3-None]" classname="tests/core/pfstate/test_slice_state.py" runstate="Runnable" seed="1" result="Passed" label="" start-time="2024-03-27 11:19:37.843291" end-time="2024-03-27 11:19:48.335194" duration="10.491903" asserts="0"><properties><property name="python-version" value="3.9.18 (main, Sep 11 2023, 08:25:10) &#10;[Clang 14.0.6 ]" /><property name="fspath" value="tests/core/pfstate/test_slice_state.py" /></properties><environment framework-version="3.6.2" clr-version="3.9.18 (main, Sep 11 2023, 08:25:10) &#10;[Clang 14.0.6 ]" os-version="23.4.0" platform="Darwin" cwd="/Users/alina.voilova/Library/CloudStorage/OneDrive-LichtBlickSE/Desktop/portfolyo/portfolyo" machine-name="arm64" user="" user-domain="" culture="en-US" uiculture="en-US" os-architecture="64bit" /><failure><message><![CDATA[]]></message><stack-trace><![CDATA[None]]></stack-trace></failure><reason><message><![CDATA[]]></message></reason><output><![CDATA[]]></output></test-case><test-case id="107" name="tests/core/pfstate/test_slice_state.py::test__end_less_than_daily[enddate3-Europe/Berlin]" fullname="tests/core/pfstate/test_slice_state.py::test__end_less_than_daily[enddate3-Europe/Berlin]" methodname="test__end_less_than_daily[enddate3-Europe/Berlin]" classname="tests/core/pfstate/test_slice_state.py" runstate="Runnable" seed="1" result="Passed" label="" start-time="2024-03-27 11:19:48.335729" end-time="2024-03-27 11:20:05.360937" duration="17.025208" asserts="0"><properties><property name="python-version" value="3.9.18 (main, Sep 11 2023, 08:25:10) &#10;[Clang 14.0.6 ]" /><property name="fspath" value="tests/core/pfstate/test_slice_state.py" /></properties><environment framework-version="3.6.2" clr-version="3.9.18 (main, Sep 11 2023, 08:25:10) &#10;[Clang 14.0.6 ]" os-version="23.4.0" platform="Darwin" cwd="/Users/alina.voilova/Library/CloudStorage/OneDrive-LichtBlickSE/Desktop/portfolyo/portfolyo" machine-name="arm64" user="" user-domain="" culture="en-US" uiculture="en-US" os-architecture="64bit" /><failure><message><![CDATA[]]></message><stack-trace><![CDATA[None]]></stack-trace></failure><reason><message><![CDATA[]]></message></reason><output><![CDATA[]]></output></test-case><environment framework-version="3.6.2" clr-version="3.9.18 (main, Sep 11 2023, 08:25:10) &#10;[Clang 14.0.6 ]" os-version="23.4.0" platform="Darwin" cwd="/Users/alina.voilova/Library/CloudStorage/OneDrive-LichtBlickSE/Desktop/portfolyo/portfolyo" machine-name="arm64" user="" user-domain="" culture="en-US" uiculture="en-US" os-architecture="64bit" /></test-suite></test-run>