<test-run id="2" testcasecount="936" result="Passed" start-time="2024-02-05 13:01:13.406498" end-time="2024-02-05 13:01:43.692953" duration="30" total="936" passed="936" failed="0" inconclusive="0" skipped="0" asserts="0" clr-version="3.11.7 (main, Dec  4 2023, 18:10:11) [Clang 15.0.0 (clang-1500.1.0.2.5)]" engine-version="3.6.2"><command-line>/Users/ruud.wijtvliet/python/lichtblyck/.venv/bin/pytest tests/tools/test_intersect.py</command-line><filter><test re="0">tests/tools/test_intersect.py</test></filter><test-suite id="tests/tools/test_intersect.py" name="tests/tools/test_intersect.py" fullname="tests/tools/test_intersect.py" methodname="" classname="" runstate="Runnable" type="Assembly" testcasecount="936" result="Passed" label="" start-time="2024-02-05 13:01:17.641708" end-time="2024-02-05 13:01:43.174754" duration="25.533046" asserts="0" total="936" passed="936" failed="0" warnings="0" inconclusive="0" skipped="0"><properties><property name="python_version" value="3.11.7 (main, Dec  4 2023, 18:10:11) [Clang 15.0.0 (clang-1500.1.0.2.5)]" /></properties><test-case id="100" name="tests/tools/test_intersect.py::test_intersect[startdates0-15T-2020-01-20-00:00-idx-None]" fullname="tests/tools/test_intersect.py::test_intersect[startdates0-15T-2020-01-20-00:00-idx-None]" methodname="test_intersect[startdates0-15T-2020-01-20-00:00-idx-None]" classname="tests/tools/test_intersect.py" runstate="Runnable" seed="1" result="Passed" label="Test if intersection of indices gives correct result." start-time="2024-02-05 13:01:17.641708" end-time="2024-02-05 13:01:17.880664" duration="0.238956" asserts="0"><properties><property name="python-version" value="3.11.7 (main, Dec  4 2023, 18:10:11) [Clang 15.0.0 (clang-1500.1.0.2.5)]" /><property name="fspath" value="tests/tools/test_intersect.py" /></properties><environment framework-version="3.6.2" clr-version="3.11.7 (main, Dec  4 2023, 18:10:11) [Clang 15.0.0 (clang-1500.1.0.2.5)]" os-version="23.3.0" platform="Darwin" cwd="/Users/ruud.wijtvliet/python/portfolyo" machine-name="arm64" user="" user-domain="" culture="en-US" uiculture="en-US" os-architecture="64bit" /><failure><message><![CDATA[]]></message><stack-trace><![CDATA[None]]></stack-trace></failure><reason><message><![CDATA[]]></message></reason><output><![CDATA[]]></output></test-case><test-case id="101" name="tests/tools/test_intersect.py::test_intersect[startdates0-15T-2020-01-20-00:00-idx-Europe/Berlin]" fullname="tests/tools/test_intersect.py::test_intersect[startdates0-15T-2020-01-20-00:00-idx-Europe/Berlin]" methodname="test_intersect[startdates0-15T-2020-01-20-00:00-idx-Europe/Berlin]" classname="tests/tools/test_intersect.py" runstate="Runnable" seed="1" result="Passed" label="Test if intersection of indices gives correct result." start-time="2024-02-05 13:01:17.881331" end-time="2024-02-05 13:01:18.862318" duration="0.980987" asserts="0"><properties><property name="python-version" value="3.11.7 (main, Dec  4 2023, 18:10:11) [Clang 15.0.0 (clang-1500.1.0.2.5)]" /><property name="fspath" value="tests/tools/test_intersect.py" /></properties><environment framework-version="3.6.2" clr-version="3.11.7 (main, Dec  4 2023, 18:10:11) [Clang 15.0.0 (clang-1500.1.0.2.5)]" os-version="23.3.0" platform="Darwin" cwd="/Users/ruud.wijtvliet/python/portfolyo" machine-name="arm64" user="" user-domain="" culture="en-US" uiculture="en-US" os-architecture="64bit" /><failure><message><![CDATA[]]></message><stack-trace><![CDATA[None]]></stack-trace></failure><reason><message><![CDATA[]]></message></reason><output><![CDATA[]]></output></test-case><test-case id="102" name="tests/tools/test_intersect.py::test_intersect[startdates0-15T-2020-01-20-00:00-idx-Asia/Kolkata]" fullname="tests/tools/test_intersect.py::test_intersect[startdates0-15T-2020-01-20-00:00-idx-Asia/Kolkata]" methodname="test_intersect[startdates0-15T-2020-01-20-00:00-idx-Asia/Kolkata]" classname="tests/tools/test_intersect.py" runstate="Runnable" seed="1" result="Passed" label="Test if intersection of indices gives correct result." start-time="2024-02-05 13:01:18.862926" end-time="2024-02-05 13:01:19.235383" duration="0.372457" asserts="0"><properties><property name="python-version" value="3.11.7 (main, Dec  4 2023, 18:10:11) [Clang 15.0.0 (clang-1500.1.0.2.5)]" /><property name="fspath" value="tests/tools/test_intersect.py" /></properties><environment framework-version="3.6.2" clr-version="3.11.7 (main, Dec  4 2023, 18:10:11) [Clang 15.0.0 (clang-1500.1.0.2.5)]" os-version="23.3.0" platform="Darwin" cwd="/Users/ruud.wijtvliet/python/portfolyo" machine-name="arm64" user="" user-domain="" culture="en-US" uiculture="en-US" os-architecture="64bit" /><failure><message><![CDATA[]]></message><stack-trace><![CDATA[None]]></stack-trace></failure><reason><message><![CDATA[]]></message></reason><output><![CDATA[]]></output></test-case><test-case id="103" name="tests/tools/test_intersect.py::test_intersect[startdates0-15T-2020-01-20-00:00-fr-None]" fullname="tests/tools/test_intersect.py::test_intersect[startdates0-15T-2020-01-20-00:00-fr-None]" methodname="test_intersect[startdates0-15T-2020-01-20-00:00-fr-None]" classname="tests/tools/test_intersect.py" runstate="Runnable" seed="1" result="Passed" label="Test if intersection of indices gives correct result." start-time="2024-02-05 13:01:19.236013" end-time="2024-02-05 13:01:19.483615" duration="0.247602" asserts="0"><properties><property name="python-version" value="3.11.7 (main, Dec  4 2023, 18:10:11) [Clang 15.0.0 (clang-1500.1.0.2.5)]" /><property name="fspath" value="tests/tools/test_intersect.py" /></properties><environment framework-version="3.6.2" clr-version="3.11.7 (main, Dec  4 2023, 18:10:11) [Clang 15.0.0 (clang-1500.1.0.2.5)]" os-version="23.3.0" platform="Darwin" cwd="/Users/ruud.wijtvliet/python/portfolyo" machine-name="arm64" user="" user-domain="" culture="en-US" uiculture="en-US" os-architecture="64bit" /><failure><message><![CDATA[]]></message><stack-trace><![CDATA[None]]></stack-trace></failure><reason><message><![CDATA[]]></message></reason><output><![CDATA[]]></output></test-case><test-case id="104" name="tests/tools/test_intersect.py::test_intersect[startdates0-15T-2020-01-20-00:00-fr-Europe/Berlin]" fullname="tests/tools/test_intersect.py::test_intersect[startdates0-15T-2020-01-20-00:00-fr-Europe/Berlin]" methodname="test_intersect[startdates0-15T-2020-01-20-00:00-fr-Europe/Berlin]" classname="tests/tools/test_intersect.py" runstate="Runnable" seed="1" result="Passed" label="Test if intersection of indices gives correct result." start-time="2024-02-05 13:01:19.484254" end-time="2024-02-05 13:01:20.058119" duration="0.573865" asserts="0"><properties><property name="python-version" value="3.11.7 (main, Dec  4 2023, 18:10:11) [Clang 15.0.0 (clang-1500.1.0.2.5)]" /><property name="fspath" value="tests/tools/test_intersect.py" /></properties><environment framework-version="3.6.2" clr-version="3.11.7 (main, Dec  4 2023, 18:10:11) [Clang 15.0.0 (clang-1500.1.0.2.5)]" os-version="23.3.0" platform="Darwin" cwd="/Users/ruud.wijtvliet/python/portfolyo" machine-name="arm64" user="" user-domain="" culture="en-US" uiculture="en-US" os-architecture="64bit" /><failure><message><![CDATA[]]></message><stack-trace><![CDATA[None]]></stack-trace></failure><reason><message><![CDATA[]]></message></reason><output><![CDATA[]]></output></test-case><test-case id="105" name="tests/tools/test_intersect.py::test_intersect[startdates0-15T-2020-01-20-00:00-fr-Asia/Kolkata]" fullname="tests/tools/test_intersect.py::test_intersect[startdates0-15T-2020-01-20-00:00-fr-Asia/Kolkata]" methodname="test_intersect[startdates0-15T-2020-01-20-00:00-fr-Asia/Kolkata]" classname="tests/tools/test_intersect.py" runstate="Runnable" seed="1" result="Passed" label="Test if intersection of indices gives correct result." start-time="2024-02-05 13:01:20.059030" end-time="2024-02-05 13:01:20.606221" duration="0.547191" asserts="0"><properties><property name="python-version" value="3.11.7 (main, Dec  4 2023, 18:10:11) [Clang 15.0.0 (clang-1500.1.0.2.5)]" /><property name="fspath" value="tests/tools/test_intersect.py" /></properties><environment framework-version="3.6.2" clr-version="3.11.7 (main, Dec  4 2023, 18:10:11) [Clang 15.0.0 (clang-1500.1.0.2.5)]" os-version="23.3.0" platform="Darwin" cwd="/Users/ruud.wijtvliet/python/portfolyo" machine-name="arm64" user="" user-domain="" culture="en-US" uiculture="en-US" os-architecture="64bit" /><failure><message><![CDATA[]]></message><stack-trace><![CDATA[None]]></stack-trace></failure><reason><message><![CDATA[]]></message></reason><output><![CDATA[]]></output></test-case><test-case id="106" name="tests/tools/test_intersect.py::test_intersect[startdates0-15T-2020-01-20-06:00-idx-None]" fullname="tests/tools/test_intersect.py::test_intersect[startdates0-15T-2020-01-20-06:00-idx-None]" methodname="test_intersect[startdates0-15T-2020-01-20-06:00-idx-None]" classname="tests/tools/test_intersect.py" runstate="Runnable" seed="1" result="Passed" label="Test if intersection of indices gives correct result." start-time="2024-02-05 13:01:20.606886" end-time="2024-02-05 13:01:20.804098" duration="0.197212" asserts="0"><properties><property name="python-version" value="3.11.7 (main, Dec  4 2023, 18:10:11) [Clang 15.0.0 (clang-1500.1.0.2.5)]" /><property name="fspath" value="tests/tools/test_intersect.py" /></properties><environment framework-version="3.6.2" clr-version="3.11.7 (main, Dec  4 2023, 18:10:11) [Clang 15.0.0 (clang-1500.1.0.2.5)]" os-version="23.3.0" platform="Darwin" cwd="/Users/ruud.wijtvliet/python/portfolyo" machine-name="arm64" user="" user-domain="" culture="en-US" uiculture="en-US" os-architecture="64bit" /><failure><message><![CDATA[]]></message><stack-trace><![CDATA[None]]></stack-trace></failure><reason><message><![CDATA[]]></message></reason><output><![CDATA[]]></output></test-case><test-case id="107" name="tests/tools/test_intersect.py::test_intersect[startdates0-15T-2020-01-20-06:00-idx-Europe/Berlin]" fullname="tests/tools/test_intersect.py::test_intersect[startdates0-15T-2020-01-20-06:00-idx-Europe/Berlin]" methodname="test_intersect[startdates0-15T-2020-01-20-06:00-idx-Europe/Berlin]" classname="tests/tools/test_intersect.py" runstate="Runnable" seed="1" result="Passed" label="Test if intersection of indices gives correct result." start-time="2024-02-05 13:01:20.804830" end-time="2024-02-05 13:01:21.177828" duration="0.372998" asserts="0"><properties><property name="python-version" value="3.11.7 (main, Dec  4 2023, 18:10:11) [Clang 15.0.0 (clang-1500.1.0.2.5)]" /><property name="fspath" value="tests/tools/test_intersect.py" /></properties><environment framework-version="3.6.2" clr-version="3.11.7 (main, Dec  4 2023, 18:10:11) [Clang 15.0.0 (clang-1500.1.0.2.5)]" os-version="23.3.0" platform="Darwin" cwd="/Users/ruud.wijtvliet/python/portfolyo" machine-name="arm64" user="" user-domain="" culture="en-US" uiculture="en-US" os-architecture="64bit" /><failure><message><![CDATA[]]></message><stack-trace><![CDATA[None]]></stack-trace></failure><reason><message><![CDATA[]]></message></reason><output><![CDATA[]]></output></test-case><test-case id="108" name="tests/tools/test_intersect.py::test_intersect[startdates0-15T-2020-01-20-06:00-idx-Asia/Kolkata]" fullname="tests/tools/test_intersect.py::test_intersect[startdates0-15T-2020-01-20-06:00-idx-Asia/Kolkata]" methodname="test_intersect[startdates0-15T-2020-01-20-06:00-idx-Asia/Kolkata]" classname="tests/tools/test_intersect.py" runstate="Runnable" seed="1" result="Passed" label="Test if intersection of indices gives correct result." start-time="2024-02-05 13:01:21.178619" end-time="2024-02-05 13:01:21.514091" duration="0.335472" asserts="0"><properties><property name="python-version" value="3.11.7 (main, Dec  4 2023, 18:10:11) [Clang 15.0.0 (clang-1500.1.0.2.5)]" /><property name="fspath" value="tests/tools/test_intersect.py" /></properties><environment framework-version="3.6.2" clr-version="3.11.7 (main, Dec  4 2023, 18:10:11) [Clang 15.0.0 (clang-1500.1.0.2.5)]" os-version="23.3.0" platform="Darwin" cwd="/Users/ruud.wijtvliet/python/portfolyo" machine-name="arm64" user="" user-domain="" culture="en-US" uiculture="en-US" os-architecture="64bit" /><failure><message><![CDATA[]]></message><stack-trace><![CDATA[None]]></stack-trace></failure><reason><message><![CDATA[]]></message></reason><output><![CDATA[]]></output></test-case><test-case id="109" name="tests/tools/test_intersect.py::test_intersect[startdates0-15T-2020-01-20-06:00-fr-None]" fullname="tests/tools/test_intersect.py::test_intersect[startdates0-15T-2020-01-20-06:00-fr-None]" methodname="test_intersect[startdates0-15T-2020-01-20-06:00-fr-None]" classname="tests/tools/test_intersect.py" runstate="Runnable" seed="1" result="Passed" label="Test if intersection of indices gives correct result." start-time="2024-02-05 13:01:21.514667" end-time="2024-02-05 13:01:21.755828" duration="0.241161" asserts="0"><properties><property name="python-version" value="3.11.7 (main, Dec  4 2023, 18:10:11) [Clang 15.0.0 (clang-1500.1.0.2.5)]" /><property name="fspath" value="tests/tools/test_intersect.py" /></properties><environment framework-version="3.6.2" clr-version="3.11.7 (main, Dec  4 2023, 18:10:11) [Clang 15.0.0 (clang-1500.1.0.2.5)]" os-version="23.3.0" platform="Darwin" cwd="/Users/ruud.wijtvliet/python/portfolyo" machine-name="arm64" user="" user-domain="" culture="en-US" uiculture="en-US" os-architecture="64bit" /><failure><message><![CDATA[]]></message><stack-trace><![CDATA[None]]></stack-trace></failure><reason><message><![CDATA[]]></message></reason><output><![CDATA[]]></output></test-case><test-case id="110" name="tests/tools/test_intersect.py::test_intersect[startdates0-15T-2020-01-20-06:00-fr-Europe/Berlin]" fullname="tests/tools/test_intersect.py::test_intersect[startdates0-15T-2020-01-20-06:00-fr-Europe/Berlin]" methodname="test_intersect[startdates0-15T-2020-01-20-06:00-fr-Europe/Berlin]" classname="tests/tools/test_intersect.py" runstate="Runnable" seed="1" result="Passed" label="Test if intersection of indices gives correct result." start-time="2024-02-05 13:01:21.756552" end-time="2024-02-05 13:01:22.317887" duration="0.561335" asserts="0"><properties><property name="python-version" value="3.11.7 (main, Dec  4 2023, 18:10:11) [Clang 15.0.0 (clang-1500.1.0.2.5)]" /><property name="fspath" value="tests/tools/test_intersect.py" /></properties><environment framework-version="3.6.2" clr-version="3.11.7 (main, Dec  4 2023, 18:10:11) [Clang 15.0.0 (clang-1500.1.0.2.5)]" os-version="23.3.0" platform="Darwin" cwd="/Users/ruud.wijtvliet/python/portfolyo" machine-name="arm64" user="" user-domain="" culture="en-US" uiculture="en-US" os-architecture="64bit" /><failure><message><![CDATA[]]></message><stack-trace><![CDATA[None]]></stack-trace></failure><reason><message><![CDATA[]]></message></reason><output><![CDATA[]]></output></test-case><test-case id="111" name="tests/tools/test_intersect.py::test_intersect[startdates0-15T-2020-01-20-06:00-fr-Asia/Kolkata]" fullname="tests/tools/test_intersect.py::test_intersect[startdates0-15T-2020-01-20-06:00-fr-Asia/Kolkata]" methodname="test_intersect[startdates0-15T-2020-01-20-06:00-fr-Asia/Kolkata]" classname="tests/tools/test_intersect.py" runstate="Runnable" seed="1" result="Passed" label="Test if intersection of indices gives correct result." start-time="2024-02-05 13:01:22.318570" end-time="2024-02-05 13:01:22.884618" duration="0.566048" asserts="0"><properties><property name="python-version" value="3.11.7 (main, Dec  4 2023, 18:10:11) [Clang 15.0.0 (clang-1500.1.0.2.5)]" /><property name="fspath" value="tests/tools/test_intersect.py" /></properties><environment framework-version="3.6.2" clr-version="3.11.7 (main, Dec  4 2023, 18:10:11) [Clang 15.0.0 (clang-1500.1.0.2.5)]" os-version="23.3.0" platform="Darwin" cwd="/Users/ruud.wijtvliet/python/portfolyo" machine-name="arm64" user="" user-domain="" culture="en-US" uiculture="en-US" os-architecture="64bit" /><failure><message><![CDATA[]]></message><stack-trace><![CDATA[None]]></stack-trace></failure><reason><message><![CDATA[]]></message></reason><output><![CDATA[]]></output></test-case><test-case id="112" name="tests/tools/test_intersect.py::test_intersect[startdates1-15T-2020-01-20-00:00-idx-None]" fullname="tests/tools/test_intersect.py::test_intersect[startdates1-15T-2020-01-20-00:00-idx-None]" methodname="test_intersect[startdates1-15T-2020-01-20-00:00-idx-None]" classname="tests/tools/test_intersect.py" runstate="Runnable" seed="1" result="Passed" label="Test if intersection of indices gives correct result." start-time="2024-02-05 13:01:22.885495" end-time="2024-02-05 13:01:23.130708" duration="0.245213" asserts="0"><properties><property name="python-version" value="3.11.7 (main, Dec  4 2023, 18:10:11) [Clang 15.0.0 (clang-1500.1.0.2.5)]" /><property name="fspath" value="tests/tools/test_intersect.py" /></properties><environment framework-version="3.6.2" clr-version="3.11.7 (main, Dec  4 2023, 18:10:11) [Clang 15.0.0 (clang-1500.1.0.2.5)]" os-version="23.3.0" platform="Darwin" cwd="/Users/ruud.wijtvliet/python/portfolyo" machine-name="arm64" user="" user-domain="" culture="en-US" uiculture="en-US" os-architecture="64bit" /><failure><message><![CDATA[]]></message><stack-trace><![CDATA[None]]></stack-trace></failure><reason><message><![CDATA[]]></message></reason><output><![CDATA[]]></output></test-case><test-case id="113" name="tests/tools/test_intersect.py::test_intersect[startdates1-15T-2020-01-20-00:00-idx-Europe/Berlin]" fullname="tests/tools/test_intersect.py::test_intersect[startdates1-15T-2020-01-20-00:00-idx-Europe/Berlin]" methodname="test_intersect[startdates1-15T-2020-01-20-00:00-idx-Europe/Berlin]" classname="tests/tools/test_intersect.py" runstate="Runnable" seed="1" result="Passed" label="Test if intersection of indices gives correct result." start-time="2024-02-05 13:01:23.131643" end-time="2024-02-05 13:01:23.481279" duration="0.349636" asserts="0"><properties><property name="python-version" value="3.11.7 (main, Dec  4 2023, 18:10:11) [Clang 15.0.0 (clang-1500.1.0.2.5)]" /><property name="fspath" value="tests/tools/test_intersect.py" /></properties><environment framework-version="3.6.2" clr-version="3.11.7 (main, Dec  4 2023, 18:10:11) [Clang 15.0.0 (clang-1500.1.0.2.5)]" os-version="23.3.0" platform="Darwin" cwd="/Users/ruud.wijtvliet/python/portfolyo" machine-name="arm64" user="" user-domain="" culture="en-US" uiculture="en-US" os-architecture="64bit" /><failure><message><![CDATA[]]></message><stack-trace><![CDATA[None]]></stack-trace></failure><reason><message><![CDATA[]]></message></reason><output><![CDATA[]]></output></test-case><test-case id="114" name="tests/tools/test_intersect.py::test_intersect[startdates1-15T-2020-01-20-00:00-idx-Asia/Kolkata]" fullname="tests/tools/test_intersect.py::test_intersect[startdates1-15T-2020-01-20-00:00-idx-Asia/Kolkata]" methodname="test_intersect[startdates1-15T-2020-01-20-00:00-idx-Asia/Kolkata]" classname="tests/tools/test_intersect.py" runstate="Runnable" seed="1" result="Passed" label="Test if intersection of indices gives correct result." start-time="2024-02-05 13:01:23.482106" end-time="2024-02-05 13:01:23.858584" duration="0.376478" asserts="0"><properties><property name="python-version" value="3.11.7 (main, Dec  4 2023, 18:10:11) [Clang 15.0.0 (clang-1500.1.0.2.5)]" /><property name="fspath" value="tests/tools/test_intersect.py" /></properties><environment framework-version="3.6.2" clr-version="3.11.7 (main, Dec  4 2023, 18:10:11) [Clang 15.0.0 (clang-1500.1.0.2.5)]" os-version="23.3.0" platform="Darwin" cwd="/Users/ruud.wijtvliet/python/portfolyo" machine-name="arm64" user="" user-domain="" culture="en-US" uiculture="en-US" os-architecture="64bit" /><failure><message><![CDATA[]]></message><stack-trace><![CDATA[None]]></stack-trace></failure><reason><message><![CDATA[]]></message></reason><output><![CDATA[]]></output></test-case><test-case id="115" name="tests/tools/test_intersect.py::test_intersect[startdates1-15T-2020-01-20-00:00-fr-None]" fullname="tests/tools/test_intersect.py::test_intersect[startdates1-15T-2020-01-20-00:00-fr-None]" methodname="test_intersect[startdates1-15T-2020-01-20-00:00-fr-None]" classname="tests/tools/test_intersect.py" runstate="Runnable" seed="1" result="Passed" label="Test if intersection of indices gives correct result." start-time="2024-02-05 13:01:23.859339" end-time="2024-02-05 13:01:24.066902" duration="0.207563" asserts="0"><properties><property name="python-version" value="3.11.7 (main, Dec  4 2023, 18:10:11) [Clang 15.0.0 (clang-1500.1.0.2.5)]" /><property name="fspath" value="tests/tools/test_intersect.py" /></properties><environment framework-version="3.6.2" clr-version="3.11.7 (main, Dec  4 2023, 18:10:11) [Clang 15.0.0 (clang-1500.1.0.2.5)]" os-version="23.3.0" platform="Darwin" cwd="/Users/ruud.wijtvliet/python/portfolyo" machine-name="arm64" user="" user-domain="" culture="en-US" uiculture="en-US" os-architecture="64bit" /><failure><message><![CDATA[]]></message><stack-trace><![CDATA[None]]></stack-trace></failure><reason><message><![CDATA[]]></message></reason><output><![CDATA[]]></output></test-case><test-case id="116" name="tests/tools/test_intersect.py::test_intersect[startdates1-15T-2020-01-20-00:00-fr-Europe/Berlin]" fullname="tests/tools/test_intersect.py::test_intersect[startdates1-15T-2020-01-20-00:00-fr-Europe/Berlin]" methodname="test_intersect[startdates1-15T-2020-01-20-00:00-fr-Europe/Berlin]" classname="tests/tools/test_intersect.py" runstate="Runnable" seed="1" result="Passed" label="Test if intersection of indices gives correct result." start-time="2024-02-05 13:01:24.067515" end-time="2024-02-05 13:01:24.642438" duration="0.574923" asserts="0"><properties><property name="python-version" value="3.11.7 (main, Dec  4 2023, 18:10:11) [Clang 15.0.0 (clang-1500.1.0.2.5)]" /><property name="fspath" value="tests/tools/test_intersect.py" /></properties><environment framework-version="3.6.2" clr-version="3.11.7 (main, Dec  4 2023, 18:10:11) [Clang 15.0.0 (clang-1500.1.0.2.5)]" os-version="23.3.0" platform="Darwin" cwd="/Users/ruud.wijtvliet/python/portfolyo" machine-name="arm64" user="" user-domain="" culture="en-US" uiculture="en-US" os-architecture="64bit" /><failure><message><![CDATA[]]></message><stack-trace><![CDATA[None]]></stack-trace></failure><reason><message><![CDATA[]]></message></reason><output><![CDATA[]]></output></test-case><test-case id="117" name="tests/tools/test_intersect.py::test_intersect[startdates1-15T-2020-01-20-00:00-fr-Asia/Kolkata]" fullname="tests/tools/test_intersect.py::test_intersect[startdates1-15T-2020-01-20-00:00-fr-Asia/Kolkata]" methodname="test_intersect[startdates1-15T-2020-01-20-00:00-fr-Asia/Kolkata]" classname="tests/tools/test_intersect.py" runstate="Runnable" seed="1" result="Passed" label="Test if intersection of indices gives correct result." start-time="2024-02-05 13:01:24.643099" end-time="2024-02-05 13:01:25.201745" duration="0.558646" asserts="0"><properties><property name="python-version" value="3.11.7 (main, Dec  4 2023, 18:10:11) [Clang 15.0.0 (clang-1500.1.0.2.5)]" /><property name="fspath" value="tests/tools/test_intersect.py" /></properties><environment framework-version="3.6.2" clr-version="3.11.7 (main, Dec  4 2023, 18:10:11) [Clang 15.0.0 (clang-1500.1.0.2.5)]" os-version="23.3.0" platform="Darwin" cwd="/Users/ruud.wijtvliet/python/portfolyo" machine-name="arm64" user="" user-domain="" culture="en-US" uiculture="en-US" os-architecture="64bit" /><failure><message><![CDATA[]]></message><stack-trace><![CDATA[None]]></stack-trace></failure><reason><message><![CDATA[]]></message></reason><output><![CDATA[]]></output></test-case><test-case id="118" name="tests/tools/test_intersect.py::test_intersect[startdates1-15T-2020-01-20-06:00-idx-None]" fullname="tests/tools/test_intersect.py::test_intersect[startdates1-15T-2020-01-20-06:00-idx-None]" methodname="test_intersect[startdates1-15T-2020-01-20-06:00-idx-None]" classname="tests/tools/test_intersect.py" runstate="Runnable" seed="1" result="Passed" label="Test if intersection of indices gives correct result." start-time="2024-02-05 13:01:25.202533" end-time="2024-02-05 13:01:25.433522" duration="0.230989" asserts="0"><properties><property name="python-version" value="3.11.7 (main, Dec  4 2023, 18:10:11) [Clang 15.0.0 (clang-1500.1.0.2.5)]" /><property name="fspath" value="tests/tools/test_intersect.py" /></properties><environment framework-version="3.6.2" clr-version="3.11.7 (main, Dec  4 2023, 18:10:11) [Clang 15.0.0 (clang-1500.1.0.2.5)]" os-version="23.3.0" platform="Darwin" cwd="/Users/ruud.wijtvliet/python/portfolyo" machine-name="arm64" user="" user-domain="" culture="en-US" uiculture="en-US" os-architecture="64bit" /><failure><message><![CDATA[]]></message><stack-trace><![CDATA[None]]></stack-trace></failure><reason><message><![CDATA[]]></message></reason><output><![CDATA[]]></output></test-case><test-case id="119" name="tests/tools/test_intersect.py::test_intersect[startdates1-15T-2020-01-20-06:00-idx-Europe/Berlin]" fullname="tests/tools/test_intersect.py::test_intersect[startdates1-15T-2020-01-20-06:00-idx-Europe/Berlin]" methodname="test_intersect[startdates1-15T-2020-01-20-06:00-idx-Europe/Berlin]" classname="tests/tools/test_intersect.py" runstate="Runnable" seed="1" result="Passed" label="Test if intersection of indices gives correct result." start-time="2024-02-05 13:01:25.434194" end-time="2024-02-05 13:01:25.832136" duration="0.397942" asserts="0"><properties><property name="python-version" value="3.11.7 (main, Dec  4 2023, 18:10:11) [Clang 15.0.0 (clang-1500.1.0.2.5)]" /><property name="fspath" value="tests/tools/test_intersect.py" /></properties><environment framework-version="3.6.2" clr-version="3.11.7 (main, Dec  4 2023, 18:10:11) [Clang 15.0.0 (clang-1500.1.0.2.5)]" os-version="23.3.0" platform="Darwin" cwd="/Users/ruud.wijtvliet/python/portfolyo" machine-name="arm64" user="" user-domain="" culture="en-US" uiculture="en-US" os-architecture="64bit" /><failure><message><![CDATA[]]></message><stack-trace><![CDATA[None]]></stack-trace></failure><reason><message><![CDATA[]]></message></reason><output><![CDATA[]]></output></test-case><test-case id="120" name="tests/tools/test_intersect.py::test_intersect[startdates1-15T-2020-01-20-06:00-idx-Asia/Kolkata]" fullname="tests/tools/test_intersect.py::test_intersect[startdates1-15T-2020-01-20-06:00-idx-Asia/Kolkata]" methodname="test_intersect[startdates1-15T-2020-01-20-06:00-idx-Asia/Kolkata]" classname="tests/tools/test_intersect.py" runstate="Runnable" seed="1" result="Passed" label="Test if intersection of indices gives correct result." start-time="2024-02-05 13:01:25.832711" end-time="2024-02-05 13:01:26.183217" duration="0.350506" asserts="0"><properties><property name="python-version" value="3.11.7 (main, Dec  4 2023, 18:10:11) [Clang 15.0.0 (clang-1500.1.0.2.5)]" /><property name="fspath" value="tests/tools/test_intersect.py" /></properties><environment framework-version="3.6.2" clr-version="3.11.7 (main, Dec  4 2023, 18:10:11) [Clang 15.0.0 (clang-1500.1.0.2.5)]" os-version="23.3.0" platform="Darwin" cwd="/Users/ruud.wijtvliet/python/portfolyo" machine-name="arm64" user="" user-domain="" culture="en-US" uiculture="en-US" os-architecture="64bit" /><failure><message><![CDATA[]]></message><stack-trace><![CDATA[None]]></stack-trace></failure><reason><message><![CDATA[]]></message></reason><output><![CDATA[]]></output></test-case><test-case id="121" name="tests/tools/test_intersect.py::test_intersect[startdates1-15T-2020-01-20-06:00-fr-None]" fullname="tests/tools/test_intersect.py::test_intersect[startdates1-15T-2020-01-20-06:00-fr-None]" methodname="test_intersect[startdates1-15T-2020-01-20-06:00-fr-None]" classname="tests/tools/test_intersect.py" runstate="Runnable" seed="1" result="Passed" label="Test if intersection of indices gives correct result." start-time="2024-02-05 13:01:26.184039" end-time="2024-02-05 13:01:26.442516" duration="0.258477" asserts="0"><properties><property name="python-version" value="3.11.7 (main, Dec  4 2023, 18:10:11) [Clang 15.0.0 (clang-1500.1.0.2.5)]" /><property name="fspath" value="tests/tools/test_intersect.py" /></properties><environment framework-version="3.6.2" clr-version="3.11.7 (main, Dec  4 2023, 18:10:11) [Clang 15.0.0 (clang-1500.1.0.2.5)]" os-version="23.3.0" platform="Darwin" cwd="/Users/ruud.wijtvliet/python/portfolyo" machine-name="arm64" user="" user-domain="" culture="en-US" uiculture="en-US" os-architecture="64bit" /><failure><message><![CDATA[]]></message><stack-trace><![CDATA[None]]></stack-trace></failure><reason><message><![CDATA[]]></message></reason><output><![CDATA[]]></output></test-case><test-case id="122" name="tests/tools/test_intersect.py::test_intersect[startdates1-15T-2020-01-20-06:00-fr-Europe/Berlin]" fullname="tests/tools/test_intersect.py::test_intersect[startdates1-15T-2020-01-20-06:00-fr-Europe/Berlin]" methodname="test_intersect[startdates1-15T-2020-01-20-06:00-fr-Europe/Berlin]" classname="tests/tools/test_intersect.py" runstate="Runnable" seed="1" result="Passed" label="Test if intersection of indices gives correct result." start-time="2024-02-05 13:01:26.443103" end-time="2024-02-05 13:01:27.010301" duration="0.567198" asserts="0"><properties><property name="python-version" value="3.11.7 (main, Dec  4 2023, 18:10:11) [Clang 15.0.0 (clang-1500.1.0.2.5)]" /><property name="fspath" value="tests/tools/test_intersect.py" /></properties><environment framework-version="3.6.2" clr-version="3.11.7 (main, Dec  4 2023, 18:10:11) [Clang 15.0.0 (clang-1500.1.0.2.5)]" os-version="23.3.0" platform="Darwin" cwd="/Users/ruud.wijtvliet/python/portfolyo" machine-name="arm64" user="" user-domain="" culture="en-US" uiculture="en-US" os-architecture="64bit" /><failure><message><![CDATA[]]></message><stack-trace><![CDATA[None]]></stack-trace></failure><reason><message><![CDATA[]]></message></reason><output><![CDATA[]]></output></test-case><test-case id="123" name="tests/tools/test_intersect.py::test_intersect[startdates1-15T-2020-01-20-06:00-fr-Asia/Kolkata]" fullname="tests/tools/test_intersect.py::test_intersect[startdates1-15T-2020-01-20-06:00-fr-Asia/Kolkata]" methodname="test_intersect[startdates1-15T-2020-01-20-06:00-fr-Asia/Kolkata]" classname="tests/tools/test_intersect.py" runstate="Runnable" seed="1" result="Passed" label="Test if intersection of indices gives correct result." start-time="2024-02-05 13:01:27.010913" end-time="2024-02-05 13:01:27.558173" duration="0.54726" asserts="0"><properties><property name="python-version" value="3.11.7 (main, Dec  4 2023, 18:10:11) [Clang 15.0.0 (clang-1500.1.0.2.5)]" /><property name="fspath" value="tests/tools/test_intersect.py" /></properties><environment framework-version="3.6.2" clr-version="3.11.7 (main, Dec  4 2023, 18:10:11) [Clang 15.0.0 (clang-1500.1.0.2.5)]" os-version="23.3.0" platform="Darwin" cwd="/Users/ruud.wijtvliet/python/portfolyo" machine-name="arm64" user="" user-domain="" culture="en-US" uiculture="en-US" os-architecture="64bit" /><failure><message><![CDATA[]]></message><stack-trace><![CDATA[None]]></stack-trace></failure><reason><message><![CDATA[]]></message></reason><output><![CDATA[]]></output></test-case><test-case id="124" name="tests/tools/test_intersect.py::test_intersect[startdates2-H-2020-01-20-00:00-idx-None]" fullname="tests/tools/test_intersect.py::test_intersect[startdates2-H-2020-01-20-00:00-idx-None]" methodname="test_intersect[startdates2-H-2020-01-20-00:00-idx-None]" classname="tests/tools/test_intersect.py" runstate="Runnable" seed="1" result="Passed" label="Test if intersection of indices gives correct result." start-time="2024-02-05 13:01:27.558846" end-time="2024-02-05 13:01:27.597928" duration="0.039082" asserts="0"><properties><property name="python-version" value="3.11.7 (main, Dec  4 2023, 18:10:11) [Clang 15.0.0 (clang-1500.1.0.2.5)]" /><property name="fspath" value="tests/tools/test_intersect.py" /></properties><environment framework-version="3.6.2" clr-version="3.11.7 (main, Dec  4 2023, 18:10:11) [Clang 15.0.0 (clang-1500.1.0.2.5)]" os-version="23.3.0" platform="Darwin" cwd="/Users/ruud.wijtvliet/python/portfolyo" machine-name="arm64" user="" user-domain="" culture="en-US" uiculture="en-US" os-architecture="64bit" /><failure><message><![CDATA[]]></message><stack-trace><![CDATA[None]]></stack-trace></failure><reason><message><![CDATA[]]></message></reason><output><![CDATA[]]></output></test-case><test-case id="125" name="tests/tools/test_intersect.py::test_intersect[startdates2-H-2020-01-20-00:00-idx-Europe/Berlin]" fullname="tests/tools/test_intersect.py::test_intersect[startdates2-H-2020-01-20-00:00-idx-Europe/Berlin]" methodname="test_intersect[startdates2-H-2020-01-20-00:00-idx-Europe/Berlin]" classname="tests/tools/test_intersect.py" runstate="Runnable" seed="1" result="Passed" label="Test if intersection of indices gives correct result." start-time="2024-02-05 13:01:27.598459" end-time="2024-02-05 13:01:27.705574" duration="0.107115" asserts="0"><properties><property name="python-version" value="3.11.7 (main, Dec  4 2023, 18:10:11) [Clang 15.0.0 (clang-1500.1.0.2.5)]" /><property name="fspath" value="tests/tools/test_intersect.py" /></properties><environment framework-version="3.6.2" clr-version="3.11.7 (main, Dec  4 2023, 18:10:11) [Clang 15.0.0 (clang-1500.1.0.2.5)]" os-version="23.3.0" platform="Darwin" cwd="/Users/ruud.wijtvliet/python/portfolyo" machine-name="arm64" user="" user-domain="" culture="en-US" uiculture="en-US" os-architecture="64bit" /><failure><message><![CDATA[]]></message><stack-trace><![CDATA[None]]></stack-trace></failure><reason><message><![CDATA[]]></message></reason><output><![CDATA[]]></output></test-case><test-case id="126" name="tests/tools/test_intersect.py::test_intersect[startdates2-H-2020-01-20-00:00-idx-Asia/Kolkata]" fullname="tests/tools/test_intersect.py::test_intersect[startdates2-H-2020-01-20-00:00-idx-Asia/Kolkata]" methodname="test_intersect[startdates2-H-2020-01-20-00:00-idx-Asia/Kolkata]" classname="tests/tools/test_intersect.py" runstate="Runnable" seed="1" result="Passed" label="Test if intersection of indices gives correct result." start-time="2024-02-05 13:01:27.706331" end-time="2024-02-05 13:01:27.782242" duration="0.075911" asserts="0"><properties><property name="python-version" value="3.11.7 (main, Dec  4 2023, 18:10:11) [Clang 15.0.0 (clang-1500.1.0.2.5)]" /><property name="fspath" value="tests/tools/test_intersect.py" /></properties><environment framework-version="3.6.2" clr-version="3.11.7 (main, Dec  4 2023, 18:10:11) [Clang 15.0.0 (clang-1500.1.0.2.5)]" os-version="23.3.0" platform="Darwin" cwd="/Users/ruud.wijtvliet/python/portfolyo" machine-name="arm64" user="" user-domain="" culture="en-US" uiculture="en-US" os-architecture="64bit" /><failure><message><![CDATA[]]></message><stack-trace><![CDATA[None]]></stack-trace></failure><reason><message><![CDATA[]]></message></reason><output><![CDATA[]]></output></test-case><test-case id="127" name="tests/tools/test_intersect.py::test_intersect[startdates2-H-2020-01-20-00:00-fr-None]" fullname="tests/tools/test_intersect.py::test_intersect[startdates2-H-2020-01-20-00:00-fr-None]" methodname="test_intersect[startdates2-H-2020-01-20-00:00-fr-None]" classname="tests/tools/test_intersect.py" runstate="Runnable" seed="1" result="Passed" label="Test if intersection of indices gives correct result." start-time="2024-02-05 13:01:27.782910" end-time="2024-02-05 13:01:27.826795" duration="0.043885" asserts="0"><properties><property name="python-version" value="3.11.7 (main, Dec  4 2023, 18:10:11) [Clang 15.0.0 (clang-1500.1.0.2.5)]" /><property name="fspath" value="tests/tools/test_intersect.py" /></properties><environment framework-version="3.6.2" clr-version="3.11.7 (main, Dec  4 2023, 18:10:11) [Clang 15.0.0 (clang-1500.1.0.2.5)]" os-version="23.3.0" platform="Darwin" cwd="/Users/ruud.wijtvliet/python/portfolyo" machine-name="arm64" user="" user-domain="" culture="en-US" uiculture="en-US" os-architecture="64bit" /><failure><message><![CDATA[]]></message><stack-trace><![CDATA[None]]></stack-trace></failure><reason><message><![CDATA[]]></message></reason><output><![CDATA[]]></output></test-case><test-case id="128" name="tests/tools/test_intersect.py::test_intersect[startdates2-H-2020-01-20-00:00-fr-Europe/Berlin]" fullname="tests/tools/test_intersect.py::test_intersect[startdates2-H-2020-01-20-00:00-fr-Europe/Berlin]" methodname="test_intersect[startdates2-H-2020-01-20-00:00-fr-Europe/Berlin]" classname="tests/tools/test_intersect.py" runstate="Runnable" seed="1" result="Passed" label="Test if intersection of indices gives correct result." start-time="2024-02-05 13:01:27.827434" end-time="2024-02-05 13:01:27.971696" duration="0.144262" asserts="0"><properties><property name="python-version" value="3.11.7 (main, Dec  4 2023, 18:10:11) [Clang 15.0.0 (clang-1500.1.0.2.5)]" /><property name="fspath" value="tests/tools/test_intersect.py" /></properties><environment framework-version="3.6.2" clr-version="3.11.7 (main, Dec  4 2023, 18:10:11) [Clang 15.0.0 (clang-1500.1.0.2.5)]" os-version="23.3.0" platform="Darwin" cwd="/Users/ruud.wijtvliet/python/portfolyo" machine-name="arm64" user="" user-domain="" culture="en-US" uiculture="en-US" os-architecture="64bit" /><failure><message><![CDATA[]]></message><stack-trace><![CDATA[None]]></stack-trace></failure><reason><message><![CDATA[]]></message></reason><output><![CDATA[]]></output></test-case><test-case id="129" name="tests/tools/test_intersect.py::test_intersect[startdates2-H-2020-01-20-00:00-fr-Asia/Kolkata]" fullname="tests/tools/test_intersect.py::test_intersect[startdates2-H-2020-01-20-00:00-fr-Asia/Kolkata]" methodname="test_intersect[startdates2-H-2020-01-20-00:00-fr-Asia/Kolkata]" classname="tests/tools/test_intersect.py" runstate="Runnable" seed="1" result="Passed" label="Test if intersection of indices gives correct result." start-time="2024-02-05 13:01:27.972274" end-time="2024-02-05 13:01:28.113375" duration="0.141101" asserts="0"><properties><property name="python-version" value="3.11.7 (main, Dec  4 2023, 18:10:11) [Clang 15.0.0 (clang-1500.1.0.2.5)]" /><property name="fspath" value="tests/tools/test_intersect.py" /></properties><environment framework-version="3.6.2" clr-version="3.11.7 (main, Dec  4 2023, 18:10:11) [Clang 15.0.0 (clang-1500.1.0.2.5)]" os-version="23.3.0" platform="Darwin" cwd="/Users/ruud.wijtvliet/python/portfolyo" machine-name="arm64" user="" user-domain="" culture="en-US" uiculture="en-US" os-architecture="64bit" /><failure><message><![CDATA[]]></message><stack-trace><![CDATA[None]]></stack-trace></failure><reason><message><![CDATA[]]></message></reason><output><![CDATA[]]></output></test-case><test-case id="130" name="tests/tools/test_intersect.py::test_intersect[startdates2-H-2020-01-20-06:00-idx-None]" fullname="tests/tools/test_intersect.py::test_intersect[startdates2-H-2020-01-20-06:00-idx-None]" methodname="test_intersect[startdates2-H-2020-01-20-06:00-idx-None]" classname="tests/tools/test_intersect.py" runstate="Runnable" seed="1" result="Passed" label="Test if intersection of indices gives correct result." start-time="2024-02-05 13:01:28.114129" end-time="2024-02-05 13:01:28.155525" duration="0.041396" asserts="0"><properties><property name="python-version" value="3.11.7 (main, Dec  4 2023, 18:10:11) [Clang 15.0.0 (clang-1500.1.0.2.5)]" /><property name="fspath" value="tests/tools/test_intersect.py" /></properties><environment framework-version="3.6.2" clr-version="3.11.7 (main, Dec  4 2023, 18:10:11) [Clang 15.0.0 (clang-1500.1.0.2.5)]" os-version="23.3.0" platform="Darwin" cwd="/Users/ruud.wijtvliet/python/portfolyo" machine-name="arm64" user="" user-domain="" culture="en-US" uiculture="en-US" os-architecture="64bit" /><failure><message><![CDATA[]]></message><stack-trace><![CDATA[None]]></stack-trace></failure><reason><message><![CDATA[]]></message></reason><output><![CDATA[]]></output></test-case><test-case id="131" name="tests/tools/test_intersect.py::test_intersect[startdates2-H-2020-01-20-06:00-idx-Europe/Berlin]" fullname="tests/tools/test_intersect.py::test_intersect[startdates2-H-2020-01-20-06:00-idx-Europe/Berlin]" methodname="test_intersect[startdates2-H-2020-01-20-06:00-idx-Europe/Berlin]" classname="tests/tools/test_intersect.py" runstate="Runnable" seed="1" result="Passed" label="Test if intersection of indices gives correct result." start-time="2024-02-05 13:01:28.156122" end-time="2024-02-05 13:01:28.262383" duration="0.106261" asserts="0"><properties><property name="python-version" value="3.11.7 (main, Dec  4 2023, 18:10:11) [Clang 15.0.0 (clang-1500.1.0.2.5)]" /><property name="fspath" value="tests/tools/test_intersect.py" /></properties><environment framework-version="3.6.2" clr-version="3.11.7 (main, Dec  4 2023, 18:10:11) [Clang 15.0.0 (clang-1500.1.0.2.5)]" os-version="23.3.0" platform="Darwin" cwd="/Users/ruud.wijtvliet/python/portfolyo" machine-name="arm64" user="" user-domain="" culture="en-US" uiculture="en-US" os-architecture="64bit" /><failure><message><![CDATA[]]></message><stack-trace><![CDATA[None]]></stack-trace></failure><reason><message><![CDATA[]]></message></reason><output><![CDATA[]]></output></test-case><test-case id="132" name="tests/tools/test_intersect.py::test_intersect[startdates2-H-2020-01-20-06:00-idx-Asia/Kolkata]" fullname="tests/tools/test_intersect.py::test_intersect[startdates2-H-2020-01-20-06:00-idx-Asia/Kolkata]" methodname="test_intersect[startdates2-H-2020-01-20-06:00-idx-Asia/Kolkata]" classname="tests/tools/test_intersect.py" runstate="Runnable" seed="1" result="Passed" label="Test if intersection of indices gives correct result." start-time="2024-02-05 13:01:28.263025" end-time="2024-02-05 13:01:28.337673" duration="0.074648" asserts="0"><properties><property name="python-version" value="3.11.7 (main, Dec  4 2023, 18:10:11) [Clang 15.0.0 (clang-1500.1.0.2.5)]" /><property name="fspath" value="tests/tools/test_intersect.py" /></properties><environment framework-version="3.6.2" clr-version="3.11.7 (main, Dec  4 2023, 18:10:11) [Clang 15.0.0 (clang-1500.1.0.2.5)]" os-version="23.3.0" platform="Darwin" cwd="/Users/ruud.wijtvliet/python/portfolyo" machine-name="arm64" user="" user-domain="" culture="en-US" uiculture="en-US" os-architecture="64bit" /><failure><message><![CDATA[]]></message><stack-trace><![CDATA[None]]></stack-trace></failure><reason><message><![CDATA[]]></message></reason><output><![CDATA[]]></output></test-case><test-case id="133" name="tests/tools/test_intersect.py::test_intersect[startdates2-H-2020-01-20-06:00-fr-None]" fullname="tests/tools/test_intersect.py::test_intersect[startdates2-H-2020-01-20-06:00-fr-None]" methodname="test_intersect[startdates2-H-2020-01-20-06:00-fr-None]" classname="tests/tools/test_intersect.py" runstate="Runnable" seed="1" result="Passed" label="Test if intersection of indices gives correct result." start-time="2024-02-05 13:01:28.338320" end-time="2024-02-05 13:01:28.383682" duration="0.045362" asserts="0"><properties><property name="python-version" value="3.11.7 (main, Dec  4 2023, 18:10:11) [Clang 15.0.0 (clang-1500.1.0.2.5)]" /><property name="fspath" value="tests/tools/test_intersect.py" /></properties><environment framework-version="3.6.2" clr-version="3.11.7 (main, Dec  4 2023, 18:10:11) [Clang 15.0.0 (clang-1500.1.0.2.5)]" os-version="23.3.0" platform="Darwin" cwd="/Users/ruud.wijtvliet/python/portfolyo" machine-name="arm64" user="" user-domain="" culture="en-US" uiculture="en-US" os-architecture="64bit" /><failure><message><![CDATA[]]></message><stack-trace><![CDATA[None]]></stack-trace></failure><reason><message><![CDATA[]]></message></reason><output><![CDATA[]]></output></test-case><test-case id="134" name="tests/tools/test_intersect.py::test_intersect[startdates2-H-2020-01-20-06:00-fr-Europe/Berlin]" fullname="tests/tools/test_intersect.py::test_intersect[startdates2-H-2020-01-20-06:00-fr-Europe/Berlin]" methodname="test_intersect[startdates2-H-2020-01-20-06:00-fr-Europe/Berlin]" classname="tests/tools/test_intersect.py" runstate="Runnable" seed="1" result="Passed" label="Test if intersection of indices gives correct result." start-time="2024-02-05 13:01:28.384355" end-time="2024-02-05 13:01:28.528944" duration="0.144589" asserts="0"><properties><property name="python-version" value="3.11.7 (main, Dec  4 2023, 18:10:11) [Clang 15.0.0 (clang-1500.1.0.2.5)]" /><property name="fspath" value="tests/tools/test_intersect.py" /></properties><environment framework-version="3.6.2" clr-version="3.11.7 (main, Dec  4 2023, 18:10:11) [Clang 15.0.0 (clang-1500.1.0.2.5)]" os-version="23.3.0" platform="Darwin" cwd="/Users/ruud.wijtvliet/python/portfolyo" machine-name="arm64" user="" user-domain="" culture="en-US" uiculture="en-US" os-architecture="64bit" /><failure><message><![CDATA[]]></message><stack-trace><![CDATA[None]]></stack-trace></failure><reason><message><![CDATA[]]></message></reason><output><![CDATA[]]></output></test-case><test-case id="135" name="tests/tools/test_intersect.py::test_intersect[startdates2-H-2020-01-20-06:00-fr-Asia/Kolkata]" fullname="tests/tools/test_intersect.py::test_intersect[startdates2-H-2020-01-20-06:00-fr-Asia/Kolkata]" methodname="test_intersect[startdates2-H-2020-01-20-06:00-fr-Asia/Kolkata]" classname="tests/tools/test_intersect.py" runstate="Runnable" seed="1" result="Passed" label="Test if intersection of indices gives correct result." start-time="2024-02-05 13:01:28.529780" end-time="2024-02-05 13:01:28.666095" duration="0.136315" asserts="0"><properties><property name="python-version" value="3.11.7 (main, Dec  4 2023, 18:10:11) [Clang 15.0.0 (clang-1500.1.0.2.5)]" /><property name="fspath" value="tests/tools/test_intersect.py" /></properties><environment framework-version="3.6.2" clr-version="3.11.7 (main, Dec  4 2023, 18:10:11) [Clang 15.0.0 (clang-1500.1.0.2.5)]" os-version="23.3.0" platform="Darwin" cwd="/Users/ruud.wijtvliet/python/portfolyo" machine-name="arm64" user="" user-domain="" culture="en-US" uiculture="en-US" os-architecture="64bit" /><failure><message><![CDATA[]]></message><stack-trace><![CDATA[None]]></stack-trace></failure><reason><message><![CDATA[]]></message></reason><output><![CDATA[]]></output></test-case><test-case id="136" name="tests/tools/test_intersect.py::test_intersect[startdates3-H-2020-01-20-00:00-idx-None]" fullname="tests/tools/test_intersect.py::test_intersect[startdates3-H-2020-01-20-00:00-idx-None]" methodname="test_intersect[startdates3-H-2020-01-20-00:00-idx-None]" classname="tests/tools/test_intersect.py" runstate="Runnable" seed="1" result="Passed" label="Test if intersection of indices gives correct result." start-time="2024-02-05 13:01:28.666735" end-time="2024-02-05 13:01:28.706242" duration="0.039507" asserts="0"><properties><property name="python-version" value="3.11.7 (main, Dec  4 2023, 18:10:11) [Clang 15.0.0 (clang-1500.1.0.2.5)]" /><property name="fspath" value="tests/tools/test_intersect.py" /></properties><environment framework-version="3.6.2" clr-version="3.11.7 (main, Dec  4 2023, 18:10:11) [Clang 15.0.0 (clang-1500.1.0.2.5)]" os-version="23.3.0" platform="Darwin" cwd="/Users/ruud.wijtvliet/python/portfolyo" machine-name="arm64" user="" user-domain="" culture="en-US" uiculture="en-US" os-architecture="64bit" /><failure><message><![CDATA[]]></message><stack-trace><![CDATA[None]]></stack-trace></failure><reason><message><![CDATA[]]></message></reason><output><![CDATA[]]></output></test-case><test-case id="137" name="tests/tools/test_intersect.py::test_intersect[startdates3-H-2020-01-20-00:00-idx-Europe/Berlin]" fullname="tests/tools/test_intersect.py::test_intersect[startdates3-H-2020-01-20-00:00-idx-Europe/Berlin]" methodname="test_intersect[startdates3-H-2020-01-20-00:00-idx-Europe/Berlin]" classname="tests/tools/test_intersect.py" runstate="Runnable" seed="1" result="Passed" label="Test if intersection of indices gives correct result." start-time="2024-02-05 13:01:28.706879" end-time="2024-02-05 13:01:28.808493" duration="0.101614" asserts="0"><properties><property name="python-version" value="3.11.7 (main, Dec  4 2023, 18:10:11) [Clang 15.0.0 (clang-1500.1.0.2.5)]" /><property name="fspath" value="tests/tools/test_intersect.py" /></properties><environment framework-version="3.6.2" clr-version="3.11.7 (main, Dec  4 2023, 18:10:11) [Clang 15.0.0 (clang-1500.1.0.2.5)]" os-version="23.3.0" platform="Darwin" cwd="/Users/ruud.wijtvliet/python/portfolyo" machine-name="arm64" user="" user-domain="" culture="en-US" uiculture="en-US" os-architecture="64bit" /><failure><message><![CDATA[]]></message><stack-trace><![CDATA[None]]></stack-trace></failure><reason><message><![CDATA[]]></message></reason><output><![CDATA[]]></output></test-case><test-case id="138" name="tests/tools/test_intersect.py::test_intersect[startdates3-H-2020-01-20-00:00-idx-Asia/Kolkata]" fullname="tests/tools/test_intersect.py::test_intersect[startdates3-H-2020-01-20-00:00-idx-Asia/Kolkata]" methodname="test_intersect[startdates3-H-2020-01-20-00:00-idx-Asia/Kolkata]" classname="tests/tools/test_intersect.py" runstate="Runnable" seed="1" result="Passed" label="Test if intersection of indices gives correct result." start-time="2024-02-05 13:01:28.809034" end-time="2024-02-05 13:01:28.885407" duration="0.076373" asserts="0"><properties><property name="python-version" value="3.11.7 (main, Dec  4 2023, 18:10:11) [Clang 15.0.0 (clang-1500.1.0.2.5)]" /><property name="fspath" value="tests/tools/test_intersect.py" /></properties><environment framework-version="3.6.2" clr-version="3.11.7 (main, Dec  4 2023, 18:10:11) [Clang 15.0.0 (clang-1500.1.0.2.5)]" os-version="23.3.0" platform="Darwin" cwd="/Users/ruud.wijtvliet/python/portfolyo" machine-name="arm64" user="" user-domain="" culture="en-US" uiculture="en-US" os-architecture="64bit" /><failure><message><![CDATA[]]></message><stack-trace><![CDATA[None]]></stack-trace></failure><reason><message><![CDATA[]]></message></reason><output><![CDATA[]]></output></test-case><test-case id="139" name="tests/tools/test_intersect.py::test_intersect[startdates3-H-2020-01-20-00:00-fr-None]" fullname="tests/tools/test_intersect.py::test_intersect[startdates3-H-2020-01-20-00:00-fr-None]" methodname="test_intersect[startdates3-H-2020-01-20-00:00-fr-None]" classname="tests/tools/test_intersect.py" runstate="Runnable" seed="1" result="Passed" label="Test if intersection of indices gives correct result." start-time="2024-02-05 13:01:28.886077" end-time="2024-02-05 13:01:28.930695" duration="0.044618" asserts="0"><properties><property name="python-version" value="3.11.7 (main, Dec  4 2023, 18:10:11) [Clang 15.0.0 (clang-1500.1.0.2.5)]" /><property name="fspath" value="tests/tools/test_intersect.py" /></properties><environment framework-version="3.6.2" clr-version="3.11.7 (main, Dec  4 2023, 18:10:11) [Clang 15.0.0 (clang-1500.1.0.2.5)]" os-version="23.3.0" platform="Darwin" cwd="/Users/ruud.wijtvliet/python/portfolyo" machine-name="arm64" user="" user-domain="" culture="en-US" uiculture="en-US" os-architecture="64bit" /><failure><message><![CDATA[]]></message><stack-trace><![CDATA[None]]></stack-trace></failure><reason><message><![CDATA[]]></message></reason><output><![CDATA[]]></output></test-case><test-case id="140" name="tests/tools/test_intersect.py::test_intersect[startdates3-H-2020-01-20-00:00-fr-Europe/Berlin]" fullname="tests/tools/test_intersect.py::test_intersect[startdates3-H-2020-01-20-00:00-fr-Europe/Berlin]" methodname="test_intersect[startdates3-H-2020-01-20-00:00-fr-Europe/Berlin]" classname="tests/tools/test_intersect.py" runstate="Runnable" seed="1" result="Passed" label="Test if intersection of indices gives correct result." start-time="2024-02-05 13:01:28.931516" end-time="2024-02-05 13:01:29.074673" duration="0.143157" asserts="0"><properties><property name="python-version" value="3.11.7 (main, Dec  4 2023, 18:10:11) [Clang 15.0.0 (clang-1500.1.0.2.5)]" /><property name="fspath" value="tests/tools/test_intersect.py" /></properties><environment framework-version="3.6.2" clr-version="3.11.7 (main, Dec  4 2023, 18:10:11) [Clang 15.0.0 (clang-1500.1.0.2.5)]" os-version="23.3.0" platform="Darwin" cwd="/Users/ruud.wijtvliet/python/portfolyo" machine-name="arm64" user="" user-domain="" culture="en-US" uiculture="en-US" os-architecture="64bit" /><failure><message><![CDATA[]]></message><stack-trace><![CDATA[None]]></stack-trace></failure><reason><message><![CDATA[]]></message></reason><output><![CDATA[]]></output></test-case><test-case id="141" name="tests/tools/test_intersect.py::test_intersect[startdates3-H-2020-01-20-00:00-fr-Asia/Kolkata]" fullname="tests/tools/test_intersect.py::test_intersect[startdates3-H-2020-01-20-00:00-fr-Asia/Kolkata]" methodname="test_intersect[startdates3-H-2020-01-20-00:00-fr-Asia/Kolkata]" classname="tests/tools/test_intersect.py" runstate="Runnable" seed="1" result="Passed" label="Test if intersection of indices gives correct result." start-time="2024-02-05 13:01:29.075299" end-time="2024-02-05 13:01:29.217543" duration="0.142244" asserts="0"><properties><property name="python-version" value="3.11.7 (main, Dec  4 2023, 18:10:11) [Clang 15.0.0 (clang-1500.1.0.2.5)]" /><property name="fspath" value="tests/tools/test_intersect.py" /></properties><environment framework-version="3.6.2" clr-version="3.11.7 (main, Dec  4 2023, 18:10:11) [Clang 15.0.0 (clang-1500.1.0.2.5)]" os-version="23.3.0" platform="Darwin" cwd="/Users/ruud.wijtvliet/python/portfolyo" machine-name="arm64" user="" user-domain="" culture="en-US" uiculture="en-US" os-architecture="64bit" /><failure><message><![CDATA[]]></message><stack-trace><![CDATA[None]]></stack-trace></failure><reason><message><![CDATA[]]></message></reason><output><![CDATA[]]></output></test-case><test-case id="142" name="tests/tools/test_intersect.py::test_intersect[startdates3-H-2020-01-20-06:00-idx-None]" fullname="tests/tools/test_intersect.py::test_intersect[startdates3-H-2020-01-20-06:00-idx-None]" methodname="test_intersect[startdates3-H-2020-01-20-06:00-idx-None]" classname="tests/tools/test_intersect.py" runstate="Runnable" seed="1" result="Passed" label="Test if intersection of indices gives correct result." start-time="2024-02-05 13:01:29.218241" end-time="2024-02-05 13:01:29.257779" duration="0.039538" asserts="0"><properties><property name="python-version" value="3.11.7 (main, Dec  4 2023, 18:10:11) [Clang 15.0.0 (clang-1500.1.0.2.5)]" /><property name="fspath" value="tests/tools/test_intersect.py" /></properties><environment framework-version="3.6.2" clr-version="3.11.7 (main, Dec  4 2023, 18:10:11) [Clang 15.0.0 (clang-1500.1.0.2.5)]" os-version="23.3.0" platform="Darwin" cwd="/Users/ruud.wijtvliet/python/portfolyo" machine-name="arm64" user="" user-domain="" culture="en-US" uiculture="en-US" os-architecture="64bit" /><failure><message><![CDATA[]]></message><stack-trace><![CDATA[None]]></stack-trace></failure><reason><message><![CDATA[]]></message></reason><output><![CDATA[]]></output></test-case><test-case id="143" name="tests/tools/test_intersect.py::test_intersect[startdates3-H-2020-01-20-06:00-idx-Europe/Berlin]" fullname="tests/tools/test_intersect.py::test_intersect[startdates3-H-2020-01-20-06:00-idx-Europe/Berlin]" methodname="test_intersect[startdates3-H-2020-01-20-06:00-idx-Europe/Berlin]" classname="tests/tools/test_intersect.py" runstate="Runnable" seed="1" result="Passed" label="Test if intersection of indices gives correct result." start-time="2024-02-05 13:01:29.258390" end-time="2024-02-05 13:01:29.362110" duration="0.10372" asserts="0"><properties><property name="python-version" value="3.11.7 (main, Dec  4 2023, 18:10:11) [Clang 15.0.0 (clang-1500.1.0.2.5)]" /><property name="fspath" value="tests/tools/test_intersect.py" /></properties><environment framework-version="3.6.2" clr-version="3.11.7 (main, Dec  4 2023, 18:10:11) [Clang 15.0.0 (clang-1500.1.0.2.5)]" os-version="23.3.0" platform="Darwin" cwd="/Users/ruud.wijtvliet/python/portfolyo" machine-name="arm64" user="" user-domain="" culture="en-US" uiculture="en-US" os-architecture="64bit" /><failure><message><![CDATA[]]></message><stack-trace><![CDATA[None]]></stack-trace></failure><reason><message><![CDATA[]]></message></reason><output><![CDATA[]]></output></test-case><test-case id="144" name="tests/tools/test_intersect.py::test_intersect[startdates3-H-2020-01-20-06:00-idx-Asia/Kolkata]" fullname="tests/tools/test_intersect.py::test_intersect[startdates3-H-2020-01-20-06:00-idx-Asia/Kolkata]" methodname="test_intersect[startdates3-H-2020-01-20-06:00-idx-Asia/Kolkata]" classname="tests/tools/test_intersect.py" runstate="Runnable" seed="1" result="Passed" label="Test if intersection of indices gives correct result." start-time="2024-02-05 13:01:29.362777" end-time="2024-02-05 13:01:29.439227" duration="0.07645" asserts="0"><properties><property name="python-version" value="3.11.7 (main, Dec  4 2023, 18:10:11) [Clang 15.0.0 (clang-1500.1.0.2.5)]" /><property name="fspath" value="tests/tools/test_intersect.py" /></properties><environment framework-version="3.6.2" clr-version="3.11.7 (main, Dec  4 2023, 18:10:11) [Clang 15.0.0 (clang-1500.1.0.2.5)]" os-version="23.3.0" platform="Darwin" cwd="/Users/ruud.wijtvliet/python/portfolyo" machine-name="arm64" user="" user-domain="" culture="en-US" uiculture="en-US" os-architecture="64bit" /><failure><message><![CDATA[]]></message><stack-trace><![CDATA[None]]></stack-trace></failure><reason><message><![CDATA[]]></message></reason><output><![CDATA[]]></output></test-case><test-case id="145" name="tests/tools/test_intersect.py::test_intersect[startdates3-H-2020-01-20-06:00-fr-None]" fullname="tests/tools/test_intersect.py::test_intersect[startdates3-H-2020-01-20-06:00-fr-None]" methodname="test_intersect[startdates3-H-2020-01-20-06:00-fr-None]" classname="tests/tools/test_intersect.py" runstate="Runnable" seed="1" result="Passed" label="Test if intersection of indices gives correct result." start-time="2024-02-05 13:01:29.439904" end-time="2024-02-05 13:01:29.483993" duration="0.044089" asserts="0"><properties><property name="python-version" value="3.11.7 (main, Dec  4 2023, 18:10:11) [Clang 15.0.0 (clang-1500.1.0.2.5)]" /><property name="fspath" value="tests/tools/test_intersect.py" /></properties><environment framework-version="3.6.2" clr-version="3.11.7 (main, Dec  4 2023, 18:10:11) [Clang 15.0.0 (clang-1500.1.0.2.5)]" os-version="23.3.0" platform="Darwin" cwd="/Users/ruud.wijtvliet/python/portfolyo" machine-name="arm64" user="" user-domain="" culture="en-US" uiculture="en-US" os-architecture="64bit" /><failure><message><![CDATA[]]></message><stack-trace><![CDATA[None]]></stack-trace></failure><reason><message><![CDATA[]]></message></reason><output><![CDATA[]]></output></test-case><test-case id="146" name="tests/tools/test_intersect.py::test_intersect[startdates3-H-2020-01-20-06:00-fr-Europe/Berlin]" fullname="tests/tools/test_intersect.py::test_intersect[startdates3-H-2020-01-20-06:00-fr-Europe/Berlin]" methodname="test_intersect[startdates3-H-2020-01-20-06:00-fr-Europe/Berlin]" classname="tests/tools/test_intersect.py" runstate="Runnable" seed="1" result="Passed" label="Test if intersection of indices gives correct result." start-time="2024-02-05 13:01:29.484636" end-time="2024-02-05 13:01:29.626707" duration="0.142071" asserts="0"><properties><property name="python-version" value="3.11.7 (main, Dec  4 2023, 18:10:11) [Clang 15.0.0 (clang-1500.1.0.2.5)]" /><property name="fspath" value="tests/tools/test_intersect.py" /></properties><environment framework-version="3.6.2" clr-version="3.11.7 (main, Dec  4 2023, 18:10:11) [Clang 15.0.0 (clang-1500.1.0.2.5)]" os-version="23.3.0" platform="Darwin" cwd="/Users/ruud.wijtvliet/python/portfolyo" machine-name="arm64" user="" user-domain="" culture="en-US" uiculture="en-US" os-architecture="64bit" /><failure><message><![CDATA[]]></message><stack-trace><![CDATA[None]]></stack-trace></failure><reason><message><![CDATA[]]></message></reason><output><![CDATA[]]></output></test-case><test-case id="147" name="tests/tools/test_intersect.py::test_intersect[startdates3-H-2020-01-20-06:00-fr-Asia/Kolkata]" fullname="tests/tools/test_intersect.py::test_intersect[startdates3-H-2020-01-20-06:00-fr-Asia/Kolkata]" methodname="test_intersect[startdates3-H-2020-01-20-06:00-fr-Asia/Kolkata]" classname="tests/tools/test_intersect.py" runstate="Runnable" seed="1" result="Passed" label="Test if intersection of indices gives correct result." start-time="2024-02-05 13:01:29.627550" end-time="2024-02-05 13:01:29.772383" duration="0.144833" asserts="0"><properties><property name="python-version" value="3.11.7 (main, Dec  4 2023, 18:10:11) [Clang 15.0.0 (clang-1500.1.0.2.5)]" /><property name="fspath" value="tests/tools/test_intersect.py" /></properties><environment framework-version="3.6.2" clr-version="3.11.7 (main, Dec  4 2023, 18:10:11) [Clang 15.0.0 (clang-1500.1.0.2.5)]" os-version="23.3.0" platform="Darwin" cwd="/Users/ruud.wijtvliet/python/portfolyo" machine-name="arm64" user="" user-domain="" culture="en-US" uiculture="en-US" os-architecture="64bit" /><failure><message><![CDATA[]]></message><stack-trace><![CDATA[None]]></stack-trace></failure><reason><message><![CDATA[]]></message></reason><output><![CDATA[]]></output></test-case><test-case id="148" name="tests/tools/test_intersect.py::test_intersect[startdates4-D-2020-01-20-00:00-idx-None]" fullname="tests/tools/test_intersect.py::test_intersect[startdates4-D-2020-01-20-00:00-idx-None]" methodname="test_intersect[startdates4-D-2020-01-20-00:00-idx-None]" classname="tests/tools/test_intersect.py" runstate="Runnable" seed="1" result="Passed" label="Test if intersection of indices gives correct result." start-time="2024-02-05 13:01:29.773026" end-time="2024-02-05 13:01:29.775897" duration="0.002871" asserts="0"><properties><property name="python-version" value="3.11.7 (main, Dec  4 2023, 18:10:11) [Clang 15.0.0 (clang-1500.1.0.2.5)]" /><property name="fspath" value="tests/tools/test_intersect.py" /></properties><environment framework-version="3.6.2" clr-version="3.11.7 (main, Dec  4 2023, 18:10:11) [Clang 15.0.0 (clang-1500.1.0.2.5)]" os-version="23.3.0" platform="Darwin" cwd="/Users/ruud.wijtvliet/python/portfolyo" machine-name="arm64" user="" user-domain="" culture="en-US" uiculture="en-US" os-architecture="64bit" /><failure><message><![CDATA[]]></message><stack-trace><![CDATA[None]]></stack-trace></failure><reason><message><![CDATA[]]></message></reason><output><![CDATA[]]></output></test-case><test-case id="149" name="tests/tools/test_intersect.py::test_intersect[startdates4-D-2020-01-20-00:00-idx-Europe/Berlin]" fullname="tests/tools/test_intersect.py::test_intersect[startdates4-D-2020-01-20-00:00-idx-Europe/Berlin]" methodname="test_intersect[startdates4-D-2020-01-20-00:00-idx-Europe/Berlin]" classname="tests/tools/test_intersect.py" runstate="Runnable" seed="1" result="Passed" label="Test if intersection of indices gives correct result." start-time="2024-02-05 13:01:29.776465" end-time="2024-02-05 13:01:29.780789" duration="0.004324" asserts="0"><properties><property name="python-version" value="3.11.7 (main, Dec  4 2023, 18:10:11) [Clang 15.0.0 (clang-1500.1.0.2.5)]" /><property name="fspath" value="tests/tools/test_intersect.py" /></properties><environment framework-version="3.6.2" clr-version="3.11.7 (main, Dec  4 2023, 18:10:11) [Clang 15.0.0 (clang-1500.1.0.2.5)]" os-version="23.3.0" platform="Darwin" cwd="/Users/ruud.wijtvliet/python/portfolyo" machine-name="arm64" user="" user-domain="" culture="en-US" uiculture="en-US" os-architecture="64bit" /><failure><message><![CDATA[]]></message><stack-trace><![CDATA[None]]></stack-trace></failure><reason><message><![CDATA[]]></message></reason><output><![CDATA[]]></output></test-case><test-case id="150" name="tests/tools/test_intersect.py::test_intersect[startdates4-D-2020-01-20-00:00-idx-Asia/Kolkata]" fullname="tests/tools/test_intersect.py::test_intersect[startdates4-D-2020-01-20-00:00-idx-Asia/Kolkata]" methodname="test_intersect[startdates4-D-2020-01-20-00:00-idx-Asia/Kolkata]" classname="tests/tools/test_intersect.py" runstate="Runnable" seed="1" result="Passed" label="Test if intersection of indices gives correct result." start-time="2024-02-05 13:01:29.781266" end-time="2024-02-05 13:01:29.785646" duration="0.00438" asserts="0"><properties><property name="python-version" value="3.11.7 (main, Dec  4 2023, 18:10:11) [Clang 15.0.0 (clang-1500.1.0.2.5)]" /><property name="fspath" value="tests/tools/test_intersect.py" /></properties><environment framework-version="3.6.2" clr-version="3.11.7 (main, Dec  4 2023, 18:10:11) [Clang 15.0.0 (clang-1500.1.0.2.5)]" os-version="23.3.0" platform="Darwin" cwd="/Users/ruud.wijtvliet/python/portfolyo" machine-name="arm64" user="" user-domain="" culture="en-US" uiculture="en-US" os-architecture="64bit" /><failure><message><![CDATA[]]></message><stack-trace><![CDATA[None]]></stack-trace></failure><reason><message><![CDATA[]]></message></reason><output><![CDATA[]]></output></test-case><test-case id="151" name="tests/tools/test_intersect.py::test_intersect[startdates4-D-2020-01-20-00:00-fr-None]" fullname="tests/tools/test_intersect.py::test_intersect[startdates4-D-2020-01-20-00:00-fr-None]" methodname="test_intersect[startdates4-D-2020-01-20-00:00-fr-None]" classname="tests/tools/test_intersect.py" runstate="Runnable" seed="1" result="Passed" label="Test if intersection of indices gives correct result." start-time="2024-02-05 13:01:29.786189" end-time="2024-02-05 13:01:29.790454" duration="0.004265" asserts="0"><properties><property name="python-version" value="3.11.7 (main, Dec  4 2023, 18:10:11) [Clang 15.0.0 (clang-1500.1.0.2.5)]" /><property name="fspath" value="tests/tools/test_intersect.py" /></properties><environment framework-version="3.6.2" clr-version="3.11.7 (main, Dec  4 2023, 18:10:11) [Clang 15.0.0 (clang-1500.1.0.2.5)]" os-version="23.3.0" platform="Darwin" cwd="/Users/ruud.wijtvliet/python/portfolyo" machine-name="arm64" user="" user-domain="" culture="en-US" uiculture="en-US" os-architecture="64bit" /><failure><message><![CDATA[]]></message><stack-trace><![CDATA[None]]></stack-trace></failure><reason><message><![CDATA[]]></message></reason><output><![CDATA[]]></output></test-case><test-case id="152" name="tests/tools/test_intersect.py::test_intersect[startdates4-D-2020-01-20-00:00-fr-Europe/Berlin]" fullname="tests/tools/test_intersect.py::test_intersect[startdates4-D-2020-01-20-00:00-fr-Europe/Berlin]" methodname="test_intersect[startdates4-D-2020-01-20-00:00-fr-Europe/Berlin]" classname="tests/tools/test_intersect.py" runstate="Runnable" seed="1" result="Passed" label="Test if intersection of indices gives correct result." start-time="2024-02-05 13:01:29.790940" end-time="2024-02-05 13:01:29.799067" duration="0.008127" asserts="0"><properties><property name="python-version" value="3.11.7 (main, Dec  4 2023, 18:10:11) [Clang 15.0.0 (clang-1500.1.0.2.5)]" /><property name="fspath" value="tests/tools/test_intersect.py" /></properties><environment framework-version="3.6.2" clr-version="3.11.7 (main, Dec  4 2023, 18:10:11) [Clang 15.0.0 (clang-1500.1.0.2.5)]" os-version="23.3.0" platform="Darwin" cwd="/Users/ruud.wijtvliet/python/portfolyo" machine-name="arm64" user="" user-domain="" culture="en-US" uiculture="en-US" os-architecture="64bit" /><failure><message><![CDATA[]]></message><stack-trace><![CDATA[None]]></stack-trace></failure><reason><message><![CDATA[]]></message></reason><output><![CDATA[]]></output></test-case><test-case id="153" name="tests/tools/test_intersect.py::test_intersect[startdates4-D-2020-01-20-00:00-fr-Asia/Kolkata]" fullname="tests/tools/test_intersect.py::test_intersect[startdates4-D-2020-01-20-00:00-fr-Asia/Kolkata]" methodname="test_intersect[startdates4-D-2020-01-20-00:00-fr-Asia/Kolkata]" classname="tests/tools/test_intersect.py" runstate="Runnable" seed="1" result="Passed" label="Test if intersection of indices gives correct result." start-time="2024-02-05 13:01:29.799547" end-time="2024-02-05 13:01:29.807039" duration="0.007492" asserts="0"><properties><property name="python-version" value="3.11.7 (main, Dec  4 2023, 18:10:11) [Clang 15.0.0 (clang-1500.1.0.2.5)]" /><property name="fspath" value="tests/tools/test_intersect.py" /></properties><environment framework-version="3.6.2" clr-version="3.11.7 (main, Dec  4 2023, 18:10:11) [Clang 15.0.0 (clang-1500.1.0.2.5)]" os-version="23.3.0" platform="Darwin" cwd="/Users/ruud.wijtvliet/python/portfolyo" machine-name="arm64" user="" user-domain="" culture="en-US" uiculture="en-US" os-architecture="64bit" /><failure><message><![CDATA[]]></message><stack-trace><![CDATA[None]]></stack-trace></failure><reason><message><![CDATA[]]></message></reason><output><![CDATA[]]></output></test-case><test-case id="154" name="tests/tools/test_intersect.py::test_intersect[startdates4-D-2020-01-20-06:00-idx-None]" fullname="tests/tools/test_intersect.py::test_intersect[startdates4-D-2020-01-20-06:00-idx-None]" methodname="test_intersect[startdates4-D-2020-01-20-06:00-idx-None]" classname="tests/tools/test_intersect.py" runstate="Runnable" seed="1" result="Passed" label="Test if intersection of indices gives correct result." start-time="2024-02-05 13:01:29.807675" end-time="2024-02-05 13:01:29.809993" duration="0.002318" asserts="0"><properties><property name="python-version" value="3.11.7 (main, Dec  4 2023, 18:10:11) [Clang 15.0.0 (clang-1500.1.0.2.5)]" /><property name="fspath" value="tests/tools/test_intersect.py" /></properties><environment framework-version="3.6.2" clr-version="3.11.7 (main, Dec  4 2023, 18:10:11) [Clang 15.0.0 (clang-1500.1.0.2.5)]" os-version="23.3.0" platform="Darwin" cwd="/Users/ruud.wijtvliet/python/portfolyo" machine-name="arm64" user="" user-domain="" culture="en-US" uiculture="en-US" os-architecture="64bit" /><failure><message><![CDATA[]]></message><stack-trace><![CDATA[None]]></stack-trace></failure><reason><message><![CDATA[]]></message></reason><output><![CDATA[]]></output></test-case><test-case id="155" name="tests/tools/test_intersect.py::test_intersect[startdates4-D-2020-01-20-06:00-idx-Europe/Berlin]" fullname="tests/tools/test_intersect.py::test_intersect[startdates4-D-2020-01-20-06:00-idx-Europe/Berlin]" methodname="test_intersect[startdates4-D-2020-01-20-06:00-idx-Europe/Berlin]" classname="tests/tools/test_intersect.py" runstate="Runnable" seed="1" result="Passed" label="Test if intersection of indices gives correct result." start-time="2024-02-05 13:01:29.810492" end-time="2024-02-05 13:01:29.814633" duration="0.004141" asserts="0"><properties><property name="python-version" value="3.11.7 (main, Dec  4 2023, 18:10:11) [Clang 15.0.0 (clang-1500.1.0.2.5)]" /><property name="fspath" value="tests/tools/test_intersect.py" /></properties><environment framework-version="3.6.2" clr-version="3.11.7 (main, Dec  4 2023, 18:10:11) [Clang 15.0.0 (clang-1500.1.0.2.5)]" os-version="23.3.0" platform="Darwin" cwd="/Users/ruud.wijtvliet/python/portfolyo" machine-name="arm64" user="" user-domain="" culture="en-US" uiculture="en-US" os-architecture="64bit" /><failure><message><![CDATA[]]></message><stack-trace><![CDATA[None]]></stack-trace></failure><reason><message><![CDATA[]]></message></reason><output><![CDATA[]]></output></test-case><test-case id="156" name="tests/tools/test_intersect.py::test_intersect[startdates4-D-2020-01-20-06:00-idx-Asia/Kolkata]" fullname="tests/tools/test_intersect.py::test_intersect[startdates4-D-2020-01-20-06:00-idx-Asia/Kolkata]" methodname="test_intersect[startdates4-D-2020-01-20-06:00-idx-Asia/Kolkata]" classname="tests/tools/test_intersect.py" runstate="Runnable" seed="1" result="Passed" label="Test if intersection of indices gives correct result." start-time="2024-02-05 13:01:29.815075" end-time="2024-02-05 13:01:29.819587" duration="0.004512" asserts="0"><properties><property name="python-version" value="3.11.7 (main, Dec  4 2023, 18:10:11) [Clang 15.0.0 (clang-1500.1.0.2.5)]" /><property name="fspath" value="tests/tools/test_intersect.py" /></properties><environment framework-version="3.6.2" clr-version="3.11.7 (main, Dec  4 2023, 18:10:11) [Clang 15.0.0 (clang-1500.1.0.2.5)]" os-version="23.3.0" platform="Darwin" cwd="/Users/ruud.wijtvliet/python/portfolyo" machine-name="arm64" user="" user-domain="" culture="en-US" uiculture="en-US" os-architecture="64bit" /><failure><message><![CDATA[]]></message><stack-trace><![CDATA[None]]></stack-trace></failure><reason><message><![CDATA[]]></message></reason><output><![CDATA[]]></output></test-case><test-case id="157" name="tests/tools/test_intersect.py::test_intersect[startdates4-D-2020-01-20-06:00-fr-None]" fullname="tests/tools/test_intersect.py::test_intersect[startdates4-D-2020-01-20-06:00-fr-None]" methodname="test_intersect[startdates4-D-2020-01-20-06:00-fr-None]" classname="tests/tools/test_intersect.py" runstate="Runnable" seed="1" result="Passed" label="Test if intersection of indices gives correct result." start-time="2024-02-05 13:01:29.820124" end-time="2024-02-05 13:01:29.824308" duration="0.004184" asserts="0"><properties><property name="python-version" value="3.11.7 (main, Dec  4 2023, 18:10:11) [Clang 15.0.0 (clang-1500.1.0.2.5)]" /><property name="fspath" value="tests/tools/test_intersect.py" /></properties><environment framework-version="3.6.2" clr-version="3.11.7 (main, Dec  4 2023, 18:10:11) [Clang 15.0.0 (clang-1500.1.0.2.5)]" os-version="23.3.0" platform="Darwin" cwd="/Users/ruud.wijtvliet/python/portfolyo" machine-name="arm64" user="" user-domain="" culture="en-US" uiculture="en-US" os-architecture="64bit" /><failure><message><![CDATA[]]></message><stack-trace><![CDATA[None]]></stack-trace></failure><reason><message><![CDATA[]]></message></reason><output><![CDATA[]]></output></test-case><test-case id="158" name="tests/tools/test_intersect.py::test_intersect[startdates4-D-2020-01-20-06:00-fr-Europe/Berlin]" fullname="tests/tools/test_intersect.py::test_intersect[startdates4-D-2020-01-20-06:00-fr-Europe/Berlin]" methodname="test_intersect[startdates4-D-2020-01-20-06:00-fr-Europe/Berlin]" classname="tests/tools/test_intersect.py" runstate="Runnable" seed="1" result="Passed" label="Test if intersection of indices gives correct result." start-time="2024-02-05 13:01:29.824807" end-time="2024-02-05 13:01:29.833371" duration="0.008564" asserts="0"><properties><property name="python-version" value="3.11.7 (main, Dec  4 2023, 18:10:11) [Clang 15.0.0 (clang-1500.1.0.2.5)]" /><property name="fspath" value="tests/tools/test_intersect.py" /></properties><environment framework-version="3.6.2" clr-version="3.11.7 (main, Dec  4 2023, 18:10:11) [Clang 15.0.0 (clang-1500.1.0.2.5)]" os-version="23.3.0" platform="Darwin" cwd="/Users/ruud.wijtvliet/python/portfolyo" machine-name="arm64" user="" user-domain="" culture="en-US" uiculture="en-US" os-architecture="64bit" /><failure><message><![CDATA[]]></message><stack-trace><![CDATA[None]]></stack-trace></failure><reason><message><![CDATA[]]></message></reason><output><![CDATA[]]></output></test-case><test-case id="159" name="tests/tools/test_intersect.py::test_intersect[startdates4-D-2020-01-20-06:00-fr-Asia/Kolkata]" fullname="tests/tools/test_intersect.py::test_intersect[startdates4-D-2020-01-20-06:00-fr-Asia/Kolkata]" methodname="test_intersect[startdates4-D-2020-01-20-06:00-fr-Asia/Kolkata]" classname="tests/tools/test_intersect.py" runstate="Runnable" seed="1" result="Passed" label="Test if intersection of indices gives correct result." start-time="2024-02-05 13:01:29.833978" end-time="2024-02-05 13:01:29.841460" duration="0.007482" asserts="0"><properties><property name="python-version" value="3.11.7 (main, Dec  4 2023, 18:10:11) [Clang 15.0.0 (clang-1500.1.0.2.5)]" /><property name="fspath" value="tests/tools/test_intersect.py" /></properties><environment framework-version="3.6.2" clr-version="3.11.7 (main, Dec  4 2023, 18:10:11) [Clang 15.0.0 (clang-1500.1.0.2.5)]" os-version="23.3.0" platform="Darwin" cwd="/Users/ruud.wijtvliet/python/portfolyo" machine-name="arm64" user="" user-domain="" culture="en-US" uiculture="en-US" os-architecture="64bit" /><failure><message><![CDATA[]]></message><stack-trace><![CDATA[None]]></stack-trace></failure><reason><message><![CDATA[]]></message></reason><output><![CDATA[]]></output></test-case><test-case id="160" name="tests/tools/test_intersect.py::test_intersect[startdates5-D-2020-01-20-00:00-idx-None]" fullname="tests/tools/test_intersect.py::test_intersect[startdates5-D-2020-01-20-00:00-idx-None]" methodname="test_intersect[startdates5-D-2020-01-20-00:00-idx-None]" classname="tests/tools/test_intersect.py" runstate="Runnable" seed="1" result="Passed" label="Test if intersection of indices gives correct result." start-time="2024-02-05 13:01:29.841955" end-time="2024-02-05 13:01:29.844072" duration="0.002117" asserts="0"><properties><property name="python-version" value="3.11.7 (main, Dec  4 2023, 18:10:11) [Clang 15.0.0 (clang-1500.1.0.2.5)]" /><property name="fspath" value="tests/tools/test_intersect.py" /></properties><environment framework-version="3.6.2" clr-version="3.11.7 (main, Dec  4 2023, 18:10:11) [Clang 15.0.0 (clang-1500.1.0.2.5)]" os-version="23.3.0" platform="Darwin" cwd="/Users/ruud.wijtvliet/python/portfolyo" machine-name="arm64" user="" user-domain="" culture="en-US" uiculture="en-US" os-architecture="64bit" /><failure><message><![CDATA[]]></message><stack-trace><![CDATA[None]]></stack-trace></failure><reason><message><![CDATA[]]></message></reason><output><![CDATA[]]></output></test-case><test-case id="161" name="tests/tools/test_intersect.py::test_intersect[startdates5-D-2020-01-20-00:00-idx-Europe/Berlin]" fullname="tests/tools/test_intersect.py::test_intersect[startdates5-D-2020-01-20-00:00-idx-Europe/Berlin]" methodname="test_intersect[startdates5-D-2020-01-20-00:00-idx-Europe/Berlin]" classname="tests/tools/test_intersect.py" runstate="Runnable" seed="1" result="Passed" label="Test if intersection of indices gives correct result." start-time="2024-02-05 13:01:29.844505" end-time="2024-02-05 13:01:29.848792" duration="0.004287" asserts="0"><properties><property name="python-version" value="3.11.7 (main, Dec  4 2023, 18:10:11) [Clang 15.0.0 (clang-1500.1.0.2.5)]" /><property name="fspath" value="tests/tools/test_intersect.py" /></properties><environment framework-version="3.6.2" clr-version="3.11.7 (main, Dec  4 2023, 18:10:11) [Clang 15.0.0 (clang-1500.1.0.2.5)]" os-version="23.3.0" platform="Darwin" cwd="/Users/ruud.wijtvliet/python/portfolyo" machine-name="arm64" user="" user-domain="" culture="en-US" uiculture="en-US" os-architecture="64bit" /><failure><message><![CDATA[]]></message><stack-trace><![CDATA[None]]></stack-trace></failure><reason><message><![CDATA[]]></message></reason><output><![CDATA[]]></output></test-case><test-case id="162" name="tests/tools/test_intersect.py::test_intersect[startdates5-D-2020-01-20-00:00-idx-Asia/Kolkata]" fullname="tests/tools/test_intersect.py::test_intersect[startdates5-D-2020-01-20-00:00-idx-Asia/Kolkata]" methodname="test_intersect[startdates5-D-2020-01-20-00:00-idx-Asia/Kolkata]" classname="tests/tools/test_intersect.py" runstate="Runnable" seed="1" result="Passed" label="Test if intersection of indices gives correct result." start-time="2024-02-05 13:01:29.849366" end-time="2024-02-05 13:01:29.853491" duration="0.004125" asserts="0"><properties><property name="python-version" value="3.11.7 (main, Dec  4 2023, 18:10:11) [Clang 15.0.0 (clang-1500.1.0.2.5)]" /><property name="fspath" value="tests/tools/test_intersect.py" /></properties><environment framework-version="3.6.2" clr-version="3.11.7 (main, Dec  4 2023, 18:10:11) [Clang 15.0.0 (clang-1500.1.0.2.5)]" os-version="23.3.0" platform="Darwin" cwd="/Users/ruud.wijtvliet/python/portfolyo" machine-name="arm64" user="" user-domain="" culture="en-US" uiculture="en-US" os-architecture="64bit" /><failure><message><![CDATA[]]></message><stack-trace><![CDATA[None]]></stack-trace></failure><reason><message><![CDATA[]]></message></reason><output><![CDATA[]]></output></test-case><test-case id="163" name="tests/tools/test_intersect.py::test_intersect[startdates5-D-2020-01-20-00:00-fr-None]" fullname="tests/tools/test_intersect.py::test_intersect[startdates5-D-2020-01-20-00:00-fr-None]" methodname="test_intersect[startdates5-D-2020-01-20-00:00-fr-None]" classname="tests/tools/test_intersect.py" runstate="Runnable" seed="1" result="Passed" label="Test if intersection of indices gives correct result." start-time="2024-02-05 13:01:29.853950" end-time="2024-02-05 13:01:29.858124" duration="0.004174" asserts="0"><properties><property name="python-version" value="3.11.7 (main, Dec  4 2023, 18:10:11) [Clang 15.0.0 (clang-1500.1.0.2.5)]" /><property name="fspath" value="tests/tools/test_intersect.py" /></properties><environment framework-version="3.6.2" clr-version="3.11.7 (main, Dec  4 2023, 18:10:11) [Clang 15.0.0 (clang-1500.1.0.2.5)]" os-version="23.3.0" platform="Darwin" cwd="/Users/ruud.wijtvliet/python/portfolyo" machine-name="arm64" user="" user-domain="" culture="en-US" uiculture="en-US" os-architecture="64bit" /><failure><message><![CDATA[]]></message><stack-trace><![CDATA[None]]></stack-trace></failure><reason><message><![CDATA[]]></message></reason><output><![CDATA[]]></output></test-case><test-case id="164" name="tests/tools/test_intersect.py::test_intersect[startdates5-D-2020-01-20-00:00-fr-Europe/Berlin]" fullname="tests/tools/test_intersect.py::test_intersect[startdates5-D-2020-01-20-00:00-fr-Europe/Berlin]" methodname="test_intersect[startdates5-D-2020-01-20-00:00-fr-Europe/Berlin]" classname="tests/tools/test_intersect.py" runstate="Runnable" seed="1" result="Passed" label="Test if intersection of indices gives correct result." start-time="2024-02-05 13:01:29.858655" end-time="2024-02-05 13:01:29.866360" duration="0.007705" asserts="0"><properties><property name="python-version" value="3.11.7 (main, Dec  4 2023, 18:10:11) [Clang 15.0.0 (clang-1500.1.0.2.5)]" /><property name="fspath" value="tests/tools/test_intersect.py" /></properties><environment framework-version="3.6.2" clr-version="3.11.7 (main, Dec  4 2023, 18:10:11) [Clang 15.0.0 (clang-1500.1.0.2.5)]" os-version="23.3.0" platform="Darwin" cwd="/Users/ruud.wijtvliet/python/portfolyo" machine-name="arm64" user="" user-domain="" culture="en-US" uiculture="en-US" os-architecture="64bit" /><failure><message><![CDATA[]]></message><stack-trace><![CDATA[None]]></stack-trace></failure><reason><message><![CDATA[]]></message></reason><output><![CDATA[]]></output></test-case><test-case id="165" name="tests/tools/test_intersect.py::test_intersect[startdates5-D-2020-01-20-00:00-fr-Asia/Kolkata]" fullname="tests/tools/test_intersect.py::test_intersect[startdates5-D-2020-01-20-00:00-fr-Asia/Kolkata]" methodname="test_intersect[startdates5-D-2020-01-20-00:00-fr-Asia/Kolkata]" classname="tests/tools/test_intersect.py" runstate="Runnable" seed="1" result="Passed" label="Test if intersection of indices gives correct result." start-time="2024-02-05 13:01:29.866872" end-time="2024-02-05 13:01:29.874452" duration="0.00758" asserts="0"><properties><property name="python-version" value="3.11.7 (main, Dec  4 2023, 18:10:11) [Clang 15.0.0 (clang-1500.1.0.2.5)]" /><property name="fspath" value="tests/tools/test_intersect.py" /></properties><environment framework-version="3.6.2" clr-version="3.11.7 (main, Dec  4 2023, 18:10:11) [Clang 15.0.0 (clang-1500.1.0.2.5)]" os-version="23.3.0" platform="Darwin" cwd="/Users/ruud.wijtvliet/python/portfolyo" machine-name="arm64" user="" user-domain="" culture="en-US" uiculture="en-US" os-architecture="64bit" /><failure><message><![CDATA[]]></message><stack-trace><![CDATA[None]]></stack-trace></failure><reason><message><![CDATA[]]></message></reason><output><![CDATA[]]></output></test-case><test-case id="166" name="tests/tools/test_intersect.py::test_intersect[startdates5-D-2020-01-20-06:00-idx-None]" fullname="tests/tools/test_intersect.py::test_intersect[startdates5-D-2020-01-20-06:00-idx-None]" methodname="test_intersect[startdates5-D-2020-01-20-06:00-idx-None]" classname="tests/tools/test_intersect.py" runstate="Runnable" seed="1" result="Passed" label="Test if intersection of indices gives correct result." start-time="2024-02-05 13:01:29.874910" end-time="2024-02-05 13:01:29.877062" duration="0.002152" asserts="0"><properties><property name="python-version" value="3.11.7 (main, Dec  4 2023, 18:10:11) [Clang 15.0.0 (clang-1500.1.0.2.5)]" /><property name="fspath" value="tests/tools/test_intersect.py" /></properties><environment framework-version="3.6.2" clr-version="3.11.7 (main, Dec  4 2023, 18:10:11) [Clang 15.0.0 (clang-1500.1.0.2.5)]" os-version="23.3.0" platform="Darwin" cwd="/Users/ruud.wijtvliet/python/portfolyo" machine-name="arm64" user="" user-domain="" culture="en-US" uiculture="en-US" os-architecture="64bit" /><failure><message><![CDATA[]]></message><stack-trace><![CDATA[None]]></stack-trace></failure><reason><message><![CDATA[]]></message></reason><output><![CDATA[]]></output></test-case><test-case id="167" name="tests/tools/test_intersect.py::test_intersect[startdates5-D-2020-01-20-06:00-idx-Europe/Berlin]" fullname="tests/tools/test_intersect.py::test_intersect[startdates5-D-2020-01-20-06:00-idx-Europe/Berlin]" methodname="test_intersect[startdates5-D-2020-01-20-06:00-idx-Europe/Berlin]" classname="tests/tools/test_intersect.py" runstate="Runnable" seed="1" result="Passed" label="Test if intersection of indices gives correct result." start-time="2024-02-05 13:01:29.877512" end-time="2024-02-05 13:01:29.882207" duration="0.004695" asserts="0"><properties><property name="python-version" value="3.11.7 (main, Dec  4 2023, 18:10:11) [Clang 15.0.0 (clang-1500.1.0.2.5)]" /><property name="fspath" value="tests/tools/test_intersect.py" /></properties><environment framework-version="3.6.2" clr-version="3.11.7 (main, Dec  4 2023, 18:10:11) [Clang 15.0.0 (clang-1500.1.0.2.5)]" os-version="23.3.0" platform="Darwin" cwd="/Users/ruud.wijtvliet/python/portfolyo" machine-name="arm64" user="" user-domain="" culture="en-US" uiculture="en-US" os-architecture="64bit" /><failure><message><![CDATA[]]></message><stack-trace><![CDATA[None]]></stack-trace></failure><reason><message><![CDATA[]]></message></reason><output><![CDATA[]]></output></test-case><test-case id="168" name="tests/tools/test_intersect.py::test_intersect[startdates5-D-2020-01-20-06:00-idx-Asia/Kolkata]" fullname="tests/tools/test_intersect.py::test_intersect[startdates5-D-2020-01-20-06:00-idx-Asia/Kolkata]" methodname="test_intersect[startdates5-D-2020-01-20-06:00-idx-Asia/Kolkata]" classname="tests/tools/test_intersect.py" runstate="Runnable" seed="1" result="Passed" label="Test if intersection of indices gives correct result." start-time="2024-02-05 13:01:29.882797" end-time="2024-02-05 13:01:29.886834" duration="0.004037" asserts="0"><properties><property name="python-version" value="3.11.7 (main, Dec  4 2023, 18:10:11) [Clang 15.0.0 (clang-1500.1.0.2.5)]" /><property name="fspath" value="tests/tools/test_intersect.py" /></properties><environment framework-version="3.6.2" clr-version="3.11.7 (main, Dec  4 2023, 18:10:11) [Clang 15.0.0 (clang-1500.1.0.2.5)]" os-version="23.3.0" platform="Darwin" cwd="/Users/ruud.wijtvliet/python/portfolyo" machine-name="arm64" user="" user-domain="" culture="en-US" uiculture="en-US" os-architecture="64bit" /><failure><message><![CDATA[]]></message><stack-trace><![CDATA[None]]></stack-trace></failure><reason><message><![CDATA[]]></message></reason><output><![CDATA[]]></output></test-case><test-case id="169" name="tests/tools/test_intersect.py::test_intersect[startdates5-D-2020-01-20-06:00-fr-None]" fullname="tests/tools/test_intersect.py::test_intersect[startdates5-D-2020-01-20-06:00-fr-None]" methodname="test_intersect[startdates5-D-2020-01-20-06:00-fr-None]" classname="tests/tools/test_intersect.py" runstate="Runnable" seed="1" result="Passed" label="Test if intersection of indices gives correct result." start-time="2024-02-05 13:01:29.887299" end-time="2024-02-05 13:01:29.891482" duration="0.004183" asserts="0"><properties><property name="python-version" value="3.11.7 (main, Dec  4 2023, 18:10:11) [Clang 15.0.0 (clang-1500.1.0.2.5)]" /><property name="fspath" value="tests/tools/test_intersect.py" /></properties><environment framework-version="3.6.2" clr-version="3.11.7 (main, Dec  4 2023, 18:10:11) [Clang 15.0.0 (clang-1500.1.0.2.5)]" os-version="23.3.0" platform="Darwin" cwd="/Users/ruud.wijtvliet/python/portfolyo" machine-name="arm64" user="" user-domain="" culture="en-US" uiculture="en-US" os-architecture="64bit" /><failure><message><![CDATA[]]></message><stack-trace><![CDATA[None]]></stack-trace></failure><reason><message><![CDATA[]]></message></reason><output><![CDATA[]]></output></test-case><test-case id="170" name="tests/tools/test_intersect.py::test_intersect[startdates5-D-2020-01-20-06:00-fr-Europe/Berlin]" fullname="tests/tools/test_intersect.py::test_intersect[startdates5-D-2020-01-20-06:00-fr-Europe/Berlin]" methodname="test_intersect[startdates5-D-2020-01-20-06:00-fr-Europe/Berlin]" classname="tests/tools/test_intersect.py" runstate="Runnable" seed="1" result="Passed" label="Test if intersection of indices gives correct result." start-time="2024-02-05 13:01:29.891978" end-time="2024-02-05 13:01:29.900740" duration="0.008762" asserts="0"><properties><property name="python-version" value="3.11.7 (main, Dec  4 2023, 18:10:11) [Clang 15.0.0 (clang-1500.1.0.2.5)]" /><property name="fspath" value="tests/tools/test_intersect.py" /></properties><environment framework-version="3.6.2" clr-version="3.11.7 (main, Dec  4 2023, 18:10:11) [Clang 15.0.0 (clang-1500.1.0.2.5)]" os-version="23.3.0" platform="Darwin" cwd="/Users/ruud.wijtvliet/python/portfolyo" machine-name="arm64" user="" user-domain="" culture="en-US" uiculture="en-US" os-architecture="64bit" /><failure><message><![CDATA[]]></message><stack-trace><![CDATA[None]]></stack-trace></failure><reason><message><![CDATA[]]></message></reason><output><![CDATA[]]></output></test-case><test-case id="171" name="tests/tools/test_intersect.py::test_intersect[startdates5-D-2020-01-20-06:00-fr-Asia/Kolkata]" fullname="tests/tools/test_intersect.py::test_intersect[startdates5-D-2020-01-20-06:00-fr-Asia/Kolkata]" methodname="test_intersect[startdates5-D-2020-01-20-06:00-fr-Asia/Kolkata]" classname="tests/tools/test_intersect.py" runstate="Runnable" seed="1" result="Passed" label="Test if intersection of indices gives correct result." start-time="2024-02-05 13:01:29.901298" end-time="2024-02-05 13:01:29.908719" duration="0.007421" asserts="0"><properties><property name="python-version" value="3.11.7 (main, Dec  4 2023, 18:10:11) [Clang 15.0.0 (clang-1500.1.0.2.5)]" /><property name="fspath" value="tests/tools/test_intersect.py" /></properties><environment framework-version="3.6.2" clr-version="3.11.7 (main, Dec  4 2023, 18:10:11) [Clang 15.0.0 (clang-1500.1.0.2.5)]" os-version="23.3.0" platform="Darwin" cwd="/Users/ruud.wijtvliet/python/portfolyo" machine-name="arm64" user="" user-domain="" culture="en-US" uiculture="en-US" os-architecture="64bit" /><failure><message><![CDATA[]]></message><stack-trace><![CDATA[None]]></stack-trace></failure><reason><message><![CDATA[]]></message></reason><output><![CDATA[]]></output></test-case><test-case id="172" name="tests/tools/test_intersect.py::test_intersect[startdates6-MS-2020-03-01-00:00-idx-None]" fullname="tests/tools/test_intersect.py::test_intersect[startdates6-MS-2020-03-01-00:00-idx-None]" methodname="test_intersect[startdates6-MS-2020-03-01-00:00-idx-None]" classname="tests/tools/test_intersect.py" runstate="Runnable" seed="1" result="Passed" label="Test if intersection of indices gives correct result." start-time="2024-02-05 13:01:29.909202" end-time="2024-02-05 13:01:29.910193" duration="0.000991" asserts="0"><properties><property name="python-version" value="3.11.7 (main, Dec  4 2023, 18:10:11) [Clang 15.0.0 (clang-1500.1.0.2.5)]" /><property name="fspath" value="tests/tools/test_intersect.py" /></properties><environment framework-version="3.6.2" clr-version="3.11.7 (main, Dec  4 2023, 18:10:11) [Clang 15.0.0 (clang-1500.1.0.2.5)]" os-version="23.3.0" platform="Darwin" cwd="/Users/ruud.wijtvliet/python/portfolyo" machine-name="arm64" user="" user-domain="" culture="en-US" uiculture="en-US" os-architecture="64bit" /><failure><message><![CDATA[]]></message><stack-trace><![CDATA[None]]></stack-trace></failure><reason><message><![CDATA[]]></message></reason><output><![CDATA[]]></output></test-case><test-case id="173" name="tests/tools/test_intersect.py::test_intersect[startdates6-MS-2020-03-01-00:00-idx-Europe/Berlin]" fullname="tests/tools/test_intersect.py::test_intersect[startdates6-MS-2020-03-01-00:00-idx-Europe/Berlin]" methodname="test_intersect[startdates6-MS-2020-03-01-00:00-idx-Europe/Berlin]" classname="tests/tools/test_intersect.py" runstate="Runnable" seed="1" result="Passed" label="Test if intersection of indices gives correct result." start-time="2024-02-05 13:01:29.910621" end-time="2024-02-05 13:01:29.911919" duration="0.001298" asserts="0"><properties><property name="python-version" value="3.11.7 (main, Dec  4 2023, 18:10:11) [Clang 15.0.0 (clang-1500.1.0.2.5)]" /><property name="fspath" value="tests/tools/test_intersect.py" /></properties><environment framework-version="3.6.2" clr-version="3.11.7 (main, Dec  4 2023, 18:10:11) [Clang 15.0.0 (clang-1500.1.0.2.5)]" os-version="23.3.0" platform="Darwin" cwd="/Users/ruud.wijtvliet/python/portfolyo" machine-name="arm64" user="" user-domain="" culture="en-US" uiculture="en-US" os-architecture="64bit" /><failure><message><![CDATA[]]></message><stack-trace><![CDATA[None]]></stack-trace></failure><reason><message><![CDATA[]]></message></reason><output><![CDATA[]]></output></test-case><test-case id="174" name="tests/tools/test_intersect.py::test_intersect[startdates6-MS-2020-03-01-00:00-idx-Asia/Kolkata]" fullname="tests/tools/test_intersect.py::test_intersect[startdates6-MS-2020-03-01-00:00-idx-Asia/Kolkata]" methodname="test_intersect[startdates6-MS-2020-03-01-00:00-idx-Asia/Kolkata]" classname="tests/tools/test_intersect.py" runstate="Runnable" seed="1" result="Passed" label="Test if intersection of indices gives correct result." start-time="2024-02-05 13:01:29.912359" end-time="2024-02-05 13:01:29.913590" duration="0.001231" asserts="0"><properties><property name="python-version" value="3.11.7 (main, Dec  4 2023, 18:10:11) [Clang 15.0.0 (clang-1500.1.0.2.5)]" /><property name="fspath" value="tests/tools/test_intersect.py" /></properties><environment framework-version="3.6.2" clr-version="3.11.7 (main, Dec  4 2023, 18:10:11) [Clang 15.0.0 (clang-1500.1.0.2.5)]" os-version="23.3.0" platform="Darwin" cwd="/Users/ruud.wijtvliet/python/portfolyo" machine-name="arm64" user="" user-domain="" culture="en-US" uiculture="en-US" os-architecture="64bit" /><failure><message><![CDATA[]]></message><stack-trace><![CDATA[None]]></stack-trace></failure><reason><message><![CDATA[]]></message></reason><output><![CDATA[]]></output></test-case><test-case id="175" name="tests/tools/test_intersect.py::test_intersect[startdates6-MS-2020-03-01-00:00-fr-None]" fullname="tests/tools/test_intersect.py::test_intersect[startdates6-MS-2020-03-01-00:00-fr-None]" methodname="test_intersect[startdates6-MS-2020-03-01-00:00-fr-None]" classname="tests/tools/test_intersect.py" runstate="Runnable" seed="1" result="Passed" label="Test if intersection of indices gives correct result." start-time="2024-02-05 13:01:29.914013" end-time="2024-02-05 13:01:29.916827" duration="0.002814" asserts="0"><properties><property name="python-version" value="3.11.7 (main, Dec  4 2023, 18:10:11) [Clang 15.0.0 (clang-1500.1.0.2.5)]" /><property name="fspath" value="tests/tools/test_intersect.py" /></properties><environment framework-version="3.6.2" clr-version="3.11.7 (main, Dec  4 2023, 18:10:11) [Clang 15.0.0 (clang-1500.1.0.2.5)]" os-version="23.3.0" platform="Darwin" cwd="/Users/ruud.wijtvliet/python/portfolyo" machine-name="arm64" user="" user-domain="" culture="en-US" uiculture="en-US" os-architecture="64bit" /><failure><message><![CDATA[]]></message><stack-trace><![CDATA[None]]></stack-trace></failure><reason><message><![CDATA[]]></message></reason><output><![CDATA[]]></output></test-case><test-case id="176" name="tests/tools/test_intersect.py::test_intersect[startdates6-MS-2020-03-01-00:00-fr-Europe/Berlin]" fullname="tests/tools/test_intersect.py::test_intersect[startdates6-MS-2020-03-01-00:00-fr-Europe/Berlin]" methodname="test_intersect[startdates6-MS-2020-03-01-00:00-fr-Europe/Berlin]" classname="tests/tools/test_intersect.py" runstate="Runnable" seed="1" result="Passed" label="Test if intersection of indices gives correct result." start-time="2024-02-05 13:01:29.917347" end-time="2024-02-05 13:01:29.920504" duration="0.003157" asserts="0"><properties><property name="python-version" value="3.11.7 (main, Dec  4 2023, 18:10:11) [Clang 15.0.0 (clang-1500.1.0.2.5)]" /><property name="fspath" value="tests/tools/test_intersect.py" /></properties><environment framework-version="3.6.2" clr-version="3.11.7 (main, Dec  4 2023, 18:10:11) [Clang 15.0.0 (clang-1500.1.0.2.5)]" os-version="23.3.0" platform="Darwin" cwd="/Users/ruud.wijtvliet/python/portfolyo" machine-name="arm64" user="" user-domain="" culture="en-US" uiculture="en-US" os-architecture="64bit" /><failure><message><![CDATA[]]></message><stack-trace><![CDATA[None]]></stack-trace></failure><reason><message><![CDATA[]]></message></reason><output><![CDATA[]]></output></test-case><test-case id="177" name="tests/tools/test_intersect.py::test_intersect[startdates6-MS-2020-03-01-00:00-fr-Asia/Kolkata]" fullname="tests/tools/test_intersect.py::test_intersect[startdates6-MS-2020-03-01-00:00-fr-Asia/Kolkata]" methodname="test_intersect[startdates6-MS-2020-03-01-00:00-fr-Asia/Kolkata]" classname="tests/tools/test_intersect.py" runstate="Runnable" seed="1" result="Passed" label="Test if intersection of indices gives correct result." start-time="2024-02-05 13:01:29.920997" end-time="2024-02-05 13:01:29.924192" duration="0.003195" asserts="0"><properties><property name="python-version" value="3.11.7 (main, Dec  4 2023, 18:10:11) [Clang 15.0.0 (clang-1500.1.0.2.5)]" /><property name="fspath" value="tests/tools/test_intersect.py" /></properties><environment framework-version="3.6.2" clr-version="3.11.7 (main, Dec  4 2023, 18:10:11) [Clang 15.0.0 (clang-1500.1.0.2.5)]" os-version="23.3.0" platform="Darwin" cwd="/Users/ruud.wijtvliet/python/portfolyo" machine-name="arm64" user="" user-domain="" culture="en-US" uiculture="en-US" os-architecture="64bit" /><failure><message><![CDATA[]]></message><stack-trace><![CDATA[None]]></stack-trace></failure><reason><message><![CDATA[]]></message></reason><output><![CDATA[]]></output></test-case><test-case id="178" name="tests/tools/test_intersect.py::test_intersect[startdates6-MS-2020-03-01-06:00-idx-None]" fullname="tests/tools/test_intersect.py::test_intersect[startdates6-MS-2020-03-01-06:00-idx-None]" methodname="test_intersect[startdates6-MS-2020-03-01-06:00-idx-None]" classname="tests/tools/test_intersect.py" runstate="Runnable" seed="1" result="Passed" label="Test if intersection of indices gives correct result." start-time="2024-02-05 13:01:29.924712" end-time="2024-02-05 13:01:29.925681" duration="0.000969" asserts="0"><properties><property name="python-version" value="3.11.7 (main, Dec  4 2023, 18:10:11) [Clang 15.0.0 (clang-1500.1.0.2.5)]" /><property name="fspath" value="tests/tools/test_intersect.py" /></properties><environment framework-version="3.6.2" clr-version="3.11.7 (main, Dec  4 2023, 18:10:11) [Clang 15.0.0 (clang-1500.1.0.2.5)]" os-version="23.3.0" platform="Darwin" cwd="/Users/ruud.wijtvliet/python/portfolyo" machine-name="arm64" user="" user-domain="" culture="en-US" uiculture="en-US" os-architecture="64bit" /><failure><message><![CDATA[]]></message><stack-trace><![CDATA[None]]></stack-trace></failure><reason><message><![CDATA[]]></message></reason><output><![CDATA[]]></output></test-case><test-case id="179" name="tests/tools/test_intersect.py::test_intersect[startdates6-MS-2020-03-01-06:00-idx-Europe/Berlin]" fullname="tests/tools/test_intersect.py::test_intersect[startdates6-MS-2020-03-01-06:00-idx-Europe/Berlin]" methodname="test_intersect[startdates6-MS-2020-03-01-06:00-idx-Europe/Berlin]" classname="tests/tools/test_intersect.py" runstate="Runnable" seed="1" result="Passed" label="Test if intersection of indices gives correct result." start-time="2024-02-05 13:01:29.926142" end-time="2024-02-05 13:01:29.927571" duration="0.001429" asserts="0"><properties><property name="python-version" value="3.11.7 (main, Dec  4 2023, 18:10:11) [Clang 15.0.0 (clang-1500.1.0.2.5)]" /><property name="fspath" value="tests/tools/test_intersect.py" /></properties><environment framework-version="3.6.2" clr-version="3.11.7 (main, Dec  4 2023, 18:10:11) [Clang 15.0.0 (clang-1500.1.0.2.5)]" os-version="23.3.0" platform="Darwin" cwd="/Users/ruud.wijtvliet/python/portfolyo" machine-name="arm64" user="" user-domain="" culture="en-US" uiculture="en-US" os-architecture="64bit" /><failure><message><![CDATA[]]></message><stack-trace><![CDATA[None]]></stack-trace></failure><reason><message><![CDATA[]]></message></reason><output><![CDATA[]]></output></test-case><test-case id="180" name="tests/tools/test_intersect.py::test_intersect[startdates6-MS-2020-03-01-06:00-idx-Asia/Kolkata]" fullname="tests/tools/test_intersect.py::test_intersect[startdates6-MS-2020-03-01-06:00-idx-Asia/Kolkata]" methodname="test_intersect[startdates6-MS-2020-03-01-06:00-idx-Asia/Kolkata]" classname="tests/tools/test_intersect.py" runstate="Runnable" seed="1" result="Passed" label="Test if intersection of indices gives correct result." start-time="2024-02-05 13:01:29.928055" end-time="2024-02-05 13:01:29.929473" duration="0.001418" asserts="0"><properties><property name="python-version" value="3.11.7 (main, Dec  4 2023, 18:10:11) [Clang 15.0.0 (clang-1500.1.0.2.5)]" /><property name="fspath" value="tests/tools/test_intersect.py" /></properties><environment framework-version="3.6.2" clr-version="3.11.7 (main, Dec  4 2023, 18:10:11) [Clang 15.0.0 (clang-1500.1.0.2.5)]" os-version="23.3.0" platform="Darwin" cwd="/Users/ruud.wijtvliet/python/portfolyo" machine-name="arm64" user="" user-domain="" culture="en-US" uiculture="en-US" os-architecture="64bit" /><failure><message><![CDATA[]]></message><stack-trace><![CDATA[None]]></stack-trace></failure><reason><message><![CDATA[]]></message></reason><output><![CDATA[]]></output></test-case><test-case id="181" name="tests/tools/test_intersect.py::test_intersect[startdates6-MS-2020-03-01-06:00-fr-None]" fullname="tests/tools/test_intersect.py::test_intersect[startdates6-MS-2020-03-01-06:00-fr-None]" methodname="test_intersect[startdates6-MS-2020-03-01-06:00-fr-None]" classname="tests/tools/test_intersect.py" runstate="Runnable" seed="1" result="Passed" label="Test if intersection of indices gives correct result." start-time="2024-02-05 13:01:29.930005" end-time="2024-02-05 13:01:29.932888" duration="0.002883" asserts="0"><properties><property name="python-version" value="3.11.7 (main, Dec  4 2023, 18:10:11) [Clang 15.0.0 (clang-1500.1.0.2.5)]" /><property name="fspath" value="tests/tools/test_intersect.py" /></properties><environment framework-version="3.6.2" clr-version="3.11.7 (main, Dec  4 2023, 18:10:11) [Clang 15.0.0 (clang-1500.1.0.2.5)]" os-version="23.3.0" platform="Darwin" cwd="/Users/ruud.wijtvliet/python/portfolyo" machine-name="arm64" user="" user-domain="" culture="en-US" uiculture="en-US" os-architecture="64bit" /><failure><message><![CDATA[]]></message><stack-trace><![CDATA[None]]></stack-trace></failure><reason><message><![CDATA[]]></message></reason><output><![CDATA[]]></output></test-case><test-case id="182" name="tests/tools/test_intersect.py::test_intersect[startdates6-MS-2020-03-01-06:00-fr-Europe/Berlin]" fullname="tests/tools/test_intersect.py::test_intersect[startdates6-MS-2020-03-01-06:00-fr-Europe/Berlin]" methodname="test_intersect[startdates6-MS-2020-03-01-06:00-fr-Europe/Berlin]" classname="tests/tools/test_intersect.py" runstate="Runnable" seed="1" result="Passed" label="Test if intersection of indices gives correct result." start-time="2024-02-05 13:01:29.933361" end-time="2024-02-05 13:01:29.936350" duration="0.002989" asserts="0"><properties><property name="python-version" value="3.11.7 (main, Dec  4 2023, 18:10:11) [Clang 15.0.0 (clang-1500.1.0.2.5)]" /><property name="fspath" value="tests/tools/test_intersect.py" /></properties><environment framework-version="3.6.2" clr-version="3.11.7 (main, Dec  4 2023, 18:10:11) [Clang 15.0.0 (clang-1500.1.0.2.5)]" os-version="23.3.0" platform="Darwin" cwd="/Users/ruud.wijtvliet/python/portfolyo" machine-name="arm64" user="" user-domain="" culture="en-US" uiculture="en-US" os-architecture="64bit" /><failure><message><![CDATA[]]></message><stack-trace><![CDATA[None]]></stack-trace></failure><reason><message><![CDATA[]]></message></reason><output><![CDATA[]]></output></test-case><test-case id="183" name="tests/tools/test_intersect.py::test_intersect[startdates6-MS-2020-03-01-06:00-fr-Asia/Kolkata]" fullname="tests/tools/test_intersect.py::test_intersect[startdates6-MS-2020-03-01-06:00-fr-Asia/Kolkata]" methodname="test_intersect[startdates6-MS-2020-03-01-06:00-fr-Asia/Kolkata]" classname="tests/tools/test_intersect.py" runstate="Runnable" seed="1" result="Passed" label="Test if intersection of indices gives correct result." start-time="2024-02-05 13:01:29.936796" end-time="2024-02-05 13:01:29.939791" duration="0.002995" asserts="0"><properties><property name="python-version" value="3.11.7 (main, Dec  4 2023, 18:10:11) [Clang 15.0.0 (clang-1500.1.0.2.5)]" /><property name="fspath" value="tests/tools/test_intersect.py" /></properties><environment framework-version="3.6.2" clr-version="3.11.7 (main, Dec  4 2023, 18:10:11) [Clang 15.0.0 (clang-1500.1.0.2.5)]" os-version="23.3.0" platform="Darwin" cwd="/Users/ruud.wijtvliet/python/portfolyo" machine-name="arm64" user="" user-domain="" culture="en-US" uiculture="en-US" os-architecture="64bit" /><failure><message><![CDATA[]]></message><stack-trace><![CDATA[None]]></stack-trace></failure><reason><message><![CDATA[]]></message></reason><output><![CDATA[]]></output></test-case><test-case id="184" name="tests/tools/test_intersect.py::test_intersect[startdates7-MS-2020-03-01-00:00-idx-None]" fullname="tests/tools/test_intersect.py::test_intersect[startdates7-MS-2020-03-01-00:00-idx-None]" methodname="test_intersect[startdates7-MS-2020-03-01-00:00-idx-None]" classname="tests/tools/test_intersect.py" runstate="Runnable" seed="1" result="Passed" label="Test if intersection of indices gives correct result." start-time="2024-02-05 13:01:29.940269" end-time="2024-02-05 13:01:29.941147" duration="0.000878" asserts="0"><properties><property name="python-version" value="3.11.7 (main, Dec  4 2023, 18:10:11) [Clang 15.0.0 (clang-1500.1.0.2.5)]" /><property name="fspath" value="tests/tools/test_intersect.py" /></properties><environment framework-version="3.6.2" clr-version="3.11.7 (main, Dec  4 2023, 18:10:11) [Clang 15.0.0 (clang-1500.1.0.2.5)]" os-version="23.3.0" platform="Darwin" cwd="/Users/ruud.wijtvliet/python/portfolyo" machine-name="arm64" user="" user-domain="" culture="en-US" uiculture="en-US" os-architecture="64bit" /><failure><message><![CDATA[]]></message><stack-trace><![CDATA[None]]></stack-trace></failure><reason><message><![CDATA[]]></message></reason><output><![CDATA[]]></output></test-case><test-case id="185" name="tests/tools/test_intersect.py::test_intersect[startdates7-MS-2020-03-01-00:00-idx-Europe/Berlin]" fullname="tests/tools/test_intersect.py::test_intersect[startdates7-MS-2020-03-01-00:00-idx-Europe/Berlin]" methodname="test_intersect[startdates7-MS-2020-03-01-00:00-idx-Europe/Berlin]" classname="tests/tools/test_intersect.py" runstate="Runnable" seed="1" result="Passed" label="Test if intersection of indices gives correct result." start-time="2024-02-05 13:01:29.941579" end-time="2024-02-05 13:01:29.942863" duration="0.001284" asserts="0"><properties><property name="python-version" value="3.11.7 (main, Dec  4 2023, 18:10:11) [Clang 15.0.0 (clang-1500.1.0.2.5)]" /><property name="fspath" value="tests/tools/test_intersect.py" /></properties><environment framework-version="3.6.2" clr-version="3.11.7 (main, Dec  4 2023, 18:10:11) [Clang 15.0.0 (clang-1500.1.0.2.5)]" os-version="23.3.0" platform="Darwin" cwd="/Users/ruud.wijtvliet/python/portfolyo" machine-name="arm64" user="" user-domain="" culture="en-US" uiculture="en-US" os-architecture="64bit" /><failure><message><![CDATA[]]></message><stack-trace><![CDATA[None]]></stack-trace></failure><reason><message><![CDATA[]]></message></reason><output><![CDATA[]]></output></test-case><test-case id="186" name="tests/tools/test_intersect.py::test_intersect[startdates7-MS-2020-03-01-00:00-idx-Asia/Kolkata]" fullname="tests/tools/test_intersect.py::test_intersect[startdates7-MS-2020-03-01-00:00-idx-Asia/Kolkata]" methodname="test_intersect[startdates7-MS-2020-03-01-00:00-idx-Asia/Kolkata]" classname="tests/tools/test_intersect.py" runstate="Runnable" seed="1" result="Passed" label="Test if intersection of indices gives correct result." start-time="2024-02-05 13:01:29.943291" end-time="2024-02-05 13:01:29.944499" duration="0.001208" asserts="0"><properties><property name="python-version" value="3.11.7 (main, Dec  4 2023, 18:10:11) [Clang 15.0.0 (clang-1500.1.0.2.5)]" /><property name="fspath" value="tests/tools/test_intersect.py" /></properties><environment framework-version="3.6.2" clr-version="3.11.7 (main, Dec  4 2023, 18:10:11) [Clang 15.0.0 (clang-1500.1.0.2.5)]" os-version="23.3.0" platform="Darwin" cwd="/Users/ruud.wijtvliet/python/portfolyo" machine-name="arm64" user="" user-domain="" culture="en-US" uiculture="en-US" os-architecture="64bit" /><failure><message><![CDATA[]]></message><stack-trace><![CDATA[None]]></stack-trace></failure><reason><message><![CDATA[]]></message></reason><output><![CDATA[]]></output></test-case><test-case id="187" name="tests/tools/test_intersect.py::test_intersect[startdates7-MS-2020-03-01-00:00-fr-None]" fullname="tests/tools/test_intersect.py::test_intersect[startdates7-MS-2020-03-01-00:00-fr-None]" methodname="test_intersect[startdates7-MS-2020-03-01-00:00-fr-None]" classname="tests/tools/test_intersect.py" runstate="Runnable" seed="1" result="Passed" label="Test if intersection of indices gives correct result." start-time="2024-02-05 13:01:29.944923" end-time="2024-02-05 13:01:29.947196" duration="0.002273" asserts="0"><properties><property name="python-version" value="3.11.7 (main, Dec  4 2023, 18:10:11) [Clang 15.0.0 (clang-1500.1.0.2.5)]" /><property name="fspath" value="tests/tools/test_intersect.py" /></properties><environment framework-version="3.6.2" clr-version="3.11.7 (main, Dec  4 2023, 18:10:11) [Clang 15.0.0 (clang-1500.1.0.2.5)]" os-version="23.3.0" platform="Darwin" cwd="/Users/ruud.wijtvliet/python/portfolyo" machine-name="arm64" user="" user-domain="" culture="en-US" uiculture="en-US" os-architecture="64bit" /><failure><message><![CDATA[]]></message><stack-trace><![CDATA[None]]></stack-trace></failure><reason><message><![CDATA[]]></message></reason><output><![CDATA[]]></output></test-case><test-case id="188" name="tests/tools/test_intersect.py::test_intersect[startdates7-MS-2020-03-01-00:00-fr-Europe/Berlin]" fullname="tests/tools/test_intersect.py::test_intersect[startdates7-MS-2020-03-01-00:00-fr-Europe/Berlin]" methodname="test_intersect[startdates7-MS-2020-03-01-00:00-fr-Europe/Berlin]" classname="tests/tools/test_intersect.py" runstate="Runnable" seed="1" result="Passed" label="Test if intersection of indices gives correct result." start-time="2024-02-05 13:01:29.947625" end-time="2024-02-05 13:01:29.951201" duration="0.003576" asserts="0"><properties><property name="python-version" value="3.11.7 (main, Dec  4 2023, 18:10:11) [Clang 15.0.0 (clang-1500.1.0.2.5)]" /><property name="fspath" value="tests/tools/test_intersect.py" /></properties><environment framework-version="3.6.2" clr-version="3.11.7 (main, Dec  4 2023, 18:10:11) [Clang 15.0.0 (clang-1500.1.0.2.5)]" os-version="23.3.0" platform="Darwin" cwd="/Users/ruud.wijtvliet/python/portfolyo" machine-name="arm64" user="" user-domain="" culture="en-US" uiculture="en-US" os-architecture="64bit" /><failure><message><![CDATA[]]></message><stack-trace><![CDATA[None]]></stack-trace></failure><reason><message><![CDATA[]]></message></reason><output><![CDATA[]]></output></test-case><test-case id="189" name="tests/tools/test_intersect.py::test_intersect[startdates7-MS-2020-03-01-00:00-fr-Asia/Kolkata]" fullname="tests/tools/test_intersect.py::test_intersect[startdates7-MS-2020-03-01-00:00-fr-Asia/Kolkata]" methodname="test_intersect[startdates7-MS-2020-03-01-00:00-fr-Asia/Kolkata]" classname="tests/tools/test_intersect.py" runstate="Runnable" seed="1" result="Passed" label="Test if intersection of indices gives correct result." start-time="2024-02-05 13:01:29.951735" end-time="2024-02-05 13:01:29.954718" duration="0.002983" asserts="0"><properties><property name="python-version" value="3.11.7 (main, Dec  4 2023, 18:10:11) [Clang 15.0.0 (clang-1500.1.0.2.5)]" /><property name="fspath" value="tests/tools/test_intersect.py" /></properties><environment framework-version="3.6.2" clr-version="3.11.7 (main, Dec  4 2023, 18:10:11) [Clang 15.0.0 (clang-1500.1.0.2.5)]" os-version="23.3.0" platform="Darwin" cwd="/Users/ruud.wijtvliet/python/portfolyo" machine-name="arm64" user="" user-domain="" culture="en-US" uiculture="en-US" os-architecture="64bit" /><failure><message><![CDATA[]]></message><stack-trace><![CDATA[None]]></stack-trace></failure><reason><message><![CDATA[]]></message></reason><output><![CDATA[]]></output></test-case><test-case id="190" name="tests/tools/test_intersect.py::test_intersect[startdates7-MS-2020-03-01-06:00-idx-None]" fullname="tests/tools/test_intersect.py::test_intersect[startdates7-MS-2020-03-01-06:00-idx-None]" methodname="test_intersect[startdates7-MS-2020-03-01-06:00-idx-None]" classname="tests/tools/test_intersect.py" runstate="Runnable" seed="1" result="Passed" label="Test if intersection of indices gives correct result." start-time="2024-02-05 13:01:29.955228" end-time="2024-02-05 13:01:29.956238" duration="0.00101" asserts="0"><properties><property name="python-version" value="3.11.7 (main, Dec  4 2023, 18:10:11) [Clang 15.0.0 (clang-1500.1.0.2.5)]" /><property name="fspath" value="tests/tools/test_intersect.py" /></properties><environment framework-version="3.6.2" clr-version="3.11.7 (main, Dec  4 2023, 18:10:11) [Clang 15.0.0 (clang-1500.1.0.2.5)]" os-version="23.3.0" platform="Darwin" cwd="/Users/ruud.wijtvliet/python/portfolyo" machine-name="arm64" user="" user-domain="" culture="en-US" uiculture="en-US" os-architecture="64bit" /><failure><message><![CDATA[]]></message><stack-trace><![CDATA[None]]></stack-trace></failure><reason><message><![CDATA[]]></message></reason><output><![CDATA[]]></output></test-case><test-case id="191" name="tests/tools/test_intersect.py::test_intersect[startdates7-MS-2020-03-01-06:00-idx-Europe/Berlin]" fullname="tests/tools/test_intersect.py::test_intersect[startdates7-MS-2020-03-01-06:00-idx-Europe/Berlin]" methodname="test_intersect[startdates7-MS-2020-03-01-06:00-idx-Europe/Berlin]" classname="tests/tools/test_intersect.py" runstate="Runnable" seed="1" result="Passed" label="Test if intersection of indices gives correct result." start-time="2024-02-05 13:01:29.956694" end-time="2024-02-05 13:01:29.958028" duration="0.001334" asserts="0"><properties><property name="python-version" value="3.11.7 (main, Dec  4 2023, 18:10:11) [Clang 15.0.0 (clang-1500.1.0.2.5)]" /><property name="fspath" value="tests/tools/test_intersect.py" /></properties><environment framework-version="3.6.2" clr-version="3.11.7 (main, Dec  4 2023, 18:10:11) [Clang 15.0.0 (clang-1500.1.0.2.5)]" os-version="23.3.0" platform="Darwin" cwd="/Users/ruud.wijtvliet/python/portfolyo" machine-name="arm64" user="" user-domain="" culture="en-US" uiculture="en-US" os-architecture="64bit" /><failure><message><![CDATA[]]></message><stack-trace><![CDATA[None]]></stack-trace></failure><reason><message><![CDATA[]]></message></reason><output><![CDATA[]]></output></test-case><test-case id="192" name="tests/tools/test_intersect.py::test_intersect[startdates7-MS-2020-03-01-06:00-idx-Asia/Kolkata]" fullname="tests/tools/test_intersect.py::test_intersect[startdates7-MS-2020-03-01-06:00-idx-Asia/Kolkata]" methodname="test_intersect[startdates7-MS-2020-03-01-06:00-idx-Asia/Kolkata]" classname="tests/tools/test_intersect.py" runstate="Runnable" seed="1" result="Passed" label="Test if intersection of indices gives correct result." start-time="2024-02-05 13:01:29.958555" end-time="2024-02-05 13:01:29.960107" duration="0.001552" asserts="0"><properties><property name="python-version" value="3.11.7 (main, Dec  4 2023, 18:10:11) [Clang 15.0.0 (clang-1500.1.0.2.5)]" /><property name="fspath" value="tests/tools/test_intersect.py" /></properties><environment framework-version="3.6.2" clr-version="3.11.7 (main, Dec  4 2023, 18:10:11) [Clang 15.0.0 (clang-1500.1.0.2.5)]" os-version="23.3.0" platform="Darwin" cwd="/Users/ruud.wijtvliet/python/portfolyo" machine-name="arm64" user="" user-domain="" culture="en-US" uiculture="en-US" os-architecture="64bit" /><failure><message><![CDATA[]]></message><stack-trace><![CDATA[None]]></stack-trace></failure><reason><message><![CDATA[]]></message></reason><output><![CDATA[]]></output></test-case><test-case id="193" name="tests/tools/test_intersect.py::test_intersect[startdates7-MS-2020-03-01-06:00-fr-None]" fullname="tests/tools/test_intersect.py::test_intersect[startdates7-MS-2020-03-01-06:00-fr-None]" methodname="test_intersect[startdates7-MS-2020-03-01-06:00-fr-None]" classname="tests/tools/test_intersect.py" runstate="Runnable" seed="1" result="Passed" label="Test if intersection of indices gives correct result." start-time="2024-02-05 13:01:29.960626" end-time="2024-02-05 13:01:29.963537" duration="0.002911" asserts="0"><properties><property name="python-version" value="3.11.7 (main, Dec  4 2023, 18:10:11) [Clang 15.0.0 (clang-1500.1.0.2.5)]" /><property name="fspath" value="tests/tools/test_intersect.py" /></properties><environment framework-version="3.6.2" clr-version="3.11.7 (main, Dec  4 2023, 18:10:11) [Clang 15.0.0 (clang-1500.1.0.2.5)]" os-version="23.3.0" platform="Darwin" cwd="/Users/ruud.wijtvliet/python/portfolyo" machine-name="arm64" user="" user-domain="" culture="en-US" uiculture="en-US" os-architecture="64bit" /><failure><message><![CDATA[]]></message><stack-trace><![CDATA[None]]></stack-trace></failure><reason><message><![CDATA[]]></message></reason><output><![CDATA[]]></output></test-case><test-case id="194" name="tests/tools/test_intersect.py::test_intersect[startdates7-MS-2020-03-01-06:00-fr-Europe/Berlin]" fullname="tests/tools/test_intersect.py::test_intersect[startdates7-MS-2020-03-01-06:00-fr-Europe/Berlin]" methodname="test_intersect[startdates7-MS-2020-03-01-06:00-fr-Europe/Berlin]" classname="tests/tools/test_intersect.py" runstate="Runnable" seed="1" result="Passed" label="Test if intersection of indices gives correct result." start-time="2024-02-05 13:01:29.964073" end-time="2024-02-05 13:01:29.967238" duration="0.003165" asserts="0"><properties><property name="python-version" value="3.11.7 (main, Dec  4 2023, 18:10:11) [Clang 15.0.0 (clang-1500.1.0.2.5)]" /><property name="fspath" value="tests/tools/test_intersect.py" /></properties><environment framework-version="3.6.2" clr-version="3.11.7 (main, Dec  4 2023, 18:10:11) [Clang 15.0.0 (clang-1500.1.0.2.5)]" os-version="23.3.0" platform="Darwin" cwd="/Users/ruud.wijtvliet/python/portfolyo" machine-name="arm64" user="" user-domain="" culture="en-US" uiculture="en-US" os-architecture="64bit" /><failure><message><![CDATA[]]></message><stack-trace><![CDATA[None]]></stack-trace></failure><reason><message><![CDATA[]]></message></reason><output><![CDATA[]]></output></test-case><test-case id="195" name="tests/tools/test_intersect.py::test_intersect[startdates7-MS-2020-03-01-06:00-fr-Asia/Kolkata]" fullname="tests/tools/test_intersect.py::test_intersect[startdates7-MS-2020-03-01-06:00-fr-Asia/Kolkata]" methodname="test_intersect[startdates7-MS-2020-03-01-06:00-fr-Asia/Kolkata]" classname="tests/tools/test_intersect.py" runstate="Runnable" seed="1" result="Passed" label="Test if intersection of indices gives correct result." start-time="2024-02-05 13:01:29.967710" end-time="2024-02-05 13:01:29.970726" duration="0.003016" asserts="0"><properties><property name="python-version" value="3.11.7 (main, Dec  4 2023, 18:10:11) [Clang 15.0.0 (clang-1500.1.0.2.5)]" /><property name="fspath" value="tests/tools/test_intersect.py" /></properties><environment framework-version="3.6.2" clr-version="3.11.7 (main, Dec  4 2023, 18:10:11) [Clang 15.0.0 (clang-1500.1.0.2.5)]" os-version="23.3.0" platform="Darwin" cwd="/Users/ruud.wijtvliet/python/portfolyo" machine-name="arm64" user="" user-domain="" culture="en-US" uiculture="en-US" os-architecture="64bit" /><failure><message><![CDATA[]]></message><stack-trace><![CDATA[None]]></stack-trace></failure><reason><message><![CDATA[]]></message></reason><output><![CDATA[]]></output></test-case><test-case id="196" name="tests/tools/test_intersect.py::test_intersect[startdates8-QS-2020-04-01-00:00-idx-None]" fullname="tests/tools/test_intersect.py::test_intersect[startdates8-QS-2020-04-01-00:00-idx-None]" methodname="test_intersect[startdates8-QS-2020-04-01-00:00-idx-None]" classname="tests/tools/test_intersect.py" runstate="Runnable" seed="1" result="Passed" label="Test if intersection of indices gives correct result." start-time="2024-02-05 13:01:29.971251" end-time="2024-02-05 13:01:29.972235" duration="0.000984" asserts="0"><properties><property name="python-version" value="3.11.7 (main, Dec  4 2023, 18:10:11) [Clang 15.0.0 (clang-1500.1.0.2.5)]" /><property name="fspath" value="tests/tools/test_intersect.py" /></properties><environment framework-version="3.6.2" clr-version="3.11.7 (main, Dec  4 2023, 18:10:11) [Clang 15.0.0 (clang-1500.1.0.2.5)]" os-version="23.3.0" platform="Darwin" cwd="/Users/ruud.wijtvliet/python/portfolyo" machine-name="arm64" user="" user-domain="" culture="en-US" uiculture="en-US" os-architecture="64bit" /><failure><message><![CDATA[]]></message><stack-trace><![CDATA[None]]></stack-trace></failure><reason><message><![CDATA[]]></message></reason><output><![CDATA[]]></output></test-case><test-case id="197" name="tests/tools/test_intersect.py::test_intersect[startdates8-QS-2020-04-01-00:00-idx-Europe/Berlin]" fullname="tests/tools/test_intersect.py::test_intersect[startdates8-QS-2020-04-01-00:00-idx-Europe/Berlin]" methodname="test_intersect[startdates8-QS-2020-04-01-00:00-idx-Europe/Berlin]" classname="tests/tools/test_intersect.py" runstate="Runnable" seed="1" result="Passed" label="Test if intersection of indices gives correct result." start-time="2024-02-05 13:01:29.972688" end-time="2024-02-05 13:01:29.973755" duration="0.001067" asserts="0"><properties><property name="python-version" value="3.11.7 (main, Dec  4 2023, 18:10:11) [Clang 15.0.0 (clang-1500.1.0.2.5)]" /><property name="fspath" value="tests/tools/test_intersect.py" /></properties><environment framework-version="3.6.2" clr-version="3.11.7 (main, Dec  4 2023, 18:10:11) [Clang 15.0.0 (clang-1500.1.0.2.5)]" os-version="23.3.0" platform="Darwin" cwd="/Users/ruud.wijtvliet/python/portfolyo" machine-name="arm64" user="" user-domain="" culture="en-US" uiculture="en-US" os-architecture="64bit" /><failure><message><![CDATA[]]></message><stack-trace><![CDATA[None]]></stack-trace></failure><reason><message><![CDATA[]]></message></reason><output><![CDATA[]]></output></test-case><test-case id="198" name="tests/tools/test_intersect.py::test_intersect[startdates8-QS-2020-04-01-00:00-idx-Asia/Kolkata]" fullname="tests/tools/test_intersect.py::test_intersect[startdates8-QS-2020-04-01-00:00-idx-Asia/Kolkata]" methodname="test_intersect[startdates8-QS-2020-04-01-00:00-idx-Asia/Kolkata]" classname="tests/tools/test_intersect.py" runstate="Runnable" seed="1" result="Passed" label="Test if intersection of indices gives correct result." start-time="2024-02-05 13:01:29.974225" end-time="2024-02-05 13:01:29.975290" duration="0.001065" asserts="0"><properties><property name="python-version" value="3.11.7 (main, Dec  4 2023, 18:10:11) [Clang 15.0.0 (clang-1500.1.0.2.5)]" /><property name="fspath" value="tests/tools/test_intersect.py" /></properties><environment framework-version="3.6.2" clr-version="3.11.7 (main, Dec  4 2023, 18:10:11) [Clang 15.0.0 (clang-1500.1.0.2.5)]" os-version="23.3.0" platform="Darwin" cwd="/Users/ruud.wijtvliet/python/portfolyo" machine-name="arm64" user="" user-domain="" culture="en-US" uiculture="en-US" os-architecture="64bit" /><failure><message><![CDATA[]]></message><stack-trace><![CDATA[None]]></stack-trace></failure><reason><message><![CDATA[]]></message></reason><output><![CDATA[]]></output></test-case><test-case id="199" name="tests/tools/test_intersect.py::test_intersect[startdates8-QS-2020-04-01-00:00-fr-None]" fullname="tests/tools/test_intersect.py::test_intersect[startdates8-QS-2020-04-01-00:00-fr-None]" methodname="test_intersect[startdates8-QS-2020-04-01-00:00-fr-None]" classname="tests/tools/test_intersect.py" runstate="Runnable" seed="1" result="Passed" label="Test if intersection of indices gives correct result." start-time="2024-02-05 13:01:29.975744" end-time="2024-02-05 13:01:29.978062" duration="0.002318" asserts="0"><properties><property name="python-version" value="3.11.7 (main, Dec  4 2023, 18:10:11) [Clang 15.0.0 (clang-1500.1.0.2.5)]" /><property name="fspath" value="tests/tools/test_intersect.py" /></properties><environment framework-version="3.6.2" clr-version="3.11.7 (main, Dec  4 2023, 18:10:11) [Clang 15.0.0 (clang-1500.1.0.2.5)]" os-version="23.3.0" platform="Darwin" cwd="/Users/ruud.wijtvliet/python/portfolyo" machine-name="arm64" user="" user-domain="" culture="en-US" uiculture="en-US" os-architecture="64bit" /><failure><message><![CDATA[]]></message><stack-trace><![CDATA[None]]></stack-trace></failure><reason><message><![CDATA[]]></message></reason><output><![CDATA[]]></output></test-case><test-case id="200" name="tests/tools/test_intersect.py::test_intersect[startdates8-QS-2020-04-01-00:00-fr-Europe/Berlin]" fullname="tests/tools/test_intersect.py::test_intersect[startdates8-QS-2020-04-01-00:00-fr-Europe/Berlin]" methodname="test_intersect[startdates8-QS-2020-04-01-00:00-fr-Europe/Berlin]" classname="tests/tools/test_intersect.py" runstate="Runnable" seed="1" result="Passed" label="Test if intersection of indices gives correct result." start-time="2024-02-05 13:01:29.978575" end-time="2024-02-05 13:01:29.981071" duration="0.002496" asserts="0"><properties><property name="python-version" value="3.11.7 (main, Dec  4 2023, 18:10:11) [Clang 15.0.0 (clang-1500.1.0.2.5)]" /><property name="fspath" value="tests/tools/test_intersect.py" /></properties><environment framework-version="3.6.2" clr-version="3.11.7 (main, Dec  4 2023, 18:10:11) [Clang 15.0.0 (clang-1500.1.0.2.5)]" os-version="23.3.0" platform="Darwin" cwd="/Users/ruud.wijtvliet/python/portfolyo" machine-name="arm64" user="" user-domain="" culture="en-US" uiculture="en-US" os-architecture="64bit" /><failure><message><![CDATA[]]></message><stack-trace><![CDATA[None]]></stack-trace></failure><reason><message><![CDATA[]]></message></reason><output><![CDATA[]]></output></test-case><test-case id="201" name="tests/tools/test_intersect.py::test_intersect[startdates8-QS-2020-04-01-00:00-fr-Asia/Kolkata]" fullname="tests/tools/test_intersect.py::test_intersect[startdates8-QS-2020-04-01-00:00-fr-Asia/Kolkata]" methodname="test_intersect[startdates8-QS-2020-04-01-00:00-fr-Asia/Kolkata]" classname="tests/tools/test_intersect.py" runstate="Runnable" seed="1" result="Passed" label="Test if intersection of indices gives correct result." start-time="2024-02-05 13:01:29.981552" end-time="2024-02-05 13:01:29.984375" duration="0.002823" asserts="0"><properties><property name="python-version" value="3.11.7 (main, Dec  4 2023, 18:10:11) [Clang 15.0.0 (clang-1500.1.0.2.5)]" /><property name="fspath" value="tests/tools/test_intersect.py" /></properties><environment framework-version="3.6.2" clr-version="3.11.7 (main, Dec  4 2023, 18:10:11) [Clang 15.0.0 (clang-1500.1.0.2.5)]" os-version="23.3.0" platform="Darwin" cwd="/Users/ruud.wijtvliet/python/portfolyo" machine-name="arm64" user="" user-domain="" culture="en-US" uiculture="en-US" os-architecture="64bit" /><failure><message><![CDATA[]]></message><stack-trace><![CDATA[None]]></stack-trace></failure><reason><message><![CDATA[]]></message></reason><output><![CDATA[]]></output></test-case><test-case id="202" name="tests/tools/test_intersect.py::test_intersect[startdates8-QS-2020-04-01-06:00-idx-None]" fullname="tests/tools/test_intersect.py::test_intersect[startdates8-QS-2020-04-01-06:00-idx-None]" methodname="test_intersect[startdates8-QS-2020-04-01-06:00-idx-None]" classname="tests/tools/test_intersect.py" runstate="Runnable" seed="1" result="Passed" label="Test if intersection of indices gives correct result." start-time="2024-02-05 13:01:29.984916" end-time="2024-02-05 13:01:29.985823" duration="0.000907" asserts="0"><properties><property name="python-version" value="3.11.7 (main, Dec  4 2023, 18:10:11) [Clang 15.0.0 (clang-1500.1.0.2.5)]" /><property name="fspath" value="tests/tools/test_intersect.py" /></properties><environment framework-version="3.6.2" clr-version="3.11.7 (main, Dec  4 2023, 18:10:11) [Clang 15.0.0 (clang-1500.1.0.2.5)]" os-version="23.3.0" platform="Darwin" cwd="/Users/ruud.wijtvliet/python/portfolyo" machine-name="arm64" user="" user-domain="" culture="en-US" uiculture="en-US" os-architecture="64bit" /><failure><message><![CDATA[]]></message><stack-trace><![CDATA[None]]></stack-trace></failure><reason><message><![CDATA[]]></message></reason><output><![CDATA[]]></output></test-case><test-case id="203" name="tests/tools/test_intersect.py::test_intersect[startdates8-QS-2020-04-01-06:00-idx-Europe/Berlin]" fullname="tests/tools/test_intersect.py::test_intersect[startdates8-QS-2020-04-01-06:00-idx-Europe/Berlin]" methodname="test_intersect[startdates8-QS-2020-04-01-06:00-idx-Europe/Berlin]" classname="tests/tools/test_intersect.py" runstate="Runnable" seed="1" result="Passed" label="Test if intersection of indices gives correct result." start-time="2024-02-05 13:01:29.986259" end-time="2024-02-05 13:01:29.987301" duration="0.001042" asserts="0"><properties><property name="python-version" value="3.11.7 (main, Dec  4 2023, 18:10:11) [Clang 15.0.0 (clang-1500.1.0.2.5)]" /><property name="fspath" value="tests/tools/test_intersect.py" /></properties><environment framework-version="3.6.2" clr-version="3.11.7 (main, Dec  4 2023, 18:10:11) [Clang 15.0.0 (clang-1500.1.0.2.5)]" os-version="23.3.0" platform="Darwin" cwd="/Users/ruud.wijtvliet/python/portfolyo" machine-name="arm64" user="" user-domain="" culture="en-US" uiculture="en-US" os-architecture="64bit" /><failure><message><![CDATA[]]></message><stack-trace><![CDATA[None]]></stack-trace></failure><reason><message><![CDATA[]]></message></reason><output><![CDATA[]]></output></test-case><test-case id="204" name="tests/tools/test_intersect.py::test_intersect[startdates8-QS-2020-04-01-06:00-idx-Asia/Kolkata]" fullname="tests/tools/test_intersect.py::test_intersect[startdates8-QS-2020-04-01-06:00-idx-Asia/Kolkata]" methodname="test_intersect[startdates8-QS-2020-04-01-06:00-idx-Asia/Kolkata]" classname="tests/tools/test_intersect.py" runstate="Runnable" seed="1" result="Passed" label="Test if intersection of indices gives correct result." start-time="2024-02-05 13:01:29.987749" end-time="2024-02-05 13:01:29.988772" duration="0.001023" asserts="0"><properties><property name="python-version" value="3.11.7 (main, Dec  4 2023, 18:10:11) [Clang 15.0.0 (clang-1500.1.0.2.5)]" /><property name="fspath" value="tests/tools/test_intersect.py" /></properties><environment framework-version="3.6.2" clr-version="3.11.7 (main, Dec  4 2023, 18:10:11) [Clang 15.0.0 (clang-1500.1.0.2.5)]" os-version="23.3.0" platform="Darwin" cwd="/Users/ruud.wijtvliet/python/portfolyo" machine-name="arm64" user="" user-domain="" culture="en-US" uiculture="en-US" os-architecture="64bit" /><failure><message><![CDATA[]]></message><stack-trace><![CDATA[None]]></stack-trace></failure><reason><message><![CDATA[]]></message></reason><output><![CDATA[]]></output></test-case><test-case id="205" name="tests/tools/test_intersect.py::test_intersect[startdates8-QS-2020-04-01-06:00-fr-None]" fullname="tests/tools/test_intersect.py::test_intersect[startdates8-QS-2020-04-01-06:00-fr-None]" methodname="test_intersect[startdates8-QS-2020-04-01-06:00-fr-None]" classname="tests/tools/test_intersect.py" runstate="Runnable" seed="1" result="Passed" label="Test if intersection of indices gives correct result." start-time="2024-02-05 13:01:29.989266" end-time="2024-02-05 13:01:29.991690" duration="0.002424" asserts="0"><properties><property name="python-version" value="3.11.7 (main, Dec  4 2023, 18:10:11) [Clang 15.0.0 (clang-1500.1.0.2.5)]" /><property name="fspath" value="tests/tools/test_intersect.py" /></properties><environment framework-version="3.6.2" clr-version="3.11.7 (main, Dec  4 2023, 18:10:11) [Clang 15.0.0 (clang-1500.1.0.2.5)]" os-version="23.3.0" platform="Darwin" cwd="/Users/ruud.wijtvliet/python/portfolyo" machine-name="arm64" user="" user-domain="" culture="en-US" uiculture="en-US" os-architecture="64bit" /><failure><message><![CDATA[]]></message><stack-trace><![CDATA[None]]></stack-trace></failure><reason><message><![CDATA[]]></message></reason><output><![CDATA[]]></output></test-case><test-case id="206" name="tests/tools/test_intersect.py::test_intersect[startdates8-QS-2020-04-01-06:00-fr-Europe/Berlin]" fullname="tests/tools/test_intersect.py::test_intersect[startdates8-QS-2020-04-01-06:00-fr-Europe/Berlin]" methodname="test_intersect[startdates8-QS-2020-04-01-06:00-fr-Europe/Berlin]" classname="tests/tools/test_intersect.py" runstate="Runnable" seed="1" result="Passed" label="Test if intersection of indices gives correct result." start-time="2024-02-05 13:01:29.992208" end-time="2024-02-05 13:01:29.995095" duration="0.002887" asserts="0"><properties><property name="python-version" value="3.11.7 (main, Dec  4 2023, 18:10:11) [Clang 15.0.0 (clang-1500.1.0.2.5)]" /><property name="fspath" value="tests/tools/test_intersect.py" /></properties><environment framework-version="3.6.2" clr-version="3.11.7 (main, Dec  4 2023, 18:10:11) [Clang 15.0.0 (clang-1500.1.0.2.5)]" os-version="23.3.0" platform="Darwin" cwd="/Users/ruud.wijtvliet/python/portfolyo" machine-name="arm64" user="" user-domain="" culture="en-US" uiculture="en-US" os-architecture="64bit" /><failure><message><![CDATA[]]></message><stack-trace><![CDATA[None]]></stack-trace></failure><reason><message><![CDATA[]]></message></reason><output><![CDATA[]]></output></test-case><test-case id="207" name="tests/tools/test_intersect.py::test_intersect[startdates8-QS-2020-04-01-06:00-fr-Asia/Kolkata]" fullname="tests/tools/test_intersect.py::test_intersect[startdates8-QS-2020-04-01-06:00-fr-Asia/Kolkata]" methodname="test_intersect[startdates8-QS-2020-04-01-06:00-fr-Asia/Kolkata]" classname="tests/tools/test_intersect.py" runstate="Runnable" seed="1" result="Passed" label="Test if intersection of indices gives correct result." start-time="2024-02-05 13:01:29.995625" end-time="2024-02-05 13:01:29.998646" duration="0.003021" asserts="0"><properties><property name="python-version" value="3.11.7 (main, Dec  4 2023, 18:10:11) [Clang 15.0.0 (clang-1500.1.0.2.5)]" /><property name="fspath" value="tests/tools/test_intersect.py" /></properties><environment framework-version="3.6.2" clr-version="3.11.7 (main, Dec  4 2023, 18:10:11) [Clang 15.0.0 (clang-1500.1.0.2.5)]" os-version="23.3.0" platform="Darwin" cwd="/Users/ruud.wijtvliet/python/portfolyo" machine-name="arm64" user="" user-domain="" culture="en-US" uiculture="en-US" os-architecture="64bit" /><failure><message><![CDATA[]]></message><stack-trace><![CDATA[None]]></stack-trace></failure><reason><message><![CDATA[]]></message></reason><output><![CDATA[]]></output></test-case><test-case id="208" name="tests/tools/test_intersect.py::test_intersect[startdates9-QS-2020-04-01-00:00-idx-None]" fullname="tests/tools/test_intersect.py::test_intersect[startdates9-QS-2020-04-01-00:00-idx-None]" methodname="test_intersect[startdates9-QS-2020-04-01-00:00-idx-None]" classname="tests/tools/test_intersect.py" runstate="Runnable" seed="1" result="Passed" label="Test if intersection of indices gives correct result." start-time="2024-02-05 13:01:29.999155" end-time="2024-02-05 13:01:30.000078" duration="0.000923" asserts="0"><properties><property name="python-version" value="3.11.7 (main, Dec  4 2023, 18:10:11) [Clang 15.0.0 (clang-1500.1.0.2.5)]" /><property name="fspath" value="tests/tools/test_intersect.py" /></properties><environment framework-version="3.6.2" clr-version="3.11.7 (main, Dec  4 2023, 18:10:11) [Clang 15.0.0 (clang-1500.1.0.2.5)]" os-version="23.3.0" platform="Darwin" cwd="/Users/ruud.wijtvliet/python/portfolyo" machine-name="arm64" user="" user-domain="" culture="en-US" uiculture="en-US" os-architecture="64bit" /><failure><message><![CDATA[]]></message><stack-trace><![CDATA[None]]></stack-trace></failure><reason><message><![CDATA[]]></message></reason><output><![CDATA[]]></output></test-case><test-case id="209" name="tests/tools/test_intersect.py::test_intersect[startdates9-QS-2020-04-01-00:00-idx-Europe/Berlin]" fullname="tests/tools/test_intersect.py::test_intersect[startdates9-QS-2020-04-01-00:00-idx-Europe/Berlin]" methodname="test_intersect[startdates9-QS-2020-04-01-00:00-idx-Europe/Berlin]" classname="tests/tools/test_intersect.py" runstate="Runnable" seed="1" result="Passed" label="Test if intersection of indices gives correct result." start-time="2024-02-05 13:01:30.000538" end-time="2024-02-05 13:01:30.001511" duration="0.000973" asserts="0"><properties><property name="python-version" value="3.11.7 (main, Dec  4 2023, 18:10:11) [Clang 15.0.0 (clang-1500.1.0.2.5)]" /><property name="fspath" value="tests/tools/test_intersect.py" /></properties><environment framework-version="3.6.2" clr-version="3.11.7 (main, Dec  4 2023, 18:10:11) [Clang 15.0.0 (clang-1500.1.0.2.5)]" os-version="23.3.0" platform="Darwin" cwd="/Users/ruud.wijtvliet/python/portfolyo" machine-name="arm64" user="" user-domain="" culture="en-US" uiculture="en-US" os-architecture="64bit" /><failure><message><![CDATA[]]></message><stack-trace><![CDATA[None]]></stack-trace></failure><reason><message><![CDATA[]]></message></reason><output><![CDATA[]]></output></test-case><test-case id="210" name="tests/tools/test_intersect.py::test_intersect[startdates9-QS-2020-04-01-00:00-idx-Asia/Kolkata]" fullname="tests/tools/test_intersect.py::test_intersect[startdates9-QS-2020-04-01-00:00-idx-Asia/Kolkata]" methodname="test_intersect[startdates9-QS-2020-04-01-00:00-idx-Asia/Kolkata]" classname="tests/tools/test_intersect.py" runstate="Runnable" seed="1" result="Passed" label="Test if intersection of indices gives correct result." start-time="2024-02-05 13:01:30.001929" end-time="2024-02-05 13:01:30.002869" duration="0.00094" asserts="0"><properties><property name="python-version" value="3.11.7 (main, Dec  4 2023, 18:10:11) [Clang 15.0.0 (clang-1500.1.0.2.5)]" /><property name="fspath" value="tests/tools/test_intersect.py" /></properties><environment framework-version="3.6.2" clr-version="3.11.7 (main, Dec  4 2023, 18:10:11) [Clang 15.0.0 (clang-1500.1.0.2.5)]" os-version="23.3.0" platform="Darwin" cwd="/Users/ruud.wijtvliet/python/portfolyo" machine-name="arm64" user="" user-domain="" culture="en-US" uiculture="en-US" os-architecture="64bit" /><failure><message><![CDATA[]]></message><stack-trace><![CDATA[None]]></stack-trace></failure><reason><message><![CDATA[]]></message></reason><output><![CDATA[]]></output></test-case><test-case id="211" name="tests/tools/test_intersect.py::test_intersect[startdates9-QS-2020-04-01-00:00-fr-None]" fullname="tests/tools/test_intersect.py::test_intersect[startdates9-QS-2020-04-01-00:00-fr-None]" methodname="test_intersect[startdates9-QS-2020-04-01-00:00-fr-None]" classname="tests/tools/test_intersect.py" runstate="Runnable" seed="1" result="Passed" label="Test if intersection of indices gives correct result." start-time="2024-02-05 13:01:30.003314" end-time="2024-02-05 13:01:30.005542" duration="0.002228" asserts="0"><properties><property name="python-version" value="3.11.7 (main, Dec  4 2023, 18:10:11) [Clang 15.0.0 (clang-1500.1.0.2.5)]" /><property name="fspath" value="tests/tools/test_intersect.py" /></properties><environment framework-version="3.6.2" clr-version="3.11.7 (main, Dec  4 2023, 18:10:11) [Clang 15.0.0 (clang-1500.1.0.2.5)]" os-version="23.3.0" platform="Darwin" cwd="/Users/ruud.wijtvliet/python/portfolyo" machine-name="arm64" user="" user-domain="" culture="en-US" uiculture="en-US" os-architecture="64bit" /><failure><message><![CDATA[]]></message><stack-trace><![CDATA[None]]></stack-trace></failure><reason><message><![CDATA[]]></message></reason><output><![CDATA[]]></output></test-case><test-case id="212" name="tests/tools/test_intersect.py::test_intersect[startdates9-QS-2020-04-01-00:00-fr-Europe/Berlin]" fullname="tests/tools/test_intersect.py::test_intersect[startdates9-QS-2020-04-01-00:00-fr-Europe/Berlin]" methodname="test_intersect[startdates9-QS-2020-04-01-00:00-fr-Europe/Berlin]" classname="tests/tools/test_intersect.py" runstate="Runnable" seed="1" result="Passed" label="Test if intersection of indices gives correct result." start-time="2024-02-05 13:01:30.005974" end-time="2024-02-05 13:01:30.008406" duration="0.002432" asserts="0"><properties><property name="python-version" value="3.11.7 (main, Dec  4 2023, 18:10:11) [Clang 15.0.0 (clang-1500.1.0.2.5)]" /><property name="fspath" value="tests/tools/test_intersect.py" /></properties><environment framework-version="3.6.2" clr-version="3.11.7 (main, Dec  4 2023, 18:10:11) [Clang 15.0.0 (clang-1500.1.0.2.5)]" os-version="23.3.0" platform="Darwin" cwd="/Users/ruud.wijtvliet/python/portfolyo" machine-name="arm64" user="" user-domain="" culture="en-US" uiculture="en-US" os-architecture="64bit" /><failure><message><![CDATA[]]></message><stack-trace><![CDATA[None]]></stack-trace></failure><reason><message><![CDATA[]]></message></reason><output><![CDATA[]]></output></test-case><test-case id="213" name="tests/tools/test_intersect.py::test_intersect[startdates9-QS-2020-04-01-00:00-fr-Asia/Kolkata]" fullname="tests/tools/test_intersect.py::test_intersect[startdates9-QS-2020-04-01-00:00-fr-Asia/Kolkata]" methodname="test_intersect[startdates9-QS-2020-04-01-00:00-fr-Asia/Kolkata]" classname="tests/tools/test_intersect.py" runstate="Runnable" seed="1" result="Passed" label="Test if intersection of indices gives correct result." start-time="2024-02-05 13:01:30.008851" end-time="2024-02-05 13:01:30.012060" duration="0.003209" asserts="0"><properties><property name="python-version" value="3.11.7 (main, Dec  4 2023, 18:10:11) [Clang 15.0.0 (clang-1500.1.0.2.5)]" /><property name="fspath" value="tests/tools/test_intersect.py" /></properties><environment framework-version="3.6.2" clr-version="3.11.7 (main, Dec  4 2023, 18:10:11) [Clang 15.0.0 (clang-1500.1.0.2.5)]" os-version="23.3.0" platform="Darwin" cwd="/Users/ruud.wijtvliet/python/portfolyo" machine-name="arm64" user="" user-domain="" culture="en-US" uiculture="en-US" os-architecture="64bit" /><failure><message><![CDATA[]]></message><stack-trace><![CDATA[None]]></stack-trace></failure><reason><message><![CDATA[]]></message></reason><output><![CDATA[]]></output></test-case><test-case id="214" name="tests/tools/test_intersect.py::test_intersect[startdates9-QS-2020-04-01-06:00-idx-None]" fullname="tests/tools/test_intersect.py::test_intersect[startdates9-QS-2020-04-01-06:00-idx-None]" methodname="test_intersect[startdates9-QS-2020-04-01-06:00-idx-None]" classname="tests/tools/test_intersect.py" runstate="Runnable" seed="1" result="Passed" label="Test if intersection of indices gives correct result." start-time="2024-02-05 13:01:30.012497" end-time="2024-02-05 13:01:30.013223" duration="0.000726" asserts="0"><properties><property name="python-version" value="3.11.7 (main, Dec  4 2023, 18:10:11) [Clang 15.0.0 (clang-1500.1.0.2.5)]" /><property name="fspath" value="tests/tools/test_intersect.py" /></properties><environment framework-version="3.6.2" clr-version="3.11.7 (main, Dec  4 2023, 18:10:11) [Clang 15.0.0 (clang-1500.1.0.2.5)]" os-version="23.3.0" platform="Darwin" cwd="/Users/ruud.wijtvliet/python/portfolyo" machine-name="arm64" user="" user-domain="" culture="en-US" uiculture="en-US" os-architecture="64bit" /><failure><message><![CDATA[]]></message><stack-trace><![CDATA[None]]></stack-trace></failure><reason><message><![CDATA[]]></message></reason><output><![CDATA[]]></output></test-case><test-case id="215" name="tests/tools/test_intersect.py::test_intersect[startdates9-QS-2020-04-01-06:00-idx-Europe/Berlin]" fullname="tests/tools/test_intersect.py::test_intersect[startdates9-QS-2020-04-01-06:00-idx-Europe/Berlin]" methodname="test_intersect[startdates9-QS-2020-04-01-06:00-idx-Europe/Berlin]" classname="tests/tools/test_intersect.py" runstate="Runnable" seed="1" result="Passed" label="Test if intersection of indices gives correct result." start-time="2024-02-05 13:01:30.013647" end-time="2024-02-05 13:01:30.014597" duration="0.00095" asserts="0"><properties><property name="python-version" value="3.11.7 (main, Dec  4 2023, 18:10:11) [Clang 15.0.0 (clang-1500.1.0.2.5)]" /><property name="fspath" value="tests/tools/test_intersect.py" /></properties><environment framework-version="3.6.2" clr-version="3.11.7 (main, Dec  4 2023, 18:10:11) [Clang 15.0.0 (clang-1500.1.0.2.5)]" os-version="23.3.0" platform="Darwin" cwd="/Users/ruud.wijtvliet/python/portfolyo" machine-name="arm64" user="" user-domain="" culture="en-US" uiculture="en-US" os-architecture="64bit" /><failure><message><![CDATA[]]></message><stack-trace><![CDATA[None]]></stack-trace></failure><reason><message><![CDATA[]]></message></reason><output><![CDATA[]]></output></test-case><test-case id="216" name="tests/tools/test_intersect.py::test_intersect[startdates9-QS-2020-04-01-06:00-idx-Asia/Kolkata]" fullname="tests/tools/test_intersect.py::test_intersect[startdates9-QS-2020-04-01-06:00-idx-Asia/Kolkata]" methodname="test_intersect[startdates9-QS-2020-04-01-06:00-idx-Asia/Kolkata]" classname="tests/tools/test_intersect.py" runstate="Runnable" seed="1" result="Passed" label="Test if intersection of indices gives correct result." start-time="2024-02-05 13:01:30.015038" end-time="2024-02-05 13:01:30.015967" duration="0.000929" asserts="0"><properties><property name="python-version" value="3.11.7 (main, Dec  4 2023, 18:10:11) [Clang 15.0.0 (clang-1500.1.0.2.5)]" /><property name="fspath" value="tests/tools/test_intersect.py" /></properties><environment framework-version="3.6.2" clr-version="3.11.7 (main, Dec  4 2023, 18:10:11) [Clang 15.0.0 (clang-1500.1.0.2.5)]" os-version="23.3.0" platform="Darwin" cwd="/Users/ruud.wijtvliet/python/portfolyo" machine-name="arm64" user="" user-domain="" culture="en-US" uiculture="en-US" os-architecture="64bit" /><failure><message><![CDATA[]]></message><stack-trace><![CDATA[None]]></stack-trace></failure><reason><message><![CDATA[]]></message></reason><output><![CDATA[]]></output></test-case><test-case id="217" name="tests/tools/test_intersect.py::test_intersect[startdates9-QS-2020-04-01-06:00-fr-None]" fullname="tests/tools/test_intersect.py::test_intersect[startdates9-QS-2020-04-01-06:00-fr-None]" methodname="test_intersect[startdates9-QS-2020-04-01-06:00-fr-None]" classname="tests/tools/test_intersect.py" runstate="Runnable" seed="1" result="Passed" label="Test if intersection of indices gives correct result." start-time="2024-02-05 13:01:30.016393" end-time="2024-02-05 13:01:30.018607" duration="0.002214" asserts="0"><properties><property name="python-version" value="3.11.7 (main, Dec  4 2023, 18:10:11) [Clang 15.0.0 (clang-1500.1.0.2.5)]" /><property name="fspath" value="tests/tools/test_intersect.py" /></properties><environment framework-version="3.6.2" clr-version="3.11.7 (main, Dec  4 2023, 18:10:11) [Clang 15.0.0 (clang-1500.1.0.2.5)]" os-version="23.3.0" platform="Darwin" cwd="/Users/ruud.wijtvliet/python/portfolyo" machine-name="arm64" user="" user-domain="" culture="en-US" uiculture="en-US" os-architecture="64bit" /><failure><message><![CDATA[]]></message><stack-trace><![CDATA[None]]></stack-trace></failure><reason><message><![CDATA[]]></message></reason><output><![CDATA[]]></output></test-case><test-case id="218" name="tests/tools/test_intersect.py::test_intersect[startdates9-QS-2020-04-01-06:00-fr-Europe/Berlin]" fullname="tests/tools/test_intersect.py::test_intersect[startdates9-QS-2020-04-01-06:00-fr-Europe/Berlin]" methodname="test_intersect[startdates9-QS-2020-04-01-06:00-fr-Europe/Berlin]" classname="tests/tools/test_intersect.py" runstate="Runnable" seed="1" result="Passed" label="Test if intersection of indices gives correct result." start-time="2024-02-05 13:01:30.019054" end-time="2024-02-05 13:01:30.022492" duration="0.003438" asserts="0"><properties><property name="python-version" value="3.11.7 (main, Dec  4 2023, 18:10:11) [Clang 15.0.0 (clang-1500.1.0.2.5)]" /><property name="fspath" value="tests/tools/test_intersect.py" /></properties><environment framework-version="3.6.2" clr-version="3.11.7 (main, Dec  4 2023, 18:10:11) [Clang 15.0.0 (clang-1500.1.0.2.5)]" os-version="23.3.0" platform="Darwin" cwd="/Users/ruud.wijtvliet/python/portfolyo" machine-name="arm64" user="" user-domain="" culture="en-US" uiculture="en-US" os-architecture="64bit" /><failure><message><![CDATA[]]></message><stack-trace><![CDATA[None]]></stack-trace></failure><reason><message><![CDATA[]]></message></reason><output><![CDATA[]]></output></test-case><test-case id="219" name="tests/tools/test_intersect.py::test_intersect[startdates9-QS-2020-04-01-06:00-fr-Asia/Kolkata]" fullname="tests/tools/test_intersect.py::test_intersect[startdates9-QS-2020-04-01-06:00-fr-Asia/Kolkata]" methodname="test_intersect[startdates9-QS-2020-04-01-06:00-fr-Asia/Kolkata]" classname="tests/tools/test_intersect.py" runstate="Runnable" seed="1" result="Passed" label="Test if intersection of indices gives correct result." start-time="2024-02-05 13:01:30.023044" end-time="2024-02-05 13:01:30.025945" duration="0.002901" asserts="0"><properties><property name="python-version" value="3.11.7 (main, Dec  4 2023, 18:10:11) [Clang 15.0.0 (clang-1500.1.0.2.5)]" /><property name="fspath" value="tests/tools/test_intersect.py" /></properties><environment framework-version="3.6.2" clr-version="3.11.7 (main, Dec  4 2023, 18:10:11) [Clang 15.0.0 (clang-1500.1.0.2.5)]" os-version="23.3.0" platform="Darwin" cwd="/Users/ruud.wijtvliet/python/portfolyo" machine-name="arm64" user="" user-domain="" culture="en-US" uiculture="en-US" os-architecture="64bit" /><failure><message><![CDATA[]]></message><stack-trace><![CDATA[None]]></stack-trace></failure><reason><message><![CDATA[]]></message></reason><output><![CDATA[]]></output></test-case><test-case id="220" name="tests/tools/test_intersect.py::test_intersect[startdates10-AS-2021-01-01-00:00-idx-None]" fullname="tests/tools/test_intersect.py::test_intersect[startdates10-AS-2021-01-01-00:00-idx-None]" methodname="test_intersect[startdates10-AS-2021-01-01-00:00-idx-None]" classname="tests/tools/test_intersect.py" runstate="Runnable" seed="1" result="Passed" label="Test if intersection of indices gives correct result." start-time="2024-02-05 13:01:30.026544" end-time="2024-02-05 13:01:30.027312" duration="0.000768" asserts="0"><properties><property name="python-version" value="3.11.7 (main, Dec  4 2023, 18:10:11) [Clang 15.0.0 (clang-1500.1.0.2.5)]" /><property name="fspath" value="tests/tools/test_intersect.py" /></properties><environment framework-version="3.6.2" clr-version="3.11.7 (main, Dec  4 2023, 18:10:11) [Clang 15.0.0 (clang-1500.1.0.2.5)]" os-version="23.3.0" platform="Darwin" cwd="/Users/ruud.wijtvliet/python/portfolyo" machine-name="arm64" user="" user-domain="" culture="en-US" uiculture="en-US" os-architecture="64bit" /><failure><message><![CDATA[]]></message><stack-trace><![CDATA[None]]></stack-trace></failure><reason><message><![CDATA[]]></message></reason><output><![CDATA[]]></output></test-case><test-case id="221" name="tests/tools/test_intersect.py::test_intersect[startdates10-AS-2021-01-01-00:00-idx-Europe/Berlin]" fullname="tests/tools/test_intersect.py::test_intersect[startdates10-AS-2021-01-01-00:00-idx-Europe/Berlin]" methodname="test_intersect[startdates10-AS-2021-01-01-00:00-idx-Europe/Berlin]" classname="tests/tools/test_intersect.py" runstate="Runnable" seed="1" result="Passed" label="Test if intersection of indices gives correct result." start-time="2024-02-05 13:01:30.027820" end-time="2024-02-05 13:01:30.028722" duration="0.000902" asserts="0"><properties><property name="python-version" value="3.11.7 (main, Dec  4 2023, 18:10:11) [Clang 15.0.0 (clang-1500.1.0.2.5)]" /><property name="fspath" value="tests/tools/test_intersect.py" /></properties><environment framework-version="3.6.2" clr-version="3.11.7 (main, Dec  4 2023, 18:10:11) [Clang 15.0.0 (clang-1500.1.0.2.5)]" os-version="23.3.0" platform="Darwin" cwd="/Users/ruud.wijtvliet/python/portfolyo" machine-name="arm64" user="" user-domain="" culture="en-US" uiculture="en-US" os-architecture="64bit" /><failure><message><![CDATA[]]></message><stack-trace><![CDATA[None]]></stack-trace></failure><reason><message><![CDATA[]]></message></reason><output><![CDATA[]]></output></test-case><test-case id="222" name="tests/tools/test_intersect.py::test_intersect[startdates10-AS-2021-01-01-00:00-idx-Asia/Kolkata]" fullname="tests/tools/test_intersect.py::test_intersect[startdates10-AS-2021-01-01-00:00-idx-Asia/Kolkata]" methodname="test_intersect[startdates10-AS-2021-01-01-00:00-idx-Asia/Kolkata]" classname="tests/tools/test_intersect.py" runstate="Runnable" seed="1" result="Passed" label="Test if intersection of indices gives correct result." start-time="2024-02-05 13:01:30.029251" end-time="2024-02-05 13:01:30.030057" duration="0.000806" asserts="0"><properties><property name="python-version" value="3.11.7 (main, Dec  4 2023, 18:10:11) [Clang 15.0.0 (clang-1500.1.0.2.5)]" /><property name="fspath" value="tests/tools/test_intersect.py" /></properties><environment framework-version="3.6.2" clr-version="3.11.7 (main, Dec  4 2023, 18:10:11) [Clang 15.0.0 (clang-1500.1.0.2.5)]" os-version="23.3.0" platform="Darwin" cwd="/Users/ruud.wijtvliet/python/portfolyo" machine-name="arm64" user="" user-domain="" culture="en-US" uiculture="en-US" os-architecture="64bit" /><failure><message><![CDATA[]]></message><stack-trace><![CDATA[None]]></stack-trace></failure><reason><message><![CDATA[]]></message></reason><output><![CDATA[]]></output></test-case><test-case id="223" name="tests/tools/test_intersect.py::test_intersect[startdates10-AS-2021-01-01-00:00-fr-None]" fullname="tests/tools/test_intersect.py::test_intersect[startdates10-AS-2021-01-01-00:00-fr-None]" methodname="test_intersect[startdates10-AS-2021-01-01-00:00-fr-None]" classname="tests/tools/test_intersect.py" runstate="Runnable" seed="1" result="Passed" label="Test if intersection of indices gives correct result." start-time="2024-02-05 13:01:30.030543" end-time="2024-02-05 13:01:30.032894" duration="0.002351" asserts="0"><properties><property name="python-version" value="3.11.7 (main, Dec  4 2023, 18:10:11) [Clang 15.0.0 (clang-1500.1.0.2.5)]" /><property name="fspath" value="tests/tools/test_intersect.py" /></properties><environment framework-version="3.6.2" clr-version="3.11.7 (main, Dec  4 2023, 18:10:11) [Clang 15.0.0 (clang-1500.1.0.2.5)]" os-version="23.3.0" platform="Darwin" cwd="/Users/ruud.wijtvliet/python/portfolyo" machine-name="arm64" user="" user-domain="" culture="en-US" uiculture="en-US" os-architecture="64bit" /><failure><message><![CDATA[]]></message><stack-trace><![CDATA[None]]></stack-trace></failure><reason><message><![CDATA[]]></message></reason><output><![CDATA[]]></output></test-case><test-case id="224" name="tests/tools/test_intersect.py::test_intersect[startdates10-AS-2021-01-01-00:00-fr-Europe/Berlin]" fullname="tests/tools/test_intersect.py::test_intersect[startdates10-AS-2021-01-01-00:00-fr-Europe/Berlin]" methodname="test_intersect[startdates10-AS-2021-01-01-00:00-fr-Europe/Berlin]" classname="tests/tools/test_intersect.py" runstate="Runnable" seed="1" result="Passed" label="Test if intersection of indices gives correct result." start-time="2024-02-05 13:01:30.033384" end-time="2024-02-05 13:01:30.035764" duration="0.00238" asserts="0"><properties><property name="python-version" value="3.11.7 (main, Dec  4 2023, 18:10:11) [Clang 15.0.0 (clang-1500.1.0.2.5)]" /><property name="fspath" value="tests/tools/test_intersect.py" /></properties><environment framework-version="3.6.2" clr-version="3.11.7 (main, Dec  4 2023, 18:10:11) [Clang 15.0.0 (clang-1500.1.0.2.5)]" os-version="23.3.0" platform="Darwin" cwd="/Users/ruud.wijtvliet/python/portfolyo" machine-name="arm64" user="" user-domain="" culture="en-US" uiculture="en-US" os-architecture="64bit" /><failure><message><![CDATA[]]></message><stack-trace><![CDATA[None]]></stack-trace></failure><reason><message><![CDATA[]]></message></reason><output><![CDATA[]]></output></test-case><test-case id="225" name="tests/tools/test_intersect.py::test_intersect[startdates10-AS-2021-01-01-00:00-fr-Asia/Kolkata]" fullname="tests/tools/test_intersect.py::test_intersect[startdates10-AS-2021-01-01-00:00-fr-Asia/Kolkata]" methodname="test_intersect[startdates10-AS-2021-01-01-00:00-fr-Asia/Kolkata]" classname="tests/tools/test_intersect.py" runstate="Runnable" seed="1" result="Passed" label="Test if intersection of indices gives correct result." start-time="2024-02-05 13:01:30.036249" end-time="2024-02-05 13:01:30.038635" duration="0.002386" asserts="0"><properties><property name="python-version" value="3.11.7 (main, Dec  4 2023, 18:10:11) [Clang 15.0.0 (clang-1500.1.0.2.5)]" /><property name="fspath" value="tests/tools/test_intersect.py" /></properties><environment framework-version="3.6.2" clr-version="3.11.7 (main, Dec  4 2023, 18:10:11) [Clang 15.0.0 (clang-1500.1.0.2.5)]" os-version="23.3.0" platform="Darwin" cwd="/Users/ruud.wijtvliet/python/portfolyo" machine-name="arm64" user="" user-domain="" culture="en-US" uiculture="en-US" os-architecture="64bit" /><failure><message><![CDATA[]]></message><stack-trace><![CDATA[None]]></stack-trace></failure><reason><message><![CDATA[]]></message></reason><output><![CDATA[]]></output></test-case><test-case id="226" name="tests/tools/test_intersect.py::test_intersect[startdates10-AS-2021-01-01-06:00-idx-None]" fullname="tests/tools/test_intersect.py::test_intersect[startdates10-AS-2021-01-01-06:00-idx-None]" methodname="test_intersect[startdates10-AS-2021-01-01-06:00-idx-None]" classname="tests/tools/test_intersect.py" runstate="Runnable" seed="1" result="Passed" label="Test if intersection of indices gives correct result." start-time="2024-02-05 13:01:30.039090" end-time="2024-02-05 13:01:30.039739" duration="0.000649" asserts="0"><properties><property name="python-version" value="3.11.7 (main, Dec  4 2023, 18:10:11) [Clang 15.0.0 (clang-1500.1.0.2.5)]" /><property name="fspath" value="tests/tools/test_intersect.py" /></properties><environment framework-version="3.6.2" clr-version="3.11.7 (main, Dec  4 2023, 18:10:11) [Clang 15.0.0 (clang-1500.1.0.2.5)]" os-version="23.3.0" platform="Darwin" cwd="/Users/ruud.wijtvliet/python/portfolyo" machine-name="arm64" user="" user-domain="" culture="en-US" uiculture="en-US" os-architecture="64bit" /><failure><message><![CDATA[]]></message><stack-trace><![CDATA[None]]></stack-trace></failure><reason><message><![CDATA[]]></message></reason><output><![CDATA[]]></output></test-case><test-case id="227" name="tests/tools/test_intersect.py::test_intersect[startdates10-AS-2021-01-01-06:00-idx-Europe/Berlin]" fullname="tests/tools/test_intersect.py::test_intersect[startdates10-AS-2021-01-01-06:00-idx-Europe/Berlin]" methodname="test_intersect[startdates10-AS-2021-01-01-06:00-idx-Europe/Berlin]" classname="tests/tools/test_intersect.py" runstate="Runnable" seed="1" result="Passed" label="Test if intersection of indices gives correct result." start-time="2024-02-05 13:01:30.040186" end-time="2024-02-05 13:01:30.041042" duration="0.000856" asserts="0"><properties><property name="python-version" value="3.11.7 (main, Dec  4 2023, 18:10:11) [Clang 15.0.0 (clang-1500.1.0.2.5)]" /><property name="fspath" value="tests/tools/test_intersect.py" /></properties><environment framework-version="3.6.2" clr-version="3.11.7 (main, Dec  4 2023, 18:10:11) [Clang 15.0.0 (clang-1500.1.0.2.5)]" os-version="23.3.0" platform="Darwin" cwd="/Users/ruud.wijtvliet/python/portfolyo" machine-name="arm64" user="" user-domain="" culture="en-US" uiculture="en-US" os-architecture="64bit" /><failure><message><![CDATA[]]></message><stack-trace><![CDATA[None]]></stack-trace></failure><reason><message><![CDATA[]]></message></reason><output><![CDATA[]]></output></test-case><test-case id="228" name="tests/tools/test_intersect.py::test_intersect[startdates10-AS-2021-01-01-06:00-idx-Asia/Kolkata]" fullname="tests/tools/test_intersect.py::test_intersect[startdates10-AS-2021-01-01-06:00-idx-Asia/Kolkata]" methodname="test_intersect[startdates10-AS-2021-01-01-06:00-idx-Asia/Kolkata]" classname="tests/tools/test_intersect.py" runstate="Runnable" seed="1" result="Passed" label="Test if intersection of indices gives correct result." start-time="2024-02-05 13:01:30.041541" end-time="2024-02-05 13:01:30.042366" duration="0.000825" asserts="0"><properties><property name="python-version" value="3.11.7 (main, Dec  4 2023, 18:10:11) [Clang 15.0.0 (clang-1500.1.0.2.5)]" /><property name="fspath" value="tests/tools/test_intersect.py" /></properties><environment framework-version="3.6.2" clr-version="3.11.7 (main, Dec  4 2023, 18:10:11) [Clang 15.0.0 (clang-1500.1.0.2.5)]" os-version="23.3.0" platform="Darwin" cwd="/Users/ruud.wijtvliet/python/portfolyo" machine-name="arm64" user="" user-domain="" culture="en-US" uiculture="en-US" os-architecture="64bit" /><failure><message><![CDATA[]]></message><stack-trace><![CDATA[None]]></stack-trace></failure><reason><message><![CDATA[]]></message></reason><output><![CDATA[]]></output></test-case><test-case id="229" name="tests/tools/test_intersect.py::test_intersect[startdates10-AS-2021-01-01-06:00-fr-None]" fullname="tests/tools/test_intersect.py::test_intersect[startdates10-AS-2021-01-01-06:00-fr-None]" methodname="test_intersect[startdates10-AS-2021-01-01-06:00-fr-None]" classname="tests/tools/test_intersect.py" runstate="Runnable" seed="1" result="Passed" label="Test if intersection of indices gives correct result." start-time="2024-02-05 13:01:30.042894" end-time="2024-02-05 13:01:30.045099" duration="0.002205" asserts="0"><properties><property name="python-version" value="3.11.7 (main, Dec  4 2023, 18:10:11) [Clang 15.0.0 (clang-1500.1.0.2.5)]" /><property name="fspath" value="tests/tools/test_intersect.py" /></properties><environment framework-version="3.6.2" clr-version="3.11.7 (main, Dec  4 2023, 18:10:11) [Clang 15.0.0 (clang-1500.1.0.2.5)]" os-version="23.3.0" platform="Darwin" cwd="/Users/ruud.wijtvliet/python/portfolyo" machine-name="arm64" user="" user-domain="" culture="en-US" uiculture="en-US" os-architecture="64bit" /><failure><message><![CDATA[]]></message><stack-trace><![CDATA[None]]></stack-trace></failure><reason><message><![CDATA[]]></message></reason><output><![CDATA[]]></output></test-case><test-case id="230" name="tests/tools/test_intersect.py::test_intersect[startdates10-AS-2021-01-01-06:00-fr-Europe/Berlin]" fullname="tests/tools/test_intersect.py::test_intersect[startdates10-AS-2021-01-01-06:00-fr-Europe/Berlin]" methodname="test_intersect[startdates10-AS-2021-01-01-06:00-fr-Europe/Berlin]" classname="tests/tools/test_intersect.py" runstate="Runnable" seed="1" result="Passed" label="Test if intersection of indices gives correct result." start-time="2024-02-05 13:01:30.045569" end-time="2024-02-05 13:01:30.047758" duration="0.002189" asserts="0"><properties><property name="python-version" value="3.11.7 (main, Dec  4 2023, 18:10:11) [Clang 15.0.0 (clang-1500.1.0.2.5)]" /><property name="fspath" value="tests/tools/test_intersect.py" /></properties><environment framework-version="3.6.2" clr-version="3.11.7 (main, Dec  4 2023, 18:10:11) [Clang 15.0.0 (clang-1500.1.0.2.5)]" os-version="23.3.0" platform="Darwin" cwd="/Users/ruud.wijtvliet/python/portfolyo" machine-name="arm64" user="" user-domain="" culture="en-US" uiculture="en-US" os-architecture="64bit" /><failure><message><![CDATA[]]></message><stack-trace><![CDATA[None]]></stack-trace></failure><reason><message><![CDATA[]]></message></reason><output><![CDATA[]]></output></test-case><test-case id="231" name="tests/tools/test_intersect.py::test_intersect[startdates10-AS-2021-01-01-06:00-fr-Asia/Kolkata]" fullname="tests/tools/test_intersect.py::test_intersect[startdates10-AS-2021-01-01-06:00-fr-Asia/Kolkata]" methodname="test_intersect[startdates10-AS-2021-01-01-06:00-fr-Asia/Kolkata]" classname="tests/tools/test_intersect.py" runstate="Runnable" seed="1" result="Passed" label="Test if intersection of indices gives correct result." start-time="2024-02-05 13:01:30.048190" end-time="2024-02-05 13:01:30.050354" duration="0.002164" asserts="0"><properties><property name="python-version" value="3.11.7 (main, Dec  4 2023, 18:10:11) [Clang 15.0.0 (clang-1500.1.0.2.5)]" /><property name="fspath" value="tests/tools/test_intersect.py" /></properties><environment framework-version="3.6.2" clr-version="3.11.7 (main, Dec  4 2023, 18:10:11) [Clang 15.0.0 (clang-1500.1.0.2.5)]" os-version="23.3.0" platform="Darwin" cwd="/Users/ruud.wijtvliet/python/portfolyo" machine-name="arm64" user="" user-domain="" culture="en-US" uiculture="en-US" os-architecture="64bit" /><failure><message><![CDATA[]]></message><stack-trace><![CDATA[None]]></stack-trace></failure><reason><message><![CDATA[]]></message></reason><output><![CDATA[]]></output></test-case><test-case id="232" name="tests/tools/test_intersect.py::test_intersect[startdates11-AS-2021-01-01-00:00-idx-None]" fullname="tests/tools/test_intersect.py::test_intersect[startdates11-AS-2021-01-01-00:00-idx-None]" methodname="test_intersect[startdates11-AS-2021-01-01-00:00-idx-None]" classname="tests/tools/test_intersect.py" runstate="Runnable" seed="1" result="Passed" label="Test if intersection of indices gives correct result." start-time="2024-02-05 13:01:30.050806" end-time="2024-02-05 13:01:30.051626" duration="0.00082" asserts="0"><properties><property name="python-version" value="3.11.7 (main, Dec  4 2023, 18:10:11) [Clang 15.0.0 (clang-1500.1.0.2.5)]" /><property name="fspath" value="tests/tools/test_intersect.py" /></properties><environment framework-version="3.6.2" clr-version="3.11.7 (main, Dec  4 2023, 18:10:11) [Clang 15.0.0 (clang-1500.1.0.2.5)]" os-version="23.3.0" platform="Darwin" cwd="/Users/ruud.wijtvliet/python/portfolyo" machine-name="arm64" user="" user-domain="" culture="en-US" uiculture="en-US" os-architecture="64bit" /><failure><message><![CDATA[]]></message><stack-trace><![CDATA[None]]></stack-trace></failure><reason><message><![CDATA[]]></message></reason><output><![CDATA[]]></output></test-case><test-case id="233" name="tests/tools/test_intersect.py::test_intersect[startdates11-AS-2021-01-01-00:00-idx-Europe/Berlin]" fullname="tests/tools/test_intersect.py::test_intersect[startdates11-AS-2021-01-01-00:00-idx-Europe/Berlin]" methodname="test_intersect[startdates11-AS-2021-01-01-00:00-idx-Europe/Berlin]" classname="tests/tools/test_intersect.py" runstate="Runnable" seed="1" result="Passed" label="Test if intersection of indices gives correct result." start-time="2024-02-05 13:01:30.052184" end-time="2024-02-05 13:01:30.053075" duration="0.000891" asserts="0"><properties><property name="python-version" value="3.11.7 (main, Dec  4 2023, 18:10:11) [Clang 15.0.0 (clang-1500.1.0.2.5)]" /><property name="fspath" value="tests/tools/test_intersect.py" /></properties><environment framework-version="3.6.2" clr-version="3.11.7 (main, Dec  4 2023, 18:10:11) [Clang 15.0.0 (clang-1500.1.0.2.5)]" os-version="23.3.0" platform="Darwin" cwd="/Users/ruud.wijtvliet/python/portfolyo" machine-name="arm64" user="" user-domain="" culture="en-US" uiculture="en-US" os-architecture="64bit" /><failure><message><![CDATA[]]></message><stack-trace><![CDATA[None]]></stack-trace></failure><reason><message><![CDATA[]]></message></reason><output><![CDATA[]]></output></test-case><test-case id="234" name="tests/tools/test_intersect.py::test_intersect[startdates11-AS-2021-01-01-00:00-idx-Asia/Kolkata]" fullname="tests/tools/test_intersect.py::test_intersect[startdates11-AS-2021-01-01-00:00-idx-Asia/Kolkata]" methodname="test_intersect[startdates11-AS-2021-01-01-00:00-idx-Asia/Kolkata]" classname="tests/tools/test_intersect.py" runstate="Runnable" seed="1" result="Passed" label="Test if intersection of indices gives correct result." start-time="2024-02-05 13:01:30.053512" end-time="2024-02-05 13:01:30.054251" duration="0.000739" asserts="0"><properties><property name="python-version" value="3.11.7 (main, Dec  4 2023, 18:10:11) [Clang 15.0.0 (clang-1500.1.0.2.5)]" /><property name="fspath" value="tests/tools/test_intersect.py" /></properties><environment framework-version="3.6.2" clr-version="3.11.7 (main, Dec  4 2023, 18:10:11) [Clang 15.0.0 (clang-1500.1.0.2.5)]" os-version="23.3.0" platform="Darwin" cwd="/Users/ruud.wijtvliet/python/portfolyo" machine-name="arm64" user="" user-domain="" culture="en-US" uiculture="en-US" os-architecture="64bit" /><failure><message><![CDATA[]]></message><stack-trace><![CDATA[None]]></stack-trace></failure><reason><message><![CDATA[]]></message></reason><output><![CDATA[]]></output></test-case><test-case id="235" name="tests/tools/test_intersect.py::test_intersect[startdates11-AS-2021-01-01-00:00-fr-None]" fullname="tests/tools/test_intersect.py::test_intersect[startdates11-AS-2021-01-01-00:00-fr-None]" methodname="test_intersect[startdates11-AS-2021-01-01-00:00-fr-None]" classname="tests/tools/test_intersect.py" runstate="Runnable" seed="1" result="Passed" label="Test if intersection of indices gives correct result." start-time="2024-02-05 13:01:30.054706" end-time="2024-02-05 13:01:30.057123" duration="0.002417" asserts="0"><properties><property name="python-version" value="3.11.7 (main, Dec  4 2023, 18:10:11) [Clang 15.0.0 (clang-1500.1.0.2.5)]" /><property name="fspath" value="tests/tools/test_intersect.py" /></properties><environment framework-version="3.6.2" clr-version="3.11.7 (main, Dec  4 2023, 18:10:11) [Clang 15.0.0 (clang-1500.1.0.2.5)]" os-version="23.3.0" platform="Darwin" cwd="/Users/ruud.wijtvliet/python/portfolyo" machine-name="arm64" user="" user-domain="" culture="en-US" uiculture="en-US" os-architecture="64bit" /><failure><message><![CDATA[]]></message><stack-trace><![CDATA[None]]></stack-trace></failure><reason><message><![CDATA[]]></message></reason><output><![CDATA[]]></output></test-case><test-case id="236" name="tests/tools/test_intersect.py::test_intersect[startdates11-AS-2021-01-01-00:00-fr-Europe/Berlin]" fullname="tests/tools/test_intersect.py::test_intersect[startdates11-AS-2021-01-01-00:00-fr-Europe/Berlin]" methodname="test_intersect[startdates11-AS-2021-01-01-00:00-fr-Europe/Berlin]" classname="tests/tools/test_intersect.py" runstate="Runnable" seed="1" result="Passed" label="Test if intersection of indices gives correct result." start-time="2024-02-05 13:01:30.057600" end-time="2024-02-05 13:01:30.060205" duration="0.002605" asserts="0"><properties><property name="python-version" value="3.11.7 (main, Dec  4 2023, 18:10:11) [Clang 15.0.0 (clang-1500.1.0.2.5)]" /><property name="fspath" value="tests/tools/test_intersect.py" /></properties><environment framework-version="3.6.2" clr-version="3.11.7 (main, Dec  4 2023, 18:10:11) [Clang 15.0.0 (clang-1500.1.0.2.5)]" os-version="23.3.0" platform="Darwin" cwd="/Users/ruud.wijtvliet/python/portfolyo" machine-name="arm64" user="" user-domain="" culture="en-US" uiculture="en-US" os-architecture="64bit" /><failure><message><![CDATA[]]></message><stack-trace><![CDATA[None]]></stack-trace></failure><reason><message><![CDATA[]]></message></reason><output><![CDATA[]]></output></test-case><test-case id="237" name="tests/tools/test_intersect.py::test_intersect[startdates11-AS-2021-01-01-00:00-fr-Asia/Kolkata]" fullname="tests/tools/test_intersect.py::test_intersect[startdates11-AS-2021-01-01-00:00-fr-Asia/Kolkata]" methodname="test_intersect[startdates11-AS-2021-01-01-00:00-fr-Asia/Kolkata]" classname="tests/tools/test_intersect.py" runstate="Runnable" seed="1" result="Passed" label="Test if intersection of indices gives correct result." start-time="2024-02-05 13:01:30.060780" end-time="2024-02-05 13:01:30.063309" duration="0.002529" asserts="0"><properties><property name="python-version" value="3.11.7 (main, Dec  4 2023, 18:10:11) [Clang 15.0.0 (clang-1500.1.0.2.5)]" /><property name="fspath" value="tests/tools/test_intersect.py" /></properties><environment framework-version="3.6.2" clr-version="3.11.7 (main, Dec  4 2023, 18:10:11) [Clang 15.0.0 (clang-1500.1.0.2.5)]" os-version="23.3.0" platform="Darwin" cwd="/Users/ruud.wijtvliet/python/portfolyo" machine-name="arm64" user="" user-domain="" culture="en-US" uiculture="en-US" os-architecture="64bit" /><failure><message><![CDATA[]]></message><stack-trace><![CDATA[None]]></stack-trace></failure><reason><message><![CDATA[]]></message></reason><output><![CDATA[]]></output></test-case><test-case id="238" name="tests/tools/test_intersect.py::test_intersect[startdates11-AS-2021-01-01-06:00-idx-None]" fullname="tests/tools/test_intersect.py::test_intersect[startdates11-AS-2021-01-01-06:00-idx-None]" methodname="test_intersect[startdates11-AS-2021-01-01-06:00-idx-None]" classname="tests/tools/test_intersect.py" runstate="Runnable" seed="1" result="Passed" label="Test if intersection of indices gives correct result." start-time="2024-02-05 13:01:30.063795" end-time="2024-02-05 13:01:30.064431" duration="0.000636" asserts="0"><properties><property name="python-version" value="3.11.7 (main, Dec  4 2023, 18:10:11) [Clang 15.0.0 (clang-1500.1.0.2.5)]" /><property name="fspath" value="tests/tools/test_intersect.py" /></properties><environment framework-version="3.6.2" clr-version="3.11.7 (main, Dec  4 2023, 18:10:11) [Clang 15.0.0 (clang-1500.1.0.2.5)]" os-version="23.3.0" platform="Darwin" cwd="/Users/ruud.wijtvliet/python/portfolyo" machine-name="arm64" user="" user-domain="" culture="en-US" uiculture="en-US" os-architecture="64bit" /><failure><message><![CDATA[]]></message><stack-trace><![CDATA[None]]></stack-trace></failure><reason><message><![CDATA[]]></message></reason><output><![CDATA[]]></output></test-case><test-case id="239" name="tests/tools/test_intersect.py::test_intersect[startdates11-AS-2021-01-01-06:00-idx-Europe/Berlin]" fullname="tests/tools/test_intersect.py::test_intersect[startdates11-AS-2021-01-01-06:00-idx-Europe/Berlin]" methodname="test_intersect[startdates11-AS-2021-01-01-06:00-idx-Europe/Berlin]" classname="tests/tools/test_intersect.py" runstate="Runnable" seed="1" result="Passed" label="Test if intersection of indices gives correct result." start-time="2024-02-05 13:01:30.064939" end-time="2024-02-05 13:01:30.065884" duration="0.000945" asserts="0"><properties><property name="python-version" value="3.11.7 (main, Dec  4 2023, 18:10:11) [Clang 15.0.0 (clang-1500.1.0.2.5)]" /><property name="fspath" value="tests/tools/test_intersect.py" /></properties><environment framework-version="3.6.2" clr-version="3.11.7 (main, Dec  4 2023, 18:10:11) [Clang 15.0.0 (clang-1500.1.0.2.5)]" os-version="23.3.0" platform="Darwin" cwd="/Users/ruud.wijtvliet/python/portfolyo" machine-name="arm64" user="" user-domain="" culture="en-US" uiculture="en-US" os-architecture="64bit" /><failure><message><![CDATA[]]></message><stack-trace><![CDATA[None]]></stack-trace></failure><reason><message><![CDATA[]]></message></reason><output><![CDATA[]]></output></test-case><test-case id="240" name="tests/tools/test_intersect.py::test_intersect[startdates11-AS-2021-01-01-06:00-idx-Asia/Kolkata]" fullname="tests/tools/test_intersect.py::test_intersect[startdates11-AS-2021-01-01-06:00-idx-Asia/Kolkata]" methodname="test_intersect[startdates11-AS-2021-01-01-06:00-idx-Asia/Kolkata]" classname="tests/tools/test_intersect.py" runstate="Runnable" seed="1" result="Passed" label="Test if intersection of indices gives correct result." start-time="2024-02-05 13:01:30.066399" end-time="2024-02-05 13:01:30.067087" duration="0.000688" asserts="0"><properties><property name="python-version" value="3.11.7 (main, Dec  4 2023, 18:10:11) [Clang 15.0.0 (clang-1500.1.0.2.5)]" /><property name="fspath" value="tests/tools/test_intersect.py" /></properties><environment framework-version="3.6.2" clr-version="3.11.7 (main, Dec  4 2023, 18:10:11) [Clang 15.0.0 (clang-1500.1.0.2.5)]" os-version="23.3.0" platform="Darwin" cwd="/Users/ruud.wijtvliet/python/portfolyo" machine-name="arm64" user="" user-domain="" culture="en-US" uiculture="en-US" os-architecture="64bit" /><failure><message><![CDATA[]]></message><stack-trace><![CDATA[None]]></stack-trace></failure><reason><message><![CDATA[]]></message></reason><output><![CDATA[]]></output></test-case><test-case id="241" name="tests/tools/test_intersect.py::test_intersect[startdates11-AS-2021-01-01-06:00-fr-None]" fullname="tests/tools/test_intersect.py::test_intersect[startdates11-AS-2021-01-01-06:00-fr-None]" methodname="test_intersect[startdates11-AS-2021-01-01-06:00-fr-None]" classname="tests/tools/test_intersect.py" runstate="Runnable" seed="1" result="Passed" label="Test if intersection of indices gives correct result." start-time="2024-02-05 13:01:30.067512" end-time="2024-02-05 13:01:30.069647" duration="0.002135" asserts="0"><properties><property name="python-version" value="3.11.7 (main, Dec  4 2023, 18:10:11) [Clang 15.0.0 (clang-1500.1.0.2.5)]" /><property name="fspath" value="tests/tools/test_intersect.py" /></properties><environment framework-version="3.6.2" clr-version="3.11.7 (main, Dec  4 2023, 18:10:11) [Clang 15.0.0 (clang-1500.1.0.2.5)]" os-version="23.3.0" platform="Darwin" cwd="/Users/ruud.wijtvliet/python/portfolyo" machine-name="arm64" user="" user-domain="" culture="en-US" uiculture="en-US" os-architecture="64bit" /><failure><message><![CDATA[]]></message><stack-trace><![CDATA[None]]></stack-trace></failure><reason><message><![CDATA[]]></message></reason><output><![CDATA[]]></output></test-case><test-case id="242" name="tests/tools/test_intersect.py::test_intersect[startdates11-AS-2021-01-01-06:00-fr-Europe/Berlin]" fullname="tests/tools/test_intersect.py::test_intersect[startdates11-AS-2021-01-01-06:00-fr-Europe/Berlin]" methodname="test_intersect[startdates11-AS-2021-01-01-06:00-fr-Europe/Berlin]" classname="tests/tools/test_intersect.py" runstate="Runnable" seed="1" result="Passed" label="Test if intersection of indices gives correct result." start-time="2024-02-05 13:01:30.070098" end-time="2024-02-05 13:01:30.072404" duration="0.002306" asserts="0"><properties><property name="python-version" value="3.11.7 (main, Dec  4 2023, 18:10:11) [Clang 15.0.0 (clang-1500.1.0.2.5)]" /><property name="fspath" value="tests/tools/test_intersect.py" /></properties><environment framework-version="3.6.2" clr-version="3.11.7 (main, Dec  4 2023, 18:10:11) [Clang 15.0.0 (clang-1500.1.0.2.5)]" os-version="23.3.0" platform="Darwin" cwd="/Users/ruud.wijtvliet/python/portfolyo" machine-name="arm64" user="" user-domain="" culture="en-US" uiculture="en-US" os-architecture="64bit" /><failure><message><![CDATA[]]></message><stack-trace><![CDATA[None]]></stack-trace></failure><reason><message><![CDATA[]]></message></reason><output><![CDATA[]]></output></test-case><test-case id="243" name="tests/tools/test_intersect.py::test_intersect[startdates11-AS-2021-01-01-06:00-fr-Asia/Kolkata]" fullname="tests/tools/test_intersect.py::test_intersect[startdates11-AS-2021-01-01-06:00-fr-Asia/Kolkata]" methodname="test_intersect[startdates11-AS-2021-01-01-06:00-fr-Asia/Kolkata]" classname="tests/tools/test_intersect.py" runstate="Runnable" seed="1" result="Passed" label="Test if intersection of indices gives correct result." start-time="2024-02-05 13:01:30.072899" end-time="2024-02-05 13:01:30.075161" duration="0.002262" asserts="0"><properties><property name="python-version" value="3.11.7 (main, Dec  4 2023, 18:10:11) [Clang 15.0.0 (clang-1500.1.0.2.5)]" /><property name="fspath" value="tests/tools/test_intersect.py" /></properties><environment framework-version="3.6.2" clr-version="3.11.7 (main, Dec  4 2023, 18:10:11) [Clang 15.0.0 (clang-1500.1.0.2.5)]" os-version="23.3.0" platform="Darwin" cwd="/Users/ruud.wijtvliet/python/portfolyo" machine-name="arm64" user="" user-domain="" culture="en-US" uiculture="en-US" os-architecture="64bit" /><failure><message><![CDATA[]]></message><stack-trace><![CDATA[None]]></stack-trace></failure><reason><message><![CDATA[]]></message></reason><output><![CDATA[]]></output></test-case><test-case id="244" name="tests/tools/test_intersect.py::test_intersect[startdates12-15T-2020-06-20-00:00-idx-None]" fullname="tests/tools/test_intersect.py::test_intersect[startdates12-15T-2020-06-20-00:00-idx-None]" methodname="test_intersect[startdates12-15T-2020-06-20-00:00-idx-None]" classname="tests/tools/test_intersect.py" runstate="Runnable" seed="1" result="Passed" label="Test if intersection of indices gives correct result." start-time="2024-02-05 13:01:30.075689" end-time="2024-02-05 13:01:30.272864" duration="0.197175" asserts="0"><properties><property name="python-version" value="3.11.7 (main, Dec  4 2023, 18:10:11) [Clang 15.0.0 (clang-1500.1.0.2.5)]" /><property name="fspath" value="tests/tools/test_intersect.py" /></properties><environment framework-version="3.6.2" clr-version="3.11.7 (main, Dec  4 2023, 18:10:11) [Clang 15.0.0 (clang-1500.1.0.2.5)]" os-version="23.3.0" platform="Darwin" cwd="/Users/ruud.wijtvliet/python/portfolyo" machine-name="arm64" user="" user-domain="" culture="en-US" uiculture="en-US" os-architecture="64bit" /><failure><message><![CDATA[]]></message><stack-trace><![CDATA[None]]></stack-trace></failure><reason><message><![CDATA[]]></message></reason><output><![CDATA[]]></output></test-case><test-case id="245" name="tests/tools/test_intersect.py::test_intersect[startdates12-15T-2020-06-20-00:00-idx-Europe/Berlin]" fullname="tests/tools/test_intersect.py::test_intersect[startdates12-15T-2020-06-20-00:00-idx-Europe/Berlin]" methodname="test_intersect[startdates12-15T-2020-06-20-00:00-idx-Europe/Berlin]" classname="tests/tools/test_intersect.py" runstate="Runnable" seed="1" result="Passed" label="Test if intersection of indices gives correct result." start-time="2024-02-05 13:01:30.273492" end-time="2024-02-05 13:01:30.562621" duration="0.289129" asserts="0"><properties><property name="python-version" value="3.11.7 (main, Dec  4 2023, 18:10:11) [Clang 15.0.0 (clang-1500.1.0.2.5)]" /><property name="fspath" value="tests/tools/test_intersect.py" /></properties><environment framework-version="3.6.2" clr-version="3.11.7 (main, Dec  4 2023, 18:10:11) [Clang 15.0.0 (clang-1500.1.0.2.5)]" os-version="23.3.0" platform="Darwin" cwd="/Users/ruud.wijtvliet/python/portfolyo" machine-name="arm64" user="" user-domain="" culture="en-US" uiculture="en-US" os-architecture="64bit" /><failure><message><![CDATA[]]></message><stack-trace><![CDATA[None]]></stack-trace></failure><reason><message><![CDATA[]]></message></reason><output><![CDATA[]]></output></test-case><test-case id="246" name="tests/tools/test_intersect.py::test_intersect[startdates12-15T-2020-06-20-00:00-idx-Asia/Kolkata]" fullname="tests/tools/test_intersect.py::test_intersect[startdates12-15T-2020-06-20-00:00-idx-Asia/Kolkata]" methodname="test_intersect[startdates12-15T-2020-06-20-00:00-idx-Asia/Kolkata]" classname="tests/tools/test_intersect.py" runstate="Runnable" seed="1" result="Passed" label="Test if intersection of indices gives correct result." start-time="2024-02-05 13:01:30.563323" end-time="2024-02-05 13:01:30.848459" duration="0.285136" asserts="0"><properties><property name="python-version" value="3.11.7 (main, Dec  4 2023, 18:10:11) [Clang 15.0.0 (clang-1500.1.0.2.5)]" /><property name="fspath" value="tests/tools/test_intersect.py" /></properties><environment framework-version="3.6.2" clr-version="3.11.7 (main, Dec  4 2023, 18:10:11) [Clang 15.0.0 (clang-1500.1.0.2.5)]" os-version="23.3.0" platform="Darwin" cwd="/Users/ruud.wijtvliet/python/portfolyo" machine-name="arm64" user="" user-domain="" culture="en-US" uiculture="en-US" os-architecture="64bit" /><failure><message><![CDATA[]]></message><stack-trace><![CDATA[None]]></stack-trace></failure><reason><message><![CDATA[]]></message></reason><output><![CDATA[]]></output></test-case><test-case id="247" name="tests/tools/test_intersect.py::test_intersect[startdates12-15T-2020-06-20-00:00-fr-None]" fullname="tests/tools/test_intersect.py::test_intersect[startdates12-15T-2020-06-20-00:00-fr-None]" methodname="test_intersect[startdates12-15T-2020-06-20-00:00-fr-None]" classname="tests/tools/test_intersect.py" runstate="Runnable" seed="1" result="Passed" label="Test if intersection of indices gives correct result." start-time="2024-02-05 13:01:30.849271" end-time="2024-02-05 13:01:31.061314" duration="0.212043" asserts="0"><properties><property name="python-version" value="3.11.7 (main, Dec  4 2023, 18:10:11) [Clang 15.0.0 (clang-1500.1.0.2.5)]" /><property name="fspath" value="tests/tools/test_intersect.py" /></properties><environment framework-version="3.6.2" clr-version="3.11.7 (main, Dec  4 2023, 18:10:11) [Clang 15.0.0 (clang-1500.1.0.2.5)]" os-version="23.3.0" platform="Darwin" cwd="/Users/ruud.wijtvliet/python/portfolyo" machine-name="arm64" user="" user-domain="" culture="en-US" uiculture="en-US" os-architecture="64bit" /><failure><message><![CDATA[]]></message><stack-trace><![CDATA[None]]></stack-trace></failure><reason><message><![CDATA[]]></message></reason><output><![CDATA[]]></output></test-case><test-case id="248" name="tests/tools/test_intersect.py::test_intersect[startdates12-15T-2020-06-20-00:00-fr-Europe/Berlin]" fullname="tests/tools/test_intersect.py::test_intersect[startdates12-15T-2020-06-20-00:00-fr-Europe/Berlin]" methodname="test_intersect[startdates12-15T-2020-06-20-00:00-fr-Europe/Berlin]" classname="tests/tools/test_intersect.py" runstate="Runnable" seed="1" result="Passed" label="Test if intersection of indices gives correct result." start-time="2024-02-05 13:01:31.061973" end-time="2024-02-05 13:01:31.515260" duration="0.453287" asserts="0"><properties><property name="python-version" value="3.11.7 (main, Dec  4 2023, 18:10:11) [Clang 15.0.0 (clang-1500.1.0.2.5)]" /><property name="fspath" value="tests/tools/test_intersect.py" /></properties><environment framework-version="3.6.2" clr-version="3.11.7 (main, Dec  4 2023, 18:10:11) [Clang 15.0.0 (clang-1500.1.0.2.5)]" os-version="23.3.0" platform="Darwin" cwd="/Users/ruud.wijtvliet/python/portfolyo" machine-name="arm64" user="" user-domain="" culture="en-US" uiculture="en-US" os-architecture="64bit" /><failure><message><![CDATA[]]></message><stack-trace><![CDATA[None]]></stack-trace></failure><reason><message><![CDATA[]]></message></reason><output><![CDATA[]]></output></test-case><test-case id="249" name="tests/tools/test_intersect.py::test_intersect[startdates12-15T-2020-06-20-00:00-fr-Asia/Kolkata]" fullname="tests/tools/test_intersect.py::test_intersect[startdates12-15T-2020-06-20-00:00-fr-Asia/Kolkata]" methodname="test_intersect[startdates12-15T-2020-06-20-00:00-fr-Asia/Kolkata]" classname="tests/tools/test_intersect.py" runstate="Runnable" seed="1" result="Passed" label="Test if intersection of indices gives correct result." start-time="2024-02-05 13:01:31.515959" end-time="2024-02-05 13:01:31.988112" duration="0.472153" asserts="0"><properties><property name="python-version" value="3.11.7 (main, Dec  4 2023, 18:10:11) [Clang 15.0.0 (clang-1500.1.0.2.5)]" /><property name="fspath" value="tests/tools/test_intersect.py" /></properties><environment framework-version="3.6.2" clr-version="3.11.7 (main, Dec  4 2023, 18:10:11) [Clang 15.0.0 (clang-1500.1.0.2.5)]" os-version="23.3.0" platform="Darwin" cwd="/Users/ruud.wijtvliet/python/portfolyo" machine-name="arm64" user="" user-domain="" culture="en-US" uiculture="en-US" os-architecture="64bit" /><failure><message><![CDATA[]]></message><stack-trace><![CDATA[None]]></stack-trace></failure><reason><message><![CDATA[]]></message></reason><output><![CDATA[]]></output></test-case><test-case id="250" name="tests/tools/test_intersect.py::test_intersect[startdates12-15T-2020-06-20-06:00-idx-None]" fullname="tests/tools/test_intersect.py::test_intersect[startdates12-15T-2020-06-20-06:00-idx-None]" methodname="test_intersect[startdates12-15T-2020-06-20-06:00-idx-None]" classname="tests/tools/test_intersect.py" runstate="Runnable" seed="1" result="Passed" label="Test if intersection of indices gives correct result." start-time="2024-02-05 13:01:31.988776" end-time="2024-02-05 13:01:32.165061" duration="0.176285" asserts="0"><properties><property name="python-version" value="3.11.7 (main, Dec  4 2023, 18:10:11) [Clang 15.0.0 (clang-1500.1.0.2.5)]" /><property name="fspath" value="tests/tools/test_intersect.py" /></properties><environment framework-version="3.6.2" clr-version="3.11.7 (main, Dec  4 2023, 18:10:11) [Clang 15.0.0 (clang-1500.1.0.2.5)]" os-version="23.3.0" platform="Darwin" cwd="/Users/ruud.wijtvliet/python/portfolyo" machine-name="arm64" user="" user-domain="" culture="en-US" uiculture="en-US" os-architecture="64bit" /><failure><message><![CDATA[]]></message><stack-trace><![CDATA[None]]></stack-trace></failure><reason><message><![CDATA[]]></message></reason><output><![CDATA[]]></output></test-case><test-case id="251" name="tests/tools/test_intersect.py::test_intersect[startdates12-15T-2020-06-20-06:00-idx-Europe/Berlin]" fullname="tests/tools/test_intersect.py::test_intersect[startdates12-15T-2020-06-20-06:00-idx-Europe/Berlin]" methodname="test_intersect[startdates12-15T-2020-06-20-06:00-idx-Europe/Berlin]" classname="tests/tools/test_intersect.py" runstate="Runnable" seed="1" result="Passed" label="Test if intersection of indices gives correct result." start-time="2024-02-05 13:01:32.165673" end-time="2024-02-05 13:01:32.459033" duration="0.29336" asserts="0"><properties><property name="python-version" value="3.11.7 (main, Dec  4 2023, 18:10:11) [Clang 15.0.0 (clang-1500.1.0.2.5)]" /><property name="fspath" value="tests/tools/test_intersect.py" /></properties><environment framework-version="3.6.2" clr-version="3.11.7 (main, Dec  4 2023, 18:10:11) [Clang 15.0.0 (clang-1500.1.0.2.5)]" os-version="23.3.0" platform="Darwin" cwd="/Users/ruud.wijtvliet/python/portfolyo" machine-name="arm64" user="" user-domain="" culture="en-US" uiculture="en-US" os-architecture="64bit" /><failure><message><![CDATA[]]></message><stack-trace><![CDATA[None]]></stack-trace></failure><reason><message><![CDATA[]]></message></reason><output><![CDATA[]]></output></test-case><test-case id="252" name="tests/tools/test_intersect.py::test_intersect[startdates12-15T-2020-06-20-06:00-idx-Asia/Kolkata]" fullname="tests/tools/test_intersect.py::test_intersect[startdates12-15T-2020-06-20-06:00-idx-Asia/Kolkata]" methodname="test_intersect[startdates12-15T-2020-06-20-06:00-idx-Asia/Kolkata]" classname="tests/tools/test_intersect.py" runstate="Runnable" seed="1" result="Passed" label="Test if intersection of indices gives correct result." start-time="2024-02-05 13:01:32.459652" end-time="2024-02-05 13:01:32.746798" duration="0.287146" asserts="0"><properties><property name="python-version" value="3.11.7 (main, Dec  4 2023, 18:10:11) [Clang 15.0.0 (clang-1500.1.0.2.5)]" /><property name="fspath" value="tests/tools/test_intersect.py" /></properties><environment framework-version="3.6.2" clr-version="3.11.7 (main, Dec  4 2023, 18:10:11) [Clang 15.0.0 (clang-1500.1.0.2.5)]" os-version="23.3.0" platform="Darwin" cwd="/Users/ruud.wijtvliet/python/portfolyo" machine-name="arm64" user="" user-domain="" culture="en-US" uiculture="en-US" os-architecture="64bit" /><failure><message><![CDATA[]]></message><stack-trace><![CDATA[None]]></stack-trace></failure><reason><message><![CDATA[]]></message></reason><output><![CDATA[]]></output></test-case><test-case id="253" name="tests/tools/test_intersect.py::test_intersect[startdates12-15T-2020-06-20-06:00-fr-None]" fullname="tests/tools/test_intersect.py::test_intersect[startdates12-15T-2020-06-20-06:00-fr-None]" methodname="test_intersect[startdates12-15T-2020-06-20-06:00-fr-None]" classname="tests/tools/test_intersect.py" runstate="Runnable" seed="1" result="Passed" label="Test if intersection of indices gives correct result." start-time="2024-02-05 13:01:32.747391" end-time="2024-02-05 13:01:32.954584" duration="0.207193" asserts="0"><properties><property name="python-version" value="3.11.7 (main, Dec  4 2023, 18:10:11) [Clang 15.0.0 (clang-1500.1.0.2.5)]" /><property name="fspath" value="tests/tools/test_intersect.py" /></properties><environment framework-version="3.6.2" clr-version="3.11.7 (main, Dec  4 2023, 18:10:11) [Clang 15.0.0 (clang-1500.1.0.2.5)]" os-version="23.3.0" platform="Darwin" cwd="/Users/ruud.wijtvliet/python/portfolyo" machine-name="arm64" user="" user-domain="" culture="en-US" uiculture="en-US" os-architecture="64bit" /><failure><message><![CDATA[]]></message><stack-trace><![CDATA[None]]></stack-trace></failure><reason><message><![CDATA[]]></message></reason><output><![CDATA[]]></output></test-case><test-case id="254" name="tests/tools/test_intersect.py::test_intersect[startdates12-15T-2020-06-20-06:00-fr-Europe/Berlin]" fullname="tests/tools/test_intersect.py::test_intersect[startdates12-15T-2020-06-20-06:00-fr-Europe/Berlin]" methodname="test_intersect[startdates12-15T-2020-06-20-06:00-fr-Europe/Berlin]" classname="tests/tools/test_intersect.py" runstate="Runnable" seed="1" result="Passed" label="Test if intersection of indices gives correct result." start-time="2024-02-05 13:01:32.955200" end-time="2024-02-05 13:01:33.420177" duration="0.464977" asserts="0"><properties><property name="python-version" value="3.11.7 (main, Dec  4 2023, 18:10:11) [Clang 15.0.0 (clang-1500.1.0.2.5)]" /><property name="fspath" value="tests/tools/test_intersect.py" /></properties><environment framework-version="3.6.2" clr-version="3.11.7 (main, Dec  4 2023, 18:10:11) [Clang 15.0.0 (clang-1500.1.0.2.5)]" os-version="23.3.0" platform="Darwin" cwd="/Users/ruud.wijtvliet/python/portfolyo" machine-name="arm64" user="" user-domain="" culture="en-US" uiculture="en-US" os-architecture="64bit" /><failure><message><![CDATA[]]></message><stack-trace><![CDATA[None]]></stack-trace></failure><reason><message><![CDATA[]]></message></reason><output><![CDATA[]]></output></test-case><test-case id="255" name="tests/tools/test_intersect.py::test_intersect[startdates12-15T-2020-06-20-06:00-fr-Asia/Kolkata]" fullname="tests/tools/test_intersect.py::test_intersect[startdates12-15T-2020-06-20-06:00-fr-Asia/Kolkata]" methodname="test_intersect[startdates12-15T-2020-06-20-06:00-fr-Asia/Kolkata]" classname="tests/tools/test_intersect.py" runstate="Runnable" seed="1" result="Passed" label="Test if intersection of indices gives correct result." start-time="2024-02-05 13:01:33.420900" end-time="2024-02-05 13:01:33.883831" duration="0.462931" asserts="0"><properties><property name="python-version" value="3.11.7 (main, Dec  4 2023, 18:10:11) [Clang 15.0.0 (clang-1500.1.0.2.5)]" /><property name="fspath" value="tests/tools/test_intersect.py" /></properties><environment framework-version="3.6.2" clr-version="3.11.7 (main, Dec  4 2023, 18:10:11) [Clang 15.0.0 (clang-1500.1.0.2.5)]" os-version="23.3.0" platform="Darwin" cwd="/Users/ruud.wijtvliet/python/portfolyo" machine-name="arm64" user="" user-domain="" culture="en-US" uiculture="en-US" os-architecture="64bit" /><failure><message><![CDATA[]]></message><stack-trace><![CDATA[None]]></stack-trace></failure><reason><message><![CDATA[]]></message></reason><output><![CDATA[]]></output></test-case><test-case id="256" name="tests/tools/test_intersect.py::test_intersect[startdates13-15T-2020-06-20-00:00-idx-None]" fullname="tests/tools/test_intersect.py::test_intersect[startdates13-15T-2020-06-20-00:00-idx-None]" methodname="test_intersect[startdates13-15T-2020-06-20-00:00-idx-None]" classname="tests/tools/test_intersect.py" runstate="Runnable" seed="1" result="Passed" label="Test if intersection of indices gives correct result." start-time="2024-02-05 13:01:33.884516" end-time="2024-02-05 13:01:34.068718" duration="0.184202" asserts="0"><properties><property name="python-version" value="3.11.7 (main, Dec  4 2023, 18:10:11) [Clang 15.0.0 (clang-1500.1.0.2.5)]" /><property name="fspath" value="tests/tools/test_intersect.py" /></properties><environment framework-version="3.6.2" clr-version="3.11.7 (main, Dec  4 2023, 18:10:11) [Clang 15.0.0 (clang-1500.1.0.2.5)]" os-version="23.3.0" platform="Darwin" cwd="/Users/ruud.wijtvliet/python/portfolyo" machine-name="arm64" user="" user-domain="" culture="en-US" uiculture="en-US" os-architecture="64bit" /><failure><message><![CDATA[]]></message><stack-trace><![CDATA[None]]></stack-trace></failure><reason><message><![CDATA[]]></message></reason><output><![CDATA[]]></output></test-case><test-case id="257" name="tests/tools/test_intersect.py::test_intersect[startdates13-15T-2020-06-20-00:00-idx-Europe/Berlin]" fullname="tests/tools/test_intersect.py::test_intersect[startdates13-15T-2020-06-20-00:00-idx-Europe/Berlin]" methodname="test_intersect[startdates13-15T-2020-06-20-00:00-idx-Europe/Berlin]" classname="tests/tools/test_intersect.py" runstate="Runnable" seed="1" result="Passed" label="Test if intersection of indices gives correct result." start-time="2024-02-05 13:01:34.069291" end-time="2024-02-05 13:01:34.363315" duration="0.294024" asserts="0"><properties><property name="python-version" value="3.11.7 (main, Dec  4 2023, 18:10:11) [Clang 15.0.0 (clang-1500.1.0.2.5)]" /><property name="fspath" value="tests/tools/test_intersect.py" /></properties><environment framework-version="3.6.2" clr-version="3.11.7 (main, Dec  4 2023, 18:10:11) [Clang 15.0.0 (clang-1500.1.0.2.5)]" os-version="23.3.0" platform="Darwin" cwd="/Users/ruud.wijtvliet/python/portfolyo" machine-name="arm64" user="" user-domain="" culture="en-US" uiculture="en-US" os-architecture="64bit" /><failure><message><![CDATA[]]></message><stack-trace><![CDATA[None]]></stack-trace></failure><reason><message><![CDATA[]]></message></reason><output><![CDATA[]]></output></test-case><test-case id="258" name="tests/tools/test_intersect.py::test_intersect[startdates13-15T-2020-06-20-00:00-idx-Asia/Kolkata]" fullname="tests/tools/test_intersect.py::test_intersect[startdates13-15T-2020-06-20-00:00-idx-Asia/Kolkata]" methodname="test_intersect[startdates13-15T-2020-06-20-00:00-idx-Asia/Kolkata]" classname="tests/tools/test_intersect.py" runstate="Runnable" seed="1" result="Passed" label="Test if intersection of indices gives correct result." start-time="2024-02-05 13:01:34.364117" end-time="2024-02-05 13:01:34.685445" duration="0.321328" asserts="0"><properties><property name="python-version" value="3.11.7 (main, Dec  4 2023, 18:10:11) [Clang 15.0.0 (clang-1500.1.0.2.5)]" /><property name="fspath" value="tests/tools/test_intersect.py" /></properties><environment framework-version="3.6.2" clr-version="3.11.7 (main, Dec  4 2023, 18:10:11) [Clang 15.0.0 (clang-1500.1.0.2.5)]" os-version="23.3.0" platform="Darwin" cwd="/Users/ruud.wijtvliet/python/portfolyo" machine-name="arm64" user="" user-domain="" culture="en-US" uiculture="en-US" os-architecture="64bit" /><failure><message><![CDATA[]]></message><stack-trace><![CDATA[None]]></stack-trace></failure><reason><message><![CDATA[]]></message></reason><output><![CDATA[]]></output></test-case><test-case id="259" name="tests/tools/test_intersect.py::test_intersect[startdates13-15T-2020-06-20-00:00-fr-None]" fullname="tests/tools/test_intersect.py::test_intersect[startdates13-15T-2020-06-20-00:00-fr-None]" methodname="test_intersect[startdates13-15T-2020-06-20-00:00-fr-None]" classname="tests/tools/test_intersect.py" runstate="Runnable" seed="1" result="Passed" label="Test if intersection of indices gives correct result." start-time="2024-02-05 13:01:34.686078" end-time="2024-02-05 13:01:34.875475" duration="0.189397" asserts="0"><properties><property name="python-version" value="3.11.7 (main, Dec  4 2023, 18:10:11) [Clang 15.0.0 (clang-1500.1.0.2.5)]" /><property name="fspath" value="tests/tools/test_intersect.py" /></properties><environment framework-version="3.6.2" clr-version="3.11.7 (main, Dec  4 2023, 18:10:11) [Clang 15.0.0 (clang-1500.1.0.2.5)]" os-version="23.3.0" platform="Darwin" cwd="/Users/ruud.wijtvliet/python/portfolyo" machine-name="arm64" user="" user-domain="" culture="en-US" uiculture="en-US" os-architecture="64bit" /><failure><message><![CDATA[]]></message><stack-trace><![CDATA[None]]></stack-trace></failure><reason><message><![CDATA[]]></message></reason><output><![CDATA[]]></output></test-case><test-case id="260" name="tests/tools/test_intersect.py::test_intersect[startdates13-15T-2020-06-20-00:00-fr-Europe/Berlin]" fullname="tests/tools/test_intersect.py::test_intersect[startdates13-15T-2020-06-20-00:00-fr-Europe/Berlin]" methodname="test_intersect[startdates13-15T-2020-06-20-00:00-fr-Europe/Berlin]" classname="tests/tools/test_intersect.py" runstate="Runnable" seed="1" result="Passed" label="Test if intersection of indices gives correct result." start-time="2024-02-05 13:01:34.876102" end-time="2024-02-05 13:01:35.335249" duration="0.459147" asserts="0"><properties><property name="python-version" value="3.11.7 (main, Dec  4 2023, 18:10:11) [Clang 15.0.0 (clang-1500.1.0.2.5)]" /><property name="fspath" value="tests/tools/test_intersect.py" /></properties><environment framework-version="3.6.2" clr-version="3.11.7 (main, Dec  4 2023, 18:10:11) [Clang 15.0.0 (clang-1500.1.0.2.5)]" os-version="23.3.0" platform="Darwin" cwd="/Users/ruud.wijtvliet/python/portfolyo" machine-name="arm64" user="" user-domain="" culture="en-US" uiculture="en-US" os-architecture="64bit" /><failure><message><![CDATA[]]></message><stack-trace><![CDATA[None]]></stack-trace></failure><reason><message><![CDATA[]]></message></reason><output><![CDATA[]]></output></test-case><test-case id="261" name="tests/tools/test_intersect.py::test_intersect[startdates13-15T-2020-06-20-00:00-fr-Asia/Kolkata]" fullname="tests/tools/test_intersect.py::test_intersect[startdates13-15T-2020-06-20-00:00-fr-Asia/Kolkata]" methodname="test_intersect[startdates13-15T-2020-06-20-00:00-fr-Asia/Kolkata]" classname="tests/tools/test_intersect.py" runstate="Runnable" seed="1" result="Passed" label="Test if intersection of indices gives correct result." start-time="2024-02-05 13:01:35.335942" end-time="2024-02-05 13:01:35.820135" duration="0.484193" asserts="0"><properties><property name="python-version" value="3.11.7 (main, Dec  4 2023, 18:10:11) [Clang 15.0.0 (clang-1500.1.0.2.5)]" /><property name="fspath" value="tests/tools/test_intersect.py" /></properties><environment framework-version="3.6.2" clr-version="3.11.7 (main, Dec  4 2023, 18:10:11) [Clang 15.0.0 (clang-1500.1.0.2.5)]" os-version="23.3.0" platform="Darwin" cwd="/Users/ruud.wijtvliet/python/portfolyo" machine-name="arm64" user="" user-domain="" culture="en-US" uiculture="en-US" os-architecture="64bit" /><failure><message><![CDATA[]]></message><stack-trace><![CDATA[None]]></stack-trace></failure><reason><message><![CDATA[]]></message></reason><output><![CDATA[]]></output></test-case><test-case id="262" name="tests/tools/test_intersect.py::test_intersect[startdates13-15T-2020-06-20-06:00-idx-None]" fullname="tests/tools/test_intersect.py::test_intersect[startdates13-15T-2020-06-20-06:00-idx-None]" methodname="test_intersect[startdates13-15T-2020-06-20-06:00-idx-None]" classname="tests/tools/test_intersect.py" runstate="Runnable" seed="1" result="Passed" label="Test if intersection of indices gives correct result." start-time="2024-02-05 13:01:35.820873" end-time="2024-02-05 13:01:35.998065" duration="0.177192" asserts="0"><properties><property name="python-version" value="3.11.7 (main, Dec  4 2023, 18:10:11) [Clang 15.0.0 (clang-1500.1.0.2.5)]" /><property name="fspath" value="tests/tools/test_intersect.py" /></properties><environment framework-version="3.6.2" clr-version="3.11.7 (main, Dec  4 2023, 18:10:11) [Clang 15.0.0 (clang-1500.1.0.2.5)]" os-version="23.3.0" platform="Darwin" cwd="/Users/ruud.wijtvliet/python/portfolyo" machine-name="arm64" user="" user-domain="" culture="en-US" uiculture="en-US" os-architecture="64bit" /><failure><message><![CDATA[]]></message><stack-trace><![CDATA[None]]></stack-trace></failure><reason><message><![CDATA[]]></message></reason><output><![CDATA[]]></output></test-case><test-case id="263" name="tests/tools/test_intersect.py::test_intersect[startdates13-15T-2020-06-20-06:00-idx-Europe/Berlin]" fullname="tests/tools/test_intersect.py::test_intersect[startdates13-15T-2020-06-20-06:00-idx-Europe/Berlin]" methodname="test_intersect[startdates13-15T-2020-06-20-06:00-idx-Europe/Berlin]" classname="tests/tools/test_intersect.py" runstate="Runnable" seed="1" result="Passed" label="Test if intersection of indices gives correct result." start-time="2024-02-05 13:01:35.998805" end-time="2024-02-05 13:01:36.284764" duration="0.285959" asserts="0"><properties><property name="python-version" value="3.11.7 (main, Dec  4 2023, 18:10:11) [Clang 15.0.0 (clang-1500.1.0.2.5)]" /><property name="fspath" value="tests/tools/test_intersect.py" /></properties><environment framework-version="3.6.2" clr-version="3.11.7 (main, Dec  4 2023, 18:10:11) [Clang 15.0.0 (clang-1500.1.0.2.5)]" os-version="23.3.0" platform="Darwin" cwd="/Users/ruud.wijtvliet/python/portfolyo" machine-name="arm64" user="" user-domain="" culture="en-US" uiculture="en-US" os-architecture="64bit" /><failure><message><![CDATA[]]></message><stack-trace><![CDATA[None]]></stack-trace></failure><reason><message><![CDATA[]]></message></reason><output><![CDATA[]]></output></test-case><test-case id="264" name="tests/tools/test_intersect.py::test_intersect[startdates13-15T-2020-06-20-06:00-idx-Asia/Kolkata]" fullname="tests/tools/test_intersect.py::test_intersect[startdates13-15T-2020-06-20-06:00-idx-Asia/Kolkata]" methodname="test_intersect[startdates13-15T-2020-06-20-06:00-idx-Asia/Kolkata]" classname="tests/tools/test_intersect.py" runstate="Runnable" seed="1" result="Passed" label="Test if intersection of indices gives correct result." start-time="2024-02-05 13:01:36.285318" end-time="2024-02-05 13:01:36.611426" duration="0.326108" asserts="0"><properties><property name="python-version" value="3.11.7 (main, Dec  4 2023, 18:10:11) [Clang 15.0.0 (clang-1500.1.0.2.5)]" /><property name="fspath" value="tests/tools/test_intersect.py" /></properties><environment framework-version="3.6.2" clr-version="3.11.7 (main, Dec  4 2023, 18:10:11) [Clang 15.0.0 (clang-1500.1.0.2.5)]" os-version="23.3.0" platform="Darwin" cwd="/Users/ruud.wijtvliet/python/portfolyo" machine-name="arm64" user="" user-domain="" culture="en-US" uiculture="en-US" os-architecture="64bit" /><failure><message><![CDATA[]]></message><stack-trace><![CDATA[None]]></stack-trace></failure><reason><message><![CDATA[]]></message></reason><output><![CDATA[]]></output></test-case><test-case id="265" name="tests/tools/test_intersect.py::test_intersect[startdates13-15T-2020-06-20-06:00-fr-None]" fullname="tests/tools/test_intersect.py::test_intersect[startdates13-15T-2020-06-20-06:00-fr-None]" methodname="test_intersect[startdates13-15T-2020-06-20-06:00-fr-None]" classname="tests/tools/test_intersect.py" runstate="Runnable" seed="1" result="Passed" label="Test if intersection of indices gives correct result." start-time="2024-02-05 13:01:36.612055" end-time="2024-02-05 13:01:36.790178" duration="0.178123" asserts="0"><properties><property name="python-version" value="3.11.7 (main, Dec  4 2023, 18:10:11) [Clang 15.0.0 (clang-1500.1.0.2.5)]" /><property name="fspath" value="tests/tools/test_intersect.py" /></properties><environment framework-version="3.6.2" clr-version="3.11.7 (main, Dec  4 2023, 18:10:11) [Clang 15.0.0 (clang-1500.1.0.2.5)]" os-version="23.3.0" platform="Darwin" cwd="/Users/ruud.wijtvliet/python/portfolyo" machine-name="arm64" user="" user-domain="" culture="en-US" uiculture="en-US" os-architecture="64bit" /><failure><message><![CDATA[]]></message><stack-trace><![CDATA[None]]></stack-trace></failure><reason><message><![CDATA[]]></message></reason><output><![CDATA[]]></output></test-case><test-case id="266" name="tests/tools/test_intersect.py::test_intersect[startdates13-15T-2020-06-20-06:00-fr-Europe/Berlin]" fullname="tests/tools/test_intersect.py::test_intersect[startdates13-15T-2020-06-20-06:00-fr-Europe/Berlin]" methodname="test_intersect[startdates13-15T-2020-06-20-06:00-fr-Europe/Berlin]" classname="tests/tools/test_intersect.py" runstate="Runnable" seed="1" result="Passed" label="Test if intersection of indices gives correct result." start-time="2024-02-05 13:01:36.790836" end-time="2024-02-05 13:01:37.239964" duration="0.449128" asserts="0"><properties><property name="python-version" value="3.11.7 (main, Dec  4 2023, 18:10:11) [Clang 15.0.0 (clang-1500.1.0.2.5)]" /><property name="fspath" value="tests/tools/test_intersect.py" /></properties><environment framework-version="3.6.2" clr-version="3.11.7 (main, Dec  4 2023, 18:10:11) [Clang 15.0.0 (clang-1500.1.0.2.5)]" os-version="23.3.0" platform="Darwin" cwd="/Users/ruud.wijtvliet/python/portfolyo" machine-name="arm64" user="" user-domain="" culture="en-US" uiculture="en-US" os-architecture="64bit" /><failure><message><![CDATA[]]></message><stack-trace><![CDATA[None]]></stack-trace></failure><reason><message><![CDATA[]]></message></reason><output><![CDATA[]]></output></test-case><test-case id="267" name="tests/tools/test_intersect.py::test_intersect[startdates13-15T-2020-06-20-06:00-fr-Asia/Kolkata]" fullname="tests/tools/test_intersect.py::test_intersect[startdates13-15T-2020-06-20-06:00-fr-Asia/Kolkata]" methodname="test_intersect[startdates13-15T-2020-06-20-06:00-fr-Asia/Kolkata]" classname="tests/tools/test_intersect.py" runstate="Runnable" seed="1" result="Passed" label="Test if intersection of indices gives correct result." start-time="2024-02-05 13:01:37.240666" end-time="2024-02-05 13:01:37.712912" duration="0.472246" asserts="0"><properties><property name="python-version" value="3.11.7 (main, Dec  4 2023, 18:10:11) [Clang 15.0.0 (clang-1500.1.0.2.5)]" /><property name="fspath" value="tests/tools/test_intersect.py" /></properties><environment framework-version="3.6.2" clr-version="3.11.7 (main, Dec  4 2023, 18:10:11) [Clang 15.0.0 (clang-1500.1.0.2.5)]" os-version="23.3.0" platform="Darwin" cwd="/Users/ruud.wijtvliet/python/portfolyo" machine-name="arm64" user="" user-domain="" culture="en-US" uiculture="en-US" os-architecture="64bit" /><failure><message><![CDATA[]]></message><stack-trace><![CDATA[None]]></stack-trace></failure><reason><message><![CDATA[]]></message></reason><output><![CDATA[]]></output></test-case><test-case id="268" name="tests/tools/test_intersect.py::test_intersect[startdates14-H-2020-06-20-00:00-idx-None]" fullname="tests/tools/test_intersect.py::test_intersect[startdates14-H-2020-06-20-00:00-idx-None]" methodname="test_intersect[startdates14-H-2020-06-20-00:00-idx-None]" classname="tests/tools/test_intersect.py" runstate="Runnable" seed="1" result="Passed" label="Test if intersection of indices gives correct result." start-time="2024-02-05 13:01:37.713592" end-time="2024-02-05 13:01:37.746775" duration="0.033183" asserts="0"><properties><property name="python-version" value="3.11.7 (main, Dec  4 2023, 18:10:11) [Clang 15.0.0 (clang-1500.1.0.2.5)]" /><property name="fspath" value="tests/tools/test_intersect.py" /></properties><environment framework-version="3.6.2" clr-version="3.11.7 (main, Dec  4 2023, 18:10:11) [Clang 15.0.0 (clang-1500.1.0.2.5)]" os-version="23.3.0" platform="Darwin" cwd="/Users/ruud.wijtvliet/python/portfolyo" machine-name="arm64" user="" user-domain="" culture="en-US" uiculture="en-US" os-architecture="64bit" /><failure><message><![CDATA[]]></message><stack-trace><![CDATA[None]]></stack-trace></failure><reason><message><![CDATA[]]></message></reason><output><![CDATA[]]></output></test-case><test-case id="269" name="tests/tools/test_intersect.py::test_intersect[startdates14-H-2020-06-20-00:00-idx-Europe/Berlin]" fullname="tests/tools/test_intersect.py::test_intersect[startdates14-H-2020-06-20-00:00-idx-Europe/Berlin]" methodname="test_intersect[startdates14-H-2020-06-20-00:00-idx-Europe/Berlin]" classname="tests/tools/test_intersect.py" runstate="Runnable" seed="1" result="Passed" label="Test if intersection of indices gives correct result." start-time="2024-02-05 13:01:37.747401" end-time="2024-02-05 13:01:37.837565" duration="0.090164" asserts="0"><properties><property name="python-version" value="3.11.7 (main, Dec  4 2023, 18:10:11) [Clang 15.0.0 (clang-1500.1.0.2.5)]" /><property name="fspath" value="tests/tools/test_intersect.py" /></properties><environment framework-version="3.6.2" clr-version="3.11.7 (main, Dec  4 2023, 18:10:11) [Clang 15.0.0 (clang-1500.1.0.2.5)]" os-version="23.3.0" platform="Darwin" cwd="/Users/ruud.wijtvliet/python/portfolyo" machine-name="arm64" user="" user-domain="" culture="en-US" uiculture="en-US" os-architecture="64bit" /><failure><message><![CDATA[]]></message><stack-trace><![CDATA[None]]></stack-trace></failure><reason><message><![CDATA[]]></message></reason><output><![CDATA[]]></output></test-case><test-case id="270" name="tests/tools/test_intersect.py::test_intersect[startdates14-H-2020-06-20-00:00-idx-Asia/Kolkata]" fullname="tests/tools/test_intersect.py::test_intersect[startdates14-H-2020-06-20-00:00-idx-Asia/Kolkata]" methodname="test_intersect[startdates14-H-2020-06-20-00:00-idx-Asia/Kolkata]" classname="tests/tools/test_intersect.py" runstate="Runnable" seed="1" result="Passed" label="Test if intersection of indices gives correct result." start-time="2024-02-05 13:01:37.838158" end-time="2024-02-05 13:01:37.902465" duration="0.064307" asserts="0"><properties><property name="python-version" value="3.11.7 (main, Dec  4 2023, 18:10:11) [Clang 15.0.0 (clang-1500.1.0.2.5)]" /><property name="fspath" value="tests/tools/test_intersect.py" /></properties><environment framework-version="3.6.2" clr-version="3.11.7 (main, Dec  4 2023, 18:10:11) [Clang 15.0.0 (clang-1500.1.0.2.5)]" os-version="23.3.0" platform="Darwin" cwd="/Users/ruud.wijtvliet/python/portfolyo" machine-name="arm64" user="" user-domain="" culture="en-US" uiculture="en-US" os-architecture="64bit" /><failure><message><![CDATA[]]></message><stack-trace><![CDATA[None]]></stack-trace></failure><reason><message><![CDATA[]]></message></reason><output><![CDATA[]]></output></test-case><test-case id="271" name="tests/tools/test_intersect.py::test_intersect[startdates14-H-2020-06-20-00:00-fr-None]" fullname="tests/tools/test_intersect.py::test_intersect[startdates14-H-2020-06-20-00:00-fr-None]" methodname="test_intersect[startdates14-H-2020-06-20-00:00-fr-None]" classname="tests/tools/test_intersect.py" runstate="Runnable" seed="1" result="Passed" label="Test if intersection of indices gives correct result." start-time="2024-02-05 13:01:37.903279" end-time="2024-02-05 13:01:37.938505" duration="0.035226" asserts="0"><properties><property name="python-version" value="3.11.7 (main, Dec  4 2023, 18:10:11) [Clang 15.0.0 (clang-1500.1.0.2.5)]" /><property name="fspath" value="tests/tools/test_intersect.py" /></properties><environment framework-version="3.6.2" clr-version="3.11.7 (main, Dec  4 2023, 18:10:11) [Clang 15.0.0 (clang-1500.1.0.2.5)]" os-version="23.3.0" platform="Darwin" cwd="/Users/ruud.wijtvliet/python/portfolyo" machine-name="arm64" user="" user-domain="" culture="en-US" uiculture="en-US" os-architecture="64bit" /><failure><message><![CDATA[]]></message><stack-trace><![CDATA[None]]></stack-trace></failure><reason><message><![CDATA[]]></message></reason><output><![CDATA[]]></output></test-case><test-case id="272" name="tests/tools/test_intersect.py::test_intersect[startdates14-H-2020-06-20-00:00-fr-Europe/Berlin]" fullname="tests/tools/test_intersect.py::test_intersect[startdates14-H-2020-06-20-00:00-fr-Europe/Berlin]" methodname="test_intersect[startdates14-H-2020-06-20-00:00-fr-Europe/Berlin]" classname="tests/tools/test_intersect.py" runstate="Runnable" seed="1" result="Passed" label="Test if intersection of indices gives correct result." start-time="2024-02-05 13:01:37.939130" end-time="2024-02-05 13:01:38.060936" duration="0.121806" asserts="0"><properties><property name="python-version" value="3.11.7 (main, Dec  4 2023, 18:10:11) [Clang 15.0.0 (clang-1500.1.0.2.5)]" /><property name="fspath" value="tests/tools/test_intersect.py" /></properties><environment framework-version="3.6.2" clr-version="3.11.7 (main, Dec  4 2023, 18:10:11) [Clang 15.0.0 (clang-1500.1.0.2.5)]" os-version="23.3.0" platform="Darwin" cwd="/Users/ruud.wijtvliet/python/portfolyo" machine-name="arm64" user="" user-domain="" culture="en-US" uiculture="en-US" os-architecture="64bit" /><failure><message><![CDATA[]]></message><stack-trace><![CDATA[None]]></stack-trace></failure><reason><message><![CDATA[]]></message></reason><output><![CDATA[]]></output></test-case><test-case id="273" name="tests/tools/test_intersect.py::test_intersect[startdates14-H-2020-06-20-00:00-fr-Asia/Kolkata]" fullname="tests/tools/test_intersect.py::test_intersect[startdates14-H-2020-06-20-00:00-fr-Asia/Kolkata]" methodname="test_intersect[startdates14-H-2020-06-20-00:00-fr-Asia/Kolkata]" classname="tests/tools/test_intersect.py" runstate="Runnable" seed="1" result="Passed" label="Test if intersection of indices gives correct result." start-time="2024-02-05 13:01:38.061658" end-time="2024-02-05 13:01:38.155354" duration="0.093696" asserts="0"><properties><property name="python-version" value="3.11.7 (main, Dec  4 2023, 18:10:11) [Clang 15.0.0 (clang-1500.1.0.2.5)]" /><property name="fspath" value="tests/tools/test_intersect.py" /></properties><environment framework-version="3.6.2" clr-version="3.11.7 (main, Dec  4 2023, 18:10:11) [Clang 15.0.0 (clang-1500.1.0.2.5)]" os-version="23.3.0" platform="Darwin" cwd="/Users/ruud.wijtvliet/python/portfolyo" machine-name="arm64" user="" user-domain="" culture="en-US" uiculture="en-US" os-architecture="64bit" /><failure><message><![CDATA[]]></message><stack-trace><![CDATA[None]]></stack-trace></failure><reason><message><![CDATA[]]></message></reason><output><![CDATA[]]></output></test-case><test-case id="274" name="tests/tools/test_intersect.py::test_intersect[startdates14-H-2020-06-20-06:00-idx-None]" fullname="tests/tools/test_intersect.py::test_intersect[startdates14-H-2020-06-20-06:00-idx-None]" methodname="test_intersect[startdates14-H-2020-06-20-06:00-idx-None]" classname="tests/tools/test_intersect.py" runstate="Runnable" seed="1" result="Passed" label="Test if intersection of indices gives correct result." start-time="2024-02-05 13:01:38.155942" end-time="2024-02-05 13:01:38.214004" duration="0.058062" asserts="0"><properties><property name="python-version" value="3.11.7 (main, Dec  4 2023, 18:10:11) [Clang 15.0.0 (clang-1500.1.0.2.5)]" /><property name="fspath" value="tests/tools/test_intersect.py" /></properties><environment framework-version="3.6.2" clr-version="3.11.7 (main, Dec  4 2023, 18:10:11) [Clang 15.0.0 (clang-1500.1.0.2.5)]" os-version="23.3.0" platform="Darwin" cwd="/Users/ruud.wijtvliet/python/portfolyo" machine-name="arm64" user="" user-domain="" culture="en-US" uiculture="en-US" os-architecture="64bit" /><failure><message><![CDATA[]]></message><stack-trace><![CDATA[None]]></stack-trace></failure><reason><message><![CDATA[]]></message></reason><output><![CDATA[]]></output></test-case><test-case id="275" name="tests/tools/test_intersect.py::test_intersect[startdates14-H-2020-06-20-06:00-idx-Europe/Berlin]" fullname="tests/tools/test_intersect.py::test_intersect[startdates14-H-2020-06-20-06:00-idx-Europe/Berlin]" methodname="test_intersect[startdates14-H-2020-06-20-06:00-idx-Europe/Berlin]" classname="tests/tools/test_intersect.py" runstate="Runnable" seed="1" result="Passed" label="Test if intersection of indices gives correct result." start-time="2024-02-05 13:01:38.214580" end-time="2024-02-05 13:01:38.277502" duration="0.062922" asserts="0"><properties><property name="python-version" value="3.11.7 (main, Dec  4 2023, 18:10:11) [Clang 15.0.0 (clang-1500.1.0.2.5)]" /><property name="fspath" value="tests/tools/test_intersect.py" /></properties><environment framework-version="3.6.2" clr-version="3.11.7 (main, Dec  4 2023, 18:10:11) [Clang 15.0.0 (clang-1500.1.0.2.5)]" os-version="23.3.0" platform="Darwin" cwd="/Users/ruud.wijtvliet/python/portfolyo" machine-name="arm64" user="" user-domain="" culture="en-US" uiculture="en-US" os-architecture="64bit" /><failure><message><![CDATA[]]></message><stack-trace><![CDATA[None]]></stack-trace></failure><reason><message><![CDATA[]]></message></reason><output><![CDATA[]]></output></test-case><test-case id="276" name="tests/tools/test_intersect.py::test_intersect[startdates14-H-2020-06-20-06:00-idx-Asia/Kolkata]" fullname="tests/tools/test_intersect.py::test_intersect[startdates14-H-2020-06-20-06:00-idx-Asia/Kolkata]" methodname="test_intersect[startdates14-H-2020-06-20-06:00-idx-Asia/Kolkata]" classname="tests/tools/test_intersect.py" runstate="Runnable" seed="1" result="Passed" label="Test if intersection of indices gives correct result." start-time="2024-02-05 13:01:38.278009" end-time="2024-02-05 13:01:38.339525" duration="0.061516" asserts="0"><properties><property name="python-version" value="3.11.7 (main, Dec  4 2023, 18:10:11) [Clang 15.0.0 (clang-1500.1.0.2.5)]" /><property name="fspath" value="tests/tools/test_intersect.py" /></properties><environment framework-version="3.6.2" clr-version="3.11.7 (main, Dec  4 2023, 18:10:11) [Clang 15.0.0 (clang-1500.1.0.2.5)]" os-version="23.3.0" platform="Darwin" cwd="/Users/ruud.wijtvliet/python/portfolyo" machine-name="arm64" user="" user-domain="" culture="en-US" uiculture="en-US" os-architecture="64bit" /><failure><message><![CDATA[]]></message><stack-trace><![CDATA[None]]></stack-trace></failure><reason><message><![CDATA[]]></message></reason><output><![CDATA[]]></output></test-case><test-case id="277" name="tests/tools/test_intersect.py::test_intersect[startdates14-H-2020-06-20-06:00-fr-None]" fullname="tests/tools/test_intersect.py::test_intersect[startdates14-H-2020-06-20-06:00-fr-None]" methodname="test_intersect[startdates14-H-2020-06-20-06:00-fr-None]" classname="tests/tools/test_intersect.py" runstate="Runnable" seed="1" result="Passed" label="Test if intersection of indices gives correct result." start-time="2024-02-05 13:01:38.340244" end-time="2024-02-05 13:01:38.402289" duration="0.062045" asserts="0"><properties><property name="python-version" value="3.11.7 (main, Dec  4 2023, 18:10:11) [Clang 15.0.0 (clang-1500.1.0.2.5)]" /><property name="fspath" value="tests/tools/test_intersect.py" /></properties><environment framework-version="3.6.2" clr-version="3.11.7 (main, Dec  4 2023, 18:10:11) [Clang 15.0.0 (clang-1500.1.0.2.5)]" os-version="23.3.0" platform="Darwin" cwd="/Users/ruud.wijtvliet/python/portfolyo" machine-name="arm64" user="" user-domain="" culture="en-US" uiculture="en-US" os-architecture="64bit" /><failure><message><![CDATA[]]></message><stack-trace><![CDATA[None]]></stack-trace></failure><reason><message><![CDATA[]]></message></reason><output><![CDATA[]]></output></test-case><test-case id="278" name="tests/tools/test_intersect.py::test_intersect[startdates14-H-2020-06-20-06:00-fr-Europe/Berlin]" fullname="tests/tools/test_intersect.py::test_intersect[startdates14-H-2020-06-20-06:00-fr-Europe/Berlin]" methodname="test_intersect[startdates14-H-2020-06-20-06:00-fr-Europe/Berlin]" classname="tests/tools/test_intersect.py" runstate="Runnable" seed="1" result="Passed" label="Test if intersection of indices gives correct result." start-time="2024-02-05 13:01:38.402841" end-time="2024-02-05 13:01:38.500117" duration="0.097276" asserts="0"><properties><property name="python-version" value="3.11.7 (main, Dec  4 2023, 18:10:11) [Clang 15.0.0 (clang-1500.1.0.2.5)]" /><property name="fspath" value="tests/tools/test_intersect.py" /></properties><environment framework-version="3.6.2" clr-version="3.11.7 (main, Dec  4 2023, 18:10:11) [Clang 15.0.0 (clang-1500.1.0.2.5)]" os-version="23.3.0" platform="Darwin" cwd="/Users/ruud.wijtvliet/python/portfolyo" machine-name="arm64" user="" user-domain="" culture="en-US" uiculture="en-US" os-architecture="64bit" /><failure><message><![CDATA[]]></message><stack-trace><![CDATA[None]]></stack-trace></failure><reason><message><![CDATA[]]></message></reason><output><![CDATA[]]></output></test-case><test-case id="279" name="tests/tools/test_intersect.py::test_intersect[startdates14-H-2020-06-20-06:00-fr-Asia/Kolkata]" fullname="tests/tools/test_intersect.py::test_intersect[startdates14-H-2020-06-20-06:00-fr-Asia/Kolkata]" methodname="test_intersect[startdates14-H-2020-06-20-06:00-fr-Asia/Kolkata]" classname="tests/tools/test_intersect.py" runstate="Runnable" seed="1" result="Passed" label="Test if intersection of indices gives correct result." start-time="2024-02-05 13:01:38.500787" end-time="2024-02-05 13:01:38.621819" duration="0.121032" asserts="0"><properties><property name="python-version" value="3.11.7 (main, Dec  4 2023, 18:10:11) [Clang 15.0.0 (clang-1500.1.0.2.5)]" /><property name="fspath" value="tests/tools/test_intersect.py" /></properties><environment framework-version="3.6.2" clr-version="3.11.7 (main, Dec  4 2023, 18:10:11) [Clang 15.0.0 (clang-1500.1.0.2.5)]" os-version="23.3.0" platform="Darwin" cwd="/Users/ruud.wijtvliet/python/portfolyo" machine-name="arm64" user="" user-domain="" culture="en-US" uiculture="en-US" os-architecture="64bit" /><failure><message><![CDATA[]]></message><stack-trace><![CDATA[None]]></stack-trace></failure><reason><message><![CDATA[]]></message></reason><output><![CDATA[]]></output></test-case><test-case id="280" name="tests/tools/test_intersect.py::test_intersect[startdates15-H-2020-06-20-00:00-idx-None]" fullname="tests/tools/test_intersect.py::test_intersect[startdates15-H-2020-06-20-00:00-idx-None]" methodname="test_intersect[startdates15-H-2020-06-20-00:00-idx-None]" classname="tests/tools/test_intersect.py" runstate="Runnable" seed="1" result="Passed" label="Test if intersection of indices gives correct result." start-time="2024-02-05 13:01:38.622407" end-time="2024-02-05 13:01:38.656419" duration="0.034012" asserts="0"><properties><property name="python-version" value="3.11.7 (main, Dec  4 2023, 18:10:11) [Clang 15.0.0 (clang-1500.1.0.2.5)]" /><property name="fspath" value="tests/tools/test_intersect.py" /></properties><environment framework-version="3.6.2" clr-version="3.11.7 (main, Dec  4 2023, 18:10:11) [Clang 15.0.0 (clang-1500.1.0.2.5)]" os-version="23.3.0" platform="Darwin" cwd="/Users/ruud.wijtvliet/python/portfolyo" machine-name="arm64" user="" user-domain="" culture="en-US" uiculture="en-US" os-architecture="64bit" /><failure><message><![CDATA[]]></message><stack-trace><![CDATA[None]]></stack-trace></failure><reason><message><![CDATA[]]></message></reason><output><![CDATA[]]></output></test-case><test-case id="281" name="tests/tools/test_intersect.py::test_intersect[startdates15-H-2020-06-20-00:00-idx-Europe/Berlin]" fullname="tests/tools/test_intersect.py::test_intersect[startdates15-H-2020-06-20-00:00-idx-Europe/Berlin]" methodname="test_intersect[startdates15-H-2020-06-20-00:00-idx-Europe/Berlin]" classname="tests/tools/test_intersect.py" runstate="Runnable" seed="1" result="Passed" label="Test if intersection of indices gives correct result." start-time="2024-02-05 13:01:38.657064" end-time="2024-02-05 13:01:38.745694" duration="0.08863" asserts="0"><properties><property name="python-version" value="3.11.7 (main, Dec  4 2023, 18:10:11) [Clang 15.0.0 (clang-1500.1.0.2.5)]" /><property name="fspath" value="tests/tools/test_intersect.py" /></properties><environment framework-version="3.6.2" clr-version="3.11.7 (main, Dec  4 2023, 18:10:11) [Clang 15.0.0 (clang-1500.1.0.2.5)]" os-version="23.3.0" platform="Darwin" cwd="/Users/ruud.wijtvliet/python/portfolyo" machine-name="arm64" user="" user-domain="" culture="en-US" uiculture="en-US" os-architecture="64bit" /><failure><message><![CDATA[]]></message><stack-trace><![CDATA[None]]></stack-trace></failure><reason><message><![CDATA[]]></message></reason><output><![CDATA[]]></output></test-case><test-case id="282" name="tests/tools/test_intersect.py::test_intersect[startdates15-H-2020-06-20-00:00-idx-Asia/Kolkata]" fullname="tests/tools/test_intersect.py::test_intersect[startdates15-H-2020-06-20-00:00-idx-Asia/Kolkata]" methodname="test_intersect[startdates15-H-2020-06-20-00:00-idx-Asia/Kolkata]" classname="tests/tools/test_intersect.py" runstate="Runnable" seed="1" result="Passed" label="Test if intersection of indices gives correct result." start-time="2024-02-05 13:01:38.746370" end-time="2024-02-05 13:01:38.807830" duration="0.06146" asserts="0"><properties><property name="python-version" value="3.11.7 (main, Dec  4 2023, 18:10:11) [Clang 15.0.0 (clang-1500.1.0.2.5)]" /><property name="fspath" value="tests/tools/test_intersect.py" /></properties><environment framework-version="3.6.2" clr-version="3.11.7 (main, Dec  4 2023, 18:10:11) [Clang 15.0.0 (clang-1500.1.0.2.5)]" os-version="23.3.0" platform="Darwin" cwd="/Users/ruud.wijtvliet/python/portfolyo" machine-name="arm64" user="" user-domain="" culture="en-US" uiculture="en-US" os-architecture="64bit" /><failure><message><![CDATA[]]></message><stack-trace><![CDATA[None]]></stack-trace></failure><reason><message><![CDATA[]]></message></reason><output><![CDATA[]]></output></test-case><test-case id="283" name="tests/tools/test_intersect.py::test_intersect[startdates15-H-2020-06-20-00:00-fr-None]" fullname="tests/tools/test_intersect.py::test_intersect[startdates15-H-2020-06-20-00:00-fr-None]" methodname="test_intersect[startdates15-H-2020-06-20-00:00-fr-None]" classname="tests/tools/test_intersect.py" runstate="Runnable" seed="1" result="Passed" label="Test if intersection of indices gives correct result." start-time="2024-02-05 13:01:38.808526" end-time="2024-02-05 13:01:38.844955" duration="0.036429" asserts="0"><properties><property name="python-version" value="3.11.7 (main, Dec  4 2023, 18:10:11) [Clang 15.0.0 (clang-1500.1.0.2.5)]" /><property name="fspath" value="tests/tools/test_intersect.py" /></properties><environment framework-version="3.6.2" clr-version="3.11.7 (main, Dec  4 2023, 18:10:11) [Clang 15.0.0 (clang-1500.1.0.2.5)]" os-version="23.3.0" platform="Darwin" cwd="/Users/ruud.wijtvliet/python/portfolyo" machine-name="arm64" user="" user-domain="" culture="en-US" uiculture="en-US" os-architecture="64bit" /><failure><message><![CDATA[]]></message><stack-trace><![CDATA[None]]></stack-trace></failure><reason><message><![CDATA[]]></message></reason><output><![CDATA[]]></output></test-case><test-case id="284" name="tests/tools/test_intersect.py::test_intersect[startdates15-H-2020-06-20-00:00-fr-Europe/Berlin]" fullname="tests/tools/test_intersect.py::test_intersect[startdates15-H-2020-06-20-00:00-fr-Europe/Berlin]" methodname="test_intersect[startdates15-H-2020-06-20-00:00-fr-Europe/Berlin]" classname="tests/tools/test_intersect.py" runstate="Runnable" seed="1" result="Passed" label="Test if intersection of indices gives correct result." start-time="2024-02-05 13:01:38.845526" end-time="2024-02-05 13:01:38.967180" duration="0.121654" asserts="0"><properties><property name="python-version" value="3.11.7 (main, Dec  4 2023, 18:10:11) [Clang 15.0.0 (clang-1500.1.0.2.5)]" /><property name="fspath" value="tests/tools/test_intersect.py" /></properties><environment framework-version="3.6.2" clr-version="3.11.7 (main, Dec  4 2023, 18:10:11) [Clang 15.0.0 (clang-1500.1.0.2.5)]" os-version="23.3.0" platform="Darwin" cwd="/Users/ruud.wijtvliet/python/portfolyo" machine-name="arm64" user="" user-domain="" culture="en-US" uiculture="en-US" os-architecture="64bit" /><failure><message><![CDATA[]]></message><stack-trace><![CDATA[None]]></stack-trace></failure><reason><message><![CDATA[]]></message></reason><output><![CDATA[]]></output></test-case><test-case id="285" name="tests/tools/test_intersect.py::test_intersect[startdates15-H-2020-06-20-00:00-fr-Asia/Kolkata]" fullname="tests/tools/test_intersect.py::test_intersect[startdates15-H-2020-06-20-00:00-fr-Asia/Kolkata]" methodname="test_intersect[startdates15-H-2020-06-20-00:00-fr-Asia/Kolkata]" classname="tests/tools/test_intersect.py" runstate="Runnable" seed="1" result="Passed" label="Test if intersection of indices gives correct result." start-time="2024-02-05 13:01:38.967783" end-time="2024-02-05 13:01:39.063455" duration="0.095672" asserts="0"><properties><property name="python-version" value="3.11.7 (main, Dec  4 2023, 18:10:11) [Clang 15.0.0 (clang-1500.1.0.2.5)]" /><property name="fspath" value="tests/tools/test_intersect.py" /></properties><environment framework-version="3.6.2" clr-version="3.11.7 (main, Dec  4 2023, 18:10:11) [Clang 15.0.0 (clang-1500.1.0.2.5)]" os-version="23.3.0" platform="Darwin" cwd="/Users/ruud.wijtvliet/python/portfolyo" machine-name="arm64" user="" user-domain="" culture="en-US" uiculture="en-US" os-architecture="64bit" /><failure><message><![CDATA[]]></message><stack-trace><![CDATA[None]]></stack-trace></failure><reason><message><![CDATA[]]></message></reason><output><![CDATA[]]></output></test-case><test-case id="286" name="tests/tools/test_intersect.py::test_intersect[startdates15-H-2020-06-20-06:00-idx-None]" fullname="tests/tools/test_intersect.py::test_intersect[startdates15-H-2020-06-20-06:00-idx-None]" methodname="test_intersect[startdates15-H-2020-06-20-06:00-idx-None]" classname="tests/tools/test_intersect.py" runstate="Runnable" seed="1" result="Passed" label="Test if intersection of indices gives correct result." start-time="2024-02-05 13:01:39.064044" end-time="2024-02-05 13:01:39.119775" duration="0.055731" asserts="0"><properties><property name="python-version" value="3.11.7 (main, Dec  4 2023, 18:10:11) [Clang 15.0.0 (clang-1500.1.0.2.5)]" /><property name="fspath" value="tests/tools/test_intersect.py" /></properties><environment framework-version="3.6.2" clr-version="3.11.7 (main, Dec  4 2023, 18:10:11) [Clang 15.0.0 (clang-1500.1.0.2.5)]" os-version="23.3.0" platform="Darwin" cwd="/Users/ruud.wijtvliet/python/portfolyo" machine-name="arm64" user="" user-domain="" culture="en-US" uiculture="en-US" os-architecture="64bit" /><failure><message><![CDATA[]]></message><stack-trace><![CDATA[None]]></stack-trace></failure><reason><message><![CDATA[]]></message></reason><output><![CDATA[]]></output></test-case><test-case id="287" name="tests/tools/test_intersect.py::test_intersect[startdates15-H-2020-06-20-06:00-idx-Europe/Berlin]" fullname="tests/tools/test_intersect.py::test_intersect[startdates15-H-2020-06-20-06:00-idx-Europe/Berlin]" methodname="test_intersect[startdates15-H-2020-06-20-06:00-idx-Europe/Berlin]" classname="tests/tools/test_intersect.py" runstate="Runnable" seed="1" result="Passed" label="Test if intersection of indices gives correct result." start-time="2024-02-05 13:01:39.120474" end-time="2024-02-05 13:01:39.181820" duration="0.061346" asserts="0"><properties><property name="python-version" value="3.11.7 (main, Dec  4 2023, 18:10:11) [Clang 15.0.0 (clang-1500.1.0.2.5)]" /><property name="fspath" value="tests/tools/test_intersect.py" /></properties><environment framework-version="3.6.2" clr-version="3.11.7 (main, Dec  4 2023, 18:10:11) [Clang 15.0.0 (clang-1500.1.0.2.5)]" os-version="23.3.0" platform="Darwin" cwd="/Users/ruud.wijtvliet/python/portfolyo" machine-name="arm64" user="" user-domain="" culture="en-US" uiculture="en-US" os-architecture="64bit" /><failure><message><![CDATA[]]></message><stack-trace><![CDATA[None]]></stack-trace></failure><reason><message><![CDATA[]]></message></reason><output><![CDATA[]]></output></test-case><test-case id="288" name="tests/tools/test_intersect.py::test_intersect[startdates15-H-2020-06-20-06:00-idx-Asia/Kolkata]" fullname="tests/tools/test_intersect.py::test_intersect[startdates15-H-2020-06-20-06:00-idx-Asia/Kolkata]" methodname="test_intersect[startdates15-H-2020-06-20-06:00-idx-Asia/Kolkata]" classname="tests/tools/test_intersect.py" runstate="Runnable" seed="1" result="Passed" label="Test if intersection of indices gives correct result." start-time="2024-02-05 13:01:39.182390" end-time="2024-02-05 13:01:39.243611" duration="0.061221" asserts="0"><properties><property name="python-version" value="3.11.7 (main, Dec  4 2023, 18:10:11) [Clang 15.0.0 (clang-1500.1.0.2.5)]" /><property name="fspath" value="tests/tools/test_intersect.py" /></properties><environment framework-version="3.6.2" clr-version="3.11.7 (main, Dec  4 2023, 18:10:11) [Clang 15.0.0 (clang-1500.1.0.2.5)]" os-version="23.3.0" platform="Darwin" cwd="/Users/ruud.wijtvliet/python/portfolyo" machine-name="arm64" user="" user-domain="" culture="en-US" uiculture="en-US" os-architecture="64bit" /><failure><message><![CDATA[]]></message><stack-trace><![CDATA[None]]></stack-trace></failure><reason><message><![CDATA[]]></message></reason><output><![CDATA[]]></output></test-case><test-case id="289" name="tests/tools/test_intersect.py::test_intersect[startdates15-H-2020-06-20-06:00-fr-None]" fullname="tests/tools/test_intersect.py::test_intersect[startdates15-H-2020-06-20-06:00-fr-None]" methodname="test_intersect[startdates15-H-2020-06-20-06:00-fr-None]" classname="tests/tools/test_intersect.py" runstate="Runnable" seed="1" result="Passed" label="Test if intersection of indices gives correct result." start-time="2024-02-05 13:01:39.244123" end-time="2024-02-05 13:01:39.304806" duration="0.060683" asserts="0"><properties><property name="python-version" value="3.11.7 (main, Dec  4 2023, 18:10:11) [Clang 15.0.0 (clang-1500.1.0.2.5)]" /><property name="fspath" value="tests/tools/test_intersect.py" /></properties><environment framework-version="3.6.2" clr-version="3.11.7 (main, Dec  4 2023, 18:10:11) [Clang 15.0.0 (clang-1500.1.0.2.5)]" os-version="23.3.0" platform="Darwin" cwd="/Users/ruud.wijtvliet/python/portfolyo" machine-name="arm64" user="" user-domain="" culture="en-US" uiculture="en-US" os-architecture="64bit" /><failure><message><![CDATA[]]></message><stack-trace><![CDATA[None]]></stack-trace></failure><reason><message><![CDATA[]]></message></reason><output><![CDATA[]]></output></test-case><test-case id="290" name="tests/tools/test_intersect.py::test_intersect[startdates15-H-2020-06-20-06:00-fr-Europe/Berlin]" fullname="tests/tools/test_intersect.py::test_intersect[startdates15-H-2020-06-20-06:00-fr-Europe/Berlin]" methodname="test_intersect[startdates15-H-2020-06-20-06:00-fr-Europe/Berlin]" classname="tests/tools/test_intersect.py" runstate="Runnable" seed="1" result="Passed" label="Test if intersection of indices gives correct result." start-time="2024-02-05 13:01:39.305309" end-time="2024-02-05 13:01:39.400931" duration="0.095622" asserts="0"><properties><property name="python-version" value="3.11.7 (main, Dec  4 2023, 18:10:11) [Clang 15.0.0 (clang-1500.1.0.2.5)]" /><property name="fspath" value="tests/tools/test_intersect.py" /></properties><environment framework-version="3.6.2" clr-version="3.11.7 (main, Dec  4 2023, 18:10:11) [Clang 15.0.0 (clang-1500.1.0.2.5)]" os-version="23.3.0" platform="Darwin" cwd="/Users/ruud.wijtvliet/python/portfolyo" machine-name="arm64" user="" user-domain="" culture="en-US" uiculture="en-US" os-architecture="64bit" /><failure><message><![CDATA[]]></message><stack-trace><![CDATA[None]]></stack-trace></failure><reason><message><![CDATA[]]></message></reason><output><![CDATA[]]></output></test-case><test-case id="291" name="tests/tools/test_intersect.py::test_intersect[startdates15-H-2020-06-20-06:00-fr-Asia/Kolkata]" fullname="tests/tools/test_intersect.py::test_intersect[startdates15-H-2020-06-20-06:00-fr-Asia/Kolkata]" methodname="test_intersect[startdates15-H-2020-06-20-06:00-fr-Asia/Kolkata]" classname="tests/tools/test_intersect.py" runstate="Runnable" seed="1" result="Passed" label="Test if intersection of indices gives correct result." start-time="2024-02-05 13:01:39.401722" end-time="2024-02-05 13:01:39.523511" duration="0.121789" asserts="0"><properties><property name="python-version" value="3.11.7 (main, Dec  4 2023, 18:10:11) [Clang 15.0.0 (clang-1500.1.0.2.5)]" /><property name="fspath" value="tests/tools/test_intersect.py" /></properties><environment framework-version="3.6.2" clr-version="3.11.7 (main, Dec  4 2023, 18:10:11) [Clang 15.0.0 (clang-1500.1.0.2.5)]" os-version="23.3.0" platform="Darwin" cwd="/Users/ruud.wijtvliet/python/portfolyo" machine-name="arm64" user="" user-domain="" culture="en-US" uiculture="en-US" os-architecture="64bit" /><failure><message><![CDATA[]]></message><stack-trace><![CDATA[None]]></stack-trace></failure><reason><message><![CDATA[]]></message></reason><output><![CDATA[]]></output></test-case><test-case id="292" name="tests/tools/test_intersect.py::test_intersect[startdates16-D-2020-06-20-00:00-idx-None]" fullname="tests/tools/test_intersect.py::test_intersect[startdates16-D-2020-06-20-00:00-idx-None]" methodname="test_intersect[startdates16-D-2020-06-20-00:00-idx-None]" classname="tests/tools/test_intersect.py" runstate="Runnable" seed="1" result="Passed" label="Test if intersection of indices gives correct result." start-time="2024-02-05 13:01:39.524169" end-time="2024-02-05 13:01:39.526689" duration="0.00252" asserts="0"><properties><property name="python-version" value="3.11.7 (main, Dec  4 2023, 18:10:11) [Clang 15.0.0 (clang-1500.1.0.2.5)]" /><property name="fspath" value="tests/tools/test_intersect.py" /></properties><environment framework-version="3.6.2" clr-version="3.11.7 (main, Dec  4 2023, 18:10:11) [Clang 15.0.0 (clang-1500.1.0.2.5)]" os-version="23.3.0" platform="Darwin" cwd="/Users/ruud.wijtvliet/python/portfolyo" machine-name="arm64" user="" user-domain="" culture="en-US" uiculture="en-US" os-architecture="64bit" /><failure><message><![CDATA[]]></message><stack-trace><![CDATA[None]]></stack-trace></failure><reason><message><![CDATA[]]></message></reason><output><![CDATA[]]></output></test-case><test-case id="293" name="tests/tools/test_intersect.py::test_intersect[startdates16-D-2020-06-20-00:00-idx-Europe/Berlin]" fullname="tests/tools/test_intersect.py::test_intersect[startdates16-D-2020-06-20-00:00-idx-Europe/Berlin]" methodname="test_intersect[startdates16-D-2020-06-20-00:00-idx-Europe/Berlin]" classname="tests/tools/test_intersect.py" runstate="Runnable" seed="1" result="Passed" label="Test if intersection of indices gives correct result." start-time="2024-02-05 13:01:39.527276" end-time="2024-02-05 13:01:39.531017" duration="0.003741" asserts="0"><properties><property name="python-version" value="3.11.7 (main, Dec  4 2023, 18:10:11) [Clang 15.0.0 (clang-1500.1.0.2.5)]" /><property name="fspath" value="tests/tools/test_intersect.py" /></properties><environment framework-version="3.6.2" clr-version="3.11.7 (main, Dec  4 2023, 18:10:11) [Clang 15.0.0 (clang-1500.1.0.2.5)]" os-version="23.3.0" platform="Darwin" cwd="/Users/ruud.wijtvliet/python/portfolyo" machine-name="arm64" user="" user-domain="" culture="en-US" uiculture="en-US" os-architecture="64bit" /><failure><message><![CDATA[]]></message><stack-trace><![CDATA[None]]></stack-trace></failure><reason><message><![CDATA[]]></message></reason><output><![CDATA[]]></output></test-case><test-case id="294" name="tests/tools/test_intersect.py::test_intersect[startdates16-D-2020-06-20-00:00-idx-Asia/Kolkata]" fullname="tests/tools/test_intersect.py::test_intersect[startdates16-D-2020-06-20-00:00-idx-Asia/Kolkata]" methodname="test_intersect[startdates16-D-2020-06-20-00:00-idx-Asia/Kolkata]" classname="tests/tools/test_intersect.py" runstate="Runnable" seed="1" result="Passed" label="Test if intersection of indices gives correct result." start-time="2024-02-05 13:01:39.531515" end-time="2024-02-05 13:01:39.535242" duration="0.003727" asserts="0"><properties><property name="python-version" value="3.11.7 (main, Dec  4 2023, 18:10:11) [Clang 15.0.0 (clang-1500.1.0.2.5)]" /><property name="fspath" value="tests/tools/test_intersect.py" /></properties><environment framework-version="3.6.2" clr-version="3.11.7 (main, Dec  4 2023, 18:10:11) [Clang 15.0.0 (clang-1500.1.0.2.5)]" os-version="23.3.0" platform="Darwin" cwd="/Users/ruud.wijtvliet/python/portfolyo" machine-name="arm64" user="" user-domain="" culture="en-US" uiculture="en-US" os-architecture="64bit" /><failure><message><![CDATA[]]></message><stack-trace><![CDATA[None]]></stack-trace></failure><reason><message><![CDATA[]]></message></reason><output><![CDATA[]]></output></test-case><test-case id="295" name="tests/tools/test_intersect.py::test_intersect[startdates16-D-2020-06-20-00:00-fr-None]" fullname="tests/tools/test_intersect.py::test_intersect[startdates16-D-2020-06-20-00:00-fr-None]" methodname="test_intersect[startdates16-D-2020-06-20-00:00-fr-None]" classname="tests/tools/test_intersect.py" runstate="Runnable" seed="1" result="Passed" label="Test if intersection of indices gives correct result." start-time="2024-02-05 13:01:39.535776" end-time="2024-02-05 13:01:39.539734" duration="0.003958" asserts="0"><properties><property name="python-version" value="3.11.7 (main, Dec  4 2023, 18:10:11) [Clang 15.0.0 (clang-1500.1.0.2.5)]" /><property name="fspath" value="tests/tools/test_intersect.py" /></properties><environment framework-version="3.6.2" clr-version="3.11.7 (main, Dec  4 2023, 18:10:11) [Clang 15.0.0 (clang-1500.1.0.2.5)]" os-version="23.3.0" platform="Darwin" cwd="/Users/ruud.wijtvliet/python/portfolyo" machine-name="arm64" user="" user-domain="" culture="en-US" uiculture="en-US" os-architecture="64bit" /><failure><message><![CDATA[]]></message><stack-trace><![CDATA[None]]></stack-trace></failure><reason><message><![CDATA[]]></message></reason><output><![CDATA[]]></output></test-case><test-case id="296" name="tests/tools/test_intersect.py::test_intersect[startdates16-D-2020-06-20-00:00-fr-Europe/Berlin]" fullname="tests/tools/test_intersect.py::test_intersect[startdates16-D-2020-06-20-00:00-fr-Europe/Berlin]" methodname="test_intersect[startdates16-D-2020-06-20-00:00-fr-Europe/Berlin]" classname="tests/tools/test_intersect.py" runstate="Runnable" seed="1" result="Passed" label="Test if intersection of indices gives correct result." start-time="2024-02-05 13:01:39.540238" end-time="2024-02-05 13:01:39.547284" duration="0.007046" asserts="0"><properties><property name="python-version" value="3.11.7 (main, Dec  4 2023, 18:10:11) [Clang 15.0.0 (clang-1500.1.0.2.5)]" /><property name="fspath" value="tests/tools/test_intersect.py" /></properties><environment framework-version="3.6.2" clr-version="3.11.7 (main, Dec  4 2023, 18:10:11) [Clang 15.0.0 (clang-1500.1.0.2.5)]" os-version="23.3.0" platform="Darwin" cwd="/Users/ruud.wijtvliet/python/portfolyo" machine-name="arm64" user="" user-domain="" culture="en-US" uiculture="en-US" os-architecture="64bit" /><failure><message><![CDATA[]]></message><stack-trace><![CDATA[None]]></stack-trace></failure><reason><message><![CDATA[]]></message></reason><output><![CDATA[]]></output></test-case><test-case id="297" name="tests/tools/test_intersect.py::test_intersect[startdates16-D-2020-06-20-00:00-fr-Asia/Kolkata]" fullname="tests/tools/test_intersect.py::test_intersect[startdates16-D-2020-06-20-00:00-fr-Asia/Kolkata]" methodname="test_intersect[startdates16-D-2020-06-20-00:00-fr-Asia/Kolkata]" classname="tests/tools/test_intersect.py" runstate="Runnable" seed="1" result="Passed" label="Test if intersection of indices gives correct result." start-time="2024-02-05 13:01:39.547813" end-time="2024-02-05 13:01:39.554768" duration="0.006955" asserts="0"><properties><property name="python-version" value="3.11.7 (main, Dec  4 2023, 18:10:11) [Clang 15.0.0 (clang-1500.1.0.2.5)]" /><property name="fspath" value="tests/tools/test_intersect.py" /></properties><environment framework-version="3.6.2" clr-version="3.11.7 (main, Dec  4 2023, 18:10:11) [Clang 15.0.0 (clang-1500.1.0.2.5)]" os-version="23.3.0" platform="Darwin" cwd="/Users/ruud.wijtvliet/python/portfolyo" machine-name="arm64" user="" user-domain="" culture="en-US" uiculture="en-US" os-architecture="64bit" /><failure><message><![CDATA[]]></message><stack-trace><![CDATA[None]]></stack-trace></failure><reason><message><![CDATA[]]></message></reason><output><![CDATA[]]></output></test-case><test-case id="298" name="tests/tools/test_intersect.py::test_intersect[startdates16-D-2020-06-20-06:00-idx-None]" fullname="tests/tools/test_intersect.py::test_intersect[startdates16-D-2020-06-20-06:00-idx-None]" methodname="test_intersect[startdates16-D-2020-06-20-06:00-idx-None]" classname="tests/tools/test_intersect.py" runstate="Runnable" seed="1" result="Passed" label="Test if intersection of indices gives correct result." start-time="2024-02-05 13:01:39.555335" end-time="2024-02-05 13:01:39.557339" duration="0.002004" asserts="0"><properties><property name="python-version" value="3.11.7 (main, Dec  4 2023, 18:10:11) [Clang 15.0.0 (clang-1500.1.0.2.5)]" /><property name="fspath" value="tests/tools/test_intersect.py" /></properties><environment framework-version="3.6.2" clr-version="3.11.7 (main, Dec  4 2023, 18:10:11) [Clang 15.0.0 (clang-1500.1.0.2.5)]" os-version="23.3.0" platform="Darwin" cwd="/Users/ruud.wijtvliet/python/portfolyo" machine-name="arm64" user="" user-domain="" culture="en-US" uiculture="en-US" os-architecture="64bit" /><failure><message><![CDATA[]]></message><stack-trace><![CDATA[None]]></stack-trace></failure><reason><message><![CDATA[]]></message></reason><output><![CDATA[]]></output></test-case><test-case id="299" name="tests/tools/test_intersect.py::test_intersect[startdates16-D-2020-06-20-06:00-idx-Europe/Berlin]" fullname="tests/tools/test_intersect.py::test_intersect[startdates16-D-2020-06-20-06:00-idx-Europe/Berlin]" methodname="test_intersect[startdates16-D-2020-06-20-06:00-idx-Europe/Berlin]" classname="tests/tools/test_intersect.py" runstate="Runnable" seed="1" result="Passed" label="Test if intersection of indices gives correct result." start-time="2024-02-05 13:01:39.557815" end-time="2024-02-05 13:01:39.561547" duration="0.003732" asserts="0"><properties><property name="python-version" value="3.11.7 (main, Dec  4 2023, 18:10:11) [Clang 15.0.0 (clang-1500.1.0.2.5)]" /><property name="fspath" value="tests/tools/test_intersect.py" /></properties><environment framework-version="3.6.2" clr-version="3.11.7 (main, Dec  4 2023, 18:10:11) [Clang 15.0.0 (clang-1500.1.0.2.5)]" os-version="23.3.0" platform="Darwin" cwd="/Users/ruud.wijtvliet/python/portfolyo" machine-name="arm64" user="" user-domain="" culture="en-US" uiculture="en-US" os-architecture="64bit" /><failure><message><![CDATA[]]></message><stack-trace><![CDATA[None]]></stack-trace></failure><reason><message><![CDATA[]]></message></reason><output><![CDATA[]]></output></test-case><test-case id="300" name="tests/tools/test_intersect.py::test_intersect[startdates16-D-2020-06-20-06:00-idx-Asia/Kolkata]" fullname="tests/tools/test_intersect.py::test_intersect[startdates16-D-2020-06-20-06:00-idx-Asia/Kolkata]" methodname="test_intersect[startdates16-D-2020-06-20-06:00-idx-Asia/Kolkata]" classname="tests/tools/test_intersect.py" runstate="Runnable" seed="1" result="Passed" label="Test if intersection of indices gives correct result." start-time="2024-02-05 13:01:39.562032" end-time="2024-02-05 13:01:39.565412" duration="0.00338" asserts="0"><properties><property name="python-version" value="3.11.7 (main, Dec  4 2023, 18:10:11) [Clang 15.0.0 (clang-1500.1.0.2.5)]" /><property name="fspath" value="tests/tools/test_intersect.py" /></properties><environment framework-version="3.6.2" clr-version="3.11.7 (main, Dec  4 2023, 18:10:11) [Clang 15.0.0 (clang-1500.1.0.2.5)]" os-version="23.3.0" platform="Darwin" cwd="/Users/ruud.wijtvliet/python/portfolyo" machine-name="arm64" user="" user-domain="" culture="en-US" uiculture="en-US" os-architecture="64bit" /><failure><message><![CDATA[]]></message><stack-trace><![CDATA[None]]></stack-trace></failure><reason><message><![CDATA[]]></message></reason><output><![CDATA[]]></output></test-case><test-case id="301" name="tests/tools/test_intersect.py::test_intersect[startdates16-D-2020-06-20-06:00-fr-None]" fullname="tests/tools/test_intersect.py::test_intersect[startdates16-D-2020-06-20-06:00-fr-None]" methodname="test_intersect[startdates16-D-2020-06-20-06:00-fr-None]" classname="tests/tools/test_intersect.py" runstate="Runnable" seed="1" result="Passed" label="Test if intersection of indices gives correct result." start-time="2024-02-05 13:01:39.565948" end-time="2024-02-05 13:01:39.570177" duration="0.004229" asserts="0"><properties><property name="python-version" value="3.11.7 (main, Dec  4 2023, 18:10:11) [Clang 15.0.0 (clang-1500.1.0.2.5)]" /><property name="fspath" value="tests/tools/test_intersect.py" /></properties><environment framework-version="3.6.2" clr-version="3.11.7 (main, Dec  4 2023, 18:10:11) [Clang 15.0.0 (clang-1500.1.0.2.5)]" os-version="23.3.0" platform="Darwin" cwd="/Users/ruud.wijtvliet/python/portfolyo" machine-name="arm64" user="" user-domain="" culture="en-US" uiculture="en-US" os-architecture="64bit" /><failure><message><![CDATA[]]></message><stack-trace><![CDATA[None]]></stack-trace></failure><reason><message><![CDATA[]]></message></reason><output><![CDATA[]]></output></test-case><test-case id="302" name="tests/tools/test_intersect.py::test_intersect[startdates16-D-2020-06-20-06:00-fr-Europe/Berlin]" fullname="tests/tools/test_intersect.py::test_intersect[startdates16-D-2020-06-20-06:00-fr-Europe/Berlin]" methodname="test_intersect[startdates16-D-2020-06-20-06:00-fr-Europe/Berlin]" classname="tests/tools/test_intersect.py" runstate="Runnable" seed="1" result="Passed" label="Test if intersection of indices gives correct result." start-time="2024-02-05 13:01:39.570728" end-time="2024-02-05 13:01:39.577534" duration="0.006806" asserts="0"><properties><property name="python-version" value="3.11.7 (main, Dec  4 2023, 18:10:11) [Clang 15.0.0 (clang-1500.1.0.2.5)]" /><property name="fspath" value="tests/tools/test_intersect.py" /></properties><environment framework-version="3.6.2" clr-version="3.11.7 (main, Dec  4 2023, 18:10:11) [Clang 15.0.0 (clang-1500.1.0.2.5)]" os-version="23.3.0" platform="Darwin" cwd="/Users/ruud.wijtvliet/python/portfolyo" machine-name="arm64" user="" user-domain="" culture="en-US" uiculture="en-US" os-architecture="64bit" /><failure><message><![CDATA[]]></message><stack-trace><![CDATA[None]]></stack-trace></failure><reason><message><![CDATA[]]></message></reason><output><![CDATA[]]></output></test-case><test-case id="303" name="tests/tools/test_intersect.py::test_intersect[startdates16-D-2020-06-20-06:00-fr-Asia/Kolkata]" fullname="tests/tools/test_intersect.py::test_intersect[startdates16-D-2020-06-20-06:00-fr-Asia/Kolkata]" methodname="test_intersect[startdates16-D-2020-06-20-06:00-fr-Asia/Kolkata]" classname="tests/tools/test_intersect.py" runstate="Runnable" seed="1" result="Passed" label="Test if intersection of indices gives correct result." start-time="2024-02-05 13:01:39.578041" end-time="2024-02-05 13:01:39.584469" duration="0.006428" asserts="0"><properties><property name="python-version" value="3.11.7 (main, Dec  4 2023, 18:10:11) [Clang 15.0.0 (clang-1500.1.0.2.5)]" /><property name="fspath" value="tests/tools/test_intersect.py" /></properties><environment framework-version="3.6.2" clr-version="3.11.7 (main, Dec  4 2023, 18:10:11) [Clang 15.0.0 (clang-1500.1.0.2.5)]" os-version="23.3.0" platform="Darwin" cwd="/Users/ruud.wijtvliet/python/portfolyo" machine-name="arm64" user="" user-domain="" culture="en-US" uiculture="en-US" os-architecture="64bit" /><failure><message><![CDATA[]]></message><stack-trace><![CDATA[None]]></stack-trace></failure><reason><message><![CDATA[]]></message></reason><output><![CDATA[]]></output></test-case><test-case id="304" name="tests/tools/test_intersect.py::test_intersect[startdates17-D-2020-06-20-00:00-idx-None]" fullname="tests/tools/test_intersect.py::test_intersect[startdates17-D-2020-06-20-00:00-idx-None]" methodname="test_intersect[startdates17-D-2020-06-20-00:00-idx-None]" classname="tests/tools/test_intersect.py" runstate="Runnable" seed="1" result="Passed" label="Test if intersection of indices gives correct result." start-time="2024-02-05 13:01:39.585056" end-time="2024-02-05 13:01:39.587141" duration="0.002085" asserts="0"><properties><property name="python-version" value="3.11.7 (main, Dec  4 2023, 18:10:11) [Clang 15.0.0 (clang-1500.1.0.2.5)]" /><property name="fspath" value="tests/tools/test_intersect.py" /></properties><environment framework-version="3.6.2" clr-version="3.11.7 (main, Dec  4 2023, 18:10:11) [Clang 15.0.0 (clang-1500.1.0.2.5)]" os-version="23.3.0" platform="Darwin" cwd="/Users/ruud.wijtvliet/python/portfolyo" machine-name="arm64" user="" user-domain="" culture="en-US" uiculture="en-US" os-architecture="64bit" /><failure><message><![CDATA[]]></message><stack-trace><![CDATA[None]]></stack-trace></failure><reason><message><![CDATA[]]></message></reason><output><![CDATA[]]></output></test-case><test-case id="305" name="tests/tools/test_intersect.py::test_intersect[startdates17-D-2020-06-20-00:00-idx-Europe/Berlin]" fullname="tests/tools/test_intersect.py::test_intersect[startdates17-D-2020-06-20-00:00-idx-Europe/Berlin]" methodname="test_intersect[startdates17-D-2020-06-20-00:00-idx-Europe/Berlin]" classname="tests/tools/test_intersect.py" runstate="Runnable" seed="1" result="Passed" label="Test if intersection of indices gives correct result." start-time="2024-02-05 13:01:39.587640" end-time="2024-02-05 13:01:39.591302" duration="0.003662" asserts="0"><properties><property name="python-version" value="3.11.7 (main, Dec  4 2023, 18:10:11) [Clang 15.0.0 (clang-1500.1.0.2.5)]" /><property name="fspath" value="tests/tools/test_intersect.py" /></properties><environment framework-version="3.6.2" clr-version="3.11.7 (main, Dec  4 2023, 18:10:11) [Clang 15.0.0 (clang-1500.1.0.2.5)]" os-version="23.3.0" platform="Darwin" cwd="/Users/ruud.wijtvliet/python/portfolyo" machine-name="arm64" user="" user-domain="" culture="en-US" uiculture="en-US" os-architecture="64bit" /><failure><message><![CDATA[]]></message><stack-trace><![CDATA[None]]></stack-trace></failure><reason><message><![CDATA[]]></message></reason><output><![CDATA[]]></output></test-case><test-case id="306" name="tests/tools/test_intersect.py::test_intersect[startdates17-D-2020-06-20-00:00-idx-Asia/Kolkata]" fullname="tests/tools/test_intersect.py::test_intersect[startdates17-D-2020-06-20-00:00-idx-Asia/Kolkata]" methodname="test_intersect[startdates17-D-2020-06-20-00:00-idx-Asia/Kolkata]" classname="tests/tools/test_intersect.py" runstate="Runnable" seed="1" result="Passed" label="Test if intersection of indices gives correct result." start-time="2024-02-05 13:01:39.591770" end-time="2024-02-05 13:01:39.595105" duration="0.003335" asserts="0"><properties><property name="python-version" value="3.11.7 (main, Dec  4 2023, 18:10:11) [Clang 15.0.0 (clang-1500.1.0.2.5)]" /><property name="fspath" value="tests/tools/test_intersect.py" /></properties><environment framework-version="3.6.2" clr-version="3.11.7 (main, Dec  4 2023, 18:10:11) [Clang 15.0.0 (clang-1500.1.0.2.5)]" os-version="23.3.0" platform="Darwin" cwd="/Users/ruud.wijtvliet/python/portfolyo" machine-name="arm64" user="" user-domain="" culture="en-US" uiculture="en-US" os-architecture="64bit" /><failure><message><![CDATA[]]></message><stack-trace><![CDATA[None]]></stack-trace></failure><reason><message><![CDATA[]]></message></reason><output><![CDATA[]]></output></test-case><test-case id="307" name="tests/tools/test_intersect.py::test_intersect[startdates17-D-2020-06-20-00:00-fr-None]" fullname="tests/tools/test_intersect.py::test_intersect[startdates17-D-2020-06-20-00:00-fr-None]" methodname="test_intersect[startdates17-D-2020-06-20-00:00-fr-None]" classname="tests/tools/test_intersect.py" runstate="Runnable" seed="1" result="Passed" label="Test if intersection of indices gives correct result." start-time="2024-02-05 13:01:39.595558" end-time="2024-02-05 13:01:39.599199" duration="0.003641" asserts="0"><properties><property name="python-version" value="3.11.7 (main, Dec  4 2023, 18:10:11) [Clang 15.0.0 (clang-1500.1.0.2.5)]" /><property name="fspath" value="tests/tools/test_intersect.py" /></properties><environment framework-version="3.6.2" clr-version="3.11.7 (main, Dec  4 2023, 18:10:11) [Clang 15.0.0 (clang-1500.1.0.2.5)]" os-version="23.3.0" platform="Darwin" cwd="/Users/ruud.wijtvliet/python/portfolyo" machine-name="arm64" user="" user-domain="" culture="en-US" uiculture="en-US" os-architecture="64bit" /><failure><message><![CDATA[]]></message><stack-trace><![CDATA[None]]></stack-trace></failure><reason><message><![CDATA[]]></message></reason><output><![CDATA[]]></output></test-case><test-case id="308" name="tests/tools/test_intersect.py::test_intersect[startdates17-D-2020-06-20-00:00-fr-Europe/Berlin]" fullname="tests/tools/test_intersect.py::test_intersect[startdates17-D-2020-06-20-00:00-fr-Europe/Berlin]" methodname="test_intersect[startdates17-D-2020-06-20-00:00-fr-Europe/Berlin]" classname="tests/tools/test_intersect.py" runstate="Runnable" seed="1" result="Passed" label="Test if intersection of indices gives correct result." start-time="2024-02-05 13:01:39.599673" end-time="2024-02-05 13:01:39.606463" duration="0.00679" asserts="0"><properties><property name="python-version" value="3.11.7 (main, Dec  4 2023, 18:10:11) [Clang 15.0.0 (clang-1500.1.0.2.5)]" /><property name="fspath" value="tests/tools/test_intersect.py" /></properties><environment framework-version="3.6.2" clr-version="3.11.7 (main, Dec  4 2023, 18:10:11) [Clang 15.0.0 (clang-1500.1.0.2.5)]" os-version="23.3.0" platform="Darwin" cwd="/Users/ruud.wijtvliet/python/portfolyo" machine-name="arm64" user="" user-domain="" culture="en-US" uiculture="en-US" os-architecture="64bit" /><failure><message><![CDATA[]]></message><stack-trace><![CDATA[None]]></stack-trace></failure><reason><message><![CDATA[]]></message></reason><output><![CDATA[]]></output></test-case><test-case id="309" name="tests/tools/test_intersect.py::test_intersect[startdates17-D-2020-06-20-00:00-fr-Asia/Kolkata]" fullname="tests/tools/test_intersect.py::test_intersect[startdates17-D-2020-06-20-00:00-fr-Asia/Kolkata]" methodname="test_intersect[startdates17-D-2020-06-20-00:00-fr-Asia/Kolkata]" classname="tests/tools/test_intersect.py" runstate="Runnable" seed="1" result="Passed" label="Test if intersection of indices gives correct result." start-time="2024-02-05 13:01:39.606949" end-time="2024-02-05 13:01:39.613499" duration="0.00655" asserts="0"><properties><property name="python-version" value="3.11.7 (main, Dec  4 2023, 18:10:11) [Clang 15.0.0 (clang-1500.1.0.2.5)]" /><property name="fspath" value="tests/tools/test_intersect.py" /></properties><environment framework-version="3.6.2" clr-version="3.11.7 (main, Dec  4 2023, 18:10:11) [Clang 15.0.0 (clang-1500.1.0.2.5)]" os-version="23.3.0" platform="Darwin" cwd="/Users/ruud.wijtvliet/python/portfolyo" machine-name="arm64" user="" user-domain="" culture="en-US" uiculture="en-US" os-architecture="64bit" /><failure><message><![CDATA[]]></message><stack-trace><![CDATA[None]]></stack-trace></failure><reason><message><![CDATA[]]></message></reason><output><![CDATA[]]></output></test-case><test-case id="310" name="tests/tools/test_intersect.py::test_intersect[startdates17-D-2020-06-20-06:00-idx-None]" fullname="tests/tools/test_intersect.py::test_intersect[startdates17-D-2020-06-20-06:00-idx-None]" methodname="test_intersect[startdates17-D-2020-06-20-06:00-idx-None]" classname="tests/tools/test_intersect.py" runstate="Runnable" seed="1" result="Passed" label="Test if intersection of indices gives correct result." start-time="2024-02-05 13:01:39.614162" end-time="2024-02-05 13:01:39.616259" duration="0.002097" asserts="0"><properties><property name="python-version" value="3.11.7 (main, Dec  4 2023, 18:10:11) [Clang 15.0.0 (clang-1500.1.0.2.5)]" /><property name="fspath" value="tests/tools/test_intersect.py" /></properties><environment framework-version="3.6.2" clr-version="3.11.7 (main, Dec  4 2023, 18:10:11) [Clang 15.0.0 (clang-1500.1.0.2.5)]" os-version="23.3.0" platform="Darwin" cwd="/Users/ruud.wijtvliet/python/portfolyo" machine-name="arm64" user="" user-domain="" culture="en-US" uiculture="en-US" os-architecture="64bit" /><failure><message><![CDATA[]]></message><stack-trace><![CDATA[None]]></stack-trace></failure><reason><message><![CDATA[]]></message></reason><output><![CDATA[]]></output></test-case><test-case id="311" name="tests/tools/test_intersect.py::test_intersect[startdates17-D-2020-06-20-06:00-idx-Europe/Berlin]" fullname="tests/tools/test_intersect.py::test_intersect[startdates17-D-2020-06-20-06:00-idx-Europe/Berlin]" methodname="test_intersect[startdates17-D-2020-06-20-06:00-idx-Europe/Berlin]" classname="tests/tools/test_intersect.py" runstate="Runnable" seed="1" result="Passed" label="Test if intersection of indices gives correct result." start-time="2024-02-05 13:01:39.616749" end-time="2024-02-05 13:01:39.620656" duration="0.003907" asserts="0"><properties><property name="python-version" value="3.11.7 (main, Dec  4 2023, 18:10:11) [Clang 15.0.0 (clang-1500.1.0.2.5)]" /><property name="fspath" value="tests/tools/test_intersect.py" /></properties><environment framework-version="3.6.2" clr-version="3.11.7 (main, Dec  4 2023, 18:10:11) [Clang 15.0.0 (clang-1500.1.0.2.5)]" os-version="23.3.0" platform="Darwin" cwd="/Users/ruud.wijtvliet/python/portfolyo" machine-name="arm64" user="" user-domain="" culture="en-US" uiculture="en-US" os-architecture="64bit" /><failure><message><![CDATA[]]></message><stack-trace><![CDATA[None]]></stack-trace></failure><reason><message><![CDATA[]]></message></reason><output><![CDATA[]]></output></test-case><test-case id="312" name="tests/tools/test_intersect.py::test_intersect[startdates17-D-2020-06-20-06:00-idx-Asia/Kolkata]" fullname="tests/tools/test_intersect.py::test_intersect[startdates17-D-2020-06-20-06:00-idx-Asia/Kolkata]" methodname="test_intersect[startdates17-D-2020-06-20-06:00-idx-Asia/Kolkata]" classname="tests/tools/test_intersect.py" runstate="Runnable" seed="1" result="Passed" label="Test if intersection of indices gives correct result." start-time="2024-02-05 13:01:39.621200" end-time="2024-02-05 13:01:39.624885" duration="0.003685" asserts="0"><properties><property name="python-version" value="3.11.7 (main, Dec  4 2023, 18:10:11) [Clang 15.0.0 (clang-1500.1.0.2.5)]" /><property name="fspath" value="tests/tools/test_intersect.py" /></properties><environment framework-version="3.6.2" clr-version="3.11.7 (main, Dec  4 2023, 18:10:11) [Clang 15.0.0 (clang-1500.1.0.2.5)]" os-version="23.3.0" platform="Darwin" cwd="/Users/ruud.wijtvliet/python/portfolyo" machine-name="arm64" user="" user-domain="" culture="en-US" uiculture="en-US" os-architecture="64bit" /><failure><message><![CDATA[]]></message><stack-trace><![CDATA[None]]></stack-trace></failure><reason><message><![CDATA[]]></message></reason><output><![CDATA[]]></output></test-case><test-case id="313" name="tests/tools/test_intersect.py::test_intersect[startdates17-D-2020-06-20-06:00-fr-None]" fullname="tests/tools/test_intersect.py::test_intersect[startdates17-D-2020-06-20-06:00-fr-None]" methodname="test_intersect[startdates17-D-2020-06-20-06:00-fr-None]" classname="tests/tools/test_intersect.py" runstate="Runnable" seed="1" result="Passed" label="Test if intersection of indices gives correct result." start-time="2024-02-05 13:01:39.625385" end-time="2024-02-05 13:01:39.628742" duration="0.003357" asserts="0"><properties><property name="python-version" value="3.11.7 (main, Dec  4 2023, 18:10:11) [Clang 15.0.0 (clang-1500.1.0.2.5)]" /><property name="fspath" value="tests/tools/test_intersect.py" /></properties><environment framework-version="3.6.2" clr-version="3.11.7 (main, Dec  4 2023, 18:10:11) [Clang 15.0.0 (clang-1500.1.0.2.5)]" os-version="23.3.0" platform="Darwin" cwd="/Users/ruud.wijtvliet/python/portfolyo" machine-name="arm64" user="" user-domain="" culture="en-US" uiculture="en-US" os-architecture="64bit" /><failure><message><![CDATA[]]></message><stack-trace><![CDATA[None]]></stack-trace></failure><reason><message><![CDATA[]]></message></reason><output><![CDATA[]]></output></test-case><test-case id="314" name="tests/tools/test_intersect.py::test_intersect[startdates17-D-2020-06-20-06:00-fr-Europe/Berlin]" fullname="tests/tools/test_intersect.py::test_intersect[startdates17-D-2020-06-20-06:00-fr-Europe/Berlin]" methodname="test_intersect[startdates17-D-2020-06-20-06:00-fr-Europe/Berlin]" classname="tests/tools/test_intersect.py" runstate="Runnable" seed="1" result="Passed" label="Test if intersection of indices gives correct result." start-time="2024-02-05 13:01:39.629217" end-time="2024-02-05 13:01:39.637003" duration="0.007786" asserts="0"><properties><property name="python-version" value="3.11.7 (main, Dec  4 2023, 18:10:11) [Clang 15.0.0 (clang-1500.1.0.2.5)]" /><property name="fspath" value="tests/tools/test_intersect.py" /></properties><environment framework-version="3.6.2" clr-version="3.11.7 (main, Dec  4 2023, 18:10:11) [Clang 15.0.0 (clang-1500.1.0.2.5)]" os-version="23.3.0" platform="Darwin" cwd="/Users/ruud.wijtvliet/python/portfolyo" machine-name="arm64" user="" user-domain="" culture="en-US" uiculture="en-US" os-architecture="64bit" /><failure><message><![CDATA[]]></message><stack-trace><![CDATA[None]]></stack-trace></failure><reason><message><![CDATA[]]></message></reason><output><![CDATA[]]></output></test-case><test-case id="315" name="tests/tools/test_intersect.py::test_intersect[startdates17-D-2020-06-20-06:00-fr-Asia/Kolkata]" fullname="tests/tools/test_intersect.py::test_intersect[startdates17-D-2020-06-20-06:00-fr-Asia/Kolkata]" methodname="test_intersect[startdates17-D-2020-06-20-06:00-fr-Asia/Kolkata]" classname="tests/tools/test_intersect.py" runstate="Runnable" seed="1" result="Passed" label="Test if intersection of indices gives correct result." start-time="2024-02-05 13:01:39.637652" end-time="2024-02-05 13:01:39.644736" duration="0.007084" asserts="0"><properties><property name="python-version" value="3.11.7 (main, Dec  4 2023, 18:10:11) [Clang 15.0.0 (clang-1500.1.0.2.5)]" /><property name="fspath" value="tests/tools/test_intersect.py" /></properties><environment framework-version="3.6.2" clr-version="3.11.7 (main, Dec  4 2023, 18:10:11) [Clang 15.0.0 (clang-1500.1.0.2.5)]" os-version="23.3.0" platform="Darwin" cwd="/Users/ruud.wijtvliet/python/portfolyo" machine-name="arm64" user="" user-domain="" culture="en-US" uiculture="en-US" os-architecture="64bit" /><failure><message><![CDATA[]]></message><stack-trace><![CDATA[None]]></stack-trace></failure><reason><message><![CDATA[]]></message></reason><output><![CDATA[]]></output></test-case><test-case id="316" name="tests/tools/test_intersect.py::test_intersect_distinctfreq[startdates0-15T-2020-01-20-00:00-idx-None]" fullname="tests/tools/test_intersect.py::test_intersect_distinctfreq[startdates0-15T-2020-01-20-00:00-idx-None]" methodname="test_intersect_distinctfreq[startdates0-15T-2020-01-20-00:00-idx-None]" classname="tests/tools/test_intersect.py" runstate="Runnable" seed="1" result="Passed" label="Test if intersection of indices with distinct frequencies gives correct result." start-time="2024-02-05 13:01:39.645383" end-time="2024-02-05 13:01:39.646538" duration="0.001155" asserts="0"><properties><property name="python-version" value="3.11.7 (main, Dec  4 2023, 18:10:11) [Clang 15.0.0 (clang-1500.1.0.2.5)]" /><property name="fspath" value="tests/tools/test_intersect.py" /></properties><environment framework-version="3.6.2" clr-version="3.11.7 (main, Dec  4 2023, 18:10:11) [Clang 15.0.0 (clang-1500.1.0.2.5)]" os-version="23.3.0" platform="Darwin" cwd="/Users/ruud.wijtvliet/python/portfolyo" machine-name="arm64" user="" user-domain="" culture="en-US" uiculture="en-US" os-architecture="64bit" /><failure><message><![CDATA[]]></message><stack-trace><![CDATA[None]]></stack-trace></failure><reason><message><![CDATA[]]></message></reason><output><![CDATA[]]></output></test-case><test-case id="317" name="tests/tools/test_intersect.py::test_intersect_distinctfreq[startdates0-15T-2020-01-20-00:00-idx-Europe/Berlin]" fullname="tests/tools/test_intersect.py::test_intersect_distinctfreq[startdates0-15T-2020-01-20-00:00-idx-Europe/Berlin]" methodname="test_intersect_distinctfreq[startdates0-15T-2020-01-20-00:00-idx-Europe/Berlin]" classname="tests/tools/test_intersect.py" runstate="Runnable" seed="1" result="Passed" label="Test if intersection of indices with distinct frequencies gives correct result." start-time="2024-02-05 13:01:39.647060" end-time="2024-02-05 13:01:39.648014" duration="0.000954" asserts="0"><properties><property name="python-version" value="3.11.7 (main, Dec  4 2023, 18:10:11) [Clang 15.0.0 (clang-1500.1.0.2.5)]" /><property name="fspath" value="tests/tools/test_intersect.py" /></properties><environment framework-version="3.6.2" clr-version="3.11.7 (main, Dec  4 2023, 18:10:11) [Clang 15.0.0 (clang-1500.1.0.2.5)]" os-version="23.3.0" platform="Darwin" cwd="/Users/ruud.wijtvliet/python/portfolyo" machine-name="arm64" user="" user-domain="" culture="en-US" uiculture="en-US" os-architecture="64bit" /><failure><message><![CDATA[]]></message><stack-trace><![CDATA[None]]></stack-trace></failure><reason><message><![CDATA[]]></message></reason><output><![CDATA[]]></output></test-case><test-case id="318" name="tests/tools/test_intersect.py::test_intersect_distinctfreq[startdates0-15T-2020-01-20-00:00-idx-Asia/Kolkata]" fullname="tests/tools/test_intersect.py::test_intersect_distinctfreq[startdates0-15T-2020-01-20-00:00-idx-Asia/Kolkata]" methodname="test_intersect_distinctfreq[startdates0-15T-2020-01-20-00:00-idx-Asia/Kolkata]" classname="tests/tools/test_intersect.py" runstate="Runnable" seed="1" result="Passed" label="Test if intersection of indices with distinct frequencies gives correct result." start-time="2024-02-05 13:01:39.648532" end-time="2024-02-05 13:01:39.649316" duration="0.000784" asserts="0"><properties><property name="python-version" value="3.11.7 (main, Dec  4 2023, 18:10:11) [Clang 15.0.0 (clang-1500.1.0.2.5)]" /><property name="fspath" value="tests/tools/test_intersect.py" /></properties><environment framework-version="3.6.2" clr-version="3.11.7 (main, Dec  4 2023, 18:10:11) [Clang 15.0.0 (clang-1500.1.0.2.5)]" os-version="23.3.0" platform="Darwin" cwd="/Users/ruud.wijtvliet/python/portfolyo" machine-name="arm64" user="" user-domain="" culture="en-US" uiculture="en-US" os-architecture="64bit" /><failure><message><![CDATA[]]></message><stack-trace><![CDATA[None]]></stack-trace></failure><reason><message><![CDATA[]]></message></reason><output><![CDATA[]]></output></test-case><test-case id="319" name="tests/tools/test_intersect.py::test_intersect_distinctfreq[startdates0-15T-2020-01-20-00:00-fr-None]" fullname="tests/tools/test_intersect.py::test_intersect_distinctfreq[startdates0-15T-2020-01-20-00:00-fr-None]" methodname="test_intersect_distinctfreq[startdates0-15T-2020-01-20-00:00-fr-None]" classname="tests/tools/test_intersect.py" runstate="Runnable" seed="1" result="Passed" label="Test if intersection of indices with distinct frequencies gives correct result." start-time="2024-02-05 13:01:39.649791" end-time="2024-02-05 13:01:39.650661" duration="0.00087" asserts="0"><properties><property name="python-version" value="3.11.7 (main, Dec  4 2023, 18:10:11) [Clang 15.0.0 (clang-1500.1.0.2.5)]" /><property name="fspath" value="tests/tools/test_intersect.py" /></properties><environment framework-version="3.6.2" clr-version="3.11.7 (main, Dec  4 2023, 18:10:11) [Clang 15.0.0 (clang-1500.1.0.2.5)]" os-version="23.3.0" platform="Darwin" cwd="/Users/ruud.wijtvliet/python/portfolyo" machine-name="arm64" user="" user-domain="" culture="en-US" uiculture="en-US" os-architecture="64bit" /><failure><message><![CDATA[]]></message><stack-trace><![CDATA[None]]></stack-trace></failure><reason><message><![CDATA[]]></message></reason><output><![CDATA[]]></output></test-case><test-case id="320" name="tests/tools/test_intersect.py::test_intersect_distinctfreq[startdates0-15T-2020-01-20-00:00-fr-Europe/Berlin]" fullname="tests/tools/test_intersect.py::test_intersect_distinctfreq[startdates0-15T-2020-01-20-00:00-fr-Europe/Berlin]" methodname="test_intersect_distinctfreq[startdates0-15T-2020-01-20-00:00-fr-Europe/Berlin]" classname="tests/tools/test_intersect.py" runstate="Runnable" seed="1" result="Passed" label="Test if intersection of indices with distinct frequencies gives correct result." start-time="2024-02-05 13:01:39.651105" end-time="2024-02-05 13:01:39.652134" duration="0.001029" asserts="0"><properties><property name="python-version" value="3.11.7 (main, Dec  4 2023, 18:10:11) [Clang 15.0.0 (clang-1500.1.0.2.5)]" /><property name="fspath" value="tests/tools/test_intersect.py" /></properties><environment framework-version="3.6.2" clr-version="3.11.7 (main, Dec  4 2023, 18:10:11) [Clang 15.0.0 (clang-1500.1.0.2.5)]" os-version="23.3.0" platform="Darwin" cwd="/Users/ruud.wijtvliet/python/portfolyo" machine-name="arm64" user="" user-domain="" culture="en-US" uiculture="en-US" os-architecture="64bit" /><failure><message><![CDATA[]]></message><stack-trace><![CDATA[None]]></stack-trace></failure><reason><message><![CDATA[]]></message></reason><output><![CDATA[]]></output></test-case><test-case id="321" name="tests/tools/test_intersect.py::test_intersect_distinctfreq[startdates0-15T-2020-01-20-00:00-fr-Asia/Kolkata]" fullname="tests/tools/test_intersect.py::test_intersect_distinctfreq[startdates0-15T-2020-01-20-00:00-fr-Asia/Kolkata]" methodname="test_intersect_distinctfreq[startdates0-15T-2020-01-20-00:00-fr-Asia/Kolkata]" classname="tests/tools/test_intersect.py" runstate="Runnable" seed="1" result="Passed" label="Test if intersection of indices with distinct frequencies gives correct result." start-time="2024-02-05 13:01:39.652577" end-time="2024-02-05 13:01:39.653495" duration="0.000918" asserts="0"><properties><property name="python-version" value="3.11.7 (main, Dec  4 2023, 18:10:11) [Clang 15.0.0 (clang-1500.1.0.2.5)]" /><property name="fspath" value="tests/tools/test_intersect.py" /></properties><environment framework-version="3.6.2" clr-version="3.11.7 (main, Dec  4 2023, 18:10:11) [Clang 15.0.0 (clang-1500.1.0.2.5)]" os-version="23.3.0" platform="Darwin" cwd="/Users/ruud.wijtvliet/python/portfolyo" machine-name="arm64" user="" user-domain="" culture="en-US" uiculture="en-US" os-architecture="64bit" /><failure><message><![CDATA[]]></message><stack-trace><![CDATA[None]]></stack-trace></failure><reason><message><![CDATA[]]></message></reason><output><![CDATA[]]></output></test-case><test-case id="322" name="tests/tools/test_intersect.py::test_intersect_distinctfreq[startdates0-15T-2020-01-20-06:00-idx-None]" fullname="tests/tools/test_intersect.py::test_intersect_distinctfreq[startdates0-15T-2020-01-20-06:00-idx-None]" methodname="test_intersect_distinctfreq[startdates0-15T-2020-01-20-06:00-idx-None]" classname="tests/tools/test_intersect.py" runstate="Runnable" seed="1" result="Passed" label="Test if intersection of indices with distinct frequencies gives correct result." start-time="2024-02-05 13:01:39.653960" end-time="2024-02-05 13:01:39.654517" duration="0.000557" asserts="0"><properties><property name="python-version" value="3.11.7 (main, Dec  4 2023, 18:10:11) [Clang 15.0.0 (clang-1500.1.0.2.5)]" /><property name="fspath" value="tests/tools/test_intersect.py" /></properties><environment framework-version="3.6.2" clr-version="3.11.7 (main, Dec  4 2023, 18:10:11) [Clang 15.0.0 (clang-1500.1.0.2.5)]" os-version="23.3.0" platform="Darwin" cwd="/Users/ruud.wijtvliet/python/portfolyo" machine-name="arm64" user="" user-domain="" culture="en-US" uiculture="en-US" os-architecture="64bit" /><failure><message><![CDATA[]]></message><stack-trace><![CDATA[None]]></stack-trace></failure><reason><message><![CDATA[]]></message></reason><output><![CDATA[]]></output></test-case><test-case id="323" name="tests/tools/test_intersect.py::test_intersect_distinctfreq[startdates0-15T-2020-01-20-06:00-idx-Europe/Berlin]" fullname="tests/tools/test_intersect.py::test_intersect_distinctfreq[startdates0-15T-2020-01-20-06:00-idx-Europe/Berlin]" methodname="test_intersect_distinctfreq[startdates0-15T-2020-01-20-06:00-idx-Europe/Berlin]" classname="tests/tools/test_intersect.py" runstate="Runnable" seed="1" result="Passed" label="Test if intersection of indices with distinct frequencies gives correct result." start-time="2024-02-05 13:01:39.655051" end-time="2024-02-05 13:01:39.655760" duration="0.000709" asserts="0"><properties><property name="python-version" value="3.11.7 (main, Dec  4 2023, 18:10:11) [Clang 15.0.0 (clang-1500.1.0.2.5)]" /><property name="fspath" value="tests/tools/test_intersect.py" /></properties><environment framework-version="3.6.2" clr-version="3.11.7 (main, Dec  4 2023, 18:10:11) [Clang 15.0.0 (clang-1500.1.0.2.5)]" os-version="23.3.0" platform="Darwin" cwd="/Users/ruud.wijtvliet/python/portfolyo" machine-name="arm64" user="" user-domain="" culture="en-US" uiculture="en-US" os-architecture="64bit" /><failure><message><![CDATA[]]></message><stack-trace><![CDATA[None]]></stack-trace></failure><reason><message><![CDATA[]]></message></reason><output><![CDATA[]]></output></test-case><test-case id="324" name="tests/tools/test_intersect.py::test_intersect_distinctfreq[startdates0-15T-2020-01-20-06:00-idx-Asia/Kolkata]" fullname="tests/tools/test_intersect.py::test_intersect_distinctfreq[startdates0-15T-2020-01-20-06:00-idx-Asia/Kolkata]" methodname="test_intersect_distinctfreq[startdates0-15T-2020-01-20-06:00-idx-Asia/Kolkata]" classname="tests/tools/test_intersect.py" runstate="Runnable" seed="1" result="Passed" label="Test if intersection of indices with distinct frequencies gives correct result." start-time="2024-02-05 13:01:39.656199" end-time="2024-02-05 13:01:39.656834" duration="0.000635" asserts="0"><properties><property name="python-version" value="3.11.7 (main, Dec  4 2023, 18:10:11) [Clang 15.0.0 (clang-1500.1.0.2.5)]" /><property name="fspath" value="tests/tools/test_intersect.py" /></properties><environment framework-version="3.6.2" clr-version="3.11.7 (main, Dec  4 2023, 18:10:11) [Clang 15.0.0 (clang-1500.1.0.2.5)]" os-version="23.3.0" platform="Darwin" cwd="/Users/ruud.wijtvliet/python/portfolyo" machine-name="arm64" user="" user-domain="" culture="en-US" uiculture="en-US" os-architecture="64bit" /><failure><message><![CDATA[]]></message><stack-trace><![CDATA[None]]></stack-trace></failure><reason><message><![CDATA[]]></message></reason><output><![CDATA[]]></output></test-case><test-case id="325" name="tests/tools/test_intersect.py::test_intersect_distinctfreq[startdates0-15T-2020-01-20-06:00-fr-None]" fullname="tests/tools/test_intersect.py::test_intersect_distinctfreq[startdates0-15T-2020-01-20-06:00-fr-None]" methodname="test_intersect_distinctfreq[startdates0-15T-2020-01-20-06:00-fr-None]" classname="tests/tools/test_intersect.py" runstate="Runnable" seed="1" result="Passed" label="Test if intersection of indices with distinct frequencies gives correct result." start-time="2024-02-05 13:01:39.657253" end-time="2024-02-05 13:01:39.657964" duration="0.000711" asserts="0"><properties><property name="python-version" value="3.11.7 (main, Dec  4 2023, 18:10:11) [Clang 15.0.0 (clang-1500.1.0.2.5)]" /><property name="fspath" value="tests/tools/test_intersect.py" /></properties><environment framework-version="3.6.2" clr-version="3.11.7 (main, Dec  4 2023, 18:10:11) [Clang 15.0.0 (clang-1500.1.0.2.5)]" os-version="23.3.0" platform="Darwin" cwd="/Users/ruud.wijtvliet/python/portfolyo" machine-name="arm64" user="" user-domain="" culture="en-US" uiculture="en-US" os-architecture="64bit" /><failure><message><![CDATA[]]></message><stack-trace><![CDATA[None]]></stack-trace></failure><reason><message><![CDATA[]]></message></reason><output><![CDATA[]]></output></test-case><test-case id="326" name="tests/tools/test_intersect.py::test_intersect_distinctfreq[startdates0-15T-2020-01-20-06:00-fr-Europe/Berlin]" fullname="tests/tools/test_intersect.py::test_intersect_distinctfreq[startdates0-15T-2020-01-20-06:00-fr-Europe/Berlin]" methodname="test_intersect_distinctfreq[startdates0-15T-2020-01-20-06:00-fr-Europe/Berlin]" classname="tests/tools/test_intersect.py" runstate="Runnable" seed="1" result="Passed" label="Test if intersection of indices with distinct frequencies gives correct result." start-time="2024-02-05 13:01:39.658407" end-time="2024-02-05 13:01:39.659390" duration="0.000983" asserts="0"><properties><property name="python-version" value="3.11.7 (main, Dec  4 2023, 18:10:11) [Clang 15.0.0 (clang-1500.1.0.2.5)]" /><property name="fspath" value="tests/tools/test_intersect.py" /></properties><environment framework-version="3.6.2" clr-version="3.11.7 (main, Dec  4 2023, 18:10:11) [Clang 15.0.0 (clang-1500.1.0.2.5)]" os-version="23.3.0" platform="Darwin" cwd="/Users/ruud.wijtvliet/python/portfolyo" machine-name="arm64" user="" user-domain="" culture="en-US" uiculture="en-US" os-architecture="64bit" /><failure><message><![CDATA[]]></message><stack-trace><![CDATA[None]]></stack-trace></failure><reason><message><![CDATA[]]></message></reason><output><![CDATA[]]></output></test-case><test-case id="327" name="tests/tools/test_intersect.py::test_intersect_distinctfreq[startdates0-15T-2020-01-20-06:00-fr-Asia/Kolkata]" fullname="tests/tools/test_intersect.py::test_intersect_distinctfreq[startdates0-15T-2020-01-20-06:00-fr-Asia/Kolkata]" methodname="test_intersect_distinctfreq[startdates0-15T-2020-01-20-06:00-fr-Asia/Kolkata]" classname="tests/tools/test_intersect.py" runstate="Runnable" seed="1" result="Passed" label="Test if intersection of indices with distinct frequencies gives correct result." start-time="2024-02-05 13:01:39.659880" end-time="2024-02-05 13:01:39.660919" duration="0.001039" asserts="0"><properties><property name="python-version" value="3.11.7 (main, Dec  4 2023, 18:10:11) [Clang 15.0.0 (clang-1500.1.0.2.5)]" /><property name="fspath" value="tests/tools/test_intersect.py" /></properties><environment framework-version="3.6.2" clr-version="3.11.7 (main, Dec  4 2023, 18:10:11) [Clang 15.0.0 (clang-1500.1.0.2.5)]" os-version="23.3.0" platform="Darwin" cwd="/Users/ruud.wijtvliet/python/portfolyo" machine-name="arm64" user="" user-domain="" culture="en-US" uiculture="en-US" os-architecture="64bit" /><failure><message><![CDATA[]]></message><stack-trace><![CDATA[None]]></stack-trace></failure><reason><message><![CDATA[]]></message></reason><output><![CDATA[]]></output></test-case><test-case id="328" name="tests/tools/test_intersect.py::test_intersect_distinctfreq[startdates1-15T-2020-01-20-00:00-idx-None]" fullname="tests/tools/test_intersect.py::test_intersect_distinctfreq[startdates1-15T-2020-01-20-00:00-idx-None]" methodname="test_intersect_distinctfreq[startdates1-15T-2020-01-20-00:00-idx-None]" classname="tests/tools/test_intersect.py" runstate="Runnable" seed="1" result="Passed" label="Test if intersection of indices with distinct frequencies gives correct result." start-time="2024-02-05 13:01:39.661391" end-time="2024-02-05 13:01:39.661870" duration="0.000479" asserts="0"><properties><property name="python-version" value="3.11.7 (main, Dec  4 2023, 18:10:11) [Clang 15.0.0 (clang-1500.1.0.2.5)]" /><property name="fspath" value="tests/tools/test_intersect.py" /></properties><environment framework-version="3.6.2" clr-version="3.11.7 (main, Dec  4 2023, 18:10:11) [Clang 15.0.0 (clang-1500.1.0.2.5)]" os-version="23.3.0" platform="Darwin" cwd="/Users/ruud.wijtvliet/python/portfolyo" machine-name="arm64" user="" user-domain="" culture="en-US" uiculture="en-US" os-architecture="64bit" /><failure><message><![CDATA[]]></message><stack-trace><![CDATA[None]]></stack-trace></failure><reason><message><![CDATA[]]></message></reason><output><![CDATA[]]></output></test-case><test-case id="329" name="tests/tools/test_intersect.py::test_intersect_distinctfreq[startdates1-15T-2020-01-20-00:00-idx-Europe/Berlin]" fullname="tests/tools/test_intersect.py::test_intersect_distinctfreq[startdates1-15T-2020-01-20-00:00-idx-Europe/Berlin]" methodname="test_intersect_distinctfreq[startdates1-15T-2020-01-20-00:00-idx-Europe/Berlin]" classname="tests/tools/test_intersect.py" runstate="Runnable" seed="1" result="Passed" label="Test if intersection of indices with distinct frequencies gives correct result." start-time="2024-02-05 13:01:39.662291" end-time="2024-02-05 13:01:39.662984" duration="0.000693" asserts="0"><properties><property name="python-version" value="3.11.7 (main, Dec  4 2023, 18:10:11) [Clang 15.0.0 (clang-1500.1.0.2.5)]" /><property name="fspath" value="tests/tools/test_intersect.py" /></properties><environment framework-version="3.6.2" clr-version="3.11.7 (main, Dec  4 2023, 18:10:11) [Clang 15.0.0 (clang-1500.1.0.2.5)]" os-version="23.3.0" platform="Darwin" cwd="/Users/ruud.wijtvliet/python/portfolyo" machine-name="arm64" user="" user-domain="" culture="en-US" uiculture="en-US" os-architecture="64bit" /><failure><message><![CDATA[]]></message><stack-trace><![CDATA[None]]></stack-trace></failure><reason><message><![CDATA[]]></message></reason><output><![CDATA[]]></output></test-case><test-case id="330" name="tests/tools/test_intersect.py::test_intersect_distinctfreq[startdates1-15T-2020-01-20-00:00-idx-Asia/Kolkata]" fullname="tests/tools/test_intersect.py::test_intersect_distinctfreq[startdates1-15T-2020-01-20-00:00-idx-Asia/Kolkata]" methodname="test_intersect_distinctfreq[startdates1-15T-2020-01-20-00:00-idx-Asia/Kolkata]" classname="tests/tools/test_intersect.py" runstate="Runnable" seed="1" result="Passed" label="Test if intersection of indices with distinct frequencies gives correct result." start-time="2024-02-05 13:01:39.663398" end-time="2024-02-05 13:01:39.664018" duration="0.00062" asserts="0"><properties><property name="python-version" value="3.11.7 (main, Dec  4 2023, 18:10:11) [Clang 15.0.0 (clang-1500.1.0.2.5)]" /><property name="fspath" value="tests/tools/test_intersect.py" /></properties><environment framework-version="3.6.2" clr-version="3.11.7 (main, Dec  4 2023, 18:10:11) [Clang 15.0.0 (clang-1500.1.0.2.5)]" os-version="23.3.0" platform="Darwin" cwd="/Users/ruud.wijtvliet/python/portfolyo" machine-name="arm64" user="" user-domain="" culture="en-US" uiculture="en-US" os-architecture="64bit" /><failure><message><![CDATA[]]></message><stack-trace><![CDATA[None]]></stack-trace></failure><reason><message><![CDATA[]]></message></reason><output><![CDATA[]]></output></test-case><test-case id="331" name="tests/tools/test_intersect.py::test_intersect_distinctfreq[startdates1-15T-2020-01-20-00:00-fr-None]" fullname="tests/tools/test_intersect.py::test_intersect_distinctfreq[startdates1-15T-2020-01-20-00:00-fr-None]" methodname="test_intersect_distinctfreq[startdates1-15T-2020-01-20-00:00-fr-None]" classname="tests/tools/test_intersect.py" runstate="Runnable" seed="1" result="Passed" label="Test if intersection of indices with distinct frequencies gives correct result." start-time="2024-02-05 13:01:39.664438" end-time="2024-02-05 13:01:39.665200" duration="0.000762" asserts="0"><properties><property name="python-version" value="3.11.7 (main, Dec  4 2023, 18:10:11) [Clang 15.0.0 (clang-1500.1.0.2.5)]" /><property name="fspath" value="tests/tools/test_intersect.py" /></properties><environment framework-version="3.6.2" clr-version="3.11.7 (main, Dec  4 2023, 18:10:11) [Clang 15.0.0 (clang-1500.1.0.2.5)]" os-version="23.3.0" platform="Darwin" cwd="/Users/ruud.wijtvliet/python/portfolyo" machine-name="arm64" user="" user-domain="" culture="en-US" uiculture="en-US" os-architecture="64bit" /><failure><message><![CDATA[]]></message><stack-trace><![CDATA[None]]></stack-trace></failure><reason><message><![CDATA[]]></message></reason><output><![CDATA[]]></output></test-case><test-case id="332" name="tests/tools/test_intersect.py::test_intersect_distinctfreq[startdates1-15T-2020-01-20-00:00-fr-Europe/Berlin]" fullname="tests/tools/test_intersect.py::test_intersect_distinctfreq[startdates1-15T-2020-01-20-00:00-fr-Europe/Berlin]" methodname="test_intersect_distinctfreq[startdates1-15T-2020-01-20-00:00-fr-Europe/Berlin]" classname="tests/tools/test_intersect.py" runstate="Runnable" seed="1" result="Passed" label="Test if intersection of indices with distinct frequencies gives correct result." start-time="2024-02-05 13:01:39.665662" end-time="2024-02-05 13:01:39.666850" duration="0.001188" asserts="0"><properties><property name="python-version" value="3.11.7 (main, Dec  4 2023, 18:10:11) [Clang 15.0.0 (clang-1500.1.0.2.5)]" /><property name="fspath" value="tests/tools/test_intersect.py" /></properties><environment framework-version="3.6.2" clr-version="3.11.7 (main, Dec  4 2023, 18:10:11) [Clang 15.0.0 (clang-1500.1.0.2.5)]" os-version="23.3.0" platform="Darwin" cwd="/Users/ruud.wijtvliet/python/portfolyo" machine-name="arm64" user="" user-domain="" culture="en-US" uiculture="en-US" os-architecture="64bit" /><failure><message><![CDATA[]]></message><stack-trace><![CDATA[None]]></stack-trace></failure><reason><message><![CDATA[]]></message></reason><output><![CDATA[]]></output></test-case><test-case id="333" name="tests/tools/test_intersect.py::test_intersect_distinctfreq[startdates1-15T-2020-01-20-00:00-fr-Asia/Kolkata]" fullname="tests/tools/test_intersect.py::test_intersect_distinctfreq[startdates1-15T-2020-01-20-00:00-fr-Asia/Kolkata]" methodname="test_intersect_distinctfreq[startdates1-15T-2020-01-20-00:00-fr-Asia/Kolkata]" classname="tests/tools/test_intersect.py" runstate="Runnable" seed="1" result="Passed" label="Test if intersection of indices with distinct frequencies gives correct result." start-time="2024-02-05 13:01:39.667318" end-time="2024-02-05 13:01:39.668341" duration="0.001023" asserts="0"><properties><property name="python-version" value="3.11.7 (main, Dec  4 2023, 18:10:11) [Clang 15.0.0 (clang-1500.1.0.2.5)]" /><property name="fspath" value="tests/tools/test_intersect.py" /></properties><environment framework-version="3.6.2" clr-version="3.11.7 (main, Dec  4 2023, 18:10:11) [Clang 15.0.0 (clang-1500.1.0.2.5)]" os-version="23.3.0" platform="Darwin" cwd="/Users/ruud.wijtvliet/python/portfolyo" machine-name="arm64" user="" user-domain="" culture="en-US" uiculture="en-US" os-architecture="64bit" /><failure><message><![CDATA[]]></message><stack-trace><![CDATA[None]]></stack-trace></failure><reason><message><![CDATA[]]></message></reason><output><![CDATA[]]></output></test-case><test-case id="334" name="tests/tools/test_intersect.py::test_intersect_distinctfreq[startdates1-15T-2020-01-20-06:00-idx-None]" fullname="tests/tools/test_intersect.py::test_intersect_distinctfreq[startdates1-15T-2020-01-20-06:00-idx-None]" methodname="test_intersect_distinctfreq[startdates1-15T-2020-01-20-06:00-idx-None]" classname="tests/tools/test_intersect.py" runstate="Runnable" seed="1" result="Passed" label="Test if intersection of indices with distinct frequencies gives correct result." start-time="2024-02-05 13:01:39.668755" end-time="2024-02-05 13:01:39.669205" duration="0.00045" asserts="0"><properties><property name="python-version" value="3.11.7 (main, Dec  4 2023, 18:10:11) [Clang 15.0.0 (clang-1500.1.0.2.5)]" /><property name="fspath" value="tests/tools/test_intersect.py" /></properties><environment framework-version="3.6.2" clr-version="3.11.7 (main, Dec  4 2023, 18:10:11) [Clang 15.0.0 (clang-1500.1.0.2.5)]" os-version="23.3.0" platform="Darwin" cwd="/Users/ruud.wijtvliet/python/portfolyo" machine-name="arm64" user="" user-domain="" culture="en-US" uiculture="en-US" os-architecture="64bit" /><failure><message><![CDATA[]]></message><stack-trace><![CDATA[None]]></stack-trace></failure><reason><message><![CDATA[]]></message></reason><output><![CDATA[]]></output></test-case><test-case id="335" name="tests/tools/test_intersect.py::test_intersect_distinctfreq[startdates1-15T-2020-01-20-06:00-idx-Europe/Berlin]" fullname="tests/tools/test_intersect.py::test_intersect_distinctfreq[startdates1-15T-2020-01-20-06:00-idx-Europe/Berlin]" methodname="test_intersect_distinctfreq[startdates1-15T-2020-01-20-06:00-idx-Europe/Berlin]" classname="tests/tools/test_intersect.py" runstate="Runnable" seed="1" result="Passed" label="Test if intersection of indices with distinct frequencies gives correct result." start-time="2024-02-05 13:01:39.669624" end-time="2024-02-05 13:01:39.670728" duration="0.001104" asserts="0"><properties><property name="python-version" value="3.11.7 (main, Dec  4 2023, 18:10:11) [Clang 15.0.0 (clang-1500.1.0.2.5)]" /><property name="fspath" value="tests/tools/test_intersect.py" /></properties><environment framework-version="3.6.2" clr-version="3.11.7 (main, Dec  4 2023, 18:10:11) [Clang 15.0.0 (clang-1500.1.0.2.5)]" os-version="23.3.0" platform="Darwin" cwd="/Users/ruud.wijtvliet/python/portfolyo" machine-name="arm64" user="" user-domain="" culture="en-US" uiculture="en-US" os-architecture="64bit" /><failure><message><![CDATA[]]></message><stack-trace><![CDATA[None]]></stack-trace></failure><reason><message><![CDATA[]]></message></reason><output><![CDATA[]]></output></test-case><test-case id="336" name="tests/tools/test_intersect.py::test_intersect_distinctfreq[startdates1-15T-2020-01-20-06:00-idx-Asia/Kolkata]" fullname="tests/tools/test_intersect.py::test_intersect_distinctfreq[startdates1-15T-2020-01-20-06:00-idx-Asia/Kolkata]" methodname="test_intersect_distinctfreq[startdates1-15T-2020-01-20-06:00-idx-Asia/Kolkata]" classname="tests/tools/test_intersect.py" runstate="Runnable" seed="1" result="Passed" label="Test if intersection of indices with distinct frequencies gives correct result." start-time="2024-02-05 13:01:39.671332" end-time="2024-02-05 13:01:39.672068" duration="0.000736" asserts="0"><properties><property name="python-version" value="3.11.7 (main, Dec  4 2023, 18:10:11) [Clang 15.0.0 (clang-1500.1.0.2.5)]" /><property name="fspath" value="tests/tools/test_intersect.py" /></properties><environment framework-version="3.6.2" clr-version="3.11.7 (main, Dec  4 2023, 18:10:11) [Clang 15.0.0 (clang-1500.1.0.2.5)]" os-version="23.3.0" platform="Darwin" cwd="/Users/ruud.wijtvliet/python/portfolyo" machine-name="arm64" user="" user-domain="" culture="en-US" uiculture="en-US" os-architecture="64bit" /><failure><message><![CDATA[]]></message><stack-trace><![CDATA[None]]></stack-trace></failure><reason><message><![CDATA[]]></message></reason><output><![CDATA[]]></output></test-case><test-case id="337" name="tests/tools/test_intersect.py::test_intersect_distinctfreq[startdates1-15T-2020-01-20-06:00-fr-None]" fullname="tests/tools/test_intersect.py::test_intersect_distinctfreq[startdates1-15T-2020-01-20-06:00-fr-None]" methodname="test_intersect_distinctfreq[startdates1-15T-2020-01-20-06:00-fr-None]" classname="tests/tools/test_intersect.py" runstate="Runnable" seed="1" result="Passed" label="Test if intersection of indices with distinct frequencies gives correct result." start-time="2024-02-05 13:01:39.672524" end-time="2024-02-05 13:01:39.673432" duration="0.000908" asserts="0"><properties><property name="python-version" value="3.11.7 (main, Dec  4 2023, 18:10:11) [Clang 15.0.0 (clang-1500.1.0.2.5)]" /><property name="fspath" value="tests/tools/test_intersect.py" /></properties><environment framework-version="3.6.2" clr-version="3.11.7 (main, Dec  4 2023, 18:10:11) [Clang 15.0.0 (clang-1500.1.0.2.5)]" os-version="23.3.0" platform="Darwin" cwd="/Users/ruud.wijtvliet/python/portfolyo" machine-name="arm64" user="" user-domain="" culture="en-US" uiculture="en-US" os-architecture="64bit" /><failure><message><![CDATA[]]></message><stack-trace><![CDATA[None]]></stack-trace></failure><reason><message><![CDATA[]]></message></reason><output><![CDATA[]]></output></test-case><test-case id="338" name="tests/tools/test_intersect.py::test_intersect_distinctfreq[startdates1-15T-2020-01-20-06:00-fr-Europe/Berlin]" fullname="tests/tools/test_intersect.py::test_intersect_distinctfreq[startdates1-15T-2020-01-20-06:00-fr-Europe/Berlin]" methodname="test_intersect_distinctfreq[startdates1-15T-2020-01-20-06:00-fr-Europe/Berlin]" classname="tests/tools/test_intersect.py" runstate="Runnable" seed="1" result="Passed" label="Test if intersection of indices with distinct frequencies gives correct result." start-time="2024-02-05 13:01:39.673869" end-time="2024-02-05 13:01:39.674841" duration="0.000972" asserts="0"><properties><property name="python-version" value="3.11.7 (main, Dec  4 2023, 18:10:11) [Clang 15.0.0 (clang-1500.1.0.2.5)]" /><property name="fspath" value="tests/tools/test_intersect.py" /></properties><environment framework-version="3.6.2" clr-version="3.11.7 (main, Dec  4 2023, 18:10:11) [Clang 15.0.0 (clang-1500.1.0.2.5)]" os-version="23.3.0" platform="Darwin" cwd="/Users/ruud.wijtvliet/python/portfolyo" machine-name="arm64" user="" user-domain="" culture="en-US" uiculture="en-US" os-architecture="64bit" /><failure><message><![CDATA[]]></message><stack-trace><![CDATA[None]]></stack-trace></failure><reason><message><![CDATA[]]></message></reason><output><![CDATA[]]></output></test-case><test-case id="339" name="tests/tools/test_intersect.py::test_intersect_distinctfreq[startdates1-15T-2020-01-20-06:00-fr-Asia/Kolkata]" fullname="tests/tools/test_intersect.py::test_intersect_distinctfreq[startdates1-15T-2020-01-20-06:00-fr-Asia/Kolkata]" methodname="test_intersect_distinctfreq[startdates1-15T-2020-01-20-06:00-fr-Asia/Kolkata]" classname="tests/tools/test_intersect.py" runstate="Runnable" seed="1" result="Passed" label="Test if intersection of indices with distinct frequencies gives correct result." start-time="2024-02-05 13:01:39.675352" end-time="2024-02-05 13:01:39.676420" duration="0.001068" asserts="0"><properties><property name="python-version" value="3.11.7 (main, Dec  4 2023, 18:10:11) [Clang 15.0.0 (clang-1500.1.0.2.5)]" /><property name="fspath" value="tests/tools/test_intersect.py" /></properties><environment framework-version="3.6.2" clr-version="3.11.7 (main, Dec  4 2023, 18:10:11) [Clang 15.0.0 (clang-1500.1.0.2.5)]" os-version="23.3.0" platform="Darwin" cwd="/Users/ruud.wijtvliet/python/portfolyo" machine-name="arm64" user="" user-domain="" culture="en-US" uiculture="en-US" os-architecture="64bit" /><failure><message><![CDATA[]]></message><stack-trace><![CDATA[None]]></stack-trace></failure><reason><message><![CDATA[]]></message></reason><output><![CDATA[]]></output></test-case><test-case id="340" name="tests/tools/test_intersect.py::test_intersect_distinctfreq[startdates2-H-2020-01-20-00:00-idx-None]" fullname="tests/tools/test_intersect.py::test_intersect_distinctfreq[startdates2-H-2020-01-20-00:00-idx-None]" methodname="test_intersect_distinctfreq[startdates2-H-2020-01-20-00:00-idx-None]" classname="tests/tools/test_intersect.py" runstate="Runnable" seed="1" result="Passed" label="Test if intersection of indices with distinct frequencies gives correct result." start-time="2024-02-05 13:01:39.676866" end-time="2024-02-05 13:01:39.677349" duration="0.000483" asserts="0"><properties><property name="python-version" value="3.11.7 (main, Dec  4 2023, 18:10:11) [Clang 15.0.0 (clang-1500.1.0.2.5)]" /><property name="fspath" value="tests/tools/test_intersect.py" /></properties><environment framework-version="3.6.2" clr-version="3.11.7 (main, Dec  4 2023, 18:10:11) [Clang 15.0.0 (clang-1500.1.0.2.5)]" os-version="23.3.0" platform="Darwin" cwd="/Users/ruud.wijtvliet/python/portfolyo" machine-name="arm64" user="" user-domain="" culture="en-US" uiculture="en-US" os-architecture="64bit" /><failure><message><![CDATA[]]></message><stack-trace><![CDATA[None]]></stack-trace></failure><reason><message><![CDATA[]]></message></reason><output><![CDATA[]]></output></test-case><test-case id="341" name="tests/tools/test_intersect.py::test_intersect_distinctfreq[startdates2-H-2020-01-20-00:00-idx-Europe/Berlin]" fullname="tests/tools/test_intersect.py::test_intersect_distinctfreq[startdates2-H-2020-01-20-00:00-idx-Europe/Berlin]" methodname="test_intersect_distinctfreq[startdates2-H-2020-01-20-00:00-idx-Europe/Berlin]" classname="tests/tools/test_intersect.py" runstate="Runnable" seed="1" result="Passed" label="Test if intersection of indices with distinct frequencies gives correct result." start-time="2024-02-05 13:01:39.677771" end-time="2024-02-05 13:01:39.678461" duration="0.00069" asserts="0"><properties><property name="python-version" value="3.11.7 (main, Dec  4 2023, 18:10:11) [Clang 15.0.0 (clang-1500.1.0.2.5)]" /><property name="fspath" value="tests/tools/test_intersect.py" /></properties><environment framework-version="3.6.2" clr-version="3.11.7 (main, Dec  4 2023, 18:10:11) [Clang 15.0.0 (clang-1500.1.0.2.5)]" os-version="23.3.0" platform="Darwin" cwd="/Users/ruud.wijtvliet/python/portfolyo" machine-name="arm64" user="" user-domain="" culture="en-US" uiculture="en-US" os-architecture="64bit" /><failure><message><![CDATA[]]></message><stack-trace><![CDATA[None]]></stack-trace></failure><reason><message><![CDATA[]]></message></reason><output><![CDATA[]]></output></test-case><test-case id="342" name="tests/tools/test_intersect.py::test_intersect_distinctfreq[startdates2-H-2020-01-20-00:00-idx-Asia/Kolkata]" fullname="tests/tools/test_intersect.py::test_intersect_distinctfreq[startdates2-H-2020-01-20-00:00-idx-Asia/Kolkata]" methodname="test_intersect_distinctfreq[startdates2-H-2020-01-20-00:00-idx-Asia/Kolkata]" classname="tests/tools/test_intersect.py" runstate="Runnable" seed="1" result="Passed" label="Test if intersection of indices with distinct frequencies gives correct result." start-time="2024-02-05 13:01:39.678868" end-time="2024-02-05 13:01:39.679469" duration="0.000601" asserts="0"><properties><property name="python-version" value="3.11.7 (main, Dec  4 2023, 18:10:11) [Clang 15.0.0 (clang-1500.1.0.2.5)]" /><property name="fspath" value="tests/tools/test_intersect.py" /></properties><environment framework-version="3.6.2" clr-version="3.11.7 (main, Dec  4 2023, 18:10:11) [Clang 15.0.0 (clang-1500.1.0.2.5)]" os-version="23.3.0" platform="Darwin" cwd="/Users/ruud.wijtvliet/python/portfolyo" machine-name="arm64" user="" user-domain="" culture="en-US" uiculture="en-US" os-architecture="64bit" /><failure><message><![CDATA[]]></message><stack-trace><![CDATA[None]]></stack-trace></failure><reason><message><![CDATA[]]></message></reason><output><![CDATA[]]></output></test-case><test-case id="343" name="tests/tools/test_intersect.py::test_intersect_distinctfreq[startdates2-H-2020-01-20-00:00-fr-None]" fullname="tests/tools/test_intersect.py::test_intersect_distinctfreq[startdates2-H-2020-01-20-00:00-fr-None]" methodname="test_intersect_distinctfreq[startdates2-H-2020-01-20-00:00-fr-None]" classname="tests/tools/test_intersect.py" runstate="Runnable" seed="1" result="Passed" label="Test if intersection of indices with distinct frequencies gives correct result." start-time="2024-02-05 13:01:39.680020" end-time="2024-02-05 13:01:39.680941" duration="0.000921" asserts="0"><properties><property name="python-version" value="3.11.7 (main, Dec  4 2023, 18:10:11) [Clang 15.0.0 (clang-1500.1.0.2.5)]" /><property name="fspath" value="tests/tools/test_intersect.py" /></properties><environment framework-version="3.6.2" clr-version="3.11.7 (main, Dec  4 2023, 18:10:11) [Clang 15.0.0 (clang-1500.1.0.2.5)]" os-version="23.3.0" platform="Darwin" cwd="/Users/ruud.wijtvliet/python/portfolyo" machine-name="arm64" user="" user-domain="" culture="en-US" uiculture="en-US" os-architecture="64bit" /><failure><message><![CDATA[]]></message><stack-trace><![CDATA[None]]></stack-trace></failure><reason><message><![CDATA[]]></message></reason><output><![CDATA[]]></output></test-case><test-case id="344" name="tests/tools/test_intersect.py::test_intersect_distinctfreq[startdates2-H-2020-01-20-00:00-fr-Europe/Berlin]" fullname="tests/tools/test_intersect.py::test_intersect_distinctfreq[startdates2-H-2020-01-20-00:00-fr-Europe/Berlin]" methodname="test_intersect_distinctfreq[startdates2-H-2020-01-20-00:00-fr-Europe/Berlin]" classname="tests/tools/test_intersect.py" runstate="Runnable" seed="1" result="Passed" label="Test if intersection of indices with distinct frequencies gives correct result." start-time="2024-02-05 13:01:39.681471" end-time="2024-02-05 13:01:39.682349" duration="0.000878" asserts="0"><properties><property name="python-version" value="3.11.7 (main, Dec  4 2023, 18:10:11) [Clang 15.0.0 (clang-1500.1.0.2.5)]" /><property name="fspath" value="tests/tools/test_intersect.py" /></properties><environment framework-version="3.6.2" clr-version="3.11.7 (main, Dec  4 2023, 18:10:11) [Clang 15.0.0 (clang-1500.1.0.2.5)]" os-version="23.3.0" platform="Darwin" cwd="/Users/ruud.wijtvliet/python/portfolyo" machine-name="arm64" user="" user-domain="" culture="en-US" uiculture="en-US" os-architecture="64bit" /><failure><message><![CDATA[]]></message><stack-trace><![CDATA[None]]></stack-trace></failure><reason><message><![CDATA[]]></message></reason><output><![CDATA[]]></output></test-case><test-case id="345" name="tests/tools/test_intersect.py::test_intersect_distinctfreq[startdates2-H-2020-01-20-00:00-fr-Asia/Kolkata]" fullname="tests/tools/test_intersect.py::test_intersect_distinctfreq[startdates2-H-2020-01-20-00:00-fr-Asia/Kolkata]" methodname="test_intersect_distinctfreq[startdates2-H-2020-01-20-00:00-fr-Asia/Kolkata]" classname="tests/tools/test_intersect.py" runstate="Runnable" seed="1" result="Passed" label="Test if intersection of indices with distinct frequencies gives correct result." start-time="2024-02-05 13:01:39.682773" end-time="2024-02-05 13:01:39.683573" duration="0.0008" asserts="0"><properties><property name="python-version" value="3.11.7 (main, Dec  4 2023, 18:10:11) [Clang 15.0.0 (clang-1500.1.0.2.5)]" /><property name="fspath" value="tests/tools/test_intersect.py" /></properties><environment framework-version="3.6.2" clr-version="3.11.7 (main, Dec  4 2023, 18:10:11) [Clang 15.0.0 (clang-1500.1.0.2.5)]" os-version="23.3.0" platform="Darwin" cwd="/Users/ruud.wijtvliet/python/portfolyo" machine-name="arm64" user="" user-domain="" culture="en-US" uiculture="en-US" os-architecture="64bit" /><failure><message><![CDATA[]]></message><stack-trace><![CDATA[None]]></stack-trace></failure><reason><message><![CDATA[]]></message></reason><output><![CDATA[]]></output></test-case><test-case id="346" name="tests/tools/test_intersect.py::test_intersect_distinctfreq[startdates2-H-2020-01-20-06:00-idx-None]" fullname="tests/tools/test_intersect.py::test_intersect_distinctfreq[startdates2-H-2020-01-20-06:00-idx-None]" methodname="test_intersect_distinctfreq[startdates2-H-2020-01-20-06:00-idx-None]" classname="tests/tools/test_intersect.py" runstate="Runnable" seed="1" result="Passed" label="Test if intersection of indices with distinct frequencies gives correct result." start-time="2024-02-05 13:01:39.683996" end-time="2024-02-05 13:01:39.684442" duration="0.000446" asserts="0"><properties><property name="python-version" value="3.11.7 (main, Dec  4 2023, 18:10:11) [Clang 15.0.0 (clang-1500.1.0.2.5)]" /><property name="fspath" value="tests/tools/test_intersect.py" /></properties><environment framework-version="3.6.2" clr-version="3.11.7 (main, Dec  4 2023, 18:10:11) [Clang 15.0.0 (clang-1500.1.0.2.5)]" os-version="23.3.0" platform="Darwin" cwd="/Users/ruud.wijtvliet/python/portfolyo" machine-name="arm64" user="" user-domain="" culture="en-US" uiculture="en-US" os-architecture="64bit" /><failure><message><![CDATA[]]></message><stack-trace><![CDATA[None]]></stack-trace></failure><reason><message><![CDATA[]]></message></reason><output><![CDATA[]]></output></test-case><test-case id="347" name="tests/tools/test_intersect.py::test_intersect_distinctfreq[startdates2-H-2020-01-20-06:00-idx-Europe/Berlin]" fullname="tests/tools/test_intersect.py::test_intersect_distinctfreq[startdates2-H-2020-01-20-06:00-idx-Europe/Berlin]" methodname="test_intersect_distinctfreq[startdates2-H-2020-01-20-06:00-idx-Europe/Berlin]" classname="tests/tools/test_intersect.py" runstate="Runnable" seed="1" result="Passed" label="Test if intersection of indices with distinct frequencies gives correct result." start-time="2024-02-05 13:01:39.684859" end-time="2024-02-05 13:01:39.685569" duration="0.00071" asserts="0"><properties><property name="python-version" value="3.11.7 (main, Dec  4 2023, 18:10:11) [Clang 15.0.0 (clang-1500.1.0.2.5)]" /><property name="fspath" value="tests/tools/test_intersect.py" /></properties><environment framework-version="3.6.2" clr-version="3.11.7 (main, Dec  4 2023, 18:10:11) [Clang 15.0.0 (clang-1500.1.0.2.5)]" os-version="23.3.0" platform="Darwin" cwd="/Users/ruud.wijtvliet/python/portfolyo" machine-name="arm64" user="" user-domain="" culture="en-US" uiculture="en-US" os-architecture="64bit" /><failure><message><![CDATA[]]></message><stack-trace><![CDATA[None]]></stack-trace></failure><reason><message><![CDATA[]]></message></reason><output><![CDATA[]]></output></test-case><test-case id="348" name="tests/tools/test_intersect.py::test_intersect_distinctfreq[startdates2-H-2020-01-20-06:00-idx-Asia/Kolkata]" fullname="tests/tools/test_intersect.py::test_intersect_distinctfreq[startdates2-H-2020-01-20-06:00-idx-Asia/Kolkata]" methodname="test_intersect_distinctfreq[startdates2-H-2020-01-20-06:00-idx-Asia/Kolkata]" classname="tests/tools/test_intersect.py" runstate="Runnable" seed="1" result="Passed" label="Test if intersection of indices with distinct frequencies gives correct result." start-time="2024-02-05 13:01:39.685985" end-time="2024-02-05 13:01:39.686626" duration="0.000641" asserts="0"><properties><property name="python-version" value="3.11.7 (main, Dec  4 2023, 18:10:11) [Clang 15.0.0 (clang-1500.1.0.2.5)]" /><property name="fspath" value="tests/tools/test_intersect.py" /></properties><environment framework-version="3.6.2" clr-version="3.11.7 (main, Dec  4 2023, 18:10:11) [Clang 15.0.0 (clang-1500.1.0.2.5)]" os-version="23.3.0" platform="Darwin" cwd="/Users/ruud.wijtvliet/python/portfolyo" machine-name="arm64" user="" user-domain="" culture="en-US" uiculture="en-US" os-architecture="64bit" /><failure><message><![CDATA[]]></message><stack-trace><![CDATA[None]]></stack-trace></failure><reason><message><![CDATA[]]></message></reason><output><![CDATA[]]></output></test-case><test-case id="349" name="tests/tools/test_intersect.py::test_intersect_distinctfreq[startdates2-H-2020-01-20-06:00-fr-None]" fullname="tests/tools/test_intersect.py::test_intersect_distinctfreq[startdates2-H-2020-01-20-06:00-fr-None]" methodname="test_intersect_distinctfreq[startdates2-H-2020-01-20-06:00-fr-None]" classname="tests/tools/test_intersect.py" runstate="Runnable" seed="1" result="Passed" label="Test if intersection of indices with distinct frequencies gives correct result." start-time="2024-02-05 13:01:39.687061" end-time="2024-02-05 13:01:39.687714" duration="0.000653" asserts="0"><properties><property name="python-version" value="3.11.7 (main, Dec  4 2023, 18:10:11) [Clang 15.0.0 (clang-1500.1.0.2.5)]" /><property name="fspath" value="tests/tools/test_intersect.py" /></properties><environment framework-version="3.6.2" clr-version="3.11.7 (main, Dec  4 2023, 18:10:11) [Clang 15.0.0 (clang-1500.1.0.2.5)]" os-version="23.3.0" platform="Darwin" cwd="/Users/ruud.wijtvliet/python/portfolyo" machine-name="arm64" user="" user-domain="" culture="en-US" uiculture="en-US" os-architecture="64bit" /><failure><message><![CDATA[]]></message><stack-trace><![CDATA[None]]></stack-trace></failure><reason><message><![CDATA[]]></message></reason><output><![CDATA[]]></output></test-case><test-case id="350" name="tests/tools/test_intersect.py::test_intersect_distinctfreq[startdates2-H-2020-01-20-06:00-fr-Europe/Berlin]" fullname="tests/tools/test_intersect.py::test_intersect_distinctfreq[startdates2-H-2020-01-20-06:00-fr-Europe/Berlin]" methodname="test_intersect_distinctfreq[startdates2-H-2020-01-20-06:00-fr-Europe/Berlin]" classname="tests/tools/test_intersect.py" runstate="Runnable" seed="1" result="Passed" label="Test if intersection of indices with distinct frequencies gives correct result." start-time="2024-02-05 13:01:39.688170" end-time="2024-02-05 13:01:39.689056" duration="0.000886" asserts="0"><properties><property name="python-version" value="3.11.7 (main, Dec  4 2023, 18:10:11) [Clang 15.0.0 (clang-1500.1.0.2.5)]" /><property name="fspath" value="tests/tools/test_intersect.py" /></properties><environment framework-version="3.6.2" clr-version="3.11.7 (main, Dec  4 2023, 18:10:11) [Clang 15.0.0 (clang-1500.1.0.2.5)]" os-version="23.3.0" platform="Darwin" cwd="/Users/ruud.wijtvliet/python/portfolyo" machine-name="arm64" user="" user-domain="" culture="en-US" uiculture="en-US" os-architecture="64bit" /><failure><message><![CDATA[]]></message><stack-trace><![CDATA[None]]></stack-trace></failure><reason><message><![CDATA[]]></message></reason><output><![CDATA[]]></output></test-case><test-case id="351" name="tests/tools/test_intersect.py::test_intersect_distinctfreq[startdates2-H-2020-01-20-06:00-fr-Asia/Kolkata]" fullname="tests/tools/test_intersect.py::test_intersect_distinctfreq[startdates2-H-2020-01-20-06:00-fr-Asia/Kolkata]" methodname="test_intersect_distinctfreq[startdates2-H-2020-01-20-06:00-fr-Asia/Kolkata]" classname="tests/tools/test_intersect.py" runstate="Runnable" seed="1" result="Passed" label="Test if intersection of indices with distinct frequencies gives correct result." start-time="2024-02-05 13:01:39.689509" end-time="2024-02-05 13:01:39.690405" duration="0.000896" asserts="0"><properties><property name="python-version" value="3.11.7 (main, Dec  4 2023, 18:10:11) [Clang 15.0.0 (clang-1500.1.0.2.5)]" /><property name="fspath" value="tests/tools/test_intersect.py" /></properties><environment framework-version="3.6.2" clr-version="3.11.7 (main, Dec  4 2023, 18:10:11) [Clang 15.0.0 (clang-1500.1.0.2.5)]" os-version="23.3.0" platform="Darwin" cwd="/Users/ruud.wijtvliet/python/portfolyo" machine-name="arm64" user="" user-domain="" culture="en-US" uiculture="en-US" os-architecture="64bit" /><failure><message><![CDATA[]]></message><stack-trace><![CDATA[None]]></stack-trace></failure><reason><message><![CDATA[]]></message></reason><output><![CDATA[]]></output></test-case><test-case id="352" name="tests/tools/test_intersect.py::test_intersect_distinctfreq[startdates3-H-2020-01-20-00:00-idx-None]" fullname="tests/tools/test_intersect.py::test_intersect_distinctfreq[startdates3-H-2020-01-20-00:00-idx-None]" methodname="test_intersect_distinctfreq[startdates3-H-2020-01-20-00:00-idx-None]" classname="tests/tools/test_intersect.py" runstate="Runnable" seed="1" result="Passed" label="Test if intersection of indices with distinct frequencies gives correct result." start-time="2024-02-05 13:01:39.690828" end-time="2024-02-05 13:01:39.691273" duration="0.000445" asserts="0"><properties><property name="python-version" value="3.11.7 (main, Dec  4 2023, 18:10:11) [Clang 15.0.0 (clang-1500.1.0.2.5)]" /><property name="fspath" value="tests/tools/test_intersect.py" /></properties><environment framework-version="3.6.2" clr-version="3.11.7 (main, Dec  4 2023, 18:10:11) [Clang 15.0.0 (clang-1500.1.0.2.5)]" os-version="23.3.0" platform="Darwin" cwd="/Users/ruud.wijtvliet/python/portfolyo" machine-name="arm64" user="" user-domain="" culture="en-US" uiculture="en-US" os-architecture="64bit" /><failure><message><![CDATA[]]></message><stack-trace><![CDATA[None]]></stack-trace></failure><reason><message><![CDATA[]]></message></reason><output><![CDATA[]]></output></test-case><test-case id="353" name="tests/tools/test_intersect.py::test_intersect_distinctfreq[startdates3-H-2020-01-20-00:00-idx-Europe/Berlin]" fullname="tests/tools/test_intersect.py::test_intersect_distinctfreq[startdates3-H-2020-01-20-00:00-idx-Europe/Berlin]" methodname="test_intersect_distinctfreq[startdates3-H-2020-01-20-00:00-idx-Europe/Berlin]" classname="tests/tools/test_intersect.py" runstate="Runnable" seed="1" result="Passed" label="Test if intersection of indices with distinct frequencies gives correct result." start-time="2024-02-05 13:01:39.691710" end-time="2024-02-05 13:01:39.692428" duration="0.000718" asserts="0"><properties><property name="python-version" value="3.11.7 (main, Dec  4 2023, 18:10:11) [Clang 15.0.0 (clang-1500.1.0.2.5)]" /><property name="fspath" value="tests/tools/test_intersect.py" /></properties><environment framework-version="3.6.2" clr-version="3.11.7 (main, Dec  4 2023, 18:10:11) [Clang 15.0.0 (clang-1500.1.0.2.5)]" os-version="23.3.0" platform="Darwin" cwd="/Users/ruud.wijtvliet/python/portfolyo" machine-name="arm64" user="" user-domain="" culture="en-US" uiculture="en-US" os-architecture="64bit" /><failure><message><![CDATA[]]></message><stack-trace><![CDATA[None]]></stack-trace></failure><reason><message><![CDATA[]]></message></reason><output><![CDATA[]]></output></test-case><test-case id="354" name="tests/tools/test_intersect.py::test_intersect_distinctfreq[startdates3-H-2020-01-20-00:00-idx-Asia/Kolkata]" fullname="tests/tools/test_intersect.py::test_intersect_distinctfreq[startdates3-H-2020-01-20-00:00-idx-Asia/Kolkata]" methodname="test_intersect_distinctfreq[startdates3-H-2020-01-20-00:00-idx-Asia/Kolkata]" classname="tests/tools/test_intersect.py" runstate="Runnable" seed="1" result="Passed" label="Test if intersection of indices with distinct frequencies gives correct result." start-time="2024-02-05 13:01:39.692871" end-time="2024-02-05 13:01:39.693577" duration="0.000706" asserts="0"><properties><property name="python-version" value="3.11.7 (main, Dec  4 2023, 18:10:11) [Clang 15.0.0 (clang-1500.1.0.2.5)]" /><property name="fspath" value="tests/tools/test_intersect.py" /></properties><environment framework-version="3.6.2" clr-version="3.11.7 (main, Dec  4 2023, 18:10:11) [Clang 15.0.0 (clang-1500.1.0.2.5)]" os-version="23.3.0" platform="Darwin" cwd="/Users/ruud.wijtvliet/python/portfolyo" machine-name="arm64" user="" user-domain="" culture="en-US" uiculture="en-US" os-architecture="64bit" /><failure><message><![CDATA[]]></message><stack-trace><![CDATA[None]]></stack-trace></failure><reason><message><![CDATA[]]></message></reason><output><![CDATA[]]></output></test-case><test-case id="355" name="tests/tools/test_intersect.py::test_intersect_distinctfreq[startdates3-H-2020-01-20-00:00-fr-None]" fullname="tests/tools/test_intersect.py::test_intersect_distinctfreq[startdates3-H-2020-01-20-00:00-fr-None]" methodname="test_intersect_distinctfreq[startdates3-H-2020-01-20-00:00-fr-None]" classname="tests/tools/test_intersect.py" runstate="Runnable" seed="1" result="Passed" label="Test if intersection of indices with distinct frequencies gives correct result." start-time="2024-02-05 13:01:39.694027" end-time="2024-02-05 13:01:39.694770" duration="0.000743" asserts="0"><properties><property name="python-version" value="3.11.7 (main, Dec  4 2023, 18:10:11) [Clang 15.0.0 (clang-1500.1.0.2.5)]" /><property name="fspath" value="tests/tools/test_intersect.py" /></properties><environment framework-version="3.6.2" clr-version="3.11.7 (main, Dec  4 2023, 18:10:11) [Clang 15.0.0 (clang-1500.1.0.2.5)]" os-version="23.3.0" platform="Darwin" cwd="/Users/ruud.wijtvliet/python/portfolyo" machine-name="arm64" user="" user-domain="" culture="en-US" uiculture="en-US" os-architecture="64bit" /><failure><message><![CDATA[]]></message><stack-trace><![CDATA[None]]></stack-trace></failure><reason><message><![CDATA[]]></message></reason><output><![CDATA[]]></output></test-case><test-case id="356" name="tests/tools/test_intersect.py::test_intersect_distinctfreq[startdates3-H-2020-01-20-00:00-fr-Europe/Berlin]" fullname="tests/tools/test_intersect.py::test_intersect_distinctfreq[startdates3-H-2020-01-20-00:00-fr-Europe/Berlin]" methodname="test_intersect_distinctfreq[startdates3-H-2020-01-20-00:00-fr-Europe/Berlin]" classname="tests/tools/test_intersect.py" runstate="Runnable" seed="1" result="Passed" label="Test if intersection of indices with distinct frequencies gives correct result." start-time="2024-02-05 13:01:39.695187" end-time="2024-02-05 13:01:39.696073" duration="0.000886" asserts="0"><properties><property name="python-version" value="3.11.7 (main, Dec  4 2023, 18:10:11) [Clang 15.0.0 (clang-1500.1.0.2.5)]" /><property name="fspath" value="tests/tools/test_intersect.py" /></properties><environment framework-version="3.6.2" clr-version="3.11.7 (main, Dec  4 2023, 18:10:11) [Clang 15.0.0 (clang-1500.1.0.2.5)]" os-version="23.3.0" platform="Darwin" cwd="/Users/ruud.wijtvliet/python/portfolyo" machine-name="arm64" user="" user-domain="" culture="en-US" uiculture="en-US" os-architecture="64bit" /><failure><message><![CDATA[]]></message><stack-trace><![CDATA[None]]></stack-trace></failure><reason><message><![CDATA[]]></message></reason><output><![CDATA[]]></output></test-case><test-case id="357" name="tests/tools/test_intersect.py::test_intersect_distinctfreq[startdates3-H-2020-01-20-00:00-fr-Asia/Kolkata]" fullname="tests/tools/test_intersect.py::test_intersect_distinctfreq[startdates3-H-2020-01-20-00:00-fr-Asia/Kolkata]" methodname="test_intersect_distinctfreq[startdates3-H-2020-01-20-00:00-fr-Asia/Kolkata]" classname="tests/tools/test_intersect.py" runstate="Runnable" seed="1" result="Passed" label="Test if intersection of indices with distinct frequencies gives correct result." start-time="2024-02-05 13:01:39.696494" end-time="2024-02-05 13:01:39.697263" duration="0.000769" asserts="0"><properties><property name="python-version" value="3.11.7 (main, Dec  4 2023, 18:10:11) [Clang 15.0.0 (clang-1500.1.0.2.5)]" /><property name="fspath" value="tests/tools/test_intersect.py" /></properties><environment framework-version="3.6.2" clr-version="3.11.7 (main, Dec  4 2023, 18:10:11) [Clang 15.0.0 (clang-1500.1.0.2.5)]" os-version="23.3.0" platform="Darwin" cwd="/Users/ruud.wijtvliet/python/portfolyo" machine-name="arm64" user="" user-domain="" culture="en-US" uiculture="en-US" os-architecture="64bit" /><failure><message><![CDATA[]]></message><stack-trace><![CDATA[None]]></stack-trace></failure><reason><message><![CDATA[]]></message></reason><output><![CDATA[]]></output></test-case><test-case id="358" name="tests/tools/test_intersect.py::test_intersect_distinctfreq[startdates3-H-2020-01-20-06:00-idx-None]" fullname="tests/tools/test_intersect.py::test_intersect_distinctfreq[startdates3-H-2020-01-20-06:00-idx-None]" methodname="test_intersect_distinctfreq[startdates3-H-2020-01-20-06:00-idx-None]" classname="tests/tools/test_intersect.py" runstate="Runnable" seed="1" result="Passed" label="Test if intersection of indices with distinct frequencies gives correct result." start-time="2024-02-05 13:01:39.697680" end-time="2024-02-05 13:01:39.698117" duration="0.000437" asserts="0"><properties><property name="python-version" value="3.11.7 (main, Dec  4 2023, 18:10:11) [Clang 15.0.0 (clang-1500.1.0.2.5)]" /><property name="fspath" value="tests/tools/test_intersect.py" /></properties><environment framework-version="3.6.2" clr-version="3.11.7 (main, Dec  4 2023, 18:10:11) [Clang 15.0.0 (clang-1500.1.0.2.5)]" os-version="23.3.0" platform="Darwin" cwd="/Users/ruud.wijtvliet/python/portfolyo" machine-name="arm64" user="" user-domain="" culture="en-US" uiculture="en-US" os-architecture="64bit" /><failure><message><![CDATA[]]></message><stack-trace><![CDATA[None]]></stack-trace></failure><reason><message><![CDATA[]]></message></reason><output><![CDATA[]]></output></test-case><test-case id="359" name="tests/tools/test_intersect.py::test_intersect_distinctfreq[startdates3-H-2020-01-20-06:00-idx-Europe/Berlin]" fullname="tests/tools/test_intersect.py::test_intersect_distinctfreq[startdates3-H-2020-01-20-06:00-idx-Europe/Berlin]" methodname="test_intersect_distinctfreq[startdates3-H-2020-01-20-06:00-idx-Europe/Berlin]" classname="tests/tools/test_intersect.py" runstate="Runnable" seed="1" result="Passed" label="Test if intersection of indices with distinct frequencies gives correct result." start-time="2024-02-05 13:01:39.698532" end-time="2024-02-05 13:01:39.699232" duration="0.0007" asserts="0"><properties><property name="python-version" value="3.11.7 (main, Dec  4 2023, 18:10:11) [Clang 15.0.0 (clang-1500.1.0.2.5)]" /><property name="fspath" value="tests/tools/test_intersect.py" /></properties><environment framework-version="3.6.2" clr-version="3.11.7 (main, Dec  4 2023, 18:10:11) [Clang 15.0.0 (clang-1500.1.0.2.5)]" os-version="23.3.0" platform="Darwin" cwd="/Users/ruud.wijtvliet/python/portfolyo" machine-name="arm64" user="" user-domain="" culture="en-US" uiculture="en-US" os-architecture="64bit" /><failure><message><![CDATA[]]></message><stack-trace><![CDATA[None]]></stack-trace></failure><reason><message><![CDATA[]]></message></reason><output><![CDATA[]]></output></test-case><test-case id="360" name="tests/tools/test_intersect.py::test_intersect_distinctfreq[startdates3-H-2020-01-20-06:00-idx-Asia/Kolkata]" fullname="tests/tools/test_intersect.py::test_intersect_distinctfreq[startdates3-H-2020-01-20-06:00-idx-Asia/Kolkata]" methodname="test_intersect_distinctfreq[startdates3-H-2020-01-20-06:00-idx-Asia/Kolkata]" classname="tests/tools/test_intersect.py" runstate="Runnable" seed="1" result="Passed" label="Test if intersection of indices with distinct frequencies gives correct result." start-time="2024-02-05 13:01:39.699672" end-time="2024-02-05 13:01:39.700315" duration="0.000643" asserts="0"><properties><property name="python-version" value="3.11.7 (main, Dec  4 2023, 18:10:11) [Clang 15.0.0 (clang-1500.1.0.2.5)]" /><property name="fspath" value="tests/tools/test_intersect.py" /></properties><environment framework-version="3.6.2" clr-version="3.11.7 (main, Dec  4 2023, 18:10:11) [Clang 15.0.0 (clang-1500.1.0.2.5)]" os-version="23.3.0" platform="Darwin" cwd="/Users/ruud.wijtvliet/python/portfolyo" machine-name="arm64" user="" user-domain="" culture="en-US" uiculture="en-US" os-architecture="64bit" /><failure><message><![CDATA[]]></message><stack-trace><![CDATA[None]]></stack-trace></failure><reason><message><![CDATA[]]></message></reason><output><![CDATA[]]></output></test-case><test-case id="361" name="tests/tools/test_intersect.py::test_intersect_distinctfreq[startdates3-H-2020-01-20-06:00-fr-None]" fullname="tests/tools/test_intersect.py::test_intersect_distinctfreq[startdates3-H-2020-01-20-06:00-fr-None]" methodname="test_intersect_distinctfreq[startdates3-H-2020-01-20-06:00-fr-None]" classname="tests/tools/test_intersect.py" runstate="Runnable" seed="1" result="Passed" label="Test if intersection of indices with distinct frequencies gives correct result." start-time="2024-02-05 13:01:39.700758" end-time="2024-02-05 13:01:39.701374" duration="0.000616" asserts="0"><properties><property name="python-version" value="3.11.7 (main, Dec  4 2023, 18:10:11) [Clang 15.0.0 (clang-1500.1.0.2.5)]" /><property name="fspath" value="tests/tools/test_intersect.py" /></properties><environment framework-version="3.6.2" clr-version="3.11.7 (main, Dec  4 2023, 18:10:11) [Clang 15.0.0 (clang-1500.1.0.2.5)]" os-version="23.3.0" platform="Darwin" cwd="/Users/ruud.wijtvliet/python/portfolyo" machine-name="arm64" user="" user-domain="" culture="en-US" uiculture="en-US" os-architecture="64bit" /><failure><message><![CDATA[]]></message><stack-trace><![CDATA[None]]></stack-trace></failure><reason><message><![CDATA[]]></message></reason><output><![CDATA[]]></output></test-case><test-case id="362" name="tests/tools/test_intersect.py::test_intersect_distinctfreq[startdates3-H-2020-01-20-06:00-fr-Europe/Berlin]" fullname="tests/tools/test_intersect.py::test_intersect_distinctfreq[startdates3-H-2020-01-20-06:00-fr-Europe/Berlin]" methodname="test_intersect_distinctfreq[startdates3-H-2020-01-20-06:00-fr-Europe/Berlin]" classname="tests/tools/test_intersect.py" runstate="Runnable" seed="1" result="Passed" label="Test if intersection of indices with distinct frequencies gives correct result." start-time="2024-02-05 13:01:39.701792" end-time="2024-02-05 13:01:39.702625" duration="0.000833" asserts="0"><properties><property name="python-version" value="3.11.7 (main, Dec  4 2023, 18:10:11) [Clang 15.0.0 (clang-1500.1.0.2.5)]" /><property name="fspath" value="tests/tools/test_intersect.py" /></properties><environment framework-version="3.6.2" clr-version="3.11.7 (main, Dec  4 2023, 18:10:11) [Clang 15.0.0 (clang-1500.1.0.2.5)]" os-version="23.3.0" platform="Darwin" cwd="/Users/ruud.wijtvliet/python/portfolyo" machine-name="arm64" user="" user-domain="" culture="en-US" uiculture="en-US" os-architecture="64bit" /><failure><message><![CDATA[]]></message><stack-trace><![CDATA[None]]></stack-trace></failure><reason><message><![CDATA[]]></message></reason><output><![CDATA[]]></output></test-case><test-case id="363" name="tests/tools/test_intersect.py::test_intersect_distinctfreq[startdates3-H-2020-01-20-06:00-fr-Asia/Kolkata]" fullname="tests/tools/test_intersect.py::test_intersect_distinctfreq[startdates3-H-2020-01-20-06:00-fr-Asia/Kolkata]" methodname="test_intersect_distinctfreq[startdates3-H-2020-01-20-06:00-fr-Asia/Kolkata]" classname="tests/tools/test_intersect.py" runstate="Runnable" seed="1" result="Passed" label="Test if intersection of indices with distinct frequencies gives correct result." start-time="2024-02-05 13:01:39.703040" end-time="2024-02-05 13:01:39.704235" duration="0.001195" asserts="0"><properties><property name="python-version" value="3.11.7 (main, Dec  4 2023, 18:10:11) [Clang 15.0.0 (clang-1500.1.0.2.5)]" /><property name="fspath" value="tests/tools/test_intersect.py" /></properties><environment framework-version="3.6.2" clr-version="3.11.7 (main, Dec  4 2023, 18:10:11) [Clang 15.0.0 (clang-1500.1.0.2.5)]" os-version="23.3.0" platform="Darwin" cwd="/Users/ruud.wijtvliet/python/portfolyo" machine-name="arm64" user="" user-domain="" culture="en-US" uiculture="en-US" os-architecture="64bit" /><failure><message><![CDATA[]]></message><stack-trace><![CDATA[None]]></stack-trace></failure><reason><message><![CDATA[]]></message></reason><output><![CDATA[]]></output></test-case><test-case id="364" name="tests/tools/test_intersect.py::test_intersect_distinctfreq[startdates4-D-2020-01-20-00:00-idx-None]" fullname="tests/tools/test_intersect.py::test_intersect_distinctfreq[startdates4-D-2020-01-20-00:00-idx-None]" methodname="test_intersect_distinctfreq[startdates4-D-2020-01-20-00:00-idx-None]" classname="tests/tools/test_intersect.py" runstate="Runnable" seed="1" result="Passed" label="Test if intersection of indices with distinct frequencies gives correct result." start-time="2024-02-05 13:01:39.704885" end-time="2024-02-05 13:01:39.705699" duration="0.000814" asserts="0"><properties><property name="python-version" value="3.11.7 (main, Dec  4 2023, 18:10:11) [Clang 15.0.0 (clang-1500.1.0.2.5)]" /><property name="fspath" value="tests/tools/test_intersect.py" /></properties><environment framework-version="3.6.2" clr-version="3.11.7 (main, Dec  4 2023, 18:10:11) [Clang 15.0.0 (clang-1500.1.0.2.5)]" os-version="23.3.0" platform="Darwin" cwd="/Users/ruud.wijtvliet/python/portfolyo" machine-name="arm64" user="" user-domain="" culture="en-US" uiculture="en-US" os-architecture="64bit" /><failure><message><![CDATA[]]></message><stack-trace><![CDATA[None]]></stack-trace></failure><reason><message><![CDATA[]]></message></reason><output><![CDATA[]]></output></test-case><test-case id="365" name="tests/tools/test_intersect.py::test_intersect_distinctfreq[startdates4-D-2020-01-20-00:00-idx-Europe/Berlin]" fullname="tests/tools/test_intersect.py::test_intersect_distinctfreq[startdates4-D-2020-01-20-00:00-idx-Europe/Berlin]" methodname="test_intersect_distinctfreq[startdates4-D-2020-01-20-00:00-idx-Europe/Berlin]" classname="tests/tools/test_intersect.py" runstate="Runnable" seed="1" result="Passed" label="Test if intersection of indices with distinct frequencies gives correct result." start-time="2024-02-05 13:01:39.706201" end-time="2024-02-05 13:01:39.706910" duration="0.000709" asserts="0"><properties><property name="python-version" value="3.11.7 (main, Dec  4 2023, 18:10:11) [Clang 15.0.0 (clang-1500.1.0.2.5)]" /><property name="fspath" value="tests/tools/test_intersect.py" /></properties><environment framework-version="3.6.2" clr-version="3.11.7 (main, Dec  4 2023, 18:10:11) [Clang 15.0.0 (clang-1500.1.0.2.5)]" os-version="23.3.0" platform="Darwin" cwd="/Users/ruud.wijtvliet/python/portfolyo" machine-name="arm64" user="" user-domain="" culture="en-US" uiculture="en-US" os-architecture="64bit" /><failure><message><![CDATA[]]></message><stack-trace><![CDATA[None]]></stack-trace></failure><reason><message><![CDATA[]]></message></reason><output><![CDATA[]]></output></test-case><test-case id="366" name="tests/tools/test_intersect.py::test_intersect_distinctfreq[startdates4-D-2020-01-20-00:00-idx-Asia/Kolkata]" fullname="tests/tools/test_intersect.py::test_intersect_distinctfreq[startdates4-D-2020-01-20-00:00-idx-Asia/Kolkata]" methodname="test_intersect_distinctfreq[startdates4-D-2020-01-20-00:00-idx-Asia/Kolkata]" classname="tests/tools/test_intersect.py" runstate="Runnable" seed="1" result="Passed" label="Test if intersection of indices with distinct frequencies gives correct result." start-time="2024-02-05 13:01:39.707323" end-time="2024-02-05 13:01:39.707924" duration="0.000601" asserts="0"><properties><property name="python-version" value="3.11.7 (main, Dec  4 2023, 18:10:11) [Clang 15.0.0 (clang-1500.1.0.2.5)]" /><property name="fspath" value="tests/tools/test_intersect.py" /></properties><environment framework-version="3.6.2" clr-version="3.11.7 (main, Dec  4 2023, 18:10:11) [Clang 15.0.0 (clang-1500.1.0.2.5)]" os-version="23.3.0" platform="Darwin" cwd="/Users/ruud.wijtvliet/python/portfolyo" machine-name="arm64" user="" user-domain="" culture="en-US" uiculture="en-US" os-architecture="64bit" /><failure><message><![CDATA[]]></message><stack-trace><![CDATA[None]]></stack-trace></failure><reason><message><![CDATA[]]></message></reason><output><![CDATA[]]></output></test-case><test-case id="367" name="tests/tools/test_intersect.py::test_intersect_distinctfreq[startdates4-D-2020-01-20-00:00-fr-None]" fullname="tests/tools/test_intersect.py::test_intersect_distinctfreq[startdates4-D-2020-01-20-00:00-fr-None]" methodname="test_intersect_distinctfreq[startdates4-D-2020-01-20-00:00-fr-None]" classname="tests/tools/test_intersect.py" runstate="Runnable" seed="1" result="Passed" label="Test if intersection of indices with distinct frequencies gives correct result." start-time="2024-02-05 13:01:39.708330" end-time="2024-02-05 13:01:39.708969" duration="0.000639" asserts="0"><properties><property name="python-version" value="3.11.7 (main, Dec  4 2023, 18:10:11) [Clang 15.0.0 (clang-1500.1.0.2.5)]" /><property name="fspath" value="tests/tools/test_intersect.py" /></properties><environment framework-version="3.6.2" clr-version="3.11.7 (main, Dec  4 2023, 18:10:11) [Clang 15.0.0 (clang-1500.1.0.2.5)]" os-version="23.3.0" platform="Darwin" cwd="/Users/ruud.wijtvliet/python/portfolyo" machine-name="arm64" user="" user-domain="" culture="en-US" uiculture="en-US" os-architecture="64bit" /><failure><message><![CDATA[]]></message><stack-trace><![CDATA[None]]></stack-trace></failure><reason><message><![CDATA[]]></message></reason><output><![CDATA[]]></output></test-case><test-case id="368" name="tests/tools/test_intersect.py::test_intersect_distinctfreq[startdates4-D-2020-01-20-00:00-fr-Europe/Berlin]" fullname="tests/tools/test_intersect.py::test_intersect_distinctfreq[startdates4-D-2020-01-20-00:00-fr-Europe/Berlin]" methodname="test_intersect_distinctfreq[startdates4-D-2020-01-20-00:00-fr-Europe/Berlin]" classname="tests/tools/test_intersect.py" runstate="Runnable" seed="1" result="Passed" label="Test if intersection of indices with distinct frequencies gives correct result." start-time="2024-02-05 13:01:39.709391" end-time="2024-02-05 13:01:39.710230" duration="0.000839" asserts="0"><properties><property name="python-version" value="3.11.7 (main, Dec  4 2023, 18:10:11) [Clang 15.0.0 (clang-1500.1.0.2.5)]" /><property name="fspath" value="tests/tools/test_intersect.py" /></properties><environment framework-version="3.6.2" clr-version="3.11.7 (main, Dec  4 2023, 18:10:11) [Clang 15.0.0 (clang-1500.1.0.2.5)]" os-version="23.3.0" platform="Darwin" cwd="/Users/ruud.wijtvliet/python/portfolyo" machine-name="arm64" user="" user-domain="" culture="en-US" uiculture="en-US" os-architecture="64bit" /><failure><message><![CDATA[]]></message><stack-trace><![CDATA[None]]></stack-trace></failure><reason><message><![CDATA[]]></message></reason><output><![CDATA[]]></output></test-case><test-case id="369" name="tests/tools/test_intersect.py::test_intersect_distinctfreq[startdates4-D-2020-01-20-00:00-fr-Asia/Kolkata]" fullname="tests/tools/test_intersect.py::test_intersect_distinctfreq[startdates4-D-2020-01-20-00:00-fr-Asia/Kolkata]" methodname="test_intersect_distinctfreq[startdates4-D-2020-01-20-00:00-fr-Asia/Kolkata]" classname="tests/tools/test_intersect.py" runstate="Runnable" seed="1" result="Passed" label="Test if intersection of indices with distinct frequencies gives correct result." start-time="2024-02-05 13:01:39.710650" end-time="2024-02-05 13:01:39.711441" duration="0.000791" asserts="0"><properties><property name="python-version" value="3.11.7 (main, Dec  4 2023, 18:10:11) [Clang 15.0.0 (clang-1500.1.0.2.5)]" /><property name="fspath" value="tests/tools/test_intersect.py" /></properties><environment framework-version="3.6.2" clr-version="3.11.7 (main, Dec  4 2023, 18:10:11) [Clang 15.0.0 (clang-1500.1.0.2.5)]" os-version="23.3.0" platform="Darwin" cwd="/Users/ruud.wijtvliet/python/portfolyo" machine-name="arm64" user="" user-domain="" culture="en-US" uiculture="en-US" os-architecture="64bit" /><failure><message><![CDATA[]]></message><stack-trace><![CDATA[None]]></stack-trace></failure><reason><message><![CDATA[]]></message></reason><output><![CDATA[]]></output></test-case><test-case id="370" name="tests/tools/test_intersect.py::test_intersect_distinctfreq[startdates4-D-2020-01-20-06:00-idx-None]" fullname="tests/tools/test_intersect.py::test_intersect_distinctfreq[startdates4-D-2020-01-20-06:00-idx-None]" methodname="test_intersect_distinctfreq[startdates4-D-2020-01-20-06:00-idx-None]" classname="tests/tools/test_intersect.py" runstate="Runnable" seed="1" result="Passed" label="Test if intersection of indices with distinct frequencies gives correct result." start-time="2024-02-05 13:01:39.711895" end-time="2024-02-05 13:01:39.712339" duration="0.000444" asserts="0"><properties><property name="python-version" value="3.11.7 (main, Dec  4 2023, 18:10:11) [Clang 15.0.0 (clang-1500.1.0.2.5)]" /><property name="fspath" value="tests/tools/test_intersect.py" /></properties><environment framework-version="3.6.2" clr-version="3.11.7 (main, Dec  4 2023, 18:10:11) [Clang 15.0.0 (clang-1500.1.0.2.5)]" os-version="23.3.0" platform="Darwin" cwd="/Users/ruud.wijtvliet/python/portfolyo" machine-name="arm64" user="" user-domain="" culture="en-US" uiculture="en-US" os-architecture="64bit" /><failure><message><![CDATA[]]></message><stack-trace><![CDATA[None]]></stack-trace></failure><reason><message><![CDATA[]]></message></reason><output><![CDATA[]]></output></test-case><test-case id="371" name="tests/tools/test_intersect.py::test_intersect_distinctfreq[startdates4-D-2020-01-20-06:00-idx-Europe/Berlin]" fullname="tests/tools/test_intersect.py::test_intersect_distinctfreq[startdates4-D-2020-01-20-06:00-idx-Europe/Berlin]" methodname="test_intersect_distinctfreq[startdates4-D-2020-01-20-06:00-idx-Europe/Berlin]" classname="tests/tools/test_intersect.py" runstate="Runnable" seed="1" result="Passed" label="Test if intersection of indices with distinct frequencies gives correct result." start-time="2024-02-05 13:01:39.712780" end-time="2024-02-05 13:01:39.713599" duration="0.000819" asserts="0"><properties><property name="python-version" value="3.11.7 (main, Dec  4 2023, 18:10:11) [Clang 15.0.0 (clang-1500.1.0.2.5)]" /><property name="fspath" value="tests/tools/test_intersect.py" /></properties><environment framework-version="3.6.2" clr-version="3.11.7 (main, Dec  4 2023, 18:10:11) [Clang 15.0.0 (clang-1500.1.0.2.5)]" os-version="23.3.0" platform="Darwin" cwd="/Users/ruud.wijtvliet/python/portfolyo" machine-name="arm64" user="" user-domain="" culture="en-US" uiculture="en-US" os-architecture="64bit" /><failure><message><![CDATA[]]></message><stack-trace><![CDATA[None]]></stack-trace></failure><reason><message><![CDATA[]]></message></reason><output><![CDATA[]]></output></test-case><test-case id="372" name="tests/tools/test_intersect.py::test_intersect_distinctfreq[startdates4-D-2020-01-20-06:00-idx-Asia/Kolkata]" fullname="tests/tools/test_intersect.py::test_intersect_distinctfreq[startdates4-D-2020-01-20-06:00-idx-Asia/Kolkata]" methodname="test_intersect_distinctfreq[startdates4-D-2020-01-20-06:00-idx-Asia/Kolkata]" classname="tests/tools/test_intersect.py" runstate="Runnable" seed="1" result="Passed" label="Test if intersection of indices with distinct frequencies gives correct result." start-time="2024-02-05 13:01:39.714208" end-time="2024-02-05 13:01:39.715026" duration="0.000818" asserts="0"><properties><property name="python-version" value="3.11.7 (main, Dec  4 2023, 18:10:11) [Clang 15.0.0 (clang-1500.1.0.2.5)]" /><property name="fspath" value="tests/tools/test_intersect.py" /></properties><environment framework-version="3.6.2" clr-version="3.11.7 (main, Dec  4 2023, 18:10:11) [Clang 15.0.0 (clang-1500.1.0.2.5)]" os-version="23.3.0" platform="Darwin" cwd="/Users/ruud.wijtvliet/python/portfolyo" machine-name="arm64" user="" user-domain="" culture="en-US" uiculture="en-US" os-architecture="64bit" /><failure><message><![CDATA[]]></message><stack-trace><![CDATA[None]]></stack-trace></failure><reason><message><![CDATA[]]></message></reason><output><![CDATA[]]></output></test-case><test-case id="373" name="tests/tools/test_intersect.py::test_intersect_distinctfreq[startdates4-D-2020-01-20-06:00-fr-None]" fullname="tests/tools/test_intersect.py::test_intersect_distinctfreq[startdates4-D-2020-01-20-06:00-fr-None]" methodname="test_intersect_distinctfreq[startdates4-D-2020-01-20-06:00-fr-None]" classname="tests/tools/test_intersect.py" runstate="Runnable" seed="1" result="Passed" label="Test if intersection of indices with distinct frequencies gives correct result." start-time="2024-02-05 13:01:39.715536" end-time="2024-02-05 13:01:39.716424" duration="0.000888" asserts="0"><properties><property name="python-version" value="3.11.7 (main, Dec  4 2023, 18:10:11) [Clang 15.0.0 (clang-1500.1.0.2.5)]" /><property name="fspath" value="tests/tools/test_intersect.py" /></properties><environment framework-version="3.6.2" clr-version="3.11.7 (main, Dec  4 2023, 18:10:11) [Clang 15.0.0 (clang-1500.1.0.2.5)]" os-version="23.3.0" platform="Darwin" cwd="/Users/ruud.wijtvliet/python/portfolyo" machine-name="arm64" user="" user-domain="" culture="en-US" uiculture="en-US" os-architecture="64bit" /><failure><message><![CDATA[]]></message><stack-trace><![CDATA[None]]></stack-trace></failure><reason><message><![CDATA[]]></message></reason><output><![CDATA[]]></output></test-case><test-case id="374" name="tests/tools/test_intersect.py::test_intersect_distinctfreq[startdates4-D-2020-01-20-06:00-fr-Europe/Berlin]" fullname="tests/tools/test_intersect.py::test_intersect_distinctfreq[startdates4-D-2020-01-20-06:00-fr-Europe/Berlin]" methodname="test_intersect_distinctfreq[startdates4-D-2020-01-20-06:00-fr-Europe/Berlin]" classname="tests/tools/test_intersect.py" runstate="Runnable" seed="1" result="Passed" label="Test if intersection of indices with distinct frequencies gives correct result." start-time="2024-02-05 13:01:39.716899" end-time="2024-02-05 13:01:39.717868" duration="0.000969" asserts="0"><properties><property name="python-version" value="3.11.7 (main, Dec  4 2023, 18:10:11) [Clang 15.0.0 (clang-1500.1.0.2.5)]" /><property name="fspath" value="tests/tools/test_intersect.py" /></properties><environment framework-version="3.6.2" clr-version="3.11.7 (main, Dec  4 2023, 18:10:11) [Clang 15.0.0 (clang-1500.1.0.2.5)]" os-version="23.3.0" platform="Darwin" cwd="/Users/ruud.wijtvliet/python/portfolyo" machine-name="arm64" user="" user-domain="" culture="en-US" uiculture="en-US" os-architecture="64bit" /><failure><message><![CDATA[]]></message><stack-trace><![CDATA[None]]></stack-trace></failure><reason><message><![CDATA[]]></message></reason><output><![CDATA[]]></output></test-case><test-case id="375" name="tests/tools/test_intersect.py::test_intersect_distinctfreq[startdates4-D-2020-01-20-06:00-fr-Asia/Kolkata]" fullname="tests/tools/test_intersect.py::test_intersect_distinctfreq[startdates4-D-2020-01-20-06:00-fr-Asia/Kolkata]" methodname="test_intersect_distinctfreq[startdates4-D-2020-01-20-06:00-fr-Asia/Kolkata]" classname="tests/tools/test_intersect.py" runstate="Runnable" seed="1" result="Passed" label="Test if intersection of indices with distinct frequencies gives correct result." start-time="2024-02-05 13:01:39.718403" end-time="2024-02-05 13:01:39.719358" duration="0.000955" asserts="0"><properties><property name="python-version" value="3.11.7 (main, Dec  4 2023, 18:10:11) [Clang 15.0.0 (clang-1500.1.0.2.5)]" /><property name="fspath" value="tests/tools/test_intersect.py" /></properties><environment framework-version="3.6.2" clr-version="3.11.7 (main, Dec  4 2023, 18:10:11) [Clang 15.0.0 (clang-1500.1.0.2.5)]" os-version="23.3.0" platform="Darwin" cwd="/Users/ruud.wijtvliet/python/portfolyo" machine-name="arm64" user="" user-domain="" culture="en-US" uiculture="en-US" os-architecture="64bit" /><failure><message><![CDATA[]]></message><stack-trace><![CDATA[None]]></stack-trace></failure><reason><message><![CDATA[]]></message></reason><output><![CDATA[]]></output></test-case><test-case id="376" name="tests/tools/test_intersect.py::test_intersect_distinctfreq[startdates5-D-2020-01-20-00:00-idx-None]" fullname="tests/tools/test_intersect.py::test_intersect_distinctfreq[startdates5-D-2020-01-20-00:00-idx-None]" methodname="test_intersect_distinctfreq[startdates5-D-2020-01-20-00:00-idx-None]" classname="tests/tools/test_intersect.py" runstate="Runnable" seed="1" result="Passed" label="Test if intersection of indices with distinct frequencies gives correct result." start-time="2024-02-05 13:01:39.719821" end-time="2024-02-05 13:01:39.720298" duration="0.000477" asserts="0"><properties><property name="python-version" value="3.11.7 (main, Dec  4 2023, 18:10:11) [Clang 15.0.0 (clang-1500.1.0.2.5)]" /><property name="fspath" value="tests/tools/test_intersect.py" /></properties><environment framework-version="3.6.2" clr-version="3.11.7 (main, Dec  4 2023, 18:10:11) [Clang 15.0.0 (clang-1500.1.0.2.5)]" os-version="23.3.0" platform="Darwin" cwd="/Users/ruud.wijtvliet/python/portfolyo" machine-name="arm64" user="" user-domain="" culture="en-US" uiculture="en-US" os-architecture="64bit" /><failure><message><![CDATA[]]></message><stack-trace><![CDATA[None]]></stack-trace></failure><reason><message><![CDATA[]]></message></reason><output><![CDATA[]]></output></test-case><test-case id="377" name="tests/tools/test_intersect.py::test_intersect_distinctfreq[startdates5-D-2020-01-20-00:00-idx-Europe/Berlin]" fullname="tests/tools/test_intersect.py::test_intersect_distinctfreq[startdates5-D-2020-01-20-00:00-idx-Europe/Berlin]" methodname="test_intersect_distinctfreq[startdates5-D-2020-01-20-00:00-idx-Europe/Berlin]" classname="tests/tools/test_intersect.py" runstate="Runnable" seed="1" result="Passed" label="Test if intersection of indices with distinct frequencies gives correct result." start-time="2024-02-05 13:01:39.720776" end-time="2024-02-05 13:01:39.721509" duration="0.000733" asserts="0"><properties><property name="python-version" value="3.11.7 (main, Dec  4 2023, 18:10:11) [Clang 15.0.0 (clang-1500.1.0.2.5)]" /><property name="fspath" value="tests/tools/test_intersect.py" /></properties><environment framework-version="3.6.2" clr-version="3.11.7 (main, Dec  4 2023, 18:10:11) [Clang 15.0.0 (clang-1500.1.0.2.5)]" os-version="23.3.0" platform="Darwin" cwd="/Users/ruud.wijtvliet/python/portfolyo" machine-name="arm64" user="" user-domain="" culture="en-US" uiculture="en-US" os-architecture="64bit" /><failure><message><![CDATA[]]></message><stack-trace><![CDATA[None]]></stack-trace></failure><reason><message><![CDATA[]]></message></reason><output><![CDATA[]]></output></test-case><test-case id="378" name="tests/tools/test_intersect.py::test_intersect_distinctfreq[startdates5-D-2020-01-20-00:00-idx-Asia/Kolkata]" fullname="tests/tools/test_intersect.py::test_intersect_distinctfreq[startdates5-D-2020-01-20-00:00-idx-Asia/Kolkata]" methodname="test_intersect_distinctfreq[startdates5-D-2020-01-20-00:00-idx-Asia/Kolkata]" classname="tests/tools/test_intersect.py" runstate="Runnable" seed="1" result="Passed" label="Test if intersection of indices with distinct frequencies gives correct result." start-time="2024-02-05 13:01:39.721970" end-time="2024-02-05 13:01:39.722634" duration="0.000664" asserts="0"><properties><property name="python-version" value="3.11.7 (main, Dec  4 2023, 18:10:11) [Clang 15.0.0 (clang-1500.1.0.2.5)]" /><property name="fspath" value="tests/tools/test_intersect.py" /></properties><environment framework-version="3.6.2" clr-version="3.11.7 (main, Dec  4 2023, 18:10:11) [Clang 15.0.0 (clang-1500.1.0.2.5)]" os-version="23.3.0" platform="Darwin" cwd="/Users/ruud.wijtvliet/python/portfolyo" machine-name="arm64" user="" user-domain="" culture="en-US" uiculture="en-US" os-architecture="64bit" /><failure><message><![CDATA[]]></message><stack-trace><![CDATA[None]]></stack-trace></failure><reason><message><![CDATA[]]></message></reason><output><![CDATA[]]></output></test-case><test-case id="379" name="tests/tools/test_intersect.py::test_intersect_distinctfreq[startdates5-D-2020-01-20-00:00-fr-None]" fullname="tests/tools/test_intersect.py::test_intersect_distinctfreq[startdates5-D-2020-01-20-00:00-fr-None]" methodname="test_intersect_distinctfreq[startdates5-D-2020-01-20-00:00-fr-None]" classname="tests/tools/test_intersect.py" runstate="Runnable" seed="1" result="Passed" label="Test if intersection of indices with distinct frequencies gives correct result." start-time="2024-02-05 13:01:39.723058" end-time="2024-02-05 13:01:39.723720" duration="0.000662" asserts="0"><properties><property name="python-version" value="3.11.7 (main, Dec  4 2023, 18:10:11) [Clang 15.0.0 (clang-1500.1.0.2.5)]" /><property name="fspath" value="tests/tools/test_intersect.py" /></properties><environment framework-version="3.6.2" clr-version="3.11.7 (main, Dec  4 2023, 18:10:11) [Clang 15.0.0 (clang-1500.1.0.2.5)]" os-version="23.3.0" platform="Darwin" cwd="/Users/ruud.wijtvliet/python/portfolyo" machine-name="arm64" user="" user-domain="" culture="en-US" uiculture="en-US" os-architecture="64bit" /><failure><message><![CDATA[]]></message><stack-trace><![CDATA[None]]></stack-trace></failure><reason><message><![CDATA[]]></message></reason><output><![CDATA[]]></output></test-case><test-case id="380" name="tests/tools/test_intersect.py::test_intersect_distinctfreq[startdates5-D-2020-01-20-00:00-fr-Europe/Berlin]" fullname="tests/tools/test_intersect.py::test_intersect_distinctfreq[startdates5-D-2020-01-20-00:00-fr-Europe/Berlin]" methodname="test_intersect_distinctfreq[startdates5-D-2020-01-20-00:00-fr-Europe/Berlin]" classname="tests/tools/test_intersect.py" runstate="Runnable" seed="1" result="Passed" label="Test if intersection of indices with distinct frequencies gives correct result." start-time="2024-02-05 13:01:39.724143" end-time="2024-02-05 13:01:39.725013" duration="0.00087" asserts="0"><properties><property name="python-version" value="3.11.7 (main, Dec  4 2023, 18:10:11) [Clang 15.0.0 (clang-1500.1.0.2.5)]" /><property name="fspath" value="tests/tools/test_intersect.py" /></properties><environment framework-version="3.6.2" clr-version="3.11.7 (main, Dec  4 2023, 18:10:11) [Clang 15.0.0 (clang-1500.1.0.2.5)]" os-version="23.3.0" platform="Darwin" cwd="/Users/ruud.wijtvliet/python/portfolyo" machine-name="arm64" user="" user-domain="" culture="en-US" uiculture="en-US" os-architecture="64bit" /><failure><message><![CDATA[]]></message><stack-trace><![CDATA[None]]></stack-trace></failure><reason><message><![CDATA[]]></message></reason><output><![CDATA[]]></output></test-case><test-case id="381" name="tests/tools/test_intersect.py::test_intersect_distinctfreq[startdates5-D-2020-01-20-00:00-fr-Asia/Kolkata]" fullname="tests/tools/test_intersect.py::test_intersect_distinctfreq[startdates5-D-2020-01-20-00:00-fr-Asia/Kolkata]" methodname="test_intersect_distinctfreq[startdates5-D-2020-01-20-00:00-fr-Asia/Kolkata]" classname="tests/tools/test_intersect.py" runstate="Runnable" seed="1" result="Passed" label="Test if intersection of indices with distinct frequencies gives correct result." start-time="2024-02-05 13:01:39.725460" end-time="2024-02-05 13:01:39.726312" duration="0.000852" asserts="0"><properties><property name="python-version" value="3.11.7 (main, Dec  4 2023, 18:10:11) [Clang 15.0.0 (clang-1500.1.0.2.5)]" /><property name="fspath" value="tests/tools/test_intersect.py" /></properties><environment framework-version="3.6.2" clr-version="3.11.7 (main, Dec  4 2023, 18:10:11) [Clang 15.0.0 (clang-1500.1.0.2.5)]" os-version="23.3.0" platform="Darwin" cwd="/Users/ruud.wijtvliet/python/portfolyo" machine-name="arm64" user="" user-domain="" culture="en-US" uiculture="en-US" os-architecture="64bit" /><failure><message><![CDATA[]]></message><stack-trace><![CDATA[None]]></stack-trace></failure><reason><message><![CDATA[]]></message></reason><output><![CDATA[]]></output></test-case><test-case id="382" name="tests/tools/test_intersect.py::test_intersect_distinctfreq[startdates5-D-2020-01-20-06:00-idx-None]" fullname="tests/tools/test_intersect.py::test_intersect_distinctfreq[startdates5-D-2020-01-20-06:00-idx-None]" methodname="test_intersect_distinctfreq[startdates5-D-2020-01-20-06:00-idx-None]" classname="tests/tools/test_intersect.py" runstate="Runnable" seed="1" result="Passed" label="Test if intersection of indices with distinct frequencies gives correct result." start-time="2024-02-05 13:01:39.726770" end-time="2024-02-05 13:01:39.727246" duration="0.000476" asserts="0"><properties><property name="python-version" value="3.11.7 (main, Dec  4 2023, 18:10:11) [Clang 15.0.0 (clang-1500.1.0.2.5)]" /><property name="fspath" value="tests/tools/test_intersect.py" /></properties><environment framework-version="3.6.2" clr-version="3.11.7 (main, Dec  4 2023, 18:10:11) [Clang 15.0.0 (clang-1500.1.0.2.5)]" os-version="23.3.0" platform="Darwin" cwd="/Users/ruud.wijtvliet/python/portfolyo" machine-name="arm64" user="" user-domain="" culture="en-US" uiculture="en-US" os-architecture="64bit" /><failure><message><![CDATA[]]></message><stack-trace><![CDATA[None]]></stack-trace></failure><reason><message><![CDATA[]]></message></reason><output><![CDATA[]]></output></test-case><test-case id="383" name="tests/tools/test_intersect.py::test_intersect_distinctfreq[startdates5-D-2020-01-20-06:00-idx-Europe/Berlin]" fullname="tests/tools/test_intersect.py::test_intersect_distinctfreq[startdates5-D-2020-01-20-06:00-idx-Europe/Berlin]" methodname="test_intersect_distinctfreq[startdates5-D-2020-01-20-06:00-idx-Europe/Berlin]" classname="tests/tools/test_intersect.py" runstate="Runnable" seed="1" result="Passed" label="Test if intersection of indices with distinct frequencies gives correct result." start-time="2024-02-05 13:01:39.727683" end-time="2024-02-05 13:01:39.728379" duration="0.000696" asserts="0"><properties><property name="python-version" value="3.11.7 (main, Dec  4 2023, 18:10:11) [Clang 15.0.0 (clang-1500.1.0.2.5)]" /><property name="fspath" value="tests/tools/test_intersect.py" /></properties><environment framework-version="3.6.2" clr-version="3.11.7 (main, Dec  4 2023, 18:10:11) [Clang 15.0.0 (clang-1500.1.0.2.5)]" os-version="23.3.0" platform="Darwin" cwd="/Users/ruud.wijtvliet/python/portfolyo" machine-name="arm64" user="" user-domain="" culture="en-US" uiculture="en-US" os-architecture="64bit" /><failure><message><![CDATA[]]></message><stack-trace><![CDATA[None]]></stack-trace></failure><reason><message><![CDATA[]]></message></reason><output><![CDATA[]]></output></test-case><test-case id="384" name="tests/tools/test_intersect.py::test_intersect_distinctfreq[startdates5-D-2020-01-20-06:00-idx-Asia/Kolkata]" fullname="tests/tools/test_intersect.py::test_intersect_distinctfreq[startdates5-D-2020-01-20-06:00-idx-Asia/Kolkata]" methodname="test_intersect_distinctfreq[startdates5-D-2020-01-20-06:00-idx-Asia/Kolkata]" classname="tests/tools/test_intersect.py" runstate="Runnable" seed="1" result="Passed" label="Test if intersection of indices with distinct frequencies gives correct result." start-time="2024-02-05 13:01:39.728812" end-time="2024-02-05 13:01:39.729461" duration="0.000649" asserts="0"><properties><property name="python-version" value="3.11.7 (main, Dec  4 2023, 18:10:11) [Clang 15.0.0 (clang-1500.1.0.2.5)]" /><property name="fspath" value="tests/tools/test_intersect.py" /></properties><environment framework-version="3.6.2" clr-version="3.11.7 (main, Dec  4 2023, 18:10:11) [Clang 15.0.0 (clang-1500.1.0.2.5)]" os-version="23.3.0" platform="Darwin" cwd="/Users/ruud.wijtvliet/python/portfolyo" machine-name="arm64" user="" user-domain="" culture="en-US" uiculture="en-US" os-architecture="64bit" /><failure><message><![CDATA[]]></message><stack-trace><![CDATA[None]]></stack-trace></failure><reason><message><![CDATA[]]></message></reason><output><![CDATA[]]></output></test-case><test-case id="385" name="tests/tools/test_intersect.py::test_intersect_distinctfreq[startdates5-D-2020-01-20-06:00-fr-None]" fullname="tests/tools/test_intersect.py::test_intersect_distinctfreq[startdates5-D-2020-01-20-06:00-fr-None]" methodname="test_intersect_distinctfreq[startdates5-D-2020-01-20-06:00-fr-None]" classname="tests/tools/test_intersect.py" runstate="Runnable" seed="1" result="Passed" label="Test if intersection of indices with distinct frequencies gives correct result." start-time="2024-02-05 13:01:39.729895" end-time="2024-02-05 13:01:39.730671" duration="0.000776" asserts="0"><properties><property name="python-version" value="3.11.7 (main, Dec  4 2023, 18:10:11) [Clang 15.0.0 (clang-1500.1.0.2.5)]" /><property name="fspath" value="tests/tools/test_intersect.py" /></properties><environment framework-version="3.6.2" clr-version="3.11.7 (main, Dec  4 2023, 18:10:11) [Clang 15.0.0 (clang-1500.1.0.2.5)]" os-version="23.3.0" platform="Darwin" cwd="/Users/ruud.wijtvliet/python/portfolyo" machine-name="arm64" user="" user-domain="" culture="en-US" uiculture="en-US" os-architecture="64bit" /><failure><message><![CDATA[]]></message><stack-trace><![CDATA[None]]></stack-trace></failure><reason><message><![CDATA[]]></message></reason><output><![CDATA[]]></output></test-case><test-case id="386" name="tests/tools/test_intersect.py::test_intersect_distinctfreq[startdates5-D-2020-01-20-06:00-fr-Europe/Berlin]" fullname="tests/tools/test_intersect.py::test_intersect_distinctfreq[startdates5-D-2020-01-20-06:00-fr-Europe/Berlin]" methodname="test_intersect_distinctfreq[startdates5-D-2020-01-20-06:00-fr-Europe/Berlin]" classname="tests/tools/test_intersect.py" runstate="Runnable" seed="1" result="Passed" label="Test if intersection of indices with distinct frequencies gives correct result." start-time="2024-02-05 13:01:39.731181" end-time="2024-02-05 13:01:39.732178" duration="0.000997" asserts="0"><properties><property name="python-version" value="3.11.7 (main, Dec  4 2023, 18:10:11) [Clang 15.0.0 (clang-1500.1.0.2.5)]" /><property name="fspath" value="tests/tools/test_intersect.py" /></properties><environment framework-version="3.6.2" clr-version="3.11.7 (main, Dec  4 2023, 18:10:11) [Clang 15.0.0 (clang-1500.1.0.2.5)]" os-version="23.3.0" platform="Darwin" cwd="/Users/ruud.wijtvliet/python/portfolyo" machine-name="arm64" user="" user-domain="" culture="en-US" uiculture="en-US" os-architecture="64bit" /><failure><message><![CDATA[]]></message><stack-trace><![CDATA[None]]></stack-trace></failure><reason><message><![CDATA[]]></message></reason><output><![CDATA[]]></output></test-case><test-case id="387" name="tests/tools/test_intersect.py::test_intersect_distinctfreq[startdates5-D-2020-01-20-06:00-fr-Asia/Kolkata]" fullname="tests/tools/test_intersect.py::test_intersect_distinctfreq[startdates5-D-2020-01-20-06:00-fr-Asia/Kolkata]" methodname="test_intersect_distinctfreq[startdates5-D-2020-01-20-06:00-fr-Asia/Kolkata]" classname="tests/tools/test_intersect.py" runstate="Runnable" seed="1" result="Passed" label="Test if intersection of indices with distinct frequencies gives correct result." start-time="2024-02-05 13:01:39.732683" end-time="2024-02-05 13:01:39.733564" duration="0.000881" asserts="0"><properties><property name="python-version" value="3.11.7 (main, Dec  4 2023, 18:10:11) [Clang 15.0.0 (clang-1500.1.0.2.5)]" /><property name="fspath" value="tests/tools/test_intersect.py" /></properties><environment framework-version="3.6.2" clr-version="3.11.7 (main, Dec  4 2023, 18:10:11) [Clang 15.0.0 (clang-1500.1.0.2.5)]" os-version="23.3.0" platform="Darwin" cwd="/Users/ruud.wijtvliet/python/portfolyo" machine-name="arm64" user="" user-domain="" culture="en-US" uiculture="en-US" os-architecture="64bit" /><failure><message><![CDATA[]]></message><stack-trace><![CDATA[None]]></stack-trace></failure><reason><message><![CDATA[]]></message></reason><output><![CDATA[]]></output></test-case><test-case id="388" name="tests/tools/test_intersect.py::test_intersect_distinctfreq[startdates6-MS-2020-03-01-00:00-idx-None]" fullname="tests/tools/test_intersect.py::test_intersect_distinctfreq[startdates6-MS-2020-03-01-00:00-idx-None]" methodname="test_intersect_distinctfreq[startdates6-MS-2020-03-01-00:00-idx-None]" classname="tests/tools/test_intersect.py" runstate="Runnable" seed="1" result="Passed" label="Test if intersection of indices with distinct frequencies gives correct result." start-time="2024-02-05 13:01:39.733999" end-time="2024-02-05 13:01:39.734569" duration="0.00057" asserts="0"><properties><property name="python-version" value="3.11.7 (main, Dec  4 2023, 18:10:11) [Clang 15.0.0 (clang-1500.1.0.2.5)]" /><property name="fspath" value="tests/tools/test_intersect.py" /></properties><environment framework-version="3.6.2" clr-version="3.11.7 (main, Dec  4 2023, 18:10:11) [Clang 15.0.0 (clang-1500.1.0.2.5)]" os-version="23.3.0" platform="Darwin" cwd="/Users/ruud.wijtvliet/python/portfolyo" machine-name="arm64" user="" user-domain="" culture="en-US" uiculture="en-US" os-architecture="64bit" /><failure><message><![CDATA[]]></message><stack-trace><![CDATA[None]]></stack-trace></failure><reason><message><![CDATA[]]></message></reason><output><![CDATA[]]></output></test-case><test-case id="389" name="tests/tools/test_intersect.py::test_intersect_distinctfreq[startdates6-MS-2020-03-01-00:00-idx-Europe/Berlin]" fullname="tests/tools/test_intersect.py::test_intersect_distinctfreq[startdates6-MS-2020-03-01-00:00-idx-Europe/Berlin]" methodname="test_intersect_distinctfreq[startdates6-MS-2020-03-01-00:00-idx-Europe/Berlin]" classname="tests/tools/test_intersect.py" runstate="Runnable" seed="1" result="Passed" label="Test if intersection of indices with distinct frequencies gives correct result." start-time="2024-02-05 13:01:39.734988" end-time="2024-02-05 13:01:39.735841" duration="0.000853" asserts="0"><properties><property name="python-version" value="3.11.7 (main, Dec  4 2023, 18:10:11) [Clang 15.0.0 (clang-1500.1.0.2.5)]" /><property name="fspath" value="tests/tools/test_intersect.py" /></properties><environment framework-version="3.6.2" clr-version="3.11.7 (main, Dec  4 2023, 18:10:11) [Clang 15.0.0 (clang-1500.1.0.2.5)]" os-version="23.3.0" platform="Darwin" cwd="/Users/ruud.wijtvliet/python/portfolyo" machine-name="arm64" user="" user-domain="" culture="en-US" uiculture="en-US" os-architecture="64bit" /><failure><message><![CDATA[]]></message><stack-trace><![CDATA[None]]></stack-trace></failure><reason><message><![CDATA[]]></message></reason><output><![CDATA[]]></output></test-case><test-case id="390" name="tests/tools/test_intersect.py::test_intersect_distinctfreq[startdates6-MS-2020-03-01-00:00-idx-Asia/Kolkata]" fullname="tests/tools/test_intersect.py::test_intersect_distinctfreq[startdates6-MS-2020-03-01-00:00-idx-Asia/Kolkata]" methodname="test_intersect_distinctfreq[startdates6-MS-2020-03-01-00:00-idx-Asia/Kolkata]" classname="tests/tools/test_intersect.py" runstate="Runnable" seed="1" result="Passed" label="Test if intersection of indices with distinct frequencies gives correct result." start-time="2024-02-05 13:01:39.736274" end-time="2024-02-05 13:01:39.737056" duration="0.000782" asserts="0"><properties><property name="python-version" value="3.11.7 (main, Dec  4 2023, 18:10:11) [Clang 15.0.0 (clang-1500.1.0.2.5)]" /><property name="fspath" value="tests/tools/test_intersect.py" /></properties><environment framework-version="3.6.2" clr-version="3.11.7 (main, Dec  4 2023, 18:10:11) [Clang 15.0.0 (clang-1500.1.0.2.5)]" os-version="23.3.0" platform="Darwin" cwd="/Users/ruud.wijtvliet/python/portfolyo" machine-name="arm64" user="" user-domain="" culture="en-US" uiculture="en-US" os-architecture="64bit" /><failure><message><![CDATA[]]></message><stack-trace><![CDATA[None]]></stack-trace></failure><reason><message><![CDATA[]]></message></reason><output><![CDATA[]]></output></test-case><test-case id="391" name="tests/tools/test_intersect.py::test_intersect_distinctfreq[startdates6-MS-2020-03-01-00:00-fr-None]" fullname="tests/tools/test_intersect.py::test_intersect_distinctfreq[startdates6-MS-2020-03-01-00:00-fr-None]" methodname="test_intersect_distinctfreq[startdates6-MS-2020-03-01-00:00-fr-None]" classname="tests/tools/test_intersect.py" runstate="Runnable" seed="1" result="Passed" label="Test if intersection of indices with distinct frequencies gives correct result." start-time="2024-02-05 13:01:39.737589" end-time="2024-02-05 13:01:39.738361" duration="0.000772" asserts="0"><properties><property name="python-version" value="3.11.7 (main, Dec  4 2023, 18:10:11) [Clang 15.0.0 (clang-1500.1.0.2.5)]" /><property name="fspath" value="tests/tools/test_intersect.py" /></properties><environment framework-version="3.6.2" clr-version="3.11.7 (main, Dec  4 2023, 18:10:11) [Clang 15.0.0 (clang-1500.1.0.2.5)]" os-version="23.3.0" platform="Darwin" cwd="/Users/ruud.wijtvliet/python/portfolyo" machine-name="arm64" user="" user-domain="" culture="en-US" uiculture="en-US" os-architecture="64bit" /><failure><message><![CDATA[]]></message><stack-trace><![CDATA[None]]></stack-trace></failure><reason><message><![CDATA[]]></message></reason><output><![CDATA[]]></output></test-case><test-case id="392" name="tests/tools/test_intersect.py::test_intersect_distinctfreq[startdates6-MS-2020-03-01-00:00-fr-Europe/Berlin]" fullname="tests/tools/test_intersect.py::test_intersect_distinctfreq[startdates6-MS-2020-03-01-00:00-fr-Europe/Berlin]" methodname="test_intersect_distinctfreq[startdates6-MS-2020-03-01-00:00-fr-Europe/Berlin]" classname="tests/tools/test_intersect.py" runstate="Runnable" seed="1" result="Passed" label="Test if intersection of indices with distinct frequencies gives correct result." start-time="2024-02-05 13:01:39.738796" end-time="2024-02-05 13:01:39.739823" duration="0.001027" asserts="0"><properties><property name="python-version" value="3.11.7 (main, Dec  4 2023, 18:10:11) [Clang 15.0.0 (clang-1500.1.0.2.5)]" /><property name="fspath" value="tests/tools/test_intersect.py" /></properties><environment framework-version="3.6.2" clr-version="3.11.7 (main, Dec  4 2023, 18:10:11) [Clang 15.0.0 (clang-1500.1.0.2.5)]" os-version="23.3.0" platform="Darwin" cwd="/Users/ruud.wijtvliet/python/portfolyo" machine-name="arm64" user="" user-domain="" culture="en-US" uiculture="en-US" os-architecture="64bit" /><failure><message><![CDATA[]]></message><stack-trace><![CDATA[None]]></stack-trace></failure><reason><message><![CDATA[]]></message></reason><output><![CDATA[]]></output></test-case><test-case id="393" name="tests/tools/test_intersect.py::test_intersect_distinctfreq[startdates6-MS-2020-03-01-00:00-fr-Asia/Kolkata]" fullname="tests/tools/test_intersect.py::test_intersect_distinctfreq[startdates6-MS-2020-03-01-00:00-fr-Asia/Kolkata]" methodname="test_intersect_distinctfreq[startdates6-MS-2020-03-01-00:00-fr-Asia/Kolkata]" classname="tests/tools/test_intersect.py" runstate="Runnable" seed="1" result="Passed" label="Test if intersection of indices with distinct frequencies gives correct result." start-time="2024-02-05 13:01:39.740234" end-time="2024-02-05 13:01:39.741128" duration="0.000894" asserts="0"><properties><property name="python-version" value="3.11.7 (main, Dec  4 2023, 18:10:11) [Clang 15.0.0 (clang-1500.1.0.2.5)]" /><property name="fspath" value="tests/tools/test_intersect.py" /></properties><environment framework-version="3.6.2" clr-version="3.11.7 (main, Dec  4 2023, 18:10:11) [Clang 15.0.0 (clang-1500.1.0.2.5)]" os-version="23.3.0" platform="Darwin" cwd="/Users/ruud.wijtvliet/python/portfolyo" machine-name="arm64" user="" user-domain="" culture="en-US" uiculture="en-US" os-architecture="64bit" /><failure><message><![CDATA[]]></message><stack-trace><![CDATA[None]]></stack-trace></failure><reason><message><![CDATA[]]></message></reason><output><![CDATA[]]></output></test-case><test-case id="394" name="tests/tools/test_intersect.py::test_intersect_distinctfreq[startdates6-MS-2020-03-01-06:00-idx-None]" fullname="tests/tools/test_intersect.py::test_intersect_distinctfreq[startdates6-MS-2020-03-01-06:00-idx-None]" methodname="test_intersect_distinctfreq[startdates6-MS-2020-03-01-06:00-idx-None]" classname="tests/tools/test_intersect.py" runstate="Runnable" seed="1" result="Passed" label="Test if intersection of indices with distinct frequencies gives correct result." start-time="2024-02-05 13:01:39.741536" end-time="2024-02-05 13:01:39.742026" duration="0.00049" asserts="0"><properties><property name="python-version" value="3.11.7 (main, Dec  4 2023, 18:10:11) [Clang 15.0.0 (clang-1500.1.0.2.5)]" /><property name="fspath" value="tests/tools/test_intersect.py" /></properties><environment framework-version="3.6.2" clr-version="3.11.7 (main, Dec  4 2023, 18:10:11) [Clang 15.0.0 (clang-1500.1.0.2.5)]" os-version="23.3.0" platform="Darwin" cwd="/Users/ruud.wijtvliet/python/portfolyo" machine-name="arm64" user="" user-domain="" culture="en-US" uiculture="en-US" os-architecture="64bit" /><failure><message><![CDATA[]]></message><stack-trace><![CDATA[None]]></stack-trace></failure><reason><message><![CDATA[]]></message></reason><output><![CDATA[]]></output></test-case><test-case id="395" name="tests/tools/test_intersect.py::test_intersect_distinctfreq[startdates6-MS-2020-03-01-06:00-idx-Europe/Berlin]" fullname="tests/tools/test_intersect.py::test_intersect_distinctfreq[startdates6-MS-2020-03-01-06:00-idx-Europe/Berlin]" methodname="test_intersect_distinctfreq[startdates6-MS-2020-03-01-06:00-idx-Europe/Berlin]" classname="tests/tools/test_intersect.py" runstate="Runnable" seed="1" result="Passed" label="Test if intersection of indices with distinct frequencies gives correct result." start-time="2024-02-05 13:01:39.742433" end-time="2024-02-05 13:01:39.743240" duration="0.000807" asserts="0"><properties><property name="python-version" value="3.11.7 (main, Dec  4 2023, 18:10:11) [Clang 15.0.0 (clang-1500.1.0.2.5)]" /><property name="fspath" value="tests/tools/test_intersect.py" /></properties><environment framework-version="3.6.2" clr-version="3.11.7 (main, Dec  4 2023, 18:10:11) [Clang 15.0.0 (clang-1500.1.0.2.5)]" os-version="23.3.0" platform="Darwin" cwd="/Users/ruud.wijtvliet/python/portfolyo" machine-name="arm64" user="" user-domain="" culture="en-US" uiculture="en-US" os-architecture="64bit" /><failure><message><![CDATA[]]></message><stack-trace><![CDATA[None]]></stack-trace></failure><reason><message><![CDATA[]]></message></reason><output><![CDATA[]]></output></test-case><test-case id="396" name="tests/tools/test_intersect.py::test_intersect_distinctfreq[startdates6-MS-2020-03-01-06:00-idx-Asia/Kolkata]" fullname="tests/tools/test_intersect.py::test_intersect_distinctfreq[startdates6-MS-2020-03-01-06:00-idx-Asia/Kolkata]" methodname="test_intersect_distinctfreq[startdates6-MS-2020-03-01-06:00-idx-Asia/Kolkata]" classname="tests/tools/test_intersect.py" runstate="Runnable" seed="1" result="Passed" label="Test if intersection of indices with distinct frequencies gives correct result." start-time="2024-02-05 13:01:39.743668" end-time="2024-02-05 13:01:39.744408" duration="0.00074" asserts="0"><properties><property name="python-version" value="3.11.7 (main, Dec  4 2023, 18:10:11) [Clang 15.0.0 (clang-1500.1.0.2.5)]" /><property name="fspath" value="tests/tools/test_intersect.py" /></properties><environment framework-version="3.6.2" clr-version="3.11.7 (main, Dec  4 2023, 18:10:11) [Clang 15.0.0 (clang-1500.1.0.2.5)]" os-version="23.3.0" platform="Darwin" cwd="/Users/ruud.wijtvliet/python/portfolyo" machine-name="arm64" user="" user-domain="" culture="en-US" uiculture="en-US" os-architecture="64bit" /><failure><message><![CDATA[]]></message><stack-trace><![CDATA[None]]></stack-trace></failure><reason><message><![CDATA[]]></message></reason><output><![CDATA[]]></output></test-case><test-case id="397" name="tests/tools/test_intersect.py::test_intersect_distinctfreq[startdates6-MS-2020-03-01-06:00-fr-None]" fullname="tests/tools/test_intersect.py::test_intersect_distinctfreq[startdates6-MS-2020-03-01-06:00-fr-None]" methodname="test_intersect_distinctfreq[startdates6-MS-2020-03-01-06:00-fr-None]" classname="tests/tools/test_intersect.py" runstate="Runnable" seed="1" result="Passed" label="Test if intersection of indices with distinct frequencies gives correct result." start-time="2024-02-05 13:01:39.744843" end-time="2024-02-05 13:01:39.745518" duration="0.000675" asserts="0"><properties><property name="python-version" value="3.11.7 (main, Dec  4 2023, 18:10:11) [Clang 15.0.0 (clang-1500.1.0.2.5)]" /><property name="fspath" value="tests/tools/test_intersect.py" /></properties><environment framework-version="3.6.2" clr-version="3.11.7 (main, Dec  4 2023, 18:10:11) [Clang 15.0.0 (clang-1500.1.0.2.5)]" os-version="23.3.0" platform="Darwin" cwd="/Users/ruud.wijtvliet/python/portfolyo" machine-name="arm64" user="" user-domain="" culture="en-US" uiculture="en-US" os-architecture="64bit" /><failure><message><![CDATA[]]></message><stack-trace><![CDATA[None]]></stack-trace></failure><reason><message><![CDATA[]]></message></reason><output><![CDATA[]]></output></test-case><test-case id="398" name="tests/tools/test_intersect.py::test_intersect_distinctfreq[startdates6-MS-2020-03-01-06:00-fr-Europe/Berlin]" fullname="tests/tools/test_intersect.py::test_intersect_distinctfreq[startdates6-MS-2020-03-01-06:00-fr-Europe/Berlin]" methodname="test_intersect_distinctfreq[startdates6-MS-2020-03-01-06:00-fr-Europe/Berlin]" classname="tests/tools/test_intersect.py" runstate="Runnable" seed="1" result="Passed" label="Test if intersection of indices with distinct frequencies gives correct result." start-time="2024-02-05 13:01:39.745964" end-time="2024-02-05 13:01:39.746934" duration="0.00097" asserts="0"><properties><property name="python-version" value="3.11.7 (main, Dec  4 2023, 18:10:11) [Clang 15.0.0 (clang-1500.1.0.2.5)]" /><property name="fspath" value="tests/tools/test_intersect.py" /></properties><environment framework-version="3.6.2" clr-version="3.11.7 (main, Dec  4 2023, 18:10:11) [Clang 15.0.0 (clang-1500.1.0.2.5)]" os-version="23.3.0" platform="Darwin" cwd="/Users/ruud.wijtvliet/python/portfolyo" machine-name="arm64" user="" user-domain="" culture="en-US" uiculture="en-US" os-architecture="64bit" /><failure><message><![CDATA[]]></message><stack-trace><![CDATA[None]]></stack-trace></failure><reason><message><![CDATA[]]></message></reason><output><![CDATA[]]></output></test-case><test-case id="399" name="tests/tools/test_intersect.py::test_intersect_distinctfreq[startdates6-MS-2020-03-01-06:00-fr-Asia/Kolkata]" fullname="tests/tools/test_intersect.py::test_intersect_distinctfreq[startdates6-MS-2020-03-01-06:00-fr-Asia/Kolkata]" methodname="test_intersect_distinctfreq[startdates6-MS-2020-03-01-06:00-fr-Asia/Kolkata]" classname="tests/tools/test_intersect.py" runstate="Runnable" seed="1" result="Passed" label="Test if intersection of indices with distinct frequencies gives correct result." start-time="2024-02-05 13:01:39.747586" end-time="2024-02-05 13:01:39.748868" duration="0.001282" asserts="0"><properties><property name="python-version" value="3.11.7 (main, Dec  4 2023, 18:10:11) [Clang 15.0.0 (clang-1500.1.0.2.5)]" /><property name="fspath" value="tests/tools/test_intersect.py" /></properties><environment framework-version="3.6.2" clr-version="3.11.7 (main, Dec  4 2023, 18:10:11) [Clang 15.0.0 (clang-1500.1.0.2.5)]" os-version="23.3.0" platform="Darwin" cwd="/Users/ruud.wijtvliet/python/portfolyo" machine-name="arm64" user="" user-domain="" culture="en-US" uiculture="en-US" os-architecture="64bit" /><failure><message><![CDATA[]]></message><stack-trace><![CDATA[None]]></stack-trace></failure><reason><message><![CDATA[]]></message></reason><output><![CDATA[]]></output></test-case><test-case id="400" name="tests/tools/test_intersect.py::test_intersect_distinctfreq[startdates7-MS-2020-03-01-00:00-idx-None]" fullname="tests/tools/test_intersect.py::test_intersect_distinctfreq[startdates7-MS-2020-03-01-00:00-idx-None]" methodname="test_intersect_distinctfreq[startdates7-MS-2020-03-01-00:00-idx-None]" classname="tests/tools/test_intersect.py" runstate="Runnable" seed="1" result="Passed" label="Test if intersection of indices with distinct frequencies gives correct result." start-time="2024-02-05 13:01:39.749390" end-time="2024-02-05 13:01:39.749936" duration="0.000546" asserts="0"><properties><property name="python-version" value="3.11.7 (main, Dec  4 2023, 18:10:11) [Clang 15.0.0 (clang-1500.1.0.2.5)]" /><property name="fspath" value="tests/tools/test_intersect.py" /></properties><environment framework-version="3.6.2" clr-version="3.11.7 (main, Dec  4 2023, 18:10:11) [Clang 15.0.0 (clang-1500.1.0.2.5)]" os-version="23.3.0" platform="Darwin" cwd="/Users/ruud.wijtvliet/python/portfolyo" machine-name="arm64" user="" user-domain="" culture="en-US" uiculture="en-US" os-architecture="64bit" /><failure><message><![CDATA[]]></message><stack-trace><![CDATA[None]]></stack-trace></failure><reason><message><![CDATA[]]></message></reason><output><![CDATA[]]></output></test-case><test-case id="401" name="tests/tools/test_intersect.py::test_intersect_distinctfreq[startdates7-MS-2020-03-01-00:00-idx-Europe/Berlin]" fullname="tests/tools/test_intersect.py::test_intersect_distinctfreq[startdates7-MS-2020-03-01-00:00-idx-Europe/Berlin]" methodname="test_intersect_distinctfreq[startdates7-MS-2020-03-01-00:00-idx-Europe/Berlin]" classname="tests/tools/test_intersect.py" runstate="Runnable" seed="1" result="Passed" label="Test if intersection of indices with distinct frequencies gives correct result." start-time="2024-02-05 13:01:39.750361" end-time="2024-02-05 13:01:39.751225" duration="0.000864" asserts="0"><properties><property name="python-version" value="3.11.7 (main, Dec  4 2023, 18:10:11) [Clang 15.0.0 (clang-1500.1.0.2.5)]" /><property name="fspath" value="tests/tools/test_intersect.py" /></properties><environment framework-version="3.6.2" clr-version="3.11.7 (main, Dec  4 2023, 18:10:11) [Clang 15.0.0 (clang-1500.1.0.2.5)]" os-version="23.3.0" platform="Darwin" cwd="/Users/ruud.wijtvliet/python/portfolyo" machine-name="arm64" user="" user-domain="" culture="en-US" uiculture="en-US" os-architecture="64bit" /><failure><message><![CDATA[]]></message><stack-trace><![CDATA[None]]></stack-trace></failure><reason><message><![CDATA[]]></message></reason><output><![CDATA[]]></output></test-case><test-case id="402" name="tests/tools/test_intersect.py::test_intersect_distinctfreq[startdates7-MS-2020-03-01-00:00-idx-Asia/Kolkata]" fullname="tests/tools/test_intersect.py::test_intersect_distinctfreq[startdates7-MS-2020-03-01-00:00-idx-Asia/Kolkata]" methodname="test_intersect_distinctfreq[startdates7-MS-2020-03-01-00:00-idx-Asia/Kolkata]" classname="tests/tools/test_intersect.py" runstate="Runnable" seed="1" result="Passed" label="Test if intersection of indices with distinct frequencies gives correct result." start-time="2024-02-05 13:01:39.751659" end-time="2024-02-05 13:01:39.752446" duration="0.000787" asserts="0"><properties><property name="python-version" value="3.11.7 (main, Dec  4 2023, 18:10:11) [Clang 15.0.0 (clang-1500.1.0.2.5)]" /><property name="fspath" value="tests/tools/test_intersect.py" /></properties><environment framework-version="3.6.2" clr-version="3.11.7 (main, Dec  4 2023, 18:10:11) [Clang 15.0.0 (clang-1500.1.0.2.5)]" os-version="23.3.0" platform="Darwin" cwd="/Users/ruud.wijtvliet/python/portfolyo" machine-name="arm64" user="" user-domain="" culture="en-US" uiculture="en-US" os-architecture="64bit" /><failure><message><![CDATA[]]></message><stack-trace><![CDATA[None]]></stack-trace></failure><reason><message><![CDATA[]]></message></reason><output><![CDATA[]]></output></test-case><test-case id="403" name="tests/tools/test_intersect.py::test_intersect_distinctfreq[startdates7-MS-2020-03-01-00:00-fr-None]" fullname="tests/tools/test_intersect.py::test_intersect_distinctfreq[startdates7-MS-2020-03-01-00:00-fr-None]" methodname="test_intersect_distinctfreq[startdates7-MS-2020-03-01-00:00-fr-None]" classname="tests/tools/test_intersect.py" runstate="Runnable" seed="1" result="Passed" label="Test if intersection of indices with distinct frequencies gives correct result." start-time="2024-02-05 13:01:39.752875" end-time="2024-02-05 13:01:39.753592" duration="0.000717" asserts="0"><properties><property name="python-version" value="3.11.7 (main, Dec  4 2023, 18:10:11) [Clang 15.0.0 (clang-1500.1.0.2.5)]" /><property name="fspath" value="tests/tools/test_intersect.py" /></properties><environment framework-version="3.6.2" clr-version="3.11.7 (main, Dec  4 2023, 18:10:11) [Clang 15.0.0 (clang-1500.1.0.2.5)]" os-version="23.3.0" platform="Darwin" cwd="/Users/ruud.wijtvliet/python/portfolyo" machine-name="arm64" user="" user-domain="" culture="en-US" uiculture="en-US" os-architecture="64bit" /><failure><message><![CDATA[]]></message><stack-trace><![CDATA[None]]></stack-trace></failure><reason><message><![CDATA[]]></message></reason><output><![CDATA[]]></output></test-case><test-case id="404" name="tests/tools/test_intersect.py::test_intersect_distinctfreq[startdates7-MS-2020-03-01-00:00-fr-Europe/Berlin]" fullname="tests/tools/test_intersect.py::test_intersect_distinctfreq[startdates7-MS-2020-03-01-00:00-fr-Europe/Berlin]" methodname="test_intersect_distinctfreq[startdates7-MS-2020-03-01-00:00-fr-Europe/Berlin]" classname="tests/tools/test_intersect.py" runstate="Runnable" seed="1" result="Passed" label="Test if intersection of indices with distinct frequencies gives correct result." start-time="2024-02-05 13:01:39.754084" end-time="2024-02-05 13:01:39.755122" duration="0.001038" asserts="0"><properties><property name="python-version" value="3.11.7 (main, Dec  4 2023, 18:10:11) [Clang 15.0.0 (clang-1500.1.0.2.5)]" /><property name="fspath" value="tests/tools/test_intersect.py" /></properties><environment framework-version="3.6.2" clr-version="3.11.7 (main, Dec  4 2023, 18:10:11) [Clang 15.0.0 (clang-1500.1.0.2.5)]" os-version="23.3.0" platform="Darwin" cwd="/Users/ruud.wijtvliet/python/portfolyo" machine-name="arm64" user="" user-domain="" culture="en-US" uiculture="en-US" os-architecture="64bit" /><failure><message><![CDATA[]]></message><stack-trace><![CDATA[None]]></stack-trace></failure><reason><message><![CDATA[]]></message></reason><output><![CDATA[]]></output></test-case><test-case id="405" name="tests/tools/test_intersect.py::test_intersect_distinctfreq[startdates7-MS-2020-03-01-00:00-fr-Asia/Kolkata]" fullname="tests/tools/test_intersect.py::test_intersect_distinctfreq[startdates7-MS-2020-03-01-00:00-fr-Asia/Kolkata]" methodname="test_intersect_distinctfreq[startdates7-MS-2020-03-01-00:00-fr-Asia/Kolkata]" classname="tests/tools/test_intersect.py" runstate="Runnable" seed="1" result="Passed" label="Test if intersection of indices with distinct frequencies gives correct result." start-time="2024-02-05 13:01:39.755554" end-time="2024-02-05 13:01:39.756488" duration="0.000934" asserts="0"><properties><property name="python-version" value="3.11.7 (main, Dec  4 2023, 18:10:11) [Clang 15.0.0 (clang-1500.1.0.2.5)]" /><property name="fspath" value="tests/tools/test_intersect.py" /></properties><environment framework-version="3.6.2" clr-version="3.11.7 (main, Dec  4 2023, 18:10:11) [Clang 15.0.0 (clang-1500.1.0.2.5)]" os-version="23.3.0" platform="Darwin" cwd="/Users/ruud.wijtvliet/python/portfolyo" machine-name="arm64" user="" user-domain="" culture="en-US" uiculture="en-US" os-architecture="64bit" /><failure><message><![CDATA[]]></message><stack-trace><![CDATA[None]]></stack-trace></failure><reason><message><![CDATA[]]></message></reason><output><![CDATA[]]></output></test-case><test-case id="406" name="tests/tools/test_intersect.py::test_intersect_distinctfreq[startdates7-MS-2020-03-01-06:00-idx-None]" fullname="tests/tools/test_intersect.py::test_intersect_distinctfreq[startdates7-MS-2020-03-01-06:00-idx-None]" methodname="test_intersect_distinctfreq[startdates7-MS-2020-03-01-06:00-idx-None]" classname="tests/tools/test_intersect.py" runstate="Runnable" seed="1" result="Passed" label="Test if intersection of indices with distinct frequencies gives correct result." start-time="2024-02-05 13:01:39.756914" end-time="2024-02-05 13:01:39.757437" duration="0.000523" asserts="0"><properties><property name="python-version" value="3.11.7 (main, Dec  4 2023, 18:10:11) [Clang 15.0.0 (clang-1500.1.0.2.5)]" /><property name="fspath" value="tests/tools/test_intersect.py" /></properties><environment framework-version="3.6.2" clr-version="3.11.7 (main, Dec  4 2023, 18:10:11) [Clang 15.0.0 (clang-1500.1.0.2.5)]" os-version="23.3.0" platform="Darwin" cwd="/Users/ruud.wijtvliet/python/portfolyo" machine-name="arm64" user="" user-domain="" culture="en-US" uiculture="en-US" os-architecture="64bit" /><failure><message><![CDATA[]]></message><stack-trace><![CDATA[None]]></stack-trace></failure><reason><message><![CDATA[]]></message></reason><output><![CDATA[]]></output></test-case><test-case id="407" name="tests/tools/test_intersect.py::test_intersect_distinctfreq[startdates7-MS-2020-03-01-06:00-idx-Europe/Berlin]" fullname="tests/tools/test_intersect.py::test_intersect_distinctfreq[startdates7-MS-2020-03-01-06:00-idx-Europe/Berlin]" methodname="test_intersect_distinctfreq[startdates7-MS-2020-03-01-06:00-idx-Europe/Berlin]" classname="tests/tools/test_intersect.py" runstate="Runnable" seed="1" result="Passed" label="Test if intersection of indices with distinct frequencies gives correct result." start-time="2024-02-05 13:01:39.757863" end-time="2024-02-05 13:01:39.758735" duration="0.000872" asserts="0"><properties><property name="python-version" value="3.11.7 (main, Dec  4 2023, 18:10:11) [Clang 15.0.0 (clang-1500.1.0.2.5)]" /><property name="fspath" value="tests/tools/test_intersect.py" /></properties><environment framework-version="3.6.2" clr-version="3.11.7 (main, Dec  4 2023, 18:10:11) [Clang 15.0.0 (clang-1500.1.0.2.5)]" os-version="23.3.0" platform="Darwin" cwd="/Users/ruud.wijtvliet/python/portfolyo" machine-name="arm64" user="" user-domain="" culture="en-US" uiculture="en-US" os-architecture="64bit" /><failure><message><![CDATA[]]></message><stack-trace><![CDATA[None]]></stack-trace></failure><reason><message><![CDATA[]]></message></reason><output><![CDATA[]]></output></test-case><test-case id="408" name="tests/tools/test_intersect.py::test_intersect_distinctfreq[startdates7-MS-2020-03-01-06:00-idx-Asia/Kolkata]" fullname="tests/tools/test_intersect.py::test_intersect_distinctfreq[startdates7-MS-2020-03-01-06:00-idx-Asia/Kolkata]" methodname="test_intersect_distinctfreq[startdates7-MS-2020-03-01-06:00-idx-Asia/Kolkata]" classname="tests/tools/test_intersect.py" runstate="Runnable" seed="1" result="Passed" label="Test if intersection of indices with distinct frequencies gives correct result." start-time="2024-02-05 13:01:39.759198" end-time="2024-02-05 13:01:39.760121" duration="0.000923" asserts="0"><properties><property name="python-version" value="3.11.7 (main, Dec  4 2023, 18:10:11) [Clang 15.0.0 (clang-1500.1.0.2.5)]" /><property name="fspath" value="tests/tools/test_intersect.py" /></properties><environment framework-version="3.6.2" clr-version="3.11.7 (main, Dec  4 2023, 18:10:11) [Clang 15.0.0 (clang-1500.1.0.2.5)]" os-version="23.3.0" platform="Darwin" cwd="/Users/ruud.wijtvliet/python/portfolyo" machine-name="arm64" user="" user-domain="" culture="en-US" uiculture="en-US" os-architecture="64bit" /><failure><message><![CDATA[]]></message><stack-trace><![CDATA[None]]></stack-trace></failure><reason><message><![CDATA[]]></message></reason><output><![CDATA[]]></output></test-case><test-case id="409" name="tests/tools/test_intersect.py::test_intersect_distinctfreq[startdates7-MS-2020-03-01-06:00-fr-None]" fullname="tests/tools/test_intersect.py::test_intersect_distinctfreq[startdates7-MS-2020-03-01-06:00-fr-None]" methodname="test_intersect_distinctfreq[startdates7-MS-2020-03-01-06:00-fr-None]" classname="tests/tools/test_intersect.py" runstate="Runnable" seed="1" result="Passed" label="Test if intersection of indices with distinct frequencies gives correct result." start-time="2024-02-05 13:01:39.760641" end-time="2024-02-05 13:01:39.761488" duration="0.000847" asserts="0"><properties><property name="python-version" value="3.11.7 (main, Dec  4 2023, 18:10:11) [Clang 15.0.0 (clang-1500.1.0.2.5)]" /><property name="fspath" value="tests/tools/test_intersect.py" /></properties><environment framework-version="3.6.2" clr-version="3.11.7 (main, Dec  4 2023, 18:10:11) [Clang 15.0.0 (clang-1500.1.0.2.5)]" os-version="23.3.0" platform="Darwin" cwd="/Users/ruud.wijtvliet/python/portfolyo" machine-name="arm64" user="" user-domain="" culture="en-US" uiculture="en-US" os-architecture="64bit" /><failure><message><![CDATA[]]></message><stack-trace><![CDATA[None]]></stack-trace></failure><reason><message><![CDATA[]]></message></reason><output><![CDATA[]]></output></test-case><test-case id="410" name="tests/tools/test_intersect.py::test_intersect_distinctfreq[startdates7-MS-2020-03-01-06:00-fr-Europe/Berlin]" fullname="tests/tools/test_intersect.py::test_intersect_distinctfreq[startdates7-MS-2020-03-01-06:00-fr-Europe/Berlin]" methodname="test_intersect_distinctfreq[startdates7-MS-2020-03-01-06:00-fr-Europe/Berlin]" classname="tests/tools/test_intersect.py" runstate="Runnable" seed="1" result="Passed" label="Test if intersection of indices with distinct frequencies gives correct result." start-time="2024-02-05 13:01:39.761931" end-time="2024-02-05 13:01:39.762962" duration="0.001031" asserts="0"><properties><property name="python-version" value="3.11.7 (main, Dec  4 2023, 18:10:11) [Clang 15.0.0 (clang-1500.1.0.2.5)]" /><property name="fspath" value="tests/tools/test_intersect.py" /></properties><environment framework-version="3.6.2" clr-version="3.11.7 (main, Dec  4 2023, 18:10:11) [Clang 15.0.0 (clang-1500.1.0.2.5)]" os-version="23.3.0" platform="Darwin" cwd="/Users/ruud.wijtvliet/python/portfolyo" machine-name="arm64" user="" user-domain="" culture="en-US" uiculture="en-US" os-architecture="64bit" /><failure><message><![CDATA[]]></message><stack-trace><![CDATA[None]]></stack-trace></failure><reason><message><![CDATA[]]></message></reason><output><![CDATA[]]></output></test-case><test-case id="411" name="tests/tools/test_intersect.py::test_intersect_distinctfreq[startdates7-MS-2020-03-01-06:00-fr-Asia/Kolkata]" fullname="tests/tools/test_intersect.py::test_intersect_distinctfreq[startdates7-MS-2020-03-01-06:00-fr-Asia/Kolkata]" methodname="test_intersect_distinctfreq[startdates7-MS-2020-03-01-06:00-fr-Asia/Kolkata]" classname="tests/tools/test_intersect.py" runstate="Runnable" seed="1" result="Passed" label="Test if intersection of indices with distinct frequencies gives correct result." start-time="2024-02-05 13:01:39.763395" end-time="2024-02-05 13:01:39.764341" duration="0.000946" asserts="0"><properties><property name="python-version" value="3.11.7 (main, Dec  4 2023, 18:10:11) [Clang 15.0.0 (clang-1500.1.0.2.5)]" /><property name="fspath" value="tests/tools/test_intersect.py" /></properties><environment framework-version="3.6.2" clr-version="3.11.7 (main, Dec  4 2023, 18:10:11) [Clang 15.0.0 (clang-1500.1.0.2.5)]" os-version="23.3.0" platform="Darwin" cwd="/Users/ruud.wijtvliet/python/portfolyo" machine-name="arm64" user="" user-domain="" culture="en-US" uiculture="en-US" os-architecture="64bit" /><failure><message><![CDATA[]]></message><stack-trace><![CDATA[None]]></stack-trace></failure><reason><message><![CDATA[]]></message></reason><output><![CDATA[]]></output></test-case><test-case id="412" name="tests/tools/test_intersect.py::test_intersect_distinctfreq[startdates8-QS-2020-04-01-00:00-idx-None]" fullname="tests/tools/test_intersect.py::test_intersect_distinctfreq[startdates8-QS-2020-04-01-00:00-idx-None]" methodname="test_intersect_distinctfreq[startdates8-QS-2020-04-01-00:00-idx-None]" classname="tests/tools/test_intersect.py" runstate="Runnable" seed="1" result="Passed" label="Test if intersection of indices with distinct frequencies gives correct result." start-time="2024-02-05 13:01:39.764759" end-time="2024-02-05 13:01:39.765220" duration="0.000461" asserts="0"><properties><property name="python-version" value="3.11.7 (main, Dec  4 2023, 18:10:11) [Clang 15.0.0 (clang-1500.1.0.2.5)]" /><property name="fspath" value="tests/tools/test_intersect.py" /></properties><environment framework-version="3.6.2" clr-version="3.11.7 (main, Dec  4 2023, 18:10:11) [Clang 15.0.0 (clang-1500.1.0.2.5)]" os-version="23.3.0" platform="Darwin" cwd="/Users/ruud.wijtvliet/python/portfolyo" machine-name="arm64" user="" user-domain="" culture="en-US" uiculture="en-US" os-architecture="64bit" /><failure><message><![CDATA[]]></message><stack-trace><![CDATA[None]]></stack-trace></failure><reason><message><![CDATA[]]></message></reason><output><![CDATA[]]></output></test-case><test-case id="413" name="tests/tools/test_intersect.py::test_intersect_distinctfreq[startdates8-QS-2020-04-01-00:00-idx-Europe/Berlin]" fullname="tests/tools/test_intersect.py::test_intersect_distinctfreq[startdates8-QS-2020-04-01-00:00-idx-Europe/Berlin]" methodname="test_intersect_distinctfreq[startdates8-QS-2020-04-01-00:00-idx-Europe/Berlin]" classname="tests/tools/test_intersect.py" runstate="Runnable" seed="1" result="Passed" label="Test if intersection of indices with distinct frequencies gives correct result." start-time="2024-02-05 13:01:39.765637" end-time="2024-02-05 13:01:39.766347" duration="0.00071" asserts="0"><properties><property name="python-version" value="3.11.7 (main, Dec  4 2023, 18:10:11) [Clang 15.0.0 (clang-1500.1.0.2.5)]" /><property name="fspath" value="tests/tools/test_intersect.py" /></properties><environment framework-version="3.6.2" clr-version="3.11.7 (main, Dec  4 2023, 18:10:11) [Clang 15.0.0 (clang-1500.1.0.2.5)]" os-version="23.3.0" platform="Darwin" cwd="/Users/ruud.wijtvliet/python/portfolyo" machine-name="arm64" user="" user-domain="" culture="en-US" uiculture="en-US" os-architecture="64bit" /><failure><message><![CDATA[]]></message><stack-trace><![CDATA[None]]></stack-trace></failure><reason><message><![CDATA[]]></message></reason><output><![CDATA[]]></output></test-case><test-case id="414" name="tests/tools/test_intersect.py::test_intersect_distinctfreq[startdates8-QS-2020-04-01-00:00-idx-Asia/Kolkata]" fullname="tests/tools/test_intersect.py::test_intersect_distinctfreq[startdates8-QS-2020-04-01-00:00-idx-Asia/Kolkata]" methodname="test_intersect_distinctfreq[startdates8-QS-2020-04-01-00:00-idx-Asia/Kolkata]" classname="tests/tools/test_intersect.py" runstate="Runnable" seed="1" result="Passed" label="Test if intersection of indices with distinct frequencies gives correct result." start-time="2024-02-05 13:01:39.766772" end-time="2024-02-05 13:01:39.767429" duration="0.000657" asserts="0"><properties><property name="python-version" value="3.11.7 (main, Dec  4 2023, 18:10:11) [Clang 15.0.0 (clang-1500.1.0.2.5)]" /><property name="fspath" value="tests/tools/test_intersect.py" /></properties><environment framework-version="3.6.2" clr-version="3.11.7 (main, Dec  4 2023, 18:10:11) [Clang 15.0.0 (clang-1500.1.0.2.5)]" os-version="23.3.0" platform="Darwin" cwd="/Users/ruud.wijtvliet/python/portfolyo" machine-name="arm64" user="" user-domain="" culture="en-US" uiculture="en-US" os-architecture="64bit" /><failure><message><![CDATA[]]></message><stack-trace><![CDATA[None]]></stack-trace></failure><reason><message><![CDATA[]]></message></reason><output><![CDATA[]]></output></test-case><test-case id="415" name="tests/tools/test_intersect.py::test_intersect_distinctfreq[startdates8-QS-2020-04-01-00:00-fr-None]" fullname="tests/tools/test_intersect.py::test_intersect_distinctfreq[startdates8-QS-2020-04-01-00:00-fr-None]" methodname="test_intersect_distinctfreq[startdates8-QS-2020-04-01-00:00-fr-None]" classname="tests/tools/test_intersect.py" runstate="Runnable" seed="1" result="Passed" label="Test if intersection of indices with distinct frequencies gives correct result." start-time="2024-02-05 13:01:39.767865" end-time="2024-02-05 13:01:39.768504" duration="0.000639" asserts="0"><properties><property name="python-version" value="3.11.7 (main, Dec  4 2023, 18:10:11) [Clang 15.0.0 (clang-1500.1.0.2.5)]" /><property name="fspath" value="tests/tools/test_intersect.py" /></properties><environment framework-version="3.6.2" clr-version="3.11.7 (main, Dec  4 2023, 18:10:11) [Clang 15.0.0 (clang-1500.1.0.2.5)]" os-version="23.3.0" platform="Darwin" cwd="/Users/ruud.wijtvliet/python/portfolyo" machine-name="arm64" user="" user-domain="" culture="en-US" uiculture="en-US" os-architecture="64bit" /><failure><message><![CDATA[]]></message><stack-trace><![CDATA[None]]></stack-trace></failure><reason><message><![CDATA[]]></message></reason><output><![CDATA[]]></output></test-case><test-case id="416" name="tests/tools/test_intersect.py::test_intersect_distinctfreq[startdates8-QS-2020-04-01-00:00-fr-Europe/Berlin]" fullname="tests/tools/test_intersect.py::test_intersect_distinctfreq[startdates8-QS-2020-04-01-00:00-fr-Europe/Berlin]" methodname="test_intersect_distinctfreq[startdates8-QS-2020-04-01-00:00-fr-Europe/Berlin]" classname="tests/tools/test_intersect.py" runstate="Runnable" seed="1" result="Passed" label="Test if intersection of indices with distinct frequencies gives correct result." start-time="2024-02-05 13:01:39.768914" end-time="2024-02-05 13:01:39.769766" duration="0.000852" asserts="0"><properties><property name="python-version" value="3.11.7 (main, Dec  4 2023, 18:10:11) [Clang 15.0.0 (clang-1500.1.0.2.5)]" /><property name="fspath" value="tests/tools/test_intersect.py" /></properties><environment framework-version="3.6.2" clr-version="3.11.7 (main, Dec  4 2023, 18:10:11) [Clang 15.0.0 (clang-1500.1.0.2.5)]" os-version="23.3.0" platform="Darwin" cwd="/Users/ruud.wijtvliet/python/portfolyo" machine-name="arm64" user="" user-domain="" culture="en-US" uiculture="en-US" os-architecture="64bit" /><failure><message><![CDATA[]]></message><stack-trace><![CDATA[None]]></stack-trace></failure><reason><message><![CDATA[]]></message></reason><output><![CDATA[]]></output></test-case><test-case id="417" name="tests/tools/test_intersect.py::test_intersect_distinctfreq[startdates8-QS-2020-04-01-00:00-fr-Asia/Kolkata]" fullname="tests/tools/test_intersect.py::test_intersect_distinctfreq[startdates8-QS-2020-04-01-00:00-fr-Asia/Kolkata]" methodname="test_intersect_distinctfreq[startdates8-QS-2020-04-01-00:00-fr-Asia/Kolkata]" classname="tests/tools/test_intersect.py" runstate="Runnable" seed="1" result="Passed" label="Test if intersection of indices with distinct frequencies gives correct result." start-time="2024-02-05 13:01:39.770535" end-time="2024-02-05 13:01:39.771894" duration="0.001359" asserts="0"><properties><property name="python-version" value="3.11.7 (main, Dec  4 2023, 18:10:11) [Clang 15.0.0 (clang-1500.1.0.2.5)]" /><property name="fspath" value="tests/tools/test_intersect.py" /></properties><environment framework-version="3.6.2" clr-version="3.11.7 (main, Dec  4 2023, 18:10:11) [Clang 15.0.0 (clang-1500.1.0.2.5)]" os-version="23.3.0" platform="Darwin" cwd="/Users/ruud.wijtvliet/python/portfolyo" machine-name="arm64" user="" user-domain="" culture="en-US" uiculture="en-US" os-architecture="64bit" /><failure><message><![CDATA[]]></message><stack-trace><![CDATA[None]]></stack-trace></failure><reason><message><![CDATA[]]></message></reason><output><![CDATA[]]></output></test-case><test-case id="418" name="tests/tools/test_intersect.py::test_intersect_distinctfreq[startdates8-QS-2020-04-01-06:00-idx-None]" fullname="tests/tools/test_intersect.py::test_intersect_distinctfreq[startdates8-QS-2020-04-01-06:00-idx-None]" methodname="test_intersect_distinctfreq[startdates8-QS-2020-04-01-06:00-idx-None]" classname="tests/tools/test_intersect.py" runstate="Runnable" seed="1" result="Passed" label="Test if intersection of indices with distinct frequencies gives correct result." start-time="2024-02-05 13:01:39.772368" end-time="2024-02-05 13:01:39.772864" duration="0.000496" asserts="0"><properties><property name="python-version" value="3.11.7 (main, Dec  4 2023, 18:10:11) [Clang 15.0.0 (clang-1500.1.0.2.5)]" /><property name="fspath" value="tests/tools/test_intersect.py" /></properties><environment framework-version="3.6.2" clr-version="3.11.7 (main, Dec  4 2023, 18:10:11) [Clang 15.0.0 (clang-1500.1.0.2.5)]" os-version="23.3.0" platform="Darwin" cwd="/Users/ruud.wijtvliet/python/portfolyo" machine-name="arm64" user="" user-domain="" culture="en-US" uiculture="en-US" os-architecture="64bit" /><failure><message><![CDATA[]]></message><stack-trace><![CDATA[None]]></stack-trace></failure><reason><message><![CDATA[]]></message></reason><output><![CDATA[]]></output></test-case><test-case id="419" name="tests/tools/test_intersect.py::test_intersect_distinctfreq[startdates8-QS-2020-04-01-06:00-idx-Europe/Berlin]" fullname="tests/tools/test_intersect.py::test_intersect_distinctfreq[startdates8-QS-2020-04-01-06:00-idx-Europe/Berlin]" methodname="test_intersect_distinctfreq[startdates8-QS-2020-04-01-06:00-idx-Europe/Berlin]" classname="tests/tools/test_intersect.py" runstate="Runnable" seed="1" result="Passed" label="Test if intersection of indices with distinct frequencies gives correct result." start-time="2024-02-05 13:01:39.773284" end-time="2024-02-05 13:01:39.773994" duration="0.00071" asserts="0"><properties><property name="python-version" value="3.11.7 (main, Dec  4 2023, 18:10:11) [Clang 15.0.0 (clang-1500.1.0.2.5)]" /><property name="fspath" value="tests/tools/test_intersect.py" /></properties><environment framework-version="3.6.2" clr-version="3.11.7 (main, Dec  4 2023, 18:10:11) [Clang 15.0.0 (clang-1500.1.0.2.5)]" os-version="23.3.0" platform="Darwin" cwd="/Users/ruud.wijtvliet/python/portfolyo" machine-name="arm64" user="" user-domain="" culture="en-US" uiculture="en-US" os-architecture="64bit" /><failure><message><![CDATA[]]></message><stack-trace><![CDATA[None]]></stack-trace></failure><reason><message><![CDATA[]]></message></reason><output><![CDATA[]]></output></test-case><test-case id="420" name="tests/tools/test_intersect.py::test_intersect_distinctfreq[startdates8-QS-2020-04-01-06:00-idx-Asia/Kolkata]" fullname="tests/tools/test_intersect.py::test_intersect_distinctfreq[startdates8-QS-2020-04-01-06:00-idx-Asia/Kolkata]" methodname="test_intersect_distinctfreq[startdates8-QS-2020-04-01-06:00-idx-Asia/Kolkata]" classname="tests/tools/test_intersect.py" runstate="Runnable" seed="1" result="Passed" label="Test if intersection of indices with distinct frequencies gives correct result." start-time="2024-02-05 13:01:39.774403" end-time="2024-02-05 13:01:39.775045" duration="0.000642" asserts="0"><properties><property name="python-version" value="3.11.7 (main, Dec  4 2023, 18:10:11) [Clang 15.0.0 (clang-1500.1.0.2.5)]" /><property name="fspath" value="tests/tools/test_intersect.py" /></properties><environment framework-version="3.6.2" clr-version="3.11.7 (main, Dec  4 2023, 18:10:11) [Clang 15.0.0 (clang-1500.1.0.2.5)]" os-version="23.3.0" platform="Darwin" cwd="/Users/ruud.wijtvliet/python/portfolyo" machine-name="arm64" user="" user-domain="" culture="en-US" uiculture="en-US" os-architecture="64bit" /><failure><message><![CDATA[]]></message><stack-trace><![CDATA[None]]></stack-trace></failure><reason><message><![CDATA[]]></message></reason><output><![CDATA[]]></output></test-case><test-case id="421" name="tests/tools/test_intersect.py::test_intersect_distinctfreq[startdates8-QS-2020-04-01-06:00-fr-None]" fullname="tests/tools/test_intersect.py::test_intersect_distinctfreq[startdates8-QS-2020-04-01-06:00-fr-None]" methodname="test_intersect_distinctfreq[startdates8-QS-2020-04-01-06:00-fr-None]" classname="tests/tools/test_intersect.py" runstate="Runnable" seed="1" result="Passed" label="Test if intersection of indices with distinct frequencies gives correct result." start-time="2024-02-05 13:01:39.775461" end-time="2024-02-05 13:01:39.776079" duration="0.000618" asserts="0"><properties><property name="python-version" value="3.11.7 (main, Dec  4 2023, 18:10:11) [Clang 15.0.0 (clang-1500.1.0.2.5)]" /><property name="fspath" value="tests/tools/test_intersect.py" /></properties><environment framework-version="3.6.2" clr-version="3.11.7 (main, Dec  4 2023, 18:10:11) [Clang 15.0.0 (clang-1500.1.0.2.5)]" os-version="23.3.0" platform="Darwin" cwd="/Users/ruud.wijtvliet/python/portfolyo" machine-name="arm64" user="" user-domain="" culture="en-US" uiculture="en-US" os-architecture="64bit" /><failure><message><![CDATA[]]></message><stack-trace><![CDATA[None]]></stack-trace></failure><reason><message><![CDATA[]]></message></reason><output><![CDATA[]]></output></test-case><test-case id="422" name="tests/tools/test_intersect.py::test_intersect_distinctfreq[startdates8-QS-2020-04-01-06:00-fr-Europe/Berlin]" fullname="tests/tools/test_intersect.py::test_intersect_distinctfreq[startdates8-QS-2020-04-01-06:00-fr-Europe/Berlin]" methodname="test_intersect_distinctfreq[startdates8-QS-2020-04-01-06:00-fr-Europe/Berlin]" classname="tests/tools/test_intersect.py" runstate="Runnable" seed="1" result="Passed" label="Test if intersection of indices with distinct frequencies gives correct result." start-time="2024-02-05 13:01:39.776494" end-time="2024-02-05 13:01:39.777359" duration="0.000865" asserts="0"><properties><property name="python-version" value="3.11.7 (main, Dec  4 2023, 18:10:11) [Clang 15.0.0 (clang-1500.1.0.2.5)]" /><property name="fspath" value="tests/tools/test_intersect.py" /></properties><environment framework-version="3.6.2" clr-version="3.11.7 (main, Dec  4 2023, 18:10:11) [Clang 15.0.0 (clang-1500.1.0.2.5)]" os-version="23.3.0" platform="Darwin" cwd="/Users/ruud.wijtvliet/python/portfolyo" machine-name="arm64" user="" user-domain="" culture="en-US" uiculture="en-US" os-architecture="64bit" /><failure><message><![CDATA[]]></message><stack-trace><![CDATA[None]]></stack-trace></failure><reason><message><![CDATA[]]></message></reason><output><![CDATA[]]></output></test-case><test-case id="423" name="tests/tools/test_intersect.py::test_intersect_distinctfreq[startdates8-QS-2020-04-01-06:00-fr-Asia/Kolkata]" fullname="tests/tools/test_intersect.py::test_intersect_distinctfreq[startdates8-QS-2020-04-01-06:00-fr-Asia/Kolkata]" methodname="test_intersect_distinctfreq[startdates8-QS-2020-04-01-06:00-fr-Asia/Kolkata]" classname="tests/tools/test_intersect.py" runstate="Runnable" seed="1" result="Passed" label="Test if intersection of indices with distinct frequencies gives correct result." start-time="2024-02-05 13:01:39.777776" end-time="2024-02-05 13:01:39.778568" duration="0.000792" asserts="0"><properties><property name="python-version" value="3.11.7 (main, Dec  4 2023, 18:10:11) [Clang 15.0.0 (clang-1500.1.0.2.5)]" /><property name="fspath" value="tests/tools/test_intersect.py" /></properties><environment framework-version="3.6.2" clr-version="3.11.7 (main, Dec  4 2023, 18:10:11) [Clang 15.0.0 (clang-1500.1.0.2.5)]" os-version="23.3.0" platform="Darwin" cwd="/Users/ruud.wijtvliet/python/portfolyo" machine-name="arm64" user="" user-domain="" culture="en-US" uiculture="en-US" os-architecture="64bit" /><failure><message><![CDATA[]]></message><stack-trace><![CDATA[None]]></stack-trace></failure><reason><message><![CDATA[]]></message></reason><output><![CDATA[]]></output></test-case><test-case id="424" name="tests/tools/test_intersect.py::test_intersect_distinctfreq[startdates9-QS-2020-04-01-00:00-idx-None]" fullname="tests/tools/test_intersect.py::test_intersect_distinctfreq[startdates9-QS-2020-04-01-00:00-idx-None]" methodname="test_intersect_distinctfreq[startdates9-QS-2020-04-01-00:00-idx-None]" classname="tests/tools/test_intersect.py" runstate="Runnable" seed="1" result="Passed" label="Test if intersection of indices with distinct frequencies gives correct result." start-time="2024-02-05 13:01:39.778986" end-time="2024-02-05 13:01:39.779428" duration="0.000442" asserts="0"><properties><property name="python-version" value="3.11.7 (main, Dec  4 2023, 18:10:11) [Clang 15.0.0 (clang-1500.1.0.2.5)]" /><property name="fspath" value="tests/tools/test_intersect.py" /></properties><environment framework-version="3.6.2" clr-version="3.11.7 (main, Dec  4 2023, 18:10:11) [Clang 15.0.0 (clang-1500.1.0.2.5)]" os-version="23.3.0" platform="Darwin" cwd="/Users/ruud.wijtvliet/python/portfolyo" machine-name="arm64" user="" user-domain="" culture="en-US" uiculture="en-US" os-architecture="64bit" /><failure><message><![CDATA[]]></message><stack-trace><![CDATA[None]]></stack-trace></failure><reason><message><![CDATA[]]></message></reason><output><![CDATA[]]></output></test-case><test-case id="425" name="tests/tools/test_intersect.py::test_intersect_distinctfreq[startdates9-QS-2020-04-01-00:00-idx-Europe/Berlin]" fullname="tests/tools/test_intersect.py::test_intersect_distinctfreq[startdates9-QS-2020-04-01-00:00-idx-Europe/Berlin]" methodname="test_intersect_distinctfreq[startdates9-QS-2020-04-01-00:00-idx-Europe/Berlin]" classname="tests/tools/test_intersect.py" runstate="Runnable" seed="1" result="Passed" label="Test if intersection of indices with distinct frequencies gives correct result." start-time="2024-02-05 13:01:39.779862" end-time="2024-02-05 13:01:39.780984" duration="0.001122" asserts="0"><properties><property name="python-version" value="3.11.7 (main, Dec  4 2023, 18:10:11) [Clang 15.0.0 (clang-1500.1.0.2.5)]" /><property name="fspath" value="tests/tools/test_intersect.py" /></properties><environment framework-version="3.6.2" clr-version="3.11.7 (main, Dec  4 2023, 18:10:11) [Clang 15.0.0 (clang-1500.1.0.2.5)]" os-version="23.3.0" platform="Darwin" cwd="/Users/ruud.wijtvliet/python/portfolyo" machine-name="arm64" user="" user-domain="" culture="en-US" uiculture="en-US" os-architecture="64bit" /><failure><message><![CDATA[]]></message><stack-trace><![CDATA[None]]></stack-trace></failure><reason><message><![CDATA[]]></message></reason><output><![CDATA[]]></output></test-case><test-case id="426" name="tests/tools/test_intersect.py::test_intersect_distinctfreq[startdates9-QS-2020-04-01-00:00-idx-Asia/Kolkata]" fullname="tests/tools/test_intersect.py::test_intersect_distinctfreq[startdates9-QS-2020-04-01-00:00-idx-Asia/Kolkata]" methodname="test_intersect_distinctfreq[startdates9-QS-2020-04-01-00:00-idx-Asia/Kolkata]" classname="tests/tools/test_intersect.py" runstate="Runnable" seed="1" result="Passed" label="Test if intersection of indices with distinct frequencies gives correct result." start-time="2024-02-05 13:01:39.781587" end-time="2024-02-05 13:01:39.782400" duration="0.000813" asserts="0"><properties><property name="python-version" value="3.11.7 (main, Dec  4 2023, 18:10:11) [Clang 15.0.0 (clang-1500.1.0.2.5)]" /><property name="fspath" value="tests/tools/test_intersect.py" /></properties><environment framework-version="3.6.2" clr-version="3.11.7 (main, Dec  4 2023, 18:10:11) [Clang 15.0.0 (clang-1500.1.0.2.5)]" os-version="23.3.0" platform="Darwin" cwd="/Users/ruud.wijtvliet/python/portfolyo" machine-name="arm64" user="" user-domain="" culture="en-US" uiculture="en-US" os-architecture="64bit" /><failure><message><![CDATA[]]></message><stack-trace><![CDATA[None]]></stack-trace></failure><reason><message><![CDATA[]]></message></reason><output><![CDATA[]]></output></test-case><test-case id="427" name="tests/tools/test_intersect.py::test_intersect_distinctfreq[startdates9-QS-2020-04-01-00:00-fr-None]" fullname="tests/tools/test_intersect.py::test_intersect_distinctfreq[startdates9-QS-2020-04-01-00:00-fr-None]" methodname="test_intersect_distinctfreq[startdates9-QS-2020-04-01-00:00-fr-None]" classname="tests/tools/test_intersect.py" runstate="Runnable" seed="1" result="Passed" label="Test if intersection of indices with distinct frequencies gives correct result." start-time="2024-02-05 13:01:39.782928" end-time="2024-02-05 13:01:39.783735" duration="0.000807" asserts="0"><properties><property name="python-version" value="3.11.7 (main, Dec  4 2023, 18:10:11) [Clang 15.0.0 (clang-1500.1.0.2.5)]" /><property name="fspath" value="tests/tools/test_intersect.py" /></properties><environment framework-version="3.6.2" clr-version="3.11.7 (main, Dec  4 2023, 18:10:11) [Clang 15.0.0 (clang-1500.1.0.2.5)]" os-version="23.3.0" platform="Darwin" cwd="/Users/ruud.wijtvliet/python/portfolyo" machine-name="arm64" user="" user-domain="" culture="en-US" uiculture="en-US" os-architecture="64bit" /><failure><message><![CDATA[]]></message><stack-trace><![CDATA[None]]></stack-trace></failure><reason><message><![CDATA[]]></message></reason><output><![CDATA[]]></output></test-case><test-case id="428" name="tests/tools/test_intersect.py::test_intersect_distinctfreq[startdates9-QS-2020-04-01-00:00-fr-Europe/Berlin]" fullname="tests/tools/test_intersect.py::test_intersect_distinctfreq[startdates9-QS-2020-04-01-00:00-fr-Europe/Berlin]" methodname="test_intersect_distinctfreq[startdates9-QS-2020-04-01-00:00-fr-Europe/Berlin]" classname="tests/tools/test_intersect.py" runstate="Runnable" seed="1" result="Passed" label="Test if intersection of indices with distinct frequencies gives correct result." start-time="2024-02-05 13:01:39.784262" end-time="2024-02-05 13:01:39.785268" duration="0.001006" asserts="0"><properties><property name="python-version" value="3.11.7 (main, Dec  4 2023, 18:10:11) [Clang 15.0.0 (clang-1500.1.0.2.5)]" /><property name="fspath" value="tests/tools/test_intersect.py" /></properties><environment framework-version="3.6.2" clr-version="3.11.7 (main, Dec  4 2023, 18:10:11) [Clang 15.0.0 (clang-1500.1.0.2.5)]" os-version="23.3.0" platform="Darwin" cwd="/Users/ruud.wijtvliet/python/portfolyo" machine-name="arm64" user="" user-domain="" culture="en-US" uiculture="en-US" os-architecture="64bit" /><failure><message><![CDATA[]]></message><stack-trace><![CDATA[None]]></stack-trace></failure><reason><message><![CDATA[]]></message></reason><output><![CDATA[]]></output></test-case><test-case id="429" name="tests/tools/test_intersect.py::test_intersect_distinctfreq[startdates9-QS-2020-04-01-00:00-fr-Asia/Kolkata]" fullname="tests/tools/test_intersect.py::test_intersect_distinctfreq[startdates9-QS-2020-04-01-00:00-fr-Asia/Kolkata]" methodname="test_intersect_distinctfreq[startdates9-QS-2020-04-01-00:00-fr-Asia/Kolkata]" classname="tests/tools/test_intersect.py" runstate="Runnable" seed="1" result="Passed" label="Test if intersection of indices with distinct frequencies gives correct result." start-time="2024-02-05 13:01:39.785711" end-time="2024-02-05 13:01:39.786557" duration="0.000846" asserts="0"><properties><property name="python-version" value="3.11.7 (main, Dec  4 2023, 18:10:11) [Clang 15.0.0 (clang-1500.1.0.2.5)]" /><property name="fspath" value="tests/tools/test_intersect.py" /></properties><environment framework-version="3.6.2" clr-version="3.11.7 (main, Dec  4 2023, 18:10:11) [Clang 15.0.0 (clang-1500.1.0.2.5)]" os-version="23.3.0" platform="Darwin" cwd="/Users/ruud.wijtvliet/python/portfolyo" machine-name="arm64" user="" user-domain="" culture="en-US" uiculture="en-US" os-architecture="64bit" /><failure><message><![CDATA[]]></message><stack-trace><![CDATA[None]]></stack-trace></failure><reason><message><![CDATA[]]></message></reason><output><![CDATA[]]></output></test-case><test-case id="430" name="tests/tools/test_intersect.py::test_intersect_distinctfreq[startdates9-QS-2020-04-01-06:00-idx-None]" fullname="tests/tools/test_intersect.py::test_intersect_distinctfreq[startdates9-QS-2020-04-01-06:00-idx-None]" methodname="test_intersect_distinctfreq[startdates9-QS-2020-04-01-06:00-idx-None]" classname="tests/tools/test_intersect.py" runstate="Runnable" seed="1" result="Passed" label="Test if intersection of indices with distinct frequencies gives correct result." start-time="2024-02-05 13:01:39.787009" end-time="2024-02-05 13:01:39.787511" duration="0.000502" asserts="0"><properties><property name="python-version" value="3.11.7 (main, Dec  4 2023, 18:10:11) [Clang 15.0.0 (clang-1500.1.0.2.5)]" /><property name="fspath" value="tests/tools/test_intersect.py" /></properties><environment framework-version="3.6.2" clr-version="3.11.7 (main, Dec  4 2023, 18:10:11) [Clang 15.0.0 (clang-1500.1.0.2.5)]" os-version="23.3.0" platform="Darwin" cwd="/Users/ruud.wijtvliet/python/portfolyo" machine-name="arm64" user="" user-domain="" culture="en-US" uiculture="en-US" os-architecture="64bit" /><failure><message><![CDATA[]]></message><stack-trace><![CDATA[None]]></stack-trace></failure><reason><message><![CDATA[]]></message></reason><output><![CDATA[]]></output></test-case><test-case id="431" name="tests/tools/test_intersect.py::test_intersect_distinctfreq[startdates9-QS-2020-04-01-06:00-idx-Europe/Berlin]" fullname="tests/tools/test_intersect.py::test_intersect_distinctfreq[startdates9-QS-2020-04-01-06:00-idx-Europe/Berlin]" methodname="test_intersect_distinctfreq[startdates9-QS-2020-04-01-06:00-idx-Europe/Berlin]" classname="tests/tools/test_intersect.py" runstate="Runnable" seed="1" result="Passed" label="Test if intersection of indices with distinct frequencies gives correct result." start-time="2024-02-05 13:01:39.787985" end-time="2024-02-05 13:01:39.788734" duration="0.000749" asserts="0"><properties><property name="python-version" value="3.11.7 (main, Dec  4 2023, 18:10:11) [Clang 15.0.0 (clang-1500.1.0.2.5)]" /><property name="fspath" value="tests/tools/test_intersect.py" /></properties><environment framework-version="3.6.2" clr-version="3.11.7 (main, Dec  4 2023, 18:10:11) [Clang 15.0.0 (clang-1500.1.0.2.5)]" os-version="23.3.0" platform="Darwin" cwd="/Users/ruud.wijtvliet/python/portfolyo" machine-name="arm64" user="" user-domain="" culture="en-US" uiculture="en-US" os-architecture="64bit" /><failure><message><![CDATA[]]></message><stack-trace><![CDATA[None]]></stack-trace></failure><reason><message><![CDATA[]]></message></reason><output><![CDATA[]]></output></test-case><test-case id="432" name="tests/tools/test_intersect.py::test_intersect_distinctfreq[startdates9-QS-2020-04-01-06:00-idx-Asia/Kolkata]" fullname="tests/tools/test_intersect.py::test_intersect_distinctfreq[startdates9-QS-2020-04-01-06:00-idx-Asia/Kolkata]" methodname="test_intersect_distinctfreq[startdates9-QS-2020-04-01-06:00-idx-Asia/Kolkata]" classname="tests/tools/test_intersect.py" runstate="Runnable" seed="1" result="Passed" label="Test if intersection of indices with distinct frequencies gives correct result." start-time="2024-02-05 13:01:39.789197" end-time="2024-02-05 13:01:39.789866" duration="0.000669" asserts="0"><properties><property name="python-version" value="3.11.7 (main, Dec  4 2023, 18:10:11) [Clang 15.0.0 (clang-1500.1.0.2.5)]" /><property name="fspath" value="tests/tools/test_intersect.py" /></properties><environment framework-version="3.6.2" clr-version="3.11.7 (main, Dec  4 2023, 18:10:11) [Clang 15.0.0 (clang-1500.1.0.2.5)]" os-version="23.3.0" platform="Darwin" cwd="/Users/ruud.wijtvliet/python/portfolyo" machine-name="arm64" user="" user-domain="" culture="en-US" uiculture="en-US" os-architecture="64bit" /><failure><message><![CDATA[]]></message><stack-trace><![CDATA[None]]></stack-trace></failure><reason><message><![CDATA[]]></message></reason><output><![CDATA[]]></output></test-case><test-case id="433" name="tests/tools/test_intersect.py::test_intersect_distinctfreq[startdates9-QS-2020-04-01-06:00-fr-None]" fullname="tests/tools/test_intersect.py::test_intersect_distinctfreq[startdates9-QS-2020-04-01-06:00-fr-None]" methodname="test_intersect_distinctfreq[startdates9-QS-2020-04-01-06:00-fr-None]" classname="tests/tools/test_intersect.py" runstate="Runnable" seed="1" result="Passed" label="Test if intersection of indices with distinct frequencies gives correct result." start-time="2024-02-05 13:01:39.790294" end-time="2024-02-05 13:01:39.790922" duration="0.000628" asserts="0"><properties><property name="python-version" value="3.11.7 (main, Dec  4 2023, 18:10:11) [Clang 15.0.0 (clang-1500.1.0.2.5)]" /><property name="fspath" value="tests/tools/test_intersect.py" /></properties><environment framework-version="3.6.2" clr-version="3.11.7 (main, Dec  4 2023, 18:10:11) [Clang 15.0.0 (clang-1500.1.0.2.5)]" os-version="23.3.0" platform="Darwin" cwd="/Users/ruud.wijtvliet/python/portfolyo" machine-name="arm64" user="" user-domain="" culture="en-US" uiculture="en-US" os-architecture="64bit" /><failure><message><![CDATA[]]></message><stack-trace><![CDATA[None]]></stack-trace></failure><reason><message><![CDATA[]]></message></reason><output><![CDATA[]]></output></test-case><test-case id="434" name="tests/tools/test_intersect.py::test_intersect_distinctfreq[startdates9-QS-2020-04-01-06:00-fr-Europe/Berlin]" fullname="tests/tools/test_intersect.py::test_intersect_distinctfreq[startdates9-QS-2020-04-01-06:00-fr-Europe/Berlin]" methodname="test_intersect_distinctfreq[startdates9-QS-2020-04-01-06:00-fr-Europe/Berlin]" classname="tests/tools/test_intersect.py" runstate="Runnable" seed="1" result="Passed" label="Test if intersection of indices with distinct frequencies gives correct result." start-time="2024-02-05 13:01:39.791356" end-time="2024-02-05 13:01:39.792291" duration="0.000935" asserts="0"><properties><property name="python-version" value="3.11.7 (main, Dec  4 2023, 18:10:11) [Clang 15.0.0 (clang-1500.1.0.2.5)]" /><property name="fspath" value="tests/tools/test_intersect.py" /></properties><environment framework-version="3.6.2" clr-version="3.11.7 (main, Dec  4 2023, 18:10:11) [Clang 15.0.0 (clang-1500.1.0.2.5)]" os-version="23.3.0" platform="Darwin" cwd="/Users/ruud.wijtvliet/python/portfolyo" machine-name="arm64" user="" user-domain="" culture="en-US" uiculture="en-US" os-architecture="64bit" /><failure><message><![CDATA[]]></message><stack-trace><![CDATA[None]]></stack-trace></failure><reason><message><![CDATA[]]></message></reason><output><![CDATA[]]></output></test-case><test-case id="435" name="tests/tools/test_intersect.py::test_intersect_distinctfreq[startdates9-QS-2020-04-01-06:00-fr-Asia/Kolkata]" fullname="tests/tools/test_intersect.py::test_intersect_distinctfreq[startdates9-QS-2020-04-01-06:00-fr-Asia/Kolkata]" methodname="test_intersect_distinctfreq[startdates9-QS-2020-04-01-06:00-fr-Asia/Kolkata]" classname="tests/tools/test_intersect.py" runstate="Runnable" seed="1" result="Passed" label="Test if intersection of indices with distinct frequencies gives correct result." start-time="2024-02-05 13:01:39.792733" end-time="2024-02-05 13:01:39.793593" duration="0.00086" asserts="0"><properties><property name="python-version" value="3.11.7 (main, Dec  4 2023, 18:10:11) [Clang 15.0.0 (clang-1500.1.0.2.5)]" /><property name="fspath" value="tests/tools/test_intersect.py" /></properties><environment framework-version="3.6.2" clr-version="3.11.7 (main, Dec  4 2023, 18:10:11) [Clang 15.0.0 (clang-1500.1.0.2.5)]" os-version="23.3.0" platform="Darwin" cwd="/Users/ruud.wijtvliet/python/portfolyo" machine-name="arm64" user="" user-domain="" culture="en-US" uiculture="en-US" os-architecture="64bit" /><failure><message><![CDATA[]]></message><stack-trace><![CDATA[None]]></stack-trace></failure><reason><message><![CDATA[]]></message></reason><output><![CDATA[]]></output></test-case><test-case id="436" name="tests/tools/test_intersect.py::test_intersect_distinctfreq[startdates10-AS-2021-01-01-00:00-idx-None]" fullname="tests/tools/test_intersect.py::test_intersect_distinctfreq[startdates10-AS-2021-01-01-00:00-idx-None]" methodname="test_intersect_distinctfreq[startdates10-AS-2021-01-01-00:00-idx-None]" classname="tests/tools/test_intersect.py" runstate="Runnable" seed="1" result="Passed" label="Test if intersection of indices with distinct frequencies gives correct result." start-time="2024-02-05 13:01:39.794025" end-time="2024-02-05 13:01:39.794466" duration="0.000441" asserts="0"><properties><property name="python-version" value="3.11.7 (main, Dec  4 2023, 18:10:11) [Clang 15.0.0 (clang-1500.1.0.2.5)]" /><property name="fspath" value="tests/tools/test_intersect.py" /></properties><environment framework-version="3.6.2" clr-version="3.11.7 (main, Dec  4 2023, 18:10:11) [Clang 15.0.0 (clang-1500.1.0.2.5)]" os-version="23.3.0" platform="Darwin" cwd="/Users/ruud.wijtvliet/python/portfolyo" machine-name="arm64" user="" user-domain="" culture="en-US" uiculture="en-US" os-architecture="64bit" /><failure><message><![CDATA[]]></message><stack-trace><![CDATA[None]]></stack-trace></failure><reason><message><![CDATA[]]></message></reason><output><![CDATA[]]></output></test-case><test-case id="437" name="tests/tools/test_intersect.py::test_intersect_distinctfreq[startdates10-AS-2021-01-01-00:00-idx-Europe/Berlin]" fullname="tests/tools/test_intersect.py::test_intersect_distinctfreq[startdates10-AS-2021-01-01-00:00-idx-Europe/Berlin]" methodname="test_intersect_distinctfreq[startdates10-AS-2021-01-01-00:00-idx-Europe/Berlin]" classname="tests/tools/test_intersect.py" runstate="Runnable" seed="1" result="Passed" label="Test if intersection of indices with distinct frequencies gives correct result." start-time="2024-02-05 13:01:39.794883" end-time="2024-02-05 13:01:39.795509" duration="0.000626" asserts="0"><properties><property name="python-version" value="3.11.7 (main, Dec  4 2023, 18:10:11) [Clang 15.0.0 (clang-1500.1.0.2.5)]" /><property name="fspath" value="tests/tools/test_intersect.py" /></properties><environment framework-version="3.6.2" clr-version="3.11.7 (main, Dec  4 2023, 18:10:11) [Clang 15.0.0 (clang-1500.1.0.2.5)]" os-version="23.3.0" platform="Darwin" cwd="/Users/ruud.wijtvliet/python/portfolyo" machine-name="arm64" user="" user-domain="" culture="en-US" uiculture="en-US" os-architecture="64bit" /><failure><message><![CDATA[]]></message><stack-trace><![CDATA[None]]></stack-trace></failure><reason><message><![CDATA[]]></message></reason><output><![CDATA[]]></output></test-case><test-case id="438" name="tests/tools/test_intersect.py::test_intersect_distinctfreq[startdates10-AS-2021-01-01-00:00-idx-Asia/Kolkata]" fullname="tests/tools/test_intersect.py::test_intersect_distinctfreq[startdates10-AS-2021-01-01-00:00-idx-Asia/Kolkata]" methodname="test_intersect_distinctfreq[startdates10-AS-2021-01-01-00:00-idx-Asia/Kolkata]" classname="tests/tools/test_intersect.py" runstate="Runnable" seed="1" result="Passed" label="Test if intersection of indices with distinct frequencies gives correct result." start-time="2024-02-05 13:01:39.795944" end-time="2024-02-05 13:01:39.796524" duration="0.00058" asserts="0"><properties><property name="python-version" value="3.11.7 (main, Dec  4 2023, 18:10:11) [Clang 15.0.0 (clang-1500.1.0.2.5)]" /><property name="fspath" value="tests/tools/test_intersect.py" /></properties><environment framework-version="3.6.2" clr-version="3.11.7 (main, Dec  4 2023, 18:10:11) [Clang 15.0.0 (clang-1500.1.0.2.5)]" os-version="23.3.0" platform="Darwin" cwd="/Users/ruud.wijtvliet/python/portfolyo" machine-name="arm64" user="" user-domain="" culture="en-US" uiculture="en-US" os-architecture="64bit" /><failure><message><![CDATA[]]></message><stack-trace><![CDATA[None]]></stack-trace></failure><reason><message><![CDATA[]]></message></reason><output><![CDATA[]]></output></test-case><test-case id="439" name="tests/tools/test_intersect.py::test_intersect_distinctfreq[startdates10-AS-2021-01-01-00:00-fr-None]" fullname="tests/tools/test_intersect.py::test_intersect_distinctfreq[startdates10-AS-2021-01-01-00:00-fr-None]" methodname="test_intersect_distinctfreq[startdates10-AS-2021-01-01-00:00-fr-None]" classname="tests/tools/test_intersect.py" runstate="Runnable" seed="1" result="Passed" label="Test if intersection of indices with distinct frequencies gives correct result." start-time="2024-02-05 13:01:39.796951" end-time="2024-02-05 13:01:39.797593" duration="0.000642" asserts="0"><properties><property name="python-version" value="3.11.7 (main, Dec  4 2023, 18:10:11) [Clang 15.0.0 (clang-1500.1.0.2.5)]" /><property name="fspath" value="tests/tools/test_intersect.py" /></properties><environment framework-version="3.6.2" clr-version="3.11.7 (main, Dec  4 2023, 18:10:11) [Clang 15.0.0 (clang-1500.1.0.2.5)]" os-version="23.3.0" platform="Darwin" cwd="/Users/ruud.wijtvliet/python/portfolyo" machine-name="arm64" user="" user-domain="" culture="en-US" uiculture="en-US" os-architecture="64bit" /><failure><message><![CDATA[]]></message><stack-trace><![CDATA[None]]></stack-trace></failure><reason><message><![CDATA[]]></message></reason><output><![CDATA[]]></output></test-case><test-case id="440" name="tests/tools/test_intersect.py::test_intersect_distinctfreq[startdates10-AS-2021-01-01-00:00-fr-Europe/Berlin]" fullname="tests/tools/test_intersect.py::test_intersect_distinctfreq[startdates10-AS-2021-01-01-00:00-fr-Europe/Berlin]" methodname="test_intersect_distinctfreq[startdates10-AS-2021-01-01-00:00-fr-Europe/Berlin]" classname="tests/tools/test_intersect.py" runstate="Runnable" seed="1" result="Passed" label="Test if intersection of indices with distinct frequencies gives correct result." start-time="2024-02-05 13:01:39.798038" end-time="2024-02-05 13:01:39.798856" duration="0.000818" asserts="0"><properties><property name="python-version" value="3.11.7 (main, Dec  4 2023, 18:10:11) [Clang 15.0.0 (clang-1500.1.0.2.5)]" /><property name="fspath" value="tests/tools/test_intersect.py" /></properties><environment framework-version="3.6.2" clr-version="3.11.7 (main, Dec  4 2023, 18:10:11) [Clang 15.0.0 (clang-1500.1.0.2.5)]" os-version="23.3.0" platform="Darwin" cwd="/Users/ruud.wijtvliet/python/portfolyo" machine-name="arm64" user="" user-domain="" culture="en-US" uiculture="en-US" os-architecture="64bit" /><failure><message><![CDATA[]]></message><stack-trace><![CDATA[None]]></stack-trace></failure><reason><message><![CDATA[]]></message></reason><output><![CDATA[]]></output></test-case><test-case id="441" name="tests/tools/test_intersect.py::test_intersect_distinctfreq[startdates10-AS-2021-01-01-00:00-fr-Asia/Kolkata]" fullname="tests/tools/test_intersect.py::test_intersect_distinctfreq[startdates10-AS-2021-01-01-00:00-fr-Asia/Kolkata]" methodname="test_intersect_distinctfreq[startdates10-AS-2021-01-01-00:00-fr-Asia/Kolkata]" classname="tests/tools/test_intersect.py" runstate="Runnable" seed="1" result="Passed" label="Test if intersection of indices with distinct frequencies gives correct result." start-time="2024-02-05 13:01:39.799325" end-time="2024-02-05 13:01:39.800123" duration="0.000798" asserts="0"><properties><property name="python-version" value="3.11.7 (main, Dec  4 2023, 18:10:11) [Clang 15.0.0 (clang-1500.1.0.2.5)]" /><property name="fspath" value="tests/tools/test_intersect.py" /></properties><environment framework-version="3.6.2" clr-version="3.11.7 (main, Dec  4 2023, 18:10:11) [Clang 15.0.0 (clang-1500.1.0.2.5)]" os-version="23.3.0" platform="Darwin" cwd="/Users/ruud.wijtvliet/python/portfolyo" machine-name="arm64" user="" user-domain="" culture="en-US" uiculture="en-US" os-architecture="64bit" /><failure><message><![CDATA[]]></message><stack-trace><![CDATA[None]]></stack-trace></failure><reason><message><![CDATA[]]></message></reason><output><![CDATA[]]></output></test-case><test-case id="442" name="tests/tools/test_intersect.py::test_intersect_distinctfreq[startdates10-AS-2021-01-01-06:00-idx-None]" fullname="tests/tools/test_intersect.py::test_intersect_distinctfreq[startdates10-AS-2021-01-01-06:00-idx-None]" methodname="test_intersect_distinctfreq[startdates10-AS-2021-01-01-06:00-idx-None]" classname="tests/tools/test_intersect.py" runstate="Runnable" seed="1" result="Passed" label="Test if intersection of indices with distinct frequencies gives correct result." start-time="2024-02-05 13:01:39.800673" end-time="2024-02-05 13:01:39.801214" duration="0.000541" asserts="0"><properties><property name="python-version" value="3.11.7 (main, Dec  4 2023, 18:10:11) [Clang 15.0.0 (clang-1500.1.0.2.5)]" /><property name="fspath" value="tests/tools/test_intersect.py" /></properties><environment framework-version="3.6.2" clr-version="3.11.7 (main, Dec  4 2023, 18:10:11) [Clang 15.0.0 (clang-1500.1.0.2.5)]" os-version="23.3.0" platform="Darwin" cwd="/Users/ruud.wijtvliet/python/portfolyo" machine-name="arm64" user="" user-domain="" culture="en-US" uiculture="en-US" os-architecture="64bit" /><failure><message><![CDATA[]]></message><stack-trace><![CDATA[None]]></stack-trace></failure><reason><message><![CDATA[]]></message></reason><output><![CDATA[]]></output></test-case><test-case id="443" name="tests/tools/test_intersect.py::test_intersect_distinctfreq[startdates10-AS-2021-01-01-06:00-idx-Europe/Berlin]" fullname="tests/tools/test_intersect.py::test_intersect_distinctfreq[startdates10-AS-2021-01-01-06:00-idx-Europe/Berlin]" methodname="test_intersect_distinctfreq[startdates10-AS-2021-01-01-06:00-idx-Europe/Berlin]" classname="tests/tools/test_intersect.py" runstate="Runnable" seed="1" result="Passed" label="Test if intersection of indices with distinct frequencies gives correct result." start-time="2024-02-05 13:01:39.801739" end-time="2024-02-05 13:01:39.802428" duration="0.000689" asserts="0"><properties><property name="python-version" value="3.11.7 (main, Dec  4 2023, 18:10:11) [Clang 15.0.0 (clang-1500.1.0.2.5)]" /><property name="fspath" value="tests/tools/test_intersect.py" /></properties><environment framework-version="3.6.2" clr-version="3.11.7 (main, Dec  4 2023, 18:10:11) [Clang 15.0.0 (clang-1500.1.0.2.5)]" os-version="23.3.0" platform="Darwin" cwd="/Users/ruud.wijtvliet/python/portfolyo" machine-name="arm64" user="" user-domain="" culture="en-US" uiculture="en-US" os-architecture="64bit" /><failure><message><![CDATA[]]></message><stack-trace><![CDATA[None]]></stack-trace></failure><reason><message><![CDATA[]]></message></reason><output><![CDATA[]]></output></test-case><test-case id="444" name="tests/tools/test_intersect.py::test_intersect_distinctfreq[startdates10-AS-2021-01-01-06:00-idx-Asia/Kolkata]" fullname="tests/tools/test_intersect.py::test_intersect_distinctfreq[startdates10-AS-2021-01-01-06:00-idx-Asia/Kolkata]" methodname="test_intersect_distinctfreq[startdates10-AS-2021-01-01-06:00-idx-Asia/Kolkata]" classname="tests/tools/test_intersect.py" runstate="Runnable" seed="1" result="Passed" label="Test if intersection of indices with distinct frequencies gives correct result." start-time="2024-02-05 13:01:39.802919" end-time="2024-02-05 13:01:39.803537" duration="0.000618" asserts="0"><properties><property name="python-version" value="3.11.7 (main, Dec  4 2023, 18:10:11) [Clang 15.0.0 (clang-1500.1.0.2.5)]" /><property name="fspath" value="tests/tools/test_intersect.py" /></properties><environment framework-version="3.6.2" clr-version="3.11.7 (main, Dec  4 2023, 18:10:11) [Clang 15.0.0 (clang-1500.1.0.2.5)]" os-version="23.3.0" platform="Darwin" cwd="/Users/ruud.wijtvliet/python/portfolyo" machine-name="arm64" user="" user-domain="" culture="en-US" uiculture="en-US" os-architecture="64bit" /><failure><message><![CDATA[]]></message><stack-trace><![CDATA[None]]></stack-trace></failure><reason><message><![CDATA[]]></message></reason><output><![CDATA[]]></output></test-case><test-case id="445" name="tests/tools/test_intersect.py::test_intersect_distinctfreq[startdates10-AS-2021-01-01-06:00-fr-None]" fullname="tests/tools/test_intersect.py::test_intersect_distinctfreq[startdates10-AS-2021-01-01-06:00-fr-None]" methodname="test_intersect_distinctfreq[startdates10-AS-2021-01-01-06:00-fr-None]" classname="tests/tools/test_intersect.py" runstate="Runnable" seed="1" result="Passed" label="Test if intersection of indices with distinct frequencies gives correct result." start-time="2024-02-05 13:01:39.804128" end-time="2024-02-05 13:01:39.804980" duration="0.000852" asserts="0"><properties><property name="python-version" value="3.11.7 (main, Dec  4 2023, 18:10:11) [Clang 15.0.0 (clang-1500.1.0.2.5)]" /><property name="fspath" value="tests/tools/test_intersect.py" /></properties><environment framework-version="3.6.2" clr-version="3.11.7 (main, Dec  4 2023, 18:10:11) [Clang 15.0.0 (clang-1500.1.0.2.5)]" os-version="23.3.0" platform="Darwin" cwd="/Users/ruud.wijtvliet/python/portfolyo" machine-name="arm64" user="" user-domain="" culture="en-US" uiculture="en-US" os-architecture="64bit" /><failure><message><![CDATA[]]></message><stack-trace><![CDATA[None]]></stack-trace></failure><reason><message><![CDATA[]]></message></reason><output><![CDATA[]]></output></test-case><test-case id="446" name="tests/tools/test_intersect.py::test_intersect_distinctfreq[startdates10-AS-2021-01-01-06:00-fr-Europe/Berlin]" fullname="tests/tools/test_intersect.py::test_intersect_distinctfreq[startdates10-AS-2021-01-01-06:00-fr-Europe/Berlin]" methodname="test_intersect_distinctfreq[startdates10-AS-2021-01-01-06:00-fr-Europe/Berlin]" classname="tests/tools/test_intersect.py" runstate="Runnable" seed="1" result="Passed" label="Test if intersection of indices with distinct frequencies gives correct result." start-time="2024-02-05 13:01:39.805437" end-time="2024-02-05 13:01:39.806206" duration="0.000769" asserts="0"><properties><property name="python-version" value="3.11.7 (main, Dec  4 2023, 18:10:11) [Clang 15.0.0 (clang-1500.1.0.2.5)]" /><property name="fspath" value="tests/tools/test_intersect.py" /></properties><environment framework-version="3.6.2" clr-version="3.11.7 (main, Dec  4 2023, 18:10:11) [Clang 15.0.0 (clang-1500.1.0.2.5)]" os-version="23.3.0" platform="Darwin" cwd="/Users/ruud.wijtvliet/python/portfolyo" machine-name="arm64" user="" user-domain="" culture="en-US" uiculture="en-US" os-architecture="64bit" /><failure><message><![CDATA[]]></message><stack-trace><![CDATA[None]]></stack-trace></failure><reason><message><![CDATA[]]></message></reason><output><![CDATA[]]></output></test-case><test-case id="447" name="tests/tools/test_intersect.py::test_intersect_distinctfreq[startdates10-AS-2021-01-01-06:00-fr-Asia/Kolkata]" fullname="tests/tools/test_intersect.py::test_intersect_distinctfreq[startdates10-AS-2021-01-01-06:00-fr-Asia/Kolkata]" methodname="test_intersect_distinctfreq[startdates10-AS-2021-01-01-06:00-fr-Asia/Kolkata]" classname="tests/tools/test_intersect.py" runstate="Runnable" seed="1" result="Passed" label="Test if intersection of indices with distinct frequencies gives correct result." start-time="2024-02-05 13:01:39.806634" end-time="2024-02-05 13:01:39.807365" duration="0.000731" asserts="0"><properties><property name="python-version" value="3.11.7 (main, Dec  4 2023, 18:10:11) [Clang 15.0.0 (clang-1500.1.0.2.5)]" /><property name="fspath" value="tests/tools/test_intersect.py" /></properties><environment framework-version="3.6.2" clr-version="3.11.7 (main, Dec  4 2023, 18:10:11) [Clang 15.0.0 (clang-1500.1.0.2.5)]" os-version="23.3.0" platform="Darwin" cwd="/Users/ruud.wijtvliet/python/portfolyo" machine-name="arm64" user="" user-domain="" culture="en-US" uiculture="en-US" os-architecture="64bit" /><failure><message><![CDATA[]]></message><stack-trace><![CDATA[None]]></stack-trace></failure><reason><message><![CDATA[]]></message></reason><output><![CDATA[]]></output></test-case><test-case id="448" name="tests/tools/test_intersect.py::test_intersect_distinctfreq[startdates11-AS-2021-01-01-00:00-idx-None]" fullname="tests/tools/test_intersect.py::test_intersect_distinctfreq[startdates11-AS-2021-01-01-00:00-idx-None]" methodname="test_intersect_distinctfreq[startdates11-AS-2021-01-01-00:00-idx-None]" classname="tests/tools/test_intersect.py" runstate="Runnable" seed="1" result="Passed" label="Test if intersection of indices with distinct frequencies gives correct result." start-time="2024-02-05 13:01:39.807796" end-time="2024-02-05 13:01:39.808223" duration="0.000427" asserts="0"><properties><property name="python-version" value="3.11.7 (main, Dec  4 2023, 18:10:11) [Clang 15.0.0 (clang-1500.1.0.2.5)]" /><property name="fspath" value="tests/tools/test_intersect.py" /></properties><environment framework-version="3.6.2" clr-version="3.11.7 (main, Dec  4 2023, 18:10:11) [Clang 15.0.0 (clang-1500.1.0.2.5)]" os-version="23.3.0" platform="Darwin" cwd="/Users/ruud.wijtvliet/python/portfolyo" machine-name="arm64" user="" user-domain="" culture="en-US" uiculture="en-US" os-architecture="64bit" /><failure><message><![CDATA[]]></message><stack-trace><![CDATA[None]]></stack-trace></failure><reason><message><![CDATA[]]></message></reason><output><![CDATA[]]></output></test-case><test-case id="449" name="tests/tools/test_intersect.py::test_intersect_distinctfreq[startdates11-AS-2021-01-01-00:00-idx-Europe/Berlin]" fullname="tests/tools/test_intersect.py::test_intersect_distinctfreq[startdates11-AS-2021-01-01-00:00-idx-Europe/Berlin]" methodname="test_intersect_distinctfreq[startdates11-AS-2021-01-01-00:00-idx-Europe/Berlin]" classname="tests/tools/test_intersect.py" runstate="Runnable" seed="1" result="Passed" label="Test if intersection of indices with distinct frequencies gives correct result." start-time="2024-02-05 13:01:39.808647" end-time="2024-02-05 13:01:39.809251" duration="0.000604" asserts="0"><properties><property name="python-version" value="3.11.7 (main, Dec  4 2023, 18:10:11) [Clang 15.0.0 (clang-1500.1.0.2.5)]" /><property name="fspath" value="tests/tools/test_intersect.py" /></properties><environment framework-version="3.6.2" clr-version="3.11.7 (main, Dec  4 2023, 18:10:11) [Clang 15.0.0 (clang-1500.1.0.2.5)]" os-version="23.3.0" platform="Darwin" cwd="/Users/ruud.wijtvliet/python/portfolyo" machine-name="arm64" user="" user-domain="" culture="en-US" uiculture="en-US" os-architecture="64bit" /><failure><message><![CDATA[]]></message><stack-trace><![CDATA[None]]></stack-trace></failure><reason><message><![CDATA[]]></message></reason><output><![CDATA[]]></output></test-case><test-case id="450" name="tests/tools/test_intersect.py::test_intersect_distinctfreq[startdates11-AS-2021-01-01-00:00-idx-Asia/Kolkata]" fullname="tests/tools/test_intersect.py::test_intersect_distinctfreq[startdates11-AS-2021-01-01-00:00-idx-Asia/Kolkata]" methodname="test_intersect_distinctfreq[startdates11-AS-2021-01-01-00:00-idx-Asia/Kolkata]" classname="tests/tools/test_intersect.py" runstate="Runnable" seed="1" result="Passed" label="Test if intersection of indices with distinct frequencies gives correct result." start-time="2024-02-05 13:01:39.809671" end-time="2024-02-05 13:01:39.810235" duration="0.000564" asserts="0"><properties><property name="python-version" value="3.11.7 (main, Dec  4 2023, 18:10:11) [Clang 15.0.0 (clang-1500.1.0.2.5)]" /><property name="fspath" value="tests/tools/test_intersect.py" /></properties><environment framework-version="3.6.2" clr-version="3.11.7 (main, Dec  4 2023, 18:10:11) [Clang 15.0.0 (clang-1500.1.0.2.5)]" os-version="23.3.0" platform="Darwin" cwd="/Users/ruud.wijtvliet/python/portfolyo" machine-name="arm64" user="" user-domain="" culture="en-US" uiculture="en-US" os-architecture="64bit" /><failure><message><![CDATA[]]></message><stack-trace><![CDATA[None]]></stack-trace></failure><reason><message><![CDATA[]]></message></reason><output><![CDATA[]]></output></test-case><test-case id="451" name="tests/tools/test_intersect.py::test_intersect_distinctfreq[startdates11-AS-2021-01-01-00:00-fr-None]" fullname="tests/tools/test_intersect.py::test_intersect_distinctfreq[startdates11-AS-2021-01-01-00:00-fr-None]" methodname="test_intersect_distinctfreq[startdates11-AS-2021-01-01-00:00-fr-None]" classname="tests/tools/test_intersect.py" runstate="Runnable" seed="1" result="Passed" label="Test if intersection of indices with distinct frequencies gives correct result." start-time="2024-02-05 13:01:39.810651" end-time="2024-02-05 13:01:39.811310" duration="0.000659" asserts="0"><properties><property name="python-version" value="3.11.7 (main, Dec  4 2023, 18:10:11) [Clang 15.0.0 (clang-1500.1.0.2.5)]" /><property name="fspath" value="tests/tools/test_intersect.py" /></properties><environment framework-version="3.6.2" clr-version="3.11.7 (main, Dec  4 2023, 18:10:11) [Clang 15.0.0 (clang-1500.1.0.2.5)]" os-version="23.3.0" platform="Darwin" cwd="/Users/ruud.wijtvliet/python/portfolyo" machine-name="arm64" user="" user-domain="" culture="en-US" uiculture="en-US" os-architecture="64bit" /><failure><message><![CDATA[]]></message><stack-trace><![CDATA[None]]></stack-trace></failure><reason><message><![CDATA[]]></message></reason><output><![CDATA[]]></output></test-case><test-case id="452" name="tests/tools/test_intersect.py::test_intersect_distinctfreq[startdates11-AS-2021-01-01-00:00-fr-Europe/Berlin]" fullname="tests/tools/test_intersect.py::test_intersect_distinctfreq[startdates11-AS-2021-01-01-00:00-fr-Europe/Berlin]" methodname="test_intersect_distinctfreq[startdates11-AS-2021-01-01-00:00-fr-Europe/Berlin]" classname="tests/tools/test_intersect.py" runstate="Runnable" seed="1" result="Passed" label="Test if intersection of indices with distinct frequencies gives correct result." start-time="2024-02-05 13:01:39.811729" end-time="2024-02-05 13:01:39.812469" duration="0.00074" asserts="0"><properties><property name="python-version" value="3.11.7 (main, Dec  4 2023, 18:10:11) [Clang 15.0.0 (clang-1500.1.0.2.5)]" /><property name="fspath" value="tests/tools/test_intersect.py" /></properties><environment framework-version="3.6.2" clr-version="3.11.7 (main, Dec  4 2023, 18:10:11) [Clang 15.0.0 (clang-1500.1.0.2.5)]" os-version="23.3.0" platform="Darwin" cwd="/Users/ruud.wijtvliet/python/portfolyo" machine-name="arm64" user="" user-domain="" culture="en-US" uiculture="en-US" os-architecture="64bit" /><failure><message><![CDATA[]]></message><stack-trace><![CDATA[None]]></stack-trace></failure><reason><message><![CDATA[]]></message></reason><output><![CDATA[]]></output></test-case><test-case id="453" name="tests/tools/test_intersect.py::test_intersect_distinctfreq[startdates11-AS-2021-01-01-00:00-fr-Asia/Kolkata]" fullname="tests/tools/test_intersect.py::test_intersect_distinctfreq[startdates11-AS-2021-01-01-00:00-fr-Asia/Kolkata]" methodname="test_intersect_distinctfreq[startdates11-AS-2021-01-01-00:00-fr-Asia/Kolkata]" classname="tests/tools/test_intersect.py" runstate="Runnable" seed="1" result="Passed" label="Test if intersection of indices with distinct frequencies gives correct result." start-time="2024-02-05 13:01:39.812892" end-time="2024-02-05 13:01:39.813601" duration="0.000709" asserts="0"><properties><property name="python-version" value="3.11.7 (main, Dec  4 2023, 18:10:11) [Clang 15.0.0 (clang-1500.1.0.2.5)]" /><property name="fspath" value="tests/tools/test_intersect.py" /></properties><environment framework-version="3.6.2" clr-version="3.11.7 (main, Dec  4 2023, 18:10:11) [Clang 15.0.0 (clang-1500.1.0.2.5)]" os-version="23.3.0" platform="Darwin" cwd="/Users/ruud.wijtvliet/python/portfolyo" machine-name="arm64" user="" user-domain="" culture="en-US" uiculture="en-US" os-architecture="64bit" /><failure><message><![CDATA[]]></message><stack-trace><![CDATA[None]]></stack-trace></failure><reason><message><![CDATA[]]></message></reason><output><![CDATA[]]></output></test-case><test-case id="454" name="tests/tools/test_intersect.py::test_intersect_distinctfreq[startdates11-AS-2021-01-01-06:00-idx-None]" fullname="tests/tools/test_intersect.py::test_intersect_distinctfreq[startdates11-AS-2021-01-01-06:00-idx-None]" methodname="test_intersect_distinctfreq[startdates11-AS-2021-01-01-06:00-idx-None]" classname="tests/tools/test_intersect.py" runstate="Runnable" seed="1" result="Passed" label="Test if intersection of indices with distinct frequencies gives correct result." start-time="2024-02-05 13:01:39.814222" end-time="2024-02-05 13:01:39.814967" duration="0.000745" asserts="0"><properties><property name="python-version" value="3.11.7 (main, Dec  4 2023, 18:10:11) [Clang 15.0.0 (clang-1500.1.0.2.5)]" /><property name="fspath" value="tests/tools/test_intersect.py" /></properties><environment framework-version="3.6.2" clr-version="3.11.7 (main, Dec  4 2023, 18:10:11) [Clang 15.0.0 (clang-1500.1.0.2.5)]" os-version="23.3.0" platform="Darwin" cwd="/Users/ruud.wijtvliet/python/portfolyo" machine-name="arm64" user="" user-domain="" culture="en-US" uiculture="en-US" os-architecture="64bit" /><failure><message><![CDATA[]]></message><stack-trace><![CDATA[None]]></stack-trace></failure><reason><message><![CDATA[]]></message></reason><output><![CDATA[]]></output></test-case><test-case id="455" name="tests/tools/test_intersect.py::test_intersect_distinctfreq[startdates11-AS-2021-01-01-06:00-idx-Europe/Berlin]" fullname="tests/tools/test_intersect.py::test_intersect_distinctfreq[startdates11-AS-2021-01-01-06:00-idx-Europe/Berlin]" methodname="test_intersect_distinctfreq[startdates11-AS-2021-01-01-06:00-idx-Europe/Berlin]" classname="tests/tools/test_intersect.py" runstate="Runnable" seed="1" result="Passed" label="Test if intersection of indices with distinct frequencies gives correct result." start-time="2024-02-05 13:01:39.815593" end-time="2024-02-05 13:01:39.816356" duration="0.000763" asserts="0"><properties><property name="python-version" value="3.11.7 (main, Dec  4 2023, 18:10:11) [Clang 15.0.0 (clang-1500.1.0.2.5)]" /><property name="fspath" value="tests/tools/test_intersect.py" /></properties><environment framework-version="3.6.2" clr-version="3.11.7 (main, Dec  4 2023, 18:10:11) [Clang 15.0.0 (clang-1500.1.0.2.5)]" os-version="23.3.0" platform="Darwin" cwd="/Users/ruud.wijtvliet/python/portfolyo" machine-name="arm64" user="" user-domain="" culture="en-US" uiculture="en-US" os-architecture="64bit" /><failure><message><![CDATA[]]></message><stack-trace><![CDATA[None]]></stack-trace></failure><reason><message><![CDATA[]]></message></reason><output><![CDATA[]]></output></test-case><test-case id="456" name="tests/tools/test_intersect.py::test_intersect_distinctfreq[startdates11-AS-2021-01-01-06:00-idx-Asia/Kolkata]" fullname="tests/tools/test_intersect.py::test_intersect_distinctfreq[startdates11-AS-2021-01-01-06:00-idx-Asia/Kolkata]" methodname="test_intersect_distinctfreq[startdates11-AS-2021-01-01-06:00-idx-Asia/Kolkata]" classname="tests/tools/test_intersect.py" runstate="Runnable" seed="1" result="Passed" label="Test if intersection of indices with distinct frequencies gives correct result." start-time="2024-02-05 13:01:39.816832" end-time="2024-02-05 13:01:39.817467" duration="0.000635" asserts="0"><properties><property name="python-version" value="3.11.7 (main, Dec  4 2023, 18:10:11) [Clang 15.0.0 (clang-1500.1.0.2.5)]" /><property name="fspath" value="tests/tools/test_intersect.py" /></properties><environment framework-version="3.6.2" clr-version="3.11.7 (main, Dec  4 2023, 18:10:11) [Clang 15.0.0 (clang-1500.1.0.2.5)]" os-version="23.3.0" platform="Darwin" cwd="/Users/ruud.wijtvliet/python/portfolyo" machine-name="arm64" user="" user-domain="" culture="en-US" uiculture="en-US" os-architecture="64bit" /><failure><message><![CDATA[]]></message><stack-trace><![CDATA[None]]></stack-trace></failure><reason><message><![CDATA[]]></message></reason><output><![CDATA[]]></output></test-case><test-case id="457" name="tests/tools/test_intersect.py::test_intersect_distinctfreq[startdates11-AS-2021-01-01-06:00-fr-None]" fullname="tests/tools/test_intersect.py::test_intersect_distinctfreq[startdates11-AS-2021-01-01-06:00-fr-None]" methodname="test_intersect_distinctfreq[startdates11-AS-2021-01-01-06:00-fr-None]" classname="tests/tools/test_intersect.py" runstate="Runnable" seed="1" result="Passed" label="Test if intersection of indices with distinct frequencies gives correct result." start-time="2024-02-05 13:01:39.817921" end-time="2024-02-05 13:01:39.818688" duration="0.000767" asserts="0"><properties><property name="python-version" value="3.11.7 (main, Dec  4 2023, 18:10:11) [Clang 15.0.0 (clang-1500.1.0.2.5)]" /><property name="fspath" value="tests/tools/test_intersect.py" /></properties><environment framework-version="3.6.2" clr-version="3.11.7 (main, Dec  4 2023, 18:10:11) [Clang 15.0.0 (clang-1500.1.0.2.5)]" os-version="23.3.0" platform="Darwin" cwd="/Users/ruud.wijtvliet/python/portfolyo" machine-name="arm64" user="" user-domain="" culture="en-US" uiculture="en-US" os-architecture="64bit" /><failure><message><![CDATA[]]></message><stack-trace><![CDATA[None]]></stack-trace></failure><reason><message><![CDATA[]]></message></reason><output><![CDATA[]]></output></test-case><test-case id="458" name="tests/tools/test_intersect.py::test_intersect_distinctfreq[startdates11-AS-2021-01-01-06:00-fr-Europe/Berlin]" fullname="tests/tools/test_intersect.py::test_intersect_distinctfreq[startdates11-AS-2021-01-01-06:00-fr-Europe/Berlin]" methodname="test_intersect_distinctfreq[startdates11-AS-2021-01-01-06:00-fr-Europe/Berlin]" classname="tests/tools/test_intersect.py" runstate="Runnable" seed="1" result="Passed" label="Test if intersection of indices with distinct frequencies gives correct result." start-time="2024-02-05 13:01:39.819157" end-time="2024-02-05 13:01:39.820013" duration="0.000856" asserts="0"><properties><property name="python-version" value="3.11.7 (main, Dec  4 2023, 18:10:11) [Clang 15.0.0 (clang-1500.1.0.2.5)]" /><property name="fspath" value="tests/tools/test_intersect.py" /></properties><environment framework-version="3.6.2" clr-version="3.11.7 (main, Dec  4 2023, 18:10:11) [Clang 15.0.0 (clang-1500.1.0.2.5)]" os-version="23.3.0" platform="Darwin" cwd="/Users/ruud.wijtvliet/python/portfolyo" machine-name="arm64" user="" user-domain="" culture="en-US" uiculture="en-US" os-architecture="64bit" /><failure><message><![CDATA[]]></message><stack-trace><![CDATA[None]]></stack-trace></failure><reason><message><![CDATA[]]></message></reason><output><![CDATA[]]></output></test-case><test-case id="459" name="tests/tools/test_intersect.py::test_intersect_distinctfreq[startdates11-AS-2021-01-01-06:00-fr-Asia/Kolkata]" fullname="tests/tools/test_intersect.py::test_intersect_distinctfreq[startdates11-AS-2021-01-01-06:00-fr-Asia/Kolkata]" methodname="test_intersect_distinctfreq[startdates11-AS-2021-01-01-06:00-fr-Asia/Kolkata]" classname="tests/tools/test_intersect.py" runstate="Runnable" seed="1" result="Passed" label="Test if intersection of indices with distinct frequencies gives correct result." start-time="2024-02-05 13:01:39.820475" end-time="2024-02-05 13:01:39.821280" duration="0.000805" asserts="0"><properties><property name="python-version" value="3.11.7 (main, Dec  4 2023, 18:10:11) [Clang 15.0.0 (clang-1500.1.0.2.5)]" /><property name="fspath" value="tests/tools/test_intersect.py" /></properties><environment framework-version="3.6.2" clr-version="3.11.7 (main, Dec  4 2023, 18:10:11) [Clang 15.0.0 (clang-1500.1.0.2.5)]" os-version="23.3.0" platform="Darwin" cwd="/Users/ruud.wijtvliet/python/portfolyo" machine-name="arm64" user="" user-domain="" culture="en-US" uiculture="en-US" os-architecture="64bit" /><failure><message><![CDATA[]]></message><stack-trace><![CDATA[None]]></stack-trace></failure><reason><message><![CDATA[]]></message></reason><output><![CDATA[]]></output></test-case><test-case id="460" name="tests/tools/test_intersect.py::test_intersect_distinctfreq[startdates12-15T-2020-06-20-00:00-idx-None]" fullname="tests/tools/test_intersect.py::test_intersect_distinctfreq[startdates12-15T-2020-06-20-00:00-idx-None]" methodname="test_intersect_distinctfreq[startdates12-15T-2020-06-20-00:00-idx-None]" classname="tests/tools/test_intersect.py" runstate="Runnable" seed="1" result="Passed" label="Test if intersection of indices with distinct frequencies gives correct result." start-time="2024-02-05 13:01:39.821736" end-time="2024-02-05 13:01:39.822254" duration="0.000518" asserts="0"><properties><property name="python-version" value="3.11.7 (main, Dec  4 2023, 18:10:11) [Clang 15.0.0 (clang-1500.1.0.2.5)]" /><property name="fspath" value="tests/tools/test_intersect.py" /></properties><environment framework-version="3.6.2" clr-version="3.11.7 (main, Dec  4 2023, 18:10:11) [Clang 15.0.0 (clang-1500.1.0.2.5)]" os-version="23.3.0" platform="Darwin" cwd="/Users/ruud.wijtvliet/python/portfolyo" machine-name="arm64" user="" user-domain="" culture="en-US" uiculture="en-US" os-architecture="64bit" /><failure><message><![CDATA[]]></message><stack-trace><![CDATA[None]]></stack-trace></failure><reason><message><![CDATA[]]></message></reason><output><![CDATA[]]></output></test-case><test-case id="461" name="tests/tools/test_intersect.py::test_intersect_distinctfreq[startdates12-15T-2020-06-20-00:00-idx-Europe/Berlin]" fullname="tests/tools/test_intersect.py::test_intersect_distinctfreq[startdates12-15T-2020-06-20-00:00-idx-Europe/Berlin]" methodname="test_intersect_distinctfreq[startdates12-15T-2020-06-20-00:00-idx-Europe/Berlin]" classname="tests/tools/test_intersect.py" runstate="Runnable" seed="1" result="Passed" label="Test if intersection of indices with distinct frequencies gives correct result." start-time="2024-02-05 13:01:39.822788" end-time="2024-02-05 13:01:39.823534" duration="0.000746" asserts="0"><properties><property name="python-version" value="3.11.7 (main, Dec  4 2023, 18:10:11) [Clang 15.0.0 (clang-1500.1.0.2.5)]" /><property name="fspath" value="tests/tools/test_intersect.py" /></properties><environment framework-version="3.6.2" clr-version="3.11.7 (main, Dec  4 2023, 18:10:11) [Clang 15.0.0 (clang-1500.1.0.2.5)]" os-version="23.3.0" platform="Darwin" cwd="/Users/ruud.wijtvliet/python/portfolyo" machine-name="arm64" user="" user-domain="" culture="en-US" uiculture="en-US" os-architecture="64bit" /><failure><message><![CDATA[]]></message><stack-trace><![CDATA[None]]></stack-trace></failure><reason><message><![CDATA[]]></message></reason><output><![CDATA[]]></output></test-case><test-case id="462" name="tests/tools/test_intersect.py::test_intersect_distinctfreq[startdates12-15T-2020-06-20-00:00-idx-Asia/Kolkata]" fullname="tests/tools/test_intersect.py::test_intersect_distinctfreq[startdates12-15T-2020-06-20-00:00-idx-Asia/Kolkata]" methodname="test_intersect_distinctfreq[startdates12-15T-2020-06-20-00:00-idx-Asia/Kolkata]" classname="tests/tools/test_intersect.py" runstate="Runnable" seed="1" result="Passed" label="Test if intersection of indices with distinct frequencies gives correct result." start-time="2024-02-05 13:01:39.824084" end-time="2024-02-05 13:01:39.824899" duration="0.000815" asserts="0"><properties><property name="python-version" value="3.11.7 (main, Dec  4 2023, 18:10:11) [Clang 15.0.0 (clang-1500.1.0.2.5)]" /><property name="fspath" value="tests/tools/test_intersect.py" /></properties><environment framework-version="3.6.2" clr-version="3.11.7 (main, Dec  4 2023, 18:10:11) [Clang 15.0.0 (clang-1500.1.0.2.5)]" os-version="23.3.0" platform="Darwin" cwd="/Users/ruud.wijtvliet/python/portfolyo" machine-name="arm64" user="" user-domain="" culture="en-US" uiculture="en-US" os-architecture="64bit" /><failure><message><![CDATA[]]></message><stack-trace><![CDATA[None]]></stack-trace></failure><reason><message><![CDATA[]]></message></reason><output><![CDATA[]]></output></test-case><test-case id="463" name="tests/tools/test_intersect.py::test_intersect_distinctfreq[startdates12-15T-2020-06-20-00:00-fr-None]" fullname="tests/tools/test_intersect.py::test_intersect_distinctfreq[startdates12-15T-2020-06-20-00:00-fr-None]" methodname="test_intersect_distinctfreq[startdates12-15T-2020-06-20-00:00-fr-None]" classname="tests/tools/test_intersect.py" runstate="Runnable" seed="1" result="Passed" label="Test if intersection of indices with distinct frequencies gives correct result." start-time="2024-02-05 13:01:39.825417" end-time="2024-02-05 13:01:39.826355" duration="0.000938" asserts="0"><properties><property name="python-version" value="3.11.7 (main, Dec  4 2023, 18:10:11) [Clang 15.0.0 (clang-1500.1.0.2.5)]" /><property name="fspath" value="tests/tools/test_intersect.py" /></properties><environment framework-version="3.6.2" clr-version="3.11.7 (main, Dec  4 2023, 18:10:11) [Clang 15.0.0 (clang-1500.1.0.2.5)]" os-version="23.3.0" platform="Darwin" cwd="/Users/ruud.wijtvliet/python/portfolyo" machine-name="arm64" user="" user-domain="" culture="en-US" uiculture="en-US" os-architecture="64bit" /><failure><message><![CDATA[]]></message><stack-trace><![CDATA[None]]></stack-trace></failure><reason><message><![CDATA[]]></message></reason><output><![CDATA[]]></output></test-case><test-case id="464" name="tests/tools/test_intersect.py::test_intersect_distinctfreq[startdates12-15T-2020-06-20-00:00-fr-Europe/Berlin]" fullname="tests/tools/test_intersect.py::test_intersect_distinctfreq[startdates12-15T-2020-06-20-00:00-fr-Europe/Berlin]" methodname="test_intersect_distinctfreq[startdates12-15T-2020-06-20-00:00-fr-Europe/Berlin]" classname="tests/tools/test_intersect.py" runstate="Runnable" seed="1" result="Passed" label="Test if intersection of indices with distinct frequencies gives correct result." start-time="2024-02-05 13:01:39.826887" end-time="2024-02-05 13:01:39.828035" duration="0.001148" asserts="0"><properties><property name="python-version" value="3.11.7 (main, Dec  4 2023, 18:10:11) [Clang 15.0.0 (clang-1500.1.0.2.5)]" /><property name="fspath" value="tests/tools/test_intersect.py" /></properties><environment framework-version="3.6.2" clr-version="3.11.7 (main, Dec  4 2023, 18:10:11) [Clang 15.0.0 (clang-1500.1.0.2.5)]" os-version="23.3.0" platform="Darwin" cwd="/Users/ruud.wijtvliet/python/portfolyo" machine-name="arm64" user="" user-domain="" culture="en-US" uiculture="en-US" os-architecture="64bit" /><failure><message><![CDATA[]]></message><stack-trace><![CDATA[None]]></stack-trace></failure><reason><message><![CDATA[]]></message></reason><output><![CDATA[]]></output></test-case><test-case id="465" name="tests/tools/test_intersect.py::test_intersect_distinctfreq[startdates12-15T-2020-06-20-00:00-fr-Asia/Kolkata]" fullname="tests/tools/test_intersect.py::test_intersect_distinctfreq[startdates12-15T-2020-06-20-00:00-fr-Asia/Kolkata]" methodname="test_intersect_distinctfreq[startdates12-15T-2020-06-20-00:00-fr-Asia/Kolkata]" classname="tests/tools/test_intersect.py" runstate="Runnable" seed="1" result="Passed" label="Test if intersection of indices with distinct frequencies gives correct result." start-time="2024-02-05 13:01:39.828520" end-time="2024-02-05 13:01:39.829610" duration="0.00109" asserts="0"><properties><property name="python-version" value="3.11.7 (main, Dec  4 2023, 18:10:11) [Clang 15.0.0 (clang-1500.1.0.2.5)]" /><property name="fspath" value="tests/tools/test_intersect.py" /></properties><environment framework-version="3.6.2" clr-version="3.11.7 (main, Dec  4 2023, 18:10:11) [Clang 15.0.0 (clang-1500.1.0.2.5)]" os-version="23.3.0" platform="Darwin" cwd="/Users/ruud.wijtvliet/python/portfolyo" machine-name="arm64" user="" user-domain="" culture="en-US" uiculture="en-US" os-architecture="64bit" /><failure><message><![CDATA[]]></message><stack-trace><![CDATA[None]]></stack-trace></failure><reason><message><![CDATA[]]></message></reason><output><![CDATA[]]></output></test-case><test-case id="466" name="tests/tools/test_intersect.py::test_intersect_distinctfreq[startdates12-15T-2020-06-20-06:00-idx-None]" fullname="tests/tools/test_intersect.py::test_intersect_distinctfreq[startdates12-15T-2020-06-20-06:00-idx-None]" methodname="test_intersect_distinctfreq[startdates12-15T-2020-06-20-06:00-idx-None]" classname="tests/tools/test_intersect.py" runstate="Runnable" seed="1" result="Passed" label="Test if intersection of indices with distinct frequencies gives correct result." start-time="2024-02-05 13:01:39.830042" end-time="2024-02-05 13:01:39.830509" duration="0.000467" asserts="0"><properties><property name="python-version" value="3.11.7 (main, Dec  4 2023, 18:10:11) [Clang 15.0.0 (clang-1500.1.0.2.5)]" /><property name="fspath" value="tests/tools/test_intersect.py" /></properties><environment framework-version="3.6.2" clr-version="3.11.7 (main, Dec  4 2023, 18:10:11) [Clang 15.0.0 (clang-1500.1.0.2.5)]" os-version="23.3.0" platform="Darwin" cwd="/Users/ruud.wijtvliet/python/portfolyo" machine-name="arm64" user="" user-domain="" culture="en-US" uiculture="en-US" os-architecture="64bit" /><failure><message><![CDATA[]]></message><stack-trace><![CDATA[None]]></stack-trace></failure><reason><message><![CDATA[]]></message></reason><output><![CDATA[]]></output></test-case><test-case id="467" name="tests/tools/test_intersect.py::test_intersect_distinctfreq[startdates12-15T-2020-06-20-06:00-idx-Europe/Berlin]" fullname="tests/tools/test_intersect.py::test_intersect_distinctfreq[startdates12-15T-2020-06-20-06:00-idx-Europe/Berlin]" methodname="test_intersect_distinctfreq[startdates12-15T-2020-06-20-06:00-idx-Europe/Berlin]" classname="tests/tools/test_intersect.py" runstate="Runnable" seed="1" result="Passed" label="Test if intersection of indices with distinct frequencies gives correct result." start-time="2024-02-05 13:01:39.830934" end-time="2024-02-05 13:01:39.831616" duration="0.000682" asserts="0"><properties><property name="python-version" value="3.11.7 (main, Dec  4 2023, 18:10:11) [Clang 15.0.0 (clang-1500.1.0.2.5)]" /><property name="fspath" value="tests/tools/test_intersect.py" /></properties><environment framework-version="3.6.2" clr-version="3.11.7 (main, Dec  4 2023, 18:10:11) [Clang 15.0.0 (clang-1500.1.0.2.5)]" os-version="23.3.0" platform="Darwin" cwd="/Users/ruud.wijtvliet/python/portfolyo" machine-name="arm64" user="" user-domain="" culture="en-US" uiculture="en-US" os-architecture="64bit" /><failure><message><![CDATA[]]></message><stack-trace><![CDATA[None]]></stack-trace></failure><reason><message><![CDATA[]]></message></reason><output><![CDATA[]]></output></test-case><test-case id="468" name="tests/tools/test_intersect.py::test_intersect_distinctfreq[startdates12-15T-2020-06-20-06:00-idx-Asia/Kolkata]" fullname="tests/tools/test_intersect.py::test_intersect_distinctfreq[startdates12-15T-2020-06-20-06:00-idx-Asia/Kolkata]" methodname="test_intersect_distinctfreq[startdates12-15T-2020-06-20-06:00-idx-Asia/Kolkata]" classname="tests/tools/test_intersect.py" runstate="Runnable" seed="1" result="Passed" label="Test if intersection of indices with distinct frequencies gives correct result." start-time="2024-02-05 13:01:39.832056" end-time="2024-02-05 13:01:39.832710" duration="0.000654" asserts="0"><properties><property name="python-version" value="3.11.7 (main, Dec  4 2023, 18:10:11) [Clang 15.0.0 (clang-1500.1.0.2.5)]" /><property name="fspath" value="tests/tools/test_intersect.py" /></properties><environment framework-version="3.6.2" clr-version="3.11.7 (main, Dec  4 2023, 18:10:11) [Clang 15.0.0 (clang-1500.1.0.2.5)]" os-version="23.3.0" platform="Darwin" cwd="/Users/ruud.wijtvliet/python/portfolyo" machine-name="arm64" user="" user-domain="" culture="en-US" uiculture="en-US" os-architecture="64bit" /><failure><message><![CDATA[]]></message><stack-trace><![CDATA[None]]></stack-trace></failure><reason><message><![CDATA[]]></message></reason><output><![CDATA[]]></output></test-case><test-case id="469" name="tests/tools/test_intersect.py::test_intersect_distinctfreq[startdates12-15T-2020-06-20-06:00-fr-None]" fullname="tests/tools/test_intersect.py::test_intersect_distinctfreq[startdates12-15T-2020-06-20-06:00-fr-None]" methodname="test_intersect_distinctfreq[startdates12-15T-2020-06-20-06:00-fr-None]" classname="tests/tools/test_intersect.py" runstate="Runnable" seed="1" result="Passed" label="Test if intersection of indices with distinct frequencies gives correct result." start-time="2024-02-05 13:01:39.833175" end-time="2024-02-05 13:01:39.834121" duration="0.000946" asserts="0"><properties><property name="python-version" value="3.11.7 (main, Dec  4 2023, 18:10:11) [Clang 15.0.0 (clang-1500.1.0.2.5)]" /><property name="fspath" value="tests/tools/test_intersect.py" /></properties><environment framework-version="3.6.2" clr-version="3.11.7 (main, Dec  4 2023, 18:10:11) [Clang 15.0.0 (clang-1500.1.0.2.5)]" os-version="23.3.0" platform="Darwin" cwd="/Users/ruud.wijtvliet/python/portfolyo" machine-name="arm64" user="" user-domain="" culture="en-US" uiculture="en-US" os-architecture="64bit" /><failure><message><![CDATA[]]></message><stack-trace><![CDATA[None]]></stack-trace></failure><reason><message><![CDATA[]]></message></reason><output><![CDATA[]]></output></test-case><test-case id="470" name="tests/tools/test_intersect.py::test_intersect_distinctfreq[startdates12-15T-2020-06-20-06:00-fr-Europe/Berlin]" fullname="tests/tools/test_intersect.py::test_intersect_distinctfreq[startdates12-15T-2020-06-20-06:00-fr-Europe/Berlin]" methodname="test_intersect_distinctfreq[startdates12-15T-2020-06-20-06:00-fr-Europe/Berlin]" classname="tests/tools/test_intersect.py" runstate="Runnable" seed="1" result="Passed" label="Test if intersection of indices with distinct frequencies gives correct result." start-time="2024-02-05 13:01:39.834590" end-time="2024-02-05 13:01:39.835668" duration="0.001078" asserts="0"><properties><property name="python-version" value="3.11.7 (main, Dec  4 2023, 18:10:11) [Clang 15.0.0 (clang-1500.1.0.2.5)]" /><property name="fspath" value="tests/tools/test_intersect.py" /></properties><environment framework-version="3.6.2" clr-version="3.11.7 (main, Dec  4 2023, 18:10:11) [Clang 15.0.0 (clang-1500.1.0.2.5)]" os-version="23.3.0" platform="Darwin" cwd="/Users/ruud.wijtvliet/python/portfolyo" machine-name="arm64" user="" user-domain="" culture="en-US" uiculture="en-US" os-architecture="64bit" /><failure><message><![CDATA[]]></message><stack-trace><![CDATA[None]]></stack-trace></failure><reason><message><![CDATA[]]></message></reason><output><![CDATA[]]></output></test-case><test-case id="471" name="tests/tools/test_intersect.py::test_intersect_distinctfreq[startdates12-15T-2020-06-20-06:00-fr-Asia/Kolkata]" fullname="tests/tools/test_intersect.py::test_intersect_distinctfreq[startdates12-15T-2020-06-20-06:00-fr-Asia/Kolkata]" methodname="test_intersect_distinctfreq[startdates12-15T-2020-06-20-06:00-fr-Asia/Kolkata]" classname="tests/tools/test_intersect.py" runstate="Runnable" seed="1" result="Passed" label="Test if intersection of indices with distinct frequencies gives correct result." start-time="2024-02-05 13:01:39.836128" end-time="2024-02-05 13:01:39.837168" duration="0.00104" asserts="0"><properties><property name="python-version" value="3.11.7 (main, Dec  4 2023, 18:10:11) [Clang 15.0.0 (clang-1500.1.0.2.5)]" /><property name="fspath" value="tests/tools/test_intersect.py" /></properties><environment framework-version="3.6.2" clr-version="3.11.7 (main, Dec  4 2023, 18:10:11) [Clang 15.0.0 (clang-1500.1.0.2.5)]" os-version="23.3.0" platform="Darwin" cwd="/Users/ruud.wijtvliet/python/portfolyo" machine-name="arm64" user="" user-domain="" culture="en-US" uiculture="en-US" os-architecture="64bit" /><failure><message><![CDATA[]]></message><stack-trace><![CDATA[None]]></stack-trace></failure><reason><message><![CDATA[]]></message></reason><output><![CDATA[]]></output></test-case><test-case id="472" name="tests/tools/test_intersect.py::test_intersect_distinctfreq[startdates13-15T-2020-06-20-00:00-idx-None]" fullname="tests/tools/test_intersect.py::test_intersect_distinctfreq[startdates13-15T-2020-06-20-00:00-idx-None]" methodname="test_intersect_distinctfreq[startdates13-15T-2020-06-20-00:00-idx-None]" classname="tests/tools/test_intersect.py" runstate="Runnable" seed="1" result="Passed" label="Test if intersection of indices with distinct frequencies gives correct result." start-time="2024-02-05 13:01:39.837669" end-time="2024-02-05 13:01:39.838192" duration="0.000523" asserts="0"><properties><property name="python-version" value="3.11.7 (main, Dec  4 2023, 18:10:11) [Clang 15.0.0 (clang-1500.1.0.2.5)]" /><property name="fspath" value="tests/tools/test_intersect.py" /></properties><environment framework-version="3.6.2" clr-version="3.11.7 (main, Dec  4 2023, 18:10:11) [Clang 15.0.0 (clang-1500.1.0.2.5)]" os-version="23.3.0" platform="Darwin" cwd="/Users/ruud.wijtvliet/python/portfolyo" machine-name="arm64" user="" user-domain="" culture="en-US" uiculture="en-US" os-architecture="64bit" /><failure><message><![CDATA[]]></message><stack-trace><![CDATA[None]]></stack-trace></failure><reason><message><![CDATA[]]></message></reason><output><![CDATA[]]></output></test-case><test-case id="473" name="tests/tools/test_intersect.py::test_intersect_distinctfreq[startdates13-15T-2020-06-20-00:00-idx-Europe/Berlin]" fullname="tests/tools/test_intersect.py::test_intersect_distinctfreq[startdates13-15T-2020-06-20-00:00-idx-Europe/Berlin]" methodname="test_intersect_distinctfreq[startdates13-15T-2020-06-20-00:00-idx-Europe/Berlin]" classname="tests/tools/test_intersect.py" runstate="Runnable" seed="1" result="Passed" label="Test if intersection of indices with distinct frequencies gives correct result." start-time="2024-02-05 13:01:39.838666" end-time="2024-02-05 13:01:39.839355" duration="0.000689" asserts="0"><properties><property name="python-version" value="3.11.7 (main, Dec  4 2023, 18:10:11) [Clang 15.0.0 (clang-1500.1.0.2.5)]" /><property name="fspath" value="tests/tools/test_intersect.py" /></properties><environment framework-version="3.6.2" clr-version="3.11.7 (main, Dec  4 2023, 18:10:11) [Clang 15.0.0 (clang-1500.1.0.2.5)]" os-version="23.3.0" platform="Darwin" cwd="/Users/ruud.wijtvliet/python/portfolyo" machine-name="arm64" user="" user-domain="" culture="en-US" uiculture="en-US" os-architecture="64bit" /><failure><message><![CDATA[]]></message><stack-trace><![CDATA[None]]></stack-trace></failure><reason><message><![CDATA[]]></message></reason><output><![CDATA[]]></output></test-case><test-case id="474" name="tests/tools/test_intersect.py::test_intersect_distinctfreq[startdates13-15T-2020-06-20-00:00-idx-Asia/Kolkata]" fullname="tests/tools/test_intersect.py::test_intersect_distinctfreq[startdates13-15T-2020-06-20-00:00-idx-Asia/Kolkata]" methodname="test_intersect_distinctfreq[startdates13-15T-2020-06-20-00:00-idx-Asia/Kolkata]" classname="tests/tools/test_intersect.py" runstate="Runnable" seed="1" result="Passed" label="Test if intersection of indices with distinct frequencies gives correct result." start-time="2024-02-05 13:01:39.839783" end-time="2024-02-05 13:01:39.840402" duration="0.000619" asserts="0"><properties><property name="python-version" value="3.11.7 (main, Dec  4 2023, 18:10:11) [Clang 15.0.0 (clang-1500.1.0.2.5)]" /><property name="fspath" value="tests/tools/test_intersect.py" /></properties><environment framework-version="3.6.2" clr-version="3.11.7 (main, Dec  4 2023, 18:10:11) [Clang 15.0.0 (clang-1500.1.0.2.5)]" os-version="23.3.0" platform="Darwin" cwd="/Users/ruud.wijtvliet/python/portfolyo" machine-name="arm64" user="" user-domain="" culture="en-US" uiculture="en-US" os-architecture="64bit" /><failure><message><![CDATA[]]></message><stack-trace><![CDATA[None]]></stack-trace></failure><reason><message><![CDATA[]]></message></reason><output><![CDATA[]]></output></test-case><test-case id="475" name="tests/tools/test_intersect.py::test_intersect_distinctfreq[startdates13-15T-2020-06-20-00:00-fr-None]" fullname="tests/tools/test_intersect.py::test_intersect_distinctfreq[startdates13-15T-2020-06-20-00:00-fr-None]" methodname="test_intersect_distinctfreq[startdates13-15T-2020-06-20-00:00-fr-None]" classname="tests/tools/test_intersect.py" runstate="Runnable" seed="1" result="Passed" label="Test if intersection of indices with distinct frequencies gives correct result." start-time="2024-02-05 13:01:39.840816" end-time="2024-02-05 13:01:39.841534" duration="0.000718" asserts="0"><properties><property name="python-version" value="3.11.7 (main, Dec  4 2023, 18:10:11) [Clang 15.0.0 (clang-1500.1.0.2.5)]" /><property name="fspath" value="tests/tools/test_intersect.py" /></properties><environment framework-version="3.6.2" clr-version="3.11.7 (main, Dec  4 2023, 18:10:11) [Clang 15.0.0 (clang-1500.1.0.2.5)]" os-version="23.3.0" platform="Darwin" cwd="/Users/ruud.wijtvliet/python/portfolyo" machine-name="arm64" user="" user-domain="" culture="en-US" uiculture="en-US" os-architecture="64bit" /><failure><message><![CDATA[]]></message><stack-trace><![CDATA[None]]></stack-trace></failure><reason><message><![CDATA[]]></message></reason><output><![CDATA[]]></output></test-case><test-case id="476" name="tests/tools/test_intersect.py::test_intersect_distinctfreq[startdates13-15T-2020-06-20-00:00-fr-Europe/Berlin]" fullname="tests/tools/test_intersect.py::test_intersect_distinctfreq[startdates13-15T-2020-06-20-00:00-fr-Europe/Berlin]" methodname="test_intersect_distinctfreq[startdates13-15T-2020-06-20-00:00-fr-Europe/Berlin]" classname="tests/tools/test_intersect.py" runstate="Runnable" seed="1" result="Passed" label="Test if intersection of indices with distinct frequencies gives correct result." start-time="2024-02-05 13:01:39.841987" end-time="2024-02-05 13:01:39.843056" duration="0.001069" asserts="0"><properties><property name="python-version" value="3.11.7 (main, Dec  4 2023, 18:10:11) [Clang 15.0.0 (clang-1500.1.0.2.5)]" /><property name="fspath" value="tests/tools/test_intersect.py" /></properties><environment framework-version="3.6.2" clr-version="3.11.7 (main, Dec  4 2023, 18:10:11) [Clang 15.0.0 (clang-1500.1.0.2.5)]" os-version="23.3.0" platform="Darwin" cwd="/Users/ruud.wijtvliet/python/portfolyo" machine-name="arm64" user="" user-domain="" culture="en-US" uiculture="en-US" os-architecture="64bit" /><failure><message><![CDATA[]]></message><stack-trace><![CDATA[None]]></stack-trace></failure><reason><message><![CDATA[]]></message></reason><output><![CDATA[]]></output></test-case><test-case id="477" name="tests/tools/test_intersect.py::test_intersect_distinctfreq[startdates13-15T-2020-06-20-00:00-fr-Asia/Kolkata]" fullname="tests/tools/test_intersect.py::test_intersect_distinctfreq[startdates13-15T-2020-06-20-00:00-fr-Asia/Kolkata]" methodname="test_intersect_distinctfreq[startdates13-15T-2020-06-20-00:00-fr-Asia/Kolkata]" classname="tests/tools/test_intersect.py" runstate="Runnable" seed="1" result="Passed" label="Test if intersection of indices with distinct frequencies gives correct result." start-time="2024-02-05 13:01:39.843496" end-time="2024-02-05 13:01:39.844906" duration="0.00141" asserts="0"><properties><property name="python-version" value="3.11.7 (main, Dec  4 2023, 18:10:11) [Clang 15.0.0 (clang-1500.1.0.2.5)]" /><property name="fspath" value="tests/tools/test_intersect.py" /></properties><environment framework-version="3.6.2" clr-version="3.11.7 (main, Dec  4 2023, 18:10:11) [Clang 15.0.0 (clang-1500.1.0.2.5)]" os-version="23.3.0" platform="Darwin" cwd="/Users/ruud.wijtvliet/python/portfolyo" machine-name="arm64" user="" user-domain="" culture="en-US" uiculture="en-US" os-architecture="64bit" /><failure><message><![CDATA[]]></message><stack-trace><![CDATA[None]]></stack-trace></failure><reason><message><![CDATA[]]></message></reason><output><![CDATA[]]></output></test-case><test-case id="478" name="tests/tools/test_intersect.py::test_intersect_distinctfreq[startdates13-15T-2020-06-20-06:00-idx-None]" fullname="tests/tools/test_intersect.py::test_intersect_distinctfreq[startdates13-15T-2020-06-20-06:00-idx-None]" methodname="test_intersect_distinctfreq[startdates13-15T-2020-06-20-06:00-idx-None]" classname="tests/tools/test_intersect.py" runstate="Runnable" seed="1" result="Passed" label="Test if intersection of indices with distinct frequencies gives correct result." start-time="2024-02-05 13:01:39.845330" end-time="2024-02-05 13:01:39.845767" duration="0.000437" asserts="0"><properties><property name="python-version" value="3.11.7 (main, Dec  4 2023, 18:10:11) [Clang 15.0.0 (clang-1500.1.0.2.5)]" /><property name="fspath" value="tests/tools/test_intersect.py" /></properties><environment framework-version="3.6.2" clr-version="3.11.7 (main, Dec  4 2023, 18:10:11) [Clang 15.0.0 (clang-1500.1.0.2.5)]" os-version="23.3.0" platform="Darwin" cwd="/Users/ruud.wijtvliet/python/portfolyo" machine-name="arm64" user="" user-domain="" culture="en-US" uiculture="en-US" os-architecture="64bit" /><failure><message><![CDATA[]]></message><stack-trace><![CDATA[None]]></stack-trace></failure><reason><message><![CDATA[]]></message></reason><output><![CDATA[]]></output></test-case><test-case id="479" name="tests/tools/test_intersect.py::test_intersect_distinctfreq[startdates13-15T-2020-06-20-06:00-idx-Europe/Berlin]" fullname="tests/tools/test_intersect.py::test_intersect_distinctfreq[startdates13-15T-2020-06-20-06:00-idx-Europe/Berlin]" methodname="test_intersect_distinctfreq[startdates13-15T-2020-06-20-06:00-idx-Europe/Berlin]" classname="tests/tools/test_intersect.py" runstate="Runnable" seed="1" result="Passed" label="Test if intersection of indices with distinct frequencies gives correct result." start-time="2024-02-05 13:01:39.846161" end-time="2024-02-05 13:01:39.846800" duration="0.000639" asserts="0"><properties><property name="python-version" value="3.11.7 (main, Dec  4 2023, 18:10:11) [Clang 15.0.0 (clang-1500.1.0.2.5)]" /><property name="fspath" value="tests/tools/test_intersect.py" /></properties><environment framework-version="3.6.2" clr-version="3.11.7 (main, Dec  4 2023, 18:10:11) [Clang 15.0.0 (clang-1500.1.0.2.5)]" os-version="23.3.0" platform="Darwin" cwd="/Users/ruud.wijtvliet/python/portfolyo" machine-name="arm64" user="" user-domain="" culture="en-US" uiculture="en-US" os-architecture="64bit" /><failure><message><![CDATA[]]></message><stack-trace><![CDATA[None]]></stack-trace></failure><reason><message><![CDATA[]]></message></reason><output><![CDATA[]]></output></test-case><test-case id="480" name="tests/tools/test_intersect.py::test_intersect_distinctfreq[startdates13-15T-2020-06-20-06:00-idx-Asia/Kolkata]" fullname="tests/tools/test_intersect.py::test_intersect_distinctfreq[startdates13-15T-2020-06-20-06:00-idx-Asia/Kolkata]" methodname="test_intersect_distinctfreq[startdates13-15T-2020-06-20-06:00-idx-Asia/Kolkata]" classname="tests/tools/test_intersect.py" runstate="Runnable" seed="1" result="Passed" label="Test if intersection of indices with distinct frequencies gives correct result." start-time="2024-02-05 13:01:39.847203" end-time="2024-02-05 13:01:39.847778" duration="0.000575" asserts="0"><properties><property name="python-version" value="3.11.7 (main, Dec  4 2023, 18:10:11) [Clang 15.0.0 (clang-1500.1.0.2.5)]" /><property name="fspath" value="tests/tools/test_intersect.py" /></properties><environment framework-version="3.6.2" clr-version="3.11.7 (main, Dec  4 2023, 18:10:11) [Clang 15.0.0 (clang-1500.1.0.2.5)]" os-version="23.3.0" platform="Darwin" cwd="/Users/ruud.wijtvliet/python/portfolyo" machine-name="arm64" user="" user-domain="" culture="en-US" uiculture="en-US" os-architecture="64bit" /><failure><message><![CDATA[]]></message><stack-trace><![CDATA[None]]></stack-trace></failure><reason><message><![CDATA[]]></message></reason><output><![CDATA[]]></output></test-case><test-case id="481" name="tests/tools/test_intersect.py::test_intersect_distinctfreq[startdates13-15T-2020-06-20-06:00-fr-None]" fullname="tests/tools/test_intersect.py::test_intersect_distinctfreq[startdates13-15T-2020-06-20-06:00-fr-None]" methodname="test_intersect_distinctfreq[startdates13-15T-2020-06-20-06:00-fr-None]" classname="tests/tools/test_intersect.py" runstate="Runnable" seed="1" result="Passed" label="Test if intersection of indices with distinct frequencies gives correct result." start-time="2024-02-05 13:01:39.848190" end-time="2024-02-05 13:01:39.848907" duration="0.000717" asserts="0"><properties><property name="python-version" value="3.11.7 (main, Dec  4 2023, 18:10:11) [Clang 15.0.0 (clang-1500.1.0.2.5)]" /><property name="fspath" value="tests/tools/test_intersect.py" /></properties><environment framework-version="3.6.2" clr-version="3.11.7 (main, Dec  4 2023, 18:10:11) [Clang 15.0.0 (clang-1500.1.0.2.5)]" os-version="23.3.0" platform="Darwin" cwd="/Users/ruud.wijtvliet/python/portfolyo" machine-name="arm64" user="" user-domain="" culture="en-US" uiculture="en-US" os-architecture="64bit" /><failure><message><![CDATA[]]></message><stack-trace><![CDATA[None]]></stack-trace></failure><reason><message><![CDATA[]]></message></reason><output><![CDATA[]]></output></test-case><test-case id="482" name="tests/tools/test_intersect.py::test_intersect_distinctfreq[startdates13-15T-2020-06-20-06:00-fr-Europe/Berlin]" fullname="tests/tools/test_intersect.py::test_intersect_distinctfreq[startdates13-15T-2020-06-20-06:00-fr-Europe/Berlin]" methodname="test_intersect_distinctfreq[startdates13-15T-2020-06-20-06:00-fr-Europe/Berlin]" classname="tests/tools/test_intersect.py" runstate="Runnable" seed="1" result="Passed" label="Test if intersection of indices with distinct frequencies gives correct result." start-time="2024-02-05 13:01:39.849325" end-time="2024-02-05 13:01:39.850246" duration="0.000921" asserts="0"><properties><property name="python-version" value="3.11.7 (main, Dec  4 2023, 18:10:11) [Clang 15.0.0 (clang-1500.1.0.2.5)]" /><property name="fspath" value="tests/tools/test_intersect.py" /></properties><environment framework-version="3.6.2" clr-version="3.11.7 (main, Dec  4 2023, 18:10:11) [Clang 15.0.0 (clang-1500.1.0.2.5)]" os-version="23.3.0" platform="Darwin" cwd="/Users/ruud.wijtvliet/python/portfolyo" machine-name="arm64" user="" user-domain="" culture="en-US" uiculture="en-US" os-architecture="64bit" /><failure><message><![CDATA[]]></message><stack-trace><![CDATA[None]]></stack-trace></failure><reason><message><![CDATA[]]></message></reason><output><![CDATA[]]></output></test-case><test-case id="483" name="tests/tools/test_intersect.py::test_intersect_distinctfreq[startdates13-15T-2020-06-20-06:00-fr-Asia/Kolkata]" fullname="tests/tools/test_intersect.py::test_intersect_distinctfreq[startdates13-15T-2020-06-20-06:00-fr-Asia/Kolkata]" methodname="test_intersect_distinctfreq[startdates13-15T-2020-06-20-06:00-fr-Asia/Kolkata]" classname="tests/tools/test_intersect.py" runstate="Runnable" seed="1" result="Passed" label="Test if intersection of indices with distinct frequencies gives correct result." start-time="2024-02-05 13:01:39.850665" end-time="2024-02-05 13:01:39.851497" duration="0.000832" asserts="0"><properties><property name="python-version" value="3.11.7 (main, Dec  4 2023, 18:10:11) [Clang 15.0.0 (clang-1500.1.0.2.5)]" /><property name="fspath" value="tests/tools/test_intersect.py" /></properties><environment framework-version="3.6.2" clr-version="3.11.7 (main, Dec  4 2023, 18:10:11) [Clang 15.0.0 (clang-1500.1.0.2.5)]" os-version="23.3.0" platform="Darwin" cwd="/Users/ruud.wijtvliet/python/portfolyo" machine-name="arm64" user="" user-domain="" culture="en-US" uiculture="en-US" os-architecture="64bit" /><failure><message><![CDATA[]]></message><stack-trace><![CDATA[None]]></stack-trace></failure><reason><message><![CDATA[]]></message></reason><output><![CDATA[]]></output></test-case><test-case id="484" name="tests/tools/test_intersect.py::test_intersect_distinctfreq[startdates14-H-2020-06-20-00:00-idx-None]" fullname="tests/tools/test_intersect.py::test_intersect_distinctfreq[startdates14-H-2020-06-20-00:00-idx-None]" methodname="test_intersect_distinctfreq[startdates14-H-2020-06-20-00:00-idx-None]" classname="tests/tools/test_intersect.py" runstate="Runnable" seed="1" result="Passed" label="Test if intersection of indices with distinct frequencies gives correct result." start-time="2024-02-05 13:01:39.851916" end-time="2024-02-05 13:01:39.852360" duration="0.000444" asserts="0"><properties><property name="python-version" value="3.11.7 (main, Dec  4 2023, 18:10:11) [Clang 15.0.0 (clang-1500.1.0.2.5)]" /><property name="fspath" value="tests/tools/test_intersect.py" /></properties><environment framework-version="3.6.2" clr-version="3.11.7 (main, Dec  4 2023, 18:10:11) [Clang 15.0.0 (clang-1500.1.0.2.5)]" os-version="23.3.0" platform="Darwin" cwd="/Users/ruud.wijtvliet/python/portfolyo" machine-name="arm64" user="" user-domain="" culture="en-US" uiculture="en-US" os-architecture="64bit" /><failure><message><![CDATA[]]></message><stack-trace><![CDATA[None]]></stack-trace></failure><reason><message><![CDATA[]]></message></reason><output><![CDATA[]]></output></test-case><test-case id="485" name="tests/tools/test_intersect.py::test_intersect_distinctfreq[startdates14-H-2020-06-20-00:00-idx-Europe/Berlin]" fullname="tests/tools/test_intersect.py::test_intersect_distinctfreq[startdates14-H-2020-06-20-00:00-idx-Europe/Berlin]" methodname="test_intersect_distinctfreq[startdates14-H-2020-06-20-00:00-idx-Europe/Berlin]" classname="tests/tools/test_intersect.py" runstate="Runnable" seed="1" result="Passed" label="Test if intersection of indices with distinct frequencies gives correct result." start-time="2024-02-05 13:01:39.852769" end-time="2024-02-05 13:01:39.853458" duration="0.000689" asserts="0"><properties><property name="python-version" value="3.11.7 (main, Dec  4 2023, 18:10:11) [Clang 15.0.0 (clang-1500.1.0.2.5)]" /><property name="fspath" value="tests/tools/test_intersect.py" /></properties><environment framework-version="3.6.2" clr-version="3.11.7 (main, Dec  4 2023, 18:10:11) [Clang 15.0.0 (clang-1500.1.0.2.5)]" os-version="23.3.0" platform="Darwin" cwd="/Users/ruud.wijtvliet/python/portfolyo" machine-name="arm64" user="" user-domain="" culture="en-US" uiculture="en-US" os-architecture="64bit" /><failure><message><![CDATA[]]></message><stack-trace><![CDATA[None]]></stack-trace></failure><reason><message><![CDATA[]]></message></reason><output><![CDATA[]]></output></test-case><test-case id="486" name="tests/tools/test_intersect.py::test_intersect_distinctfreq[startdates14-H-2020-06-20-00:00-idx-Asia/Kolkata]" fullname="tests/tools/test_intersect.py::test_intersect_distinctfreq[startdates14-H-2020-06-20-00:00-idx-Asia/Kolkata]" methodname="test_intersect_distinctfreq[startdates14-H-2020-06-20-00:00-idx-Asia/Kolkata]" classname="tests/tools/test_intersect.py" runstate="Runnable" seed="1" result="Passed" label="Test if intersection of indices with distinct frequencies gives correct result." start-time="2024-02-05 13:01:39.853886" end-time="2024-02-05 13:01:39.854484" duration="0.000598" asserts="0"><properties><property name="python-version" value="3.11.7 (main, Dec  4 2023, 18:10:11) [Clang 15.0.0 (clang-1500.1.0.2.5)]" /><property name="fspath" value="tests/tools/test_intersect.py" /></properties><environment framework-version="3.6.2" clr-version="3.11.7 (main, Dec  4 2023, 18:10:11) [Clang 15.0.0 (clang-1500.1.0.2.5)]" os-version="23.3.0" platform="Darwin" cwd="/Users/ruud.wijtvliet/python/portfolyo" machine-name="arm64" user="" user-domain="" culture="en-US" uiculture="en-US" os-architecture="64bit" /><failure><message><![CDATA[]]></message><stack-trace><![CDATA[None]]></stack-trace></failure><reason><message><![CDATA[]]></message></reason><output><![CDATA[]]></output></test-case><test-case id="487" name="tests/tools/test_intersect.py::test_intersect_distinctfreq[startdates14-H-2020-06-20-00:00-fr-None]" fullname="tests/tools/test_intersect.py::test_intersect_distinctfreq[startdates14-H-2020-06-20-00:00-fr-None]" methodname="test_intersect_distinctfreq[startdates14-H-2020-06-20-00:00-fr-None]" classname="tests/tools/test_intersect.py" runstate="Runnable" seed="1" result="Passed" label="Test if intersection of indices with distinct frequencies gives correct result." start-time="2024-02-05 13:01:39.855083" end-time="2024-02-05 13:01:39.856049" duration="0.000966" asserts="0"><properties><property name="python-version" value="3.11.7 (main, Dec  4 2023, 18:10:11) [Clang 15.0.0 (clang-1500.1.0.2.5)]" /><property name="fspath" value="tests/tools/test_intersect.py" /></properties><environment framework-version="3.6.2" clr-version="3.11.7 (main, Dec  4 2023, 18:10:11) [Clang 15.0.0 (clang-1500.1.0.2.5)]" os-version="23.3.0" platform="Darwin" cwd="/Users/ruud.wijtvliet/python/portfolyo" machine-name="arm64" user="" user-domain="" culture="en-US" uiculture="en-US" os-architecture="64bit" /><failure><message><![CDATA[]]></message><stack-trace><![CDATA[None]]></stack-trace></failure><reason><message><![CDATA[]]></message></reason><output><![CDATA[]]></output></test-case><test-case id="488" name="tests/tools/test_intersect.py::test_intersect_distinctfreq[startdates14-H-2020-06-20-00:00-fr-Europe/Berlin]" fullname="tests/tools/test_intersect.py::test_intersect_distinctfreq[startdates14-H-2020-06-20-00:00-fr-Europe/Berlin]" methodname="test_intersect_distinctfreq[startdates14-H-2020-06-20-00:00-fr-Europe/Berlin]" classname="tests/tools/test_intersect.py" runstate="Runnable" seed="1" result="Passed" label="Test if intersection of indices with distinct frequencies gives correct result." start-time="2024-02-05 13:01:39.856582" end-time="2024-02-05 13:01:39.857503" duration="0.000921" asserts="0"><properties><property name="python-version" value="3.11.7 (main, Dec  4 2023, 18:10:11) [Clang 15.0.0 (clang-1500.1.0.2.5)]" /><property name="fspath" value="tests/tools/test_intersect.py" /></properties><environment framework-version="3.6.2" clr-version="3.11.7 (main, Dec  4 2023, 18:10:11) [Clang 15.0.0 (clang-1500.1.0.2.5)]" os-version="23.3.0" platform="Darwin" cwd="/Users/ruud.wijtvliet/python/portfolyo" machine-name="arm64" user="" user-domain="" culture="en-US" uiculture="en-US" os-architecture="64bit" /><failure><message><![CDATA[]]></message><stack-trace><![CDATA[None]]></stack-trace></failure><reason><message><![CDATA[]]></message></reason><output><![CDATA[]]></output></test-case><test-case id="489" name="tests/tools/test_intersect.py::test_intersect_distinctfreq[startdates14-H-2020-06-20-00:00-fr-Asia/Kolkata]" fullname="tests/tools/test_intersect.py::test_intersect_distinctfreq[startdates14-H-2020-06-20-00:00-fr-Asia/Kolkata]" methodname="test_intersect_distinctfreq[startdates14-H-2020-06-20-00:00-fr-Asia/Kolkata]" classname="tests/tools/test_intersect.py" runstate="Runnable" seed="1" result="Passed" label="Test if intersection of indices with distinct frequencies gives correct result." start-time="2024-02-05 13:01:39.857993" end-time="2024-02-05 13:01:39.858856" duration="0.000863" asserts="0"><properties><property name="python-version" value="3.11.7 (main, Dec  4 2023, 18:10:11) [Clang 15.0.0 (clang-1500.1.0.2.5)]" /><property name="fspath" value="tests/tools/test_intersect.py" /></properties><environment framework-version="3.6.2" clr-version="3.11.7 (main, Dec  4 2023, 18:10:11) [Clang 15.0.0 (clang-1500.1.0.2.5)]" os-version="23.3.0" platform="Darwin" cwd="/Users/ruud.wijtvliet/python/portfolyo" machine-name="arm64" user="" user-domain="" culture="en-US" uiculture="en-US" os-architecture="64bit" /><failure><message><![CDATA[]]></message><stack-trace><![CDATA[None]]></stack-trace></failure><reason><message><![CDATA[]]></message></reason><output><![CDATA[]]></output></test-case><test-case id="490" name="tests/tools/test_intersect.py::test_intersect_distinctfreq[startdates14-H-2020-06-20-06:00-idx-None]" fullname="tests/tools/test_intersect.py::test_intersect_distinctfreq[startdates14-H-2020-06-20-06:00-idx-None]" methodname="test_intersect_distinctfreq[startdates14-H-2020-06-20-06:00-idx-None]" classname="tests/tools/test_intersect.py" runstate="Runnable" seed="1" result="Passed" label="Test if intersection of indices with distinct frequencies gives correct result." start-time="2024-02-05 13:01:39.859309" end-time="2024-02-05 13:01:39.859843" duration="0.000534" asserts="0"><properties><property name="python-version" value="3.11.7 (main, Dec  4 2023, 18:10:11) [Clang 15.0.0 (clang-1500.1.0.2.5)]" /><property name="fspath" value="tests/tools/test_intersect.py" /></properties><environment framework-version="3.6.2" clr-version="3.11.7 (main, Dec  4 2023, 18:10:11) [Clang 15.0.0 (clang-1500.1.0.2.5)]" os-version="23.3.0" platform="Darwin" cwd="/Users/ruud.wijtvliet/python/portfolyo" machine-name="arm64" user="" user-domain="" culture="en-US" uiculture="en-US" os-architecture="64bit" /><failure><message><![CDATA[]]></message><stack-trace><![CDATA[None]]></stack-trace></failure><reason><message><![CDATA[]]></message></reason><output><![CDATA[]]></output></test-case><test-case id="491" name="tests/tools/test_intersect.py::test_intersect_distinctfreq[startdates14-H-2020-06-20-06:00-idx-Europe/Berlin]" fullname="tests/tools/test_intersect.py::test_intersect_distinctfreq[startdates14-H-2020-06-20-06:00-idx-Europe/Berlin]" methodname="test_intersect_distinctfreq[startdates14-H-2020-06-20-06:00-idx-Europe/Berlin]" classname="tests/tools/test_intersect.py" runstate="Runnable" seed="1" result="Passed" label="Test if intersection of indices with distinct frequencies gives correct result." start-time="2024-02-05 13:01:39.860345" end-time="2024-02-05 13:01:39.861096" duration="0.000751" asserts="0"><properties><property name="python-version" value="3.11.7 (main, Dec  4 2023, 18:10:11) [Clang 15.0.0 (clang-1500.1.0.2.5)]" /><property name="fspath" value="tests/tools/test_intersect.py" /></properties><environment framework-version="3.6.2" clr-version="3.11.7 (main, Dec  4 2023, 18:10:11) [Clang 15.0.0 (clang-1500.1.0.2.5)]" os-version="23.3.0" platform="Darwin" cwd="/Users/ruud.wijtvliet/python/portfolyo" machine-name="arm64" user="" user-domain="" culture="en-US" uiculture="en-US" os-architecture="64bit" /><failure><message><![CDATA[]]></message><stack-trace><![CDATA[None]]></stack-trace></failure><reason><message><![CDATA[]]></message></reason><output><![CDATA[]]></output></test-case><test-case id="492" name="tests/tools/test_intersect.py::test_intersect_distinctfreq[startdates14-H-2020-06-20-06:00-idx-Asia/Kolkata]" fullname="tests/tools/test_intersect.py::test_intersect_distinctfreq[startdates14-H-2020-06-20-06:00-idx-Asia/Kolkata]" methodname="test_intersect_distinctfreq[startdates14-H-2020-06-20-06:00-idx-Asia/Kolkata]" classname="tests/tools/test_intersect.py" runstate="Runnable" seed="1" result="Passed" label="Test if intersection of indices with distinct frequencies gives correct result." start-time="2024-02-05 13:01:39.861529" end-time="2024-02-05 13:01:39.862154" duration="0.000625" asserts="0"><properties><property name="python-version" value="3.11.7 (main, Dec  4 2023, 18:10:11) [Clang 15.0.0 (clang-1500.1.0.2.5)]" /><property name="fspath" value="tests/tools/test_intersect.py" /></properties><environment framework-version="3.6.2" clr-version="3.11.7 (main, Dec  4 2023, 18:10:11) [Clang 15.0.0 (clang-1500.1.0.2.5)]" os-version="23.3.0" platform="Darwin" cwd="/Users/ruud.wijtvliet/python/portfolyo" machine-name="arm64" user="" user-domain="" culture="en-US" uiculture="en-US" os-architecture="64bit" /><failure><message><![CDATA[]]></message><stack-trace><![CDATA[None]]></stack-trace></failure><reason><message><![CDATA[]]></message></reason><output><![CDATA[]]></output></test-case><test-case id="493" name="tests/tools/test_intersect.py::test_intersect_distinctfreq[startdates14-H-2020-06-20-06:00-fr-None]" fullname="tests/tools/test_intersect.py::test_intersect_distinctfreq[startdates14-H-2020-06-20-06:00-fr-None]" methodname="test_intersect_distinctfreq[startdates14-H-2020-06-20-06:00-fr-None]" classname="tests/tools/test_intersect.py" runstate="Runnable" seed="1" result="Passed" label="Test if intersection of indices with distinct frequencies gives correct result." start-time="2024-02-05 13:01:39.862598" end-time="2024-02-05 13:01:39.863271" duration="0.000673" asserts="0"><properties><property name="python-version" value="3.11.7 (main, Dec  4 2023, 18:10:11) [Clang 15.0.0 (clang-1500.1.0.2.5)]" /><property name="fspath" value="tests/tools/test_intersect.py" /></properties><environment framework-version="3.6.2" clr-version="3.11.7 (main, Dec  4 2023, 18:10:11) [Clang 15.0.0 (clang-1500.1.0.2.5)]" os-version="23.3.0" platform="Darwin" cwd="/Users/ruud.wijtvliet/python/portfolyo" machine-name="arm64" user="" user-domain="" culture="en-US" uiculture="en-US" os-architecture="64bit" /><failure><message><![CDATA[]]></message><stack-trace><![CDATA[None]]></stack-trace></failure><reason><message><![CDATA[]]></message></reason><output><![CDATA[]]></output></test-case><test-case id="494" name="tests/tools/test_intersect.py::test_intersect_distinctfreq[startdates14-H-2020-06-20-06:00-fr-Europe/Berlin]" fullname="tests/tools/test_intersect.py::test_intersect_distinctfreq[startdates14-H-2020-06-20-06:00-fr-Europe/Berlin]" methodname="test_intersect_distinctfreq[startdates14-H-2020-06-20-06:00-fr-Europe/Berlin]" classname="tests/tools/test_intersect.py" runstate="Runnable" seed="1" result="Passed" label="Test if intersection of indices with distinct frequencies gives correct result." start-time="2024-02-05 13:01:39.863695" end-time="2024-02-05 13:01:39.864538" duration="0.000843" asserts="0"><properties><property name="python-version" value="3.11.7 (main, Dec  4 2023, 18:10:11) [Clang 15.0.0 (clang-1500.1.0.2.5)]" /><property name="fspath" value="tests/tools/test_intersect.py" /></properties><environment framework-version="3.6.2" clr-version="3.11.7 (main, Dec  4 2023, 18:10:11) [Clang 15.0.0 (clang-1500.1.0.2.5)]" os-version="23.3.0" platform="Darwin" cwd="/Users/ruud.wijtvliet/python/portfolyo" machine-name="arm64" user="" user-domain="" culture="en-US" uiculture="en-US" os-architecture="64bit" /><failure><message><![CDATA[]]></message><stack-trace><![CDATA[None]]></stack-trace></failure><reason><message><![CDATA[]]></message></reason><output><![CDATA[]]></output></test-case><test-case id="495" name="tests/tools/test_intersect.py::test_intersect_distinctfreq[startdates14-H-2020-06-20-06:00-fr-Asia/Kolkata]" fullname="tests/tools/test_intersect.py::test_intersect_distinctfreq[startdates14-H-2020-06-20-06:00-fr-Asia/Kolkata]" methodname="test_intersect_distinctfreq[startdates14-H-2020-06-20-06:00-fr-Asia/Kolkata]" classname="tests/tools/test_intersect.py" runstate="Runnable" seed="1" result="Passed" label="Test if intersection of indices with distinct frequencies gives correct result." start-time="2024-02-05 13:01:39.865002" end-time="2024-02-05 13:01:39.865826" duration="0.000824" asserts="0"><properties><property name="python-version" value="3.11.7 (main, Dec  4 2023, 18:10:11) [Clang 15.0.0 (clang-1500.1.0.2.5)]" /><property name="fspath" value="tests/tools/test_intersect.py" /></properties><environment framework-version="3.6.2" clr-version="3.11.7 (main, Dec  4 2023, 18:10:11) [Clang 15.0.0 (clang-1500.1.0.2.5)]" os-version="23.3.0" platform="Darwin" cwd="/Users/ruud.wijtvliet/python/portfolyo" machine-name="arm64" user="" user-domain="" culture="en-US" uiculture="en-US" os-architecture="64bit" /><failure><message><![CDATA[]]></message><stack-trace><![CDATA[None]]></stack-trace></failure><reason><message><![CDATA[]]></message></reason><output><![CDATA[]]></output></test-case><test-case id="496" name="tests/tools/test_intersect.py::test_intersect_distinctfreq[startdates15-H-2020-06-20-00:00-idx-None]" fullname="tests/tools/test_intersect.py::test_intersect_distinctfreq[startdates15-H-2020-06-20-00:00-idx-None]" methodname="test_intersect_distinctfreq[startdates15-H-2020-06-20-00:00-idx-None]" classname="tests/tools/test_intersect.py" runstate="Runnable" seed="1" result="Passed" label="Test if intersection of indices with distinct frequencies gives correct result." start-time="2024-02-05 13:01:39.866314" end-time="2024-02-05 13:01:39.866817" duration="0.000503" asserts="0"><properties><property name="python-version" value="3.11.7 (main, Dec  4 2023, 18:10:11) [Clang 15.0.0 (clang-1500.1.0.2.5)]" /><property name="fspath" value="tests/tools/test_intersect.py" /></properties><environment framework-version="3.6.2" clr-version="3.11.7 (main, Dec  4 2023, 18:10:11) [Clang 15.0.0 (clang-1500.1.0.2.5)]" os-version="23.3.0" platform="Darwin" cwd="/Users/ruud.wijtvliet/python/portfolyo" machine-name="arm64" user="" user-domain="" culture="en-US" uiculture="en-US" os-architecture="64bit" /><failure><message><![CDATA[]]></message><stack-trace><![CDATA[None]]></stack-trace></failure><reason><message><![CDATA[]]></message></reason><output><![CDATA[]]></output></test-case><test-case id="497" name="tests/tools/test_intersect.py::test_intersect_distinctfreq[startdates15-H-2020-06-20-00:00-idx-Europe/Berlin]" fullname="tests/tools/test_intersect.py::test_intersect_distinctfreq[startdates15-H-2020-06-20-00:00-idx-Europe/Berlin]" methodname="test_intersect_distinctfreq[startdates15-H-2020-06-20-00:00-idx-Europe/Berlin]" classname="tests/tools/test_intersect.py" runstate="Runnable" seed="1" result="Passed" label="Test if intersection of indices with distinct frequencies gives correct result." start-time="2024-02-05 13:01:39.867326" end-time="2024-02-05 13:01:39.868056" duration="0.00073" asserts="0"><properties><property name="python-version" value="3.11.7 (main, Dec  4 2023, 18:10:11) [Clang 15.0.0 (clang-1500.1.0.2.5)]" /><property name="fspath" value="tests/tools/test_intersect.py" /></properties><environment framework-version="3.6.2" clr-version="3.11.7 (main, Dec  4 2023, 18:10:11) [Clang 15.0.0 (clang-1500.1.0.2.5)]" os-version="23.3.0" platform="Darwin" cwd="/Users/ruud.wijtvliet/python/portfolyo" machine-name="arm64" user="" user-domain="" culture="en-US" uiculture="en-US" os-architecture="64bit" /><failure><message><![CDATA[]]></message><stack-trace><![CDATA[None]]></stack-trace></failure><reason><message><![CDATA[]]></message></reason><output><![CDATA[]]></output></test-case><test-case id="498" name="tests/tools/test_intersect.py::test_intersect_distinctfreq[startdates15-H-2020-06-20-00:00-idx-Asia/Kolkata]" fullname="tests/tools/test_intersect.py::test_intersect_distinctfreq[startdates15-H-2020-06-20-00:00-idx-Asia/Kolkata]" methodname="test_intersect_distinctfreq[startdates15-H-2020-06-20-00:00-idx-Asia/Kolkata]" classname="tests/tools/test_intersect.py" runstate="Runnable" seed="1" result="Passed" label="Test if intersection of indices with distinct frequencies gives correct result." start-time="2024-02-05 13:01:39.868580" end-time="2024-02-05 13:01:39.869235" duration="0.000655" asserts="0"><properties><property name="python-version" value="3.11.7 (main, Dec  4 2023, 18:10:11) [Clang 15.0.0 (clang-1500.1.0.2.5)]" /><property name="fspath" value="tests/tools/test_intersect.py" /></properties><environment framework-version="3.6.2" clr-version="3.11.7 (main, Dec  4 2023, 18:10:11) [Clang 15.0.0 (clang-1500.1.0.2.5)]" os-version="23.3.0" platform="Darwin" cwd="/Users/ruud.wijtvliet/python/portfolyo" machine-name="arm64" user="" user-domain="" culture="en-US" uiculture="en-US" os-architecture="64bit" /><failure><message><![CDATA[]]></message><stack-trace><![CDATA[None]]></stack-trace></failure><reason><message><![CDATA[]]></message></reason><output><![CDATA[]]></output></test-case><test-case id="499" name="tests/tools/test_intersect.py::test_intersect_distinctfreq[startdates15-H-2020-06-20-00:00-fr-None]" fullname="tests/tools/test_intersect.py::test_intersect_distinctfreq[startdates15-H-2020-06-20-00:00-fr-None]" methodname="test_intersect_distinctfreq[startdates15-H-2020-06-20-00:00-fr-None]" classname="tests/tools/test_intersect.py" runstate="Runnable" seed="1" result="Passed" label="Test if intersection of indices with distinct frequencies gives correct result." start-time="2024-02-05 13:01:39.869689" end-time="2024-02-05 13:01:39.870395" duration="0.000706" asserts="0"><properties><property name="python-version" value="3.11.7 (main, Dec  4 2023, 18:10:11) [Clang 15.0.0 (clang-1500.1.0.2.5)]" /><property name="fspath" value="tests/tools/test_intersect.py" /></properties><environment framework-version="3.6.2" clr-version="3.11.7 (main, Dec  4 2023, 18:10:11) [Clang 15.0.0 (clang-1500.1.0.2.5)]" os-version="23.3.0" platform="Darwin" cwd="/Users/ruud.wijtvliet/python/portfolyo" machine-name="arm64" user="" user-domain="" culture="en-US" uiculture="en-US" os-architecture="64bit" /><failure><message><![CDATA[]]></message><stack-trace><![CDATA[None]]></stack-trace></failure><reason><message><![CDATA[]]></message></reason><output><![CDATA[]]></output></test-case><test-case id="500" name="tests/tools/test_intersect.py::test_intersect_distinctfreq[startdates15-H-2020-06-20-00:00-fr-Europe/Berlin]" fullname="tests/tools/test_intersect.py::test_intersect_distinctfreq[startdates15-H-2020-06-20-00:00-fr-Europe/Berlin]" methodname="test_intersect_distinctfreq[startdates15-H-2020-06-20-00:00-fr-Europe/Berlin]" classname="tests/tools/test_intersect.py" runstate="Runnable" seed="1" result="Passed" label="Test if intersection of indices with distinct frequencies gives correct result." start-time="2024-02-05 13:01:39.870945" end-time="2024-02-05 13:01:39.871905" duration="0.00096" asserts="0"><properties><property name="python-version" value="3.11.7 (main, Dec  4 2023, 18:10:11) [Clang 15.0.0 (clang-1500.1.0.2.5)]" /><property name="fspath" value="tests/tools/test_intersect.py" /></properties><environment framework-version="3.6.2" clr-version="3.11.7 (main, Dec  4 2023, 18:10:11) [Clang 15.0.0 (clang-1500.1.0.2.5)]" os-version="23.3.0" platform="Darwin" cwd="/Users/ruud.wijtvliet/python/portfolyo" machine-name="arm64" user="" user-domain="" culture="en-US" uiculture="en-US" os-architecture="64bit" /><failure><message><![CDATA[]]></message><stack-trace><![CDATA[None]]></stack-trace></failure><reason><message><![CDATA[]]></message></reason><output><![CDATA[]]></output></test-case><test-case id="501" name="tests/tools/test_intersect.py::test_intersect_distinctfreq[startdates15-H-2020-06-20-00:00-fr-Asia/Kolkata]" fullname="tests/tools/test_intersect.py::test_intersect_distinctfreq[startdates15-H-2020-06-20-00:00-fr-Asia/Kolkata]" methodname="test_intersect_distinctfreq[startdates15-H-2020-06-20-00:00-fr-Asia/Kolkata]" classname="tests/tools/test_intersect.py" runstate="Runnable" seed="1" result="Passed" label="Test if intersection of indices with distinct frequencies gives correct result." start-time="2024-02-05 13:01:39.872398" end-time="2024-02-05 13:01:39.873386" duration="0.000988" asserts="0"><properties><property name="python-version" value="3.11.7 (main, Dec  4 2023, 18:10:11) [Clang 15.0.0 (clang-1500.1.0.2.5)]" /><property name="fspath" value="tests/tools/test_intersect.py" /></properties><environment framework-version="3.6.2" clr-version="3.11.7 (main, Dec  4 2023, 18:10:11) [Clang 15.0.0 (clang-1500.1.0.2.5)]" os-version="23.3.0" platform="Darwin" cwd="/Users/ruud.wijtvliet/python/portfolyo" machine-name="arm64" user="" user-domain="" culture="en-US" uiculture="en-US" os-architecture="64bit" /><failure><message><![CDATA[]]></message><stack-trace><![CDATA[None]]></stack-trace></failure><reason><message><![CDATA[]]></message></reason><output><![CDATA[]]></output></test-case><test-case id="502" name="tests/tools/test_intersect.py::test_intersect_distinctfreq[startdates15-H-2020-06-20-06:00-idx-None]" fullname="tests/tools/test_intersect.py::test_intersect_distinctfreq[startdates15-H-2020-06-20-06:00-idx-None]" methodname="test_intersect_distinctfreq[startdates15-H-2020-06-20-06:00-idx-None]" classname="tests/tools/test_intersect.py" runstate="Runnable" seed="1" result="Passed" label="Test if intersection of indices with distinct frequencies gives correct result." start-time="2024-02-05 13:01:39.873812" end-time="2024-02-05 13:01:39.874251" duration="0.000439" asserts="0"><properties><property name="python-version" value="3.11.7 (main, Dec  4 2023, 18:10:11) [Clang 15.0.0 (clang-1500.1.0.2.5)]" /><property name="fspath" value="tests/tools/test_intersect.py" /></properties><environment framework-version="3.6.2" clr-version="3.11.7 (main, Dec  4 2023, 18:10:11) [Clang 15.0.0 (clang-1500.1.0.2.5)]" os-version="23.3.0" platform="Darwin" cwd="/Users/ruud.wijtvliet/python/portfolyo" machine-name="arm64" user="" user-domain="" culture="en-US" uiculture="en-US" os-architecture="64bit" /><failure><message><![CDATA[]]></message><stack-trace><![CDATA[None]]></stack-trace></failure><reason><message><![CDATA[]]></message></reason><output><![CDATA[]]></output></test-case><test-case id="503" name="tests/tools/test_intersect.py::test_intersect_distinctfreq[startdates15-H-2020-06-20-06:00-idx-Europe/Berlin]" fullname="tests/tools/test_intersect.py::test_intersect_distinctfreq[startdates15-H-2020-06-20-06:00-idx-Europe/Berlin]" methodname="test_intersect_distinctfreq[startdates15-H-2020-06-20-06:00-idx-Europe/Berlin]" classname="tests/tools/test_intersect.py" runstate="Runnable" seed="1" result="Passed" label="Test if intersection of indices with distinct frequencies gives correct result." start-time="2024-02-05 13:01:39.874658" end-time="2024-02-05 13:01:39.875303" duration="0.000645" asserts="0"><properties><property name="python-version" value="3.11.7 (main, Dec  4 2023, 18:10:11) [Clang 15.0.0 (clang-1500.1.0.2.5)]" /><property name="fspath" value="tests/tools/test_intersect.py" /></properties><environment framework-version="3.6.2" clr-version="3.11.7 (main, Dec  4 2023, 18:10:11) [Clang 15.0.0 (clang-1500.1.0.2.5)]" os-version="23.3.0" platform="Darwin" cwd="/Users/ruud.wijtvliet/python/portfolyo" machine-name="arm64" user="" user-domain="" culture="en-US" uiculture="en-US" os-architecture="64bit" /><failure><message><![CDATA[]]></message><stack-trace><![CDATA[None]]></stack-trace></failure><reason><message><![CDATA[]]></message></reason><output><![CDATA[]]></output></test-case><test-case id="504" name="tests/tools/test_intersect.py::test_intersect_distinctfreq[startdates15-H-2020-06-20-06:00-idx-Asia/Kolkata]" fullname="tests/tools/test_intersect.py::test_intersect_distinctfreq[startdates15-H-2020-06-20-06:00-idx-Asia/Kolkata]" methodname="test_intersect_distinctfreq[startdates15-H-2020-06-20-06:00-idx-Asia/Kolkata]" classname="tests/tools/test_intersect.py" runstate="Runnable" seed="1" result="Passed" label="Test if intersection of indices with distinct frequencies gives correct result." start-time="2024-02-05 13:01:39.875723" end-time="2024-02-05 13:01:39.876319" duration="0.000596" asserts="0"><properties><property name="python-version" value="3.11.7 (main, Dec  4 2023, 18:10:11) [Clang 15.0.0 (clang-1500.1.0.2.5)]" /><property name="fspath" value="tests/tools/test_intersect.py" /></properties><environment framework-version="3.6.2" clr-version="3.11.7 (main, Dec  4 2023, 18:10:11) [Clang 15.0.0 (clang-1500.1.0.2.5)]" os-version="23.3.0" platform="Darwin" cwd="/Users/ruud.wijtvliet/python/portfolyo" machine-name="arm64" user="" user-domain="" culture="en-US" uiculture="en-US" os-architecture="64bit" /><failure><message><![CDATA[]]></message><stack-trace><![CDATA[None]]></stack-trace></failure><reason><message><![CDATA[]]></message></reason><output><![CDATA[]]></output></test-case><test-case id="505" name="tests/tools/test_intersect.py::test_intersect_distinctfreq[startdates15-H-2020-06-20-06:00-fr-None]" fullname="tests/tools/test_intersect.py::test_intersect_distinctfreq[startdates15-H-2020-06-20-06:00-fr-None]" methodname="test_intersect_distinctfreq[startdates15-H-2020-06-20-06:00-fr-None]" classname="tests/tools/test_intersect.py" runstate="Runnable" seed="1" result="Passed" label="Test if intersection of indices with distinct frequencies gives correct result." start-time="2024-02-05 13:01:39.876742" end-time="2024-02-05 13:01:39.877363" duration="0.000621" asserts="0"><properties><property name="python-version" value="3.11.7 (main, Dec  4 2023, 18:10:11) [Clang 15.0.0 (clang-1500.1.0.2.5)]" /><property name="fspath" value="tests/tools/test_intersect.py" /></properties><environment framework-version="3.6.2" clr-version="3.11.7 (main, Dec  4 2023, 18:10:11) [Clang 15.0.0 (clang-1500.1.0.2.5)]" os-version="23.3.0" platform="Darwin" cwd="/Users/ruud.wijtvliet/python/portfolyo" machine-name="arm64" user="" user-domain="" culture="en-US" uiculture="en-US" os-architecture="64bit" /><failure><message><![CDATA[]]></message><stack-trace><![CDATA[None]]></stack-trace></failure><reason><message><![CDATA[]]></message></reason><output><![CDATA[]]></output></test-case><test-case id="506" name="tests/tools/test_intersect.py::test_intersect_distinctfreq[startdates15-H-2020-06-20-06:00-fr-Europe/Berlin]" fullname="tests/tools/test_intersect.py::test_intersect_distinctfreq[startdates15-H-2020-06-20-06:00-fr-Europe/Berlin]" methodname="test_intersect_distinctfreq[startdates15-H-2020-06-20-06:00-fr-Europe/Berlin]" classname="tests/tools/test_intersect.py" runstate="Runnable" seed="1" result="Passed" label="Test if intersection of indices with distinct frequencies gives correct result." start-time="2024-02-05 13:01:39.877784" end-time="2024-02-05 13:01:39.878645" duration="0.000861" asserts="0"><properties><property name="python-version" value="3.11.7 (main, Dec  4 2023, 18:10:11) [Clang 15.0.0 (clang-1500.1.0.2.5)]" /><property name="fspath" value="tests/tools/test_intersect.py" /></properties><environment framework-version="3.6.2" clr-version="3.11.7 (main, Dec  4 2023, 18:10:11) [Clang 15.0.0 (clang-1500.1.0.2.5)]" os-version="23.3.0" platform="Darwin" cwd="/Users/ruud.wijtvliet/python/portfolyo" machine-name="arm64" user="" user-domain="" culture="en-US" uiculture="en-US" os-architecture="64bit" /><failure><message><![CDATA[]]></message><stack-trace><![CDATA[None]]></stack-trace></failure><reason><message><![CDATA[]]></message></reason><output><![CDATA[]]></output></test-case><test-case id="507" name="tests/tools/test_intersect.py::test_intersect_distinctfreq[startdates15-H-2020-06-20-06:00-fr-Asia/Kolkata]" fullname="tests/tools/test_intersect.py::test_intersect_distinctfreq[startdates15-H-2020-06-20-06:00-fr-Asia/Kolkata]" methodname="test_intersect_distinctfreq[startdates15-H-2020-06-20-06:00-fr-Asia/Kolkata]" classname="tests/tools/test_intersect.py" runstate="Runnable" seed="1" result="Passed" label="Test if intersection of indices with distinct frequencies gives correct result." start-time="2024-02-05 13:01:39.879059" end-time="2024-02-05 13:01:39.879812" duration="0.000753" asserts="0"><properties><property name="python-version" value="3.11.7 (main, Dec  4 2023, 18:10:11) [Clang 15.0.0 (clang-1500.1.0.2.5)]" /><property name="fspath" value="tests/tools/test_intersect.py" /></properties><environment framework-version="3.6.2" clr-version="3.11.7 (main, Dec  4 2023, 18:10:11) [Clang 15.0.0 (clang-1500.1.0.2.5)]" os-version="23.3.0" platform="Darwin" cwd="/Users/ruud.wijtvliet/python/portfolyo" machine-name="arm64" user="" user-domain="" culture="en-US" uiculture="en-US" os-architecture="64bit" /><failure><message><![CDATA[]]></message><stack-trace><![CDATA[None]]></stack-trace></failure><reason><message><![CDATA[]]></message></reason><output><![CDATA[]]></output></test-case><test-case id="508" name="tests/tools/test_intersect.py::test_intersect_distinctfreq[startdates16-D-2020-06-20-00:00-idx-None]" fullname="tests/tools/test_intersect.py::test_intersect_distinctfreq[startdates16-D-2020-06-20-00:00-idx-None]" methodname="test_intersect_distinctfreq[startdates16-D-2020-06-20-00:00-idx-None]" classname="tests/tools/test_intersect.py" runstate="Runnable" seed="1" result="Passed" label="Test if intersection of indices with distinct frequencies gives correct result." start-time="2024-02-05 13:01:39.880232" end-time="2024-02-05 13:01:39.880813" duration="0.000581" asserts="0"><properties><property name="python-version" value="3.11.7 (main, Dec  4 2023, 18:10:11) [Clang 15.0.0 (clang-1500.1.0.2.5)]" /><property name="fspath" value="tests/tools/test_intersect.py" /></properties><environment framework-version="3.6.2" clr-version="3.11.7 (main, Dec  4 2023, 18:10:11) [Clang 15.0.0 (clang-1500.1.0.2.5)]" os-version="23.3.0" platform="Darwin" cwd="/Users/ruud.wijtvliet/python/portfolyo" machine-name="arm64" user="" user-domain="" culture="en-US" uiculture="en-US" os-architecture="64bit" /><failure><message><![CDATA[]]></message><stack-trace><![CDATA[None]]></stack-trace></failure><reason><message><![CDATA[]]></message></reason><output><![CDATA[]]></output></test-case><test-case id="509" name="tests/tools/test_intersect.py::test_intersect_distinctfreq[startdates16-D-2020-06-20-00:00-idx-Europe/Berlin]" fullname="tests/tools/test_intersect.py::test_intersect_distinctfreq[startdates16-D-2020-06-20-00:00-idx-Europe/Berlin]" methodname="test_intersect_distinctfreq[startdates16-D-2020-06-20-00:00-idx-Europe/Berlin]" classname="tests/tools/test_intersect.py" runstate="Runnable" seed="1" result="Passed" label="Test if intersection of indices with distinct frequencies gives correct result." start-time="2024-02-05 13:01:39.881406" end-time="2024-02-05 13:01:39.882317" duration="0.000911" asserts="0"><properties><property name="python-version" value="3.11.7 (main, Dec  4 2023, 18:10:11) [Clang 15.0.0 (clang-1500.1.0.2.5)]" /><property name="fspath" value="tests/tools/test_intersect.py" /></properties><environment framework-version="3.6.2" clr-version="3.11.7 (main, Dec  4 2023, 18:10:11) [Clang 15.0.0 (clang-1500.1.0.2.5)]" os-version="23.3.0" platform="Darwin" cwd="/Users/ruud.wijtvliet/python/portfolyo" machine-name="arm64" user="" user-domain="" culture="en-US" uiculture="en-US" os-architecture="64bit" /><failure><message><![CDATA[]]></message><stack-trace><![CDATA[None]]></stack-trace></failure><reason><message><![CDATA[]]></message></reason><output><![CDATA[]]></output></test-case><test-case id="510" name="tests/tools/test_intersect.py::test_intersect_distinctfreq[startdates16-D-2020-06-20-00:00-idx-Asia/Kolkata]" fullname="tests/tools/test_intersect.py::test_intersect_distinctfreq[startdates16-D-2020-06-20-00:00-idx-Asia/Kolkata]" methodname="test_intersect_distinctfreq[startdates16-D-2020-06-20-00:00-idx-Asia/Kolkata]" classname="tests/tools/test_intersect.py" runstate="Runnable" seed="1" result="Passed" label="Test if intersection of indices with distinct frequencies gives correct result." start-time="2024-02-05 13:01:39.882778" end-time="2024-02-05 13:01:39.883585" duration="0.000807" asserts="0"><properties><property name="python-version" value="3.11.7 (main, Dec  4 2023, 18:10:11) [Clang 15.0.0 (clang-1500.1.0.2.5)]" /><property name="fspath" value="tests/tools/test_intersect.py" /></properties><environment framework-version="3.6.2" clr-version="3.11.7 (main, Dec  4 2023, 18:10:11) [Clang 15.0.0 (clang-1500.1.0.2.5)]" os-version="23.3.0" platform="Darwin" cwd="/Users/ruud.wijtvliet/python/portfolyo" machine-name="arm64" user="" user-domain="" culture="en-US" uiculture="en-US" os-architecture="64bit" /><failure><message><![CDATA[]]></message><stack-trace><![CDATA[None]]></stack-trace></failure><reason><message><![CDATA[]]></message></reason><output><![CDATA[]]></output></test-case><test-case id="511" name="tests/tools/test_intersect.py::test_intersect_distinctfreq[startdates16-D-2020-06-20-00:00-fr-None]" fullname="tests/tools/test_intersect.py::test_intersect_distinctfreq[startdates16-D-2020-06-20-00:00-fr-None]" methodname="test_intersect_distinctfreq[startdates16-D-2020-06-20-00:00-fr-None]" classname="tests/tools/test_intersect.py" runstate="Runnable" seed="1" result="Passed" label="Test if intersection of indices with distinct frequencies gives correct result." start-time="2024-02-05 13:01:39.884056" end-time="2024-02-05 13:01:39.884832" duration="0.000776" asserts="0"><properties><property name="python-version" value="3.11.7 (main, Dec  4 2023, 18:10:11) [Clang 15.0.0 (clang-1500.1.0.2.5)]" /><property name="fspath" value="tests/tools/test_intersect.py" /></properties><environment framework-version="3.6.2" clr-version="3.11.7 (main, Dec  4 2023, 18:10:11) [Clang 15.0.0 (clang-1500.1.0.2.5)]" os-version="23.3.0" platform="Darwin" cwd="/Users/ruud.wijtvliet/python/portfolyo" machine-name="arm64" user="" user-domain="" culture="en-US" uiculture="en-US" os-architecture="64bit" /><failure><message><![CDATA[]]></message><stack-trace><![CDATA[None]]></stack-trace></failure><reason><message><![CDATA[]]></message></reason><output><![CDATA[]]></output></test-case><test-case id="512" name="tests/tools/test_intersect.py::test_intersect_distinctfreq[startdates16-D-2020-06-20-00:00-fr-Europe/Berlin]" fullname="tests/tools/test_intersect.py::test_intersect_distinctfreq[startdates16-D-2020-06-20-00:00-fr-Europe/Berlin]" methodname="test_intersect_distinctfreq[startdates16-D-2020-06-20-00:00-fr-Europe/Berlin]" classname="tests/tools/test_intersect.py" runstate="Runnable" seed="1" result="Passed" label="Test if intersection of indices with distinct frequencies gives correct result." start-time="2024-02-05 13:01:39.885271" end-time="2024-02-05 13:01:39.886140" duration="0.000869" asserts="0"><properties><property name="python-version" value="3.11.7 (main, Dec  4 2023, 18:10:11) [Clang 15.0.0 (clang-1500.1.0.2.5)]" /><property name="fspath" value="tests/tools/test_intersect.py" /></properties><environment framework-version="3.6.2" clr-version="3.11.7 (main, Dec  4 2023, 18:10:11) [Clang 15.0.0 (clang-1500.1.0.2.5)]" os-version="23.3.0" platform="Darwin" cwd="/Users/ruud.wijtvliet/python/portfolyo" machine-name="arm64" user="" user-domain="" culture="en-US" uiculture="en-US" os-architecture="64bit" /><failure><message><![CDATA[]]></message><stack-trace><![CDATA[None]]></stack-trace></failure><reason><message><![CDATA[]]></message></reason><output><![CDATA[]]></output></test-case><test-case id="513" name="tests/tools/test_intersect.py::test_intersect_distinctfreq[startdates16-D-2020-06-20-00:00-fr-Asia/Kolkata]" fullname="tests/tools/test_intersect.py::test_intersect_distinctfreq[startdates16-D-2020-06-20-00:00-fr-Asia/Kolkata]" methodname="test_intersect_distinctfreq[startdates16-D-2020-06-20-00:00-fr-Asia/Kolkata]" classname="tests/tools/test_intersect.py" runstate="Runnable" seed="1" result="Passed" label="Test if intersection of indices with distinct frequencies gives correct result." start-time="2024-02-05 13:01:39.886600" end-time="2024-02-05 13:01:39.887433" duration="0.000833" asserts="0"><properties><property name="python-version" value="3.11.7 (main, Dec  4 2023, 18:10:11) [Clang 15.0.0 (clang-1500.1.0.2.5)]" /><property name="fspath" value="tests/tools/test_intersect.py" /></properties><environment framework-version="3.6.2" clr-version="3.11.7 (main, Dec  4 2023, 18:10:11) [Clang 15.0.0 (clang-1500.1.0.2.5)]" os-version="23.3.0" platform="Darwin" cwd="/Users/ruud.wijtvliet/python/portfolyo" machine-name="arm64" user="" user-domain="" culture="en-US" uiculture="en-US" os-architecture="64bit" /><failure><message><![CDATA[]]></message><stack-trace><![CDATA[None]]></stack-trace></failure><reason><message><![CDATA[]]></message></reason><output><![CDATA[]]></output></test-case><test-case id="514" name="tests/tools/test_intersect.py::test_intersect_distinctfreq[startdates16-D-2020-06-20-06:00-idx-None]" fullname="tests/tools/test_intersect.py::test_intersect_distinctfreq[startdates16-D-2020-06-20-06:00-idx-None]" methodname="test_intersect_distinctfreq[startdates16-D-2020-06-20-06:00-idx-None]" classname="tests/tools/test_intersect.py" runstate="Runnable" seed="1" result="Passed" label="Test if intersection of indices with distinct frequencies gives correct result." start-time="2024-02-05 13:01:39.887883" end-time="2024-02-05 13:01:39.888391" duration="0.000508" asserts="0"><properties><property name="python-version" value="3.11.7 (main, Dec  4 2023, 18:10:11) [Clang 15.0.0 (clang-1500.1.0.2.5)]" /><property name="fspath" value="tests/tools/test_intersect.py" /></properties><environment framework-version="3.6.2" clr-version="3.11.7 (main, Dec  4 2023, 18:10:11) [Clang 15.0.0 (clang-1500.1.0.2.5)]" os-version="23.3.0" platform="Darwin" cwd="/Users/ruud.wijtvliet/python/portfolyo" machine-name="arm64" user="" user-domain="" culture="en-US" uiculture="en-US" os-architecture="64bit" /><failure><message><![CDATA[]]></message><stack-trace><![CDATA[None]]></stack-trace></failure><reason><message><![CDATA[]]></message></reason><output><![CDATA[]]></output></test-case><test-case id="515" name="tests/tools/test_intersect.py::test_intersect_distinctfreq[startdates16-D-2020-06-20-06:00-idx-Europe/Berlin]" fullname="tests/tools/test_intersect.py::test_intersect_distinctfreq[startdates16-D-2020-06-20-06:00-idx-Europe/Berlin]" methodname="test_intersect_distinctfreq[startdates16-D-2020-06-20-06:00-idx-Europe/Berlin]" classname="tests/tools/test_intersect.py" runstate="Runnable" seed="1" result="Passed" label="Test if intersection of indices with distinct frequencies gives correct result." start-time="2024-02-05 13:01:39.888834" end-time="2024-02-05 13:01:39.889503" duration="0.000669" asserts="0"><properties><property name="python-version" value="3.11.7 (main, Dec  4 2023, 18:10:11) [Clang 15.0.0 (clang-1500.1.0.2.5)]" /><property name="fspath" value="tests/tools/test_intersect.py" /></properties><environment framework-version="3.6.2" clr-version="3.11.7 (main, Dec  4 2023, 18:10:11) [Clang 15.0.0 (clang-1500.1.0.2.5)]" os-version="23.3.0" platform="Darwin" cwd="/Users/ruud.wijtvliet/python/portfolyo" machine-name="arm64" user="" user-domain="" culture="en-US" uiculture="en-US" os-architecture="64bit" /><failure><message><![CDATA[]]></message><stack-trace><![CDATA[None]]></stack-trace></failure><reason><message><![CDATA[]]></message></reason><output><![CDATA[]]></output></test-case><test-case id="516" name="tests/tools/test_intersect.py::test_intersect_distinctfreq[startdates16-D-2020-06-20-06:00-idx-Asia/Kolkata]" fullname="tests/tools/test_intersect.py::test_intersect_distinctfreq[startdates16-D-2020-06-20-06:00-idx-Asia/Kolkata]" methodname="test_intersect_distinctfreq[startdates16-D-2020-06-20-06:00-idx-Asia/Kolkata]" classname="tests/tools/test_intersect.py" runstate="Runnable" seed="1" result="Passed" label="Test if intersection of indices with distinct frequencies gives correct result." start-time="2024-02-05 13:01:39.889930" end-time="2024-02-05 13:01:39.890545" duration="0.000615" asserts="0"><properties><property name="python-version" value="3.11.7 (main, Dec  4 2023, 18:10:11) [Clang 15.0.0 (clang-1500.1.0.2.5)]" /><property name="fspath" value="tests/tools/test_intersect.py" /></properties><environment framework-version="3.6.2" clr-version="3.11.7 (main, Dec  4 2023, 18:10:11) [Clang 15.0.0 (clang-1500.1.0.2.5)]" os-version="23.3.0" platform="Darwin" cwd="/Users/ruud.wijtvliet/python/portfolyo" machine-name="arm64" user="" user-domain="" culture="en-US" uiculture="en-US" os-architecture="64bit" /><failure><message><![CDATA[]]></message><stack-trace><![CDATA[None]]></stack-trace></failure><reason><message><![CDATA[]]></message></reason><output><![CDATA[]]></output></test-case><test-case id="517" name="tests/tools/test_intersect.py::test_intersect_distinctfreq[startdates16-D-2020-06-20-06:00-fr-None]" fullname="tests/tools/test_intersect.py::test_intersect_distinctfreq[startdates16-D-2020-06-20-06:00-fr-None]" methodname="test_intersect_distinctfreq[startdates16-D-2020-06-20-06:00-fr-None]" classname="tests/tools/test_intersect.py" runstate="Runnable" seed="1" result="Passed" label="Test if intersection of indices with distinct frequencies gives correct result." start-time="2024-02-05 13:01:39.890986" end-time="2024-02-05 13:01:39.891648" duration="0.000662" asserts="0"><properties><property name="python-version" value="3.11.7 (main, Dec  4 2023, 18:10:11) [Clang 15.0.0 (clang-1500.1.0.2.5)]" /><property name="fspath" value="tests/tools/test_intersect.py" /></properties><environment framework-version="3.6.2" clr-version="3.11.7 (main, Dec  4 2023, 18:10:11) [Clang 15.0.0 (clang-1500.1.0.2.5)]" os-version="23.3.0" platform="Darwin" cwd="/Users/ruud.wijtvliet/python/portfolyo" machine-name="arm64" user="" user-domain="" culture="en-US" uiculture="en-US" os-architecture="64bit" /><failure><message><![CDATA[]]></message><stack-trace><![CDATA[None]]></stack-trace></failure><reason><message><![CDATA[]]></message></reason><output><![CDATA[]]></output></test-case><test-case id="518" name="tests/tools/test_intersect.py::test_intersect_distinctfreq[startdates16-D-2020-06-20-06:00-fr-Europe/Berlin]" fullname="tests/tools/test_intersect.py::test_intersect_distinctfreq[startdates16-D-2020-06-20-06:00-fr-Europe/Berlin]" methodname="test_intersect_distinctfreq[startdates16-D-2020-06-20-06:00-fr-Europe/Berlin]" classname="tests/tools/test_intersect.py" runstate="Runnable" seed="1" result="Passed" label="Test if intersection of indices with distinct frequencies gives correct result." start-time="2024-02-05 13:01:39.892122" end-time="2024-02-05 13:01:39.893114" duration="0.000992" asserts="0"><properties><property name="python-version" value="3.11.7 (main, Dec  4 2023, 18:10:11) [Clang 15.0.0 (clang-1500.1.0.2.5)]" /><property name="fspath" value="tests/tools/test_intersect.py" /></properties><environment framework-version="3.6.2" clr-version="3.11.7 (main, Dec  4 2023, 18:10:11) [Clang 15.0.0 (clang-1500.1.0.2.5)]" os-version="23.3.0" platform="Darwin" cwd="/Users/ruud.wijtvliet/python/portfolyo" machine-name="arm64" user="" user-domain="" culture="en-US" uiculture="en-US" os-architecture="64bit" /><failure><message><![CDATA[]]></message><stack-trace><![CDATA[None]]></stack-trace></failure><reason><message><![CDATA[]]></message></reason><output><![CDATA[]]></output></test-case><test-case id="519" name="tests/tools/test_intersect.py::test_intersect_distinctfreq[startdates16-D-2020-06-20-06:00-fr-Asia/Kolkata]" fullname="tests/tools/test_intersect.py::test_intersect_distinctfreq[startdates16-D-2020-06-20-06:00-fr-Asia/Kolkata]" methodname="test_intersect_distinctfreq[startdates16-D-2020-06-20-06:00-fr-Asia/Kolkata]" classname="tests/tools/test_intersect.py" runstate="Runnable" seed="1" result="Passed" label="Test if intersection of indices with distinct frequencies gives correct result." start-time="2024-02-05 13:01:39.893728" end-time="2024-02-05 13:01:39.894698" duration="0.00097" asserts="0"><properties><property name="python-version" value="3.11.7 (main, Dec  4 2023, 18:10:11) [Clang 15.0.0 (clang-1500.1.0.2.5)]" /><property name="fspath" value="tests/tools/test_intersect.py" /></properties><environment framework-version="3.6.2" clr-version="3.11.7 (main, Dec  4 2023, 18:10:11) [Clang 15.0.0 (clang-1500.1.0.2.5)]" os-version="23.3.0" platform="Darwin" cwd="/Users/ruud.wijtvliet/python/portfolyo" machine-name="arm64" user="" user-domain="" culture="en-US" uiculture="en-US" os-architecture="64bit" /><failure><message><![CDATA[]]></message><stack-trace><![CDATA[None]]></stack-trace></failure><reason><message><![CDATA[]]></message></reason><output><![CDATA[]]></output></test-case><test-case id="520" name="tests/tools/test_intersect.py::test_intersect_distinctfreq[startdates17-D-2020-06-20-00:00-idx-None]" fullname="tests/tools/test_intersect.py::test_intersect_distinctfreq[startdates17-D-2020-06-20-00:00-idx-None]" methodname="test_intersect_distinctfreq[startdates17-D-2020-06-20-00:00-idx-None]" classname="tests/tools/test_intersect.py" runstate="Runnable" seed="1" result="Passed" label="Test if intersection of indices with distinct frequencies gives correct result." start-time="2024-02-05 13:01:39.895176" end-time="2024-02-05 13:01:39.895664" duration="0.000488" asserts="0"><properties><property name="python-version" value="3.11.7 (main, Dec  4 2023, 18:10:11) [Clang 15.0.0 (clang-1500.1.0.2.5)]" /><property name="fspath" value="tests/tools/test_intersect.py" /></properties><environment framework-version="3.6.2" clr-version="3.11.7 (main, Dec  4 2023, 18:10:11) [Clang 15.0.0 (clang-1500.1.0.2.5)]" os-version="23.3.0" platform="Darwin" cwd="/Users/ruud.wijtvliet/python/portfolyo" machine-name="arm64" user="" user-domain="" culture="en-US" uiculture="en-US" os-architecture="64bit" /><failure><message><![CDATA[]]></message><stack-trace><![CDATA[None]]></stack-trace></failure><reason><message><![CDATA[]]></message></reason><output><![CDATA[]]></output></test-case><test-case id="521" name="tests/tools/test_intersect.py::test_intersect_distinctfreq[startdates17-D-2020-06-20-00:00-idx-Europe/Berlin]" fullname="tests/tools/test_intersect.py::test_intersect_distinctfreq[startdates17-D-2020-06-20-00:00-idx-Europe/Berlin]" methodname="test_intersect_distinctfreq[startdates17-D-2020-06-20-00:00-idx-Europe/Berlin]" classname="tests/tools/test_intersect.py" runstate="Runnable" seed="1" result="Passed" label="Test if intersection of indices with distinct frequencies gives correct result." start-time="2024-02-05 13:01:39.896104" end-time="2024-02-05 13:01:39.896778" duration="0.000674" asserts="0"><properties><property name="python-version" value="3.11.7 (main, Dec  4 2023, 18:10:11) [Clang 15.0.0 (clang-1500.1.0.2.5)]" /><property name="fspath" value="tests/tools/test_intersect.py" /></properties><environment framework-version="3.6.2" clr-version="3.11.7 (main, Dec  4 2023, 18:10:11) [Clang 15.0.0 (clang-1500.1.0.2.5)]" os-version="23.3.0" platform="Darwin" cwd="/Users/ruud.wijtvliet/python/portfolyo" machine-name="arm64" user="" user-domain="" culture="en-US" uiculture="en-US" os-architecture="64bit" /><failure><message><![CDATA[]]></message><stack-trace><![CDATA[None]]></stack-trace></failure><reason><message><![CDATA[]]></message></reason><output><![CDATA[]]></output></test-case><test-case id="522" name="tests/tools/test_intersect.py::test_intersect_distinctfreq[startdates17-D-2020-06-20-00:00-idx-Asia/Kolkata]" fullname="tests/tools/test_intersect.py::test_intersect_distinctfreq[startdates17-D-2020-06-20-00:00-idx-Asia/Kolkata]" methodname="test_intersect_distinctfreq[startdates17-D-2020-06-20-00:00-idx-Asia/Kolkata]" classname="tests/tools/test_intersect.py" runstate="Runnable" seed="1" result="Passed" label="Test if intersection of indices with distinct frequencies gives correct result." start-time="2024-02-05 13:01:39.897193" end-time="2024-02-05 13:01:39.897793" duration="0.0006" asserts="0"><properties><property name="python-version" value="3.11.7 (main, Dec  4 2023, 18:10:11) [Clang 15.0.0 (clang-1500.1.0.2.5)]" /><property name="fspath" value="tests/tools/test_intersect.py" /></properties><environment framework-version="3.6.2" clr-version="3.11.7 (main, Dec  4 2023, 18:10:11) [Clang 15.0.0 (clang-1500.1.0.2.5)]" os-version="23.3.0" platform="Darwin" cwd="/Users/ruud.wijtvliet/python/portfolyo" machine-name="arm64" user="" user-domain="" culture="en-US" uiculture="en-US" os-architecture="64bit" /><failure><message><![CDATA[]]></message><stack-trace><![CDATA[None]]></stack-trace></failure><reason><message><![CDATA[]]></message></reason><output><![CDATA[]]></output></test-case><test-case id="523" name="tests/tools/test_intersect.py::test_intersect_distinctfreq[startdates17-D-2020-06-20-00:00-fr-None]" fullname="tests/tools/test_intersect.py::test_intersect_distinctfreq[startdates17-D-2020-06-20-00:00-fr-None]" methodname="test_intersect_distinctfreq[startdates17-D-2020-06-20-00:00-fr-None]" classname="tests/tools/test_intersect.py" runstate="Runnable" seed="1" result="Passed" label="Test if intersection of indices with distinct frequencies gives correct result." start-time="2024-02-05 13:01:39.898218" end-time="2024-02-05 13:01:39.898859" duration="0.000641" asserts="0"><properties><property name="python-version" value="3.11.7 (main, Dec  4 2023, 18:10:11) [Clang 15.0.0 (clang-1500.1.0.2.5)]" /><property name="fspath" value="tests/tools/test_intersect.py" /></properties><environment framework-version="3.6.2" clr-version="3.11.7 (main, Dec  4 2023, 18:10:11) [Clang 15.0.0 (clang-1500.1.0.2.5)]" os-version="23.3.0" platform="Darwin" cwd="/Users/ruud.wijtvliet/python/portfolyo" machine-name="arm64" user="" user-domain="" culture="en-US" uiculture="en-US" os-architecture="64bit" /><failure><message><![CDATA[]]></message><stack-trace><![CDATA[None]]></stack-trace></failure><reason><message><![CDATA[]]></message></reason><output><![CDATA[]]></output></test-case><test-case id="524" name="tests/tools/test_intersect.py::test_intersect_distinctfreq[startdates17-D-2020-06-20-00:00-fr-Europe/Berlin]" fullname="tests/tools/test_intersect.py::test_intersect_distinctfreq[startdates17-D-2020-06-20-00:00-fr-Europe/Berlin]" methodname="test_intersect_distinctfreq[startdates17-D-2020-06-20-00:00-fr-Europe/Berlin]" classname="tests/tools/test_intersect.py" runstate="Runnable" seed="1" result="Passed" label="Test if intersection of indices with distinct frequencies gives correct result." start-time="2024-02-05 13:01:39.899299" end-time="2024-02-05 13:01:39.900148" duration="0.000849" asserts="0"><properties><property name="python-version" value="3.11.7 (main, Dec  4 2023, 18:10:11) [Clang 15.0.0 (clang-1500.1.0.2.5)]" /><property name="fspath" value="tests/tools/test_intersect.py" /></properties><environment framework-version="3.6.2" clr-version="3.11.7 (main, Dec  4 2023, 18:10:11) [Clang 15.0.0 (clang-1500.1.0.2.5)]" os-version="23.3.0" platform="Darwin" cwd="/Users/ruud.wijtvliet/python/portfolyo" machine-name="arm64" user="" user-domain="" culture="en-US" uiculture="en-US" os-architecture="64bit" /><failure><message><![CDATA[]]></message><stack-trace><![CDATA[None]]></stack-trace></failure><reason><message><![CDATA[]]></message></reason><output><![CDATA[]]></output></test-case><test-case id="525" name="tests/tools/test_intersect.py::test_intersect_distinctfreq[startdates17-D-2020-06-20-00:00-fr-Asia/Kolkata]" fullname="tests/tools/test_intersect.py::test_intersect_distinctfreq[startdates17-D-2020-06-20-00:00-fr-Asia/Kolkata]" methodname="test_intersect_distinctfreq[startdates17-D-2020-06-20-00:00-fr-Asia/Kolkata]" classname="tests/tools/test_intersect.py" runstate="Runnable" seed="1" result="Passed" label="Test if intersection of indices with distinct frequencies gives correct result." start-time="2024-02-05 13:01:39.900572" end-time="2024-02-05 13:01:39.901329" duration="0.000757" asserts="0"><properties><property name="python-version" value="3.11.7 (main, Dec  4 2023, 18:10:11) [Clang 15.0.0 (clang-1500.1.0.2.5)]" /><property name="fspath" value="tests/tools/test_intersect.py" /></properties><environment framework-version="3.6.2" clr-version="3.11.7 (main, Dec  4 2023, 18:10:11) [Clang 15.0.0 (clang-1500.1.0.2.5)]" os-version="23.3.0" platform="Darwin" cwd="/Users/ruud.wijtvliet/python/portfolyo" machine-name="arm64" user="" user-domain="" culture="en-US" uiculture="en-US" os-architecture="64bit" /><failure><message><![CDATA[]]></message><stack-trace><![CDATA[None]]></stack-trace></failure><reason><message><![CDATA[]]></message></reason><output><![CDATA[]]></output></test-case><test-case id="526" name="tests/tools/test_intersect.py::test_intersect_distinctfreq[startdates17-D-2020-06-20-06:00-idx-None]" fullname="tests/tools/test_intersect.py::test_intersect_distinctfreq[startdates17-D-2020-06-20-06:00-idx-None]" methodname="test_intersect_distinctfreq[startdates17-D-2020-06-20-06:00-idx-None]" classname="tests/tools/test_intersect.py" runstate="Runnable" seed="1" result="Passed" label="Test if intersection of indices with distinct frequencies gives correct result." start-time="2024-02-05 13:01:39.901749" end-time="2024-02-05 13:01:39.902188" duration="0.000439" asserts="0"><properties><property name="python-version" value="3.11.7 (main, Dec  4 2023, 18:10:11) [Clang 15.0.0 (clang-1500.1.0.2.5)]" /><property name="fspath" value="tests/tools/test_intersect.py" /></properties><environment framework-version="3.6.2" clr-version="3.11.7 (main, Dec  4 2023, 18:10:11) [Clang 15.0.0 (clang-1500.1.0.2.5)]" os-version="23.3.0" platform="Darwin" cwd="/Users/ruud.wijtvliet/python/portfolyo" machine-name="arm64" user="" user-domain="" culture="en-US" uiculture="en-US" os-architecture="64bit" /><failure><message><![CDATA[]]></message><stack-trace><![CDATA[None]]></stack-trace></failure><reason><message><![CDATA[]]></message></reason><output><![CDATA[]]></output></test-case><test-case id="527" name="tests/tools/test_intersect.py::test_intersect_distinctfreq[startdates17-D-2020-06-20-06:00-idx-Europe/Berlin]" fullname="tests/tools/test_intersect.py::test_intersect_distinctfreq[startdates17-D-2020-06-20-06:00-idx-Europe/Berlin]" methodname="test_intersect_distinctfreq[startdates17-D-2020-06-20-06:00-idx-Europe/Berlin]" classname="tests/tools/test_intersect.py" runstate="Runnable" seed="1" result="Passed" label="Test if intersection of indices with distinct frequencies gives correct result." start-time="2024-02-05 13:01:39.902599" end-time="2024-02-05 13:01:39.903406" duration="0.000807" asserts="0"><properties><property name="python-version" value="3.11.7 (main, Dec  4 2023, 18:10:11) [Clang 15.0.0 (clang-1500.1.0.2.5)]" /><property name="fspath" value="tests/tools/test_intersect.py" /></properties><environment framework-version="3.6.2" clr-version="3.11.7 (main, Dec  4 2023, 18:10:11) [Clang 15.0.0 (clang-1500.1.0.2.5)]" os-version="23.3.0" platform="Darwin" cwd="/Users/ruud.wijtvliet/python/portfolyo" machine-name="arm64" user="" user-domain="" culture="en-US" uiculture="en-US" os-architecture="64bit" /><failure><message><![CDATA[]]></message><stack-trace><![CDATA[None]]></stack-trace></failure><reason><message><![CDATA[]]></message></reason><output><![CDATA[]]></output></test-case><test-case id="528" name="tests/tools/test_intersect.py::test_intersect_distinctfreq[startdates17-D-2020-06-20-06:00-idx-Asia/Kolkata]" fullname="tests/tools/test_intersect.py::test_intersect_distinctfreq[startdates17-D-2020-06-20-06:00-idx-Asia/Kolkata]" methodname="test_intersect_distinctfreq[startdates17-D-2020-06-20-06:00-idx-Asia/Kolkata]" classname="tests/tools/test_intersect.py" runstate="Runnable" seed="1" result="Passed" label="Test if intersection of indices with distinct frequencies gives correct result." start-time="2024-02-05 13:01:39.904089" end-time="2024-02-05 13:01:39.904732" duration="0.000643" asserts="0"><properties><property name="python-version" value="3.11.7 (main, Dec  4 2023, 18:10:11) [Clang 15.0.0 (clang-1500.1.0.2.5)]" /><property name="fspath" value="tests/tools/test_intersect.py" /></properties><environment framework-version="3.6.2" clr-version="3.11.7 (main, Dec  4 2023, 18:10:11) [Clang 15.0.0 (clang-1500.1.0.2.5)]" os-version="23.3.0" platform="Darwin" cwd="/Users/ruud.wijtvliet/python/portfolyo" machine-name="arm64" user="" user-domain="" culture="en-US" uiculture="en-US" os-architecture="64bit" /><failure><message><![CDATA[]]></message><stack-trace><![CDATA[None]]></stack-trace></failure><reason><message><![CDATA[]]></message></reason><output><![CDATA[]]></output></test-case><test-case id="529" name="tests/tools/test_intersect.py::test_intersect_distinctfreq[startdates17-D-2020-06-20-06:00-fr-None]" fullname="tests/tools/test_intersect.py::test_intersect_distinctfreq[startdates17-D-2020-06-20-06:00-fr-None]" methodname="test_intersect_distinctfreq[startdates17-D-2020-06-20-06:00-fr-None]" classname="tests/tools/test_intersect.py" runstate="Runnable" seed="1" result="Passed" label="Test if intersection of indices with distinct frequencies gives correct result." start-time="2024-02-05 13:01:39.905171" end-time="2024-02-05 13:01:39.905839" duration="0.000668" asserts="0"><properties><property name="python-version" value="3.11.7 (main, Dec  4 2023, 18:10:11) [Clang 15.0.0 (clang-1500.1.0.2.5)]" /><property name="fspath" value="tests/tools/test_intersect.py" /></properties><environment framework-version="3.6.2" clr-version="3.11.7 (main, Dec  4 2023, 18:10:11) [Clang 15.0.0 (clang-1500.1.0.2.5)]" os-version="23.3.0" platform="Darwin" cwd="/Users/ruud.wijtvliet/python/portfolyo" machine-name="arm64" user="" user-domain="" culture="en-US" uiculture="en-US" os-architecture="64bit" /><failure><message><![CDATA[]]></message><stack-trace><![CDATA[None]]></stack-trace></failure><reason><message><![CDATA[]]></message></reason><output><![CDATA[]]></output></test-case><test-case id="530" name="tests/tools/test_intersect.py::test_intersect_distinctfreq[startdates17-D-2020-06-20-06:00-fr-Europe/Berlin]" fullname="tests/tools/test_intersect.py::test_intersect_distinctfreq[startdates17-D-2020-06-20-06:00-fr-Europe/Berlin]" methodname="test_intersect_distinctfreq[startdates17-D-2020-06-20-06:00-fr-Europe/Berlin]" classname="tests/tools/test_intersect.py" runstate="Runnable" seed="1" result="Passed" label="Test if intersection of indices with distinct frequencies gives correct result." start-time="2024-02-05 13:01:39.906275" end-time="2024-02-05 13:01:39.907087" duration="0.000812" asserts="0"><properties><property name="python-version" value="3.11.7 (main, Dec  4 2023, 18:10:11) [Clang 15.0.0 (clang-1500.1.0.2.5)]" /><property name="fspath" value="tests/tools/test_intersect.py" /></properties><environment framework-version="3.6.2" clr-version="3.11.7 (main, Dec  4 2023, 18:10:11) [Clang 15.0.0 (clang-1500.1.0.2.5)]" os-version="23.3.0" platform="Darwin" cwd="/Users/ruud.wijtvliet/python/portfolyo" machine-name="arm64" user="" user-domain="" culture="en-US" uiculture="en-US" os-architecture="64bit" /><failure><message><![CDATA[]]></message><stack-trace><![CDATA[None]]></stack-trace></failure><reason><message><![CDATA[]]></message></reason><output><![CDATA[]]></output></test-case><test-case id="531" name="tests/tools/test_intersect.py::test_intersect_distinctfreq[startdates17-D-2020-06-20-06:00-fr-Asia/Kolkata]" fullname="tests/tools/test_intersect.py::test_intersect_distinctfreq[startdates17-D-2020-06-20-06:00-fr-Asia/Kolkata]" methodname="test_intersect_distinctfreq[startdates17-D-2020-06-20-06:00-fr-Asia/Kolkata]" classname="tests/tools/test_intersect.py" runstate="Runnable" seed="1" result="Passed" label="Test if intersection of indices with distinct frequencies gives correct result." start-time="2024-02-05 13:01:39.907504" end-time="2024-02-05 13:01:39.908294" duration="0.00079" asserts="0"><properties><property name="python-version" value="3.11.7 (main, Dec  4 2023, 18:10:11) [Clang 15.0.0 (clang-1500.1.0.2.5)]" /><property name="fspath" value="tests/tools/test_intersect.py" /></properties><environment framework-version="3.6.2" clr-version="3.11.7 (main, Dec  4 2023, 18:10:11) [Clang 15.0.0 (clang-1500.1.0.2.5)]" os-version="23.3.0" platform="Darwin" cwd="/Users/ruud.wijtvliet/python/portfolyo" machine-name="arm64" user="" user-domain="" culture="en-US" uiculture="en-US" os-architecture="64bit" /><failure><message><![CDATA[]]></message><stack-trace><![CDATA[None]]></stack-trace></failure><reason><message><![CDATA[]]></message></reason><output><![CDATA[]]></output></test-case><test-case id="532" name="tests/tools/test_intersect.py::test_intersect_distincttz[startdates0-15T-2020-01-20-00:00-idx-None]" fullname="tests/tools/test_intersect.py::test_intersect_distincttz[startdates0-15T-2020-01-20-00:00-idx-None]" methodname="test_intersect_distincttz[startdates0-15T-2020-01-20-00:00-idx-None]" classname="tests/tools/test_intersect.py" runstate="Runnable" seed="1" result="Passed" label="Test if intersection of indices with distinct timezones gives correct result." start-time="2024-02-05 13:01:39.908730" end-time="2024-02-05 13:01:39.909319" duration="0.000589" asserts="0"><properties><property name="python-version" value="3.11.7 (main, Dec  4 2023, 18:10:11) [Clang 15.0.0 (clang-1500.1.0.2.5)]" /><property name="fspath" value="tests/tools/test_intersect.py" /></properties><environment framework-version="3.6.2" clr-version="3.11.7 (main, Dec  4 2023, 18:10:11) [Clang 15.0.0 (clang-1500.1.0.2.5)]" os-version="23.3.0" platform="Darwin" cwd="/Users/ruud.wijtvliet/python/portfolyo" machine-name="arm64" user="" user-domain="" culture="en-US" uiculture="en-US" os-architecture="64bit" /><failure><message><![CDATA[]]></message><stack-trace><![CDATA[None]]></stack-trace></failure><reason><message><![CDATA[]]></message></reason><output><![CDATA[]]></output></test-case><test-case id="533" name="tests/tools/test_intersect.py::test_intersect_distincttz[startdates0-15T-2020-01-20-00:00-idx-Europe/Berlin]" fullname="tests/tools/test_intersect.py::test_intersect_distincttz[startdates0-15T-2020-01-20-00:00-idx-Europe/Berlin]" methodname="test_intersect_distincttz[startdates0-15T-2020-01-20-00:00-idx-Europe/Berlin]" classname="tests/tools/test_intersect.py" runstate="Runnable" seed="1" result="Passed" label="Test if intersection of indices with distinct timezones gives correct result." start-time="2024-02-05 13:01:39.909725" end-time="2024-02-05 13:01:39.910260" duration="0.000535" asserts="0"><properties><property name="python-version" value="3.11.7 (main, Dec  4 2023, 18:10:11) [Clang 15.0.0 (clang-1500.1.0.2.5)]" /><property name="fspath" value="tests/tools/test_intersect.py" /></properties><environment framework-version="3.6.2" clr-version="3.11.7 (main, Dec  4 2023, 18:10:11) [Clang 15.0.0 (clang-1500.1.0.2.5)]" os-version="23.3.0" platform="Darwin" cwd="/Users/ruud.wijtvliet/python/portfolyo" machine-name="arm64" user="" user-domain="" culture="en-US" uiculture="en-US" os-architecture="64bit" /><failure><message><![CDATA[]]></message><stack-trace><![CDATA[None]]></stack-trace></failure><reason><message><![CDATA[]]></message></reason><output><![CDATA[]]></output></test-case><test-case id="534" name="tests/tools/test_intersect.py::test_intersect_distincttz[startdates0-15T-2020-01-20-00:00-idx-Asia/Kolkata]" fullname="tests/tools/test_intersect.py::test_intersect_distincttz[startdates0-15T-2020-01-20-00:00-idx-Asia/Kolkata]" methodname="test_intersect_distincttz[startdates0-15T-2020-01-20-00:00-idx-Asia/Kolkata]" classname="tests/tools/test_intersect.py" runstate="Runnable" seed="1" result="Passed" label="Test if intersection of indices with distinct timezones gives correct result." start-time="2024-02-05 13:01:39.910668" end-time="2024-02-05 13:01:39.911222" duration="0.000554" asserts="0"><properties><property name="python-version" value="3.11.7 (main, Dec  4 2023, 18:10:11) [Clang 15.0.0 (clang-1500.1.0.2.5)]" /><property name="fspath" value="tests/tools/test_intersect.py" /></properties><environment framework-version="3.6.2" clr-version="3.11.7 (main, Dec  4 2023, 18:10:11) [Clang 15.0.0 (clang-1500.1.0.2.5)]" os-version="23.3.0" platform="Darwin" cwd="/Users/ruud.wijtvliet/python/portfolyo" machine-name="arm64" user="" user-domain="" culture="en-US" uiculture="en-US" os-architecture="64bit" /><failure><message><![CDATA[]]></message><stack-trace><![CDATA[None]]></stack-trace></failure><reason><message><![CDATA[]]></message></reason><output><![CDATA[]]></output></test-case><test-case id="535" name="tests/tools/test_intersect.py::test_intersect_distincttz[startdates0-15T-2020-01-20-00:00-fr-None]" fullname="tests/tools/test_intersect.py::test_intersect_distincttz[startdates0-15T-2020-01-20-00:00-fr-None]" methodname="test_intersect_distincttz[startdates0-15T-2020-01-20-00:00-fr-None]" classname="tests/tools/test_intersect.py" runstate="Runnable" seed="1" result="Passed" label="Test if intersection of indices with distinct timezones gives correct result." start-time="2024-02-05 13:01:39.911634" end-time="2024-02-05 13:01:39.912450" duration="0.000816" asserts="0"><properties><property name="python-version" value="3.11.7 (main, Dec  4 2023, 18:10:11) [Clang 15.0.0 (clang-1500.1.0.2.5)]" /><property name="fspath" value="tests/tools/test_intersect.py" /></properties><environment framework-version="3.6.2" clr-version="3.11.7 (main, Dec  4 2023, 18:10:11) [Clang 15.0.0 (clang-1500.1.0.2.5)]" os-version="23.3.0" platform="Darwin" cwd="/Users/ruud.wijtvliet/python/portfolyo" machine-name="arm64" user="" user-domain="" culture="en-US" uiculture="en-US" os-architecture="64bit" /><failure><message><![CDATA[]]></message><stack-trace><![CDATA[None]]></stack-trace></failure><reason><message><![CDATA[]]></message></reason><output><![CDATA[]]></output></test-case><test-case id="536" name="tests/tools/test_intersect.py::test_intersect_distincttz[startdates0-15T-2020-01-20-00:00-fr-Europe/Berlin]" fullname="tests/tools/test_intersect.py::test_intersect_distincttz[startdates0-15T-2020-01-20-00:00-fr-Europe/Berlin]" methodname="test_intersect_distincttz[startdates0-15T-2020-01-20-00:00-fr-Europe/Berlin]" classname="tests/tools/test_intersect.py" runstate="Runnable" seed="1" result="Passed" label="Test if intersection of indices with distinct timezones gives correct result." start-time="2024-02-05 13:01:39.912855" end-time="2024-02-05 13:01:39.913655" duration="0.0008" asserts="0"><properties><property name="python-version" value="3.11.7 (main, Dec  4 2023, 18:10:11) [Clang 15.0.0 (clang-1500.1.0.2.5)]" /><property name="fspath" value="tests/tools/test_intersect.py" /></properties><environment framework-version="3.6.2" clr-version="3.11.7 (main, Dec  4 2023, 18:10:11) [Clang 15.0.0 (clang-1500.1.0.2.5)]" os-version="23.3.0" platform="Darwin" cwd="/Users/ruud.wijtvliet/python/portfolyo" machine-name="arm64" user="" user-domain="" culture="en-US" uiculture="en-US" os-architecture="64bit" /><failure><message><![CDATA[]]></message><stack-trace><![CDATA[None]]></stack-trace></failure><reason><message><![CDATA[]]></message></reason><output><![CDATA[]]></output></test-case><test-case id="537" name="tests/tools/test_intersect.py::test_intersect_distincttz[startdates0-15T-2020-01-20-00:00-fr-Asia/Kolkata]" fullname="tests/tools/test_intersect.py::test_intersect_distincttz[startdates0-15T-2020-01-20-00:00-fr-Asia/Kolkata]" methodname="test_intersect_distincttz[startdates0-15T-2020-01-20-00:00-fr-Asia/Kolkata]" classname="tests/tools/test_intersect.py" runstate="Runnable" seed="1" result="Passed" label="Test if intersection of indices with distinct timezones gives correct result." start-time="2024-02-05 13:01:39.914325" end-time="2024-02-05 13:01:39.916073" duration="0.001748" asserts="0"><properties><property name="python-version" value="3.11.7 (main, Dec  4 2023, 18:10:11) [Clang 15.0.0 (clang-1500.1.0.2.5)]" /><property name="fspath" value="tests/tools/test_intersect.py" /></properties><environment framework-version="3.6.2" clr-version="3.11.7 (main, Dec  4 2023, 18:10:11) [Clang 15.0.0 (clang-1500.1.0.2.5)]" os-version="23.3.0" platform="Darwin" cwd="/Users/ruud.wijtvliet/python/portfolyo" machine-name="arm64" user="" user-domain="" culture="en-US" uiculture="en-US" os-architecture="64bit" /><failure><message><![CDATA[]]></message><stack-trace><![CDATA[None]]></stack-trace></failure><reason><message><![CDATA[]]></message></reason><output><![CDATA[]]></output></test-case><test-case id="538" name="tests/tools/test_intersect.py::test_intersect_distincttz[startdates0-15T-2020-01-20-06:00-idx-None]" fullname="tests/tools/test_intersect.py::test_intersect_distincttz[startdates0-15T-2020-01-20-06:00-idx-None]" methodname="test_intersect_distincttz[startdates0-15T-2020-01-20-06:00-idx-None]" classname="tests/tools/test_intersect.py" runstate="Runnable" seed="1" result="Passed" label="Test if intersection of indices with distinct timezones gives correct result." start-time="2024-02-05 13:01:39.916653" end-time="2024-02-05 13:01:39.917233" duration="0.00058" asserts="0"><properties><property name="python-version" value="3.11.7 (main, Dec  4 2023, 18:10:11) [Clang 15.0.0 (clang-1500.1.0.2.5)]" /><property name="fspath" value="tests/tools/test_intersect.py" /></properties><environment framework-version="3.6.2" clr-version="3.11.7 (main, Dec  4 2023, 18:10:11) [Clang 15.0.0 (clang-1500.1.0.2.5)]" os-version="23.3.0" platform="Darwin" cwd="/Users/ruud.wijtvliet/python/portfolyo" machine-name="arm64" user="" user-domain="" culture="en-US" uiculture="en-US" os-architecture="64bit" /><failure><message><![CDATA[]]></message><stack-trace><![CDATA[None]]></stack-trace></failure><reason><message><![CDATA[]]></message></reason><output><![CDATA[]]></output></test-case><test-case id="539" name="tests/tools/test_intersect.py::test_intersect_distincttz[startdates0-15T-2020-01-20-06:00-idx-Europe/Berlin]" fullname="tests/tools/test_intersect.py::test_intersect_distincttz[startdates0-15T-2020-01-20-06:00-idx-Europe/Berlin]" methodname="test_intersect_distincttz[startdates0-15T-2020-01-20-06:00-idx-Europe/Berlin]" classname="tests/tools/test_intersect.py" runstate="Runnable" seed="1" result="Passed" label="Test if intersection of indices with distinct timezones gives correct result." start-time="2024-02-05 13:01:39.917669" end-time="2024-02-05 13:01:39.918200" duration="0.000531" asserts="0"><properties><property name="python-version" value="3.11.7 (main, Dec  4 2023, 18:10:11) [Clang 15.0.0 (clang-1500.1.0.2.5)]" /><property name="fspath" value="tests/tools/test_intersect.py" /></properties><environment framework-version="3.6.2" clr-version="3.11.7 (main, Dec  4 2023, 18:10:11) [Clang 15.0.0 (clang-1500.1.0.2.5)]" os-version="23.3.0" platform="Darwin" cwd="/Users/ruud.wijtvliet/python/portfolyo" machine-name="arm64" user="" user-domain="" culture="en-US" uiculture="en-US" os-architecture="64bit" /><failure><message><![CDATA[]]></message><stack-trace><![CDATA[None]]></stack-trace></failure><reason><message><![CDATA[]]></message></reason><output><![CDATA[]]></output></test-case><test-case id="540" name="tests/tools/test_intersect.py::test_intersect_distincttz[startdates0-15T-2020-01-20-06:00-idx-Asia/Kolkata]" fullname="tests/tools/test_intersect.py::test_intersect_distincttz[startdates0-15T-2020-01-20-06:00-idx-Asia/Kolkata]" methodname="test_intersect_distincttz[startdates0-15T-2020-01-20-06:00-idx-Asia/Kolkata]" classname="tests/tools/test_intersect.py" runstate="Runnable" seed="1" result="Passed" label="Test if intersection of indices with distinct timezones gives correct result." start-time="2024-02-05 13:01:39.918645" end-time="2024-02-05 13:01:39.919218" duration="0.000573" asserts="0"><properties><property name="python-version" value="3.11.7 (main, Dec  4 2023, 18:10:11) [Clang 15.0.0 (clang-1500.1.0.2.5)]" /><property name="fspath" value="tests/tools/test_intersect.py" /></properties><environment framework-version="3.6.2" clr-version="3.11.7 (main, Dec  4 2023, 18:10:11) [Clang 15.0.0 (clang-1500.1.0.2.5)]" os-version="23.3.0" platform="Darwin" cwd="/Users/ruud.wijtvliet/python/portfolyo" machine-name="arm64" user="" user-domain="" culture="en-US" uiculture="en-US" os-architecture="64bit" /><failure><message><![CDATA[]]></message><stack-trace><![CDATA[None]]></stack-trace></failure><reason><message><![CDATA[]]></message></reason><output><![CDATA[]]></output></test-case><test-case id="541" name="tests/tools/test_intersect.py::test_intersect_distincttz[startdates0-15T-2020-01-20-06:00-fr-None]" fullname="tests/tools/test_intersect.py::test_intersect_distincttz[startdates0-15T-2020-01-20-06:00-fr-None]" methodname="test_intersect_distincttz[startdates0-15T-2020-01-20-06:00-fr-None]" classname="tests/tools/test_intersect.py" runstate="Runnable" seed="1" result="Passed" label="Test if intersection of indices with distinct timezones gives correct result." start-time="2024-02-05 13:01:39.919645" end-time="2024-02-05 13:01:39.920589" duration="0.000944" asserts="0"><properties><property name="python-version" value="3.11.7 (main, Dec  4 2023, 18:10:11) [Clang 15.0.0 (clang-1500.1.0.2.5)]" /><property name="fspath" value="tests/tools/test_intersect.py" /></properties><environment framework-version="3.6.2" clr-version="3.11.7 (main, Dec  4 2023, 18:10:11) [Clang 15.0.0 (clang-1500.1.0.2.5)]" os-version="23.3.0" platform="Darwin" cwd="/Users/ruud.wijtvliet/python/portfolyo" machine-name="arm64" user="" user-domain="" culture="en-US" uiculture="en-US" os-architecture="64bit" /><failure><message><![CDATA[]]></message><stack-trace><![CDATA[None]]></stack-trace></failure><reason><message><![CDATA[]]></message></reason><output><![CDATA[]]></output></test-case><test-case id="542" name="tests/tools/test_intersect.py::test_intersect_distincttz[startdates0-15T-2020-01-20-06:00-fr-Europe/Berlin]" fullname="tests/tools/test_intersect.py::test_intersect_distincttz[startdates0-15T-2020-01-20-06:00-fr-Europe/Berlin]" methodname="test_intersect_distincttz[startdates0-15T-2020-01-20-06:00-fr-Europe/Berlin]" classname="tests/tools/test_intersect.py" runstate="Runnable" seed="1" result="Passed" label="Test if intersection of indices with distinct timezones gives correct result." start-time="2024-02-05 13:01:39.921072" end-time="2024-02-05 13:01:39.922207" duration="0.001135" asserts="0"><properties><property name="python-version" value="3.11.7 (main, Dec  4 2023, 18:10:11) [Clang 15.0.0 (clang-1500.1.0.2.5)]" /><property name="fspath" value="tests/tools/test_intersect.py" /></properties><environment framework-version="3.6.2" clr-version="3.11.7 (main, Dec  4 2023, 18:10:11) [Clang 15.0.0 (clang-1500.1.0.2.5)]" os-version="23.3.0" platform="Darwin" cwd="/Users/ruud.wijtvliet/python/portfolyo" machine-name="arm64" user="" user-domain="" culture="en-US" uiculture="en-US" os-architecture="64bit" /><failure><message><![CDATA[]]></message><stack-trace><![CDATA[None]]></stack-trace></failure><reason><message><![CDATA[]]></message></reason><output><![CDATA[]]></output></test-case><test-case id="543" name="tests/tools/test_intersect.py::test_intersect_distincttz[startdates0-15T-2020-01-20-06:00-fr-Asia/Kolkata]" fullname="tests/tools/test_intersect.py::test_intersect_distincttz[startdates0-15T-2020-01-20-06:00-fr-Asia/Kolkata]" methodname="test_intersect_distincttz[startdates0-15T-2020-01-20-06:00-fr-Asia/Kolkata]" classname="tests/tools/test_intersect.py" runstate="Runnable" seed="1" result="Passed" label="Test if intersection of indices with distinct timezones gives correct result." start-time="2024-02-05 13:01:39.922632" end-time="2024-02-05 13:01:39.923507" duration="0.000875" asserts="0"><properties><property name="python-version" value="3.11.7 (main, Dec  4 2023, 18:10:11) [Clang 15.0.0 (clang-1500.1.0.2.5)]" /><property name="fspath" value="tests/tools/test_intersect.py" /></properties><environment framework-version="3.6.2" clr-version="3.11.7 (main, Dec  4 2023, 18:10:11) [Clang 15.0.0 (clang-1500.1.0.2.5)]" os-version="23.3.0" platform="Darwin" cwd="/Users/ruud.wijtvliet/python/portfolyo" machine-name="arm64" user="" user-domain="" culture="en-US" uiculture="en-US" os-architecture="64bit" /><failure><message><![CDATA[]]></message><stack-trace><![CDATA[None]]></stack-trace></failure><reason><message><![CDATA[]]></message></reason><output><![CDATA[]]></output></test-case><test-case id="544" name="tests/tools/test_intersect.py::test_intersect_distincttz[startdates1-15T-2020-01-20-00:00-idx-None]" fullname="tests/tools/test_intersect.py::test_intersect_distincttz[startdates1-15T-2020-01-20-00:00-idx-None]" methodname="test_intersect_distincttz[startdates1-15T-2020-01-20-00:00-idx-None]" classname="tests/tools/test_intersect.py" runstate="Runnable" seed="1" result="Passed" label="Test if intersection of indices with distinct timezones gives correct result." start-time="2024-02-05 13:01:39.923936" end-time="2024-02-05 13:01:39.924472" duration="0.000536" asserts="0"><properties><property name="python-version" value="3.11.7 (main, Dec  4 2023, 18:10:11) [Clang 15.0.0 (clang-1500.1.0.2.5)]" /><property name="fspath" value="tests/tools/test_intersect.py" /></properties><environment framework-version="3.6.2" clr-version="3.11.7 (main, Dec  4 2023, 18:10:11) [Clang 15.0.0 (clang-1500.1.0.2.5)]" os-version="23.3.0" platform="Darwin" cwd="/Users/ruud.wijtvliet/python/portfolyo" machine-name="arm64" user="" user-domain="" culture="en-US" uiculture="en-US" os-architecture="64bit" /><failure><message><![CDATA[]]></message><stack-trace><![CDATA[None]]></stack-trace></failure><reason><message><![CDATA[]]></message></reason><output><![CDATA[]]></output></test-case><test-case id="545" name="tests/tools/test_intersect.py::test_intersect_distincttz[startdates1-15T-2020-01-20-00:00-idx-Europe/Berlin]" fullname="tests/tools/test_intersect.py::test_intersect_distincttz[startdates1-15T-2020-01-20-00:00-idx-Europe/Berlin]" methodname="test_intersect_distincttz[startdates1-15T-2020-01-20-00:00-idx-Europe/Berlin]" classname="tests/tools/test_intersect.py" runstate="Runnable" seed="1" result="Passed" label="Test if intersection of indices with distinct timezones gives correct result." start-time="2024-02-05 13:01:39.924921" end-time="2024-02-05 13:01:39.925451" duration="0.00053" asserts="0"><properties><property name="python-version" value="3.11.7 (main, Dec  4 2023, 18:10:11) [Clang 15.0.0 (clang-1500.1.0.2.5)]" /><property name="fspath" value="tests/tools/test_intersect.py" /></properties><environment framework-version="3.6.2" clr-version="3.11.7 (main, Dec  4 2023, 18:10:11) [Clang 15.0.0 (clang-1500.1.0.2.5)]" os-version="23.3.0" platform="Darwin" cwd="/Users/ruud.wijtvliet/python/portfolyo" machine-name="arm64" user="" user-domain="" culture="en-US" uiculture="en-US" os-architecture="64bit" /><failure><message><![CDATA[]]></message><stack-trace><![CDATA[None]]></stack-trace></failure><reason><message><![CDATA[]]></message></reason><output><![CDATA[]]></output></test-case><test-case id="546" name="tests/tools/test_intersect.py::test_intersect_distincttz[startdates1-15T-2020-01-20-00:00-idx-Asia/Kolkata]" fullname="tests/tools/test_intersect.py::test_intersect_distincttz[startdates1-15T-2020-01-20-00:00-idx-Asia/Kolkata]" methodname="test_intersect_distincttz[startdates1-15T-2020-01-20-00:00-idx-Asia/Kolkata]" classname="tests/tools/test_intersect.py" runstate="Runnable" seed="1" result="Passed" label="Test if intersection of indices with distinct timezones gives correct result." start-time="2024-02-05 13:01:39.925875" end-time="2024-02-05 13:01:39.926458" duration="0.000583" asserts="0"><properties><property name="python-version" value="3.11.7 (main, Dec  4 2023, 18:10:11) [Clang 15.0.0 (clang-1500.1.0.2.5)]" /><property name="fspath" value="tests/tools/test_intersect.py" /></properties><environment framework-version="3.6.2" clr-version="3.11.7 (main, Dec  4 2023, 18:10:11) [Clang 15.0.0 (clang-1500.1.0.2.5)]" os-version="23.3.0" platform="Darwin" cwd="/Users/ruud.wijtvliet/python/portfolyo" machine-name="arm64" user="" user-domain="" culture="en-US" uiculture="en-US" os-architecture="64bit" /><failure><message><![CDATA[]]></message><stack-trace><![CDATA[None]]></stack-trace></failure><reason><message><![CDATA[]]></message></reason><output><![CDATA[]]></output></test-case><test-case id="547" name="tests/tools/test_intersect.py::test_intersect_distincttz[startdates1-15T-2020-01-20-00:00-fr-None]" fullname="tests/tools/test_intersect.py::test_intersect_distincttz[startdates1-15T-2020-01-20-00:00-fr-None]" methodname="test_intersect_distincttz[startdates1-15T-2020-01-20-00:00-fr-None]" classname="tests/tools/test_intersect.py" runstate="Runnable" seed="1" result="Passed" label="Test if intersection of indices with distinct timezones gives correct result." start-time="2024-02-05 13:01:39.926905" end-time="2024-02-05 13:01:39.927806" duration="0.000901" asserts="0"><properties><property name="python-version" value="3.11.7 (main, Dec  4 2023, 18:10:11) [Clang 15.0.0 (clang-1500.1.0.2.5)]" /><property name="fspath" value="tests/tools/test_intersect.py" /></properties><environment framework-version="3.6.2" clr-version="3.11.7 (main, Dec  4 2023, 18:10:11) [Clang 15.0.0 (clang-1500.1.0.2.5)]" os-version="23.3.0" platform="Darwin" cwd="/Users/ruud.wijtvliet/python/portfolyo" machine-name="arm64" user="" user-domain="" culture="en-US" uiculture="en-US" os-architecture="64bit" /><failure><message><![CDATA[]]></message><stack-trace><![CDATA[None]]></stack-trace></failure><reason><message><![CDATA[]]></message></reason><output><![CDATA[]]></output></test-case><test-case id="548" name="tests/tools/test_intersect.py::test_intersect_distincttz[startdates1-15T-2020-01-20-00:00-fr-Europe/Berlin]" fullname="tests/tools/test_intersect.py::test_intersect_distincttz[startdates1-15T-2020-01-20-00:00-fr-Europe/Berlin]" methodname="test_intersect_distincttz[startdates1-15T-2020-01-20-00:00-fr-Europe/Berlin]" classname="tests/tools/test_intersect.py" runstate="Runnable" seed="1" result="Passed" label="Test if intersection of indices with distinct timezones gives correct result." start-time="2024-02-05 13:01:39.928252" end-time="2024-02-05 13:01:39.929075" duration="0.000823" asserts="0"><properties><property name="python-version" value="3.11.7 (main, Dec  4 2023, 18:10:11) [Clang 15.0.0 (clang-1500.1.0.2.5)]" /><property name="fspath" value="tests/tools/test_intersect.py" /></properties><environment framework-version="3.6.2" clr-version="3.11.7 (main, Dec  4 2023, 18:10:11) [Clang 15.0.0 (clang-1500.1.0.2.5)]" os-version="23.3.0" platform="Darwin" cwd="/Users/ruud.wijtvliet/python/portfolyo" machine-name="arm64" user="" user-domain="" culture="en-US" uiculture="en-US" os-architecture="64bit" /><failure><message><![CDATA[]]></message><stack-trace><![CDATA[None]]></stack-trace></failure><reason><message><![CDATA[]]></message></reason><output><![CDATA[]]></output></test-case><test-case id="549" name="tests/tools/test_intersect.py::test_intersect_distincttz[startdates1-15T-2020-01-20-00:00-fr-Asia/Kolkata]" fullname="tests/tools/test_intersect.py::test_intersect_distincttz[startdates1-15T-2020-01-20-00:00-fr-Asia/Kolkata]" methodname="test_intersect_distincttz[startdates1-15T-2020-01-20-00:00-fr-Asia/Kolkata]" classname="tests/tools/test_intersect.py" runstate="Runnable" seed="1" result="Passed" label="Test if intersection of indices with distinct timezones gives correct result." start-time="2024-02-05 13:01:39.929513" end-time="2024-02-05 13:01:39.930340" duration="0.000827" asserts="0"><properties><property name="python-version" value="3.11.7 (main, Dec  4 2023, 18:10:11) [Clang 15.0.0 (clang-1500.1.0.2.5)]" /><property name="fspath" value="tests/tools/test_intersect.py" /></properties><environment framework-version="3.6.2" clr-version="3.11.7 (main, Dec  4 2023, 18:10:11) [Clang 15.0.0 (clang-1500.1.0.2.5)]" os-version="23.3.0" platform="Darwin" cwd="/Users/ruud.wijtvliet/python/portfolyo" machine-name="arm64" user="" user-domain="" culture="en-US" uiculture="en-US" os-architecture="64bit" /><failure><message><![CDATA[]]></message><stack-trace><![CDATA[None]]></stack-trace></failure><reason><message><![CDATA[]]></message></reason><output><![CDATA[]]></output></test-case><test-case id="550" name="tests/tools/test_intersect.py::test_intersect_distincttz[startdates1-15T-2020-01-20-06:00-idx-None]" fullname="tests/tools/test_intersect.py::test_intersect_distincttz[startdates1-15T-2020-01-20-06:00-idx-None]" methodname="test_intersect_distincttz[startdates1-15T-2020-01-20-06:00-idx-None]" classname="tests/tools/test_intersect.py" runstate="Runnable" seed="1" result="Passed" label="Test if intersection of indices with distinct timezones gives correct result." start-time="2024-02-05 13:01:39.930776" end-time="2024-02-05 13:01:39.931310" duration="0.000534" asserts="0"><properties><property name="python-version" value="3.11.7 (main, Dec  4 2023, 18:10:11) [Clang 15.0.0 (clang-1500.1.0.2.5)]" /><property name="fspath" value="tests/tools/test_intersect.py" /></properties><environment framework-version="3.6.2" clr-version="3.11.7 (main, Dec  4 2023, 18:10:11) [Clang 15.0.0 (clang-1500.1.0.2.5)]" os-version="23.3.0" platform="Darwin" cwd="/Users/ruud.wijtvliet/python/portfolyo" machine-name="arm64" user="" user-domain="" culture="en-US" uiculture="en-US" os-architecture="64bit" /><failure><message><![CDATA[]]></message><stack-trace><![CDATA[None]]></stack-trace></failure><reason><message><![CDATA[]]></message></reason><output><![CDATA[]]></output></test-case><test-case id="551" name="tests/tools/test_intersect.py::test_intersect_distincttz[startdates1-15T-2020-01-20-06:00-idx-Europe/Berlin]" fullname="tests/tools/test_intersect.py::test_intersect_distincttz[startdates1-15T-2020-01-20-06:00-idx-Europe/Berlin]" methodname="test_intersect_distincttz[startdates1-15T-2020-01-20-06:00-idx-Europe/Berlin]" classname="tests/tools/test_intersect.py" runstate="Runnable" seed="1" result="Passed" label="Test if intersection of indices with distinct timezones gives correct result." start-time="2024-02-05 13:01:39.931731" end-time="2024-02-05 13:01:39.932317" duration="0.000586" asserts="0"><properties><property name="python-version" value="3.11.7 (main, Dec  4 2023, 18:10:11) [Clang 15.0.0 (clang-1500.1.0.2.5)]" /><property name="fspath" value="tests/tools/test_intersect.py" /></properties><environment framework-version="3.6.2" clr-version="3.11.7 (main, Dec  4 2023, 18:10:11) [Clang 15.0.0 (clang-1500.1.0.2.5)]" os-version="23.3.0" platform="Darwin" cwd="/Users/ruud.wijtvliet/python/portfolyo" machine-name="arm64" user="" user-domain="" culture="en-US" uiculture="en-US" os-architecture="64bit" /><failure><message><![CDATA[]]></message><stack-trace><![CDATA[None]]></stack-trace></failure><reason><message><![CDATA[]]></message></reason><output><![CDATA[]]></output></test-case><test-case id="552" name="tests/tools/test_intersect.py::test_intersect_distincttz[startdates1-15T-2020-01-20-06:00-idx-Asia/Kolkata]" fullname="tests/tools/test_intersect.py::test_intersect_distincttz[startdates1-15T-2020-01-20-06:00-idx-Asia/Kolkata]" methodname="test_intersect_distincttz[startdates1-15T-2020-01-20-06:00-idx-Asia/Kolkata]" classname="tests/tools/test_intersect.py" runstate="Runnable" seed="1" result="Passed" label="Test if intersection of indices with distinct timezones gives correct result." start-time="2024-02-05 13:01:39.932746" end-time="2024-02-05 13:01:39.933415" duration="0.000669" asserts="0"><properties><property name="python-version" value="3.11.7 (main, Dec  4 2023, 18:10:11) [Clang 15.0.0 (clang-1500.1.0.2.5)]" /><property name="fspath" value="tests/tools/test_intersect.py" /></properties><environment framework-version="3.6.2" clr-version="3.11.7 (main, Dec  4 2023, 18:10:11) [Clang 15.0.0 (clang-1500.1.0.2.5)]" os-version="23.3.0" platform="Darwin" cwd="/Users/ruud.wijtvliet/python/portfolyo" machine-name="arm64" user="" user-domain="" culture="en-US" uiculture="en-US" os-architecture="64bit" /><failure><message><![CDATA[]]></message><stack-trace><![CDATA[None]]></stack-trace></failure><reason><message><![CDATA[]]></message></reason><output><![CDATA[]]></output></test-case><test-case id="553" name="tests/tools/test_intersect.py::test_intersect_distincttz[startdates1-15T-2020-01-20-06:00-fr-None]" fullname="tests/tools/test_intersect.py::test_intersect_distincttz[startdates1-15T-2020-01-20-06:00-fr-None]" methodname="test_intersect_distincttz[startdates1-15T-2020-01-20-06:00-fr-None]" classname="tests/tools/test_intersect.py" runstate="Runnable" seed="1" result="Passed" label="Test if intersection of indices with distinct timezones gives correct result." start-time="2024-02-05 13:01:39.933885" end-time="2024-02-05 13:01:39.934902" duration="0.001017" asserts="0"><properties><property name="python-version" value="3.11.7 (main, Dec  4 2023, 18:10:11) [Clang 15.0.0 (clang-1500.1.0.2.5)]" /><property name="fspath" value="tests/tools/test_intersect.py" /></properties><environment framework-version="3.6.2" clr-version="3.11.7 (main, Dec  4 2023, 18:10:11) [Clang 15.0.0 (clang-1500.1.0.2.5)]" os-version="23.3.0" platform="Darwin" cwd="/Users/ruud.wijtvliet/python/portfolyo" machine-name="arm64" user="" user-domain="" culture="en-US" uiculture="en-US" os-architecture="64bit" /><failure><message><![CDATA[]]></message><stack-trace><![CDATA[None]]></stack-trace></failure><reason><message><![CDATA[]]></message></reason><output><![CDATA[]]></output></test-case><test-case id="554" name="tests/tools/test_intersect.py::test_intersect_distincttz[startdates1-15T-2020-01-20-06:00-fr-Europe/Berlin]" fullname="tests/tools/test_intersect.py::test_intersect_distincttz[startdates1-15T-2020-01-20-06:00-fr-Europe/Berlin]" methodname="test_intersect_distincttz[startdates1-15T-2020-01-20-06:00-fr-Europe/Berlin]" classname="tests/tools/test_intersect.py" runstate="Runnable" seed="1" result="Passed" label="Test if intersection of indices with distinct timezones gives correct result." start-time="2024-02-05 13:01:39.935365" end-time="2024-02-05 13:01:39.936415" duration="0.00105" asserts="0"><properties><property name="python-version" value="3.11.7 (main, Dec  4 2023, 18:10:11) [Clang 15.0.0 (clang-1500.1.0.2.5)]" /><property name="fspath" value="tests/tools/test_intersect.py" /></properties><environment framework-version="3.6.2" clr-version="3.11.7 (main, Dec  4 2023, 18:10:11) [Clang 15.0.0 (clang-1500.1.0.2.5)]" os-version="23.3.0" platform="Darwin" cwd="/Users/ruud.wijtvliet/python/portfolyo" machine-name="arm64" user="" user-domain="" culture="en-US" uiculture="en-US" os-architecture="64bit" /><failure><message><![CDATA[]]></message><stack-trace><![CDATA[None]]></stack-trace></failure><reason><message><![CDATA[]]></message></reason><output><![CDATA[]]></output></test-case><test-case id="555" name="tests/tools/test_intersect.py::test_intersect_distincttz[startdates1-15T-2020-01-20-06:00-fr-Asia/Kolkata]" fullname="tests/tools/test_intersect.py::test_intersect_distincttz[startdates1-15T-2020-01-20-06:00-fr-Asia/Kolkata]" methodname="test_intersect_distincttz[startdates1-15T-2020-01-20-06:00-fr-Asia/Kolkata]" classname="tests/tools/test_intersect.py" runstate="Runnable" seed="1" result="Passed" label="Test if intersection of indices with distinct timezones gives correct result." start-time="2024-02-05 13:01:39.936871" end-time="2024-02-05 13:01:39.937771" duration="0.0009" asserts="0"><properties><property name="python-version" value="3.11.7 (main, Dec  4 2023, 18:10:11) [Clang 15.0.0 (clang-1500.1.0.2.5)]" /><property name="fspath" value="tests/tools/test_intersect.py" /></properties><environment framework-version="3.6.2" clr-version="3.11.7 (main, Dec  4 2023, 18:10:11) [Clang 15.0.0 (clang-1500.1.0.2.5)]" os-version="23.3.0" platform="Darwin" cwd="/Users/ruud.wijtvliet/python/portfolyo" machine-name="arm64" user="" user-domain="" culture="en-US" uiculture="en-US" os-architecture="64bit" /><failure><message><![CDATA[]]></message><stack-trace><![CDATA[None]]></stack-trace></failure><reason><message><![CDATA[]]></message></reason><output><![CDATA[]]></output></test-case><test-case id="556" name="tests/tools/test_intersect.py::test_intersect_distincttz[startdates2-H-2020-01-20-00:00-idx-None]" fullname="tests/tools/test_intersect.py::test_intersect_distincttz[startdates2-H-2020-01-20-00:00-idx-None]" methodname="test_intersect_distincttz[startdates2-H-2020-01-20-00:00-idx-None]" classname="tests/tools/test_intersect.py" runstate="Runnable" seed="1" result="Passed" label="Test if intersection of indices with distinct timezones gives correct result." start-time="2024-02-05 13:01:39.938233" end-time="2024-02-05 13:01:39.938770" duration="0.000537" asserts="0"><properties><property name="python-version" value="3.11.7 (main, Dec  4 2023, 18:10:11) [Clang 15.0.0 (clang-1500.1.0.2.5)]" /><property name="fspath" value="tests/tools/test_intersect.py" /></properties><environment framework-version="3.6.2" clr-version="3.11.7 (main, Dec  4 2023, 18:10:11) [Clang 15.0.0 (clang-1500.1.0.2.5)]" os-version="23.3.0" platform="Darwin" cwd="/Users/ruud.wijtvliet/python/portfolyo" machine-name="arm64" user="" user-domain="" culture="en-US" uiculture="en-US" os-architecture="64bit" /><failure><message><![CDATA[]]></message><stack-trace><![CDATA[None]]></stack-trace></failure><reason><message><![CDATA[]]></message></reason><output><![CDATA[]]></output></test-case><test-case id="557" name="tests/tools/test_intersect.py::test_intersect_distincttz[startdates2-H-2020-01-20-00:00-idx-Europe/Berlin]" fullname="tests/tools/test_intersect.py::test_intersect_distincttz[startdates2-H-2020-01-20-00:00-idx-Europe/Berlin]" methodname="test_intersect_distincttz[startdates2-H-2020-01-20-00:00-idx-Europe/Berlin]" classname="tests/tools/test_intersect.py" runstate="Runnable" seed="1" result="Passed" label="Test if intersection of indices with distinct timezones gives correct result." start-time="2024-02-05 13:01:39.939224" end-time="2024-02-05 13:01:39.939716" duration="0.000492" asserts="0"><properties><property name="python-version" value="3.11.7 (main, Dec  4 2023, 18:10:11) [Clang 15.0.0 (clang-1500.1.0.2.5)]" /><property name="fspath" value="tests/tools/test_intersect.py" /></properties><environment framework-version="3.6.2" clr-version="3.11.7 (main, Dec  4 2023, 18:10:11) [Clang 15.0.0 (clang-1500.1.0.2.5)]" os-version="23.3.0" platform="Darwin" cwd="/Users/ruud.wijtvliet/python/portfolyo" machine-name="arm64" user="" user-domain="" culture="en-US" uiculture="en-US" os-architecture="64bit" /><failure><message><![CDATA[]]></message><stack-trace><![CDATA[None]]></stack-trace></failure><reason><message><![CDATA[]]></message></reason><output><![CDATA[]]></output></test-case><test-case id="558" name="tests/tools/test_intersect.py::test_intersect_distincttz[startdates2-H-2020-01-20-00:00-idx-Asia/Kolkata]" fullname="tests/tools/test_intersect.py::test_intersect_distincttz[startdates2-H-2020-01-20-00:00-idx-Asia/Kolkata]" methodname="test_intersect_distincttz[startdates2-H-2020-01-20-00:00-idx-Asia/Kolkata]" classname="tests/tools/test_intersect.py" runstate="Runnable" seed="1" result="Passed" label="Test if intersection of indices with distinct timezones gives correct result." start-time="2024-02-05 13:01:39.940153" end-time="2024-02-05 13:01:39.940792" duration="0.000639" asserts="0"><properties><property name="python-version" value="3.11.7 (main, Dec  4 2023, 18:10:11) [Clang 15.0.0 (clang-1500.1.0.2.5)]" /><property name="fspath" value="tests/tools/test_intersect.py" /></properties><environment framework-version="3.6.2" clr-version="3.11.7 (main, Dec  4 2023, 18:10:11) [Clang 15.0.0 (clang-1500.1.0.2.5)]" os-version="23.3.0" platform="Darwin" cwd="/Users/ruud.wijtvliet/python/portfolyo" machine-name="arm64" user="" user-domain="" culture="en-US" uiculture="en-US" os-architecture="64bit" /><failure><message><![CDATA[]]></message><stack-trace><![CDATA[None]]></stack-trace></failure><reason><message><![CDATA[]]></message></reason><output><![CDATA[]]></output></test-case><test-case id="559" name="tests/tools/test_intersect.py::test_intersect_distincttz[startdates2-H-2020-01-20-00:00-fr-None]" fullname="tests/tools/test_intersect.py::test_intersect_distincttz[startdates2-H-2020-01-20-00:00-fr-None]" methodname="test_intersect_distincttz[startdates2-H-2020-01-20-00:00-fr-None]" classname="tests/tools/test_intersect.py" runstate="Runnable" seed="1" result="Passed" label="Test if intersection of indices with distinct timezones gives correct result." start-time="2024-02-05 13:01:39.941261" end-time="2024-02-05 13:01:39.942170" duration="0.000909" asserts="0"><properties><property name="python-version" value="3.11.7 (main, Dec  4 2023, 18:10:11) [Clang 15.0.0 (clang-1500.1.0.2.5)]" /><property name="fspath" value="tests/tools/test_intersect.py" /></properties><environment framework-version="3.6.2" clr-version="3.11.7 (main, Dec  4 2023, 18:10:11) [Clang 15.0.0 (clang-1500.1.0.2.5)]" os-version="23.3.0" platform="Darwin" cwd="/Users/ruud.wijtvliet/python/portfolyo" machine-name="arm64" user="" user-domain="" culture="en-US" uiculture="en-US" os-architecture="64bit" /><failure><message><![CDATA[]]></message><stack-trace><![CDATA[None]]></stack-trace></failure><reason><message><![CDATA[]]></message></reason><output><![CDATA[]]></output></test-case><test-case id="560" name="tests/tools/test_intersect.py::test_intersect_distincttz[startdates2-H-2020-01-20-00:00-fr-Europe/Berlin]" fullname="tests/tools/test_intersect.py::test_intersect_distincttz[startdates2-H-2020-01-20-00:00-fr-Europe/Berlin]" methodname="test_intersect_distincttz[startdates2-H-2020-01-20-00:00-fr-Europe/Berlin]" classname="tests/tools/test_intersect.py" runstate="Runnable" seed="1" result="Passed" label="Test if intersection of indices with distinct timezones gives correct result." start-time="2024-02-05 13:01:39.942586" end-time="2024-02-05 13:01:39.943326" duration="0.00074" asserts="0"><properties><property name="python-version" value="3.11.7 (main, Dec  4 2023, 18:10:11) [Clang 15.0.0 (clang-1500.1.0.2.5)]" /><property name="fspath" value="tests/tools/test_intersect.py" /></properties><environment framework-version="3.6.2" clr-version="3.11.7 (main, Dec  4 2023, 18:10:11) [Clang 15.0.0 (clang-1500.1.0.2.5)]" os-version="23.3.0" platform="Darwin" cwd="/Users/ruud.wijtvliet/python/portfolyo" machine-name="arm64" user="" user-domain="" culture="en-US" uiculture="en-US" os-architecture="64bit" /><failure><message><![CDATA[]]></message><stack-trace><![CDATA[None]]></stack-trace></failure><reason><message><![CDATA[]]></message></reason><output><![CDATA[]]></output></test-case><test-case id="561" name="tests/tools/test_intersect.py::test_intersect_distincttz[startdates2-H-2020-01-20-00:00-fr-Asia/Kolkata]" fullname="tests/tools/test_intersect.py::test_intersect_distincttz[startdates2-H-2020-01-20-00:00-fr-Asia/Kolkata]" methodname="test_intersect_distincttz[startdates2-H-2020-01-20-00:00-fr-Asia/Kolkata]" classname="tests/tools/test_intersect.py" runstate="Runnable" seed="1" result="Passed" label="Test if intersection of indices with distinct timezones gives correct result." start-time="2024-02-05 13:01:39.943744" end-time="2024-02-05 13:01:39.944497" duration="0.000753" asserts="0"><properties><property name="python-version" value="3.11.7 (main, Dec  4 2023, 18:10:11) [Clang 15.0.0 (clang-1500.1.0.2.5)]" /><property name="fspath" value="tests/tools/test_intersect.py" /></properties><environment framework-version="3.6.2" clr-version="3.11.7 (main, Dec  4 2023, 18:10:11) [Clang 15.0.0 (clang-1500.1.0.2.5)]" os-version="23.3.0" platform="Darwin" cwd="/Users/ruud.wijtvliet/python/portfolyo" machine-name="arm64" user="" user-domain="" culture="en-US" uiculture="en-US" os-architecture="64bit" /><failure><message><![CDATA[]]></message><stack-trace><![CDATA[None]]></stack-trace></failure><reason><message><![CDATA[]]></message></reason><output><![CDATA[]]></output></test-case><test-case id="562" name="tests/tools/test_intersect.py::test_intersect_distincttz[startdates2-H-2020-01-20-06:00-idx-None]" fullname="tests/tools/test_intersect.py::test_intersect_distincttz[startdates2-H-2020-01-20-06:00-idx-None]" methodname="test_intersect_distincttz[startdates2-H-2020-01-20-06:00-idx-None]" classname="tests/tools/test_intersect.py" runstate="Runnable" seed="1" result="Passed" label="Test if intersection of indices with distinct timezones gives correct result." start-time="2024-02-05 13:01:39.944910" end-time="2024-02-05 13:01:39.945447" duration="0.000537" asserts="0"><properties><property name="python-version" value="3.11.7 (main, Dec  4 2023, 18:10:11) [Clang 15.0.0 (clang-1500.1.0.2.5)]" /><property name="fspath" value="tests/tools/test_intersect.py" /></properties><environment framework-version="3.6.2" clr-version="3.11.7 (main, Dec  4 2023, 18:10:11) [Clang 15.0.0 (clang-1500.1.0.2.5)]" os-version="23.3.0" platform="Darwin" cwd="/Users/ruud.wijtvliet/python/portfolyo" machine-name="arm64" user="" user-domain="" culture="en-US" uiculture="en-US" os-architecture="64bit" /><failure><message><![CDATA[]]></message><stack-trace><![CDATA[None]]></stack-trace></failure><reason><message><![CDATA[]]></message></reason><output><![CDATA[]]></output></test-case><test-case id="563" name="tests/tools/test_intersect.py::test_intersect_distincttz[startdates2-H-2020-01-20-06:00-idx-Europe/Berlin]" fullname="tests/tools/test_intersect.py::test_intersect_distincttz[startdates2-H-2020-01-20-06:00-idx-Europe/Berlin]" methodname="test_intersect_distincttz[startdates2-H-2020-01-20-06:00-idx-Europe/Berlin]" classname="tests/tools/test_intersect.py" runstate="Runnable" seed="1" result="Passed" label="Test if intersection of indices with distinct timezones gives correct result." start-time="2024-02-05 13:01:39.945893" end-time="2024-02-05 13:01:39.946382" duration="0.000489" asserts="0"><properties><property name="python-version" value="3.11.7 (main, Dec  4 2023, 18:10:11) [Clang 15.0.0 (clang-1500.1.0.2.5)]" /><property name="fspath" value="tests/tools/test_intersect.py" /></properties><environment framework-version="3.6.2" clr-version="3.11.7 (main, Dec  4 2023, 18:10:11) [Clang 15.0.0 (clang-1500.1.0.2.5)]" os-version="23.3.0" platform="Darwin" cwd="/Users/ruud.wijtvliet/python/portfolyo" machine-name="arm64" user="" user-domain="" culture="en-US" uiculture="en-US" os-architecture="64bit" /><failure><message><![CDATA[]]></message><stack-trace><![CDATA[None]]></stack-trace></failure><reason><message><![CDATA[]]></message></reason><output><![CDATA[]]></output></test-case><test-case id="564" name="tests/tools/test_intersect.py::test_intersect_distincttz[startdates2-H-2020-01-20-06:00-idx-Asia/Kolkata]" fullname="tests/tools/test_intersect.py::test_intersect_distincttz[startdates2-H-2020-01-20-06:00-idx-Asia/Kolkata]" methodname="test_intersect_distincttz[startdates2-H-2020-01-20-06:00-idx-Asia/Kolkata]" classname="tests/tools/test_intersect.py" runstate="Runnable" seed="1" result="Passed" label="Test if intersection of indices with distinct timezones gives correct result." start-time="2024-02-05 13:01:39.946795" end-time="2024-02-05 13:01:39.947336" duration="0.000541" asserts="0"><properties><property name="python-version" value="3.11.7 (main, Dec  4 2023, 18:10:11) [Clang 15.0.0 (clang-1500.1.0.2.5)]" /><property name="fspath" value="tests/tools/test_intersect.py" /></properties><environment framework-version="3.6.2" clr-version="3.11.7 (main, Dec  4 2023, 18:10:11) [Clang 15.0.0 (clang-1500.1.0.2.5)]" os-version="23.3.0" platform="Darwin" cwd="/Users/ruud.wijtvliet/python/portfolyo" machine-name="arm64" user="" user-domain="" culture="en-US" uiculture="en-US" os-architecture="64bit" /><failure><message><![CDATA[]]></message><stack-trace><![CDATA[None]]></stack-trace></failure><reason><message><![CDATA[]]></message></reason><output><![CDATA[]]></output></test-case><test-case id="565" name="tests/tools/test_intersect.py::test_intersect_distincttz[startdates2-H-2020-01-20-06:00-fr-None]" fullname="tests/tools/test_intersect.py::test_intersect_distincttz[startdates2-H-2020-01-20-06:00-fr-None]" methodname="test_intersect_distincttz[startdates2-H-2020-01-20-06:00-fr-None]" classname="tests/tools/test_intersect.py" runstate="Runnable" seed="1" result="Passed" label="Test if intersection of indices with distinct timezones gives correct result." start-time="2024-02-05 13:01:39.947753" end-time="2024-02-05 13:01:39.948430" duration="0.000677" asserts="0"><properties><property name="python-version" value="3.11.7 (main, Dec  4 2023, 18:10:11) [Clang 15.0.0 (clang-1500.1.0.2.5)]" /><property name="fspath" value="tests/tools/test_intersect.py" /></properties><environment framework-version="3.6.2" clr-version="3.11.7 (main, Dec  4 2023, 18:10:11) [Clang 15.0.0 (clang-1500.1.0.2.5)]" os-version="23.3.0" platform="Darwin" cwd="/Users/ruud.wijtvliet/python/portfolyo" machine-name="arm64" user="" user-domain="" culture="en-US" uiculture="en-US" os-architecture="64bit" /><failure><message><![CDATA[]]></message><stack-trace><![CDATA[None]]></stack-trace></failure><reason><message><![CDATA[]]></message></reason><output><![CDATA[]]></output></test-case><test-case id="566" name="tests/tools/test_intersect.py::test_intersect_distincttz[startdates2-H-2020-01-20-06:00-fr-Europe/Berlin]" fullname="tests/tools/test_intersect.py::test_intersect_distincttz[startdates2-H-2020-01-20-06:00-fr-Europe/Berlin]" methodname="test_intersect_distincttz[startdates2-H-2020-01-20-06:00-fr-Europe/Berlin]" classname="tests/tools/test_intersect.py" runstate="Runnable" seed="1" result="Passed" label="Test if intersection of indices with distinct timezones gives correct result." start-time="2024-02-05 13:01:39.948849" end-time="2024-02-05 13:01:39.949525" duration="0.000676" asserts="0"><properties><property name="python-version" value="3.11.7 (main, Dec  4 2023, 18:10:11) [Clang 15.0.0 (clang-1500.1.0.2.5)]" /><property name="fspath" value="tests/tools/test_intersect.py" /></properties><environment framework-version="3.6.2" clr-version="3.11.7 (main, Dec  4 2023, 18:10:11) [Clang 15.0.0 (clang-1500.1.0.2.5)]" os-version="23.3.0" platform="Darwin" cwd="/Users/ruud.wijtvliet/python/portfolyo" machine-name="arm64" user="" user-domain="" culture="en-US" uiculture="en-US" os-architecture="64bit" /><failure><message><![CDATA[]]></message><stack-trace><![CDATA[None]]></stack-trace></failure><reason><message><![CDATA[]]></message></reason><output><![CDATA[]]></output></test-case><test-case id="567" name="tests/tools/test_intersect.py::test_intersect_distincttz[startdates2-H-2020-01-20-06:00-fr-Asia/Kolkata]" fullname="tests/tools/test_intersect.py::test_intersect_distincttz[startdates2-H-2020-01-20-06:00-fr-Asia/Kolkata]" methodname="test_intersect_distincttz[startdates2-H-2020-01-20-06:00-fr-Asia/Kolkata]" classname="tests/tools/test_intersect.py" runstate="Runnable" seed="1" result="Passed" label="Test if intersection of indices with distinct timezones gives correct result." start-time="2024-02-05 13:01:39.949935" end-time="2024-02-05 13:01:39.950826" duration="0.000891" asserts="0"><properties><property name="python-version" value="3.11.7 (main, Dec  4 2023, 18:10:11) [Clang 15.0.0 (clang-1500.1.0.2.5)]" /><property name="fspath" value="tests/tools/test_intersect.py" /></properties><environment framework-version="3.6.2" clr-version="3.11.7 (main, Dec  4 2023, 18:10:11) [Clang 15.0.0 (clang-1500.1.0.2.5)]" os-version="23.3.0" platform="Darwin" cwd="/Users/ruud.wijtvliet/python/portfolyo" machine-name="arm64" user="" user-domain="" culture="en-US" uiculture="en-US" os-architecture="64bit" /><failure><message><![CDATA[]]></message><stack-trace><![CDATA[None]]></stack-trace></failure><reason><message><![CDATA[]]></message></reason><output><![CDATA[]]></output></test-case><test-case id="568" name="tests/tools/test_intersect.py::test_intersect_distincttz[startdates3-H-2020-01-20-00:00-idx-None]" fullname="tests/tools/test_intersect.py::test_intersect_distincttz[startdates3-H-2020-01-20-00:00-idx-None]" methodname="test_intersect_distincttz[startdates3-H-2020-01-20-00:00-idx-None]" classname="tests/tools/test_intersect.py" runstate="Runnable" seed="1" result="Passed" label="Test if intersection of indices with distinct timezones gives correct result." start-time="2024-02-05 13:01:39.951456" end-time="2024-02-05 13:01:39.952095" duration="0.000639" asserts="0"><properties><property name="python-version" value="3.11.7 (main, Dec  4 2023, 18:10:11) [Clang 15.0.0 (clang-1500.1.0.2.5)]" /><property name="fspath" value="tests/tools/test_intersect.py" /></properties><environment framework-version="3.6.2" clr-version="3.11.7 (main, Dec  4 2023, 18:10:11) [Clang 15.0.0 (clang-1500.1.0.2.5)]" os-version="23.3.0" platform="Darwin" cwd="/Users/ruud.wijtvliet/python/portfolyo" machine-name="arm64" user="" user-domain="" culture="en-US" uiculture="en-US" os-architecture="64bit" /><failure><message><![CDATA[]]></message><stack-trace><![CDATA[None]]></stack-trace></failure><reason><message><![CDATA[]]></message></reason><output><![CDATA[]]></output></test-case><test-case id="569" name="tests/tools/test_intersect.py::test_intersect_distincttz[startdates3-H-2020-01-20-00:00-idx-Europe/Berlin]" fullname="tests/tools/test_intersect.py::test_intersect_distincttz[startdates3-H-2020-01-20-00:00-idx-Europe/Berlin]" methodname="test_intersect_distincttz[startdates3-H-2020-01-20-00:00-idx-Europe/Berlin]" classname="tests/tools/test_intersect.py" runstate="Runnable" seed="1" result="Passed" label="Test if intersection of indices with distinct timezones gives correct result." start-time="2024-02-05 13:01:39.952539" end-time="2024-02-05 13:01:39.953062" duration="0.000523" asserts="0"><properties><property name="python-version" value="3.11.7 (main, Dec  4 2023, 18:10:11) [Clang 15.0.0 (clang-1500.1.0.2.5)]" /><property name="fspath" value="tests/tools/test_intersect.py" /></properties><environment framework-version="3.6.2" clr-version="3.11.7 (main, Dec  4 2023, 18:10:11) [Clang 15.0.0 (clang-1500.1.0.2.5)]" os-version="23.3.0" platform="Darwin" cwd="/Users/ruud.wijtvliet/python/portfolyo" machine-name="arm64" user="" user-domain="" culture="en-US" uiculture="en-US" os-architecture="64bit" /><failure><message><![CDATA[]]></message><stack-trace><![CDATA[None]]></stack-trace></failure><reason><message><![CDATA[]]></message></reason><output><![CDATA[]]></output></test-case><test-case id="570" name="tests/tools/test_intersect.py::test_intersect_distincttz[startdates3-H-2020-01-20-00:00-idx-Asia/Kolkata]" fullname="tests/tools/test_intersect.py::test_intersect_distincttz[startdates3-H-2020-01-20-00:00-idx-Asia/Kolkata]" methodname="test_intersect_distincttz[startdates3-H-2020-01-20-00:00-idx-Asia/Kolkata]" classname="tests/tools/test_intersect.py" runstate="Runnable" seed="1" result="Passed" label="Test if intersection of indices with distinct timezones gives correct result." start-time="2024-02-05 13:01:39.953495" end-time="2024-02-05 13:01:39.954016" duration="0.000521" asserts="0"><properties><property name="python-version" value="3.11.7 (main, Dec  4 2023, 18:10:11) [Clang 15.0.0 (clang-1500.1.0.2.5)]" /><property name="fspath" value="tests/tools/test_intersect.py" /></properties><environment framework-version="3.6.2" clr-version="3.11.7 (main, Dec  4 2023, 18:10:11) [Clang 15.0.0 (clang-1500.1.0.2.5)]" os-version="23.3.0" platform="Darwin" cwd="/Users/ruud.wijtvliet/python/portfolyo" machine-name="arm64" user="" user-domain="" culture="en-US" uiculture="en-US" os-architecture="64bit" /><failure><message><![CDATA[]]></message><stack-trace><![CDATA[None]]></stack-trace></failure><reason><message><![CDATA[]]></message></reason><output><![CDATA[]]></output></test-case><test-case id="571" name="tests/tools/test_intersect.py::test_intersect_distincttz[startdates3-H-2020-01-20-00:00-fr-None]" fullname="tests/tools/test_intersect.py::test_intersect_distincttz[startdates3-H-2020-01-20-00:00-fr-None]" methodname="test_intersect_distincttz[startdates3-H-2020-01-20-00:00-fr-None]" classname="tests/tools/test_intersect.py" runstate="Runnable" seed="1" result="Passed" label="Test if intersection of indices with distinct timezones gives correct result." start-time="2024-02-05 13:01:39.954481" end-time="2024-02-05 13:01:39.955340" duration="0.000859" asserts="0"><properties><property name="python-version" value="3.11.7 (main, Dec  4 2023, 18:10:11) [Clang 15.0.0 (clang-1500.1.0.2.5)]" /><property name="fspath" value="tests/tools/test_intersect.py" /></properties><environment framework-version="3.6.2" clr-version="3.11.7 (main, Dec  4 2023, 18:10:11) [Clang 15.0.0 (clang-1500.1.0.2.5)]" os-version="23.3.0" platform="Darwin" cwd="/Users/ruud.wijtvliet/python/portfolyo" machine-name="arm64" user="" user-domain="" culture="en-US" uiculture="en-US" os-architecture="64bit" /><failure><message><![CDATA[]]></message><stack-trace><![CDATA[None]]></stack-trace></failure><reason><message><![CDATA[]]></message></reason><output><![CDATA[]]></output></test-case><test-case id="572" name="tests/tools/test_intersect.py::test_intersect_distincttz[startdates3-H-2020-01-20-00:00-fr-Europe/Berlin]" fullname="tests/tools/test_intersect.py::test_intersect_distincttz[startdates3-H-2020-01-20-00:00-fr-Europe/Berlin]" methodname="test_intersect_distincttz[startdates3-H-2020-01-20-00:00-fr-Europe/Berlin]" classname="tests/tools/test_intersect.py" runstate="Runnable" seed="1" result="Passed" label="Test if intersection of indices with distinct timezones gives correct result." start-time="2024-02-05 13:01:39.955797" end-time="2024-02-05 13:01:39.956569" duration="0.000772" asserts="0"><properties><property name="python-version" value="3.11.7 (main, Dec  4 2023, 18:10:11) [Clang 15.0.0 (clang-1500.1.0.2.5)]" /><property name="fspath" value="tests/tools/test_intersect.py" /></properties><environment framework-version="3.6.2" clr-version="3.11.7 (main, Dec  4 2023, 18:10:11) [Clang 15.0.0 (clang-1500.1.0.2.5)]" os-version="23.3.0" platform="Darwin" cwd="/Users/ruud.wijtvliet/python/portfolyo" machine-name="arm64" user="" user-domain="" culture="en-US" uiculture="en-US" os-architecture="64bit" /><failure><message><![CDATA[]]></message><stack-trace><![CDATA[None]]></stack-trace></failure><reason><message><![CDATA[]]></message></reason><output><![CDATA[]]></output></test-case><test-case id="573" name="tests/tools/test_intersect.py::test_intersect_distincttz[startdates3-H-2020-01-20-00:00-fr-Asia/Kolkata]" fullname="tests/tools/test_intersect.py::test_intersect_distincttz[startdates3-H-2020-01-20-00:00-fr-Asia/Kolkata]" methodname="test_intersect_distincttz[startdates3-H-2020-01-20-00:00-fr-Asia/Kolkata]" classname="tests/tools/test_intersect.py" runstate="Runnable" seed="1" result="Passed" label="Test if intersection of indices with distinct timezones gives correct result." start-time="2024-02-05 13:01:39.957009" end-time="2024-02-05 13:01:39.957721" duration="0.000712" asserts="0"><properties><property name="python-version" value="3.11.7 (main, Dec  4 2023, 18:10:11) [Clang 15.0.0 (clang-1500.1.0.2.5)]" /><property name="fspath" value="tests/tools/test_intersect.py" /></properties><environment framework-version="3.6.2" clr-version="3.11.7 (main, Dec  4 2023, 18:10:11) [Clang 15.0.0 (clang-1500.1.0.2.5)]" os-version="23.3.0" platform="Darwin" cwd="/Users/ruud.wijtvliet/python/portfolyo" machine-name="arm64" user="" user-domain="" culture="en-US" uiculture="en-US" os-architecture="64bit" /><failure><message><![CDATA[]]></message><stack-trace><![CDATA[None]]></stack-trace></failure><reason><message><![CDATA[]]></message></reason><output><![CDATA[]]></output></test-case><test-case id="574" name="tests/tools/test_intersect.py::test_intersect_distincttz[startdates3-H-2020-01-20-06:00-idx-None]" fullname="tests/tools/test_intersect.py::test_intersect_distincttz[startdates3-H-2020-01-20-06:00-idx-None]" methodname="test_intersect_distincttz[startdates3-H-2020-01-20-06:00-idx-None]" classname="tests/tools/test_intersect.py" runstate="Runnable" seed="1" result="Passed" label="Test if intersection of indices with distinct timezones gives correct result." start-time="2024-02-05 13:01:39.958151" end-time="2024-02-05 13:01:39.958664" duration="0.000513" asserts="0"><properties><property name="python-version" value="3.11.7 (main, Dec  4 2023, 18:10:11) [Clang 15.0.0 (clang-1500.1.0.2.5)]" /><property name="fspath" value="tests/tools/test_intersect.py" /></properties><environment framework-version="3.6.2" clr-version="3.11.7 (main, Dec  4 2023, 18:10:11) [Clang 15.0.0 (clang-1500.1.0.2.5)]" os-version="23.3.0" platform="Darwin" cwd="/Users/ruud.wijtvliet/python/portfolyo" machine-name="arm64" user="" user-domain="" culture="en-US" uiculture="en-US" os-architecture="64bit" /><failure><message><![CDATA[]]></message><stack-trace><![CDATA[None]]></stack-trace></failure><reason><message><![CDATA[]]></message></reason><output><![CDATA[]]></output></test-case><test-case id="575" name="tests/tools/test_intersect.py::test_intersect_distincttz[startdates3-H-2020-01-20-06:00-idx-Europe/Berlin]" fullname="tests/tools/test_intersect.py::test_intersect_distincttz[startdates3-H-2020-01-20-06:00-idx-Europe/Berlin]" methodname="test_intersect_distincttz[startdates3-H-2020-01-20-06:00-idx-Europe/Berlin]" classname="tests/tools/test_intersect.py" runstate="Runnable" seed="1" result="Passed" label="Test if intersection of indices with distinct timezones gives correct result." start-time="2024-02-05 13:01:39.959105" end-time="2024-02-05 13:01:39.959617" duration="0.000512" asserts="0"><properties><property name="python-version" value="3.11.7 (main, Dec  4 2023, 18:10:11) [Clang 15.0.0 (clang-1500.1.0.2.5)]" /><property name="fspath" value="tests/tools/test_intersect.py" /></properties><environment framework-version="3.6.2" clr-version="3.11.7 (main, Dec  4 2023, 18:10:11) [Clang 15.0.0 (clang-1500.1.0.2.5)]" os-version="23.3.0" platform="Darwin" cwd="/Users/ruud.wijtvliet/python/portfolyo" machine-name="arm64" user="" user-domain="" culture="en-US" uiculture="en-US" os-architecture="64bit" /><failure><message><![CDATA[]]></message><stack-trace><![CDATA[None]]></stack-trace></failure><reason><message><![CDATA[]]></message></reason><output><![CDATA[]]></output></test-case><test-case id="576" name="tests/tools/test_intersect.py::test_intersect_distincttz[startdates3-H-2020-01-20-06:00-idx-Asia/Kolkata]" fullname="tests/tools/test_intersect.py::test_intersect_distincttz[startdates3-H-2020-01-20-06:00-idx-Asia/Kolkata]" methodname="test_intersect_distincttz[startdates3-H-2020-01-20-06:00-idx-Asia/Kolkata]" classname="tests/tools/test_intersect.py" runstate="Runnable" seed="1" result="Passed" label="Test if intersection of indices with distinct timezones gives correct result." start-time="2024-02-05 13:01:39.960068" end-time="2024-02-05 13:01:39.960627" duration="0.000559" asserts="0"><properties><property name="python-version" value="3.11.7 (main, Dec  4 2023, 18:10:11) [Clang 15.0.0 (clang-1500.1.0.2.5)]" /><property name="fspath" value="tests/tools/test_intersect.py" /></properties><environment framework-version="3.6.2" clr-version="3.11.7 (main, Dec  4 2023, 18:10:11) [Clang 15.0.0 (clang-1500.1.0.2.5)]" os-version="23.3.0" platform="Darwin" cwd="/Users/ruud.wijtvliet/python/portfolyo" machine-name="arm64" user="" user-domain="" culture="en-US" uiculture="en-US" os-architecture="64bit" /><failure><message><![CDATA[]]></message><stack-trace><![CDATA[None]]></stack-trace></failure><reason><message><![CDATA[]]></message></reason><output><![CDATA[]]></output></test-case><test-case id="577" name="tests/tools/test_intersect.py::test_intersect_distincttz[startdates3-H-2020-01-20-06:00-fr-None]" fullname="tests/tools/test_intersect.py::test_intersect_distincttz[startdates3-H-2020-01-20-06:00-fr-None]" methodname="test_intersect_distincttz[startdates3-H-2020-01-20-06:00-fr-None]" classname="tests/tools/test_intersect.py" runstate="Runnable" seed="1" result="Passed" label="Test if intersection of indices with distinct timezones gives correct result." start-time="2024-02-05 13:01:39.961169" end-time="2024-02-05 13:01:39.961915" duration="0.000746" asserts="0"><properties><property name="python-version" value="3.11.7 (main, Dec  4 2023, 18:10:11) [Clang 15.0.0 (clang-1500.1.0.2.5)]" /><property name="fspath" value="tests/tools/test_intersect.py" /></properties><environment framework-version="3.6.2" clr-version="3.11.7 (main, Dec  4 2023, 18:10:11) [Clang 15.0.0 (clang-1500.1.0.2.5)]" os-version="23.3.0" platform="Darwin" cwd="/Users/ruud.wijtvliet/python/portfolyo" machine-name="arm64" user="" user-domain="" culture="en-US" uiculture="en-US" os-architecture="64bit" /><failure><message><![CDATA[]]></message><stack-trace><![CDATA[None]]></stack-trace></failure><reason><message><![CDATA[]]></message></reason><output><![CDATA[]]></output></test-case><test-case id="578" name="tests/tools/test_intersect.py::test_intersect_distincttz[startdates3-H-2020-01-20-06:00-fr-Europe/Berlin]" fullname="tests/tools/test_intersect.py::test_intersect_distincttz[startdates3-H-2020-01-20-06:00-fr-Europe/Berlin]" methodname="test_intersect_distincttz[startdates3-H-2020-01-20-06:00-fr-Europe/Berlin]" classname="tests/tools/test_intersect.py" runstate="Runnable" seed="1" result="Passed" label="Test if intersection of indices with distinct timezones gives correct result." start-time="2024-02-05 13:01:39.962374" end-time="2024-02-05 13:01:39.963053" duration="0.000679" asserts="0"><properties><property name="python-version" value="3.11.7 (main, Dec  4 2023, 18:10:11) [Clang 15.0.0 (clang-1500.1.0.2.5)]" /><property name="fspath" value="tests/tools/test_intersect.py" /></properties><environment framework-version="3.6.2" clr-version="3.11.7 (main, Dec  4 2023, 18:10:11) [Clang 15.0.0 (clang-1500.1.0.2.5)]" os-version="23.3.0" platform="Darwin" cwd="/Users/ruud.wijtvliet/python/portfolyo" machine-name="arm64" user="" user-domain="" culture="en-US" uiculture="en-US" os-architecture="64bit" /><failure><message><![CDATA[]]></message><stack-trace><![CDATA[None]]></stack-trace></failure><reason><message><![CDATA[]]></message></reason><output><![CDATA[]]></output></test-case><test-case id="579" name="tests/tools/test_intersect.py::test_intersect_distincttz[startdates3-H-2020-01-20-06:00-fr-Asia/Kolkata]" fullname="tests/tools/test_intersect.py::test_intersect_distincttz[startdates3-H-2020-01-20-06:00-fr-Asia/Kolkata]" methodname="test_intersect_distincttz[startdates3-H-2020-01-20-06:00-fr-Asia/Kolkata]" classname="tests/tools/test_intersect.py" runstate="Runnable" seed="1" result="Passed" label="Test if intersection of indices with distinct timezones gives correct result." start-time="2024-02-05 13:01:39.963480" end-time="2024-02-05 13:01:39.964159" duration="0.000679" asserts="0"><properties><property name="python-version" value="3.11.7 (main, Dec  4 2023, 18:10:11) [Clang 15.0.0 (clang-1500.1.0.2.5)]" /><property name="fspath" value="tests/tools/test_intersect.py" /></properties><environment framework-version="3.6.2" clr-version="3.11.7 (main, Dec  4 2023, 18:10:11) [Clang 15.0.0 (clang-1500.1.0.2.5)]" os-version="23.3.0" platform="Darwin" cwd="/Users/ruud.wijtvliet/python/portfolyo" machine-name="arm64" user="" user-domain="" culture="en-US" uiculture="en-US" os-architecture="64bit" /><failure><message><![CDATA[]]></message><stack-trace><![CDATA[None]]></stack-trace></failure><reason><message><![CDATA[]]></message></reason><output><![CDATA[]]></output></test-case><test-case id="580" name="tests/tools/test_intersect.py::test_intersect_distincttz[startdates4-D-2020-01-20-00:00-idx-None]" fullname="tests/tools/test_intersect.py::test_intersect_distincttz[startdates4-D-2020-01-20-00:00-idx-None]" methodname="test_intersect_distincttz[startdates4-D-2020-01-20-00:00-idx-None]" classname="tests/tools/test_intersect.py" runstate="Runnable" seed="1" result="Passed" label="Test if intersection of indices with distinct timezones gives correct result." start-time="2024-02-05 13:01:39.964572" end-time="2024-02-05 13:01:39.965261" duration="0.000689" asserts="0"><properties><property name="python-version" value="3.11.7 (main, Dec  4 2023, 18:10:11) [Clang 15.0.0 (clang-1500.1.0.2.5)]" /><property name="fspath" value="tests/tools/test_intersect.py" /></properties><environment framework-version="3.6.2" clr-version="3.11.7 (main, Dec  4 2023, 18:10:11) [Clang 15.0.0 (clang-1500.1.0.2.5)]" os-version="23.3.0" platform="Darwin" cwd="/Users/ruud.wijtvliet/python/portfolyo" machine-name="arm64" user="" user-domain="" culture="en-US" uiculture="en-US" os-architecture="64bit" /><failure><message><![CDATA[]]></message><stack-trace><![CDATA[None]]></stack-trace></failure><reason><message><![CDATA[]]></message></reason><output><![CDATA[]]></output></test-case><test-case id="581" name="tests/tools/test_intersect.py::test_intersect_distincttz[startdates4-D-2020-01-20-00:00-idx-Europe/Berlin]" fullname="tests/tools/test_intersect.py::test_intersect_distincttz[startdates4-D-2020-01-20-00:00-idx-Europe/Berlin]" methodname="test_intersect_distincttz[startdates4-D-2020-01-20-00:00-idx-Europe/Berlin]" classname="tests/tools/test_intersect.py" runstate="Runnable" seed="1" result="Passed" label="Test if intersection of indices with distinct timezones gives correct result." start-time="2024-02-05 13:01:39.965705" end-time="2024-02-05 13:01:39.966438" duration="0.000733" asserts="0"><properties><property name="python-version" value="3.11.7 (main, Dec  4 2023, 18:10:11) [Clang 15.0.0 (clang-1500.1.0.2.5)]" /><property name="fspath" value="tests/tools/test_intersect.py" /></properties><environment framework-version="3.6.2" clr-version="3.11.7 (main, Dec  4 2023, 18:10:11) [Clang 15.0.0 (clang-1500.1.0.2.5)]" os-version="23.3.0" platform="Darwin" cwd="/Users/ruud.wijtvliet/python/portfolyo" machine-name="arm64" user="" user-domain="" culture="en-US" uiculture="en-US" os-architecture="64bit" /><failure><message><![CDATA[]]></message><stack-trace><![CDATA[None]]></stack-trace></failure><reason><message><![CDATA[]]></message></reason><output><![CDATA[]]></output></test-case><test-case id="582" name="tests/tools/test_intersect.py::test_intersect_distincttz[startdates4-D-2020-01-20-00:00-idx-Asia/Kolkata]" fullname="tests/tools/test_intersect.py::test_intersect_distincttz[startdates4-D-2020-01-20-00:00-idx-Asia/Kolkata]" methodname="test_intersect_distincttz[startdates4-D-2020-01-20-00:00-idx-Asia/Kolkata]" classname="tests/tools/test_intersect.py" runstate="Runnable" seed="1" result="Passed" label="Test if intersection of indices with distinct timezones gives correct result." start-time="2024-02-05 13:01:39.966935" end-time="2024-02-05 13:01:39.967861" duration="0.000926" asserts="0"><properties><property name="python-version" value="3.11.7 (main, Dec  4 2023, 18:10:11) [Clang 15.0.0 (clang-1500.1.0.2.5)]" /><property name="fspath" value="tests/tools/test_intersect.py" /></properties><environment framework-version="3.6.2" clr-version="3.11.7 (main, Dec  4 2023, 18:10:11) [Clang 15.0.0 (clang-1500.1.0.2.5)]" os-version="23.3.0" platform="Darwin" cwd="/Users/ruud.wijtvliet/python/portfolyo" machine-name="arm64" user="" user-domain="" culture="en-US" uiculture="en-US" os-architecture="64bit" /><failure><message><![CDATA[]]></message><stack-trace><![CDATA[None]]></stack-trace></failure><reason><message><![CDATA[]]></message></reason><output><![CDATA[]]></output></test-case><test-case id="583" name="tests/tools/test_intersect.py::test_intersect_distincttz[startdates4-D-2020-01-20-00:00-fr-None]" fullname="tests/tools/test_intersect.py::test_intersect_distincttz[startdates4-D-2020-01-20-00:00-fr-None]" methodname="test_intersect_distincttz[startdates4-D-2020-01-20-00:00-fr-None]" classname="tests/tools/test_intersect.py" runstate="Runnable" seed="1" result="Passed" label="Test if intersection of indices with distinct timezones gives correct result." start-time="2024-02-05 13:01:39.968352" end-time="2024-02-05 13:01:39.969266" duration="0.000914" asserts="0"><properties><property name="python-version" value="3.11.7 (main, Dec  4 2023, 18:10:11) [Clang 15.0.0 (clang-1500.1.0.2.5)]" /><property name="fspath" value="tests/tools/test_intersect.py" /></properties><environment framework-version="3.6.2" clr-version="3.11.7 (main, Dec  4 2023, 18:10:11) [Clang 15.0.0 (clang-1500.1.0.2.5)]" os-version="23.3.0" platform="Darwin" cwd="/Users/ruud.wijtvliet/python/portfolyo" machine-name="arm64" user="" user-domain="" culture="en-US" uiculture="en-US" os-architecture="64bit" /><failure><message><![CDATA[]]></message><stack-trace><![CDATA[None]]></stack-trace></failure><reason><message><![CDATA[]]></message></reason><output><![CDATA[]]></output></test-case><test-case id="584" name="tests/tools/test_intersect.py::test_intersect_distincttz[startdates4-D-2020-01-20-00:00-fr-Europe/Berlin]" fullname="tests/tools/test_intersect.py::test_intersect_distincttz[startdates4-D-2020-01-20-00:00-fr-Europe/Berlin]" methodname="test_intersect_distincttz[startdates4-D-2020-01-20-00:00-fr-Europe/Berlin]" classname="tests/tools/test_intersect.py" runstate="Runnable" seed="1" result="Passed" label="Test if intersection of indices with distinct timezones gives correct result." start-time="2024-02-05 13:01:39.969717" end-time="2024-02-05 13:01:39.970676" duration="0.000959" asserts="0"><properties><property name="python-version" value="3.11.7 (main, Dec  4 2023, 18:10:11) [Clang 15.0.0 (clang-1500.1.0.2.5)]" /><property name="fspath" value="tests/tools/test_intersect.py" /></properties><environment framework-version="3.6.2" clr-version="3.11.7 (main, Dec  4 2023, 18:10:11) [Clang 15.0.0 (clang-1500.1.0.2.5)]" os-version="23.3.0" platform="Darwin" cwd="/Users/ruud.wijtvliet/python/portfolyo" machine-name="arm64" user="" user-domain="" culture="en-US" uiculture="en-US" os-architecture="64bit" /><failure><message><![CDATA[]]></message><stack-trace><![CDATA[None]]></stack-trace></failure><reason><message><![CDATA[]]></message></reason><output><![CDATA[]]></output></test-case><test-case id="585" name="tests/tools/test_intersect.py::test_intersect_distincttz[startdates4-D-2020-01-20-00:00-fr-Asia/Kolkata]" fullname="tests/tools/test_intersect.py::test_intersect_distincttz[startdates4-D-2020-01-20-00:00-fr-Asia/Kolkata]" methodname="test_intersect_distincttz[startdates4-D-2020-01-20-00:00-fr-Asia/Kolkata]" classname="tests/tools/test_intersect.py" runstate="Runnable" seed="1" result="Passed" label="Test if intersection of indices with distinct timezones gives correct result." start-time="2024-02-05 13:01:39.971139" end-time="2024-02-05 13:01:39.972206" duration="0.001067" asserts="0"><properties><property name="python-version" value="3.11.7 (main, Dec  4 2023, 18:10:11) [Clang 15.0.0 (clang-1500.1.0.2.5)]" /><property name="fspath" value="tests/tools/test_intersect.py" /></properties><environment framework-version="3.6.2" clr-version="3.11.7 (main, Dec  4 2023, 18:10:11) [Clang 15.0.0 (clang-1500.1.0.2.5)]" os-version="23.3.0" platform="Darwin" cwd="/Users/ruud.wijtvliet/python/portfolyo" machine-name="arm64" user="" user-domain="" culture="en-US" uiculture="en-US" os-architecture="64bit" /><failure><message><![CDATA[]]></message><stack-trace><![CDATA[None]]></stack-trace></failure><reason><message><![CDATA[]]></message></reason><output><![CDATA[]]></output></test-case><test-case id="586" name="tests/tools/test_intersect.py::test_intersect_distincttz[startdates4-D-2020-01-20-06:00-idx-None]" fullname="tests/tools/test_intersect.py::test_intersect_distincttz[startdates4-D-2020-01-20-06:00-idx-None]" methodname="test_intersect_distincttz[startdates4-D-2020-01-20-06:00-idx-None]" classname="tests/tools/test_intersect.py" runstate="Runnable" seed="1" result="Passed" label="Test if intersection of indices with distinct timezones gives correct result." start-time="2024-02-05 13:01:39.972623" end-time="2024-02-05 13:01:39.973306" duration="0.000683" asserts="0"><properties><property name="python-version" value="3.11.7 (main, Dec  4 2023, 18:10:11) [Clang 15.0.0 (clang-1500.1.0.2.5)]" /><property name="fspath" value="tests/tools/test_intersect.py" /></properties><environment framework-version="3.6.2" clr-version="3.11.7 (main, Dec  4 2023, 18:10:11) [Clang 15.0.0 (clang-1500.1.0.2.5)]" os-version="23.3.0" platform="Darwin" cwd="/Users/ruud.wijtvliet/python/portfolyo" machine-name="arm64" user="" user-domain="" culture="en-US" uiculture="en-US" os-architecture="64bit" /><failure><message><![CDATA[]]></message><stack-trace><![CDATA[None]]></stack-trace></failure><reason><message><![CDATA[]]></message></reason><output><![CDATA[]]></output></test-case><test-case id="587" name="tests/tools/test_intersect.py::test_intersect_distincttz[startdates4-D-2020-01-20-06:00-idx-Europe/Berlin]" fullname="tests/tools/test_intersect.py::test_intersect_distincttz[startdates4-D-2020-01-20-06:00-idx-Europe/Berlin]" methodname="test_intersect_distincttz[startdates4-D-2020-01-20-06:00-idx-Europe/Berlin]" classname="tests/tools/test_intersect.py" runstate="Runnable" seed="1" result="Passed" label="Test if intersection of indices with distinct timezones gives correct result." start-time="2024-02-05 13:01:39.973741" end-time="2024-02-05 13:01:39.974405" duration="0.000664" asserts="0"><properties><property name="python-version" value="3.11.7 (main, Dec  4 2023, 18:10:11) [Clang 15.0.0 (clang-1500.1.0.2.5)]" /><property name="fspath" value="tests/tools/test_intersect.py" /></properties><environment framework-version="3.6.2" clr-version="3.11.7 (main, Dec  4 2023, 18:10:11) [Clang 15.0.0 (clang-1500.1.0.2.5)]" os-version="23.3.0" platform="Darwin" cwd="/Users/ruud.wijtvliet/python/portfolyo" machine-name="arm64" user="" user-domain="" culture="en-US" uiculture="en-US" os-architecture="64bit" /><failure><message><![CDATA[]]></message><stack-trace><![CDATA[None]]></stack-trace></failure><reason><message><![CDATA[]]></message></reason><output><![CDATA[]]></output></test-case><test-case id="588" name="tests/tools/test_intersect.py::test_intersect_distincttz[startdates4-D-2020-01-20-06:00-idx-Asia/Kolkata]" fullname="tests/tools/test_intersect.py::test_intersect_distincttz[startdates4-D-2020-01-20-06:00-idx-Asia/Kolkata]" methodname="test_intersect_distincttz[startdates4-D-2020-01-20-06:00-idx-Asia/Kolkata]" classname="tests/tools/test_intersect.py" runstate="Runnable" seed="1" result="Passed" label="Test if intersection of indices with distinct timezones gives correct result." start-time="2024-02-05 13:01:39.974838" end-time="2024-02-05 13:01:39.975767" duration="0.000929" asserts="0"><properties><property name="python-version" value="3.11.7 (main, Dec  4 2023, 18:10:11) [Clang 15.0.0 (clang-1500.1.0.2.5)]" /><property name="fspath" value="tests/tools/test_intersect.py" /></properties><environment framework-version="3.6.2" clr-version="3.11.7 (main, Dec  4 2023, 18:10:11) [Clang 15.0.0 (clang-1500.1.0.2.5)]" os-version="23.3.0" platform="Darwin" cwd="/Users/ruud.wijtvliet/python/portfolyo" machine-name="arm64" user="" user-domain="" culture="en-US" uiculture="en-US" os-architecture="64bit" /><failure><message><![CDATA[]]></message><stack-trace><![CDATA[None]]></stack-trace></failure><reason><message><![CDATA[]]></message></reason><output><![CDATA[]]></output></test-case><test-case id="589" name="tests/tools/test_intersect.py::test_intersect_distincttz[startdates4-D-2020-01-20-06:00-fr-None]" fullname="tests/tools/test_intersect.py::test_intersect_distincttz[startdates4-D-2020-01-20-06:00-fr-None]" methodname="test_intersect_distincttz[startdates4-D-2020-01-20-06:00-fr-None]" classname="tests/tools/test_intersect.py" runstate="Runnable" seed="1" result="Passed" label="Test if intersection of indices with distinct timezones gives correct result." start-time="2024-02-05 13:01:39.976232" end-time="2024-02-05 13:01:39.977094" duration="0.000862" asserts="0"><properties><property name="python-version" value="3.11.7 (main, Dec  4 2023, 18:10:11) [Clang 15.0.0 (clang-1500.1.0.2.5)]" /><property name="fspath" value="tests/tools/test_intersect.py" /></properties><environment framework-version="3.6.2" clr-version="3.11.7 (main, Dec  4 2023, 18:10:11) [Clang 15.0.0 (clang-1500.1.0.2.5)]" os-version="23.3.0" platform="Darwin" cwd="/Users/ruud.wijtvliet/python/portfolyo" machine-name="arm64" user="" user-domain="" culture="en-US" uiculture="en-US" os-architecture="64bit" /><failure><message><![CDATA[]]></message><stack-trace><![CDATA[None]]></stack-trace></failure><reason><message><![CDATA[]]></message></reason><output><![CDATA[]]></output></test-case><test-case id="590" name="tests/tools/test_intersect.py::test_intersect_distincttz[startdates4-D-2020-01-20-06:00-fr-Europe/Berlin]" fullname="tests/tools/test_intersect.py::test_intersect_distincttz[startdates4-D-2020-01-20-06:00-fr-Europe/Berlin]" methodname="test_intersect_distincttz[startdates4-D-2020-01-20-06:00-fr-Europe/Berlin]" classname="tests/tools/test_intersect.py" runstate="Runnable" seed="1" result="Passed" label="Test if intersection of indices with distinct timezones gives correct result." start-time="2024-02-05 13:01:39.977517" end-time="2024-02-05 13:01:39.978325" duration="0.000808" asserts="0"><properties><property name="python-version" value="3.11.7 (main, Dec  4 2023, 18:10:11) [Clang 15.0.0 (clang-1500.1.0.2.5)]" /><property name="fspath" value="tests/tools/test_intersect.py" /></properties><environment framework-version="3.6.2" clr-version="3.11.7 (main, Dec  4 2023, 18:10:11) [Clang 15.0.0 (clang-1500.1.0.2.5)]" os-version="23.3.0" platform="Darwin" cwd="/Users/ruud.wijtvliet/python/portfolyo" machine-name="arm64" user="" user-domain="" culture="en-US" uiculture="en-US" os-architecture="64bit" /><failure><message><![CDATA[]]></message><stack-trace><![CDATA[None]]></stack-trace></failure><reason><message><![CDATA[]]></message></reason><output><![CDATA[]]></output></test-case><test-case id="591" name="tests/tools/test_intersect.py::test_intersect_distincttz[startdates4-D-2020-01-20-06:00-fr-Asia/Kolkata]" fullname="tests/tools/test_intersect.py::test_intersect_distincttz[startdates4-D-2020-01-20-06:00-fr-Asia/Kolkata]" methodname="test_intersect_distincttz[startdates4-D-2020-01-20-06:00-fr-Asia/Kolkata]" classname="tests/tools/test_intersect.py" runstate="Runnable" seed="1" result="Passed" label="Test if intersection of indices with distinct timezones gives correct result." start-time="2024-02-05 13:01:39.978740" end-time="2024-02-05 13:01:39.979682" duration="0.000942" asserts="0"><properties><property name="python-version" value="3.11.7 (main, Dec  4 2023, 18:10:11) [Clang 15.0.0 (clang-1500.1.0.2.5)]" /><property name="fspath" value="tests/tools/test_intersect.py" /></properties><environment framework-version="3.6.2" clr-version="3.11.7 (main, Dec  4 2023, 18:10:11) [Clang 15.0.0 (clang-1500.1.0.2.5)]" os-version="23.3.0" platform="Darwin" cwd="/Users/ruud.wijtvliet/python/portfolyo" machine-name="arm64" user="" user-domain="" culture="en-US" uiculture="en-US" os-architecture="64bit" /><failure><message><![CDATA[]]></message><stack-trace><![CDATA[None]]></stack-trace></failure><reason><message><![CDATA[]]></message></reason><output><![CDATA[]]></output></test-case><test-case id="592" name="tests/tools/test_intersect.py::test_intersect_distincttz[startdates5-D-2020-01-20-00:00-idx-None]" fullname="tests/tools/test_intersect.py::test_intersect_distincttz[startdates5-D-2020-01-20-00:00-idx-None]" methodname="test_intersect_distincttz[startdates5-D-2020-01-20-00:00-idx-None]" classname="tests/tools/test_intersect.py" runstate="Runnable" seed="1" result="Passed" label="Test if intersection of indices with distinct timezones gives correct result." start-time="2024-02-05 13:01:39.980100" end-time="2024-02-05 13:01:39.980769" duration="0.000669" asserts="0"><properties><property name="python-version" value="3.11.7 (main, Dec  4 2023, 18:10:11) [Clang 15.0.0 (clang-1500.1.0.2.5)]" /><property name="fspath" value="tests/tools/test_intersect.py" /></properties><environment framework-version="3.6.2" clr-version="3.11.7 (main, Dec  4 2023, 18:10:11) [Clang 15.0.0 (clang-1500.1.0.2.5)]" os-version="23.3.0" platform="Darwin" cwd="/Users/ruud.wijtvliet/python/portfolyo" machine-name="arm64" user="" user-domain="" culture="en-US" uiculture="en-US" os-architecture="64bit" /><failure><message><![CDATA[]]></message><stack-trace><![CDATA[None]]></stack-trace></failure><reason><message><![CDATA[]]></message></reason><output><![CDATA[]]></output></test-case><test-case id="593" name="tests/tools/test_intersect.py::test_intersect_distincttz[startdates5-D-2020-01-20-00:00-idx-Europe/Berlin]" fullname="tests/tools/test_intersect.py::test_intersect_distincttz[startdates5-D-2020-01-20-00:00-idx-Europe/Berlin]" methodname="test_intersect_distincttz[startdates5-D-2020-01-20-00:00-idx-Europe/Berlin]" classname="tests/tools/test_intersect.py" runstate="Runnable" seed="1" result="Passed" label="Test if intersection of indices with distinct timezones gives correct result." start-time="2024-02-05 13:01:39.981200" end-time="2024-02-05 13:01:39.981847" duration="0.000647" asserts="0"><properties><property name="python-version" value="3.11.7 (main, Dec  4 2023, 18:10:11) [Clang 15.0.0 (clang-1500.1.0.2.5)]" /><property name="fspath" value="tests/tools/test_intersect.py" /></properties><environment framework-version="3.6.2" clr-version="3.11.7 (main, Dec  4 2023, 18:10:11) [Clang 15.0.0 (clang-1500.1.0.2.5)]" os-version="23.3.0" platform="Darwin" cwd="/Users/ruud.wijtvliet/python/portfolyo" machine-name="arm64" user="" user-domain="" culture="en-US" uiculture="en-US" os-architecture="64bit" /><failure><message><![CDATA[]]></message><stack-trace><![CDATA[None]]></stack-trace></failure><reason><message><![CDATA[]]></message></reason><output><![CDATA[]]></output></test-case><test-case id="594" name="tests/tools/test_intersect.py::test_intersect_distincttz[startdates5-D-2020-01-20-00:00-idx-Asia/Kolkata]" fullname="tests/tools/test_intersect.py::test_intersect_distincttz[startdates5-D-2020-01-20-00:00-idx-Asia/Kolkata]" methodname="test_intersect_distincttz[startdates5-D-2020-01-20-00:00-idx-Asia/Kolkata]" classname="tests/tools/test_intersect.py" runstate="Runnable" seed="1" result="Passed" label="Test if intersection of indices with distinct timezones gives correct result." start-time="2024-02-05 13:01:39.982257" end-time="2024-02-05 13:01:39.983057" duration="0.0008" asserts="0"><properties><property name="python-version" value="3.11.7 (main, Dec  4 2023, 18:10:11) [Clang 15.0.0 (clang-1500.1.0.2.5)]" /><property name="fspath" value="tests/tools/test_intersect.py" /></properties><environment framework-version="3.6.2" clr-version="3.11.7 (main, Dec  4 2023, 18:10:11) [Clang 15.0.0 (clang-1500.1.0.2.5)]" os-version="23.3.0" platform="Darwin" cwd="/Users/ruud.wijtvliet/python/portfolyo" machine-name="arm64" user="" user-domain="" culture="en-US" uiculture="en-US" os-architecture="64bit" /><failure><message><![CDATA[]]></message><stack-trace><![CDATA[None]]></stack-trace></failure><reason><message><![CDATA[]]></message></reason><output><![CDATA[]]></output></test-case><test-case id="595" name="tests/tools/test_intersect.py::test_intersect_distincttz[startdates5-D-2020-01-20-00:00-fr-None]" fullname="tests/tools/test_intersect.py::test_intersect_distincttz[startdates5-D-2020-01-20-00:00-fr-None]" methodname="test_intersect_distincttz[startdates5-D-2020-01-20-00:00-fr-None]" classname="tests/tools/test_intersect.py" runstate="Runnable" seed="1" result="Passed" label="Test if intersection of indices with distinct timezones gives correct result." start-time="2024-02-05 13:01:39.983471" end-time="2024-02-05 13:01:39.984265" duration="0.000794" asserts="0"><properties><property name="python-version" value="3.11.7 (main, Dec  4 2023, 18:10:11) [Clang 15.0.0 (clang-1500.1.0.2.5)]" /><property name="fspath" value="tests/tools/test_intersect.py" /></properties><environment framework-version="3.6.2" clr-version="3.11.7 (main, Dec  4 2023, 18:10:11) [Clang 15.0.0 (clang-1500.1.0.2.5)]" os-version="23.3.0" platform="Darwin" cwd="/Users/ruud.wijtvliet/python/portfolyo" machine-name="arm64" user="" user-domain="" culture="en-US" uiculture="en-US" os-architecture="64bit" /><failure><message><![CDATA[]]></message><stack-trace><![CDATA[None]]></stack-trace></failure><reason><message><![CDATA[]]></message></reason><output><![CDATA[]]></output></test-case><test-case id="596" name="tests/tools/test_intersect.py::test_intersect_distincttz[startdates5-D-2020-01-20-00:00-fr-Europe/Berlin]" fullname="tests/tools/test_intersect.py::test_intersect_distincttz[startdates5-D-2020-01-20-00:00-fr-Europe/Berlin]" methodname="test_intersect_distincttz[startdates5-D-2020-01-20-00:00-fr-Europe/Berlin]" classname="tests/tools/test_intersect.py" runstate="Runnable" seed="1" result="Passed" label="Test if intersection of indices with distinct timezones gives correct result." start-time="2024-02-05 13:01:39.984681" end-time="2024-02-05 13:01:39.985713" duration="0.001032" asserts="0"><properties><property name="python-version" value="3.11.7 (main, Dec  4 2023, 18:10:11) [Clang 15.0.0 (clang-1500.1.0.2.5)]" /><property name="fspath" value="tests/tools/test_intersect.py" /></properties><environment framework-version="3.6.2" clr-version="3.11.7 (main, Dec  4 2023, 18:10:11) [Clang 15.0.0 (clang-1500.1.0.2.5)]" os-version="23.3.0" platform="Darwin" cwd="/Users/ruud.wijtvliet/python/portfolyo" machine-name="arm64" user="" user-domain="" culture="en-US" uiculture="en-US" os-architecture="64bit" /><failure><message><![CDATA[]]></message><stack-trace><![CDATA[None]]></stack-trace></failure><reason><message><![CDATA[]]></message></reason><output><![CDATA[]]></output></test-case><test-case id="597" name="tests/tools/test_intersect.py::test_intersect_distincttz[startdates5-D-2020-01-20-00:00-fr-Asia/Kolkata]" fullname="tests/tools/test_intersect.py::test_intersect_distincttz[startdates5-D-2020-01-20-00:00-fr-Asia/Kolkata]" methodname="test_intersect_distincttz[startdates5-D-2020-01-20-00:00-fr-Asia/Kolkata]" classname="tests/tools/test_intersect.py" runstate="Runnable" seed="1" result="Passed" label="Test if intersection of indices with distinct timezones gives correct result." start-time="2024-02-05 13:01:39.986273" end-time="2024-02-05 13:01:39.987932" duration="0.001659" asserts="0"><properties><property name="python-version" value="3.11.7 (main, Dec  4 2023, 18:10:11) [Clang 15.0.0 (clang-1500.1.0.2.5)]" /><property name="fspath" value="tests/tools/test_intersect.py" /></properties><environment framework-version="3.6.2" clr-version="3.11.7 (main, Dec  4 2023, 18:10:11) [Clang 15.0.0 (clang-1500.1.0.2.5)]" os-version="23.3.0" platform="Darwin" cwd="/Users/ruud.wijtvliet/python/portfolyo" machine-name="arm64" user="" user-domain="" culture="en-US" uiculture="en-US" os-architecture="64bit" /><failure><message><![CDATA[]]></message><stack-trace><![CDATA[None]]></stack-trace></failure><reason><message><![CDATA[]]></message></reason><output><![CDATA[]]></output></test-case><test-case id="598" name="tests/tools/test_intersect.py::test_intersect_distincttz[startdates5-D-2020-01-20-06:00-idx-None]" fullname="tests/tools/test_intersect.py::test_intersect_distincttz[startdates5-D-2020-01-20-06:00-idx-None]" methodname="test_intersect_distincttz[startdates5-D-2020-01-20-06:00-idx-None]" classname="tests/tools/test_intersect.py" runstate="Runnable" seed="1" result="Passed" label="Test if intersection of indices with distinct timezones gives correct result." start-time="2024-02-05 13:01:39.988459" end-time="2024-02-05 13:01:39.989878" duration="0.001419" asserts="0"><properties><property name="python-version" value="3.11.7 (main, Dec  4 2023, 18:10:11) [Clang 15.0.0 (clang-1500.1.0.2.5)]" /><property name="fspath" value="tests/tools/test_intersect.py" /></properties><environment framework-version="3.6.2" clr-version="3.11.7 (main, Dec  4 2023, 18:10:11) [Clang 15.0.0 (clang-1500.1.0.2.5)]" os-version="23.3.0" platform="Darwin" cwd="/Users/ruud.wijtvliet/python/portfolyo" machine-name="arm64" user="" user-domain="" culture="en-US" uiculture="en-US" os-architecture="64bit" /><failure><message><![CDATA[]]></message><stack-trace><![CDATA[None]]></stack-trace></failure><reason><message><![CDATA[]]></message></reason><output><![CDATA[]]></output></test-case><test-case id="599" name="tests/tools/test_intersect.py::test_intersect_distincttz[startdates5-D-2020-01-20-06:00-idx-Europe/Berlin]" fullname="tests/tools/test_intersect.py::test_intersect_distincttz[startdates5-D-2020-01-20-06:00-idx-Europe/Berlin]" methodname="test_intersect_distincttz[startdates5-D-2020-01-20-06:00-idx-Europe/Berlin]" classname="tests/tools/test_intersect.py" runstate="Runnable" seed="1" result="Passed" label="Test if intersection of indices with distinct timezones gives correct result." start-time="2024-02-05 13:01:39.990374" end-time="2024-02-05 13:01:39.991147" duration="0.000773" asserts="0"><properties><property name="python-version" value="3.11.7 (main, Dec  4 2023, 18:10:11) [Clang 15.0.0 (clang-1500.1.0.2.5)]" /><property name="fspath" value="tests/tools/test_intersect.py" /></properties><environment framework-version="3.6.2" clr-version="3.11.7 (main, Dec  4 2023, 18:10:11) [Clang 15.0.0 (clang-1500.1.0.2.5)]" os-version="23.3.0" platform="Darwin" cwd="/Users/ruud.wijtvliet/python/portfolyo" machine-name="arm64" user="" user-domain="" culture="en-US" uiculture="en-US" os-architecture="64bit" /><failure><message><![CDATA[]]></message><stack-trace><![CDATA[None]]></stack-trace></failure><reason><message><![CDATA[]]></message></reason><output><![CDATA[]]></output></test-case><test-case id="600" name="tests/tools/test_intersect.py::test_intersect_distincttz[startdates5-D-2020-01-20-06:00-idx-Asia/Kolkata]" fullname="tests/tools/test_intersect.py::test_intersect_distincttz[startdates5-D-2020-01-20-06:00-idx-Asia/Kolkata]" methodname="test_intersect_distincttz[startdates5-D-2020-01-20-06:00-idx-Asia/Kolkata]" classname="tests/tools/test_intersect.py" runstate="Runnable" seed="1" result="Passed" label="Test if intersection of indices with distinct timezones gives correct result." start-time="2024-02-05 13:01:39.991609" end-time="2024-02-05 13:01:39.992462" duration="0.000853" asserts="0"><properties><property name="python-version" value="3.11.7 (main, Dec  4 2023, 18:10:11) [Clang 15.0.0 (clang-1500.1.0.2.5)]" /><property name="fspath" value="tests/tools/test_intersect.py" /></properties><environment framework-version="3.6.2" clr-version="3.11.7 (main, Dec  4 2023, 18:10:11) [Clang 15.0.0 (clang-1500.1.0.2.5)]" os-version="23.3.0" platform="Darwin" cwd="/Users/ruud.wijtvliet/python/portfolyo" machine-name="arm64" user="" user-domain="" culture="en-US" uiculture="en-US" os-architecture="64bit" /><failure><message><![CDATA[]]></message><stack-trace><![CDATA[None]]></stack-trace></failure><reason><message><![CDATA[]]></message></reason><output><![CDATA[]]></output></test-case><test-case id="601" name="tests/tools/test_intersect.py::test_intersect_distincttz[startdates5-D-2020-01-20-06:00-fr-None]" fullname="tests/tools/test_intersect.py::test_intersect_distincttz[startdates5-D-2020-01-20-06:00-fr-None]" methodname="test_intersect_distincttz[startdates5-D-2020-01-20-06:00-fr-None]" classname="tests/tools/test_intersect.py" runstate="Runnable" seed="1" result="Passed" label="Test if intersection of indices with distinct timezones gives correct result." start-time="2024-02-05 13:01:39.992901" end-time="2024-02-05 13:01:39.993828" duration="0.000927" asserts="0"><properties><property name="python-version" value="3.11.7 (main, Dec  4 2023, 18:10:11) [Clang 15.0.0 (clang-1500.1.0.2.5)]" /><property name="fspath" value="tests/tools/test_intersect.py" /></properties><environment framework-version="3.6.2" clr-version="3.11.7 (main, Dec  4 2023, 18:10:11) [Clang 15.0.0 (clang-1500.1.0.2.5)]" os-version="23.3.0" platform="Darwin" cwd="/Users/ruud.wijtvliet/python/portfolyo" machine-name="arm64" user="" user-domain="" culture="en-US" uiculture="en-US" os-architecture="64bit" /><failure><message><![CDATA[]]></message><stack-trace><![CDATA[None]]></stack-trace></failure><reason><message><![CDATA[]]></message></reason><output><![CDATA[]]></output></test-case><test-case id="602" name="tests/tools/test_intersect.py::test_intersect_distincttz[startdates5-D-2020-01-20-06:00-fr-Europe/Berlin]" fullname="tests/tools/test_intersect.py::test_intersect_distincttz[startdates5-D-2020-01-20-06:00-fr-Europe/Berlin]" methodname="test_intersect_distincttz[startdates5-D-2020-01-20-06:00-fr-Europe/Berlin]" classname="tests/tools/test_intersect.py" runstate="Runnable" seed="1" result="Passed" label="Test if intersection of indices with distinct timezones gives correct result." start-time="2024-02-05 13:01:39.994289" end-time="2024-02-05 13:01:39.995156" duration="0.000867" asserts="0"><properties><property name="python-version" value="3.11.7 (main, Dec  4 2023, 18:10:11) [Clang 15.0.0 (clang-1500.1.0.2.5)]" /><property name="fspath" value="tests/tools/test_intersect.py" /></properties><environment framework-version="3.6.2" clr-version="3.11.7 (main, Dec  4 2023, 18:10:11) [Clang 15.0.0 (clang-1500.1.0.2.5)]" os-version="23.3.0" platform="Darwin" cwd="/Users/ruud.wijtvliet/python/portfolyo" machine-name="arm64" user="" user-domain="" culture="en-US" uiculture="en-US" os-architecture="64bit" /><failure><message><![CDATA[]]></message><stack-trace><![CDATA[None]]></stack-trace></failure><reason><message><![CDATA[]]></message></reason><output><![CDATA[]]></output></test-case><test-case id="603" name="tests/tools/test_intersect.py::test_intersect_distincttz[startdates5-D-2020-01-20-06:00-fr-Asia/Kolkata]" fullname="tests/tools/test_intersect.py::test_intersect_distincttz[startdates5-D-2020-01-20-06:00-fr-Asia/Kolkata]" methodname="test_intersect_distincttz[startdates5-D-2020-01-20-06:00-fr-Asia/Kolkata]" classname="tests/tools/test_intersect.py" runstate="Runnable" seed="1" result="Passed" label="Test if intersection of indices with distinct timezones gives correct result." start-time="2024-02-05 13:01:39.995599" end-time="2024-02-05 13:01:39.996597" duration="0.000998" asserts="0"><properties><property name="python-version" value="3.11.7 (main, Dec  4 2023, 18:10:11) [Clang 15.0.0 (clang-1500.1.0.2.5)]" /><property name="fspath" value="tests/tools/test_intersect.py" /></properties><environment framework-version="3.6.2" clr-version="3.11.7 (main, Dec  4 2023, 18:10:11) [Clang 15.0.0 (clang-1500.1.0.2.5)]" os-version="23.3.0" platform="Darwin" cwd="/Users/ruud.wijtvliet/python/portfolyo" machine-name="arm64" user="" user-domain="" culture="en-US" uiculture="en-US" os-architecture="64bit" /><failure><message><![CDATA[]]></message><stack-trace><![CDATA[None]]></stack-trace></failure><reason><message><![CDATA[]]></message></reason><output><![CDATA[]]></output></test-case><test-case id="604" name="tests/tools/test_intersect.py::test_intersect_distincttz[startdates6-MS-2020-03-01-00:00-idx-None]" fullname="tests/tools/test_intersect.py::test_intersect_distincttz[startdates6-MS-2020-03-01-00:00-idx-None]" methodname="test_intersect_distincttz[startdates6-MS-2020-03-01-00:00-idx-None]" classname="tests/tools/test_intersect.py" runstate="Runnable" seed="1" result="Passed" label="Test if intersection of indices with distinct timezones gives correct result." start-time="2024-02-05 13:01:39.997040" end-time="2024-02-05 13:01:39.997861" duration="0.000821" asserts="0"><properties><property name="python-version" value="3.11.7 (main, Dec  4 2023, 18:10:11) [Clang 15.0.0 (clang-1500.1.0.2.5)]" /><property name="fspath" value="tests/tools/test_intersect.py" /></properties><environment framework-version="3.6.2" clr-version="3.11.7 (main, Dec  4 2023, 18:10:11) [Clang 15.0.0 (clang-1500.1.0.2.5)]" os-version="23.3.0" platform="Darwin" cwd="/Users/ruud.wijtvliet/python/portfolyo" machine-name="arm64" user="" user-domain="" culture="en-US" uiculture="en-US" os-architecture="64bit" /><failure><message><![CDATA[]]></message><stack-trace><![CDATA[None]]></stack-trace></failure><reason><message><![CDATA[]]></message></reason><output><![CDATA[]]></output></test-case><test-case id="605" name="tests/tools/test_intersect.py::test_intersect_distincttz[startdates6-MS-2020-03-01-00:00-idx-Europe/Berlin]" fullname="tests/tools/test_intersect.py::test_intersect_distincttz[startdates6-MS-2020-03-01-00:00-idx-Europe/Berlin]" methodname="test_intersect_distincttz[startdates6-MS-2020-03-01-00:00-idx-Europe/Berlin]" classname="tests/tools/test_intersect.py" runstate="Runnable" seed="1" result="Passed" label="Test if intersection of indices with distinct timezones gives correct result." start-time="2024-02-05 13:01:39.998327" end-time="2024-02-05 13:01:39.999058" duration="0.000731" asserts="0"><properties><property name="python-version" value="3.11.7 (main, Dec  4 2023, 18:10:11) [Clang 15.0.0 (clang-1500.1.0.2.5)]" /><property name="fspath" value="tests/tools/test_intersect.py" /></properties><environment framework-version="3.6.2" clr-version="3.11.7 (main, Dec  4 2023, 18:10:11) [Clang 15.0.0 (clang-1500.1.0.2.5)]" os-version="23.3.0" platform="Darwin" cwd="/Users/ruud.wijtvliet/python/portfolyo" machine-name="arm64" user="" user-domain="" culture="en-US" uiculture="en-US" os-architecture="64bit" /><failure><message><![CDATA[]]></message><stack-trace><![CDATA[None]]></stack-trace></failure><reason><message><![CDATA[]]></message></reason><output><![CDATA[]]></output></test-case><test-case id="606" name="tests/tools/test_intersect.py::test_intersect_distincttz[startdates6-MS-2020-03-01-00:00-idx-Asia/Kolkata]" fullname="tests/tools/test_intersect.py::test_intersect_distincttz[startdates6-MS-2020-03-01-00:00-idx-Asia/Kolkata]" methodname="test_intersect_distincttz[startdates6-MS-2020-03-01-00:00-idx-Asia/Kolkata]" classname="tests/tools/test_intersect.py" runstate="Runnable" seed="1" result="Passed" label="Test if intersection of indices with distinct timezones gives correct result." start-time="2024-02-05 13:01:39.999548" end-time="2024-02-05 13:01:40.000505" duration="0.000957" asserts="0"><properties><property name="python-version" value="3.11.7 (main, Dec  4 2023, 18:10:11) [Clang 15.0.0 (clang-1500.1.0.2.5)]" /><property name="fspath" value="tests/tools/test_intersect.py" /></properties><environment framework-version="3.6.2" clr-version="3.11.7 (main, Dec  4 2023, 18:10:11) [Clang 15.0.0 (clang-1500.1.0.2.5)]" os-version="23.3.0" platform="Darwin" cwd="/Users/ruud.wijtvliet/python/portfolyo" machine-name="arm64" user="" user-domain="" culture="en-US" uiculture="en-US" os-architecture="64bit" /><failure><message><![CDATA[]]></message><stack-trace><![CDATA[None]]></stack-trace></failure><reason><message><![CDATA[]]></message></reason><output><![CDATA[]]></output></test-case><test-case id="607" name="tests/tools/test_intersect.py::test_intersect_distincttz[startdates6-MS-2020-03-01-00:00-fr-None]" fullname="tests/tools/test_intersect.py::test_intersect_distincttz[startdates6-MS-2020-03-01-00:00-fr-None]" methodname="test_intersect_distincttz[startdates6-MS-2020-03-01-00:00-fr-None]" classname="tests/tools/test_intersect.py" runstate="Runnable" seed="1" result="Passed" label="Test if intersection of indices with distinct timezones gives correct result." start-time="2024-02-05 13:01:40.001154" end-time="2024-02-05 13:01:40.002095" duration="0.000941" asserts="0"><properties><property name="python-version" value="3.11.7 (main, Dec  4 2023, 18:10:11) [Clang 15.0.0 (clang-1500.1.0.2.5)]" /><property name="fspath" value="tests/tools/test_intersect.py" /></properties><environment framework-version="3.6.2" clr-version="3.11.7 (main, Dec  4 2023, 18:10:11) [Clang 15.0.0 (clang-1500.1.0.2.5)]" os-version="23.3.0" platform="Darwin" cwd="/Users/ruud.wijtvliet/python/portfolyo" machine-name="arm64" user="" user-domain="" culture="en-US" uiculture="en-US" os-architecture="64bit" /><failure><message><![CDATA[]]></message><stack-trace><![CDATA[None]]></stack-trace></failure><reason><message><![CDATA[]]></message></reason><output><![CDATA[]]></output></test-case><test-case id="608" name="tests/tools/test_intersect.py::test_intersect_distincttz[startdates6-MS-2020-03-01-00:00-fr-Europe/Berlin]" fullname="tests/tools/test_intersect.py::test_intersect_distincttz[startdates6-MS-2020-03-01-00:00-fr-Europe/Berlin]" methodname="test_intersect_distincttz[startdates6-MS-2020-03-01-00:00-fr-Europe/Berlin]" classname="tests/tools/test_intersect.py" runstate="Runnable" seed="1" result="Passed" label="Test if intersection of indices with distinct timezones gives correct result." start-time="2024-02-05 13:01:40.002526" end-time="2024-02-05 13:01:40.003433" duration="0.000907" asserts="0"><properties><property name="python-version" value="3.11.7 (main, Dec  4 2023, 18:10:11) [Clang 15.0.0 (clang-1500.1.0.2.5)]" /><property name="fspath" value="tests/tools/test_intersect.py" /></properties><environment framework-version="3.6.2" clr-version="3.11.7 (main, Dec  4 2023, 18:10:11) [Clang 15.0.0 (clang-1500.1.0.2.5)]" os-version="23.3.0" platform="Darwin" cwd="/Users/ruud.wijtvliet/python/portfolyo" machine-name="arm64" user="" user-domain="" culture="en-US" uiculture="en-US" os-architecture="64bit" /><failure><message><![CDATA[]]></message><stack-trace><![CDATA[None]]></stack-trace></failure><reason><message><![CDATA[]]></message></reason><output><![CDATA[]]></output></test-case><test-case id="609" name="tests/tools/test_intersect.py::test_intersect_distincttz[startdates6-MS-2020-03-01-00:00-fr-Asia/Kolkata]" fullname="tests/tools/test_intersect.py::test_intersect_distincttz[startdates6-MS-2020-03-01-00:00-fr-Asia/Kolkata]" methodname="test_intersect_distincttz[startdates6-MS-2020-03-01-00:00-fr-Asia/Kolkata]" classname="tests/tools/test_intersect.py" runstate="Runnable" seed="1" result="Passed" label="Test if intersection of indices with distinct timezones gives correct result." start-time="2024-02-05 13:01:40.004053" end-time="2024-02-05 13:01:40.005414" duration="0.001361" asserts="0"><properties><property name="python-version" value="3.11.7 (main, Dec  4 2023, 18:10:11) [Clang 15.0.0 (clang-1500.1.0.2.5)]" /><property name="fspath" value="tests/tools/test_intersect.py" /></properties><environment framework-version="3.6.2" clr-version="3.11.7 (main, Dec  4 2023, 18:10:11) [Clang 15.0.0 (clang-1500.1.0.2.5)]" os-version="23.3.0" platform="Darwin" cwd="/Users/ruud.wijtvliet/python/portfolyo" machine-name="arm64" user="" user-domain="" culture="en-US" uiculture="en-US" os-architecture="64bit" /><failure><message><![CDATA[]]></message><stack-trace><![CDATA[None]]></stack-trace></failure><reason><message><![CDATA[]]></message></reason><output><![CDATA[]]></output></test-case><test-case id="610" name="tests/tools/test_intersect.py::test_intersect_distincttz[startdates6-MS-2020-03-01-06:00-idx-None]" fullname="tests/tools/test_intersect.py::test_intersect_distincttz[startdates6-MS-2020-03-01-06:00-idx-None]" methodname="test_intersect_distincttz[startdates6-MS-2020-03-01-06:00-idx-None]" classname="tests/tools/test_intersect.py" runstate="Runnable" seed="1" result="Passed" label="Test if intersection of indices with distinct timezones gives correct result." start-time="2024-02-05 13:01:40.005887" end-time="2024-02-05 13:01:40.006658" duration="0.000771" asserts="0"><properties><property name="python-version" value="3.11.7 (main, Dec  4 2023, 18:10:11) [Clang 15.0.0 (clang-1500.1.0.2.5)]" /><property name="fspath" value="tests/tools/test_intersect.py" /></properties><environment framework-version="3.6.2" clr-version="3.11.7 (main, Dec  4 2023, 18:10:11) [Clang 15.0.0 (clang-1500.1.0.2.5)]" os-version="23.3.0" platform="Darwin" cwd="/Users/ruud.wijtvliet/python/portfolyo" machine-name="arm64" user="" user-domain="" culture="en-US" uiculture="en-US" os-architecture="64bit" /><failure><message><![CDATA[]]></message><stack-trace><![CDATA[None]]></stack-trace></failure><reason><message><![CDATA[]]></message></reason><output><![CDATA[]]></output></test-case><test-case id="611" name="tests/tools/test_intersect.py::test_intersect_distincttz[startdates6-MS-2020-03-01-06:00-idx-Europe/Berlin]" fullname="tests/tools/test_intersect.py::test_intersect_distincttz[startdates6-MS-2020-03-01-06:00-idx-Europe/Berlin]" methodname="test_intersect_distincttz[startdates6-MS-2020-03-01-06:00-idx-Europe/Berlin]" classname="tests/tools/test_intersect.py" runstate="Runnable" seed="1" result="Passed" label="Test if intersection of indices with distinct timezones gives correct result." start-time="2024-02-05 13:01:40.007111" end-time="2024-02-05 13:01:40.007803" duration="0.000692" asserts="0"><properties><property name="python-version" value="3.11.7 (main, Dec  4 2023, 18:10:11) [Clang 15.0.0 (clang-1500.1.0.2.5)]" /><property name="fspath" value="tests/tools/test_intersect.py" /></properties><environment framework-version="3.6.2" clr-version="3.11.7 (main, Dec  4 2023, 18:10:11) [Clang 15.0.0 (clang-1500.1.0.2.5)]" os-version="23.3.0" platform="Darwin" cwd="/Users/ruud.wijtvliet/python/portfolyo" machine-name="arm64" user="" user-domain="" culture="en-US" uiculture="en-US" os-architecture="64bit" /><failure><message><![CDATA[]]></message><stack-trace><![CDATA[None]]></stack-trace></failure><reason><message><![CDATA[]]></message></reason><output><![CDATA[]]></output></test-case><test-case id="612" name="tests/tools/test_intersect.py::test_intersect_distincttz[startdates6-MS-2020-03-01-06:00-idx-Asia/Kolkata]" fullname="tests/tools/test_intersect.py::test_intersect_distincttz[startdates6-MS-2020-03-01-06:00-idx-Asia/Kolkata]" methodname="test_intersect_distincttz[startdates6-MS-2020-03-01-06:00-idx-Asia/Kolkata]" classname="tests/tools/test_intersect.py" runstate="Runnable" seed="1" result="Passed" label="Test if intersection of indices with distinct timezones gives correct result." start-time="2024-02-05 13:01:40.008226" end-time="2024-02-05 13:01:40.009013" duration="0.000787" asserts="0"><properties><property name="python-version" value="3.11.7 (main, Dec  4 2023, 18:10:11) [Clang 15.0.0 (clang-1500.1.0.2.5)]" /><property name="fspath" value="tests/tools/test_intersect.py" /></properties><environment framework-version="3.6.2" clr-version="3.11.7 (main, Dec  4 2023, 18:10:11) [Clang 15.0.0 (clang-1500.1.0.2.5)]" os-version="23.3.0" platform="Darwin" cwd="/Users/ruud.wijtvliet/python/portfolyo" machine-name="arm64" user="" user-domain="" culture="en-US" uiculture="en-US" os-architecture="64bit" /><failure><message><![CDATA[]]></message><stack-trace><![CDATA[None]]></stack-trace></failure><reason><message><![CDATA[]]></message></reason><output><![CDATA[]]></output></test-case><test-case id="613" name="tests/tools/test_intersect.py::test_intersect_distincttz[startdates6-MS-2020-03-01-06:00-fr-None]" fullname="tests/tools/test_intersect.py::test_intersect_distincttz[startdates6-MS-2020-03-01-06:00-fr-None]" methodname="test_intersect_distincttz[startdates6-MS-2020-03-01-06:00-fr-None]" classname="tests/tools/test_intersect.py" runstate="Runnable" seed="1" result="Passed" label="Test if intersection of indices with distinct timezones gives correct result." start-time="2024-02-05 13:01:40.009452" end-time="2024-02-05 13:01:40.010450" duration="0.000998" asserts="0"><properties><property name="python-version" value="3.11.7 (main, Dec  4 2023, 18:10:11) [Clang 15.0.0 (clang-1500.1.0.2.5)]" /><property name="fspath" value="tests/tools/test_intersect.py" /></properties><environment framework-version="3.6.2" clr-version="3.11.7 (main, Dec  4 2023, 18:10:11) [Clang 15.0.0 (clang-1500.1.0.2.5)]" os-version="23.3.0" platform="Darwin" cwd="/Users/ruud.wijtvliet/python/portfolyo" machine-name="arm64" user="" user-domain="" culture="en-US" uiculture="en-US" os-architecture="64bit" /><failure><message><![CDATA[]]></message><stack-trace><![CDATA[None]]></stack-trace></failure><reason><message><![CDATA[]]></message></reason><output><![CDATA[]]></output></test-case><test-case id="614" name="tests/tools/test_intersect.py::test_intersect_distincttz[startdates6-MS-2020-03-01-06:00-fr-Europe/Berlin]" fullname="tests/tools/test_intersect.py::test_intersect_distincttz[startdates6-MS-2020-03-01-06:00-fr-Europe/Berlin]" methodname="test_intersect_distincttz[startdates6-MS-2020-03-01-06:00-fr-Europe/Berlin]" classname="tests/tools/test_intersect.py" runstate="Runnable" seed="1" result="Passed" label="Test if intersection of indices with distinct timezones gives correct result." start-time="2024-02-05 13:01:40.010932" end-time="2024-02-05 13:01:40.011804" duration="0.000872" asserts="0"><properties><property name="python-version" value="3.11.7 (main, Dec  4 2023, 18:10:11) [Clang 15.0.0 (clang-1500.1.0.2.5)]" /><property name="fspath" value="tests/tools/test_intersect.py" /></properties><environment framework-version="3.6.2" clr-version="3.11.7 (main, Dec  4 2023, 18:10:11) [Clang 15.0.0 (clang-1500.1.0.2.5)]" os-version="23.3.0" platform="Darwin" cwd="/Users/ruud.wijtvliet/python/portfolyo" machine-name="arm64" user="" user-domain="" culture="en-US" uiculture="en-US" os-architecture="64bit" /><failure><message><![CDATA[]]></message><stack-trace><![CDATA[None]]></stack-trace></failure><reason><message><![CDATA[]]></message></reason><output><![CDATA[]]></output></test-case><test-case id="615" name="tests/tools/test_intersect.py::test_intersect_distincttz[startdates6-MS-2020-03-01-06:00-fr-Asia/Kolkata]" fullname="tests/tools/test_intersect.py::test_intersect_distincttz[startdates6-MS-2020-03-01-06:00-fr-Asia/Kolkata]" methodname="test_intersect_distincttz[startdates6-MS-2020-03-01-06:00-fr-Asia/Kolkata]" classname="tests/tools/test_intersect.py" runstate="Runnable" seed="1" result="Passed" label="Test if intersection of indices with distinct timezones gives correct result." start-time="2024-02-05 13:01:40.012227" end-time="2024-02-05 13:01:40.013187" duration="0.00096" asserts="0"><properties><property name="python-version" value="3.11.7 (main, Dec  4 2023, 18:10:11) [Clang 15.0.0 (clang-1500.1.0.2.5)]" /><property name="fspath" value="tests/tools/test_intersect.py" /></properties><environment framework-version="3.6.2" clr-version="3.11.7 (main, Dec  4 2023, 18:10:11) [Clang 15.0.0 (clang-1500.1.0.2.5)]" os-version="23.3.0" platform="Darwin" cwd="/Users/ruud.wijtvliet/python/portfolyo" machine-name="arm64" user="" user-domain="" culture="en-US" uiculture="en-US" os-architecture="64bit" /><failure><message><![CDATA[]]></message><stack-trace><![CDATA[None]]></stack-trace></failure><reason><message><![CDATA[]]></message></reason><output><![CDATA[]]></output></test-case><test-case id="616" name="tests/tools/test_intersect.py::test_intersect_distincttz[startdates7-MS-2020-03-01-00:00-idx-None]" fullname="tests/tools/test_intersect.py::test_intersect_distincttz[startdates7-MS-2020-03-01-00:00-idx-None]" methodname="test_intersect_distincttz[startdates7-MS-2020-03-01-00:00-idx-None]" classname="tests/tools/test_intersect.py" runstate="Runnable" seed="1" result="Passed" label="Test if intersection of indices with distinct timezones gives correct result." start-time="2024-02-05 13:01:40.013619" end-time="2024-02-05 13:01:40.014302" duration="0.000683" asserts="0"><properties><property name="python-version" value="3.11.7 (main, Dec  4 2023, 18:10:11) [Clang 15.0.0 (clang-1500.1.0.2.5)]" /><property name="fspath" value="tests/tools/test_intersect.py" /></properties><environment framework-version="3.6.2" clr-version="3.11.7 (main, Dec  4 2023, 18:10:11) [Clang 15.0.0 (clang-1500.1.0.2.5)]" os-version="23.3.0" platform="Darwin" cwd="/Users/ruud.wijtvliet/python/portfolyo" machine-name="arm64" user="" user-domain="" culture="en-US" uiculture="en-US" os-architecture="64bit" /><failure><message><![CDATA[]]></message><stack-trace><![CDATA[None]]></stack-trace></failure><reason><message><![CDATA[]]></message></reason><output><![CDATA[]]></output></test-case><test-case id="617" name="tests/tools/test_intersect.py::test_intersect_distincttz[startdates7-MS-2020-03-01-00:00-idx-Europe/Berlin]" fullname="tests/tools/test_intersect.py::test_intersect_distincttz[startdates7-MS-2020-03-01-00:00-idx-Europe/Berlin]" methodname="test_intersect_distincttz[startdates7-MS-2020-03-01-00:00-idx-Europe/Berlin]" classname="tests/tools/test_intersect.py" runstate="Runnable" seed="1" result="Passed" label="Test if intersection of indices with distinct timezones gives correct result." start-time="2024-02-05 13:01:40.014724" end-time="2024-02-05 13:01:40.015387" duration="0.000663" asserts="0"><properties><property name="python-version" value="3.11.7 (main, Dec  4 2023, 18:10:11) [Clang 15.0.0 (clang-1500.1.0.2.5)]" /><property name="fspath" value="tests/tools/test_intersect.py" /></properties><environment framework-version="3.6.2" clr-version="3.11.7 (main, Dec  4 2023, 18:10:11) [Clang 15.0.0 (clang-1500.1.0.2.5)]" os-version="23.3.0" platform="Darwin" cwd="/Users/ruud.wijtvliet/python/portfolyo" machine-name="arm64" user="" user-domain="" culture="en-US" uiculture="en-US" os-architecture="64bit" /><failure><message><![CDATA[]]></message><stack-trace><![CDATA[None]]></stack-trace></failure><reason><message><![CDATA[]]></message></reason><output><![CDATA[]]></output></test-case><test-case id="618" name="tests/tools/test_intersect.py::test_intersect_distincttz[startdates7-MS-2020-03-01-00:00-idx-Asia/Kolkata]" fullname="tests/tools/test_intersect.py::test_intersect_distincttz[startdates7-MS-2020-03-01-00:00-idx-Asia/Kolkata]" methodname="test_intersect_distincttz[startdates7-MS-2020-03-01-00:00-idx-Asia/Kolkata]" classname="tests/tools/test_intersect.py" runstate="Runnable" seed="1" result="Passed" label="Test if intersection of indices with distinct timezones gives correct result." start-time="2024-02-05 13:01:40.015809" end-time="2024-02-05 13:01:40.016653" duration="0.000844" asserts="0"><properties><property name="python-version" value="3.11.7 (main, Dec  4 2023, 18:10:11) [Clang 15.0.0 (clang-1500.1.0.2.5)]" /><property name="fspath" value="tests/tools/test_intersect.py" /></properties><environment framework-version="3.6.2" clr-version="3.11.7 (main, Dec  4 2023, 18:10:11) [Clang 15.0.0 (clang-1500.1.0.2.5)]" os-version="23.3.0" platform="Darwin" cwd="/Users/ruud.wijtvliet/python/portfolyo" machine-name="arm64" user="" user-domain="" culture="en-US" uiculture="en-US" os-architecture="64bit" /><failure><message><![CDATA[]]></message><stack-trace><![CDATA[None]]></stack-trace></failure><reason><message><![CDATA[]]></message></reason><output><![CDATA[]]></output></test-case><test-case id="619" name="tests/tools/test_intersect.py::test_intersect_distincttz[startdates7-MS-2020-03-01-00:00-fr-None]" fullname="tests/tools/test_intersect.py::test_intersect_distincttz[startdates7-MS-2020-03-01-00:00-fr-None]" methodname="test_intersect_distincttz[startdates7-MS-2020-03-01-00:00-fr-None]" classname="tests/tools/test_intersect.py" runstate="Runnable" seed="1" result="Passed" label="Test if intersection of indices with distinct timezones gives correct result." start-time="2024-02-05 13:01:40.017098" end-time="2024-02-05 13:01:40.017994" duration="0.000896" asserts="0"><properties><property name="python-version" value="3.11.7 (main, Dec  4 2023, 18:10:11) [Clang 15.0.0 (clang-1500.1.0.2.5)]" /><property name="fspath" value="tests/tools/test_intersect.py" /></properties><environment framework-version="3.6.2" clr-version="3.11.7 (main, Dec  4 2023, 18:10:11) [Clang 15.0.0 (clang-1500.1.0.2.5)]" os-version="23.3.0" platform="Darwin" cwd="/Users/ruud.wijtvliet/python/portfolyo" machine-name="arm64" user="" user-domain="" culture="en-US" uiculture="en-US" os-architecture="64bit" /><failure><message><![CDATA[]]></message><stack-trace><![CDATA[None]]></stack-trace></failure><reason><message><![CDATA[]]></message></reason><output><![CDATA[]]></output></test-case><test-case id="620" name="tests/tools/test_intersect.py::test_intersect_distincttz[startdates7-MS-2020-03-01-00:00-fr-Europe/Berlin]" fullname="tests/tools/test_intersect.py::test_intersect_distincttz[startdates7-MS-2020-03-01-00:00-fr-Europe/Berlin]" methodname="test_intersect_distincttz[startdates7-MS-2020-03-01-00:00-fr-Europe/Berlin]" classname="tests/tools/test_intersect.py" runstate="Runnable" seed="1" result="Passed" label="Test if intersection of indices with distinct timezones gives correct result." start-time="2024-02-05 13:01:40.018448" end-time="2024-02-05 13:01:40.019303" duration="0.000855" asserts="0"><properties><property name="python-version" value="3.11.7 (main, Dec  4 2023, 18:10:11) [Clang 15.0.0 (clang-1500.1.0.2.5)]" /><property name="fspath" value="tests/tools/test_intersect.py" /></properties><environment framework-version="3.6.2" clr-version="3.11.7 (main, Dec  4 2023, 18:10:11) [Clang 15.0.0 (clang-1500.1.0.2.5)]" os-version="23.3.0" platform="Darwin" cwd="/Users/ruud.wijtvliet/python/portfolyo" machine-name="arm64" user="" user-domain="" culture="en-US" uiculture="en-US" os-architecture="64bit" /><failure><message><![CDATA[]]></message><stack-trace><![CDATA[None]]></stack-trace></failure><reason><message><![CDATA[]]></message></reason><output><![CDATA[]]></output></test-case><test-case id="621" name="tests/tools/test_intersect.py::test_intersect_distincttz[startdates7-MS-2020-03-01-00:00-fr-Asia/Kolkata]" fullname="tests/tools/test_intersect.py::test_intersect_distincttz[startdates7-MS-2020-03-01-00:00-fr-Asia/Kolkata]" methodname="test_intersect_distincttz[startdates7-MS-2020-03-01-00:00-fr-Asia/Kolkata]" classname="tests/tools/test_intersect.py" runstate="Runnable" seed="1" result="Passed" label="Test if intersection of indices with distinct timezones gives correct result." start-time="2024-02-05 13:01:40.019747" end-time="2024-02-05 13:01:40.020710" duration="0.000963" asserts="0"><properties><property name="python-version" value="3.11.7 (main, Dec  4 2023, 18:10:11) [Clang 15.0.0 (clang-1500.1.0.2.5)]" /><property name="fspath" value="tests/tools/test_intersect.py" /></properties><environment framework-version="3.6.2" clr-version="3.11.7 (main, Dec  4 2023, 18:10:11) [Clang 15.0.0 (clang-1500.1.0.2.5)]" os-version="23.3.0" platform="Darwin" cwd="/Users/ruud.wijtvliet/python/portfolyo" machine-name="arm64" user="" user-domain="" culture="en-US" uiculture="en-US" os-architecture="64bit" /><failure><message><![CDATA[]]></message><stack-trace><![CDATA[None]]></stack-trace></failure><reason><message><![CDATA[]]></message></reason><output><![CDATA[]]></output></test-case><test-case id="622" name="tests/tools/test_intersect.py::test_intersect_distincttz[startdates7-MS-2020-03-01-06:00-idx-None]" fullname="tests/tools/test_intersect.py::test_intersect_distincttz[startdates7-MS-2020-03-01-06:00-idx-None]" methodname="test_intersect_distincttz[startdates7-MS-2020-03-01-06:00-idx-None]" classname="tests/tools/test_intersect.py" runstate="Runnable" seed="1" result="Passed" label="Test if intersection of indices with distinct timezones gives correct result." start-time="2024-02-05 13:01:40.021327" end-time="2024-02-05 13:01:40.022094" duration="0.000767" asserts="0"><properties><property name="python-version" value="3.11.7 (main, Dec  4 2023, 18:10:11) [Clang 15.0.0 (clang-1500.1.0.2.5)]" /><property name="fspath" value="tests/tools/test_intersect.py" /></properties><environment framework-version="3.6.2" clr-version="3.11.7 (main, Dec  4 2023, 18:10:11) [Clang 15.0.0 (clang-1500.1.0.2.5)]" os-version="23.3.0" platform="Darwin" cwd="/Users/ruud.wijtvliet/python/portfolyo" machine-name="arm64" user="" user-domain="" culture="en-US" uiculture="en-US" os-architecture="64bit" /><failure><message><![CDATA[]]></message><stack-trace><![CDATA[None]]></stack-trace></failure><reason><message><![CDATA[]]></message></reason><output><![CDATA[]]></output></test-case><test-case id="623" name="tests/tools/test_intersect.py::test_intersect_distincttz[startdates7-MS-2020-03-01-06:00-idx-Europe/Berlin]" fullname="tests/tools/test_intersect.py::test_intersect_distincttz[startdates7-MS-2020-03-01-06:00-idx-Europe/Berlin]" methodname="test_intersect_distincttz[startdates7-MS-2020-03-01-06:00-idx-Europe/Berlin]" classname="tests/tools/test_intersect.py" runstate="Runnable" seed="1" result="Passed" label="Test if intersection of indices with distinct timezones gives correct result." start-time="2024-02-05 13:01:40.022564" end-time="2024-02-05 13:01:40.023229" duration="0.000665" asserts="0"><properties><property name="python-version" value="3.11.7 (main, Dec  4 2023, 18:10:11) [Clang 15.0.0 (clang-1500.1.0.2.5)]" /><property name="fspath" value="tests/tools/test_intersect.py" /></properties><environment framework-version="3.6.2" clr-version="3.11.7 (main, Dec  4 2023, 18:10:11) [Clang 15.0.0 (clang-1500.1.0.2.5)]" os-version="23.3.0" platform="Darwin" cwd="/Users/ruud.wijtvliet/python/portfolyo" machine-name="arm64" user="" user-domain="" culture="en-US" uiculture="en-US" os-architecture="64bit" /><failure><message><![CDATA[]]></message><stack-trace><![CDATA[None]]></stack-trace></failure><reason><message><![CDATA[]]></message></reason><output><![CDATA[]]></output></test-case><test-case id="624" name="tests/tools/test_intersect.py::test_intersect_distincttz[startdates7-MS-2020-03-01-06:00-idx-Asia/Kolkata]" fullname="tests/tools/test_intersect.py::test_intersect_distincttz[startdates7-MS-2020-03-01-06:00-idx-Asia/Kolkata]" methodname="test_intersect_distincttz[startdates7-MS-2020-03-01-06:00-idx-Asia/Kolkata]" classname="tests/tools/test_intersect.py" runstate="Runnable" seed="1" result="Passed" label="Test if intersection of indices with distinct timezones gives correct result." start-time="2024-02-05 13:01:40.023668" end-time="2024-02-05 13:01:40.024442" duration="0.000774" asserts="0"><properties><property name="python-version" value="3.11.7 (main, Dec  4 2023, 18:10:11) [Clang 15.0.0 (clang-1500.1.0.2.5)]" /><property name="fspath" value="tests/tools/test_intersect.py" /></properties><environment framework-version="3.6.2" clr-version="3.11.7 (main, Dec  4 2023, 18:10:11) [Clang 15.0.0 (clang-1500.1.0.2.5)]" os-version="23.3.0" platform="Darwin" cwd="/Users/ruud.wijtvliet/python/portfolyo" machine-name="arm64" user="" user-domain="" culture="en-US" uiculture="en-US" os-architecture="64bit" /><failure><message><![CDATA[]]></message><stack-trace><![CDATA[None]]></stack-trace></failure><reason><message><![CDATA[]]></message></reason><output><![CDATA[]]></output></test-case><test-case id="625" name="tests/tools/test_intersect.py::test_intersect_distincttz[startdates7-MS-2020-03-01-06:00-fr-None]" fullname="tests/tools/test_intersect.py::test_intersect_distincttz[startdates7-MS-2020-03-01-06:00-fr-None]" methodname="test_intersect_distincttz[startdates7-MS-2020-03-01-06:00-fr-None]" classname="tests/tools/test_intersect.py" runstate="Runnable" seed="1" result="Passed" label="Test if intersection of indices with distinct timezones gives correct result." start-time="2024-02-05 13:01:40.024866" end-time="2024-02-05 13:01:40.025735" duration="0.000869" asserts="0"><properties><property name="python-version" value="3.11.7 (main, Dec  4 2023, 18:10:11) [Clang 15.0.0 (clang-1500.1.0.2.5)]" /><property name="fspath" value="tests/tools/test_intersect.py" /></properties><environment framework-version="3.6.2" clr-version="3.11.7 (main, Dec  4 2023, 18:10:11) [Clang 15.0.0 (clang-1500.1.0.2.5)]" os-version="23.3.0" platform="Darwin" cwd="/Users/ruud.wijtvliet/python/portfolyo" machine-name="arm64" user="" user-domain="" culture="en-US" uiculture="en-US" os-architecture="64bit" /><failure><message><![CDATA[]]></message><stack-trace><![CDATA[None]]></stack-trace></failure><reason><message><![CDATA[]]></message></reason><output><![CDATA[]]></output></test-case><test-case id="626" name="tests/tools/test_intersect.py::test_intersect_distincttz[startdates7-MS-2020-03-01-06:00-fr-Europe/Berlin]" fullname="tests/tools/test_intersect.py::test_intersect_distincttz[startdates7-MS-2020-03-01-06:00-fr-Europe/Berlin]" methodname="test_intersect_distincttz[startdates7-MS-2020-03-01-06:00-fr-Europe/Berlin]" classname="tests/tools/test_intersect.py" runstate="Runnable" seed="1" result="Passed" label="Test if intersection of indices with distinct timezones gives correct result." start-time="2024-02-05 13:01:40.026167" end-time="2024-02-05 13:01:40.027005" duration="0.000838" asserts="0"><properties><property name="python-version" value="3.11.7 (main, Dec  4 2023, 18:10:11) [Clang 15.0.0 (clang-1500.1.0.2.5)]" /><property name="fspath" value="tests/tools/test_intersect.py" /></properties><environment framework-version="3.6.2" clr-version="3.11.7 (main, Dec  4 2023, 18:10:11) [Clang 15.0.0 (clang-1500.1.0.2.5)]" os-version="23.3.0" platform="Darwin" cwd="/Users/ruud.wijtvliet/python/portfolyo" machine-name="arm64" user="" user-domain="" culture="en-US" uiculture="en-US" os-architecture="64bit" /><failure><message><![CDATA[]]></message><stack-trace><![CDATA[None]]></stack-trace></failure><reason><message><![CDATA[]]></message></reason><output><![CDATA[]]></output></test-case><test-case id="627" name="tests/tools/test_intersect.py::test_intersect_distincttz[startdates7-MS-2020-03-01-06:00-fr-Asia/Kolkata]" fullname="tests/tools/test_intersect.py::test_intersect_distincttz[startdates7-MS-2020-03-01-06:00-fr-Asia/Kolkata]" methodname="test_intersect_distincttz[startdates7-MS-2020-03-01-06:00-fr-Asia/Kolkata]" classname="tests/tools/test_intersect.py" runstate="Runnable" seed="1" result="Passed" label="Test if intersection of indices with distinct timezones gives correct result." start-time="2024-02-05 13:01:40.027420" end-time="2024-02-05 13:01:40.028328" duration="0.000908" asserts="0"><properties><property name="python-version" value="3.11.7 (main, Dec  4 2023, 18:10:11) [Clang 15.0.0 (clang-1500.1.0.2.5)]" /><property name="fspath" value="tests/tools/test_intersect.py" /></properties><environment framework-version="3.6.2" clr-version="3.11.7 (main, Dec  4 2023, 18:10:11) [Clang 15.0.0 (clang-1500.1.0.2.5)]" os-version="23.3.0" platform="Darwin" cwd="/Users/ruud.wijtvliet/python/portfolyo" machine-name="arm64" user="" user-domain="" culture="en-US" uiculture="en-US" os-architecture="64bit" /><failure><message><![CDATA[]]></message><stack-trace><![CDATA[None]]></stack-trace></failure><reason><message><![CDATA[]]></message></reason><output><![CDATA[]]></output></test-case><test-case id="628" name="tests/tools/test_intersect.py::test_intersect_distincttz[startdates8-QS-2020-04-01-00:00-idx-None]" fullname="tests/tools/test_intersect.py::test_intersect_distincttz[startdates8-QS-2020-04-01-00:00-idx-None]" methodname="test_intersect_distincttz[startdates8-QS-2020-04-01-00:00-idx-None]" classname="tests/tools/test_intersect.py" runstate="Runnable" seed="1" result="Passed" label="Test if intersection of indices with distinct timezones gives correct result." start-time="2024-02-05 13:01:40.028751" end-time="2024-02-05 13:01:40.029246" duration="0.000495" asserts="0"><properties><property name="python-version" value="3.11.7 (main, Dec  4 2023, 18:10:11) [Clang 15.0.0 (clang-1500.1.0.2.5)]" /><property name="fspath" value="tests/tools/test_intersect.py" /></properties><environment framework-version="3.6.2" clr-version="3.11.7 (main, Dec  4 2023, 18:10:11) [Clang 15.0.0 (clang-1500.1.0.2.5)]" os-version="23.3.0" platform="Darwin" cwd="/Users/ruud.wijtvliet/python/portfolyo" machine-name="arm64" user="" user-domain="" culture="en-US" uiculture="en-US" os-architecture="64bit" /><failure><message><![CDATA[]]></message><stack-trace><![CDATA[None]]></stack-trace></failure><reason><message><![CDATA[]]></message></reason><output><![CDATA[]]></output></test-case><test-case id="629" name="tests/tools/test_intersect.py::test_intersect_distincttz[startdates8-QS-2020-04-01-00:00-idx-Europe/Berlin]" fullname="tests/tools/test_intersect.py::test_intersect_distincttz[startdates8-QS-2020-04-01-00:00-idx-Europe/Berlin]" methodname="test_intersect_distincttz[startdates8-QS-2020-04-01-00:00-idx-Europe/Berlin]" classname="tests/tools/test_intersect.py" runstate="Runnable" seed="1" result="Passed" label="Test if intersection of indices with distinct timezones gives correct result." start-time="2024-02-05 13:01:40.029659" end-time="2024-02-05 13:01:40.030161" duration="0.000502" asserts="0"><properties><property name="python-version" value="3.11.7 (main, Dec  4 2023, 18:10:11) [Clang 15.0.0 (clang-1500.1.0.2.5)]" /><property name="fspath" value="tests/tools/test_intersect.py" /></properties><environment framework-version="3.6.2" clr-version="3.11.7 (main, Dec  4 2023, 18:10:11) [Clang 15.0.0 (clang-1500.1.0.2.5)]" os-version="23.3.0" platform="Darwin" cwd="/Users/ruud.wijtvliet/python/portfolyo" machine-name="arm64" user="" user-domain="" culture="en-US" uiculture="en-US" os-architecture="64bit" /><failure><message><![CDATA[]]></message><stack-trace><![CDATA[None]]></stack-trace></failure><reason><message><![CDATA[]]></message></reason><output><![CDATA[]]></output></test-case><test-case id="630" name="tests/tools/test_intersect.py::test_intersect_distincttz[startdates8-QS-2020-04-01-00:00-idx-Asia/Kolkata]" fullname="tests/tools/test_intersect.py::test_intersect_distincttz[startdates8-QS-2020-04-01-00:00-idx-Asia/Kolkata]" methodname="test_intersect_distincttz[startdates8-QS-2020-04-01-00:00-idx-Asia/Kolkata]" classname="tests/tools/test_intersect.py" runstate="Runnable" seed="1" result="Passed" label="Test if intersection of indices with distinct timezones gives correct result." start-time="2024-02-05 13:01:40.030572" end-time="2024-02-05 13:01:40.031289" duration="0.000717" asserts="0"><properties><property name="python-version" value="3.11.7 (main, Dec  4 2023, 18:10:11) [Clang 15.0.0 (clang-1500.1.0.2.5)]" /><property name="fspath" value="tests/tools/test_intersect.py" /></properties><environment framework-version="3.6.2" clr-version="3.11.7 (main, Dec  4 2023, 18:10:11) [Clang 15.0.0 (clang-1500.1.0.2.5)]" os-version="23.3.0" platform="Darwin" cwd="/Users/ruud.wijtvliet/python/portfolyo" machine-name="arm64" user="" user-domain="" culture="en-US" uiculture="en-US" os-architecture="64bit" /><failure><message><![CDATA[]]></message><stack-trace><![CDATA[None]]></stack-trace></failure><reason><message><![CDATA[]]></message></reason><output><![CDATA[]]></output></test-case><test-case id="631" name="tests/tools/test_intersect.py::test_intersect_distincttz[startdates8-QS-2020-04-01-00:00-fr-None]" fullname="tests/tools/test_intersect.py::test_intersect_distincttz[startdates8-QS-2020-04-01-00:00-fr-None]" methodname="test_intersect_distincttz[startdates8-QS-2020-04-01-00:00-fr-None]" classname="tests/tools/test_intersect.py" runstate="Runnable" seed="1" result="Passed" label="Test if intersection of indices with distinct timezones gives correct result." start-time="2024-02-05 13:01:40.031995" end-time="2024-02-05 13:01:40.033195" duration="0.0012" asserts="0"><properties><property name="python-version" value="3.11.7 (main, Dec  4 2023, 18:10:11) [Clang 15.0.0 (clang-1500.1.0.2.5)]" /><property name="fspath" value="tests/tools/test_intersect.py" /></properties><environment framework-version="3.6.2" clr-version="3.11.7 (main, Dec  4 2023, 18:10:11) [Clang 15.0.0 (clang-1500.1.0.2.5)]" os-version="23.3.0" platform="Darwin" cwd="/Users/ruud.wijtvliet/python/portfolyo" machine-name="arm64" user="" user-domain="" culture="en-US" uiculture="en-US" os-architecture="64bit" /><failure><message><![CDATA[]]></message><stack-trace><![CDATA[None]]></stack-trace></failure><reason><message><![CDATA[]]></message></reason><output><![CDATA[]]></output></test-case><test-case id="632" name="tests/tools/test_intersect.py::test_intersect_distincttz[startdates8-QS-2020-04-01-00:00-fr-Europe/Berlin]" fullname="tests/tools/test_intersect.py::test_intersect_distincttz[startdates8-QS-2020-04-01-00:00-fr-Europe/Berlin]" methodname="test_intersect_distincttz[startdates8-QS-2020-04-01-00:00-fr-Europe/Berlin]" classname="tests/tools/test_intersect.py" runstate="Runnable" seed="1" result="Passed" label="Test if intersection of indices with distinct timezones gives correct result." start-time="2024-02-05 13:01:40.033754" end-time="2024-02-05 13:01:40.034608" duration="0.000854" asserts="0"><properties><property name="python-version" value="3.11.7 (main, Dec  4 2023, 18:10:11) [Clang 15.0.0 (clang-1500.1.0.2.5)]" /><property name="fspath" value="tests/tools/test_intersect.py" /></properties><environment framework-version="3.6.2" clr-version="3.11.7 (main, Dec  4 2023, 18:10:11) [Clang 15.0.0 (clang-1500.1.0.2.5)]" os-version="23.3.0" platform="Darwin" cwd="/Users/ruud.wijtvliet/python/portfolyo" machine-name="arm64" user="" user-domain="" culture="en-US" uiculture="en-US" os-architecture="64bit" /><failure><message><![CDATA[]]></message><stack-trace><![CDATA[None]]></stack-trace></failure><reason><message><![CDATA[]]></message></reason><output><![CDATA[]]></output></test-case><test-case id="633" name="tests/tools/test_intersect.py::test_intersect_distincttz[startdates8-QS-2020-04-01-00:00-fr-Asia/Kolkata]" fullname="tests/tools/test_intersect.py::test_intersect_distincttz[startdates8-QS-2020-04-01-00:00-fr-Asia/Kolkata]" methodname="test_intersect_distincttz[startdates8-QS-2020-04-01-00:00-fr-Asia/Kolkata]" classname="tests/tools/test_intersect.py" runstate="Runnable" seed="1" result="Passed" label="Test if intersection of indices with distinct timezones gives correct result." start-time="2024-02-05 13:01:40.035118" end-time="2024-02-05 13:01:40.035943" duration="0.000825" asserts="0"><properties><property name="python-version" value="3.11.7 (main, Dec  4 2023, 18:10:11) [Clang 15.0.0 (clang-1500.1.0.2.5)]" /><property name="fspath" value="tests/tools/test_intersect.py" /></properties><environment framework-version="3.6.2" clr-version="3.11.7 (main, Dec  4 2023, 18:10:11) [Clang 15.0.0 (clang-1500.1.0.2.5)]" os-version="23.3.0" platform="Darwin" cwd="/Users/ruud.wijtvliet/python/portfolyo" machine-name="arm64" user="" user-domain="" culture="en-US" uiculture="en-US" os-architecture="64bit" /><failure><message><![CDATA[]]></message><stack-trace><![CDATA[None]]></stack-trace></failure><reason><message><![CDATA[]]></message></reason><output><![CDATA[]]></output></test-case><test-case id="634" name="tests/tools/test_intersect.py::test_intersect_distincttz[startdates8-QS-2020-04-01-06:00-idx-None]" fullname="tests/tools/test_intersect.py::test_intersect_distincttz[startdates8-QS-2020-04-01-06:00-idx-None]" methodname="test_intersect_distincttz[startdates8-QS-2020-04-01-06:00-idx-None]" classname="tests/tools/test_intersect.py" runstate="Runnable" seed="1" result="Passed" label="Test if intersection of indices with distinct timezones gives correct result." start-time="2024-02-05 13:01:40.036384" end-time="2024-02-05 13:01:40.036918" duration="0.000534" asserts="0"><properties><property name="python-version" value="3.11.7 (main, Dec  4 2023, 18:10:11) [Clang 15.0.0 (clang-1500.1.0.2.5)]" /><property name="fspath" value="tests/tools/test_intersect.py" /></properties><environment framework-version="3.6.2" clr-version="3.11.7 (main, Dec  4 2023, 18:10:11) [Clang 15.0.0 (clang-1500.1.0.2.5)]" os-version="23.3.0" platform="Darwin" cwd="/Users/ruud.wijtvliet/python/portfolyo" machine-name="arm64" user="" user-domain="" culture="en-US" uiculture="en-US" os-architecture="64bit" /><failure><message><![CDATA[]]></message><stack-trace><![CDATA[None]]></stack-trace></failure><reason><message><![CDATA[]]></message></reason><output><![CDATA[]]></output></test-case><test-case id="635" name="tests/tools/test_intersect.py::test_intersect_distincttz[startdates8-QS-2020-04-01-06:00-idx-Europe/Berlin]" fullname="tests/tools/test_intersect.py::test_intersect_distincttz[startdates8-QS-2020-04-01-06:00-idx-Europe/Berlin]" methodname="test_intersect_distincttz[startdates8-QS-2020-04-01-06:00-idx-Europe/Berlin]" classname="tests/tools/test_intersect.py" runstate="Runnable" seed="1" result="Passed" label="Test if intersection of indices with distinct timezones gives correct result." start-time="2024-02-05 13:01:40.037497" end-time="2024-02-05 13:01:40.038151" duration="0.000654" asserts="0"><properties><property name="python-version" value="3.11.7 (main, Dec  4 2023, 18:10:11) [Clang 15.0.0 (clang-1500.1.0.2.5)]" /><property name="fspath" value="tests/tools/test_intersect.py" /></properties><environment framework-version="3.6.2" clr-version="3.11.7 (main, Dec  4 2023, 18:10:11) [Clang 15.0.0 (clang-1500.1.0.2.5)]" os-version="23.3.0" platform="Darwin" cwd="/Users/ruud.wijtvliet/python/portfolyo" machine-name="arm64" user="" user-domain="" culture="en-US" uiculture="en-US" os-architecture="64bit" /><failure><message><![CDATA[]]></message><stack-trace><![CDATA[None]]></stack-trace></failure><reason><message><![CDATA[]]></message></reason><output><![CDATA[]]></output></test-case><test-case id="636" name="tests/tools/test_intersect.py::test_intersect_distincttz[startdates8-QS-2020-04-01-06:00-idx-Asia/Kolkata]" fullname="tests/tools/test_intersect.py::test_intersect_distincttz[startdates8-QS-2020-04-01-06:00-idx-Asia/Kolkata]" methodname="test_intersect_distincttz[startdates8-QS-2020-04-01-06:00-idx-Asia/Kolkata]" classname="tests/tools/test_intersect.py" runstate="Runnable" seed="1" result="Passed" label="Test if intersection of indices with distinct timezones gives correct result." start-time="2024-02-05 13:01:40.038625" end-time="2024-02-05 13:01:40.039197" duration="0.000572" asserts="0"><properties><property name="python-version" value="3.11.7 (main, Dec  4 2023, 18:10:11) [Clang 15.0.0 (clang-1500.1.0.2.5)]" /><property name="fspath" value="tests/tools/test_intersect.py" /></properties><environment framework-version="3.6.2" clr-version="3.11.7 (main, Dec  4 2023, 18:10:11) [Clang 15.0.0 (clang-1500.1.0.2.5)]" os-version="23.3.0" platform="Darwin" cwd="/Users/ruud.wijtvliet/python/portfolyo" machine-name="arm64" user="" user-domain="" culture="en-US" uiculture="en-US" os-architecture="64bit" /><failure><message><![CDATA[]]></message><stack-trace><![CDATA[None]]></stack-trace></failure><reason><message><![CDATA[]]></message></reason><output><![CDATA[]]></output></test-case><test-case id="637" name="tests/tools/test_intersect.py::test_intersect_distincttz[startdates8-QS-2020-04-01-06:00-fr-None]" fullname="tests/tools/test_intersect.py::test_intersect_distincttz[startdates8-QS-2020-04-01-06:00-fr-None]" methodname="test_intersect_distincttz[startdates8-QS-2020-04-01-06:00-fr-None]" classname="tests/tools/test_intersect.py" runstate="Runnable" seed="1" result="Passed" label="Test if intersection of indices with distinct timezones gives correct result." start-time="2024-02-05 13:01:40.039616" end-time="2024-02-05 13:01:40.040327" duration="0.000711" asserts="0"><properties><property name="python-version" value="3.11.7 (main, Dec  4 2023, 18:10:11) [Clang 15.0.0 (clang-1500.1.0.2.5)]" /><property name="fspath" value="tests/tools/test_intersect.py" /></properties><environment framework-version="3.6.2" clr-version="3.11.7 (main, Dec  4 2023, 18:10:11) [Clang 15.0.0 (clang-1500.1.0.2.5)]" os-version="23.3.0" platform="Darwin" cwd="/Users/ruud.wijtvliet/python/portfolyo" machine-name="arm64" user="" user-domain="" culture="en-US" uiculture="en-US" os-architecture="64bit" /><failure><message><![CDATA[]]></message><stack-trace><![CDATA[None]]></stack-trace></failure><reason><message><![CDATA[]]></message></reason><output><![CDATA[]]></output></test-case><test-case id="638" name="tests/tools/test_intersect.py::test_intersect_distincttz[startdates8-QS-2020-04-01-06:00-fr-Europe/Berlin]" fullname="tests/tools/test_intersect.py::test_intersect_distincttz[startdates8-QS-2020-04-01-06:00-fr-Europe/Berlin]" methodname="test_intersect_distincttz[startdates8-QS-2020-04-01-06:00-fr-Europe/Berlin]" classname="tests/tools/test_intersect.py" runstate="Runnable" seed="1" result="Passed" label="Test if intersection of indices with distinct timezones gives correct result." start-time="2024-02-05 13:01:40.040739" end-time="2024-02-05 13:01:40.041732" duration="0.000993" asserts="0"><properties><property name="python-version" value="3.11.7 (main, Dec  4 2023, 18:10:11) [Clang 15.0.0 (clang-1500.1.0.2.5)]" /><property name="fspath" value="tests/tools/test_intersect.py" /></properties><environment framework-version="3.6.2" clr-version="3.11.7 (main, Dec  4 2023, 18:10:11) [Clang 15.0.0 (clang-1500.1.0.2.5)]" os-version="23.3.0" platform="Darwin" cwd="/Users/ruud.wijtvliet/python/portfolyo" machine-name="arm64" user="" user-domain="" culture="en-US" uiculture="en-US" os-architecture="64bit" /><failure><message><![CDATA[]]></message><stack-trace><![CDATA[None]]></stack-trace></failure><reason><message><![CDATA[]]></message></reason><output><![CDATA[]]></output></test-case><test-case id="639" name="tests/tools/test_intersect.py::test_intersect_distincttz[startdates8-QS-2020-04-01-06:00-fr-Asia/Kolkata]" fullname="tests/tools/test_intersect.py::test_intersect_distincttz[startdates8-QS-2020-04-01-06:00-fr-Asia/Kolkata]" methodname="test_intersect_distincttz[startdates8-QS-2020-04-01-06:00-fr-Asia/Kolkata]" classname="tests/tools/test_intersect.py" runstate="Runnable" seed="1" result="Passed" label="Test if intersection of indices with distinct timezones gives correct result." start-time="2024-02-05 13:01:40.042309" end-time="2024-02-05 13:01:40.043082" duration="0.000773" asserts="0"><properties><property name="python-version" value="3.11.7 (main, Dec  4 2023, 18:10:11) [Clang 15.0.0 (clang-1500.1.0.2.5)]" /><property name="fspath" value="tests/tools/test_intersect.py" /></properties><environment framework-version="3.6.2" clr-version="3.11.7 (main, Dec  4 2023, 18:10:11) [Clang 15.0.0 (clang-1500.1.0.2.5)]" os-version="23.3.0" platform="Darwin" cwd="/Users/ruud.wijtvliet/python/portfolyo" machine-name="arm64" user="" user-domain="" culture="en-US" uiculture="en-US" os-architecture="64bit" /><failure><message><![CDATA[]]></message><stack-trace><![CDATA[None]]></stack-trace></failure><reason><message><![CDATA[]]></message></reason><output><![CDATA[]]></output></test-case><test-case id="640" name="tests/tools/test_intersect.py::test_intersect_distincttz[startdates9-QS-2020-04-01-00:00-idx-None]" fullname="tests/tools/test_intersect.py::test_intersect_distincttz[startdates9-QS-2020-04-01-00:00-idx-None]" methodname="test_intersect_distincttz[startdates9-QS-2020-04-01-00:00-idx-None]" classname="tests/tools/test_intersect.py" runstate="Runnable" seed="1" result="Passed" label="Test if intersection of indices with distinct timezones gives correct result." start-time="2024-02-05 13:01:40.043509" end-time="2024-02-05 13:01:40.044008" duration="0.000499" asserts="0"><properties><property name="python-version" value="3.11.7 (main, Dec  4 2023, 18:10:11) [Clang 15.0.0 (clang-1500.1.0.2.5)]" /><property name="fspath" value="tests/tools/test_intersect.py" /></properties><environment framework-version="3.6.2" clr-version="3.11.7 (main, Dec  4 2023, 18:10:11) [Clang 15.0.0 (clang-1500.1.0.2.5)]" os-version="23.3.0" platform="Darwin" cwd="/Users/ruud.wijtvliet/python/portfolyo" machine-name="arm64" user="" user-domain="" culture="en-US" uiculture="en-US" os-architecture="64bit" /><failure><message><![CDATA[]]></message><stack-trace><![CDATA[None]]></stack-trace></failure><reason><message><![CDATA[]]></message></reason><output><![CDATA[]]></output></test-case><test-case id="641" name="tests/tools/test_intersect.py::test_intersect_distincttz[startdates9-QS-2020-04-01-00:00-idx-Europe/Berlin]" fullname="tests/tools/test_intersect.py::test_intersect_distincttz[startdates9-QS-2020-04-01-00:00-idx-Europe/Berlin]" methodname="test_intersect_distincttz[startdates9-QS-2020-04-01-00:00-idx-Europe/Berlin]" classname="tests/tools/test_intersect.py" runstate="Runnable" seed="1" result="Passed" label="Test if intersection of indices with distinct timezones gives correct result." start-time="2024-02-05 13:01:40.044416" end-time="2024-02-05 13:01:40.044902" duration="0.000486" asserts="0"><properties><property name="python-version" value="3.11.7 (main, Dec  4 2023, 18:10:11) [Clang 15.0.0 (clang-1500.1.0.2.5)]" /><property name="fspath" value="tests/tools/test_intersect.py" /></properties><environment framework-version="3.6.2" clr-version="3.11.7 (main, Dec  4 2023, 18:10:11) [Clang 15.0.0 (clang-1500.1.0.2.5)]" os-version="23.3.0" platform="Darwin" cwd="/Users/ruud.wijtvliet/python/portfolyo" machine-name="arm64" user="" user-domain="" culture="en-US" uiculture="en-US" os-architecture="64bit" /><failure><message><![CDATA[]]></message><stack-trace><![CDATA[None]]></stack-trace></failure><reason><message><![CDATA[]]></message></reason><output><![CDATA[]]></output></test-case><test-case id="642" name="tests/tools/test_intersect.py::test_intersect_distincttz[startdates9-QS-2020-04-01-00:00-idx-Asia/Kolkata]" fullname="tests/tools/test_intersect.py::test_intersect_distincttz[startdates9-QS-2020-04-01-00:00-idx-Asia/Kolkata]" methodname="test_intersect_distincttz[startdates9-QS-2020-04-01-00:00-idx-Asia/Kolkata]" classname="tests/tools/test_intersect.py" runstate="Runnable" seed="1" result="Passed" label="Test if intersection of indices with distinct timezones gives correct result." start-time="2024-02-05 13:01:40.045313" end-time="2024-02-05 13:01:40.045853" duration="0.00054" asserts="0"><properties><property name="python-version" value="3.11.7 (main, Dec  4 2023, 18:10:11) [Clang 15.0.0 (clang-1500.1.0.2.5)]" /><property name="fspath" value="tests/tools/test_intersect.py" /></properties><environment framework-version="3.6.2" clr-version="3.11.7 (main, Dec  4 2023, 18:10:11) [Clang 15.0.0 (clang-1500.1.0.2.5)]" os-version="23.3.0" platform="Darwin" cwd="/Users/ruud.wijtvliet/python/portfolyo" machine-name="arm64" user="" user-domain="" culture="en-US" uiculture="en-US" os-architecture="64bit" /><failure><message><![CDATA[]]></message><stack-trace><![CDATA[None]]></stack-trace></failure><reason><message><![CDATA[]]></message></reason><output><![CDATA[]]></output></test-case><test-case id="643" name="tests/tools/test_intersect.py::test_intersect_distincttz[startdates9-QS-2020-04-01-00:00-fr-None]" fullname="tests/tools/test_intersect.py::test_intersect_distincttz[startdates9-QS-2020-04-01-00:00-fr-None]" methodname="test_intersect_distincttz[startdates9-QS-2020-04-01-00:00-fr-None]" classname="tests/tools/test_intersect.py" runstate="Runnable" seed="1" result="Passed" label="Test if intersection of indices with distinct timezones gives correct result." start-time="2024-02-05 13:01:40.046264" end-time="2024-02-05 13:01:40.046936" duration="0.000672" asserts="0"><properties><property name="python-version" value="3.11.7 (main, Dec  4 2023, 18:10:11) [Clang 15.0.0 (clang-1500.1.0.2.5)]" /><property name="fspath" value="tests/tools/test_intersect.py" /></properties><environment framework-version="3.6.2" clr-version="3.11.7 (main, Dec  4 2023, 18:10:11) [Clang 15.0.0 (clang-1500.1.0.2.5)]" os-version="23.3.0" platform="Darwin" cwd="/Users/ruud.wijtvliet/python/portfolyo" machine-name="arm64" user="" user-domain="" culture="en-US" uiculture="en-US" os-architecture="64bit" /><failure><message><![CDATA[]]></message><stack-trace><![CDATA[None]]></stack-trace></failure><reason><message><![CDATA[]]></message></reason><output><![CDATA[]]></output></test-case><test-case id="644" name="tests/tools/test_intersect.py::test_intersect_distincttz[startdates9-QS-2020-04-01-00:00-fr-Europe/Berlin]" fullname="tests/tools/test_intersect.py::test_intersect_distincttz[startdates9-QS-2020-04-01-00:00-fr-Europe/Berlin]" methodname="test_intersect_distincttz[startdates9-QS-2020-04-01-00:00-fr-Europe/Berlin]" classname="tests/tools/test_intersect.py" runstate="Runnable" seed="1" result="Passed" label="Test if intersection of indices with distinct timezones gives correct result." start-time="2024-02-05 13:01:40.047353" end-time="2024-02-05 13:01:40.048054" duration="0.000701" asserts="0"><properties><property name="python-version" value="3.11.7 (main, Dec  4 2023, 18:10:11) [Clang 15.0.0 (clang-1500.1.0.2.5)]" /><property name="fspath" value="tests/tools/test_intersect.py" /></properties><environment framework-version="3.6.2" clr-version="3.11.7 (main, Dec  4 2023, 18:10:11) [Clang 15.0.0 (clang-1500.1.0.2.5)]" os-version="23.3.0" platform="Darwin" cwd="/Users/ruud.wijtvliet/python/portfolyo" machine-name="arm64" user="" user-domain="" culture="en-US" uiculture="en-US" os-architecture="64bit" /><failure><message><![CDATA[]]></message><stack-trace><![CDATA[None]]></stack-trace></failure><reason><message><![CDATA[]]></message></reason><output><![CDATA[]]></output></test-case><test-case id="645" name="tests/tools/test_intersect.py::test_intersect_distincttz[startdates9-QS-2020-04-01-00:00-fr-Asia/Kolkata]" fullname="tests/tools/test_intersect.py::test_intersect_distincttz[startdates9-QS-2020-04-01-00:00-fr-Asia/Kolkata]" methodname="test_intersect_distincttz[startdates9-QS-2020-04-01-00:00-fr-Asia/Kolkata]" classname="tests/tools/test_intersect.py" runstate="Runnable" seed="1" result="Passed" label="Test if intersection of indices with distinct timezones gives correct result." start-time="2024-02-05 13:01:40.048505" end-time="2024-02-05 13:01:40.049235" duration="0.00073" asserts="0"><properties><property name="python-version" value="3.11.7 (main, Dec  4 2023, 18:10:11) [Clang 15.0.0 (clang-1500.1.0.2.5)]" /><property name="fspath" value="tests/tools/test_intersect.py" /></properties><environment framework-version="3.6.2" clr-version="3.11.7 (main, Dec  4 2023, 18:10:11) [Clang 15.0.0 (clang-1500.1.0.2.5)]" os-version="23.3.0" platform="Darwin" cwd="/Users/ruud.wijtvliet/python/portfolyo" machine-name="arm64" user="" user-domain="" culture="en-US" uiculture="en-US" os-architecture="64bit" /><failure><message><![CDATA[]]></message><stack-trace><![CDATA[None]]></stack-trace></failure><reason><message><![CDATA[]]></message></reason><output><![CDATA[]]></output></test-case><test-case id="646" name="tests/tools/test_intersect.py::test_intersect_distincttz[startdates9-QS-2020-04-01-06:00-idx-None]" fullname="tests/tools/test_intersect.py::test_intersect_distincttz[startdates9-QS-2020-04-01-06:00-idx-None]" methodname="test_intersect_distincttz[startdates9-QS-2020-04-01-06:00-idx-None]" classname="tests/tools/test_intersect.py" runstate="Runnable" seed="1" result="Passed" label="Test if intersection of indices with distinct timezones gives correct result." start-time="2024-02-05 13:01:40.049661" end-time="2024-02-05 13:01:40.050177" duration="0.000516" asserts="0"><properties><property name="python-version" value="3.11.7 (main, Dec  4 2023, 18:10:11) [Clang 15.0.0 (clang-1500.1.0.2.5)]" /><property name="fspath" value="tests/tools/test_intersect.py" /></properties><environment framework-version="3.6.2" clr-version="3.11.7 (main, Dec  4 2023, 18:10:11) [Clang 15.0.0 (clang-1500.1.0.2.5)]" os-version="23.3.0" platform="Darwin" cwd="/Users/ruud.wijtvliet/python/portfolyo" machine-name="arm64" user="" user-domain="" culture="en-US" uiculture="en-US" os-architecture="64bit" /><failure><message><![CDATA[]]></message><stack-trace><![CDATA[None]]></stack-trace></failure><reason><message><![CDATA[]]></message></reason><output><![CDATA[]]></output></test-case><test-case id="647" name="tests/tools/test_intersect.py::test_intersect_distincttz[startdates9-QS-2020-04-01-06:00-idx-Europe/Berlin]" fullname="tests/tools/test_intersect.py::test_intersect_distincttz[startdates9-QS-2020-04-01-06:00-idx-Europe/Berlin]" methodname="test_intersect_distincttz[startdates9-QS-2020-04-01-06:00-idx-Europe/Berlin]" classname="tests/tools/test_intersect.py" runstate="Runnable" seed="1" result="Passed" label="Test if intersection of indices with distinct timezones gives correct result." start-time="2024-02-05 13:01:40.050589" end-time="2024-02-05 13:01:40.051121" duration="0.000532" asserts="0"><properties><property name="python-version" value="3.11.7 (main, Dec  4 2023, 18:10:11) [Clang 15.0.0 (clang-1500.1.0.2.5)]" /><property name="fspath" value="tests/tools/test_intersect.py" /></properties><environment framework-version="3.6.2" clr-version="3.11.7 (main, Dec  4 2023, 18:10:11) [Clang 15.0.0 (clang-1500.1.0.2.5)]" os-version="23.3.0" platform="Darwin" cwd="/Users/ruud.wijtvliet/python/portfolyo" machine-name="arm64" user="" user-domain="" culture="en-US" uiculture="en-US" os-architecture="64bit" /><failure><message><![CDATA[]]></message><stack-trace><![CDATA[None]]></stack-trace></failure><reason><message><![CDATA[]]></message></reason><output><![CDATA[]]></output></test-case><test-case id="648" name="tests/tools/test_intersect.py::test_intersect_distincttz[startdates9-QS-2020-04-01-06:00-idx-Asia/Kolkata]" fullname="tests/tools/test_intersect.py::test_intersect_distincttz[startdates9-QS-2020-04-01-06:00-idx-Asia/Kolkata]" methodname="test_intersect_distincttz[startdates9-QS-2020-04-01-06:00-idx-Asia/Kolkata]" classname="tests/tools/test_intersect.py" runstate="Runnable" seed="1" result="Passed" label="Test if intersection of indices with distinct timezones gives correct result." start-time="2024-02-05 13:01:40.051809" end-time="2024-02-05 13:01:40.052579" duration="0.00077" asserts="0"><properties><property name="python-version" value="3.11.7 (main, Dec  4 2023, 18:10:11) [Clang 15.0.0 (clang-1500.1.0.2.5)]" /><property name="fspath" value="tests/tools/test_intersect.py" /></properties><environment framework-version="3.6.2" clr-version="3.11.7 (main, Dec  4 2023, 18:10:11) [Clang 15.0.0 (clang-1500.1.0.2.5)]" os-version="23.3.0" platform="Darwin" cwd="/Users/ruud.wijtvliet/python/portfolyo" machine-name="arm64" user="" user-domain="" culture="en-US" uiculture="en-US" os-architecture="64bit" /><failure><message><![CDATA[]]></message><stack-trace><![CDATA[None]]></stack-trace></failure><reason><message><![CDATA[]]></message></reason><output><![CDATA[]]></output></test-case><test-case id="649" name="tests/tools/test_intersect.py::test_intersect_distincttz[startdates9-QS-2020-04-01-06:00-fr-None]" fullname="tests/tools/test_intersect.py::test_intersect_distincttz[startdates9-QS-2020-04-01-06:00-fr-None]" methodname="test_intersect_distincttz[startdates9-QS-2020-04-01-06:00-fr-None]" classname="tests/tools/test_intersect.py" runstate="Runnable" seed="1" result="Passed" label="Test if intersection of indices with distinct timezones gives correct result." start-time="2024-02-05 13:01:40.053053" end-time="2024-02-05 13:01:40.053863" duration="0.00081" asserts="0"><properties><property name="python-version" value="3.11.7 (main, Dec  4 2023, 18:10:11) [Clang 15.0.0 (clang-1500.1.0.2.5)]" /><property name="fspath" value="tests/tools/test_intersect.py" /></properties><environment framework-version="3.6.2" clr-version="3.11.7 (main, Dec  4 2023, 18:10:11) [Clang 15.0.0 (clang-1500.1.0.2.5)]" os-version="23.3.0" platform="Darwin" cwd="/Users/ruud.wijtvliet/python/portfolyo" machine-name="arm64" user="" user-domain="" culture="en-US" uiculture="en-US" os-architecture="64bit" /><failure><message><![CDATA[]]></message><stack-trace><![CDATA[None]]></stack-trace></failure><reason><message><![CDATA[]]></message></reason><output><![CDATA[]]></output></test-case><test-case id="650" name="tests/tools/test_intersect.py::test_intersect_distincttz[startdates9-QS-2020-04-01-06:00-fr-Europe/Berlin]" fullname="tests/tools/test_intersect.py::test_intersect_distincttz[startdates9-QS-2020-04-01-06:00-fr-Europe/Berlin]" methodname="test_intersect_distincttz[startdates9-QS-2020-04-01-06:00-fr-Europe/Berlin]" classname="tests/tools/test_intersect.py" runstate="Runnable" seed="1" result="Passed" label="Test if intersection of indices with distinct timezones gives correct result." start-time="2024-02-05 13:01:40.054343" end-time="2024-02-05 13:01:40.055214" duration="0.000871" asserts="0"><properties><property name="python-version" value="3.11.7 (main, Dec  4 2023, 18:10:11) [Clang 15.0.0 (clang-1500.1.0.2.5)]" /><property name="fspath" value="tests/tools/test_intersect.py" /></properties><environment framework-version="3.6.2" clr-version="3.11.7 (main, Dec  4 2023, 18:10:11) [Clang 15.0.0 (clang-1500.1.0.2.5)]" os-version="23.3.0" platform="Darwin" cwd="/Users/ruud.wijtvliet/python/portfolyo" machine-name="arm64" user="" user-domain="" culture="en-US" uiculture="en-US" os-architecture="64bit" /><failure><message><![CDATA[]]></message><stack-trace><![CDATA[None]]></stack-trace></failure><reason><message><![CDATA[]]></message></reason><output><![CDATA[]]></output></test-case><test-case id="651" name="tests/tools/test_intersect.py::test_intersect_distincttz[startdates9-QS-2020-04-01-06:00-fr-Asia/Kolkata]" fullname="tests/tools/test_intersect.py::test_intersect_distincttz[startdates9-QS-2020-04-01-06:00-fr-Asia/Kolkata]" methodname="test_intersect_distincttz[startdates9-QS-2020-04-01-06:00-fr-Asia/Kolkata]" classname="tests/tools/test_intersect.py" runstate="Runnable" seed="1" result="Passed" label="Test if intersection of indices with distinct timezones gives correct result." start-time="2024-02-05 13:01:40.055656" end-time="2024-02-05 13:01:40.056388" duration="0.000732" asserts="0"><properties><property name="python-version" value="3.11.7 (main, Dec  4 2023, 18:10:11) [Clang 15.0.0 (clang-1500.1.0.2.5)]" /><property name="fspath" value="tests/tools/test_intersect.py" /></properties><environment framework-version="3.6.2" clr-version="3.11.7 (main, Dec  4 2023, 18:10:11) [Clang 15.0.0 (clang-1500.1.0.2.5)]" os-version="23.3.0" platform="Darwin" cwd="/Users/ruud.wijtvliet/python/portfolyo" machine-name="arm64" user="" user-domain="" culture="en-US" uiculture="en-US" os-architecture="64bit" /><failure><message><![CDATA[]]></message><stack-trace><![CDATA[None]]></stack-trace></failure><reason><message><![CDATA[]]></message></reason><output><![CDATA[]]></output></test-case><test-case id="652" name="tests/tools/test_intersect.py::test_intersect_distincttz[startdates10-AS-2021-01-01-00:00-idx-None]" fullname="tests/tools/test_intersect.py::test_intersect_distincttz[startdates10-AS-2021-01-01-00:00-idx-None]" methodname="test_intersect_distincttz[startdates10-AS-2021-01-01-00:00-idx-None]" classname="tests/tools/test_intersect.py" runstate="Runnable" seed="1" result="Passed" label="Test if intersection of indices with distinct timezones gives correct result." start-time="2024-02-05 13:01:40.056823" end-time="2024-02-05 13:01:40.057276" duration="0.000453" asserts="0"><properties><property name="python-version" value="3.11.7 (main, Dec  4 2023, 18:10:11) [Clang 15.0.0 (clang-1500.1.0.2.5)]" /><property name="fspath" value="tests/tools/test_intersect.py" /></properties><environment framework-version="3.6.2" clr-version="3.11.7 (main, Dec  4 2023, 18:10:11) [Clang 15.0.0 (clang-1500.1.0.2.5)]" os-version="23.3.0" platform="Darwin" cwd="/Users/ruud.wijtvliet/python/portfolyo" machine-name="arm64" user="" user-domain="" culture="en-US" uiculture="en-US" os-architecture="64bit" /><failure><message><![CDATA[]]></message><stack-trace><![CDATA[None]]></stack-trace></failure><reason><message><![CDATA[]]></message></reason><output><![CDATA[]]></output></test-case><test-case id="653" name="tests/tools/test_intersect.py::test_intersect_distincttz[startdates10-AS-2021-01-01-00:00-idx-Europe/Berlin]" fullname="tests/tools/test_intersect.py::test_intersect_distincttz[startdates10-AS-2021-01-01-00:00-idx-Europe/Berlin]" methodname="test_intersect_distincttz[startdates10-AS-2021-01-01-00:00-idx-Europe/Berlin]" classname="tests/tools/test_intersect.py" runstate="Runnable" seed="1" result="Passed" label="Test if intersection of indices with distinct timezones gives correct result." start-time="2024-02-05 13:01:40.057753" end-time="2024-02-05 13:01:40.058240" duration="0.000487" asserts="0"><properties><property name="python-version" value="3.11.7 (main, Dec  4 2023, 18:10:11) [Clang 15.0.0 (clang-1500.1.0.2.5)]" /><property name="fspath" value="tests/tools/test_intersect.py" /></properties><environment framework-version="3.6.2" clr-version="3.11.7 (main, Dec  4 2023, 18:10:11) [Clang 15.0.0 (clang-1500.1.0.2.5)]" os-version="23.3.0" platform="Darwin" cwd="/Users/ruud.wijtvliet/python/portfolyo" machine-name="arm64" user="" user-domain="" culture="en-US" uiculture="en-US" os-architecture="64bit" /><failure><message><![CDATA[]]></message><stack-trace><![CDATA[None]]></stack-trace></failure><reason><message><![CDATA[]]></message></reason><output><![CDATA[]]></output></test-case><test-case id="654" name="tests/tools/test_intersect.py::test_intersect_distincttz[startdates10-AS-2021-01-01-00:00-idx-Asia/Kolkata]" fullname="tests/tools/test_intersect.py::test_intersect_distincttz[startdates10-AS-2021-01-01-00:00-idx-Asia/Kolkata]" methodname="test_intersect_distincttz[startdates10-AS-2021-01-01-00:00-idx-Asia/Kolkata]" classname="tests/tools/test_intersect.py" runstate="Runnable" seed="1" result="Passed" label="Test if intersection of indices with distinct timezones gives correct result." start-time="2024-02-05 13:01:40.058688" end-time="2024-02-05 13:01:40.059191" duration="0.000503" asserts="0"><properties><property name="python-version" value="3.11.7 (main, Dec  4 2023, 18:10:11) [Clang 15.0.0 (clang-1500.1.0.2.5)]" /><property name="fspath" value="tests/tools/test_intersect.py" /></properties><environment framework-version="3.6.2" clr-version="3.11.7 (main, Dec  4 2023, 18:10:11) [Clang 15.0.0 (clang-1500.1.0.2.5)]" os-version="23.3.0" platform="Darwin" cwd="/Users/ruud.wijtvliet/python/portfolyo" machine-name="arm64" user="" user-domain="" culture="en-US" uiculture="en-US" os-architecture="64bit" /><failure><message><![CDATA[]]></message><stack-trace><![CDATA[None]]></stack-trace></failure><reason><message><![CDATA[]]></message></reason><output><![CDATA[]]></output></test-case><test-case id="655" name="tests/tools/test_intersect.py::test_intersect_distincttz[startdates10-AS-2021-01-01-00:00-fr-None]" fullname="tests/tools/test_intersect.py::test_intersect_distincttz[startdates10-AS-2021-01-01-00:00-fr-None]" methodname="test_intersect_distincttz[startdates10-AS-2021-01-01-00:00-fr-None]" classname="tests/tools/test_intersect.py" runstate="Runnable" seed="1" result="Passed" label="Test if intersection of indices with distinct timezones gives correct result." start-time="2024-02-05 13:01:40.059615" end-time="2024-02-05 13:01:40.060311" duration="0.000696" asserts="0"><properties><property name="python-version" value="3.11.7 (main, Dec  4 2023, 18:10:11) [Clang 15.0.0 (clang-1500.1.0.2.5)]" /><property name="fspath" value="tests/tools/test_intersect.py" /></properties><environment framework-version="3.6.2" clr-version="3.11.7 (main, Dec  4 2023, 18:10:11) [Clang 15.0.0 (clang-1500.1.0.2.5)]" os-version="23.3.0" platform="Darwin" cwd="/Users/ruud.wijtvliet/python/portfolyo" machine-name="arm64" user="" user-domain="" culture="en-US" uiculture="en-US" os-architecture="64bit" /><failure><message><![CDATA[]]></message><stack-trace><![CDATA[None]]></stack-trace></failure><reason><message><![CDATA[]]></message></reason><output><![CDATA[]]></output></test-case><test-case id="656" name="tests/tools/test_intersect.py::test_intersect_distincttz[startdates10-AS-2021-01-01-00:00-fr-Europe/Berlin]" fullname="tests/tools/test_intersect.py::test_intersect_distincttz[startdates10-AS-2021-01-01-00:00-fr-Europe/Berlin]" methodname="test_intersect_distincttz[startdates10-AS-2021-01-01-00:00-fr-Europe/Berlin]" classname="tests/tools/test_intersect.py" runstate="Runnable" seed="1" result="Passed" label="Test if intersection of indices with distinct timezones gives correct result." start-time="2024-02-05 13:01:40.060743" end-time="2024-02-05 13:01:40.061378" duration="0.000635" asserts="0"><properties><property name="python-version" value="3.11.7 (main, Dec  4 2023, 18:10:11) [Clang 15.0.0 (clang-1500.1.0.2.5)]" /><property name="fspath" value="tests/tools/test_intersect.py" /></properties><environment framework-version="3.6.2" clr-version="3.11.7 (main, Dec  4 2023, 18:10:11) [Clang 15.0.0 (clang-1500.1.0.2.5)]" os-version="23.3.0" platform="Darwin" cwd="/Users/ruud.wijtvliet/python/portfolyo" machine-name="arm64" user="" user-domain="" culture="en-US" uiculture="en-US" os-architecture="64bit" /><failure><message><![CDATA[]]></message><stack-trace><![CDATA[None]]></stack-trace></failure><reason><message><![CDATA[]]></message></reason><output><![CDATA[]]></output></test-case><test-case id="657" name="tests/tools/test_intersect.py::test_intersect_distincttz[startdates10-AS-2021-01-01-00:00-fr-Asia/Kolkata]" fullname="tests/tools/test_intersect.py::test_intersect_distincttz[startdates10-AS-2021-01-01-00:00-fr-Asia/Kolkata]" methodname="test_intersect_distincttz[startdates10-AS-2021-01-01-00:00-fr-Asia/Kolkata]" classname="tests/tools/test_intersect.py" runstate="Runnable" seed="1" result="Passed" label="Test if intersection of indices with distinct timezones gives correct result." start-time="2024-02-05 13:01:40.061819" end-time="2024-02-05 13:01:40.062483" duration="0.000664" asserts="0"><properties><property name="python-version" value="3.11.7 (main, Dec  4 2023, 18:10:11) [Clang 15.0.0 (clang-1500.1.0.2.5)]" /><property name="fspath" value="tests/tools/test_intersect.py" /></properties><environment framework-version="3.6.2" clr-version="3.11.7 (main, Dec  4 2023, 18:10:11) [Clang 15.0.0 (clang-1500.1.0.2.5)]" os-version="23.3.0" platform="Darwin" cwd="/Users/ruud.wijtvliet/python/portfolyo" machine-name="arm64" user="" user-domain="" culture="en-US" uiculture="en-US" os-architecture="64bit" /><failure><message><![CDATA[]]></message><stack-trace><![CDATA[None]]></stack-trace></failure><reason><message><![CDATA[]]></message></reason><output><![CDATA[]]></output></test-case><test-case id="658" name="tests/tools/test_intersect.py::test_intersect_distincttz[startdates10-AS-2021-01-01-06:00-idx-None]" fullname="tests/tools/test_intersect.py::test_intersect_distincttz[startdates10-AS-2021-01-01-06:00-idx-None]" methodname="test_intersect_distincttz[startdates10-AS-2021-01-01-06:00-idx-None]" classname="tests/tools/test_intersect.py" runstate="Runnable" seed="1" result="Passed" label="Test if intersection of indices with distinct timezones gives correct result." start-time="2024-02-05 13:01:40.062910" end-time="2024-02-05 13:01:40.063376" duration="0.000466" asserts="0"><properties><property name="python-version" value="3.11.7 (main, Dec  4 2023, 18:10:11) [Clang 15.0.0 (clang-1500.1.0.2.5)]" /><property name="fspath" value="tests/tools/test_intersect.py" /></properties><environment framework-version="3.6.2" clr-version="3.11.7 (main, Dec  4 2023, 18:10:11) [Clang 15.0.0 (clang-1500.1.0.2.5)]" os-version="23.3.0" platform="Darwin" cwd="/Users/ruud.wijtvliet/python/portfolyo" machine-name="arm64" user="" user-domain="" culture="en-US" uiculture="en-US" os-architecture="64bit" /><failure><message><![CDATA[]]></message><stack-trace><![CDATA[None]]></stack-trace></failure><reason><message><![CDATA[]]></message></reason><output><![CDATA[]]></output></test-case><test-case id="659" name="tests/tools/test_intersect.py::test_intersect_distincttz[startdates10-AS-2021-01-01-06:00-idx-Europe/Berlin]" fullname="tests/tools/test_intersect.py::test_intersect_distincttz[startdates10-AS-2021-01-01-06:00-idx-Europe/Berlin]" methodname="test_intersect_distincttz[startdates10-AS-2021-01-01-06:00-idx-Europe/Berlin]" classname="tests/tools/test_intersect.py" runstate="Runnable" seed="1" result="Passed" label="Test if intersection of indices with distinct timezones gives correct result." start-time="2024-02-05 13:01:40.063813" end-time="2024-02-05 13:01:40.064279" duration="0.000466" asserts="0"><properties><property name="python-version" value="3.11.7 (main, Dec  4 2023, 18:10:11) [Clang 15.0.0 (clang-1500.1.0.2.5)]" /><property name="fspath" value="tests/tools/test_intersect.py" /></properties><environment framework-version="3.6.2" clr-version="3.11.7 (main, Dec  4 2023, 18:10:11) [Clang 15.0.0 (clang-1500.1.0.2.5)]" os-version="23.3.0" platform="Darwin" cwd="/Users/ruud.wijtvliet/python/portfolyo" machine-name="arm64" user="" user-domain="" culture="en-US" uiculture="en-US" os-architecture="64bit" /><failure><message><![CDATA[]]></message><stack-trace><![CDATA[None]]></stack-trace></failure><reason><message><![CDATA[]]></message></reason><output><![CDATA[]]></output></test-case><test-case id="660" name="tests/tools/test_intersect.py::test_intersect_distincttz[startdates10-AS-2021-01-01-06:00-idx-Asia/Kolkata]" fullname="tests/tools/test_intersect.py::test_intersect_distincttz[startdates10-AS-2021-01-01-06:00-idx-Asia/Kolkata]" methodname="test_intersect_distincttz[startdates10-AS-2021-01-01-06:00-idx-Asia/Kolkata]" classname="tests/tools/test_intersect.py" runstate="Runnable" seed="1" result="Passed" label="Test if intersection of indices with distinct timezones gives correct result." start-time="2024-02-05 13:01:40.064743" end-time="2024-02-05 13:01:40.065275" duration="0.000532" asserts="0"><properties><property name="python-version" value="3.11.7 (main, Dec  4 2023, 18:10:11) [Clang 15.0.0 (clang-1500.1.0.2.5)]" /><property name="fspath" value="tests/tools/test_intersect.py" /></properties><environment framework-version="3.6.2" clr-version="3.11.7 (main, Dec  4 2023, 18:10:11) [Clang 15.0.0 (clang-1500.1.0.2.5)]" os-version="23.3.0" platform="Darwin" cwd="/Users/ruud.wijtvliet/python/portfolyo" machine-name="arm64" user="" user-domain="" culture="en-US" uiculture="en-US" os-architecture="64bit" /><failure><message><![CDATA[]]></message><stack-trace><![CDATA[None]]></stack-trace></failure><reason><message><![CDATA[]]></message></reason><output><![CDATA[]]></output></test-case><test-case id="661" name="tests/tools/test_intersect.py::test_intersect_distincttz[startdates10-AS-2021-01-01-06:00-fr-None]" fullname="tests/tools/test_intersect.py::test_intersect_distincttz[startdates10-AS-2021-01-01-06:00-fr-None]" methodname="test_intersect_distincttz[startdates10-AS-2021-01-01-06:00-fr-None]" classname="tests/tools/test_intersect.py" runstate="Runnable" seed="1" result="Passed" label="Test if intersection of indices with distinct timezones gives correct result." start-time="2024-02-05 13:01:40.065775" end-time="2024-02-05 13:01:40.066505" duration="0.00073" asserts="0"><properties><property name="python-version" value="3.11.7 (main, Dec  4 2023, 18:10:11) [Clang 15.0.0 (clang-1500.1.0.2.5)]" /><property name="fspath" value="tests/tools/test_intersect.py" /></properties><environment framework-version="3.6.2" clr-version="3.11.7 (main, Dec  4 2023, 18:10:11) [Clang 15.0.0 (clang-1500.1.0.2.5)]" os-version="23.3.0" platform="Darwin" cwd="/Users/ruud.wijtvliet/python/portfolyo" machine-name="arm64" user="" user-domain="" culture="en-US" uiculture="en-US" os-architecture="64bit" /><failure><message><![CDATA[]]></message><stack-trace><![CDATA[None]]></stack-trace></failure><reason><message><![CDATA[]]></message></reason><output><![CDATA[]]></output></test-case><test-case id="662" name="tests/tools/test_intersect.py::test_intersect_distincttz[startdates10-AS-2021-01-01-06:00-fr-Europe/Berlin]" fullname="tests/tools/test_intersect.py::test_intersect_distincttz[startdates10-AS-2021-01-01-06:00-fr-Europe/Berlin]" methodname="test_intersect_distincttz[startdates10-AS-2021-01-01-06:00-fr-Europe/Berlin]" classname="tests/tools/test_intersect.py" runstate="Runnable" seed="1" result="Passed" label="Test if intersection of indices with distinct timezones gives correct result." start-time="2024-02-05 13:01:40.067013" end-time="2024-02-05 13:01:40.067712" duration="0.000699" asserts="0"><properties><property name="python-version" value="3.11.7 (main, Dec  4 2023, 18:10:11) [Clang 15.0.0 (clang-1500.1.0.2.5)]" /><property name="fspath" value="tests/tools/test_intersect.py" /></properties><environment framework-version="3.6.2" clr-version="3.11.7 (main, Dec  4 2023, 18:10:11) [Clang 15.0.0 (clang-1500.1.0.2.5)]" os-version="23.3.0" platform="Darwin" cwd="/Users/ruud.wijtvliet/python/portfolyo" machine-name="arm64" user="" user-domain="" culture="en-US" uiculture="en-US" os-architecture="64bit" /><failure><message><![CDATA[]]></message><stack-trace><![CDATA[None]]></stack-trace></failure><reason><message><![CDATA[]]></message></reason><output><![CDATA[]]></output></test-case><test-case id="663" name="tests/tools/test_intersect.py::test_intersect_distincttz[startdates10-AS-2021-01-01-06:00-fr-Asia/Kolkata]" fullname="tests/tools/test_intersect.py::test_intersect_distincttz[startdates10-AS-2021-01-01-06:00-fr-Asia/Kolkata]" methodname="test_intersect_distincttz[startdates10-AS-2021-01-01-06:00-fr-Asia/Kolkata]" classname="tests/tools/test_intersect.py" runstate="Runnable" seed="1" result="Passed" label="Test if intersection of indices with distinct timezones gives correct result." start-time="2024-02-05 13:01:40.068187" end-time="2024-02-05 13:01:40.068843" duration="0.000656" asserts="0"><properties><property name="python-version" value="3.11.7 (main, Dec  4 2023, 18:10:11) [Clang 15.0.0 (clang-1500.1.0.2.5)]" /><property name="fspath" value="tests/tools/test_intersect.py" /></properties><environment framework-version="3.6.2" clr-version="3.11.7 (main, Dec  4 2023, 18:10:11) [Clang 15.0.0 (clang-1500.1.0.2.5)]" os-version="23.3.0" platform="Darwin" cwd="/Users/ruud.wijtvliet/python/portfolyo" machine-name="arm64" user="" user-domain="" culture="en-US" uiculture="en-US" os-architecture="64bit" /><failure><message><![CDATA[]]></message><stack-trace><![CDATA[None]]></stack-trace></failure><reason><message><![CDATA[]]></message></reason><output><![CDATA[]]></output></test-case><test-case id="664" name="tests/tools/test_intersect.py::test_intersect_distincttz[startdates11-AS-2021-01-01-00:00-idx-None]" fullname="tests/tools/test_intersect.py::test_intersect_distincttz[startdates11-AS-2021-01-01-00:00-idx-None]" methodname="test_intersect_distincttz[startdates11-AS-2021-01-01-00:00-idx-None]" classname="tests/tools/test_intersect.py" runstate="Runnable" seed="1" result="Passed" label="Test if intersection of indices with distinct timezones gives correct result." start-time="2024-02-05 13:01:40.069288" end-time="2024-02-05 13:01:40.069747" duration="0.000459" asserts="0"><properties><property name="python-version" value="3.11.7 (main, Dec  4 2023, 18:10:11) [Clang 15.0.0 (clang-1500.1.0.2.5)]" /><property name="fspath" value="tests/tools/test_intersect.py" /></properties><environment framework-version="3.6.2" clr-version="3.11.7 (main, Dec  4 2023, 18:10:11) [Clang 15.0.0 (clang-1500.1.0.2.5)]" os-version="23.3.0" platform="Darwin" cwd="/Users/ruud.wijtvliet/python/portfolyo" machine-name="arm64" user="" user-domain="" culture="en-US" uiculture="en-US" os-architecture="64bit" /><failure><message><![CDATA[]]></message><stack-trace><![CDATA[None]]></stack-trace></failure><reason><message><![CDATA[]]></message></reason><output><![CDATA[]]></output></test-case><test-case id="665" name="tests/tools/test_intersect.py::test_intersect_distincttz[startdates11-AS-2021-01-01-00:00-idx-Europe/Berlin]" fullname="tests/tools/test_intersect.py::test_intersect_distincttz[startdates11-AS-2021-01-01-00:00-idx-Europe/Berlin]" methodname="test_intersect_distincttz[startdates11-AS-2021-01-01-00:00-idx-Europe/Berlin]" classname="tests/tools/test_intersect.py" runstate="Runnable" seed="1" result="Passed" label="Test if intersection of indices with distinct timezones gives correct result." start-time="2024-02-05 13:01:40.070187" end-time="2024-02-05 13:01:40.070652" duration="0.000465" asserts="0"><properties><property name="python-version" value="3.11.7 (main, Dec  4 2023, 18:10:11) [Clang 15.0.0 (clang-1500.1.0.2.5)]" /><property name="fspath" value="tests/tools/test_intersect.py" /></properties><environment framework-version="3.6.2" clr-version="3.11.7 (main, Dec  4 2023, 18:10:11) [Clang 15.0.0 (clang-1500.1.0.2.5)]" os-version="23.3.0" platform="Darwin" cwd="/Users/ruud.wijtvliet/python/portfolyo" machine-name="arm64" user="" user-domain="" culture="en-US" uiculture="en-US" os-architecture="64bit" /><failure><message><![CDATA[]]></message><stack-trace><![CDATA[None]]></stack-trace></failure><reason><message><![CDATA[]]></message></reason><output><![CDATA[]]></output></test-case><test-case id="666" name="tests/tools/test_intersect.py::test_intersect_distincttz[startdates11-AS-2021-01-01-00:00-idx-Asia/Kolkata]" fullname="tests/tools/test_intersect.py::test_intersect_distincttz[startdates11-AS-2021-01-01-00:00-idx-Asia/Kolkata]" methodname="test_intersect_distincttz[startdates11-AS-2021-01-01-00:00-idx-Asia/Kolkata]" classname="tests/tools/test_intersect.py" runstate="Runnable" seed="1" result="Passed" label="Test if intersection of indices with distinct timezones gives correct result." start-time="2024-02-05 13:01:40.071091" end-time="2024-02-05 13:01:40.071582" duration="0.000491" asserts="0"><properties><property name="python-version" value="3.11.7 (main, Dec  4 2023, 18:10:11) [Clang 15.0.0 (clang-1500.1.0.2.5)]" /><property name="fspath" value="tests/tools/test_intersect.py" /></properties><environment framework-version="3.6.2" clr-version="3.11.7 (main, Dec  4 2023, 18:10:11) [Clang 15.0.0 (clang-1500.1.0.2.5)]" os-version="23.3.0" platform="Darwin" cwd="/Users/ruud.wijtvliet/python/portfolyo" machine-name="arm64" user="" user-domain="" culture="en-US" uiculture="en-US" os-architecture="64bit" /><failure><message><![CDATA[]]></message><stack-trace><![CDATA[None]]></stack-trace></failure><reason><message><![CDATA[]]></message></reason><output><![CDATA[]]></output></test-case><test-case id="667" name="tests/tools/test_intersect.py::test_intersect_distincttz[startdates11-AS-2021-01-01-00:00-fr-None]" fullname="tests/tools/test_intersect.py::test_intersect_distincttz[startdates11-AS-2021-01-01-00:00-fr-None]" methodname="test_intersect_distincttz[startdates11-AS-2021-01-01-00:00-fr-None]" classname="tests/tools/test_intersect.py" runstate="Runnable" seed="1" result="Passed" label="Test if intersection of indices with distinct timezones gives correct result." start-time="2024-02-05 13:01:40.072021" end-time="2024-02-05 13:01:40.072666" duration="0.000645" asserts="0"><properties><property name="python-version" value="3.11.7 (main, Dec  4 2023, 18:10:11) [Clang 15.0.0 (clang-1500.1.0.2.5)]" /><property name="fspath" value="tests/tools/test_intersect.py" /></properties><environment framework-version="3.6.2" clr-version="3.11.7 (main, Dec  4 2023, 18:10:11) [Clang 15.0.0 (clang-1500.1.0.2.5)]" os-version="23.3.0" platform="Darwin" cwd="/Users/ruud.wijtvliet/python/portfolyo" machine-name="arm64" user="" user-domain="" culture="en-US" uiculture="en-US" os-architecture="64bit" /><failure><message><![CDATA[]]></message><stack-trace><![CDATA[None]]></stack-trace></failure><reason><message><![CDATA[]]></message></reason><output><![CDATA[]]></output></test-case><test-case id="668" name="tests/tools/test_intersect.py::test_intersect_distincttz[startdates11-AS-2021-01-01-00:00-fr-Europe/Berlin]" fullname="tests/tools/test_intersect.py::test_intersect_distincttz[startdates11-AS-2021-01-01-00:00-fr-Europe/Berlin]" methodname="test_intersect_distincttz[startdates11-AS-2021-01-01-00:00-fr-Europe/Berlin]" classname="tests/tools/test_intersect.py" runstate="Runnable" seed="1" result="Passed" label="Test if intersection of indices with distinct timezones gives correct result." start-time="2024-02-05 13:01:40.073192" end-time="2024-02-05 13:01:40.073844" duration="0.000652" asserts="0"><properties><property name="python-version" value="3.11.7 (main, Dec  4 2023, 18:10:11) [Clang 15.0.0 (clang-1500.1.0.2.5)]" /><property name="fspath" value="tests/tools/test_intersect.py" /></properties><environment framework-version="3.6.2" clr-version="3.11.7 (main, Dec  4 2023, 18:10:11) [Clang 15.0.0 (clang-1500.1.0.2.5)]" os-version="23.3.0" platform="Darwin" cwd="/Users/ruud.wijtvliet/python/portfolyo" machine-name="arm64" user="" user-domain="" culture="en-US" uiculture="en-US" os-architecture="64bit" /><failure><message><![CDATA[]]></message><stack-trace><![CDATA[None]]></stack-trace></failure><reason><message><![CDATA[]]></message></reason><output><![CDATA[]]></output></test-case><test-case id="669" name="tests/tools/test_intersect.py::test_intersect_distincttz[startdates11-AS-2021-01-01-00:00-fr-Asia/Kolkata]" fullname="tests/tools/test_intersect.py::test_intersect_distincttz[startdates11-AS-2021-01-01-00:00-fr-Asia/Kolkata]" methodname="test_intersect_distincttz[startdates11-AS-2021-01-01-00:00-fr-Asia/Kolkata]" classname="tests/tools/test_intersect.py" runstate="Runnable" seed="1" result="Passed" label="Test if intersection of indices with distinct timezones gives correct result." start-time="2024-02-05 13:01:40.074261" end-time="2024-02-05 13:01:40.074886" duration="0.000625" asserts="0"><properties><property name="python-version" value="3.11.7 (main, Dec  4 2023, 18:10:11) [Clang 15.0.0 (clang-1500.1.0.2.5)]" /><property name="fspath" value="tests/tools/test_intersect.py" /></properties><environment framework-version="3.6.2" clr-version="3.11.7 (main, Dec  4 2023, 18:10:11) [Clang 15.0.0 (clang-1500.1.0.2.5)]" os-version="23.3.0" platform="Darwin" cwd="/Users/ruud.wijtvliet/python/portfolyo" machine-name="arm64" user="" user-domain="" culture="en-US" uiculture="en-US" os-architecture="64bit" /><failure><message><![CDATA[]]></message><stack-trace><![CDATA[None]]></stack-trace></failure><reason><message><![CDATA[]]></message></reason><output><![CDATA[]]></output></test-case><test-case id="670" name="tests/tools/test_intersect.py::test_intersect_distincttz[startdates11-AS-2021-01-01-06:00-idx-None]" fullname="tests/tools/test_intersect.py::test_intersect_distincttz[startdates11-AS-2021-01-01-06:00-idx-None]" methodname="test_intersect_distincttz[startdates11-AS-2021-01-01-06:00-idx-None]" classname="tests/tools/test_intersect.py" runstate="Runnable" seed="1" result="Passed" label="Test if intersection of indices with distinct timezones gives correct result." start-time="2024-02-05 13:01:40.075311" end-time="2024-02-05 13:01:40.075750" duration="0.000439" asserts="0"><properties><property name="python-version" value="3.11.7 (main, Dec  4 2023, 18:10:11) [Clang 15.0.0 (clang-1500.1.0.2.5)]" /><property name="fspath" value="tests/tools/test_intersect.py" /></properties><environment framework-version="3.6.2" clr-version="3.11.7 (main, Dec  4 2023, 18:10:11) [Clang 15.0.0 (clang-1500.1.0.2.5)]" os-version="23.3.0" platform="Darwin" cwd="/Users/ruud.wijtvliet/python/portfolyo" machine-name="arm64" user="" user-domain="" culture="en-US" uiculture="en-US" os-architecture="64bit" /><failure><message><![CDATA[]]></message><stack-trace><![CDATA[None]]></stack-trace></failure><reason><message><![CDATA[]]></message></reason><output><![CDATA[]]></output></test-case><test-case id="671" name="tests/tools/test_intersect.py::test_intersect_distincttz[startdates11-AS-2021-01-01-06:00-idx-Europe/Berlin]" fullname="tests/tools/test_intersect.py::test_intersect_distincttz[startdates11-AS-2021-01-01-06:00-idx-Europe/Berlin]" methodname="test_intersect_distincttz[startdates11-AS-2021-01-01-06:00-idx-Europe/Berlin]" classname="tests/tools/test_intersect.py" runstate="Runnable" seed="1" result="Passed" label="Test if intersection of indices with distinct timezones gives correct result." start-time="2024-02-05 13:01:40.076166" end-time="2024-02-05 13:01:40.076602" duration="0.000436" asserts="0"><properties><property name="python-version" value="3.11.7 (main, Dec  4 2023, 18:10:11) [Clang 15.0.0 (clang-1500.1.0.2.5)]" /><property name="fspath" value="tests/tools/test_intersect.py" /></properties><environment framework-version="3.6.2" clr-version="3.11.7 (main, Dec  4 2023, 18:10:11) [Clang 15.0.0 (clang-1500.1.0.2.5)]" os-version="23.3.0" platform="Darwin" cwd="/Users/ruud.wijtvliet/python/portfolyo" machine-name="arm64" user="" user-domain="" culture="en-US" uiculture="en-US" os-architecture="64bit" /><failure><message><![CDATA[]]></message><stack-trace><![CDATA[None]]></stack-trace></failure><reason><message><![CDATA[]]></message></reason><output><![CDATA[]]></output></test-case><test-case id="672" name="tests/tools/test_intersect.py::test_intersect_distincttz[startdates11-AS-2021-01-01-06:00-idx-Asia/Kolkata]" fullname="tests/tools/test_intersect.py::test_intersect_distincttz[startdates11-AS-2021-01-01-06:00-idx-Asia/Kolkata]" methodname="test_intersect_distincttz[startdates11-AS-2021-01-01-06:00-idx-Asia/Kolkata]" classname="tests/tools/test_intersect.py" runstate="Runnable" seed="1" result="Passed" label="Test if intersection of indices with distinct timezones gives correct result." start-time="2024-02-05 13:01:40.077014" end-time="2024-02-05 13:01:40.077481" duration="0.000467" asserts="0"><properties><property name="python-version" value="3.11.7 (main, Dec  4 2023, 18:10:11) [Clang 15.0.0 (clang-1500.1.0.2.5)]" /><property name="fspath" value="tests/tools/test_intersect.py" /></properties><environment framework-version="3.6.2" clr-version="3.11.7 (main, Dec  4 2023, 18:10:11) [Clang 15.0.0 (clang-1500.1.0.2.5)]" os-version="23.3.0" platform="Darwin" cwd="/Users/ruud.wijtvliet/python/portfolyo" machine-name="arm64" user="" user-domain="" culture="en-US" uiculture="en-US" os-architecture="64bit" /><failure><message><![CDATA[]]></message><stack-trace><![CDATA[None]]></stack-trace></failure><reason><message><![CDATA[]]></message></reason><output><![CDATA[]]></output></test-case><test-case id="673" name="tests/tools/test_intersect.py::test_intersect_distincttz[startdates11-AS-2021-01-01-06:00-fr-None]" fullname="tests/tools/test_intersect.py::test_intersect_distincttz[startdates11-AS-2021-01-01-06:00-fr-None]" methodname="test_intersect_distincttz[startdates11-AS-2021-01-01-06:00-fr-None]" classname="tests/tools/test_intersect.py" runstate="Runnable" seed="1" result="Passed" label="Test if intersection of indices with distinct timezones gives correct result." start-time="2024-02-05 13:01:40.077894" end-time="2024-02-05 13:01:40.078499" duration="0.000605" asserts="0"><properties><property name="python-version" value="3.11.7 (main, Dec  4 2023, 18:10:11) [Clang 15.0.0 (clang-1500.1.0.2.5)]" /><property name="fspath" value="tests/tools/test_intersect.py" /></properties><environment framework-version="3.6.2" clr-version="3.11.7 (main, Dec  4 2023, 18:10:11) [Clang 15.0.0 (clang-1500.1.0.2.5)]" os-version="23.3.0" platform="Darwin" cwd="/Users/ruud.wijtvliet/python/portfolyo" machine-name="arm64" user="" user-domain="" culture="en-US" uiculture="en-US" os-architecture="64bit" /><failure><message><![CDATA[]]></message><stack-trace><![CDATA[None]]></stack-trace></failure><reason><message><![CDATA[]]></message></reason><output><![CDATA[]]></output></test-case><test-case id="674" name="tests/tools/test_intersect.py::test_intersect_distincttz[startdates11-AS-2021-01-01-06:00-fr-Europe/Berlin]" fullname="tests/tools/test_intersect.py::test_intersect_distincttz[startdates11-AS-2021-01-01-06:00-fr-Europe/Berlin]" methodname="test_intersect_distincttz[startdates11-AS-2021-01-01-06:00-fr-Europe/Berlin]" classname="tests/tools/test_intersect.py" runstate="Runnable" seed="1" result="Passed" label="Test if intersection of indices with distinct timezones gives correct result." start-time="2024-02-05 13:01:40.078909" end-time="2024-02-05 13:01:40.079500" duration="0.000591" asserts="0"><properties><property name="python-version" value="3.11.7 (main, Dec  4 2023, 18:10:11) [Clang 15.0.0 (clang-1500.1.0.2.5)]" /><property name="fspath" value="tests/tools/test_intersect.py" /></properties><environment framework-version="3.6.2" clr-version="3.11.7 (main, Dec  4 2023, 18:10:11) [Clang 15.0.0 (clang-1500.1.0.2.5)]" os-version="23.3.0" platform="Darwin" cwd="/Users/ruud.wijtvliet/python/portfolyo" machine-name="arm64" user="" user-domain="" culture="en-US" uiculture="en-US" os-architecture="64bit" /><failure><message><![CDATA[]]></message><stack-trace><![CDATA[None]]></stack-trace></failure><reason><message><![CDATA[]]></message></reason><output><![CDATA[]]></output></test-case><test-case id="675" name="tests/tools/test_intersect.py::test_intersect_distincttz[startdates11-AS-2021-01-01-06:00-fr-Asia/Kolkata]" fullname="tests/tools/test_intersect.py::test_intersect_distincttz[startdates11-AS-2021-01-01-06:00-fr-Asia/Kolkata]" methodname="test_intersect_distincttz[startdates11-AS-2021-01-01-06:00-fr-Asia/Kolkata]" classname="tests/tools/test_intersect.py" runstate="Runnable" seed="1" result="Passed" label="Test if intersection of indices with distinct timezones gives correct result." start-time="2024-02-05 13:01:40.079911" end-time="2024-02-05 13:01:40.080538" duration="0.000627" asserts="0"><properties><property name="python-version" value="3.11.7 (main, Dec  4 2023, 18:10:11) [Clang 15.0.0 (clang-1500.1.0.2.5)]" /><property name="fspath" value="tests/tools/test_intersect.py" /></properties><environment framework-version="3.6.2" clr-version="3.11.7 (main, Dec  4 2023, 18:10:11) [Clang 15.0.0 (clang-1500.1.0.2.5)]" os-version="23.3.0" platform="Darwin" cwd="/Users/ruud.wijtvliet/python/portfolyo" machine-name="arm64" user="" user-domain="" culture="en-US" uiculture="en-US" os-architecture="64bit" /><failure><message><![CDATA[]]></message><stack-trace><![CDATA[None]]></stack-trace></failure><reason><message><![CDATA[]]></message></reason><output><![CDATA[]]></output></test-case><test-case id="676" name="tests/tools/test_intersect.py::test_intersect_distincttz[startdates12-15T-2020-06-20-00:00-idx-None]" fullname="tests/tools/test_intersect.py::test_intersect_distincttz[startdates12-15T-2020-06-20-00:00-idx-None]" methodname="test_intersect_distincttz[startdates12-15T-2020-06-20-00:00-idx-None]" classname="tests/tools/test_intersect.py" runstate="Runnable" seed="1" result="Passed" label="Test if intersection of indices with distinct timezones gives correct result." start-time="2024-02-05 13:01:40.080956" end-time="2024-02-05 13:01:40.081714" duration="0.000758" asserts="0"><properties><property name="python-version" value="3.11.7 (main, Dec  4 2023, 18:10:11) [Clang 15.0.0 (clang-1500.1.0.2.5)]" /><property name="fspath" value="tests/tools/test_intersect.py" /></properties><environment framework-version="3.6.2" clr-version="3.11.7 (main, Dec  4 2023, 18:10:11) [Clang 15.0.0 (clang-1500.1.0.2.5)]" os-version="23.3.0" platform="Darwin" cwd="/Users/ruud.wijtvliet/python/portfolyo" machine-name="arm64" user="" user-domain="" culture="en-US" uiculture="en-US" os-architecture="64bit" /><failure><message><![CDATA[]]></message><stack-trace><![CDATA[None]]></stack-trace></failure><reason><message><![CDATA[]]></message></reason><output><![CDATA[]]></output></test-case><test-case id="677" name="tests/tools/test_intersect.py::test_intersect_distincttz[startdates12-15T-2020-06-20-00:00-idx-Europe/Berlin]" fullname="tests/tools/test_intersect.py::test_intersect_distincttz[startdates12-15T-2020-06-20-00:00-idx-Europe/Berlin]" methodname="test_intersect_distincttz[startdates12-15T-2020-06-20-00:00-idx-Europe/Berlin]" classname="tests/tools/test_intersect.py" runstate="Runnable" seed="1" result="Passed" label="Test if intersection of indices with distinct timezones gives correct result." start-time="2024-02-05 13:01:40.082131" end-time="2024-02-05 13:01:40.082619" duration="0.000488" asserts="0"><properties><property name="python-version" value="3.11.7 (main, Dec  4 2023, 18:10:11) [Clang 15.0.0 (clang-1500.1.0.2.5)]" /><property name="fspath" value="tests/tools/test_intersect.py" /></properties><environment framework-version="3.6.2" clr-version="3.11.7 (main, Dec  4 2023, 18:10:11) [Clang 15.0.0 (clang-1500.1.0.2.5)]" os-version="23.3.0" platform="Darwin" cwd="/Users/ruud.wijtvliet/python/portfolyo" machine-name="arm64" user="" user-domain="" culture="en-US" uiculture="en-US" os-architecture="64bit" /><failure><message><![CDATA[]]></message><stack-trace><![CDATA[None]]></stack-trace></failure><reason><message><![CDATA[]]></message></reason><output><![CDATA[]]></output></test-case><test-case id="678" name="tests/tools/test_intersect.py::test_intersect_distincttz[startdates12-15T-2020-06-20-00:00-idx-Asia/Kolkata]" fullname="tests/tools/test_intersect.py::test_intersect_distincttz[startdates12-15T-2020-06-20-00:00-idx-Asia/Kolkata]" methodname="test_intersect_distincttz[startdates12-15T-2020-06-20-00:00-idx-Asia/Kolkata]" classname="tests/tools/test_intersect.py" runstate="Runnable" seed="1" result="Passed" label="Test if intersection of indices with distinct timezones gives correct result." start-time="2024-02-05 13:01:40.083289" end-time="2024-02-05 13:01:40.084114" duration="0.000825" asserts="0"><properties><property name="python-version" value="3.11.7 (main, Dec  4 2023, 18:10:11) [Clang 15.0.0 (clang-1500.1.0.2.5)]" /><property name="fspath" value="tests/tools/test_intersect.py" /></properties><environment framework-version="3.6.2" clr-version="3.11.7 (main, Dec  4 2023, 18:10:11) [Clang 15.0.0 (clang-1500.1.0.2.5)]" os-version="23.3.0" platform="Darwin" cwd="/Users/ruud.wijtvliet/python/portfolyo" machine-name="arm64" user="" user-domain="" culture="en-US" uiculture="en-US" os-architecture="64bit" /><failure><message><![CDATA[]]></message><stack-trace><![CDATA[None]]></stack-trace></failure><reason><message><![CDATA[]]></message></reason><output><![CDATA[]]></output></test-case><test-case id="679" name="tests/tools/test_intersect.py::test_intersect_distincttz[startdates12-15T-2020-06-20-00:00-fr-None]" fullname="tests/tools/test_intersect.py::test_intersect_distincttz[startdates12-15T-2020-06-20-00:00-fr-None]" methodname="test_intersect_distincttz[startdates12-15T-2020-06-20-00:00-fr-None]" classname="tests/tools/test_intersect.py" runstate="Runnable" seed="1" result="Passed" label="Test if intersection of indices with distinct timezones gives correct result." start-time="2024-02-05 13:01:40.084639" end-time="2024-02-05 13:01:40.085769" duration="0.00113" asserts="0"><properties><property name="python-version" value="3.11.7 (main, Dec  4 2023, 18:10:11) [Clang 15.0.0 (clang-1500.1.0.2.5)]" /><property name="fspath" value="tests/tools/test_intersect.py" /></properties><environment framework-version="3.6.2" clr-version="3.11.7 (main, Dec  4 2023, 18:10:11) [Clang 15.0.0 (clang-1500.1.0.2.5)]" os-version="23.3.0" platform="Darwin" cwd="/Users/ruud.wijtvliet/python/portfolyo" machine-name="arm64" user="" user-domain="" culture="en-US" uiculture="en-US" os-architecture="64bit" /><failure><message><![CDATA[]]></message><stack-trace><![CDATA[None]]></stack-trace></failure><reason><message><![CDATA[]]></message></reason><output><![CDATA[]]></output></test-case><test-case id="680" name="tests/tools/test_intersect.py::test_intersect_distincttz[startdates12-15T-2020-06-20-00:00-fr-Europe/Berlin]" fullname="tests/tools/test_intersect.py::test_intersect_distincttz[startdates12-15T-2020-06-20-00:00-fr-Europe/Berlin]" methodname="test_intersect_distincttz[startdates12-15T-2020-06-20-00:00-fr-Europe/Berlin]" classname="tests/tools/test_intersect.py" runstate="Runnable" seed="1" result="Passed" label="Test if intersection of indices with distinct timezones gives correct result." start-time="2024-02-05 13:01:40.086266" end-time="2024-02-05 13:01:40.087215" duration="0.000949" asserts="0"><properties><property name="python-version" value="3.11.7 (main, Dec  4 2023, 18:10:11) [Clang 15.0.0 (clang-1500.1.0.2.5)]" /><property name="fspath" value="tests/tools/test_intersect.py" /></properties><environment framework-version="3.6.2" clr-version="3.11.7 (main, Dec  4 2023, 18:10:11) [Clang 15.0.0 (clang-1500.1.0.2.5)]" os-version="23.3.0" platform="Darwin" cwd="/Users/ruud.wijtvliet/python/portfolyo" machine-name="arm64" user="" user-domain="" culture="en-US" uiculture="en-US" os-architecture="64bit" /><failure><message><![CDATA[]]></message><stack-trace><![CDATA[None]]></stack-trace></failure><reason><message><![CDATA[]]></message></reason><output><![CDATA[]]></output></test-case><test-case id="681" name="tests/tools/test_intersect.py::test_intersect_distincttz[startdates12-15T-2020-06-20-00:00-fr-Asia/Kolkata]" fullname="tests/tools/test_intersect.py::test_intersect_distincttz[startdates12-15T-2020-06-20-00:00-fr-Asia/Kolkata]" methodname="test_intersect_distincttz[startdates12-15T-2020-06-20-00:00-fr-Asia/Kolkata]" classname="tests/tools/test_intersect.py" runstate="Runnable" seed="1" result="Passed" label="Test if intersection of indices with distinct timezones gives correct result." start-time="2024-02-05 13:01:40.087722" end-time="2024-02-05 13:01:40.088922" duration="0.0012" asserts="0"><properties><property name="python-version" value="3.11.7 (main, Dec  4 2023, 18:10:11) [Clang 15.0.0 (clang-1500.1.0.2.5)]" /><property name="fspath" value="tests/tools/test_intersect.py" /></properties><environment framework-version="3.6.2" clr-version="3.11.7 (main, Dec  4 2023, 18:10:11) [Clang 15.0.0 (clang-1500.1.0.2.5)]" os-version="23.3.0" platform="Darwin" cwd="/Users/ruud.wijtvliet/python/portfolyo" machine-name="arm64" user="" user-domain="" culture="en-US" uiculture="en-US" os-architecture="64bit" /><failure><message><![CDATA[]]></message><stack-trace><![CDATA[None]]></stack-trace></failure><reason><message><![CDATA[]]></message></reason><output><![CDATA[]]></output></test-case><test-case id="682" name="tests/tools/test_intersect.py::test_intersect_distincttz[startdates12-15T-2020-06-20-06:00-idx-None]" fullname="tests/tools/test_intersect.py::test_intersect_distincttz[startdates12-15T-2020-06-20-06:00-idx-None]" methodname="test_intersect_distincttz[startdates12-15T-2020-06-20-06:00-idx-None]" classname="tests/tools/test_intersect.py" runstate="Runnable" seed="1" result="Passed" label="Test if intersection of indices with distinct timezones gives correct result." start-time="2024-02-05 13:01:40.089360" end-time="2024-02-05 13:01:40.089943" duration="0.000583" asserts="0"><properties><property name="python-version" value="3.11.7 (main, Dec  4 2023, 18:10:11) [Clang 15.0.0 (clang-1500.1.0.2.5)]" /><property name="fspath" value="tests/tools/test_intersect.py" /></properties><environment framework-version="3.6.2" clr-version="3.11.7 (main, Dec  4 2023, 18:10:11) [Clang 15.0.0 (clang-1500.1.0.2.5)]" os-version="23.3.0" platform="Darwin" cwd="/Users/ruud.wijtvliet/python/portfolyo" machine-name="arm64" user="" user-domain="" culture="en-US" uiculture="en-US" os-architecture="64bit" /><failure><message><![CDATA[]]></message><stack-trace><![CDATA[None]]></stack-trace></failure><reason><message><![CDATA[]]></message></reason><output><![CDATA[]]></output></test-case><test-case id="683" name="tests/tools/test_intersect.py::test_intersect_distincttz[startdates12-15T-2020-06-20-06:00-idx-Europe/Berlin]" fullname="tests/tools/test_intersect.py::test_intersect_distincttz[startdates12-15T-2020-06-20-06:00-idx-Europe/Berlin]" methodname="test_intersect_distincttz[startdates12-15T-2020-06-20-06:00-idx-Europe/Berlin]" classname="tests/tools/test_intersect.py" runstate="Runnable" seed="1" result="Passed" label="Test if intersection of indices with distinct timezones gives correct result." start-time="2024-02-05 13:01:40.090371" end-time="2024-02-05 13:01:40.090895" duration="0.000524" asserts="0"><properties><property name="python-version" value="3.11.7 (main, Dec  4 2023, 18:10:11) [Clang 15.0.0 (clang-1500.1.0.2.5)]" /><property name="fspath" value="tests/tools/test_intersect.py" /></properties><environment framework-version="3.6.2" clr-version="3.11.7 (main, Dec  4 2023, 18:10:11) [Clang 15.0.0 (clang-1500.1.0.2.5)]" os-version="23.3.0" platform="Darwin" cwd="/Users/ruud.wijtvliet/python/portfolyo" machine-name="arm64" user="" user-domain="" culture="en-US" uiculture="en-US" os-architecture="64bit" /><failure><message><![CDATA[]]></message><stack-trace><![CDATA[None]]></stack-trace></failure><reason><message><![CDATA[]]></message></reason><output><![CDATA[]]></output></test-case><test-case id="684" name="tests/tools/test_intersect.py::test_intersect_distincttz[startdates12-15T-2020-06-20-06:00-idx-Asia/Kolkata]" fullname="tests/tools/test_intersect.py::test_intersect_distincttz[startdates12-15T-2020-06-20-06:00-idx-Asia/Kolkata]" methodname="test_intersect_distincttz[startdates12-15T-2020-06-20-06:00-idx-Asia/Kolkata]" classname="tests/tools/test_intersect.py" runstate="Runnable" seed="1" result="Passed" label="Test if intersection of indices with distinct timezones gives correct result." start-time="2024-02-05 13:01:40.091312" end-time="2024-02-05 13:01:40.091929" duration="0.000617" asserts="0"><properties><property name="python-version" value="3.11.7 (main, Dec  4 2023, 18:10:11) [Clang 15.0.0 (clang-1500.1.0.2.5)]" /><property name="fspath" value="tests/tools/test_intersect.py" /></properties><environment framework-version="3.6.2" clr-version="3.11.7 (main, Dec  4 2023, 18:10:11) [Clang 15.0.0 (clang-1500.1.0.2.5)]" os-version="23.3.0" platform="Darwin" cwd="/Users/ruud.wijtvliet/python/portfolyo" machine-name="arm64" user="" user-domain="" culture="en-US" uiculture="en-US" os-architecture="64bit" /><failure><message><![CDATA[]]></message><stack-trace><![CDATA[None]]></stack-trace></failure><reason><message><![CDATA[]]></message></reason><output><![CDATA[]]></output></test-case><test-case id="685" name="tests/tools/test_intersect.py::test_intersect_distincttz[startdates12-15T-2020-06-20-06:00-fr-None]" fullname="tests/tools/test_intersect.py::test_intersect_distincttz[startdates12-15T-2020-06-20-06:00-fr-None]" methodname="test_intersect_distincttz[startdates12-15T-2020-06-20-06:00-fr-None]" classname="tests/tools/test_intersect.py" runstate="Runnable" seed="1" result="Passed" label="Test if intersection of indices with distinct timezones gives correct result." start-time="2024-02-05 13:01:40.092347" end-time="2024-02-05 13:01:40.093613" duration="0.001266" asserts="0"><properties><property name="python-version" value="3.11.7 (main, Dec  4 2023, 18:10:11) [Clang 15.0.0 (clang-1500.1.0.2.5)]" /><property name="fspath" value="tests/tools/test_intersect.py" /></properties><environment framework-version="3.6.2" clr-version="3.11.7 (main, Dec  4 2023, 18:10:11) [Clang 15.0.0 (clang-1500.1.0.2.5)]" os-version="23.3.0" platform="Darwin" cwd="/Users/ruud.wijtvliet/python/portfolyo" machine-name="arm64" user="" user-domain="" culture="en-US" uiculture="en-US" os-architecture="64bit" /><failure><message><![CDATA[]]></message><stack-trace><![CDATA[None]]></stack-trace></failure><reason><message><![CDATA[]]></message></reason><output><![CDATA[]]></output></test-case><test-case id="686" name="tests/tools/test_intersect.py::test_intersect_distincttz[startdates12-15T-2020-06-20-06:00-fr-Europe/Berlin]" fullname="tests/tools/test_intersect.py::test_intersect_distincttz[startdates12-15T-2020-06-20-06:00-fr-Europe/Berlin]" methodname="test_intersect_distincttz[startdates12-15T-2020-06-20-06:00-fr-Europe/Berlin]" classname="tests/tools/test_intersect.py" runstate="Runnable" seed="1" result="Passed" label="Test if intersection of indices with distinct timezones gives correct result." start-time="2024-02-05 13:01:40.094244" end-time="2024-02-05 13:01:40.095702" duration="0.001458" asserts="0"><properties><property name="python-version" value="3.11.7 (main, Dec  4 2023, 18:10:11) [Clang 15.0.0 (clang-1500.1.0.2.5)]" /><property name="fspath" value="tests/tools/test_intersect.py" /></properties><environment framework-version="3.6.2" clr-version="3.11.7 (main, Dec  4 2023, 18:10:11) [Clang 15.0.0 (clang-1500.1.0.2.5)]" os-version="23.3.0" platform="Darwin" cwd="/Users/ruud.wijtvliet/python/portfolyo" machine-name="arm64" user="" user-domain="" culture="en-US" uiculture="en-US" os-architecture="64bit" /><failure><message><![CDATA[]]></message><stack-trace><![CDATA[None]]></stack-trace></failure><reason><message><![CDATA[]]></message></reason><output><![CDATA[]]></output></test-case><test-case id="687" name="tests/tools/test_intersect.py::test_intersect_distincttz[startdates12-15T-2020-06-20-06:00-fr-Asia/Kolkata]" fullname="tests/tools/test_intersect.py::test_intersect_distincttz[startdates12-15T-2020-06-20-06:00-fr-Asia/Kolkata]" methodname="test_intersect_distincttz[startdates12-15T-2020-06-20-06:00-fr-Asia/Kolkata]" classname="tests/tools/test_intersect.py" runstate="Runnable" seed="1" result="Passed" label="Test if intersection of indices with distinct timezones gives correct result." start-time="2024-02-05 13:01:40.096174" end-time="2024-02-05 13:01:40.097151" duration="0.000977" asserts="0"><properties><property name="python-version" value="3.11.7 (main, Dec  4 2023, 18:10:11) [Clang 15.0.0 (clang-1500.1.0.2.5)]" /><property name="fspath" value="tests/tools/test_intersect.py" /></properties><environment framework-version="3.6.2" clr-version="3.11.7 (main, Dec  4 2023, 18:10:11) [Clang 15.0.0 (clang-1500.1.0.2.5)]" os-version="23.3.0" platform="Darwin" cwd="/Users/ruud.wijtvliet/python/portfolyo" machine-name="arm64" user="" user-domain="" culture="en-US" uiculture="en-US" os-architecture="64bit" /><failure><message><![CDATA[]]></message><stack-trace><![CDATA[None]]></stack-trace></failure><reason><message><![CDATA[]]></message></reason><output><![CDATA[]]></output></test-case><test-case id="688" name="tests/tools/test_intersect.py::test_intersect_distincttz[startdates13-15T-2020-06-20-00:00-idx-None]" fullname="tests/tools/test_intersect.py::test_intersect_distincttz[startdates13-15T-2020-06-20-00:00-idx-None]" methodname="test_intersect_distincttz[startdates13-15T-2020-06-20-00:00-idx-None]" classname="tests/tools/test_intersect.py" runstate="Runnable" seed="1" result="Passed" label="Test if intersection of indices with distinct timezones gives correct result." start-time="2024-02-05 13:01:40.097589" end-time="2024-02-05 13:01:40.098132" duration="0.000543" asserts="0"><properties><property name="python-version" value="3.11.7 (main, Dec  4 2023, 18:10:11) [Clang 15.0.0 (clang-1500.1.0.2.5)]" /><property name="fspath" value="tests/tools/test_intersect.py" /></properties><environment framework-version="3.6.2" clr-version="3.11.7 (main, Dec  4 2023, 18:10:11) [Clang 15.0.0 (clang-1500.1.0.2.5)]" os-version="23.3.0" platform="Darwin" cwd="/Users/ruud.wijtvliet/python/portfolyo" machine-name="arm64" user="" user-domain="" culture="en-US" uiculture="en-US" os-architecture="64bit" /><failure><message><![CDATA[]]></message><stack-trace><![CDATA[None]]></stack-trace></failure><reason><message><![CDATA[]]></message></reason><output><![CDATA[]]></output></test-case><test-case id="689" name="tests/tools/test_intersect.py::test_intersect_distincttz[startdates13-15T-2020-06-20-00:00-idx-Europe/Berlin]" fullname="tests/tools/test_intersect.py::test_intersect_distincttz[startdates13-15T-2020-06-20-00:00-idx-Europe/Berlin]" methodname="test_intersect_distincttz[startdates13-15T-2020-06-20-00:00-idx-Europe/Berlin]" classname="tests/tools/test_intersect.py" runstate="Runnable" seed="1" result="Passed" label="Test if intersection of indices with distinct timezones gives correct result." start-time="2024-02-05 13:01:40.098589" end-time="2024-02-05 13:01:40.099190" duration="0.000601" asserts="0"><properties><property name="python-version" value="3.11.7 (main, Dec  4 2023, 18:10:11) [Clang 15.0.0 (clang-1500.1.0.2.5)]" /><property name="fspath" value="tests/tools/test_intersect.py" /></properties><environment framework-version="3.6.2" clr-version="3.11.7 (main, Dec  4 2023, 18:10:11) [Clang 15.0.0 (clang-1500.1.0.2.5)]" os-version="23.3.0" platform="Darwin" cwd="/Users/ruud.wijtvliet/python/portfolyo" machine-name="arm64" user="" user-domain="" culture="en-US" uiculture="en-US" os-architecture="64bit" /><failure><message><![CDATA[]]></message><stack-trace><![CDATA[None]]></stack-trace></failure><reason><message><![CDATA[]]></message></reason><output><![CDATA[]]></output></test-case><test-case id="690" name="tests/tools/test_intersect.py::test_intersect_distincttz[startdates13-15T-2020-06-20-00:00-idx-Asia/Kolkata]" fullname="tests/tools/test_intersect.py::test_intersect_distincttz[startdates13-15T-2020-06-20-00:00-idx-Asia/Kolkata]" methodname="test_intersect_distincttz[startdates13-15T-2020-06-20-00:00-idx-Asia/Kolkata]" classname="tests/tools/test_intersect.py" runstate="Runnable" seed="1" result="Passed" label="Test if intersection of indices with distinct timezones gives correct result." start-time="2024-02-05 13:01:40.099657" end-time="2024-02-05 13:01:40.100318" duration="0.000661" asserts="0"><properties><property name="python-version" value="3.11.7 (main, Dec  4 2023, 18:10:11) [Clang 15.0.0 (clang-1500.1.0.2.5)]" /><property name="fspath" value="tests/tools/test_intersect.py" /></properties><environment framework-version="3.6.2" clr-version="3.11.7 (main, Dec  4 2023, 18:10:11) [Clang 15.0.0 (clang-1500.1.0.2.5)]" os-version="23.3.0" platform="Darwin" cwd="/Users/ruud.wijtvliet/python/portfolyo" machine-name="arm64" user="" user-domain="" culture="en-US" uiculture="en-US" os-architecture="64bit" /><failure><message><![CDATA[]]></message><stack-trace><![CDATA[None]]></stack-trace></failure><reason><message><![CDATA[]]></message></reason><output><![CDATA[]]></output></test-case><test-case id="691" name="tests/tools/test_intersect.py::test_intersect_distincttz[startdates13-15T-2020-06-20-00:00-fr-None]" fullname="tests/tools/test_intersect.py::test_intersect_distincttz[startdates13-15T-2020-06-20-00:00-fr-None]" methodname="test_intersect_distincttz[startdates13-15T-2020-06-20-00:00-fr-None]" classname="tests/tools/test_intersect.py" runstate="Runnable" seed="1" result="Passed" label="Test if intersection of indices with distinct timezones gives correct result." start-time="2024-02-05 13:01:40.100773" end-time="2024-02-05 13:01:40.101768" duration="0.000995" asserts="0"><properties><property name="python-version" value="3.11.7 (main, Dec  4 2023, 18:10:11) [Clang 15.0.0 (clang-1500.1.0.2.5)]" /><property name="fspath" value="tests/tools/test_intersect.py" /></properties><environment framework-version="3.6.2" clr-version="3.11.7 (main, Dec  4 2023, 18:10:11) [Clang 15.0.0 (clang-1500.1.0.2.5)]" os-version="23.3.0" platform="Darwin" cwd="/Users/ruud.wijtvliet/python/portfolyo" machine-name="arm64" user="" user-domain="" culture="en-US" uiculture="en-US" os-architecture="64bit" /><failure><message><![CDATA[]]></message><stack-trace><![CDATA[None]]></stack-trace></failure><reason><message><![CDATA[]]></message></reason><output><![CDATA[]]></output></test-case><test-case id="692" name="tests/tools/test_intersect.py::test_intersect_distincttz[startdates13-15T-2020-06-20-00:00-fr-Europe/Berlin]" fullname="tests/tools/test_intersect.py::test_intersect_distincttz[startdates13-15T-2020-06-20-00:00-fr-Europe/Berlin]" methodname="test_intersect_distincttz[startdates13-15T-2020-06-20-00:00-fr-Europe/Berlin]" classname="tests/tools/test_intersect.py" runstate="Runnable" seed="1" result="Passed" label="Test if intersection of indices with distinct timezones gives correct result." start-time="2024-02-05 13:01:40.102289" end-time="2024-02-05 13:01:40.103148" duration="0.000859" asserts="0"><properties><property name="python-version" value="3.11.7 (main, Dec  4 2023, 18:10:11) [Clang 15.0.0 (clang-1500.1.0.2.5)]" /><property name="fspath" value="tests/tools/test_intersect.py" /></properties><environment framework-version="3.6.2" clr-version="3.11.7 (main, Dec  4 2023, 18:10:11) [Clang 15.0.0 (clang-1500.1.0.2.5)]" os-version="23.3.0" platform="Darwin" cwd="/Users/ruud.wijtvliet/python/portfolyo" machine-name="arm64" user="" user-domain="" culture="en-US" uiculture="en-US" os-architecture="64bit" /><failure><message><![CDATA[]]></message><stack-trace><![CDATA[None]]></stack-trace></failure><reason><message><![CDATA[]]></message></reason><output><![CDATA[]]></output></test-case><test-case id="693" name="tests/tools/test_intersect.py::test_intersect_distincttz[startdates13-15T-2020-06-20-00:00-fr-Asia/Kolkata]" fullname="tests/tools/test_intersect.py::test_intersect_distincttz[startdates13-15T-2020-06-20-00:00-fr-Asia/Kolkata]" methodname="test_intersect_distincttz[startdates13-15T-2020-06-20-00:00-fr-Asia/Kolkata]" classname="tests/tools/test_intersect.py" runstate="Runnable" seed="1" result="Passed" label="Test if intersection of indices with distinct timezones gives correct result." start-time="2024-02-05 13:01:40.103603" end-time="2024-02-05 13:01:40.104736" duration="0.001133" asserts="0"><properties><property name="python-version" value="3.11.7 (main, Dec  4 2023, 18:10:11) [Clang 15.0.0 (clang-1500.1.0.2.5)]" /><property name="fspath" value="tests/tools/test_intersect.py" /></properties><environment framework-version="3.6.2" clr-version="3.11.7 (main, Dec  4 2023, 18:10:11) [Clang 15.0.0 (clang-1500.1.0.2.5)]" os-version="23.3.0" platform="Darwin" cwd="/Users/ruud.wijtvliet/python/portfolyo" machine-name="arm64" user="" user-domain="" culture="en-US" uiculture="en-US" os-architecture="64bit" /><failure><message><![CDATA[]]></message><stack-trace><![CDATA[None]]></stack-trace></failure><reason><message><![CDATA[]]></message></reason><output><![CDATA[]]></output></test-case><test-case id="694" name="tests/tools/test_intersect.py::test_intersect_distincttz[startdates13-15T-2020-06-20-06:00-idx-None]" fullname="tests/tools/test_intersect.py::test_intersect_distincttz[startdates13-15T-2020-06-20-06:00-idx-None]" methodname="test_intersect_distincttz[startdates13-15T-2020-06-20-06:00-idx-None]" classname="tests/tools/test_intersect.py" runstate="Runnable" seed="1" result="Passed" label="Test if intersection of indices with distinct timezones gives correct result." start-time="2024-02-05 13:01:40.105190" end-time="2024-02-05 13:01:40.105740" duration="0.00055" asserts="0"><properties><property name="python-version" value="3.11.7 (main, Dec  4 2023, 18:10:11) [Clang 15.0.0 (clang-1500.1.0.2.5)]" /><property name="fspath" value="tests/tools/test_intersect.py" /></properties><environment framework-version="3.6.2" clr-version="3.11.7 (main, Dec  4 2023, 18:10:11) [Clang 15.0.0 (clang-1500.1.0.2.5)]" os-version="23.3.0" platform="Darwin" cwd="/Users/ruud.wijtvliet/python/portfolyo" machine-name="arm64" user="" user-domain="" culture="en-US" uiculture="en-US" os-architecture="64bit" /><failure><message><![CDATA[]]></message><stack-trace><![CDATA[None]]></stack-trace></failure><reason><message><![CDATA[]]></message></reason><output><![CDATA[]]></output></test-case><test-case id="695" name="tests/tools/test_intersect.py::test_intersect_distincttz[startdates13-15T-2020-06-20-06:00-idx-Europe/Berlin]" fullname="tests/tools/test_intersect.py::test_intersect_distincttz[startdates13-15T-2020-06-20-06:00-idx-Europe/Berlin]" methodname="test_intersect_distincttz[startdates13-15T-2020-06-20-06:00-idx-Europe/Berlin]" classname="tests/tools/test_intersect.py" runstate="Runnable" seed="1" result="Passed" label="Test if intersection of indices with distinct timezones gives correct result." start-time="2024-02-05 13:01:40.106170" end-time="2024-02-05 13:01:40.106660" duration="0.00049" asserts="0"><properties><property name="python-version" value="3.11.7 (main, Dec  4 2023, 18:10:11) [Clang 15.0.0 (clang-1500.1.0.2.5)]" /><property name="fspath" value="tests/tools/test_intersect.py" /></properties><environment framework-version="3.6.2" clr-version="3.11.7 (main, Dec  4 2023, 18:10:11) [Clang 15.0.0 (clang-1500.1.0.2.5)]" os-version="23.3.0" platform="Darwin" cwd="/Users/ruud.wijtvliet/python/portfolyo" machine-name="arm64" user="" user-domain="" culture="en-US" uiculture="en-US" os-architecture="64bit" /><failure><message><![CDATA[]]></message><stack-trace><![CDATA[None]]></stack-trace></failure><reason><message><![CDATA[]]></message></reason><output><![CDATA[]]></output></test-case><test-case id="696" name="tests/tools/test_intersect.py::test_intersect_distincttz[startdates13-15T-2020-06-20-06:00-idx-Asia/Kolkata]" fullname="tests/tools/test_intersect.py::test_intersect_distincttz[startdates13-15T-2020-06-20-06:00-idx-Asia/Kolkata]" methodname="test_intersect_distincttz[startdates13-15T-2020-06-20-06:00-idx-Asia/Kolkata]" classname="tests/tools/test_intersect.py" runstate="Runnable" seed="1" result="Passed" label="Test if intersection of indices with distinct timezones gives correct result." start-time="2024-02-05 13:01:40.107092" end-time="2024-02-05 13:01:40.107600" duration="0.000508" asserts="0"><properties><property name="python-version" value="3.11.7 (main, Dec  4 2023, 18:10:11) [Clang 15.0.0 (clang-1500.1.0.2.5)]" /><property name="fspath" value="tests/tools/test_intersect.py" /></properties><environment framework-version="3.6.2" clr-version="3.11.7 (main, Dec  4 2023, 18:10:11) [Clang 15.0.0 (clang-1500.1.0.2.5)]" os-version="23.3.0" platform="Darwin" cwd="/Users/ruud.wijtvliet/python/portfolyo" machine-name="arm64" user="" user-domain="" culture="en-US" uiculture="en-US" os-architecture="64bit" /><failure><message><![CDATA[]]></message><stack-trace><![CDATA[None]]></stack-trace></failure><reason><message><![CDATA[]]></message></reason><output><![CDATA[]]></output></test-case><test-case id="697" name="tests/tools/test_intersect.py::test_intersect_distincttz[startdates13-15T-2020-06-20-06:00-fr-None]" fullname="tests/tools/test_intersect.py::test_intersect_distincttz[startdates13-15T-2020-06-20-06:00-fr-None]" methodname="test_intersect_distincttz[startdates13-15T-2020-06-20-06:00-fr-None]" classname="tests/tools/test_intersect.py" runstate="Runnable" seed="1" result="Passed" label="Test if intersection of indices with distinct timezones gives correct result." start-time="2024-02-05 13:01:40.108005" end-time="2024-02-05 13:01:40.108750" duration="0.000745" asserts="0"><properties><property name="python-version" value="3.11.7 (main, Dec  4 2023, 18:10:11) [Clang 15.0.0 (clang-1500.1.0.2.5)]" /><property name="fspath" value="tests/tools/test_intersect.py" /></properties><environment framework-version="3.6.2" clr-version="3.11.7 (main, Dec  4 2023, 18:10:11) [Clang 15.0.0 (clang-1500.1.0.2.5)]" os-version="23.3.0" platform="Darwin" cwd="/Users/ruud.wijtvliet/python/portfolyo" machine-name="arm64" user="" user-domain="" culture="en-US" uiculture="en-US" os-architecture="64bit" /><failure><message><![CDATA[]]></message><stack-trace><![CDATA[None]]></stack-trace></failure><reason><message><![CDATA[]]></message></reason><output><![CDATA[]]></output></test-case><test-case id="698" name="tests/tools/test_intersect.py::test_intersect_distincttz[startdates13-15T-2020-06-20-06:00-fr-Europe/Berlin]" fullname="tests/tools/test_intersect.py::test_intersect_distincttz[startdates13-15T-2020-06-20-06:00-fr-Europe/Berlin]" methodname="test_intersect_distincttz[startdates13-15T-2020-06-20-06:00-fr-Europe/Berlin]" classname="tests/tools/test_intersect.py" runstate="Runnable" seed="1" result="Passed" label="Test if intersection of indices with distinct timezones gives correct result." start-time="2024-02-05 13:01:40.109154" end-time="2024-02-05 13:01:40.109896" duration="0.000742" asserts="0"><properties><property name="python-version" value="3.11.7 (main, Dec  4 2023, 18:10:11) [Clang 15.0.0 (clang-1500.1.0.2.5)]" /><property name="fspath" value="tests/tools/test_intersect.py" /></properties><environment framework-version="3.6.2" clr-version="3.11.7 (main, Dec  4 2023, 18:10:11) [Clang 15.0.0 (clang-1500.1.0.2.5)]" os-version="23.3.0" platform="Darwin" cwd="/Users/ruud.wijtvliet/python/portfolyo" machine-name="arm64" user="" user-domain="" culture="en-US" uiculture="en-US" os-architecture="64bit" /><failure><message><![CDATA[]]></message><stack-trace><![CDATA[None]]></stack-trace></failure><reason><message><![CDATA[]]></message></reason><output><![CDATA[]]></output></test-case><test-case id="699" name="tests/tools/test_intersect.py::test_intersect_distincttz[startdates13-15T-2020-06-20-06:00-fr-Asia/Kolkata]" fullname="tests/tools/test_intersect.py::test_intersect_distincttz[startdates13-15T-2020-06-20-06:00-fr-Asia/Kolkata]" methodname="test_intersect_distincttz[startdates13-15T-2020-06-20-06:00-fr-Asia/Kolkata]" classname="tests/tools/test_intersect.py" runstate="Runnable" seed="1" result="Passed" label="Test if intersection of indices with distinct timezones gives correct result." start-time="2024-02-05 13:01:40.110311" end-time="2024-02-05 13:01:40.111076" duration="0.000765" asserts="0"><properties><property name="python-version" value="3.11.7 (main, Dec  4 2023, 18:10:11) [Clang 15.0.0 (clang-1500.1.0.2.5)]" /><property name="fspath" value="tests/tools/test_intersect.py" /></properties><environment framework-version="3.6.2" clr-version="3.11.7 (main, Dec  4 2023, 18:10:11) [Clang 15.0.0 (clang-1500.1.0.2.5)]" os-version="23.3.0" platform="Darwin" cwd="/Users/ruud.wijtvliet/python/portfolyo" machine-name="arm64" user="" user-domain="" culture="en-US" uiculture="en-US" os-architecture="64bit" /><failure><message><![CDATA[]]></message><stack-trace><![CDATA[None]]></stack-trace></failure><reason><message><![CDATA[]]></message></reason><output><![CDATA[]]></output></test-case><test-case id="700" name="tests/tools/test_intersect.py::test_intersect_distincttz[startdates14-H-2020-06-20-00:00-idx-None]" fullname="tests/tools/test_intersect.py::test_intersect_distincttz[startdates14-H-2020-06-20-00:00-idx-None]" methodname="test_intersect_distincttz[startdates14-H-2020-06-20-00:00-idx-None]" classname="tests/tools/test_intersect.py" runstate="Runnable" seed="1" result="Passed" label="Test if intersection of indices with distinct timezones gives correct result." start-time="2024-02-05 13:01:40.111497" end-time="2024-02-05 13:01:40.112022" duration="0.000525" asserts="0"><properties><property name="python-version" value="3.11.7 (main, Dec  4 2023, 18:10:11) [Clang 15.0.0 (clang-1500.1.0.2.5)]" /><property name="fspath" value="tests/tools/test_intersect.py" /></properties><environment framework-version="3.6.2" clr-version="3.11.7 (main, Dec  4 2023, 18:10:11) [Clang 15.0.0 (clang-1500.1.0.2.5)]" os-version="23.3.0" platform="Darwin" cwd="/Users/ruud.wijtvliet/python/portfolyo" machine-name="arm64" user="" user-domain="" culture="en-US" uiculture="en-US" os-architecture="64bit" /><failure><message><![CDATA[]]></message><stack-trace><![CDATA[None]]></stack-trace></failure><reason><message><![CDATA[]]></message></reason><output><![CDATA[]]></output></test-case><test-case id="701" name="tests/tools/test_intersect.py::test_intersect_distincttz[startdates14-H-2020-06-20-00:00-idx-Europe/Berlin]" fullname="tests/tools/test_intersect.py::test_intersect_distincttz[startdates14-H-2020-06-20-00:00-idx-Europe/Berlin]" methodname="test_intersect_distincttz[startdates14-H-2020-06-20-00:00-idx-Europe/Berlin]" classname="tests/tools/test_intersect.py" runstate="Runnable" seed="1" result="Passed" label="Test if intersection of indices with distinct timezones gives correct result." start-time="2024-02-05 13:01:40.112438" end-time="2024-02-05 13:01:40.112947" duration="0.000509" asserts="0"><properties><property name="python-version" value="3.11.7 (main, Dec  4 2023, 18:10:11) [Clang 15.0.0 (clang-1500.1.0.2.5)]" /><property name="fspath" value="tests/tools/test_intersect.py" /></properties><environment framework-version="3.6.2" clr-version="3.11.7 (main, Dec  4 2023, 18:10:11) [Clang 15.0.0 (clang-1500.1.0.2.5)]" os-version="23.3.0" platform="Darwin" cwd="/Users/ruud.wijtvliet/python/portfolyo" machine-name="arm64" user="" user-domain="" culture="en-US" uiculture="en-US" os-architecture="64bit" /><failure><message><![CDATA[]]></message><stack-trace><![CDATA[None]]></stack-trace></failure><reason><message><![CDATA[]]></message></reason><output><![CDATA[]]></output></test-case><test-case id="702" name="tests/tools/test_intersect.py::test_intersect_distincttz[startdates14-H-2020-06-20-00:00-idx-Asia/Kolkata]" fullname="tests/tools/test_intersect.py::test_intersect_distincttz[startdates14-H-2020-06-20-00:00-idx-Asia/Kolkata]" methodname="test_intersect_distincttz[startdates14-H-2020-06-20-00:00-idx-Asia/Kolkata]" classname="tests/tools/test_intersect.py" runstate="Runnable" seed="1" result="Passed" label="Test if intersection of indices with distinct timezones gives correct result." start-time="2024-02-05 13:01:40.113351" end-time="2024-02-05 13:01:40.113854" duration="0.000503" asserts="0"><properties><property name="python-version" value="3.11.7 (main, Dec  4 2023, 18:10:11) [Clang 15.0.0 (clang-1500.1.0.2.5)]" /><property name="fspath" value="tests/tools/test_intersect.py" /></properties><environment framework-version="3.6.2" clr-version="3.11.7 (main, Dec  4 2023, 18:10:11) [Clang 15.0.0 (clang-1500.1.0.2.5)]" os-version="23.3.0" platform="Darwin" cwd="/Users/ruud.wijtvliet/python/portfolyo" machine-name="arm64" user="" user-domain="" culture="en-US" uiculture="en-US" os-architecture="64bit" /><failure><message><![CDATA[]]></message><stack-trace><![CDATA[None]]></stack-trace></failure><reason><message><![CDATA[]]></message></reason><output><![CDATA[]]></output></test-case><test-case id="703" name="tests/tools/test_intersect.py::test_intersect_distincttz[startdates14-H-2020-06-20-00:00-fr-None]" fullname="tests/tools/test_intersect.py::test_intersect_distincttz[startdates14-H-2020-06-20-00:00-fr-None]" methodname="test_intersect_distincttz[startdates14-H-2020-06-20-00:00-fr-None]" classname="tests/tools/test_intersect.py" runstate="Runnable" seed="1" result="Passed" label="Test if intersection of indices with distinct timezones gives correct result." start-time="2024-02-05 13:01:40.114578" end-time="2024-02-05 13:01:40.115576" duration="0.000998" asserts="0"><properties><property name="python-version" value="3.11.7 (main, Dec  4 2023, 18:10:11) [Clang 15.0.0 (clang-1500.1.0.2.5)]" /><property name="fspath" value="tests/tools/test_intersect.py" /></properties><environment framework-version="3.6.2" clr-version="3.11.7 (main, Dec  4 2023, 18:10:11) [Clang 15.0.0 (clang-1500.1.0.2.5)]" os-version="23.3.0" platform="Darwin" cwd="/Users/ruud.wijtvliet/python/portfolyo" machine-name="arm64" user="" user-domain="" culture="en-US" uiculture="en-US" os-architecture="64bit" /><failure><message><![CDATA[]]></message><stack-trace><![CDATA[None]]></stack-trace></failure><reason><message><![CDATA[]]></message></reason><output><![CDATA[]]></output></test-case><test-case id="704" name="tests/tools/test_intersect.py::test_intersect_distincttz[startdates14-H-2020-06-20-00:00-fr-Europe/Berlin]" fullname="tests/tools/test_intersect.py::test_intersect_distincttz[startdates14-H-2020-06-20-00:00-fr-Europe/Berlin]" methodname="test_intersect_distincttz[startdates14-H-2020-06-20-00:00-fr-Europe/Berlin]" classname="tests/tools/test_intersect.py" runstate="Runnable" seed="1" result="Passed" label="Test if intersection of indices with distinct timezones gives correct result." start-time="2024-02-05 13:01:40.116039" end-time="2024-02-05 13:01:40.117034" duration="0.000995" asserts="0"><properties><property name="python-version" value="3.11.7 (main, Dec  4 2023, 18:10:11) [Clang 15.0.0 (clang-1500.1.0.2.5)]" /><property name="fspath" value="tests/tools/test_intersect.py" /></properties><environment framework-version="3.6.2" clr-version="3.11.7 (main, Dec  4 2023, 18:10:11) [Clang 15.0.0 (clang-1500.1.0.2.5)]" os-version="23.3.0" platform="Darwin" cwd="/Users/ruud.wijtvliet/python/portfolyo" machine-name="arm64" user="" user-domain="" culture="en-US" uiculture="en-US" os-architecture="64bit" /><failure><message><![CDATA[]]></message><stack-trace><![CDATA[None]]></stack-trace></failure><reason><message><![CDATA[]]></message></reason><output><![CDATA[]]></output></test-case><test-case id="705" name="tests/tools/test_intersect.py::test_intersect_distincttz[startdates14-H-2020-06-20-00:00-fr-Asia/Kolkata]" fullname="tests/tools/test_intersect.py::test_intersect_distincttz[startdates14-H-2020-06-20-00:00-fr-Asia/Kolkata]" methodname="test_intersect_distincttz[startdates14-H-2020-06-20-00:00-fr-Asia/Kolkata]" classname="tests/tools/test_intersect.py" runstate="Runnable" seed="1" result="Passed" label="Test if intersection of indices with distinct timezones gives correct result." start-time="2024-02-05 13:01:40.117486" end-time="2024-02-05 13:01:40.118317" duration="0.000831" asserts="0"><properties><property name="python-version" value="3.11.7 (main, Dec  4 2023, 18:10:11) [Clang 15.0.0 (clang-1500.1.0.2.5)]" /><property name="fspath" value="tests/tools/test_intersect.py" /></properties><environment framework-version="3.6.2" clr-version="3.11.7 (main, Dec  4 2023, 18:10:11) [Clang 15.0.0 (clang-1500.1.0.2.5)]" os-version="23.3.0" platform="Darwin" cwd="/Users/ruud.wijtvliet/python/portfolyo" machine-name="arm64" user="" user-domain="" culture="en-US" uiculture="en-US" os-architecture="64bit" /><failure><message><![CDATA[]]></message><stack-trace><![CDATA[None]]></stack-trace></failure><reason><message><![CDATA[]]></message></reason><output><![CDATA[]]></output></test-case><test-case id="706" name="tests/tools/test_intersect.py::test_intersect_distincttz[startdates14-H-2020-06-20-06:00-idx-None]" fullname="tests/tools/test_intersect.py::test_intersect_distincttz[startdates14-H-2020-06-20-06:00-idx-None]" methodname="test_intersect_distincttz[startdates14-H-2020-06-20-06:00-idx-None]" classname="tests/tools/test_intersect.py" runstate="Runnable" seed="1" result="Passed" label="Test if intersection of indices with distinct timezones gives correct result." start-time="2024-02-05 13:01:40.118761" end-time="2024-02-05 13:01:40.119317" duration="0.000556" asserts="0"><properties><property name="python-version" value="3.11.7 (main, Dec  4 2023, 18:10:11) [Clang 15.0.0 (clang-1500.1.0.2.5)]" /><property name="fspath" value="tests/tools/test_intersect.py" /></properties><environment framework-version="3.6.2" clr-version="3.11.7 (main, Dec  4 2023, 18:10:11) [Clang 15.0.0 (clang-1500.1.0.2.5)]" os-version="23.3.0" platform="Darwin" cwd="/Users/ruud.wijtvliet/python/portfolyo" machine-name="arm64" user="" user-domain="" culture="en-US" uiculture="en-US" os-architecture="64bit" /><failure><message><![CDATA[]]></message><stack-trace><![CDATA[None]]></stack-trace></failure><reason><message><![CDATA[]]></message></reason><output><![CDATA[]]></output></test-case><test-case id="707" name="tests/tools/test_intersect.py::test_intersect_distincttz[startdates14-H-2020-06-20-06:00-idx-Europe/Berlin]" fullname="tests/tools/test_intersect.py::test_intersect_distincttz[startdates14-H-2020-06-20-06:00-idx-Europe/Berlin]" methodname="test_intersect_distincttz[startdates14-H-2020-06-20-06:00-idx-Europe/Berlin]" classname="tests/tools/test_intersect.py" runstate="Runnable" seed="1" result="Passed" label="Test if intersection of indices with distinct timezones gives correct result." start-time="2024-02-05 13:01:40.119748" end-time="2024-02-05 13:01:40.120273" duration="0.000525" asserts="0"><properties><property name="python-version" value="3.11.7 (main, Dec  4 2023, 18:10:11) [Clang 15.0.0 (clang-1500.1.0.2.5)]" /><property name="fspath" value="tests/tools/test_intersect.py" /></properties><environment framework-version="3.6.2" clr-version="3.11.7 (main, Dec  4 2023, 18:10:11) [Clang 15.0.0 (clang-1500.1.0.2.5)]" os-version="23.3.0" platform="Darwin" cwd="/Users/ruud.wijtvliet/python/portfolyo" machine-name="arm64" user="" user-domain="" culture="en-US" uiculture="en-US" os-architecture="64bit" /><failure><message><![CDATA[]]></message><stack-trace><![CDATA[None]]></stack-trace></failure><reason><message><![CDATA[]]></message></reason><output><![CDATA[]]></output></test-case><test-case id="708" name="tests/tools/test_intersect.py::test_intersect_distincttz[startdates14-H-2020-06-20-06:00-idx-Asia/Kolkata]" fullname="tests/tools/test_intersect.py::test_intersect_distincttz[startdates14-H-2020-06-20-06:00-idx-Asia/Kolkata]" methodname="test_intersect_distincttz[startdates14-H-2020-06-20-06:00-idx-Asia/Kolkata]" classname="tests/tools/test_intersect.py" runstate="Runnable" seed="1" result="Passed" label="Test if intersection of indices with distinct timezones gives correct result." start-time="2024-02-05 13:01:40.120707" end-time="2024-02-05 13:01:40.121288" duration="0.000581" asserts="0"><properties><property name="python-version" value="3.11.7 (main, Dec  4 2023, 18:10:11) [Clang 15.0.0 (clang-1500.1.0.2.5)]" /><property name="fspath" value="tests/tools/test_intersect.py" /></properties><environment framework-version="3.6.2" clr-version="3.11.7 (main, Dec  4 2023, 18:10:11) [Clang 15.0.0 (clang-1500.1.0.2.5)]" os-version="23.3.0" platform="Darwin" cwd="/Users/ruud.wijtvliet/python/portfolyo" machine-name="arm64" user="" user-domain="" culture="en-US" uiculture="en-US" os-architecture="64bit" /><failure><message><![CDATA[]]></message><stack-trace><![CDATA[None]]></stack-trace></failure><reason><message><![CDATA[]]></message></reason><output><![CDATA[]]></output></test-case><test-case id="709" name="tests/tools/test_intersect.py::test_intersect_distincttz[startdates14-H-2020-06-20-06:00-fr-None]" fullname="tests/tools/test_intersect.py::test_intersect_distincttz[startdates14-H-2020-06-20-06:00-fr-None]" methodname="test_intersect_distincttz[startdates14-H-2020-06-20-06:00-fr-None]" classname="tests/tools/test_intersect.py" runstate="Runnable" seed="1" result="Passed" label="Test if intersection of indices with distinct timezones gives correct result." start-time="2024-02-05 13:01:40.121775" end-time="2024-02-05 13:01:40.122641" duration="0.000866" asserts="0"><properties><property name="python-version" value="3.11.7 (main, Dec  4 2023, 18:10:11) [Clang 15.0.0 (clang-1500.1.0.2.5)]" /><property name="fspath" value="tests/tools/test_intersect.py" /></properties><environment framework-version="3.6.2" clr-version="3.11.7 (main, Dec  4 2023, 18:10:11) [Clang 15.0.0 (clang-1500.1.0.2.5)]" os-version="23.3.0" platform="Darwin" cwd="/Users/ruud.wijtvliet/python/portfolyo" machine-name="arm64" user="" user-domain="" culture="en-US" uiculture="en-US" os-architecture="64bit" /><failure><message><![CDATA[]]></message><stack-trace><![CDATA[None]]></stack-trace></failure><reason><message><![CDATA[]]></message></reason><output><![CDATA[]]></output></test-case><test-case id="710" name="tests/tools/test_intersect.py::test_intersect_distincttz[startdates14-H-2020-06-20-06:00-fr-Europe/Berlin]" fullname="tests/tools/test_intersect.py::test_intersect_distincttz[startdates14-H-2020-06-20-06:00-fr-Europe/Berlin]" methodname="test_intersect_distincttz[startdates14-H-2020-06-20-06:00-fr-Europe/Berlin]" classname="tests/tools/test_intersect.py" runstate="Runnable" seed="1" result="Passed" label="Test if intersection of indices with distinct timezones gives correct result." start-time="2024-02-05 13:01:40.123089" end-time="2024-02-05 13:01:40.123905" duration="0.000816" asserts="0"><properties><property name="python-version" value="3.11.7 (main, Dec  4 2023, 18:10:11) [Clang 15.0.0 (clang-1500.1.0.2.5)]" /><property name="fspath" value="tests/tools/test_intersect.py" /></properties><environment framework-version="3.6.2" clr-version="3.11.7 (main, Dec  4 2023, 18:10:11) [Clang 15.0.0 (clang-1500.1.0.2.5)]" os-version="23.3.0" platform="Darwin" cwd="/Users/ruud.wijtvliet/python/portfolyo" machine-name="arm64" user="" user-domain="" culture="en-US" uiculture="en-US" os-architecture="64bit" /><failure><message><![CDATA[]]></message><stack-trace><![CDATA[None]]></stack-trace></failure><reason><message><![CDATA[]]></message></reason><output><![CDATA[]]></output></test-case><test-case id="711" name="tests/tools/test_intersect.py::test_intersect_distincttz[startdates14-H-2020-06-20-06:00-fr-Asia/Kolkata]" fullname="tests/tools/test_intersect.py::test_intersect_distincttz[startdates14-H-2020-06-20-06:00-fr-Asia/Kolkata]" methodname="test_intersect_distincttz[startdates14-H-2020-06-20-06:00-fr-Asia/Kolkata]" classname="tests/tools/test_intersect.py" runstate="Runnable" seed="1" result="Passed" label="Test if intersection of indices with distinct timezones gives correct result." start-time="2024-02-05 13:01:40.124365" end-time="2024-02-05 13:01:40.125138" duration="0.000773" asserts="0"><properties><property name="python-version" value="3.11.7 (main, Dec  4 2023, 18:10:11) [Clang 15.0.0 (clang-1500.1.0.2.5)]" /><property name="fspath" value="tests/tools/test_intersect.py" /></properties><environment framework-version="3.6.2" clr-version="3.11.7 (main, Dec  4 2023, 18:10:11) [Clang 15.0.0 (clang-1500.1.0.2.5)]" os-version="23.3.0" platform="Darwin" cwd="/Users/ruud.wijtvliet/python/portfolyo" machine-name="arm64" user="" user-domain="" culture="en-US" uiculture="en-US" os-architecture="64bit" /><failure><message><![CDATA[]]></message><stack-trace><![CDATA[None]]></stack-trace></failure><reason><message><![CDATA[]]></message></reason><output><![CDATA[]]></output></test-case><test-case id="712" name="tests/tools/test_intersect.py::test_intersect_distincttz[startdates15-H-2020-06-20-00:00-idx-None]" fullname="tests/tools/test_intersect.py::test_intersect_distincttz[startdates15-H-2020-06-20-00:00-idx-None]" methodname="test_intersect_distincttz[startdates15-H-2020-06-20-00:00-idx-None]" classname="tests/tools/test_intersect.py" runstate="Runnable" seed="1" result="Passed" label="Test if intersection of indices with distinct timezones gives correct result." start-time="2024-02-05 13:01:40.125601" end-time="2024-02-05 13:01:40.126114" duration="0.000513" asserts="0"><properties><property name="python-version" value="3.11.7 (main, Dec  4 2023, 18:10:11) [Clang 15.0.0 (clang-1500.1.0.2.5)]" /><property name="fspath" value="tests/tools/test_intersect.py" /></properties><environment framework-version="3.6.2" clr-version="3.11.7 (main, Dec  4 2023, 18:10:11) [Clang 15.0.0 (clang-1500.1.0.2.5)]" os-version="23.3.0" platform="Darwin" cwd="/Users/ruud.wijtvliet/python/portfolyo" machine-name="arm64" user="" user-domain="" culture="en-US" uiculture="en-US" os-architecture="64bit" /><failure><message><![CDATA[]]></message><stack-trace><![CDATA[None]]></stack-trace></failure><reason><message><![CDATA[]]></message></reason><output><![CDATA[]]></output></test-case><test-case id="713" name="tests/tools/test_intersect.py::test_intersect_distincttz[startdates15-H-2020-06-20-00:00-idx-Europe/Berlin]" fullname="tests/tools/test_intersect.py::test_intersect_distincttz[startdates15-H-2020-06-20-00:00-idx-Europe/Berlin]" methodname="test_intersect_distincttz[startdates15-H-2020-06-20-00:00-idx-Europe/Berlin]" classname="tests/tools/test_intersect.py" runstate="Runnable" seed="1" result="Passed" label="Test if intersection of indices with distinct timezones gives correct result." start-time="2024-02-05 13:01:40.126579" end-time="2024-02-05 13:01:40.127178" duration="0.000599" asserts="0"><properties><property name="python-version" value="3.11.7 (main, Dec  4 2023, 18:10:11) [Clang 15.0.0 (clang-1500.1.0.2.5)]" /><property name="fspath" value="tests/tools/test_intersect.py" /></properties><environment framework-version="3.6.2" clr-version="3.11.7 (main, Dec  4 2023, 18:10:11) [Clang 15.0.0 (clang-1500.1.0.2.5)]" os-version="23.3.0" platform="Darwin" cwd="/Users/ruud.wijtvliet/python/portfolyo" machine-name="arm64" user="" user-domain="" culture="en-US" uiculture="en-US" os-architecture="64bit" /><failure><message><![CDATA[]]></message><stack-trace><![CDATA[None]]></stack-trace></failure><reason><message><![CDATA[]]></message></reason><output><![CDATA[]]></output></test-case><test-case id="714" name="tests/tools/test_intersect.py::test_intersect_distincttz[startdates15-H-2020-06-20-00:00-idx-Asia/Kolkata]" fullname="tests/tools/test_intersect.py::test_intersect_distincttz[startdates15-H-2020-06-20-00:00-idx-Asia/Kolkata]" methodname="test_intersect_distincttz[startdates15-H-2020-06-20-00:00-idx-Asia/Kolkata]" classname="tests/tools/test_intersect.py" runstate="Runnable" seed="1" result="Passed" label="Test if intersection of indices with distinct timezones gives correct result." start-time="2024-02-05 13:01:40.127610" end-time="2024-02-05 13:01:40.128172" duration="0.000562" asserts="0"><properties><property name="python-version" value="3.11.7 (main, Dec  4 2023, 18:10:11) [Clang 15.0.0 (clang-1500.1.0.2.5)]" /><property name="fspath" value="tests/tools/test_intersect.py" /></properties><environment framework-version="3.6.2" clr-version="3.11.7 (main, Dec  4 2023, 18:10:11) [Clang 15.0.0 (clang-1500.1.0.2.5)]" os-version="23.3.0" platform="Darwin" cwd="/Users/ruud.wijtvliet/python/portfolyo" machine-name="arm64" user="" user-domain="" culture="en-US" uiculture="en-US" os-architecture="64bit" /><failure><message><![CDATA[]]></message><stack-trace><![CDATA[None]]></stack-trace></failure><reason><message><![CDATA[]]></message></reason><output><![CDATA[]]></output></test-case><test-case id="715" name="tests/tools/test_intersect.py::test_intersect_distincttz[startdates15-H-2020-06-20-00:00-fr-None]" fullname="tests/tools/test_intersect.py::test_intersect_distincttz[startdates15-H-2020-06-20-00:00-fr-None]" methodname="test_intersect_distincttz[startdates15-H-2020-06-20-00:00-fr-None]" classname="tests/tools/test_intersect.py" runstate="Runnable" seed="1" result="Passed" label="Test if intersection of indices with distinct timezones gives correct result." start-time="2024-02-05 13:01:40.128595" end-time="2024-02-05 13:01:40.129351" duration="0.000756" asserts="0"><properties><property name="python-version" value="3.11.7 (main, Dec  4 2023, 18:10:11) [Clang 15.0.0 (clang-1500.1.0.2.5)]" /><property name="fspath" value="tests/tools/test_intersect.py" /></properties><environment framework-version="3.6.2" clr-version="3.11.7 (main, Dec  4 2023, 18:10:11) [Clang 15.0.0 (clang-1500.1.0.2.5)]" os-version="23.3.0" platform="Darwin" cwd="/Users/ruud.wijtvliet/python/portfolyo" machine-name="arm64" user="" user-domain="" culture="en-US" uiculture="en-US" os-architecture="64bit" /><failure><message><![CDATA[]]></message><stack-trace><![CDATA[None]]></stack-trace></failure><reason><message><![CDATA[]]></message></reason><output><![CDATA[]]></output></test-case><test-case id="716" name="tests/tools/test_intersect.py::test_intersect_distincttz[startdates15-H-2020-06-20-00:00-fr-Europe/Berlin]" fullname="tests/tools/test_intersect.py::test_intersect_distincttz[startdates15-H-2020-06-20-00:00-fr-Europe/Berlin]" methodname="test_intersect_distincttz[startdates15-H-2020-06-20-00:00-fr-Europe/Berlin]" classname="tests/tools/test_intersect.py" runstate="Runnable" seed="1" result="Passed" label="Test if intersection of indices with distinct timezones gives correct result." start-time="2024-02-05 13:01:40.129769" end-time="2024-02-05 13:01:40.130592" duration="0.000823" asserts="0"><properties><property name="python-version" value="3.11.7 (main, Dec  4 2023, 18:10:11) [Clang 15.0.0 (clang-1500.1.0.2.5)]" /><property name="fspath" value="tests/tools/test_intersect.py" /></properties><environment framework-version="3.6.2" clr-version="3.11.7 (main, Dec  4 2023, 18:10:11) [Clang 15.0.0 (clang-1500.1.0.2.5)]" os-version="23.3.0" platform="Darwin" cwd="/Users/ruud.wijtvliet/python/portfolyo" machine-name="arm64" user="" user-domain="" culture="en-US" uiculture="en-US" os-architecture="64bit" /><failure><message><![CDATA[]]></message><stack-trace><![CDATA[None]]></stack-trace></failure><reason><message><![CDATA[]]></message></reason><output><![CDATA[]]></output></test-case><test-case id="717" name="tests/tools/test_intersect.py::test_intersect_distincttz[startdates15-H-2020-06-20-00:00-fr-Asia/Kolkata]" fullname="tests/tools/test_intersect.py::test_intersect_distincttz[startdates15-H-2020-06-20-00:00-fr-Asia/Kolkata]" methodname="test_intersect_distincttz[startdates15-H-2020-06-20-00:00-fr-Asia/Kolkata]" classname="tests/tools/test_intersect.py" runstate="Runnable" seed="1" result="Passed" label="Test if intersection of indices with distinct timezones gives correct result." start-time="2024-02-05 13:01:40.131053" end-time="2024-02-05 13:01:40.131907" duration="0.000854" asserts="0"><properties><property name="python-version" value="3.11.7 (main, Dec  4 2023, 18:10:11) [Clang 15.0.0 (clang-1500.1.0.2.5)]" /><property name="fspath" value="tests/tools/test_intersect.py" /></properties><environment framework-version="3.6.2" clr-version="3.11.7 (main, Dec  4 2023, 18:10:11) [Clang 15.0.0 (clang-1500.1.0.2.5)]" os-version="23.3.0" platform="Darwin" cwd="/Users/ruud.wijtvliet/python/portfolyo" machine-name="arm64" user="" user-domain="" culture="en-US" uiculture="en-US" os-architecture="64bit" /><failure><message><![CDATA[]]></message><stack-trace><![CDATA[None]]></stack-trace></failure><reason><message><![CDATA[]]></message></reason><output><![CDATA[]]></output></test-case><test-case id="718" name="tests/tools/test_intersect.py::test_intersect_distincttz[startdates15-H-2020-06-20-06:00-idx-None]" fullname="tests/tools/test_intersect.py::test_intersect_distincttz[startdates15-H-2020-06-20-06:00-idx-None]" methodname="test_intersect_distincttz[startdates15-H-2020-06-20-06:00-idx-None]" classname="tests/tools/test_intersect.py" runstate="Runnable" seed="1" result="Passed" label="Test if intersection of indices with distinct timezones gives correct result." start-time="2024-02-05 13:01:40.132397" end-time="2024-02-05 13:01:40.133046" duration="0.000649" asserts="0"><properties><property name="python-version" value="3.11.7 (main, Dec  4 2023, 18:10:11) [Clang 15.0.0 (clang-1500.1.0.2.5)]" /><property name="fspath" value="tests/tools/test_intersect.py" /></properties><environment framework-version="3.6.2" clr-version="3.11.7 (main, Dec  4 2023, 18:10:11) [Clang 15.0.0 (clang-1500.1.0.2.5)]" os-version="23.3.0" platform="Darwin" cwd="/Users/ruud.wijtvliet/python/portfolyo" machine-name="arm64" user="" user-domain="" culture="en-US" uiculture="en-US" os-architecture="64bit" /><failure><message><![CDATA[]]></message><stack-trace><![CDATA[None]]></stack-trace></failure><reason><message><![CDATA[]]></message></reason><output><![CDATA[]]></output></test-case><test-case id="719" name="tests/tools/test_intersect.py::test_intersect_distincttz[startdates15-H-2020-06-20-06:00-idx-Europe/Berlin]" fullname="tests/tools/test_intersect.py::test_intersect_distincttz[startdates15-H-2020-06-20-06:00-idx-Europe/Berlin]" methodname="test_intersect_distincttz[startdates15-H-2020-06-20-06:00-idx-Europe/Berlin]" classname="tests/tools/test_intersect.py" runstate="Runnable" seed="1" result="Passed" label="Test if intersection of indices with distinct timezones gives correct result." start-time="2024-02-05 13:01:40.133505" end-time="2024-02-05 13:01:40.134087" duration="0.000582" asserts="0"><properties><property name="python-version" value="3.11.7 (main, Dec  4 2023, 18:10:11) [Clang 15.0.0 (clang-1500.1.0.2.5)]" /><property name="fspath" value="tests/tools/test_intersect.py" /></properties><environment framework-version="3.6.2" clr-version="3.11.7 (main, Dec  4 2023, 18:10:11) [Clang 15.0.0 (clang-1500.1.0.2.5)]" os-version="23.3.0" platform="Darwin" cwd="/Users/ruud.wijtvliet/python/portfolyo" machine-name="arm64" user="" user-domain="" culture="en-US" uiculture="en-US" os-architecture="64bit" /><failure><message><![CDATA[]]></message><stack-trace><![CDATA[None]]></stack-trace></failure><reason><message><![CDATA[]]></message></reason><output><![CDATA[]]></output></test-case><test-case id="720" name="tests/tools/test_intersect.py::test_intersect_distincttz[startdates15-H-2020-06-20-06:00-idx-Asia/Kolkata]" fullname="tests/tools/test_intersect.py::test_intersect_distincttz[startdates15-H-2020-06-20-06:00-idx-Asia/Kolkata]" methodname="test_intersect_distincttz[startdates15-H-2020-06-20-06:00-idx-Asia/Kolkata]" classname="tests/tools/test_intersect.py" runstate="Runnable" seed="1" result="Passed" label="Test if intersection of indices with distinct timezones gives correct result." start-time="2024-02-05 13:01:40.134566" end-time="2024-02-05 13:01:40.135176" duration="0.00061" asserts="0"><properties><property name="python-version" value="3.11.7 (main, Dec  4 2023, 18:10:11) [Clang 15.0.0 (clang-1500.1.0.2.5)]" /><property name="fspath" value="tests/tools/test_intersect.py" /></properties><environment framework-version="3.6.2" clr-version="3.11.7 (main, Dec  4 2023, 18:10:11) [Clang 15.0.0 (clang-1500.1.0.2.5)]" os-version="23.3.0" platform="Darwin" cwd="/Users/ruud.wijtvliet/python/portfolyo" machine-name="arm64" user="" user-domain="" culture="en-US" uiculture="en-US" os-architecture="64bit" /><failure><message><![CDATA[]]></message><stack-trace><![CDATA[None]]></stack-trace></failure><reason><message><![CDATA[]]></message></reason><output><![CDATA[]]></output></test-case><test-case id="721" name="tests/tools/test_intersect.py::test_intersect_distincttz[startdates15-H-2020-06-20-06:00-fr-None]" fullname="tests/tools/test_intersect.py::test_intersect_distincttz[startdates15-H-2020-06-20-06:00-fr-None]" methodname="test_intersect_distincttz[startdates15-H-2020-06-20-06:00-fr-None]" classname="tests/tools/test_intersect.py" runstate="Runnable" seed="1" result="Passed" label="Test if intersection of indices with distinct timezones gives correct result." start-time="2024-02-05 13:01:40.135620" end-time="2024-02-05 13:01:40.136412" duration="0.000792" asserts="0"><properties><property name="python-version" value="3.11.7 (main, Dec  4 2023, 18:10:11) [Clang 15.0.0 (clang-1500.1.0.2.5)]" /><property name="fspath" value="tests/tools/test_intersect.py" /></properties><environment framework-version="3.6.2" clr-version="3.11.7 (main, Dec  4 2023, 18:10:11) [Clang 15.0.0 (clang-1500.1.0.2.5)]" os-version="23.3.0" platform="Darwin" cwd="/Users/ruud.wijtvliet/python/portfolyo" machine-name="arm64" user="" user-domain="" culture="en-US" uiculture="en-US" os-architecture="64bit" /><failure><message><![CDATA[]]></message><stack-trace><![CDATA[None]]></stack-trace></failure><reason><message><![CDATA[]]></message></reason><output><![CDATA[]]></output></test-case><test-case id="722" name="tests/tools/test_intersect.py::test_intersect_distincttz[startdates15-H-2020-06-20-06:00-fr-Europe/Berlin]" fullname="tests/tools/test_intersect.py::test_intersect_distincttz[startdates15-H-2020-06-20-06:00-fr-Europe/Berlin]" methodname="test_intersect_distincttz[startdates15-H-2020-06-20-06:00-fr-Europe/Berlin]" classname="tests/tools/test_intersect.py" runstate="Runnable" seed="1" result="Passed" label="Test if intersection of indices with distinct timezones gives correct result." start-time="2024-02-05 13:01:40.136856" end-time="2024-02-05 13:01:40.137598" duration="0.000742" asserts="0"><properties><property name="python-version" value="3.11.7 (main, Dec  4 2023, 18:10:11) [Clang 15.0.0 (clang-1500.1.0.2.5)]" /><property name="fspath" value="tests/tools/test_intersect.py" /></properties><environment framework-version="3.6.2" clr-version="3.11.7 (main, Dec  4 2023, 18:10:11) [Clang 15.0.0 (clang-1500.1.0.2.5)]" os-version="23.3.0" platform="Darwin" cwd="/Users/ruud.wijtvliet/python/portfolyo" machine-name="arm64" user="" user-domain="" culture="en-US" uiculture="en-US" os-architecture="64bit" /><failure><message><![CDATA[]]></message><stack-trace><![CDATA[None]]></stack-trace></failure><reason><message><![CDATA[]]></message></reason><output><![CDATA[]]></output></test-case><test-case id="723" name="tests/tools/test_intersect.py::test_intersect_distincttz[startdates15-H-2020-06-20-06:00-fr-Asia/Kolkata]" fullname="tests/tools/test_intersect.py::test_intersect_distincttz[startdates15-H-2020-06-20-06:00-fr-Asia/Kolkata]" methodname="test_intersect_distincttz[startdates15-H-2020-06-20-06:00-fr-Asia/Kolkata]" classname="tests/tools/test_intersect.py" runstate="Runnable" seed="1" result="Passed" label="Test if intersection of indices with distinct timezones gives correct result." start-time="2024-02-05 13:01:40.138148" end-time="2024-02-05 13:01:40.139002" duration="0.000854" asserts="0"><properties><property name="python-version" value="3.11.7 (main, Dec  4 2023, 18:10:11) [Clang 15.0.0 (clang-1500.1.0.2.5)]" /><property name="fspath" value="tests/tools/test_intersect.py" /></properties><environment framework-version="3.6.2" clr-version="3.11.7 (main, Dec  4 2023, 18:10:11) [Clang 15.0.0 (clang-1500.1.0.2.5)]" os-version="23.3.0" platform="Darwin" cwd="/Users/ruud.wijtvliet/python/portfolyo" machine-name="arm64" user="" user-domain="" culture="en-US" uiculture="en-US" os-architecture="64bit" /><failure><message><![CDATA[]]></message><stack-trace><![CDATA[None]]></stack-trace></failure><reason><message><![CDATA[]]></message></reason><output><![CDATA[]]></output></test-case><test-case id="724" name="tests/tools/test_intersect.py::test_intersect_distincttz[startdates16-D-2020-06-20-00:00-idx-None]" fullname="tests/tools/test_intersect.py::test_intersect_distincttz[startdates16-D-2020-06-20-00:00-idx-None]" methodname="test_intersect_distincttz[startdates16-D-2020-06-20-00:00-idx-None]" classname="tests/tools/test_intersect.py" runstate="Runnable" seed="1" result="Passed" label="Test if intersection of indices with distinct timezones gives correct result." start-time="2024-02-05 13:01:40.139447" end-time="2024-02-05 13:01:40.140071" duration="0.000624" asserts="0"><properties><property name="python-version" value="3.11.7 (main, Dec  4 2023, 18:10:11) [Clang 15.0.0 (clang-1500.1.0.2.5)]" /><property name="fspath" value="tests/tools/test_intersect.py" /></properties><environment framework-version="3.6.2" clr-version="3.11.7 (main, Dec  4 2023, 18:10:11) [Clang 15.0.0 (clang-1500.1.0.2.5)]" os-version="23.3.0" platform="Darwin" cwd="/Users/ruud.wijtvliet/python/portfolyo" machine-name="arm64" user="" user-domain="" culture="en-US" uiculture="en-US" os-architecture="64bit" /><failure><message><![CDATA[]]></message><stack-trace><![CDATA[None]]></stack-trace></failure><reason><message><![CDATA[]]></message></reason><output><![CDATA[]]></output></test-case><test-case id="725" name="tests/tools/test_intersect.py::test_intersect_distincttz[startdates16-D-2020-06-20-00:00-idx-Europe/Berlin]" fullname="tests/tools/test_intersect.py::test_intersect_distincttz[startdates16-D-2020-06-20-00:00-idx-Europe/Berlin]" methodname="test_intersect_distincttz[startdates16-D-2020-06-20-00:00-idx-Europe/Berlin]" classname="tests/tools/test_intersect.py" runstate="Runnable" seed="1" result="Passed" label="Test if intersection of indices with distinct timezones gives correct result." start-time="2024-02-05 13:01:40.140483" end-time="2024-02-05 13:01:40.141112" duration="0.000629" asserts="0"><properties><property name="python-version" value="3.11.7 (main, Dec  4 2023, 18:10:11) [Clang 15.0.0 (clang-1500.1.0.2.5)]" /><property name="fspath" value="tests/tools/test_intersect.py" /></properties><environment framework-version="3.6.2" clr-version="3.11.7 (main, Dec  4 2023, 18:10:11) [Clang 15.0.0 (clang-1500.1.0.2.5)]" os-version="23.3.0" platform="Darwin" cwd="/Users/ruud.wijtvliet/python/portfolyo" machine-name="arm64" user="" user-domain="" culture="en-US" uiculture="en-US" os-architecture="64bit" /><failure><message><![CDATA[]]></message><stack-trace><![CDATA[None]]></stack-trace></failure><reason><message><![CDATA[]]></message></reason><output><![CDATA[]]></output></test-case><test-case id="726" name="tests/tools/test_intersect.py::test_intersect_distincttz[startdates16-D-2020-06-20-00:00-idx-Asia/Kolkata]" fullname="tests/tools/test_intersect.py::test_intersect_distincttz[startdates16-D-2020-06-20-00:00-idx-Asia/Kolkata]" methodname="test_intersect_distincttz[startdates16-D-2020-06-20-00:00-idx-Asia/Kolkata]" classname="tests/tools/test_intersect.py" runstate="Runnable" seed="1" result="Passed" label="Test if intersection of indices with distinct timezones gives correct result." start-time="2024-02-05 13:01:40.141523" end-time="2024-02-05 13:01:40.142275" duration="0.000752" asserts="0"><properties><property name="python-version" value="3.11.7 (main, Dec  4 2023, 18:10:11) [Clang 15.0.0 (clang-1500.1.0.2.5)]" /><property name="fspath" value="tests/tools/test_intersect.py" /></properties><environment framework-version="3.6.2" clr-version="3.11.7 (main, Dec  4 2023, 18:10:11) [Clang 15.0.0 (clang-1500.1.0.2.5)]" os-version="23.3.0" platform="Darwin" cwd="/Users/ruud.wijtvliet/python/portfolyo" machine-name="arm64" user="" user-domain="" culture="en-US" uiculture="en-US" os-architecture="64bit" /><failure><message><![CDATA[]]></message><stack-trace><![CDATA[None]]></stack-trace></failure><reason><message><![CDATA[]]></message></reason><output><![CDATA[]]></output></test-case><test-case id="727" name="tests/tools/test_intersect.py::test_intersect_distincttz[startdates16-D-2020-06-20-00:00-fr-None]" fullname="tests/tools/test_intersect.py::test_intersect_distincttz[startdates16-D-2020-06-20-00:00-fr-None]" methodname="test_intersect_distincttz[startdates16-D-2020-06-20-00:00-fr-None]" classname="tests/tools/test_intersect.py" runstate="Runnable" seed="1" result="Passed" label="Test if intersection of indices with distinct timezones gives correct result." start-time="2024-02-05 13:01:40.142695" end-time="2024-02-05 13:01:40.143481" duration="0.000786" asserts="0"><properties><property name="python-version" value="3.11.7 (main, Dec  4 2023, 18:10:11) [Clang 15.0.0 (clang-1500.1.0.2.5)]" /><property name="fspath" value="tests/tools/test_intersect.py" /></properties><environment framework-version="3.6.2" clr-version="3.11.7 (main, Dec  4 2023, 18:10:11) [Clang 15.0.0 (clang-1500.1.0.2.5)]" os-version="23.3.0" platform="Darwin" cwd="/Users/ruud.wijtvliet/python/portfolyo" machine-name="arm64" user="" user-domain="" culture="en-US" uiculture="en-US" os-architecture="64bit" /><failure><message><![CDATA[]]></message><stack-trace><![CDATA[None]]></stack-trace></failure><reason><message><![CDATA[]]></message></reason><output><![CDATA[]]></output></test-case><test-case id="728" name="tests/tools/test_intersect.py::test_intersect_distincttz[startdates16-D-2020-06-20-00:00-fr-Europe/Berlin]" fullname="tests/tools/test_intersect.py::test_intersect_distincttz[startdates16-D-2020-06-20-00:00-fr-Europe/Berlin]" methodname="test_intersect_distincttz[startdates16-D-2020-06-20-00:00-fr-Europe/Berlin]" classname="tests/tools/test_intersect.py" runstate="Runnable" seed="1" result="Passed" label="Test if intersection of indices with distinct timezones gives correct result." start-time="2024-02-05 13:01:40.143914" end-time="2024-02-05 13:01:40.144720" duration="0.000806" asserts="0"><properties><property name="python-version" value="3.11.7 (main, Dec  4 2023, 18:10:11) [Clang 15.0.0 (clang-1500.1.0.2.5)]" /><property name="fspath" value="tests/tools/test_intersect.py" /></properties><environment framework-version="3.6.2" clr-version="3.11.7 (main, Dec  4 2023, 18:10:11) [Clang 15.0.0 (clang-1500.1.0.2.5)]" os-version="23.3.0" platform="Darwin" cwd="/Users/ruud.wijtvliet/python/portfolyo" machine-name="arm64" user="" user-domain="" culture="en-US" uiculture="en-US" os-architecture="64bit" /><failure><message><![CDATA[]]></message><stack-trace><![CDATA[None]]></stack-trace></failure><reason><message><![CDATA[]]></message></reason><output><![CDATA[]]></output></test-case><test-case id="729" name="tests/tools/test_intersect.py::test_intersect_distincttz[startdates16-D-2020-06-20-00:00-fr-Asia/Kolkata]" fullname="tests/tools/test_intersect.py::test_intersect_distincttz[startdates16-D-2020-06-20-00:00-fr-Asia/Kolkata]" methodname="test_intersect_distincttz[startdates16-D-2020-06-20-00:00-fr-Asia/Kolkata]" classname="tests/tools/test_intersect.py" runstate="Runnable" seed="1" result="Passed" label="Test if intersection of indices with distinct timezones gives correct result." start-time="2024-02-05 13:01:40.145140" end-time="2024-02-05 13:01:40.146059" duration="0.000919" asserts="0"><properties><property name="python-version" value="3.11.7 (main, Dec  4 2023, 18:10:11) [Clang 15.0.0 (clang-1500.1.0.2.5)]" /><property name="fspath" value="tests/tools/test_intersect.py" /></properties><environment framework-version="3.6.2" clr-version="3.11.7 (main, Dec  4 2023, 18:10:11) [Clang 15.0.0 (clang-1500.1.0.2.5)]" os-version="23.3.0" platform="Darwin" cwd="/Users/ruud.wijtvliet/python/portfolyo" machine-name="arm64" user="" user-domain="" culture="en-US" uiculture="en-US" os-architecture="64bit" /><failure><message><![CDATA[]]></message><stack-trace><![CDATA[None]]></stack-trace></failure><reason><message><![CDATA[]]></message></reason><output><![CDATA[]]></output></test-case><test-case id="730" name="tests/tools/test_intersect.py::test_intersect_distincttz[startdates16-D-2020-06-20-06:00-idx-None]" fullname="tests/tools/test_intersect.py::test_intersect_distincttz[startdates16-D-2020-06-20-06:00-idx-None]" methodname="test_intersect_distincttz[startdates16-D-2020-06-20-06:00-idx-None]" classname="tests/tools/test_intersect.py" runstate="Runnable" seed="1" result="Passed" label="Test if intersection of indices with distinct timezones gives correct result." start-time="2024-02-05 13:01:40.146483" end-time="2024-02-05 13:01:40.147108" duration="0.000625" asserts="0"><properties><property name="python-version" value="3.11.7 (main, Dec  4 2023, 18:10:11) [Clang 15.0.0 (clang-1500.1.0.2.5)]" /><property name="fspath" value="tests/tools/test_intersect.py" /></properties><environment framework-version="3.6.2" clr-version="3.11.7 (main, Dec  4 2023, 18:10:11) [Clang 15.0.0 (clang-1500.1.0.2.5)]" os-version="23.3.0" platform="Darwin" cwd="/Users/ruud.wijtvliet/python/portfolyo" machine-name="arm64" user="" user-domain="" culture="en-US" uiculture="en-US" os-architecture="64bit" /><failure><message><![CDATA[]]></message><stack-trace><![CDATA[None]]></stack-trace></failure><reason><message><![CDATA[]]></message></reason><output><![CDATA[]]></output></test-case><test-case id="731" name="tests/tools/test_intersect.py::test_intersect_distincttz[startdates16-D-2020-06-20-06:00-idx-Europe/Berlin]" fullname="tests/tools/test_intersect.py::test_intersect_distincttz[startdates16-D-2020-06-20-06:00-idx-Europe/Berlin]" methodname="test_intersect_distincttz[startdates16-D-2020-06-20-06:00-idx-Europe/Berlin]" classname="tests/tools/test_intersect.py" runstate="Runnable" seed="1" result="Passed" label="Test if intersection of indices with distinct timezones gives correct result." start-time="2024-02-05 13:01:40.147514" end-time="2024-02-05 13:01:40.148540" duration="0.001026" asserts="0"><properties><property name="python-version" value="3.11.7 (main, Dec  4 2023, 18:10:11) [Clang 15.0.0 (clang-1500.1.0.2.5)]" /><property name="fspath" value="tests/tools/test_intersect.py" /></properties><environment framework-version="3.6.2" clr-version="3.11.7 (main, Dec  4 2023, 18:10:11) [Clang 15.0.0 (clang-1500.1.0.2.5)]" os-version="23.3.0" platform="Darwin" cwd="/Users/ruud.wijtvliet/python/portfolyo" machine-name="arm64" user="" user-domain="" culture="en-US" uiculture="en-US" os-architecture="64bit" /><failure><message><![CDATA[]]></message><stack-trace><![CDATA[None]]></stack-trace></failure><reason><message><![CDATA[]]></message></reason><output><![CDATA[]]></output></test-case><test-case id="732" name="tests/tools/test_intersect.py::test_intersect_distincttz[startdates16-D-2020-06-20-06:00-idx-Asia/Kolkata]" fullname="tests/tools/test_intersect.py::test_intersect_distincttz[startdates16-D-2020-06-20-06:00-idx-Asia/Kolkata]" methodname="test_intersect_distincttz[startdates16-D-2020-06-20-06:00-idx-Asia/Kolkata]" classname="tests/tools/test_intersect.py" runstate="Runnable" seed="1" result="Passed" label="Test if intersection of indices with distinct timezones gives correct result." start-time="2024-02-05 13:01:40.149113" end-time="2024-02-05 13:01:40.149970" duration="0.000857" asserts="0"><properties><property name="python-version" value="3.11.7 (main, Dec  4 2023, 18:10:11) [Clang 15.0.0 (clang-1500.1.0.2.5)]" /><property name="fspath" value="tests/tools/test_intersect.py" /></properties><environment framework-version="3.6.2" clr-version="3.11.7 (main, Dec  4 2023, 18:10:11) [Clang 15.0.0 (clang-1500.1.0.2.5)]" os-version="23.3.0" platform="Darwin" cwd="/Users/ruud.wijtvliet/python/portfolyo" machine-name="arm64" user="" user-domain="" culture="en-US" uiculture="en-US" os-architecture="64bit" /><failure><message><![CDATA[]]></message><stack-trace><![CDATA[None]]></stack-trace></failure><reason><message><![CDATA[]]></message></reason><output><![CDATA[]]></output></test-case><test-case id="733" name="tests/tools/test_intersect.py::test_intersect_distincttz[startdates16-D-2020-06-20-06:00-fr-None]" fullname="tests/tools/test_intersect.py::test_intersect_distincttz[startdates16-D-2020-06-20-06:00-fr-None]" methodname="test_intersect_distincttz[startdates16-D-2020-06-20-06:00-fr-None]" classname="tests/tools/test_intersect.py" runstate="Runnable" seed="1" result="Passed" label="Test if intersection of indices with distinct timezones gives correct result." start-time="2024-02-05 13:01:40.150427" end-time="2024-02-05 13:01:40.151317" duration="0.00089" asserts="0"><properties><property name="python-version" value="3.11.7 (main, Dec  4 2023, 18:10:11) [Clang 15.0.0 (clang-1500.1.0.2.5)]" /><property name="fspath" value="tests/tools/test_intersect.py" /></properties><environment framework-version="3.6.2" clr-version="3.11.7 (main, Dec  4 2023, 18:10:11) [Clang 15.0.0 (clang-1500.1.0.2.5)]" os-version="23.3.0" platform="Darwin" cwd="/Users/ruud.wijtvliet/python/portfolyo" machine-name="arm64" user="" user-domain="" culture="en-US" uiculture="en-US" os-architecture="64bit" /><failure><message><![CDATA[]]></message><stack-trace><![CDATA[None]]></stack-trace></failure><reason><message><![CDATA[]]></message></reason><output><![CDATA[]]></output></test-case><test-case id="734" name="tests/tools/test_intersect.py::test_intersect_distincttz[startdates16-D-2020-06-20-06:00-fr-Europe/Berlin]" fullname="tests/tools/test_intersect.py::test_intersect_distincttz[startdates16-D-2020-06-20-06:00-fr-Europe/Berlin]" methodname="test_intersect_distincttz[startdates16-D-2020-06-20-06:00-fr-Europe/Berlin]" classname="tests/tools/test_intersect.py" runstate="Runnable" seed="1" result="Passed" label="Test if intersection of indices with distinct timezones gives correct result." start-time="2024-02-05 13:01:40.151749" end-time="2024-02-05 13:01:40.152599" duration="0.00085" asserts="0"><properties><property name="python-version" value="3.11.7 (main, Dec  4 2023, 18:10:11) [Clang 15.0.0 (clang-1500.1.0.2.5)]" /><property name="fspath" value="tests/tools/test_intersect.py" /></properties><environment framework-version="3.6.2" clr-version="3.11.7 (main, Dec  4 2023, 18:10:11) [Clang 15.0.0 (clang-1500.1.0.2.5)]" os-version="23.3.0" platform="Darwin" cwd="/Users/ruud.wijtvliet/python/portfolyo" machine-name="arm64" user="" user-domain="" culture="en-US" uiculture="en-US" os-architecture="64bit" /><failure><message><![CDATA[]]></message><stack-trace><![CDATA[None]]></stack-trace></failure><reason><message><![CDATA[]]></message></reason><output><![CDATA[]]></output></test-case><test-case id="735" name="tests/tools/test_intersect.py::test_intersect_distincttz[startdates16-D-2020-06-20-06:00-fr-Asia/Kolkata]" fullname="tests/tools/test_intersect.py::test_intersect_distincttz[startdates16-D-2020-06-20-06:00-fr-Asia/Kolkata]" methodname="test_intersect_distincttz[startdates16-D-2020-06-20-06:00-fr-Asia/Kolkata]" classname="tests/tools/test_intersect.py" runstate="Runnable" seed="1" result="Passed" label="Test if intersection of indices with distinct timezones gives correct result." start-time="2024-02-05 13:01:40.153048" end-time="2024-02-05 13:01:40.154205" duration="0.001157" asserts="0"><properties><property name="python-version" value="3.11.7 (main, Dec  4 2023, 18:10:11) [Clang 15.0.0 (clang-1500.1.0.2.5)]" /><property name="fspath" value="tests/tools/test_intersect.py" /></properties><environment framework-version="3.6.2" clr-version="3.11.7 (main, Dec  4 2023, 18:10:11) [Clang 15.0.0 (clang-1500.1.0.2.5)]" os-version="23.3.0" platform="Darwin" cwd="/Users/ruud.wijtvliet/python/portfolyo" machine-name="arm64" user="" user-domain="" culture="en-US" uiculture="en-US" os-architecture="64bit" /><failure><message><![CDATA[]]></message><stack-trace><![CDATA[None]]></stack-trace></failure><reason><message><![CDATA[]]></message></reason><output><![CDATA[]]></output></test-case><test-case id="736" name="tests/tools/test_intersect.py::test_intersect_distincttz[startdates17-D-2020-06-20-00:00-idx-None]" fullname="tests/tools/test_intersect.py::test_intersect_distincttz[startdates17-D-2020-06-20-00:00-idx-None]" methodname="test_intersect_distincttz[startdates17-D-2020-06-20-00:00-idx-None]" classname="tests/tools/test_intersect.py" runstate="Runnable" seed="1" result="Passed" label="Test if intersection of indices with distinct timezones gives correct result." start-time="2024-02-05 13:01:40.154718" end-time="2024-02-05 13:01:40.155408" duration="0.00069" asserts="0"><properties><property name="python-version" value="3.11.7 (main, Dec  4 2023, 18:10:11) [Clang 15.0.0 (clang-1500.1.0.2.5)]" /><property name="fspath" value="tests/tools/test_intersect.py" /></properties><environment framework-version="3.6.2" clr-version="3.11.7 (main, Dec  4 2023, 18:10:11) [Clang 15.0.0 (clang-1500.1.0.2.5)]" os-version="23.3.0" platform="Darwin" cwd="/Users/ruud.wijtvliet/python/portfolyo" machine-name="arm64" user="" user-domain="" culture="en-US" uiculture="en-US" os-architecture="64bit" /><failure><message><![CDATA[]]></message><stack-trace><![CDATA[None]]></stack-trace></failure><reason><message><![CDATA[]]></message></reason><output><![CDATA[]]></output></test-case><test-case id="737" name="tests/tools/test_intersect.py::test_intersect_distincttz[startdates17-D-2020-06-20-00:00-idx-Europe/Berlin]" fullname="tests/tools/test_intersect.py::test_intersect_distincttz[startdates17-D-2020-06-20-00:00-idx-Europe/Berlin]" methodname="test_intersect_distincttz[startdates17-D-2020-06-20-00:00-idx-Europe/Berlin]" classname="tests/tools/test_intersect.py" runstate="Runnable" seed="1" result="Passed" label="Test if intersection of indices with distinct timezones gives correct result." start-time="2024-02-05 13:01:40.155848" end-time="2024-02-05 13:01:40.156516" duration="0.000668" asserts="0"><properties><property name="python-version" value="3.11.7 (main, Dec  4 2023, 18:10:11) [Clang 15.0.0 (clang-1500.1.0.2.5)]" /><property name="fspath" value="tests/tools/test_intersect.py" /></properties><environment framework-version="3.6.2" clr-version="3.11.7 (main, Dec  4 2023, 18:10:11) [Clang 15.0.0 (clang-1500.1.0.2.5)]" os-version="23.3.0" platform="Darwin" cwd="/Users/ruud.wijtvliet/python/portfolyo" machine-name="arm64" user="" user-domain="" culture="en-US" uiculture="en-US" os-architecture="64bit" /><failure><message><![CDATA[]]></message><stack-trace><![CDATA[None]]></stack-trace></failure><reason><message><![CDATA[]]></message></reason><output><![CDATA[]]></output></test-case><test-case id="738" name="tests/tools/test_intersect.py::test_intersect_distincttz[startdates17-D-2020-06-20-00:00-idx-Asia/Kolkata]" fullname="tests/tools/test_intersect.py::test_intersect_distincttz[startdates17-D-2020-06-20-00:00-idx-Asia/Kolkata]" methodname="test_intersect_distincttz[startdates17-D-2020-06-20-00:00-idx-Asia/Kolkata]" classname="tests/tools/test_intersect.py" runstate="Runnable" seed="1" result="Passed" label="Test if intersection of indices with distinct timezones gives correct result." start-time="2024-02-05 13:01:40.156967" end-time="2024-02-05 13:01:40.157742" duration="0.000775" asserts="0"><properties><property name="python-version" value="3.11.7 (main, Dec  4 2023, 18:10:11) [Clang 15.0.0 (clang-1500.1.0.2.5)]" /><property name="fspath" value="tests/tools/test_intersect.py" /></properties><environment framework-version="3.6.2" clr-version="3.11.7 (main, Dec  4 2023, 18:10:11) [Clang 15.0.0 (clang-1500.1.0.2.5)]" os-version="23.3.0" platform="Darwin" cwd="/Users/ruud.wijtvliet/python/portfolyo" machine-name="arm64" user="" user-domain="" culture="en-US" uiculture="en-US" os-architecture="64bit" /><failure><message><![CDATA[]]></message><stack-trace><![CDATA[None]]></stack-trace></failure><reason><message><![CDATA[]]></message></reason><output><![CDATA[]]></output></test-case><test-case id="739" name="tests/tools/test_intersect.py::test_intersect_distincttz[startdates17-D-2020-06-20-00:00-fr-None]" fullname="tests/tools/test_intersect.py::test_intersect_distincttz[startdates17-D-2020-06-20-00:00-fr-None]" methodname="test_intersect_distincttz[startdates17-D-2020-06-20-00:00-fr-None]" classname="tests/tools/test_intersect.py" runstate="Runnable" seed="1" result="Passed" label="Test if intersection of indices with distinct timezones gives correct result." start-time="2024-02-05 13:01:40.158180" end-time="2024-02-05 13:01:40.159047" duration="0.000867" asserts="0"><properties><property name="python-version" value="3.11.7 (main, Dec  4 2023, 18:10:11) [Clang 15.0.0 (clang-1500.1.0.2.5)]" /><property name="fspath" value="tests/tools/test_intersect.py" /></properties><environment framework-version="3.6.2" clr-version="3.11.7 (main, Dec  4 2023, 18:10:11) [Clang 15.0.0 (clang-1500.1.0.2.5)]" os-version="23.3.0" platform="Darwin" cwd="/Users/ruud.wijtvliet/python/portfolyo" machine-name="arm64" user="" user-domain="" culture="en-US" uiculture="en-US" os-architecture="64bit" /><failure><message><![CDATA[]]></message><stack-trace><![CDATA[None]]></stack-trace></failure><reason><message><![CDATA[]]></message></reason><output><![CDATA[]]></output></test-case><test-case id="740" name="tests/tools/test_intersect.py::test_intersect_distincttz[startdates17-D-2020-06-20-00:00-fr-Europe/Berlin]" fullname="tests/tools/test_intersect.py::test_intersect_distincttz[startdates17-D-2020-06-20-00:00-fr-Europe/Berlin]" methodname="test_intersect_distincttz[startdates17-D-2020-06-20-00:00-fr-Europe/Berlin]" classname="tests/tools/test_intersect.py" runstate="Runnable" seed="1" result="Passed" label="Test if intersection of indices with distinct timezones gives correct result." start-time="2024-02-05 13:01:40.159480" end-time="2024-02-05 13:01:40.160334" duration="0.000854" asserts="0"><properties><property name="python-version" value="3.11.7 (main, Dec  4 2023, 18:10:11) [Clang 15.0.0 (clang-1500.1.0.2.5)]" /><property name="fspath" value="tests/tools/test_intersect.py" /></properties><environment framework-version="3.6.2" clr-version="3.11.7 (main, Dec  4 2023, 18:10:11) [Clang 15.0.0 (clang-1500.1.0.2.5)]" os-version="23.3.0" platform="Darwin" cwd="/Users/ruud.wijtvliet/python/portfolyo" machine-name="arm64" user="" user-domain="" culture="en-US" uiculture="en-US" os-architecture="64bit" /><failure><message><![CDATA[]]></message><stack-trace><![CDATA[None]]></stack-trace></failure><reason><message><![CDATA[]]></message></reason><output><![CDATA[]]></output></test-case><test-case id="741" name="tests/tools/test_intersect.py::test_intersect_distincttz[startdates17-D-2020-06-20-00:00-fr-Asia/Kolkata]" fullname="tests/tools/test_intersect.py::test_intersect_distincttz[startdates17-D-2020-06-20-00:00-fr-Asia/Kolkata]" methodname="test_intersect_distincttz[startdates17-D-2020-06-20-00:00-fr-Asia/Kolkata]" classname="tests/tools/test_intersect.py" runstate="Runnable" seed="1" result="Passed" label="Test if intersection of indices with distinct timezones gives correct result." start-time="2024-02-05 13:01:40.160787" end-time="2024-02-05 13:01:40.161923" duration="0.001136" asserts="0"><properties><property name="python-version" value="3.11.7 (main, Dec  4 2023, 18:10:11) [Clang 15.0.0 (clang-1500.1.0.2.5)]" /><property name="fspath" value="tests/tools/test_intersect.py" /></properties><environment framework-version="3.6.2" clr-version="3.11.7 (main, Dec  4 2023, 18:10:11) [Clang 15.0.0 (clang-1500.1.0.2.5)]" os-version="23.3.0" platform="Darwin" cwd="/Users/ruud.wijtvliet/python/portfolyo" machine-name="arm64" user="" user-domain="" culture="en-US" uiculture="en-US" os-architecture="64bit" /><failure><message><![CDATA[]]></message><stack-trace><![CDATA[None]]></stack-trace></failure><reason><message><![CDATA[]]></message></reason><output><![CDATA[]]></output></test-case><test-case id="742" name="tests/tools/test_intersect.py::test_intersect_distincttz[startdates17-D-2020-06-20-06:00-idx-None]" fullname="tests/tools/test_intersect.py::test_intersect_distincttz[startdates17-D-2020-06-20-06:00-idx-None]" methodname="test_intersect_distincttz[startdates17-D-2020-06-20-06:00-idx-None]" classname="tests/tools/test_intersect.py" runstate="Runnable" seed="1" result="Passed" label="Test if intersection of indices with distinct timezones gives correct result." start-time="2024-02-05 13:01:40.162385" end-time="2024-02-05 13:01:40.163108" duration="0.000723" asserts="0"><properties><property name="python-version" value="3.11.7 (main, Dec  4 2023, 18:10:11) [Clang 15.0.0 (clang-1500.1.0.2.5)]" /><property name="fspath" value="tests/tools/test_intersect.py" /></properties><environment framework-version="3.6.2" clr-version="3.11.7 (main, Dec  4 2023, 18:10:11) [Clang 15.0.0 (clang-1500.1.0.2.5)]" os-version="23.3.0" platform="Darwin" cwd="/Users/ruud.wijtvliet/python/portfolyo" machine-name="arm64" user="" user-domain="" culture="en-US" uiculture="en-US" os-architecture="64bit" /><failure><message><![CDATA[]]></message><stack-trace><![CDATA[None]]></stack-trace></failure><reason><message><![CDATA[]]></message></reason><output><![CDATA[]]></output></test-case><test-case id="743" name="tests/tools/test_intersect.py::test_intersect_distincttz[startdates17-D-2020-06-20-06:00-idx-Europe/Berlin]" fullname="tests/tools/test_intersect.py::test_intersect_distincttz[startdates17-D-2020-06-20-06:00-idx-Europe/Berlin]" methodname="test_intersect_distincttz[startdates17-D-2020-06-20-06:00-idx-Europe/Berlin]" classname="tests/tools/test_intersect.py" runstate="Runnable" seed="1" result="Passed" label="Test if intersection of indices with distinct timezones gives correct result." start-time="2024-02-05 13:01:40.163660" end-time="2024-02-05 13:01:40.164451" duration="0.000791" asserts="0"><properties><property name="python-version" value="3.11.7 (main, Dec  4 2023, 18:10:11) [Clang 15.0.0 (clang-1500.1.0.2.5)]" /><property name="fspath" value="tests/tools/test_intersect.py" /></properties><environment framework-version="3.6.2" clr-version="3.11.7 (main, Dec  4 2023, 18:10:11) [Clang 15.0.0 (clang-1500.1.0.2.5)]" os-version="23.3.0" platform="Darwin" cwd="/Users/ruud.wijtvliet/python/portfolyo" machine-name="arm64" user="" user-domain="" culture="en-US" uiculture="en-US" os-architecture="64bit" /><failure><message><![CDATA[]]></message><stack-trace><![CDATA[None]]></stack-trace></failure><reason><message><![CDATA[]]></message></reason><output><![CDATA[]]></output></test-case><test-case id="744" name="tests/tools/test_intersect.py::test_intersect_distincttz[startdates17-D-2020-06-20-06:00-idx-Asia/Kolkata]" fullname="tests/tools/test_intersect.py::test_intersect_distincttz[startdates17-D-2020-06-20-06:00-idx-Asia/Kolkata]" methodname="test_intersect_distincttz[startdates17-D-2020-06-20-06:00-idx-Asia/Kolkata]" classname="tests/tools/test_intersect.py" runstate="Runnable" seed="1" result="Passed" label="Test if intersection of indices with distinct timezones gives correct result." start-time="2024-02-05 13:01:40.164975" end-time="2024-02-05 13:01:40.165961" duration="0.000986" asserts="0"><properties><property name="python-version" value="3.11.7 (main, Dec  4 2023, 18:10:11) [Clang 15.0.0 (clang-1500.1.0.2.5)]" /><property name="fspath" value="tests/tools/test_intersect.py" /></properties><environment framework-version="3.6.2" clr-version="3.11.7 (main, Dec  4 2023, 18:10:11) [Clang 15.0.0 (clang-1500.1.0.2.5)]" os-version="23.3.0" platform="Darwin" cwd="/Users/ruud.wijtvliet/python/portfolyo" machine-name="arm64" user="" user-domain="" culture="en-US" uiculture="en-US" os-architecture="64bit" /><failure><message><![CDATA[]]></message><stack-trace><![CDATA[None]]></stack-trace></failure><reason><message><![CDATA[]]></message></reason><output><![CDATA[]]></output></test-case><test-case id="745" name="tests/tools/test_intersect.py::test_intersect_distincttz[startdates17-D-2020-06-20-06:00-fr-None]" fullname="tests/tools/test_intersect.py::test_intersect_distincttz[startdates17-D-2020-06-20-06:00-fr-None]" methodname="test_intersect_distincttz[startdates17-D-2020-06-20-06:00-fr-None]" classname="tests/tools/test_intersect.py" runstate="Runnable" seed="1" result="Passed" label="Test if intersection of indices with distinct timezones gives correct result." start-time="2024-02-05 13:01:40.166467" end-time="2024-02-05 13:01:40.167512" duration="0.001045" asserts="0"><properties><property name="python-version" value="3.11.7 (main, Dec  4 2023, 18:10:11) [Clang 15.0.0 (clang-1500.1.0.2.5)]" /><property name="fspath" value="tests/tools/test_intersect.py" /></properties><environment framework-version="3.6.2" clr-version="3.11.7 (main, Dec  4 2023, 18:10:11) [Clang 15.0.0 (clang-1500.1.0.2.5)]" os-version="23.3.0" platform="Darwin" cwd="/Users/ruud.wijtvliet/python/portfolyo" machine-name="arm64" user="" user-domain="" culture="en-US" uiculture="en-US" os-architecture="64bit" /><failure><message><![CDATA[]]></message><stack-trace><![CDATA[None]]></stack-trace></failure><reason><message><![CDATA[]]></message></reason><output><![CDATA[]]></output></test-case><test-case id="746" name="tests/tools/test_intersect.py::test_intersect_distincttz[startdates17-D-2020-06-20-06:00-fr-Europe/Berlin]" fullname="tests/tools/test_intersect.py::test_intersect_distincttz[startdates17-D-2020-06-20-06:00-fr-Europe/Berlin]" methodname="test_intersect_distincttz[startdates17-D-2020-06-20-06:00-fr-Europe/Berlin]" classname="tests/tools/test_intersect.py" runstate="Runnable" seed="1" result="Passed" label="Test if intersection of indices with distinct timezones gives correct result." start-time="2024-02-05 13:01:40.167983" end-time="2024-02-05 13:01:40.168847" duration="0.000864" asserts="0"><properties><property name="python-version" value="3.11.7 (main, Dec  4 2023, 18:10:11) [Clang 15.0.0 (clang-1500.1.0.2.5)]" /><property name="fspath" value="tests/tools/test_intersect.py" /></properties><environment framework-version="3.6.2" clr-version="3.11.7 (main, Dec  4 2023, 18:10:11) [Clang 15.0.0 (clang-1500.1.0.2.5)]" os-version="23.3.0" platform="Darwin" cwd="/Users/ruud.wijtvliet/python/portfolyo" machine-name="arm64" user="" user-domain="" culture="en-US" uiculture="en-US" os-architecture="64bit" /><failure><message><![CDATA[]]></message><stack-trace><![CDATA[None]]></stack-trace></failure><reason><message><![CDATA[]]></message></reason><output><![CDATA[]]></output></test-case><test-case id="747" name="tests/tools/test_intersect.py::test_intersect_distincttz[startdates17-D-2020-06-20-06:00-fr-Asia/Kolkata]" fullname="tests/tools/test_intersect.py::test_intersect_distincttz[startdates17-D-2020-06-20-06:00-fr-Asia/Kolkata]" methodname="test_intersect_distincttz[startdates17-D-2020-06-20-06:00-fr-Asia/Kolkata]" classname="tests/tools/test_intersect.py" runstate="Runnable" seed="1" result="Passed" label="Test if intersection of indices with distinct timezones gives correct result." start-time="2024-02-05 13:01:40.169306" end-time="2024-02-05 13:01:40.170276" duration="0.00097" asserts="0"><properties><property name="python-version" value="3.11.7 (main, Dec  4 2023, 18:10:11) [Clang 15.0.0 (clang-1500.1.0.2.5)]" /><property name="fspath" value="tests/tools/test_intersect.py" /></properties><environment framework-version="3.6.2" clr-version="3.11.7 (main, Dec  4 2023, 18:10:11) [Clang 15.0.0 (clang-1500.1.0.2.5)]" os-version="23.3.0" platform="Darwin" cwd="/Users/ruud.wijtvliet/python/portfolyo" machine-name="arm64" user="" user-domain="" culture="en-US" uiculture="en-US" os-architecture="64bit" /><failure><message><![CDATA[]]></message><stack-trace><![CDATA[None]]></stack-trace></failure><reason><message><![CDATA[]]></message></reason><output><![CDATA[]]></output></test-case><test-case id="748" name="tests/tools/test_intersect.py::test_intersect_distinctstartofday[startdates0-15T-2020-01-20-00:00-idx-None]" fullname="tests/tools/test_intersect.py::test_intersect_distinctstartofday[startdates0-15T-2020-01-20-00:00-idx-None]" methodname="test_intersect_distinctstartofday[startdates0-15T-2020-01-20-00:00-idx-None]" classname="tests/tools/test_intersect.py" runstate="Runnable" seed="1" result="Passed" label="Test if intersection of indices with distinct frequencies gives correct result." start-time="2024-02-05 13:01:40.170755" end-time="2024-02-05 13:01:40.171517" duration="0.000762" asserts="0"><properties><property name="python-version" value="3.11.7 (main, Dec  4 2023, 18:10:11) [Clang 15.0.0 (clang-1500.1.0.2.5)]" /><property name="fspath" value="tests/tools/test_intersect.py" /></properties><environment framework-version="3.6.2" clr-version="3.11.7 (main, Dec  4 2023, 18:10:11) [Clang 15.0.0 (clang-1500.1.0.2.5)]" os-version="23.3.0" platform="Darwin" cwd="/Users/ruud.wijtvliet/python/portfolyo" machine-name="arm64" user="" user-domain="" culture="en-US" uiculture="en-US" os-architecture="64bit" /><failure><message><![CDATA[]]></message><stack-trace><![CDATA[None]]></stack-trace></failure><reason><message><![CDATA[]]></message></reason><output><![CDATA[]]></output></test-case><test-case id="749" name="tests/tools/test_intersect.py::test_intersect_distinctstartofday[startdates0-15T-2020-01-20-00:00-idx-Europe/Berlin]" fullname="tests/tools/test_intersect.py::test_intersect_distinctstartofday[startdates0-15T-2020-01-20-00:00-idx-Europe/Berlin]" methodname="test_intersect_distinctstartofday[startdates0-15T-2020-01-20-00:00-idx-Europe/Berlin]" classname="tests/tools/test_intersect.py" runstate="Runnable" seed="1" result="Passed" label="Test if intersection of indices with distinct frequencies gives correct result." start-time="2024-02-05 13:01:40.171987" end-time="2024-02-05 13:01:40.172552" duration="0.000565" asserts="0"><properties><property name="python-version" value="3.11.7 (main, Dec  4 2023, 18:10:11) [Clang 15.0.0 (clang-1500.1.0.2.5)]" /><property name="fspath" value="tests/tools/test_intersect.py" /></properties><environment framework-version="3.6.2" clr-version="3.11.7 (main, Dec  4 2023, 18:10:11) [Clang 15.0.0 (clang-1500.1.0.2.5)]" os-version="23.3.0" platform="Darwin" cwd="/Users/ruud.wijtvliet/python/portfolyo" machine-name="arm64" user="" user-domain="" culture="en-US" uiculture="en-US" os-architecture="64bit" /><failure><message><![CDATA[]]></message><stack-trace><![CDATA[None]]></stack-trace></failure><reason><message><![CDATA[]]></message></reason><output><![CDATA[]]></output></test-case><test-case id="750" name="tests/tools/test_intersect.py::test_intersect_distinctstartofday[startdates0-15T-2020-01-20-00:00-idx-Asia/Kolkata]" fullname="tests/tools/test_intersect.py::test_intersect_distinctstartofday[startdates0-15T-2020-01-20-00:00-idx-Asia/Kolkata]" methodname="test_intersect_distinctstartofday[startdates0-15T-2020-01-20-00:00-idx-Asia/Kolkata]" classname="tests/tools/test_intersect.py" runstate="Runnable" seed="1" result="Passed" label="Test if intersection of indices with distinct frequencies gives correct result." start-time="2024-02-05 13:01:40.172993" end-time="2024-02-05 13:01:40.174046" duration="0.001053" asserts="0"><properties><property name="python-version" value="3.11.7 (main, Dec  4 2023, 18:10:11) [Clang 15.0.0 (clang-1500.1.0.2.5)]" /><property name="fspath" value="tests/tools/test_intersect.py" /></properties><environment framework-version="3.6.2" clr-version="3.11.7 (main, Dec  4 2023, 18:10:11) [Clang 15.0.0 (clang-1500.1.0.2.5)]" os-version="23.3.0" platform="Darwin" cwd="/Users/ruud.wijtvliet/python/portfolyo" machine-name="arm64" user="" user-domain="" culture="en-US" uiculture="en-US" os-architecture="64bit" /><failure><message><![CDATA[]]></message><stack-trace><![CDATA[None]]></stack-trace></failure><reason><message><![CDATA[]]></message></reason><output><![CDATA[]]></output></test-case><test-case id="751" name="tests/tools/test_intersect.py::test_intersect_distinctstartofday[startdates0-15T-2020-01-20-00:00-fr-None]" fullname="tests/tools/test_intersect.py::test_intersect_distinctstartofday[startdates0-15T-2020-01-20-00:00-fr-None]" methodname="test_intersect_distinctstartofday[startdates0-15T-2020-01-20-00:00-fr-None]" classname="tests/tools/test_intersect.py" runstate="Runnable" seed="1" result="Passed" label="Test if intersection of indices with distinct frequencies gives correct result." start-time="2024-02-05 13:01:40.174503" end-time="2024-02-05 13:01:40.175369" duration="0.000866" asserts="0"><properties><property name="python-version" value="3.11.7 (main, Dec  4 2023, 18:10:11) [Clang 15.0.0 (clang-1500.1.0.2.5)]" /><property name="fspath" value="tests/tools/test_intersect.py" /></properties><environment framework-version="3.6.2" clr-version="3.11.7 (main, Dec  4 2023, 18:10:11) [Clang 15.0.0 (clang-1500.1.0.2.5)]" os-version="23.3.0" platform="Darwin" cwd="/Users/ruud.wijtvliet/python/portfolyo" machine-name="arm64" user="" user-domain="" culture="en-US" uiculture="en-US" os-architecture="64bit" /><failure><message><![CDATA[]]></message><stack-trace><![CDATA[None]]></stack-trace></failure><reason><message><![CDATA[]]></message></reason><output><![CDATA[]]></output></test-case><test-case id="752" name="tests/tools/test_intersect.py::test_intersect_distinctstartofday[startdates0-15T-2020-01-20-00:00-fr-Europe/Berlin]" fullname="tests/tools/test_intersect.py::test_intersect_distinctstartofday[startdates0-15T-2020-01-20-00:00-fr-Europe/Berlin]" methodname="test_intersect_distinctstartofday[startdates0-15T-2020-01-20-00:00-fr-Europe/Berlin]" classname="tests/tools/test_intersect.py" runstate="Runnable" seed="1" result="Passed" label="Test if intersection of indices with distinct frequencies gives correct result." start-time="2024-02-05 13:01:40.175904" end-time="2024-02-05 13:01:40.176968" duration="0.001064" asserts="0"><properties><property name="python-version" value="3.11.7 (main, Dec  4 2023, 18:10:11) [Clang 15.0.0 (clang-1500.1.0.2.5)]" /><property name="fspath" value="tests/tools/test_intersect.py" /></properties><environment framework-version="3.6.2" clr-version="3.11.7 (main, Dec  4 2023, 18:10:11) [Clang 15.0.0 (clang-1500.1.0.2.5)]" os-version="23.3.0" platform="Darwin" cwd="/Users/ruud.wijtvliet/python/portfolyo" machine-name="arm64" user="" user-domain="" culture="en-US" uiculture="en-US" os-architecture="64bit" /><failure><message><![CDATA[]]></message><stack-trace><![CDATA[None]]></stack-trace></failure><reason><message><![CDATA[]]></message></reason><output><![CDATA[]]></output></test-case><test-case id="753" name="tests/tools/test_intersect.py::test_intersect_distinctstartofday[startdates0-15T-2020-01-20-00:00-fr-Asia/Kolkata]" fullname="tests/tools/test_intersect.py::test_intersect_distinctstartofday[startdates0-15T-2020-01-20-00:00-fr-Asia/Kolkata]" methodname="test_intersect_distinctstartofday[startdates0-15T-2020-01-20-00:00-fr-Asia/Kolkata]" classname="tests/tools/test_intersect.py" runstate="Runnable" seed="1" result="Passed" label="Test if intersection of indices with distinct frequencies gives correct result." start-time="2024-02-05 13:01:40.177404" end-time="2024-02-05 13:01:40.178306" duration="0.000902" asserts="0"><properties><property name="python-version" value="3.11.7 (main, Dec  4 2023, 18:10:11) [Clang 15.0.0 (clang-1500.1.0.2.5)]" /><property name="fspath" value="tests/tools/test_intersect.py" /></properties><environment framework-version="3.6.2" clr-version="3.11.7 (main, Dec  4 2023, 18:10:11) [Clang 15.0.0 (clang-1500.1.0.2.5)]" os-version="23.3.0" platform="Darwin" cwd="/Users/ruud.wijtvliet/python/portfolyo" machine-name="arm64" user="" user-domain="" culture="en-US" uiculture="en-US" os-architecture="64bit" /><failure><message><![CDATA[]]></message><stack-trace><![CDATA[None]]></stack-trace></failure><reason><message><![CDATA[]]></message></reason><output><![CDATA[]]></output></test-case><test-case id="754" name="tests/tools/test_intersect.py::test_intersect_distinctstartofday[startdates0-15T-2020-01-20-06:00-idx-None]" fullname="tests/tools/test_intersect.py::test_intersect_distinctstartofday[startdates0-15T-2020-01-20-06:00-idx-None]" methodname="test_intersect_distinctstartofday[startdates0-15T-2020-01-20-06:00-idx-None]" classname="tests/tools/test_intersect.py" runstate="Runnable" seed="1" result="Passed" label="Test if intersection of indices with distinct frequencies gives correct result." start-time="2024-02-05 13:01:40.178734" end-time="2024-02-05 13:01:40.179259" duration="0.000525" asserts="0"><properties><property name="python-version" value="3.11.7 (main, Dec  4 2023, 18:10:11) [Clang 15.0.0 (clang-1500.1.0.2.5)]" /><property name="fspath" value="tests/tools/test_intersect.py" /></properties><environment framework-version="3.6.2" clr-version="3.11.7 (main, Dec  4 2023, 18:10:11) [Clang 15.0.0 (clang-1500.1.0.2.5)]" os-version="23.3.0" platform="Darwin" cwd="/Users/ruud.wijtvliet/python/portfolyo" machine-name="arm64" user="" user-domain="" culture="en-US" uiculture="en-US" os-architecture="64bit" /><failure><message><![CDATA[]]></message><stack-trace><![CDATA[None]]></stack-trace></failure><reason><message><![CDATA[]]></message></reason><output><![CDATA[]]></output></test-case><test-case id="755" name="tests/tools/test_intersect.py::test_intersect_distinctstartofday[startdates0-15T-2020-01-20-06:00-idx-Europe/Berlin]" fullname="tests/tools/test_intersect.py::test_intersect_distinctstartofday[startdates0-15T-2020-01-20-06:00-idx-Europe/Berlin]" methodname="test_intersect_distinctstartofday[startdates0-15T-2020-01-20-06:00-idx-Europe/Berlin]" classname="tests/tools/test_intersect.py" runstate="Runnable" seed="1" result="Passed" label="Test if intersection of indices with distinct frequencies gives correct result." start-time="2024-02-05 13:01:40.179675" end-time="2024-02-05 13:01:40.180239" duration="0.000564" asserts="0"><properties><property name="python-version" value="3.11.7 (main, Dec  4 2023, 18:10:11) [Clang 15.0.0 (clang-1500.1.0.2.5)]" /><property name="fspath" value="tests/tools/test_intersect.py" /></properties><environment framework-version="3.6.2" clr-version="3.11.7 (main, Dec  4 2023, 18:10:11) [Clang 15.0.0 (clang-1500.1.0.2.5)]" os-version="23.3.0" platform="Darwin" cwd="/Users/ruud.wijtvliet/python/portfolyo" machine-name="arm64" user="" user-domain="" culture="en-US" uiculture="en-US" os-architecture="64bit" /><failure><message><![CDATA[]]></message><stack-trace><![CDATA[None]]></stack-trace></failure><reason><message><![CDATA[]]></message></reason><output><![CDATA[]]></output></test-case><test-case id="756" name="tests/tools/test_intersect.py::test_intersect_distinctstartofday[startdates0-15T-2020-01-20-06:00-idx-Asia/Kolkata]" fullname="tests/tools/test_intersect.py::test_intersect_distinctstartofday[startdates0-15T-2020-01-20-06:00-idx-Asia/Kolkata]" methodname="test_intersect_distinctstartofday[startdates0-15T-2020-01-20-06:00-idx-Asia/Kolkata]" classname="tests/tools/test_intersect.py" runstate="Runnable" seed="1" result="Passed" label="Test if intersection of indices with distinct frequencies gives correct result." start-time="2024-02-05 13:01:40.180644" end-time="2024-02-05 13:01:40.181202" duration="0.000558" asserts="0"><properties><property name="python-version" value="3.11.7 (main, Dec  4 2023, 18:10:11) [Clang 15.0.0 (clang-1500.1.0.2.5)]" /><property name="fspath" value="tests/tools/test_intersect.py" /></properties><environment framework-version="3.6.2" clr-version="3.11.7 (main, Dec  4 2023, 18:10:11) [Clang 15.0.0 (clang-1500.1.0.2.5)]" os-version="23.3.0" platform="Darwin" cwd="/Users/ruud.wijtvliet/python/portfolyo" machine-name="arm64" user="" user-domain="" culture="en-US" uiculture="en-US" os-architecture="64bit" /><failure><message><![CDATA[]]></message><stack-trace><![CDATA[None]]></stack-trace></failure><reason><message><![CDATA[]]></message></reason><output><![CDATA[]]></output></test-case><test-case id="757" name="tests/tools/test_intersect.py::test_intersect_distinctstartofday[startdates0-15T-2020-01-20-06:00-fr-None]" fullname="tests/tools/test_intersect.py::test_intersect_distinctstartofday[startdates0-15T-2020-01-20-06:00-fr-None]" methodname="test_intersect_distinctstartofday[startdates0-15T-2020-01-20-06:00-fr-None]" classname="tests/tools/test_intersect.py" runstate="Runnable" seed="1" result="Passed" label="Test if intersection of indices with distinct frequencies gives correct result." start-time="2024-02-05 13:01:40.181614" end-time="2024-02-05 13:01:40.182392" duration="0.000778" asserts="0"><properties><property name="python-version" value="3.11.7 (main, Dec  4 2023, 18:10:11) [Clang 15.0.0 (clang-1500.1.0.2.5)]" /><property name="fspath" value="tests/tools/test_intersect.py" /></properties><environment framework-version="3.6.2" clr-version="3.11.7 (main, Dec  4 2023, 18:10:11) [Clang 15.0.0 (clang-1500.1.0.2.5)]" os-version="23.3.0" platform="Darwin" cwd="/Users/ruud.wijtvliet/python/portfolyo" machine-name="arm64" user="" user-domain="" culture="en-US" uiculture="en-US" os-architecture="64bit" /><failure><message><![CDATA[]]></message><stack-trace><![CDATA[None]]></stack-trace></failure><reason><message><![CDATA[]]></message></reason><output><![CDATA[]]></output></test-case><test-case id="758" name="tests/tools/test_intersect.py::test_intersect_distinctstartofday[startdates0-15T-2020-01-20-06:00-fr-Europe/Berlin]" fullname="tests/tools/test_intersect.py::test_intersect_distinctstartofday[startdates0-15T-2020-01-20-06:00-fr-Europe/Berlin]" methodname="test_intersect_distinctstartofday[startdates0-15T-2020-01-20-06:00-fr-Europe/Berlin]" classname="tests/tools/test_intersect.py" runstate="Runnable" seed="1" result="Passed" label="Test if intersection of indices with distinct frequencies gives correct result." start-time="2024-02-05 13:01:40.182808" end-time="2024-02-05 13:01:40.183637" duration="0.000829" asserts="0"><properties><property name="python-version" value="3.11.7 (main, Dec  4 2023, 18:10:11) [Clang 15.0.0 (clang-1500.1.0.2.5)]" /><property name="fspath" value="tests/tools/test_intersect.py" /></properties><environment framework-version="3.6.2" clr-version="3.11.7 (main, Dec  4 2023, 18:10:11) [Clang 15.0.0 (clang-1500.1.0.2.5)]" os-version="23.3.0" platform="Darwin" cwd="/Users/ruud.wijtvliet/python/portfolyo" machine-name="arm64" user="" user-domain="" culture="en-US" uiculture="en-US" os-architecture="64bit" /><failure><message><![CDATA[]]></message><stack-trace><![CDATA[None]]></stack-trace></failure><reason><message><![CDATA[]]></message></reason><output><![CDATA[]]></output></test-case><test-case id="759" name="tests/tools/test_intersect.py::test_intersect_distinctstartofday[startdates0-15T-2020-01-20-06:00-fr-Asia/Kolkata]" fullname="tests/tools/test_intersect.py::test_intersect_distinctstartofday[startdates0-15T-2020-01-20-06:00-fr-Asia/Kolkata]" methodname="test_intersect_distinctstartofday[startdates0-15T-2020-01-20-06:00-fr-Asia/Kolkata]" classname="tests/tools/test_intersect.py" runstate="Runnable" seed="1" result="Passed" label="Test if intersection of indices with distinct frequencies gives correct result." start-time="2024-02-05 13:01:40.184050" end-time="2024-02-05 13:01:40.184859" duration="0.000809" asserts="0"><properties><property name="python-version" value="3.11.7 (main, Dec  4 2023, 18:10:11) [Clang 15.0.0 (clang-1500.1.0.2.5)]" /><property name="fspath" value="tests/tools/test_intersect.py" /></properties><environment framework-version="3.6.2" clr-version="3.11.7 (main, Dec  4 2023, 18:10:11) [Clang 15.0.0 (clang-1500.1.0.2.5)]" os-version="23.3.0" platform="Darwin" cwd="/Users/ruud.wijtvliet/python/portfolyo" machine-name="arm64" user="" user-domain="" culture="en-US" uiculture="en-US" os-architecture="64bit" /><failure><message><![CDATA[]]></message><stack-trace><![CDATA[None]]></stack-trace></failure><reason><message><![CDATA[]]></message></reason><output><![CDATA[]]></output></test-case><test-case id="760" name="tests/tools/test_intersect.py::test_intersect_distinctstartofday[startdates1-15T-2020-01-20-00:00-idx-None]" fullname="tests/tools/test_intersect.py::test_intersect_distinctstartofday[startdates1-15T-2020-01-20-00:00-idx-None]" methodname="test_intersect_distinctstartofday[startdates1-15T-2020-01-20-00:00-idx-None]" classname="tests/tools/test_intersect.py" runstate="Runnable" seed="1" result="Passed" label="Test if intersection of indices with distinct frequencies gives correct result." start-time="2024-02-05 13:01:40.185419" end-time="2024-02-05 13:01:40.186241" duration="0.000822" asserts="0"><properties><property name="python-version" value="3.11.7 (main, Dec  4 2023, 18:10:11) [Clang 15.0.0 (clang-1500.1.0.2.5)]" /><property name="fspath" value="tests/tools/test_intersect.py" /></properties><environment framework-version="3.6.2" clr-version="3.11.7 (main, Dec  4 2023, 18:10:11) [Clang 15.0.0 (clang-1500.1.0.2.5)]" os-version="23.3.0" platform="Darwin" cwd="/Users/ruud.wijtvliet/python/portfolyo" machine-name="arm64" user="" user-domain="" culture="en-US" uiculture="en-US" os-architecture="64bit" /><failure><message><![CDATA[]]></message><stack-trace><![CDATA[None]]></stack-trace></failure><reason><message><![CDATA[]]></message></reason><output><![CDATA[]]></output></test-case><test-case id="761" name="tests/tools/test_intersect.py::test_intersect_distinctstartofday[startdates1-15T-2020-01-20-00:00-idx-Europe/Berlin]" fullname="tests/tools/test_intersect.py::test_intersect_distinctstartofday[startdates1-15T-2020-01-20-00:00-idx-Europe/Berlin]" methodname="test_intersect_distinctstartofday[startdates1-15T-2020-01-20-00:00-idx-Europe/Berlin]" classname="tests/tools/test_intersect.py" runstate="Runnable" seed="1" result="Passed" label="Test if intersection of indices with distinct frequencies gives correct result." start-time="2024-02-05 13:01:40.186773" end-time="2024-02-05 13:01:40.187657" duration="0.000884" asserts="0"><properties><property name="python-version" value="3.11.7 (main, Dec  4 2023, 18:10:11) [Clang 15.0.0 (clang-1500.1.0.2.5)]" /><property name="fspath" value="tests/tools/test_intersect.py" /></properties><environment framework-version="3.6.2" clr-version="3.11.7 (main, Dec  4 2023, 18:10:11) [Clang 15.0.0 (clang-1500.1.0.2.5)]" os-version="23.3.0" platform="Darwin" cwd="/Users/ruud.wijtvliet/python/portfolyo" machine-name="arm64" user="" user-domain="" culture="en-US" uiculture="en-US" os-architecture="64bit" /><failure><message><![CDATA[]]></message><stack-trace><![CDATA[None]]></stack-trace></failure><reason><message><![CDATA[]]></message></reason><output><![CDATA[]]></output></test-case><test-case id="762" name="tests/tools/test_intersect.py::test_intersect_distinctstartofday[startdates1-15T-2020-01-20-00:00-idx-Asia/Kolkata]" fullname="tests/tools/test_intersect.py::test_intersect_distinctstartofday[startdates1-15T-2020-01-20-00:00-idx-Asia/Kolkata]" methodname="test_intersect_distinctstartofday[startdates1-15T-2020-01-20-00:00-idx-Asia/Kolkata]" classname="tests/tools/test_intersect.py" runstate="Runnable" seed="1" result="Passed" label="Test if intersection of indices with distinct frequencies gives correct result." start-time="2024-02-05 13:01:40.188134" end-time="2024-02-05 13:01:40.188775" duration="0.000641" asserts="0"><properties><property name="python-version" value="3.11.7 (main, Dec  4 2023, 18:10:11) [Clang 15.0.0 (clang-1500.1.0.2.5)]" /><property name="fspath" value="tests/tools/test_intersect.py" /></properties><environment framework-version="3.6.2" clr-version="3.11.7 (main, Dec  4 2023, 18:10:11) [Clang 15.0.0 (clang-1500.1.0.2.5)]" os-version="23.3.0" platform="Darwin" cwd="/Users/ruud.wijtvliet/python/portfolyo" machine-name="arm64" user="" user-domain="" culture="en-US" uiculture="en-US" os-architecture="64bit" /><failure><message><![CDATA[]]></message><stack-trace><![CDATA[None]]></stack-trace></failure><reason><message><![CDATA[]]></message></reason><output><![CDATA[]]></output></test-case><test-case id="763" name="tests/tools/test_intersect.py::test_intersect_distinctstartofday[startdates1-15T-2020-01-20-00:00-fr-None]" fullname="tests/tools/test_intersect.py::test_intersect_distinctstartofday[startdates1-15T-2020-01-20-00:00-fr-None]" methodname="test_intersect_distinctstartofday[startdates1-15T-2020-01-20-00:00-fr-None]" classname="tests/tools/test_intersect.py" runstate="Runnable" seed="1" result="Passed" label="Test if intersection of indices with distinct frequencies gives correct result." start-time="2024-02-05 13:01:40.189252" end-time="2024-02-05 13:01:40.190328" duration="0.001076" asserts="0"><properties><property name="python-version" value="3.11.7 (main, Dec  4 2023, 18:10:11) [Clang 15.0.0 (clang-1500.1.0.2.5)]" /><property name="fspath" value="tests/tools/test_intersect.py" /></properties><environment framework-version="3.6.2" clr-version="3.11.7 (main, Dec  4 2023, 18:10:11) [Clang 15.0.0 (clang-1500.1.0.2.5)]" os-version="23.3.0" platform="Darwin" cwd="/Users/ruud.wijtvliet/python/portfolyo" machine-name="arm64" user="" user-domain="" culture="en-US" uiculture="en-US" os-architecture="64bit" /><failure><message><![CDATA[]]></message><stack-trace><![CDATA[None]]></stack-trace></failure><reason><message><![CDATA[]]></message></reason><output><![CDATA[]]></output></test-case><test-case id="764" name="tests/tools/test_intersect.py::test_intersect_distinctstartofday[startdates1-15T-2020-01-20-00:00-fr-Europe/Berlin]" fullname="tests/tools/test_intersect.py::test_intersect_distinctstartofday[startdates1-15T-2020-01-20-00:00-fr-Europe/Berlin]" methodname="test_intersect_distinctstartofday[startdates1-15T-2020-01-20-00:00-fr-Europe/Berlin]" classname="tests/tools/test_intersect.py" runstate="Runnable" seed="1" result="Passed" label="Test if intersection of indices with distinct frequencies gives correct result." start-time="2024-02-05 13:01:40.190790" end-time="2024-02-05 13:01:40.191797" duration="0.001007" asserts="0"><properties><property name="python-version" value="3.11.7 (main, Dec  4 2023, 18:10:11) [Clang 15.0.0 (clang-1500.1.0.2.5)]" /><property name="fspath" value="tests/tools/test_intersect.py" /></properties><environment framework-version="3.6.2" clr-version="3.11.7 (main, Dec  4 2023, 18:10:11) [Clang 15.0.0 (clang-1500.1.0.2.5)]" os-version="23.3.0" platform="Darwin" cwd="/Users/ruud.wijtvliet/python/portfolyo" machine-name="arm64" user="" user-domain="" culture="en-US" uiculture="en-US" os-architecture="64bit" /><failure><message><![CDATA[]]></message><stack-trace><![CDATA[None]]></stack-trace></failure><reason><message><![CDATA[]]></message></reason><output><![CDATA[]]></output></test-case><test-case id="765" name="tests/tools/test_intersect.py::test_intersect_distinctstartofday[startdates1-15T-2020-01-20-00:00-fr-Asia/Kolkata]" fullname="tests/tools/test_intersect.py::test_intersect_distinctstartofday[startdates1-15T-2020-01-20-00:00-fr-Asia/Kolkata]" methodname="test_intersect_distinctstartofday[startdates1-15T-2020-01-20-00:00-fr-Asia/Kolkata]" classname="tests/tools/test_intersect.py" runstate="Runnable" seed="1" result="Passed" label="Test if intersection of indices with distinct frequencies gives correct result." start-time="2024-02-05 13:01:40.192246" end-time="2024-02-05 13:01:40.193163" duration="0.000917" asserts="0"><properties><property name="python-version" value="3.11.7 (main, Dec  4 2023, 18:10:11) [Clang 15.0.0 (clang-1500.1.0.2.5)]" /><property name="fspath" value="tests/tools/test_intersect.py" /></properties><environment framework-version="3.6.2" clr-version="3.11.7 (main, Dec  4 2023, 18:10:11) [Clang 15.0.0 (clang-1500.1.0.2.5)]" os-version="23.3.0" platform="Darwin" cwd="/Users/ruud.wijtvliet/python/portfolyo" machine-name="arm64" user="" user-domain="" culture="en-US" uiculture="en-US" os-architecture="64bit" /><failure><message><![CDATA[]]></message><stack-trace><![CDATA[None]]></stack-trace></failure><reason><message><![CDATA[]]></message></reason><output><![CDATA[]]></output></test-case><test-case id="766" name="tests/tools/test_intersect.py::test_intersect_distinctstartofday[startdates1-15T-2020-01-20-06:00-idx-None]" fullname="tests/tools/test_intersect.py::test_intersect_distinctstartofday[startdates1-15T-2020-01-20-06:00-idx-None]" methodname="test_intersect_distinctstartofday[startdates1-15T-2020-01-20-06:00-idx-None]" classname="tests/tools/test_intersect.py" runstate="Runnable" seed="1" result="Passed" label="Test if intersection of indices with distinct frequencies gives correct result." start-time="2024-02-05 13:01:40.193625" end-time="2024-02-05 13:01:40.194235" duration="0.00061" asserts="0"><properties><property name="python-version" value="3.11.7 (main, Dec  4 2023, 18:10:11) [Clang 15.0.0 (clang-1500.1.0.2.5)]" /><property name="fspath" value="tests/tools/test_intersect.py" /></properties><environment framework-version="3.6.2" clr-version="3.11.7 (main, Dec  4 2023, 18:10:11) [Clang 15.0.0 (clang-1500.1.0.2.5)]" os-version="23.3.0" platform="Darwin" cwd="/Users/ruud.wijtvliet/python/portfolyo" machine-name="arm64" user="" user-domain="" culture="en-US" uiculture="en-US" os-architecture="64bit" /><failure><message><![CDATA[]]></message><stack-trace><![CDATA[None]]></stack-trace></failure><reason><message><![CDATA[]]></message></reason><output><![CDATA[]]></output></test-case><test-case id="767" name="tests/tools/test_intersect.py::test_intersect_distinctstartofday[startdates1-15T-2020-01-20-06:00-idx-Europe/Berlin]" fullname="tests/tools/test_intersect.py::test_intersect_distinctstartofday[startdates1-15T-2020-01-20-06:00-idx-Europe/Berlin]" methodname="test_intersect_distinctstartofday[startdates1-15T-2020-01-20-06:00-idx-Europe/Berlin]" classname="tests/tools/test_intersect.py" runstate="Runnable" seed="1" result="Passed" label="Test if intersection of indices with distinct frequencies gives correct result." start-time="2024-02-05 13:01:40.194656" end-time="2024-02-05 13:01:40.195246" duration="0.00059" asserts="0"><properties><property name="python-version" value="3.11.7 (main, Dec  4 2023, 18:10:11) [Clang 15.0.0 (clang-1500.1.0.2.5)]" /><property name="fspath" value="tests/tools/test_intersect.py" /></properties><environment framework-version="3.6.2" clr-version="3.11.7 (main, Dec  4 2023, 18:10:11) [Clang 15.0.0 (clang-1500.1.0.2.5)]" os-version="23.3.0" platform="Darwin" cwd="/Users/ruud.wijtvliet/python/portfolyo" machine-name="arm64" user="" user-domain="" culture="en-US" uiculture="en-US" os-architecture="64bit" /><failure><message><![CDATA[]]></message><stack-trace><![CDATA[None]]></stack-trace></failure><reason><message><![CDATA[]]></message></reason><output><![CDATA[]]></output></test-case><test-case id="768" name="tests/tools/test_intersect.py::test_intersect_distinctstartofday[startdates1-15T-2020-01-20-06:00-idx-Asia/Kolkata]" fullname="tests/tools/test_intersect.py::test_intersect_distinctstartofday[startdates1-15T-2020-01-20-06:00-idx-Asia/Kolkata]" methodname="test_intersect_distinctstartofday[startdates1-15T-2020-01-20-06:00-idx-Asia/Kolkata]" classname="tests/tools/test_intersect.py" runstate="Runnable" seed="1" result="Passed" label="Test if intersection of indices with distinct frequencies gives correct result." start-time="2024-02-05 13:01:40.195663" end-time="2024-02-05 13:01:40.196261" duration="0.000598" asserts="0"><properties><property name="python-version" value="3.11.7 (main, Dec  4 2023, 18:10:11) [Clang 15.0.0 (clang-1500.1.0.2.5)]" /><property name="fspath" value="tests/tools/test_intersect.py" /></properties><environment framework-version="3.6.2" clr-version="3.11.7 (main, Dec  4 2023, 18:10:11) [Clang 15.0.0 (clang-1500.1.0.2.5)]" os-version="23.3.0" platform="Darwin" cwd="/Users/ruud.wijtvliet/python/portfolyo" machine-name="arm64" user="" user-domain="" culture="en-US" uiculture="en-US" os-architecture="64bit" /><failure><message><![CDATA[]]></message><stack-trace><![CDATA[None]]></stack-trace></failure><reason><message><![CDATA[]]></message></reason><output><![CDATA[]]></output></test-case><test-case id="769" name="tests/tools/test_intersect.py::test_intersect_distinctstartofday[startdates1-15T-2020-01-20-06:00-fr-None]" fullname="tests/tools/test_intersect.py::test_intersect_distinctstartofday[startdates1-15T-2020-01-20-06:00-fr-None]" methodname="test_intersect_distinctstartofday[startdates1-15T-2020-01-20-06:00-fr-None]" classname="tests/tools/test_intersect.py" runstate="Runnable" seed="1" result="Passed" label="Test if intersection of indices with distinct frequencies gives correct result." start-time="2024-02-05 13:01:40.196684" end-time="2024-02-05 13:01:40.197579" duration="0.000895" asserts="0"><properties><property name="python-version" value="3.11.7 (main, Dec  4 2023, 18:10:11) [Clang 15.0.0 (clang-1500.1.0.2.5)]" /><property name="fspath" value="tests/tools/test_intersect.py" /></properties><environment framework-version="3.6.2" clr-version="3.11.7 (main, Dec  4 2023, 18:10:11) [Clang 15.0.0 (clang-1500.1.0.2.5)]" os-version="23.3.0" platform="Darwin" cwd="/Users/ruud.wijtvliet/python/portfolyo" machine-name="arm64" user="" user-domain="" culture="en-US" uiculture="en-US" os-architecture="64bit" /><failure><message><![CDATA[]]></message><stack-trace><![CDATA[None]]></stack-trace></failure><reason><message><![CDATA[]]></message></reason><output><![CDATA[]]></output></test-case><test-case id="770" name="tests/tools/test_intersect.py::test_intersect_distinctstartofday[startdates1-15T-2020-01-20-06:00-fr-Europe/Berlin]" fullname="tests/tools/test_intersect.py::test_intersect_distinctstartofday[startdates1-15T-2020-01-20-06:00-fr-Europe/Berlin]" methodname="test_intersect_distinctstartofday[startdates1-15T-2020-01-20-06:00-fr-Europe/Berlin]" classname="tests/tools/test_intersect.py" runstate="Runnable" seed="1" result="Passed" label="Test if intersection of indices with distinct frequencies gives correct result." start-time="2024-02-05 13:01:40.198038" end-time="2024-02-05 13:01:40.198955" duration="0.000917" asserts="0"><properties><property name="python-version" value="3.11.7 (main, Dec  4 2023, 18:10:11) [Clang 15.0.0 (clang-1500.1.0.2.5)]" /><property name="fspath" value="tests/tools/test_intersect.py" /></properties><environment framework-version="3.6.2" clr-version="3.11.7 (main, Dec  4 2023, 18:10:11) [Clang 15.0.0 (clang-1500.1.0.2.5)]" os-version="23.3.0" platform="Darwin" cwd="/Users/ruud.wijtvliet/python/portfolyo" machine-name="arm64" user="" user-domain="" culture="en-US" uiculture="en-US" os-architecture="64bit" /><failure><message><![CDATA[]]></message><stack-trace><![CDATA[None]]></stack-trace></failure><reason><message><![CDATA[]]></message></reason><output><![CDATA[]]></output></test-case><test-case id="771" name="tests/tools/test_intersect.py::test_intersect_distinctstartofday[startdates1-15T-2020-01-20-06:00-fr-Asia/Kolkata]" fullname="tests/tools/test_intersect.py::test_intersect_distinctstartofday[startdates1-15T-2020-01-20-06:00-fr-Asia/Kolkata]" methodname="test_intersect_distinctstartofday[startdates1-15T-2020-01-20-06:00-fr-Asia/Kolkata]" classname="tests/tools/test_intersect.py" runstate="Runnable" seed="1" result="Passed" label="Test if intersection of indices with distinct frequencies gives correct result." start-time="2024-02-05 13:01:40.199399" end-time="2024-02-05 13:01:40.200589" duration="0.00119" asserts="0"><properties><property name="python-version" value="3.11.7 (main, Dec  4 2023, 18:10:11) [Clang 15.0.0 (clang-1500.1.0.2.5)]" /><property name="fspath" value="tests/tools/test_intersect.py" /></properties><environment framework-version="3.6.2" clr-version="3.11.7 (main, Dec  4 2023, 18:10:11) [Clang 15.0.0 (clang-1500.1.0.2.5)]" os-version="23.3.0" platform="Darwin" cwd="/Users/ruud.wijtvliet/python/portfolyo" machine-name="arm64" user="" user-domain="" culture="en-US" uiculture="en-US" os-architecture="64bit" /><failure><message><![CDATA[]]></message><stack-trace><![CDATA[None]]></stack-trace></failure><reason><message><![CDATA[]]></message></reason><output><![CDATA[]]></output></test-case><test-case id="772" name="tests/tools/test_intersect.py::test_intersect_distinctstartofday[startdates2-H-2020-01-20-00:00-idx-None]" fullname="tests/tools/test_intersect.py::test_intersect_distinctstartofday[startdates2-H-2020-01-20-00:00-idx-None]" methodname="test_intersect_distinctstartofday[startdates2-H-2020-01-20-00:00-idx-None]" classname="tests/tools/test_intersect.py" runstate="Runnable" seed="1" result="Passed" label="Test if intersection of indices with distinct frequencies gives correct result." start-time="2024-02-05 13:01:40.201094" end-time="2024-02-05 13:01:40.201680" duration="0.000586" asserts="0"><properties><property name="python-version" value="3.11.7 (main, Dec  4 2023, 18:10:11) [Clang 15.0.0 (clang-1500.1.0.2.5)]" /><property name="fspath" value="tests/tools/test_intersect.py" /></properties><environment framework-version="3.6.2" clr-version="3.11.7 (main, Dec  4 2023, 18:10:11) [Clang 15.0.0 (clang-1500.1.0.2.5)]" os-version="23.3.0" platform="Darwin" cwd="/Users/ruud.wijtvliet/python/portfolyo" machine-name="arm64" user="" user-domain="" culture="en-US" uiculture="en-US" os-architecture="64bit" /><failure><message><![CDATA[]]></message><stack-trace><![CDATA[None]]></stack-trace></failure><reason><message><![CDATA[]]></message></reason><output><![CDATA[]]></output></test-case><test-case id="773" name="tests/tools/test_intersect.py::test_intersect_distinctstartofday[startdates2-H-2020-01-20-00:00-idx-Europe/Berlin]" fullname="tests/tools/test_intersect.py::test_intersect_distinctstartofday[startdates2-H-2020-01-20-00:00-idx-Europe/Berlin]" methodname="test_intersect_distinctstartofday[startdates2-H-2020-01-20-00:00-idx-Europe/Berlin]" classname="tests/tools/test_intersect.py" runstate="Runnable" seed="1" result="Passed" label="Test if intersection of indices with distinct frequencies gives correct result." start-time="2024-02-05 13:01:40.202121" end-time="2024-02-05 13:01:40.202859" duration="0.000738" asserts="0"><properties><property name="python-version" value="3.11.7 (main, Dec  4 2023, 18:10:11) [Clang 15.0.0 (clang-1500.1.0.2.5)]" /><property name="fspath" value="tests/tools/test_intersect.py" /></properties><environment framework-version="3.6.2" clr-version="3.11.7 (main, Dec  4 2023, 18:10:11) [Clang 15.0.0 (clang-1500.1.0.2.5)]" os-version="23.3.0" platform="Darwin" cwd="/Users/ruud.wijtvliet/python/portfolyo" machine-name="arm64" user="" user-domain="" culture="en-US" uiculture="en-US" os-architecture="64bit" /><failure><message><![CDATA[]]></message><stack-trace><![CDATA[None]]></stack-trace></failure><reason><message><![CDATA[]]></message></reason><output><![CDATA[]]></output></test-case><test-case id="774" name="tests/tools/test_intersect.py::test_intersect_distinctstartofday[startdates2-H-2020-01-20-00:00-idx-Asia/Kolkata]" fullname="tests/tools/test_intersect.py::test_intersect_distinctstartofday[startdates2-H-2020-01-20-00:00-idx-Asia/Kolkata]" methodname="test_intersect_distinctstartofday[startdates2-H-2020-01-20-00:00-idx-Asia/Kolkata]" classname="tests/tools/test_intersect.py" runstate="Runnable" seed="1" result="Passed" label="Test if intersection of indices with distinct frequencies gives correct result." start-time="2024-02-05 13:01:40.203270" end-time="2024-02-05 13:01:40.203808" duration="0.000538" asserts="0"><properties><property name="python-version" value="3.11.7 (main, Dec  4 2023, 18:10:11) [Clang 15.0.0 (clang-1500.1.0.2.5)]" /><property name="fspath" value="tests/tools/test_intersect.py" /></properties><environment framework-version="3.6.2" clr-version="3.11.7 (main, Dec  4 2023, 18:10:11) [Clang 15.0.0 (clang-1500.1.0.2.5)]" os-version="23.3.0" platform="Darwin" cwd="/Users/ruud.wijtvliet/python/portfolyo" machine-name="arm64" user="" user-domain="" culture="en-US" uiculture="en-US" os-architecture="64bit" /><failure><message><![CDATA[]]></message><stack-trace><![CDATA[None]]></stack-trace></failure><reason><message><![CDATA[]]></message></reason><output><![CDATA[]]></output></test-case><test-case id="775" name="tests/tools/test_intersect.py::test_intersect_distinctstartofday[startdates2-H-2020-01-20-00:00-fr-None]" fullname="tests/tools/test_intersect.py::test_intersect_distinctstartofday[startdates2-H-2020-01-20-00:00-fr-None]" methodname="test_intersect_distinctstartofday[startdates2-H-2020-01-20-00:00-fr-None]" classname="tests/tools/test_intersect.py" runstate="Runnable" seed="1" result="Passed" label="Test if intersection of indices with distinct frequencies gives correct result." start-time="2024-02-05 13:01:40.204239" end-time="2024-02-05 13:01:40.205070" duration="0.000831" asserts="0"><properties><property name="python-version" value="3.11.7 (main, Dec  4 2023, 18:10:11) [Clang 15.0.0 (clang-1500.1.0.2.5)]" /><property name="fspath" value="tests/tools/test_intersect.py" /></properties><environment framework-version="3.6.2" clr-version="3.11.7 (main, Dec  4 2023, 18:10:11) [Clang 15.0.0 (clang-1500.1.0.2.5)]" os-version="23.3.0" platform="Darwin" cwd="/Users/ruud.wijtvliet/python/portfolyo" machine-name="arm64" user="" user-domain="" culture="en-US" uiculture="en-US" os-architecture="64bit" /><failure><message><![CDATA[]]></message><stack-trace><![CDATA[None]]></stack-trace></failure><reason><message><![CDATA[]]></message></reason><output><![CDATA[]]></output></test-case><test-case id="776" name="tests/tools/test_intersect.py::test_intersect_distinctstartofday[startdates2-H-2020-01-20-00:00-fr-Europe/Berlin]" fullname="tests/tools/test_intersect.py::test_intersect_distinctstartofday[startdates2-H-2020-01-20-00:00-fr-Europe/Berlin]" methodname="test_intersect_distinctstartofday[startdates2-H-2020-01-20-00:00-fr-Europe/Berlin]" classname="tests/tools/test_intersect.py" runstate="Runnable" seed="1" result="Passed" label="Test if intersection of indices with distinct frequencies gives correct result." start-time="2024-02-05 13:01:40.205518" end-time="2024-02-05 13:01:40.206295" duration="0.000777" asserts="0"><properties><property name="python-version" value="3.11.7 (main, Dec  4 2023, 18:10:11) [Clang 15.0.0 (clang-1500.1.0.2.5)]" /><property name="fspath" value="tests/tools/test_intersect.py" /></properties><environment framework-version="3.6.2" clr-version="3.11.7 (main, Dec  4 2023, 18:10:11) [Clang 15.0.0 (clang-1500.1.0.2.5)]" os-version="23.3.0" platform="Darwin" cwd="/Users/ruud.wijtvliet/python/portfolyo" machine-name="arm64" user="" user-domain="" culture="en-US" uiculture="en-US" os-architecture="64bit" /><failure><message><![CDATA[]]></message><stack-trace><![CDATA[None]]></stack-trace></failure><reason><message><![CDATA[]]></message></reason><output><![CDATA[]]></output></test-case><test-case id="777" name="tests/tools/test_intersect.py::test_intersect_distinctstartofday[startdates2-H-2020-01-20-00:00-fr-Asia/Kolkata]" fullname="tests/tools/test_intersect.py::test_intersect_distinctstartofday[startdates2-H-2020-01-20-00:00-fr-Asia/Kolkata]" methodname="test_intersect_distinctstartofday[startdates2-H-2020-01-20-00:00-fr-Asia/Kolkata]" classname="tests/tools/test_intersect.py" runstate="Runnable" seed="1" result="Passed" label="Test if intersection of indices with distinct frequencies gives correct result." start-time="2024-02-05 13:01:40.206737" end-time="2024-02-05 13:01:40.207542" duration="0.000805" asserts="0"><properties><property name="python-version" value="3.11.7 (main, Dec  4 2023, 18:10:11) [Clang 15.0.0 (clang-1500.1.0.2.5)]" /><property name="fspath" value="tests/tools/test_intersect.py" /></properties><environment framework-version="3.6.2" clr-version="3.11.7 (main, Dec  4 2023, 18:10:11) [Clang 15.0.0 (clang-1500.1.0.2.5)]" os-version="23.3.0" platform="Darwin" cwd="/Users/ruud.wijtvliet/python/portfolyo" machine-name="arm64" user="" user-domain="" culture="en-US" uiculture="en-US" os-architecture="64bit" /><failure><message><![CDATA[]]></message><stack-trace><![CDATA[None]]></stack-trace></failure><reason><message><![CDATA[]]></message></reason><output><![CDATA[]]></output></test-case><test-case id="778" name="tests/tools/test_intersect.py::test_intersect_distinctstartofday[startdates2-H-2020-01-20-06:00-idx-None]" fullname="tests/tools/test_intersect.py::test_intersect_distinctstartofday[startdates2-H-2020-01-20-06:00-idx-None]" methodname="test_intersect_distinctstartofday[startdates2-H-2020-01-20-06:00-idx-None]" classname="tests/tools/test_intersect.py" runstate="Runnable" seed="1" result="Passed" label="Test if intersection of indices with distinct frequencies gives correct result." start-time="2024-02-05 13:01:40.207980" end-time="2024-02-05 13:01:40.208443" duration="0.000463" asserts="0"><properties><property name="python-version" value="3.11.7 (main, Dec  4 2023, 18:10:11) [Clang 15.0.0 (clang-1500.1.0.2.5)]" /><property name="fspath" value="tests/tools/test_intersect.py" /></properties><environment framework-version="3.6.2" clr-version="3.11.7 (main, Dec  4 2023, 18:10:11) [Clang 15.0.0 (clang-1500.1.0.2.5)]" os-version="23.3.0" platform="Darwin" cwd="/Users/ruud.wijtvliet/python/portfolyo" machine-name="arm64" user="" user-domain="" culture="en-US" uiculture="en-US" os-architecture="64bit" /><failure><message><![CDATA[]]></message><stack-trace><![CDATA[None]]></stack-trace></failure><reason><message><![CDATA[]]></message></reason><output><![CDATA[]]></output></test-case><test-case id="779" name="tests/tools/test_intersect.py::test_intersect_distinctstartofday[startdates2-H-2020-01-20-06:00-idx-Europe/Berlin]" fullname="tests/tools/test_intersect.py::test_intersect_distinctstartofday[startdates2-H-2020-01-20-06:00-idx-Europe/Berlin]" methodname="test_intersect_distinctstartofday[startdates2-H-2020-01-20-06:00-idx-Europe/Berlin]" classname="tests/tools/test_intersect.py" runstate="Runnable" seed="1" result="Passed" label="Test if intersection of indices with distinct frequencies gives correct result." start-time="2024-02-05 13:01:40.208860" end-time="2024-02-05 13:01:40.209399" duration="0.000539" asserts="0"><properties><property name="python-version" value="3.11.7 (main, Dec  4 2023, 18:10:11) [Clang 15.0.0 (clang-1500.1.0.2.5)]" /><property name="fspath" value="tests/tools/test_intersect.py" /></properties><environment framework-version="3.6.2" clr-version="3.11.7 (main, Dec  4 2023, 18:10:11) [Clang 15.0.0 (clang-1500.1.0.2.5)]" os-version="23.3.0" platform="Darwin" cwd="/Users/ruud.wijtvliet/python/portfolyo" machine-name="arm64" user="" user-domain="" culture="en-US" uiculture="en-US" os-architecture="64bit" /><failure><message><![CDATA[]]></message><stack-trace><![CDATA[None]]></stack-trace></failure><reason><message><![CDATA[]]></message></reason><output><![CDATA[]]></output></test-case><test-case id="780" name="tests/tools/test_intersect.py::test_intersect_distinctstartofday[startdates2-H-2020-01-20-06:00-idx-Asia/Kolkata]" fullname="tests/tools/test_intersect.py::test_intersect_distinctstartofday[startdates2-H-2020-01-20-06:00-idx-Asia/Kolkata]" methodname="test_intersect_distinctstartofday[startdates2-H-2020-01-20-06:00-idx-Asia/Kolkata]" classname="tests/tools/test_intersect.py" runstate="Runnable" seed="1" result="Passed" label="Test if intersection of indices with distinct frequencies gives correct result." start-time="2024-02-05 13:01:40.209813" end-time="2024-02-05 13:01:40.210558" duration="0.000745" asserts="0"><properties><property name="python-version" value="3.11.7 (main, Dec  4 2023, 18:10:11) [Clang 15.0.0 (clang-1500.1.0.2.5)]" /><property name="fspath" value="tests/tools/test_intersect.py" /></properties><environment framework-version="3.6.2" clr-version="3.11.7 (main, Dec  4 2023, 18:10:11) [Clang 15.0.0 (clang-1500.1.0.2.5)]" os-version="23.3.0" platform="Darwin" cwd="/Users/ruud.wijtvliet/python/portfolyo" machine-name="arm64" user="" user-domain="" culture="en-US" uiculture="en-US" os-architecture="64bit" /><failure><message><![CDATA[]]></message><stack-trace><![CDATA[None]]></stack-trace></failure><reason><message><![CDATA[]]></message></reason><output><![CDATA[]]></output></test-case><test-case id="781" name="tests/tools/test_intersect.py::test_intersect_distinctstartofday[startdates2-H-2020-01-20-06:00-fr-None]" fullname="tests/tools/test_intersect.py::test_intersect_distinctstartofday[startdates2-H-2020-01-20-06:00-fr-None]" methodname="test_intersect_distinctstartofday[startdates2-H-2020-01-20-06:00-fr-None]" classname="tests/tools/test_intersect.py" runstate="Runnable" seed="1" result="Passed" label="Test if intersection of indices with distinct frequencies gives correct result." start-time="2024-02-05 13:01:40.211212" end-time="2024-02-05 13:01:40.212262" duration="0.00105" asserts="0"><properties><property name="python-version" value="3.11.7 (main, Dec  4 2023, 18:10:11) [Clang 15.0.0 (clang-1500.1.0.2.5)]" /><property name="fspath" value="tests/tools/test_intersect.py" /></properties><environment framework-version="3.6.2" clr-version="3.11.7 (main, Dec  4 2023, 18:10:11) [Clang 15.0.0 (clang-1500.1.0.2.5)]" os-version="23.3.0" platform="Darwin" cwd="/Users/ruud.wijtvliet/python/portfolyo" machine-name="arm64" user="" user-domain="" culture="en-US" uiculture="en-US" os-architecture="64bit" /><failure><message><![CDATA[]]></message><stack-trace><![CDATA[None]]></stack-trace></failure><reason><message><![CDATA[]]></message></reason><output><![CDATA[]]></output></test-case><test-case id="782" name="tests/tools/test_intersect.py::test_intersect_distinctstartofday[startdates2-H-2020-01-20-06:00-fr-Europe/Berlin]" fullname="tests/tools/test_intersect.py::test_intersect_distinctstartofday[startdates2-H-2020-01-20-06:00-fr-Europe/Berlin]" methodname="test_intersect_distinctstartofday[startdates2-H-2020-01-20-06:00-fr-Europe/Berlin]" classname="tests/tools/test_intersect.py" runstate="Runnable" seed="1" result="Passed" label="Test if intersection of indices with distinct frequencies gives correct result." start-time="2024-02-05 13:01:40.212751" end-time="2024-02-05 13:01:40.213656" duration="0.000905" asserts="0"><properties><property name="python-version" value="3.11.7 (main, Dec  4 2023, 18:10:11) [Clang 15.0.0 (clang-1500.1.0.2.5)]" /><property name="fspath" value="tests/tools/test_intersect.py" /></properties><environment framework-version="3.6.2" clr-version="3.11.7 (main, Dec  4 2023, 18:10:11) [Clang 15.0.0 (clang-1500.1.0.2.5)]" os-version="23.3.0" platform="Darwin" cwd="/Users/ruud.wijtvliet/python/portfolyo" machine-name="arm64" user="" user-domain="" culture="en-US" uiculture="en-US" os-architecture="64bit" /><failure><message><![CDATA[]]></message><stack-trace><![CDATA[None]]></stack-trace></failure><reason><message><![CDATA[]]></message></reason><output><![CDATA[]]></output></test-case><test-case id="783" name="tests/tools/test_intersect.py::test_intersect_distinctstartofday[startdates2-H-2020-01-20-06:00-fr-Asia/Kolkata]" fullname="tests/tools/test_intersect.py::test_intersect_distinctstartofday[startdates2-H-2020-01-20-06:00-fr-Asia/Kolkata]" methodname="test_intersect_distinctstartofday[startdates2-H-2020-01-20-06:00-fr-Asia/Kolkata]" classname="tests/tools/test_intersect.py" runstate="Runnable" seed="1" result="Passed" label="Test if intersection of indices with distinct frequencies gives correct result." start-time="2024-02-05 13:01:40.214108" end-time="2024-02-05 13:01:40.214884" duration="0.000776" asserts="0"><properties><property name="python-version" value="3.11.7 (main, Dec  4 2023, 18:10:11) [Clang 15.0.0 (clang-1500.1.0.2.5)]" /><property name="fspath" value="tests/tools/test_intersect.py" /></properties><environment framework-version="3.6.2" clr-version="3.11.7 (main, Dec  4 2023, 18:10:11) [Clang 15.0.0 (clang-1500.1.0.2.5)]" os-version="23.3.0" platform="Darwin" cwd="/Users/ruud.wijtvliet/python/portfolyo" machine-name="arm64" user="" user-domain="" culture="en-US" uiculture="en-US" os-architecture="64bit" /><failure><message><![CDATA[]]></message><stack-trace><![CDATA[None]]></stack-trace></failure><reason><message><![CDATA[]]></message></reason><output><![CDATA[]]></output></test-case><test-case id="784" name="tests/tools/test_intersect.py::test_intersect_distinctstartofday[startdates3-H-2020-01-20-00:00-idx-None]" fullname="tests/tools/test_intersect.py::test_intersect_distinctstartofday[startdates3-H-2020-01-20-00:00-idx-None]" methodname="test_intersect_distinctstartofday[startdates3-H-2020-01-20-00:00-idx-None]" classname="tests/tools/test_intersect.py" runstate="Runnable" seed="1" result="Passed" label="Test if intersection of indices with distinct frequencies gives correct result." start-time="2024-02-05 13:01:40.215333" end-time="2024-02-05 13:01:40.215817" duration="0.000484" asserts="0"><properties><property name="python-version" value="3.11.7 (main, Dec  4 2023, 18:10:11) [Clang 15.0.0 (clang-1500.1.0.2.5)]" /><property name="fspath" value="tests/tools/test_intersect.py" /></properties><environment framework-version="3.6.2" clr-version="3.11.7 (main, Dec  4 2023, 18:10:11) [Clang 15.0.0 (clang-1500.1.0.2.5)]" os-version="23.3.0" platform="Darwin" cwd="/Users/ruud.wijtvliet/python/portfolyo" machine-name="arm64" user="" user-domain="" culture="en-US" uiculture="en-US" os-architecture="64bit" /><failure><message><![CDATA[]]></message><stack-trace><![CDATA[None]]></stack-trace></failure><reason><message><![CDATA[]]></message></reason><output><![CDATA[]]></output></test-case><test-case id="785" name="tests/tools/test_intersect.py::test_intersect_distinctstartofday[startdates3-H-2020-01-20-00:00-idx-Europe/Berlin]" fullname="tests/tools/test_intersect.py::test_intersect_distinctstartofday[startdates3-H-2020-01-20-00:00-idx-Europe/Berlin]" methodname="test_intersect_distinctstartofday[startdates3-H-2020-01-20-00:00-idx-Europe/Berlin]" classname="tests/tools/test_intersect.py" runstate="Runnable" seed="1" result="Passed" label="Test if intersection of indices with distinct frequencies gives correct result." start-time="2024-02-05 13:01:40.216241" end-time="2024-02-05 13:01:40.216767" duration="0.000526" asserts="0"><properties><property name="python-version" value="3.11.7 (main, Dec  4 2023, 18:10:11) [Clang 15.0.0 (clang-1500.1.0.2.5)]" /><property name="fspath" value="tests/tools/test_intersect.py" /></properties><environment framework-version="3.6.2" clr-version="3.11.7 (main, Dec  4 2023, 18:10:11) [Clang 15.0.0 (clang-1500.1.0.2.5)]" os-version="23.3.0" platform="Darwin" cwd="/Users/ruud.wijtvliet/python/portfolyo" machine-name="arm64" user="" user-domain="" culture="en-US" uiculture="en-US" os-architecture="64bit" /><failure><message><![CDATA[]]></message><stack-trace><![CDATA[None]]></stack-trace></failure><reason><message><![CDATA[]]></message></reason><output><![CDATA[]]></output></test-case><test-case id="786" name="tests/tools/test_intersect.py::test_intersect_distinctstartofday[startdates3-H-2020-01-20-00:00-idx-Asia/Kolkata]" fullname="tests/tools/test_intersect.py::test_intersect_distinctstartofday[startdates3-H-2020-01-20-00:00-idx-Asia/Kolkata]" methodname="test_intersect_distinctstartofday[startdates3-H-2020-01-20-00:00-idx-Asia/Kolkata]" classname="tests/tools/test_intersect.py" runstate="Runnable" seed="1" result="Passed" label="Test if intersection of indices with distinct frequencies gives correct result." start-time="2024-02-05 13:01:40.217193" end-time="2024-02-05 13:01:40.217769" duration="0.000576" asserts="0"><properties><property name="python-version" value="3.11.7 (main, Dec  4 2023, 18:10:11) [Clang 15.0.0 (clang-1500.1.0.2.5)]" /><property name="fspath" value="tests/tools/test_intersect.py" /></properties><environment framework-version="3.6.2" clr-version="3.11.7 (main, Dec  4 2023, 18:10:11) [Clang 15.0.0 (clang-1500.1.0.2.5)]" os-version="23.3.0" platform="Darwin" cwd="/Users/ruud.wijtvliet/python/portfolyo" machine-name="arm64" user="" user-domain="" culture="en-US" uiculture="en-US" os-architecture="64bit" /><failure><message><![CDATA[]]></message><stack-trace><![CDATA[None]]></stack-trace></failure><reason><message><![CDATA[]]></message></reason><output><![CDATA[]]></output></test-case><test-case id="787" name="tests/tools/test_intersect.py::test_intersect_distinctstartofday[startdates3-H-2020-01-20-00:00-fr-None]" fullname="tests/tools/test_intersect.py::test_intersect_distinctstartofday[startdates3-H-2020-01-20-00:00-fr-None]" methodname="test_intersect_distinctstartofday[startdates3-H-2020-01-20-00:00-fr-None]" classname="tests/tools/test_intersect.py" runstate="Runnable" seed="1" result="Passed" label="Test if intersection of indices with distinct frequencies gives correct result." start-time="2024-02-05 13:01:40.218199" end-time="2024-02-05 13:01:40.218952" duration="0.000753" asserts="0"><properties><property name="python-version" value="3.11.7 (main, Dec  4 2023, 18:10:11) [Clang 15.0.0 (clang-1500.1.0.2.5)]" /><property name="fspath" value="tests/tools/test_intersect.py" /></properties><environment framework-version="3.6.2" clr-version="3.11.7 (main, Dec  4 2023, 18:10:11) [Clang 15.0.0 (clang-1500.1.0.2.5)]" os-version="23.3.0" platform="Darwin" cwd="/Users/ruud.wijtvliet/python/portfolyo" machine-name="arm64" user="" user-domain="" culture="en-US" uiculture="en-US" os-architecture="64bit" /><failure><message><![CDATA[]]></message><stack-trace><![CDATA[None]]></stack-trace></failure><reason><message><![CDATA[]]></message></reason><output><![CDATA[]]></output></test-case><test-case id="788" name="tests/tools/test_intersect.py::test_intersect_distinctstartofday[startdates3-H-2020-01-20-00:00-fr-Europe/Berlin]" fullname="tests/tools/test_intersect.py::test_intersect_distinctstartofday[startdates3-H-2020-01-20-00:00-fr-Europe/Berlin]" methodname="test_intersect_distinctstartofday[startdates3-H-2020-01-20-00:00-fr-Europe/Berlin]" classname="tests/tools/test_intersect.py" runstate="Runnable" seed="1" result="Passed" label="Test if intersection of indices with distinct frequencies gives correct result." start-time="2024-02-05 13:01:40.219409" end-time="2024-02-05 13:01:40.220403" duration="0.000994" asserts="0"><properties><property name="python-version" value="3.11.7 (main, Dec  4 2023, 18:10:11) [Clang 15.0.0 (clang-1500.1.0.2.5)]" /><property name="fspath" value="tests/tools/test_intersect.py" /></properties><environment framework-version="3.6.2" clr-version="3.11.7 (main, Dec  4 2023, 18:10:11) [Clang 15.0.0 (clang-1500.1.0.2.5)]" os-version="23.3.0" platform="Darwin" cwd="/Users/ruud.wijtvliet/python/portfolyo" machine-name="arm64" user="" user-domain="" culture="en-US" uiculture="en-US" os-architecture="64bit" /><failure><message><![CDATA[]]></message><stack-trace><![CDATA[None]]></stack-trace></failure><reason><message><![CDATA[]]></message></reason><output><![CDATA[]]></output></test-case><test-case id="789" name="tests/tools/test_intersect.py::test_intersect_distinctstartofday[startdates3-H-2020-01-20-00:00-fr-Asia/Kolkata]" fullname="tests/tools/test_intersect.py::test_intersect_distinctstartofday[startdates3-H-2020-01-20-00:00-fr-Asia/Kolkata]" methodname="test_intersect_distinctstartofday[startdates3-H-2020-01-20-00:00-fr-Asia/Kolkata]" classname="tests/tools/test_intersect.py" runstate="Runnable" seed="1" result="Passed" label="Test if intersection of indices with distinct frequencies gives correct result." start-time="2024-02-05 13:01:40.220887" end-time="2024-02-05 13:01:40.221928" duration="0.001041" asserts="0"><properties><property name="python-version" value="3.11.7 (main, Dec  4 2023, 18:10:11) [Clang 15.0.0 (clang-1500.1.0.2.5)]" /><property name="fspath" value="tests/tools/test_intersect.py" /></properties><environment framework-version="3.6.2" clr-version="3.11.7 (main, Dec  4 2023, 18:10:11) [Clang 15.0.0 (clang-1500.1.0.2.5)]" os-version="23.3.0" platform="Darwin" cwd="/Users/ruud.wijtvliet/python/portfolyo" machine-name="arm64" user="" user-domain="" culture="en-US" uiculture="en-US" os-architecture="64bit" /><failure><message><![CDATA[]]></message><stack-trace><![CDATA[None]]></stack-trace></failure><reason><message><![CDATA[]]></message></reason><output><![CDATA[]]></output></test-case><test-case id="790" name="tests/tools/test_intersect.py::test_intersect_distinctstartofday[startdates3-H-2020-01-20-06:00-idx-None]" fullname="tests/tools/test_intersect.py::test_intersect_distinctstartofday[startdates3-H-2020-01-20-06:00-idx-None]" methodname="test_intersect_distinctstartofday[startdates3-H-2020-01-20-06:00-idx-None]" classname="tests/tools/test_intersect.py" runstate="Runnable" seed="1" result="Passed" label="Test if intersection of indices with distinct frequencies gives correct result." start-time="2024-02-05 13:01:40.222351" end-time="2024-02-05 13:01:40.222892" duration="0.000541" asserts="0"><properties><property name="python-version" value="3.11.7 (main, Dec  4 2023, 18:10:11) [Clang 15.0.0 (clang-1500.1.0.2.5)]" /><property name="fspath" value="tests/tools/test_intersect.py" /></properties><environment framework-version="3.6.2" clr-version="3.11.7 (main, Dec  4 2023, 18:10:11) [Clang 15.0.0 (clang-1500.1.0.2.5)]" os-version="23.3.0" platform="Darwin" cwd="/Users/ruud.wijtvliet/python/portfolyo" machine-name="arm64" user="" user-domain="" culture="en-US" uiculture="en-US" os-architecture="64bit" /><failure><message><![CDATA[]]></message><stack-trace><![CDATA[None]]></stack-trace></failure><reason><message><![CDATA[]]></message></reason><output><![CDATA[]]></output></test-case><test-case id="791" name="tests/tools/test_intersect.py::test_intersect_distinctstartofday[startdates3-H-2020-01-20-06:00-idx-Europe/Berlin]" fullname="tests/tools/test_intersect.py::test_intersect_distinctstartofday[startdates3-H-2020-01-20-06:00-idx-Europe/Berlin]" methodname="test_intersect_distinctstartofday[startdates3-H-2020-01-20-06:00-idx-Europe/Berlin]" classname="tests/tools/test_intersect.py" runstate="Runnable" seed="1" result="Passed" label="Test if intersection of indices with distinct frequencies gives correct result." start-time="2024-02-05 13:01:40.223335" end-time="2024-02-05 13:01:40.223911" duration="0.000576" asserts="0"><properties><property name="python-version" value="3.11.7 (main, Dec  4 2023, 18:10:11) [Clang 15.0.0 (clang-1500.1.0.2.5)]" /><property name="fspath" value="tests/tools/test_intersect.py" /></properties><environment framework-version="3.6.2" clr-version="3.11.7 (main, Dec  4 2023, 18:10:11) [Clang 15.0.0 (clang-1500.1.0.2.5)]" os-version="23.3.0" platform="Darwin" cwd="/Users/ruud.wijtvliet/python/portfolyo" machine-name="arm64" user="" user-domain="" culture="en-US" uiculture="en-US" os-architecture="64bit" /><failure><message><![CDATA[]]></message><stack-trace><![CDATA[None]]></stack-trace></failure><reason><message><![CDATA[]]></message></reason><output><![CDATA[]]></output></test-case><test-case id="792" name="tests/tools/test_intersect.py::test_intersect_distinctstartofday[startdates3-H-2020-01-20-06:00-idx-Asia/Kolkata]" fullname="tests/tools/test_intersect.py::test_intersect_distinctstartofday[startdates3-H-2020-01-20-06:00-idx-Asia/Kolkata]" methodname="test_intersect_distinctstartofday[startdates3-H-2020-01-20-06:00-idx-Asia/Kolkata]" classname="tests/tools/test_intersect.py" runstate="Runnable" seed="1" result="Passed" label="Test if intersection of indices with distinct frequencies gives correct result." start-time="2024-02-05 13:01:40.224342" end-time="2024-02-05 13:01:40.224920" duration="0.000578" asserts="0"><properties><property name="python-version" value="3.11.7 (main, Dec  4 2023, 18:10:11) [Clang 15.0.0 (clang-1500.1.0.2.5)]" /><property name="fspath" value="tests/tools/test_intersect.py" /></properties><environment framework-version="3.6.2" clr-version="3.11.7 (main, Dec  4 2023, 18:10:11) [Clang 15.0.0 (clang-1500.1.0.2.5)]" os-version="23.3.0" platform="Darwin" cwd="/Users/ruud.wijtvliet/python/portfolyo" machine-name="arm64" user="" user-domain="" culture="en-US" uiculture="en-US" os-architecture="64bit" /><failure><message><![CDATA[]]></message><stack-trace><![CDATA[None]]></stack-trace></failure><reason><message><![CDATA[]]></message></reason><output><![CDATA[]]></output></test-case><test-case id="793" name="tests/tools/test_intersect.py::test_intersect_distinctstartofday[startdates3-H-2020-01-20-06:00-fr-None]" fullname="tests/tools/test_intersect.py::test_intersect_distinctstartofday[startdates3-H-2020-01-20-06:00-fr-None]" methodname="test_intersect_distinctstartofday[startdates3-H-2020-01-20-06:00-fr-None]" classname="tests/tools/test_intersect.py" runstate="Runnable" seed="1" result="Passed" label="Test if intersection of indices with distinct frequencies gives correct result." start-time="2024-02-05 13:01:40.225344" end-time="2024-02-05 13:01:40.226018" duration="0.000674" asserts="0"><properties><property name="python-version" value="3.11.7 (main, Dec  4 2023, 18:10:11) [Clang 15.0.0 (clang-1500.1.0.2.5)]" /><property name="fspath" value="tests/tools/test_intersect.py" /></properties><environment framework-version="3.6.2" clr-version="3.11.7 (main, Dec  4 2023, 18:10:11) [Clang 15.0.0 (clang-1500.1.0.2.5)]" os-version="23.3.0" platform="Darwin" cwd="/Users/ruud.wijtvliet/python/portfolyo" machine-name="arm64" user="" user-domain="" culture="en-US" uiculture="en-US" os-architecture="64bit" /><failure><message><![CDATA[]]></message><stack-trace><![CDATA[None]]></stack-trace></failure><reason><message><![CDATA[]]></message></reason><output><![CDATA[]]></output></test-case><test-case id="794" name="tests/tools/test_intersect.py::test_intersect_distinctstartofday[startdates3-H-2020-01-20-06:00-fr-Europe/Berlin]" fullname="tests/tools/test_intersect.py::test_intersect_distinctstartofday[startdates3-H-2020-01-20-06:00-fr-Europe/Berlin]" methodname="test_intersect_distinctstartofday[startdates3-H-2020-01-20-06:00-fr-Europe/Berlin]" classname="tests/tools/test_intersect.py" runstate="Runnable" seed="1" result="Passed" label="Test if intersection of indices with distinct frequencies gives correct result." start-time="2024-02-05 13:01:40.226436" end-time="2024-02-05 13:01:40.227165" duration="0.000729" asserts="0"><properties><property name="python-version" value="3.11.7 (main, Dec  4 2023, 18:10:11) [Clang 15.0.0 (clang-1500.1.0.2.5)]" /><property name="fspath" value="tests/tools/test_intersect.py" /></properties><environment framework-version="3.6.2" clr-version="3.11.7 (main, Dec  4 2023, 18:10:11) [Clang 15.0.0 (clang-1500.1.0.2.5)]" os-version="23.3.0" platform="Darwin" cwd="/Users/ruud.wijtvliet/python/portfolyo" machine-name="arm64" user="" user-domain="" culture="en-US" uiculture="en-US" os-architecture="64bit" /><failure><message><![CDATA[]]></message><stack-trace><![CDATA[None]]></stack-trace></failure><reason><message><![CDATA[]]></message></reason><output><![CDATA[]]></output></test-case><test-case id="795" name="tests/tools/test_intersect.py::test_intersect_distinctstartofday[startdates3-H-2020-01-20-06:00-fr-Asia/Kolkata]" fullname="tests/tools/test_intersect.py::test_intersect_distinctstartofday[startdates3-H-2020-01-20-06:00-fr-Asia/Kolkata]" methodname="test_intersect_distinctstartofday[startdates3-H-2020-01-20-06:00-fr-Asia/Kolkata]" classname="tests/tools/test_intersect.py" runstate="Runnable" seed="1" result="Passed" label="Test if intersection of indices with distinct frequencies gives correct result." start-time="2024-02-05 13:01:40.227584" end-time="2024-02-05 13:01:40.228369" duration="0.000785" asserts="0"><properties><property name="python-version" value="3.11.7 (main, Dec  4 2023, 18:10:11) [Clang 15.0.0 (clang-1500.1.0.2.5)]" /><property name="fspath" value="tests/tools/test_intersect.py" /></properties><environment framework-version="3.6.2" clr-version="3.11.7 (main, Dec  4 2023, 18:10:11) [Clang 15.0.0 (clang-1500.1.0.2.5)]" os-version="23.3.0" platform="Darwin" cwd="/Users/ruud.wijtvliet/python/portfolyo" machine-name="arm64" user="" user-domain="" culture="en-US" uiculture="en-US" os-architecture="64bit" /><failure><message><![CDATA[]]></message><stack-trace><![CDATA[None]]></stack-trace></failure><reason><message><![CDATA[]]></message></reason><output><![CDATA[]]></output></test-case><test-case id="796" name="tests/tools/test_intersect.py::test_intersect_distinctstartofday[startdates4-D-2020-01-20-00:00-idx-None]" fullname="tests/tools/test_intersect.py::test_intersect_distinctstartofday[startdates4-D-2020-01-20-00:00-idx-None]" methodname="test_intersect_distinctstartofday[startdates4-D-2020-01-20-00:00-idx-None]" classname="tests/tools/test_intersect.py" runstate="Runnable" seed="1" result="Passed" label="Test if intersection of indices with distinct frequencies gives correct result." start-time="2024-02-05 13:01:40.228800" end-time="2024-02-05 13:01:40.229261" duration="0.000461" asserts="0"><properties><property name="python-version" value="3.11.7 (main, Dec  4 2023, 18:10:11) [Clang 15.0.0 (clang-1500.1.0.2.5)]" /><property name="fspath" value="tests/tools/test_intersect.py" /></properties><environment framework-version="3.6.2" clr-version="3.11.7 (main, Dec  4 2023, 18:10:11) [Clang 15.0.0 (clang-1500.1.0.2.5)]" os-version="23.3.0" platform="Darwin" cwd="/Users/ruud.wijtvliet/python/portfolyo" machine-name="arm64" user="" user-domain="" culture="en-US" uiculture="en-US" os-architecture="64bit" /><failure><message><![CDATA[]]></message><stack-trace><![CDATA[None]]></stack-trace></failure><reason><message><![CDATA[]]></message></reason><output><![CDATA[]]></output></test-case><test-case id="797" name="tests/tools/test_intersect.py::test_intersect_distinctstartofday[startdates4-D-2020-01-20-00:00-idx-Europe/Berlin]" fullname="tests/tools/test_intersect.py::test_intersect_distinctstartofday[startdates4-D-2020-01-20-00:00-idx-Europe/Berlin]" methodname="test_intersect_distinctstartofday[startdates4-D-2020-01-20-00:00-idx-Europe/Berlin]" classname="tests/tools/test_intersect.py" runstate="Runnable" seed="1" result="Passed" label="Test if intersection of indices with distinct frequencies gives correct result." start-time="2024-02-05 13:01:40.229672" end-time="2024-02-05 13:01:40.230948" duration="0.001276" asserts="0"><properties><property name="python-version" value="3.11.7 (main, Dec  4 2023, 18:10:11) [Clang 15.0.0 (clang-1500.1.0.2.5)]" /><property name="fspath" value="tests/tools/test_intersect.py" /></properties><environment framework-version="3.6.2" clr-version="3.11.7 (main, Dec  4 2023, 18:10:11) [Clang 15.0.0 (clang-1500.1.0.2.5)]" os-version="23.3.0" platform="Darwin" cwd="/Users/ruud.wijtvliet/python/portfolyo" machine-name="arm64" user="" user-domain="" culture="en-US" uiculture="en-US" os-architecture="64bit" /><failure><message><![CDATA[]]></message><stack-trace><![CDATA[None]]></stack-trace></failure><reason><message><![CDATA[]]></message></reason><output><![CDATA[]]></output></test-case><test-case id="798" name="tests/tools/test_intersect.py::test_intersect_distinctstartofday[startdates4-D-2020-01-20-00:00-idx-Asia/Kolkata]" fullname="tests/tools/test_intersect.py::test_intersect_distinctstartofday[startdates4-D-2020-01-20-00:00-idx-Asia/Kolkata]" methodname="test_intersect_distinctstartofday[startdates4-D-2020-01-20-00:00-idx-Asia/Kolkata]" classname="tests/tools/test_intersect.py" runstate="Runnable" seed="1" result="Passed" label="Test if intersection of indices with distinct frequencies gives correct result." start-time="2024-02-05 13:01:40.231566" end-time="2024-02-05 13:01:40.232486" duration="0.00092" asserts="0"><properties><property name="python-version" value="3.11.7 (main, Dec  4 2023, 18:10:11) [Clang 15.0.0 (clang-1500.1.0.2.5)]" /><property name="fspath" value="tests/tools/test_intersect.py" /></properties><environment framework-version="3.6.2" clr-version="3.11.7 (main, Dec  4 2023, 18:10:11) [Clang 15.0.0 (clang-1500.1.0.2.5)]" os-version="23.3.0" platform="Darwin" cwd="/Users/ruud.wijtvliet/python/portfolyo" machine-name="arm64" user="" user-domain="" culture="en-US" uiculture="en-US" os-architecture="64bit" /><failure><message><![CDATA[]]></message><stack-trace><![CDATA[None]]></stack-trace></failure><reason><message><![CDATA[]]></message></reason><output><![CDATA[]]></output></test-case><test-case id="799" name="tests/tools/test_intersect.py::test_intersect_distinctstartofday[startdates4-D-2020-01-20-00:00-fr-None]" fullname="tests/tools/test_intersect.py::test_intersect_distinctstartofday[startdates4-D-2020-01-20-00:00-fr-None]" methodname="test_intersect_distinctstartofday[startdates4-D-2020-01-20-00:00-fr-None]" classname="tests/tools/test_intersect.py" runstate="Runnable" seed="1" result="Passed" label="Test if intersection of indices with distinct frequencies gives correct result." start-time="2024-02-05 13:01:40.232996" end-time="2024-02-05 13:01:40.233807" duration="0.000811" asserts="0"><properties><property name="python-version" value="3.11.7 (main, Dec  4 2023, 18:10:11) [Clang 15.0.0 (clang-1500.1.0.2.5)]" /><property name="fspath" value="tests/tools/test_intersect.py" /></properties><environment framework-version="3.6.2" clr-version="3.11.7 (main, Dec  4 2023, 18:10:11) [Clang 15.0.0 (clang-1500.1.0.2.5)]" os-version="23.3.0" platform="Darwin" cwd="/Users/ruud.wijtvliet/python/portfolyo" machine-name="arm64" user="" user-domain="" culture="en-US" uiculture="en-US" os-architecture="64bit" /><failure><message><![CDATA[]]></message><stack-trace><![CDATA[None]]></stack-trace></failure><reason><message><![CDATA[]]></message></reason><output><![CDATA[]]></output></test-case><test-case id="800" name="tests/tools/test_intersect.py::test_intersect_distinctstartofday[startdates4-D-2020-01-20-00:00-fr-Europe/Berlin]" fullname="tests/tools/test_intersect.py::test_intersect_distinctstartofday[startdates4-D-2020-01-20-00:00-fr-Europe/Berlin]" methodname="test_intersect_distinctstartofday[startdates4-D-2020-01-20-00:00-fr-Europe/Berlin]" classname="tests/tools/test_intersect.py" runstate="Runnable" seed="1" result="Passed" label="Test if intersection of indices with distinct frequencies gives correct result." start-time="2024-02-05 13:01:40.234321" end-time="2024-02-05 13:01:40.235623" duration="0.001302" asserts="0"><properties><property name="python-version" value="3.11.7 (main, Dec  4 2023, 18:10:11) [Clang 15.0.0 (clang-1500.1.0.2.5)]" /><property name="fspath" value="tests/tools/test_intersect.py" /></properties><environment framework-version="3.6.2" clr-version="3.11.7 (main, Dec  4 2023, 18:10:11) [Clang 15.0.0 (clang-1500.1.0.2.5)]" os-version="23.3.0" platform="Darwin" cwd="/Users/ruud.wijtvliet/python/portfolyo" machine-name="arm64" user="" user-domain="" culture="en-US" uiculture="en-US" os-architecture="64bit" /><failure><message><![CDATA[]]></message><stack-trace><![CDATA[None]]></stack-trace></failure><reason><message><![CDATA[]]></message></reason><output><![CDATA[]]></output></test-case><test-case id="801" name="tests/tools/test_intersect.py::test_intersect_distinctstartofday[startdates4-D-2020-01-20-00:00-fr-Asia/Kolkata]" fullname="tests/tools/test_intersect.py::test_intersect_distinctstartofday[startdates4-D-2020-01-20-00:00-fr-Asia/Kolkata]" methodname="test_intersect_distinctstartofday[startdates4-D-2020-01-20-00:00-fr-Asia/Kolkata]" classname="tests/tools/test_intersect.py" runstate="Runnable" seed="1" result="Passed" label="Test if intersection of indices with distinct frequencies gives correct result." start-time="2024-02-05 13:01:40.236130" end-time="2024-02-05 13:01:40.237195" duration="0.001065" asserts="0"><properties><property name="python-version" value="3.11.7 (main, Dec  4 2023, 18:10:11) [Clang 15.0.0 (clang-1500.1.0.2.5)]" /><property name="fspath" value="tests/tools/test_intersect.py" /></properties><environment framework-version="3.6.2" clr-version="3.11.7 (main, Dec  4 2023, 18:10:11) [Clang 15.0.0 (clang-1500.1.0.2.5)]" os-version="23.3.0" platform="Darwin" cwd="/Users/ruud.wijtvliet/python/portfolyo" machine-name="arm64" user="" user-domain="" culture="en-US" uiculture="en-US" os-architecture="64bit" /><failure><message><![CDATA[]]></message><stack-trace><![CDATA[None]]></stack-trace></failure><reason><message><![CDATA[]]></message></reason><output><![CDATA[]]></output></test-case><test-case id="802" name="tests/tools/test_intersect.py::test_intersect_distinctstartofday[startdates4-D-2020-01-20-06:00-idx-None]" fullname="tests/tools/test_intersect.py::test_intersect_distinctstartofday[startdates4-D-2020-01-20-06:00-idx-None]" methodname="test_intersect_distinctstartofday[startdates4-D-2020-01-20-06:00-idx-None]" classname="tests/tools/test_intersect.py" runstate="Runnable" seed="1" result="Passed" label="Test if intersection of indices with distinct frequencies gives correct result." start-time="2024-02-05 13:01:40.237680" end-time="2024-02-05 13:01:40.238177" duration="0.000497" asserts="0"><properties><property name="python-version" value="3.11.7 (main, Dec  4 2023, 18:10:11) [Clang 15.0.0 (clang-1500.1.0.2.5)]" /><property name="fspath" value="tests/tools/test_intersect.py" /></properties><environment framework-version="3.6.2" clr-version="3.11.7 (main, Dec  4 2023, 18:10:11) [Clang 15.0.0 (clang-1500.1.0.2.5)]" os-version="23.3.0" platform="Darwin" cwd="/Users/ruud.wijtvliet/python/portfolyo" machine-name="arm64" user="" user-domain="" culture="en-US" uiculture="en-US" os-architecture="64bit" /><failure><message><![CDATA[]]></message><stack-trace><![CDATA[None]]></stack-trace></failure><reason><message><![CDATA[]]></message></reason><output><![CDATA[]]></output></test-case><test-case id="803" name="tests/tools/test_intersect.py::test_intersect_distinctstartofday[startdates4-D-2020-01-20-06:00-idx-Europe/Berlin]" fullname="tests/tools/test_intersect.py::test_intersect_distinctstartofday[startdates4-D-2020-01-20-06:00-idx-Europe/Berlin]" methodname="test_intersect_distinctstartofday[startdates4-D-2020-01-20-06:00-idx-Europe/Berlin]" classname="tests/tools/test_intersect.py" runstate="Runnable" seed="1" result="Passed" label="Test if intersection of indices with distinct frequencies gives correct result." start-time="2024-02-05 13:01:40.238670" end-time="2024-02-05 13:01:40.239692" duration="0.001022" asserts="0"><properties><property name="python-version" value="3.11.7 (main, Dec  4 2023, 18:10:11) [Clang 15.0.0 (clang-1500.1.0.2.5)]" /><property name="fspath" value="tests/tools/test_intersect.py" /></properties><environment framework-version="3.6.2" clr-version="3.11.7 (main, Dec  4 2023, 18:10:11) [Clang 15.0.0 (clang-1500.1.0.2.5)]" os-version="23.3.0" platform="Darwin" cwd="/Users/ruud.wijtvliet/python/portfolyo" machine-name="arm64" user="" user-domain="" culture="en-US" uiculture="en-US" os-architecture="64bit" /><failure><message><![CDATA[]]></message><stack-trace><![CDATA[None]]></stack-trace></failure><reason><message><![CDATA[]]></message></reason><output><![CDATA[]]></output></test-case><test-case id="804" name="tests/tools/test_intersect.py::test_intersect_distinctstartofday[startdates4-D-2020-01-20-06:00-idx-Asia/Kolkata]" fullname="tests/tools/test_intersect.py::test_intersect_distinctstartofday[startdates4-D-2020-01-20-06:00-idx-Asia/Kolkata]" methodname="test_intersect_distinctstartofday[startdates4-D-2020-01-20-06:00-idx-Asia/Kolkata]" classname="tests/tools/test_intersect.py" runstate="Runnable" seed="1" result="Passed" label="Test if intersection of indices with distinct frequencies gives correct result." start-time="2024-02-05 13:01:40.240187" end-time="2024-02-05 13:01:40.241198" duration="0.001011" asserts="0"><properties><property name="python-version" value="3.11.7 (main, Dec  4 2023, 18:10:11) [Clang 15.0.0 (clang-1500.1.0.2.5)]" /><property name="fspath" value="tests/tools/test_intersect.py" /></properties><environment framework-version="3.6.2" clr-version="3.11.7 (main, Dec  4 2023, 18:10:11) [Clang 15.0.0 (clang-1500.1.0.2.5)]" os-version="23.3.0" platform="Darwin" cwd="/Users/ruud.wijtvliet/python/portfolyo" machine-name="arm64" user="" user-domain="" culture="en-US" uiculture="en-US" os-architecture="64bit" /><failure><message><![CDATA[]]></message><stack-trace><![CDATA[None]]></stack-trace></failure><reason><message><![CDATA[]]></message></reason><output><![CDATA[]]></output></test-case><test-case id="805" name="tests/tools/test_intersect.py::test_intersect_distinctstartofday[startdates4-D-2020-01-20-06:00-fr-None]" fullname="tests/tools/test_intersect.py::test_intersect_distinctstartofday[startdates4-D-2020-01-20-06:00-fr-None]" methodname="test_intersect_distinctstartofday[startdates4-D-2020-01-20-06:00-fr-None]" classname="tests/tools/test_intersect.py" runstate="Runnable" seed="1" result="Passed" label="Test if intersection of indices with distinct frequencies gives correct result." start-time="2024-02-05 13:01:40.241720" end-time="2024-02-05 13:01:40.242403" duration="0.000683" asserts="0"><properties><property name="python-version" value="3.11.7 (main, Dec  4 2023, 18:10:11) [Clang 15.0.0 (clang-1500.1.0.2.5)]" /><property name="fspath" value="tests/tools/test_intersect.py" /></properties><environment framework-version="3.6.2" clr-version="3.11.7 (main, Dec  4 2023, 18:10:11) [Clang 15.0.0 (clang-1500.1.0.2.5)]" os-version="23.3.0" platform="Darwin" cwd="/Users/ruud.wijtvliet/python/portfolyo" machine-name="arm64" user="" user-domain="" culture="en-US" uiculture="en-US" os-architecture="64bit" /><failure><message><![CDATA[]]></message><stack-trace><![CDATA[None]]></stack-trace></failure><reason><message><![CDATA[]]></message></reason><output><![CDATA[]]></output></test-case><test-case id="806" name="tests/tools/test_intersect.py::test_intersect_distinctstartofday[startdates4-D-2020-01-20-06:00-fr-Europe/Berlin]" fullname="tests/tools/test_intersect.py::test_intersect_distinctstartofday[startdates4-D-2020-01-20-06:00-fr-Europe/Berlin]" methodname="test_intersect_distinctstartofday[startdates4-D-2020-01-20-06:00-fr-Europe/Berlin]" classname="tests/tools/test_intersect.py" runstate="Runnable" seed="1" result="Passed" label="Test if intersection of indices with distinct frequencies gives correct result." start-time="2024-02-05 13:01:40.242844" end-time="2024-02-05 13:01:40.243937" duration="0.001093" asserts="0"><properties><property name="python-version" value="3.11.7 (main, Dec  4 2023, 18:10:11) [Clang 15.0.0 (clang-1500.1.0.2.5)]" /><property name="fspath" value="tests/tools/test_intersect.py" /></properties><environment framework-version="3.6.2" clr-version="3.11.7 (main, Dec  4 2023, 18:10:11) [Clang 15.0.0 (clang-1500.1.0.2.5)]" os-version="23.3.0" platform="Darwin" cwd="/Users/ruud.wijtvliet/python/portfolyo" machine-name="arm64" user="" user-domain="" culture="en-US" uiculture="en-US" os-architecture="64bit" /><failure><message><![CDATA[]]></message><stack-trace><![CDATA[None]]></stack-trace></failure><reason><message><![CDATA[]]></message></reason><output><![CDATA[]]></output></test-case><test-case id="807" name="tests/tools/test_intersect.py::test_intersect_distinctstartofday[startdates4-D-2020-01-20-06:00-fr-Asia/Kolkata]" fullname="tests/tools/test_intersect.py::test_intersect_distinctstartofday[startdates4-D-2020-01-20-06:00-fr-Asia/Kolkata]" methodname="test_intersect_distinctstartofday[startdates4-D-2020-01-20-06:00-fr-Asia/Kolkata]" classname="tests/tools/test_intersect.py" runstate="Runnable" seed="1" result="Passed" label="Test if intersection of indices with distinct frequencies gives correct result." start-time="2024-02-05 13:01:40.244384" end-time="2024-02-05 13:01:40.245444" duration="0.00106" asserts="0"><properties><property name="python-version" value="3.11.7 (main, Dec  4 2023, 18:10:11) [Clang 15.0.0 (clang-1500.1.0.2.5)]" /><property name="fspath" value="tests/tools/test_intersect.py" /></properties><environment framework-version="3.6.2" clr-version="3.11.7 (main, Dec  4 2023, 18:10:11) [Clang 15.0.0 (clang-1500.1.0.2.5)]" os-version="23.3.0" platform="Darwin" cwd="/Users/ruud.wijtvliet/python/portfolyo" machine-name="arm64" user="" user-domain="" culture="en-US" uiculture="en-US" os-architecture="64bit" /><failure><message><![CDATA[]]></message><stack-trace><![CDATA[None]]></stack-trace></failure><reason><message><![CDATA[]]></message></reason><output><![CDATA[]]></output></test-case><test-case id="808" name="tests/tools/test_intersect.py::test_intersect_distinctstartofday[startdates5-D-2020-01-20-00:00-idx-None]" fullname="tests/tools/test_intersect.py::test_intersect_distinctstartofday[startdates5-D-2020-01-20-00:00-idx-None]" methodname="test_intersect_distinctstartofday[startdates5-D-2020-01-20-00:00-idx-None]" classname="tests/tools/test_intersect.py" runstate="Runnable" seed="1" result="Passed" label="Test if intersection of indices with distinct frequencies gives correct result." start-time="2024-02-05 13:01:40.245885" end-time="2024-02-05 13:01:40.246350" duration="0.000465" asserts="0"><properties><property name="python-version" value="3.11.7 (main, Dec  4 2023, 18:10:11) [Clang 15.0.0 (clang-1500.1.0.2.5)]" /><property name="fspath" value="tests/tools/test_intersect.py" /></properties><environment framework-version="3.6.2" clr-version="3.11.7 (main, Dec  4 2023, 18:10:11) [Clang 15.0.0 (clang-1500.1.0.2.5)]" os-version="23.3.0" platform="Darwin" cwd="/Users/ruud.wijtvliet/python/portfolyo" machine-name="arm64" user="" user-domain="" culture="en-US" uiculture="en-US" os-architecture="64bit" /><failure><message><![CDATA[]]></message><stack-trace><![CDATA[None]]></stack-trace></failure><reason><message><![CDATA[]]></message></reason><output><![CDATA[]]></output></test-case><test-case id="809" name="tests/tools/test_intersect.py::test_intersect_distinctstartofday[startdates5-D-2020-01-20-00:00-idx-Europe/Berlin]" fullname="tests/tools/test_intersect.py::test_intersect_distinctstartofday[startdates5-D-2020-01-20-00:00-idx-Europe/Berlin]" methodname="test_intersect_distinctstartofday[startdates5-D-2020-01-20-00:00-idx-Europe/Berlin]" classname="tests/tools/test_intersect.py" runstate="Runnable" seed="1" result="Passed" label="Test if intersection of indices with distinct frequencies gives correct result." start-time="2024-02-05 13:01:40.246748" end-time="2024-02-05 13:01:40.247610" duration="0.000862" asserts="0"><properties><property name="python-version" value="3.11.7 (main, Dec  4 2023, 18:10:11) [Clang 15.0.0 (clang-1500.1.0.2.5)]" /><property name="fspath" value="tests/tools/test_intersect.py" /></properties><environment framework-version="3.6.2" clr-version="3.11.7 (main, Dec  4 2023, 18:10:11) [Clang 15.0.0 (clang-1500.1.0.2.5)]" os-version="23.3.0" platform="Darwin" cwd="/Users/ruud.wijtvliet/python/portfolyo" machine-name="arm64" user="" user-domain="" culture="en-US" uiculture="en-US" os-architecture="64bit" /><failure><message><![CDATA[]]></message><stack-trace><![CDATA[None]]></stack-trace></failure><reason><message><![CDATA[]]></message></reason><output><![CDATA[]]></output></test-case><test-case id="810" name="tests/tools/test_intersect.py::test_intersect_distinctstartofday[startdates5-D-2020-01-20-00:00-idx-Asia/Kolkata]" fullname="tests/tools/test_intersect.py::test_intersect_distinctstartofday[startdates5-D-2020-01-20-00:00-idx-Asia/Kolkata]" methodname="test_intersect_distinctstartofday[startdates5-D-2020-01-20-00:00-idx-Asia/Kolkata]" classname="tests/tools/test_intersect.py" runstate="Runnable" seed="1" result="Passed" label="Test if intersection of indices with distinct frequencies gives correct result." start-time="2024-02-05 13:01:40.248023" end-time="2024-02-05 13:01:40.248756" duration="0.000733" asserts="0"><properties><property name="python-version" value="3.11.7 (main, Dec  4 2023, 18:10:11) [Clang 15.0.0 (clang-1500.1.0.2.5)]" /><property name="fspath" value="tests/tools/test_intersect.py" /></properties><environment framework-version="3.6.2" clr-version="3.11.7 (main, Dec  4 2023, 18:10:11) [Clang 15.0.0 (clang-1500.1.0.2.5)]" os-version="23.3.0" platform="Darwin" cwd="/Users/ruud.wijtvliet/python/portfolyo" machine-name="arm64" user="" user-domain="" culture="en-US" uiculture="en-US" os-architecture="64bit" /><failure><message><![CDATA[]]></message><stack-trace><![CDATA[None]]></stack-trace></failure><reason><message><![CDATA[]]></message></reason><output><![CDATA[]]></output></test-case><test-case id="811" name="tests/tools/test_intersect.py::test_intersect_distinctstartofday[startdates5-D-2020-01-20-00:00-fr-None]" fullname="tests/tools/test_intersect.py::test_intersect_distinctstartofday[startdates5-D-2020-01-20-00:00-fr-None]" methodname="test_intersect_distinctstartofday[startdates5-D-2020-01-20-00:00-fr-None]" classname="tests/tools/test_intersect.py" runstate="Runnable" seed="1" result="Passed" label="Test if intersection of indices with distinct frequencies gives correct result." start-time="2024-02-05 13:01:40.249162" end-time="2024-02-05 13:01:40.249772" duration="0.00061" asserts="0"><properties><property name="python-version" value="3.11.7 (main, Dec  4 2023, 18:10:11) [Clang 15.0.0 (clang-1500.1.0.2.5)]" /><property name="fspath" value="tests/tools/test_intersect.py" /></properties><environment framework-version="3.6.2" clr-version="3.11.7 (main, Dec  4 2023, 18:10:11) [Clang 15.0.0 (clang-1500.1.0.2.5)]" os-version="23.3.0" platform="Darwin" cwd="/Users/ruud.wijtvliet/python/portfolyo" machine-name="arm64" user="" user-domain="" culture="en-US" uiculture="en-US" os-architecture="64bit" /><failure><message><![CDATA[]]></message><stack-trace><![CDATA[None]]></stack-trace></failure><reason><message><![CDATA[]]></message></reason><output><![CDATA[]]></output></test-case><test-case id="812" name="tests/tools/test_intersect.py::test_intersect_distinctstartofday[startdates5-D-2020-01-20-00:00-fr-Europe/Berlin]" fullname="tests/tools/test_intersect.py::test_intersect_distinctstartofday[startdates5-D-2020-01-20-00:00-fr-Europe/Berlin]" methodname="test_intersect_distinctstartofday[startdates5-D-2020-01-20-00:00-fr-Europe/Berlin]" classname="tests/tools/test_intersect.py" runstate="Runnable" seed="1" result="Passed" label="Test if intersection of indices with distinct frequencies gives correct result." start-time="2024-02-05 13:01:40.250206" end-time="2024-02-05 13:01:40.251696" duration="0.00149" asserts="0"><properties><property name="python-version" value="3.11.7 (main, Dec  4 2023, 18:10:11) [Clang 15.0.0 (clang-1500.1.0.2.5)]" /><property name="fspath" value="tests/tools/test_intersect.py" /></properties><environment framework-version="3.6.2" clr-version="3.11.7 (main, Dec  4 2023, 18:10:11) [Clang 15.0.0 (clang-1500.1.0.2.5)]" os-version="23.3.0" platform="Darwin" cwd="/Users/ruud.wijtvliet/python/portfolyo" machine-name="arm64" user="" user-domain="" culture="en-US" uiculture="en-US" os-architecture="64bit" /><failure><message><![CDATA[]]></message><stack-trace><![CDATA[None]]></stack-trace></failure><reason><message><![CDATA[]]></message></reason><output><![CDATA[]]></output></test-case><test-case id="813" name="tests/tools/test_intersect.py::test_intersect_distinctstartofday[startdates5-D-2020-01-20-00:00-fr-Asia/Kolkata]" fullname="tests/tools/test_intersect.py::test_intersect_distinctstartofday[startdates5-D-2020-01-20-00:00-fr-Asia/Kolkata]" methodname="test_intersect_distinctstartofday[startdates5-D-2020-01-20-00:00-fr-Asia/Kolkata]" classname="tests/tools/test_intersect.py" runstate="Runnable" seed="1" result="Passed" label="Test if intersection of indices with distinct frequencies gives correct result." start-time="2024-02-05 13:01:40.252239" end-time="2024-02-05 13:01:40.253261" duration="0.001022" asserts="0"><properties><property name="python-version" value="3.11.7 (main, Dec  4 2023, 18:10:11) [Clang 15.0.0 (clang-1500.1.0.2.5)]" /><property name="fspath" value="tests/tools/test_intersect.py" /></properties><environment framework-version="3.6.2" clr-version="3.11.7 (main, Dec  4 2023, 18:10:11) [Clang 15.0.0 (clang-1500.1.0.2.5)]" os-version="23.3.0" platform="Darwin" cwd="/Users/ruud.wijtvliet/python/portfolyo" machine-name="arm64" user="" user-domain="" culture="en-US" uiculture="en-US" os-architecture="64bit" /><failure><message><![CDATA[]]></message><stack-trace><![CDATA[None]]></stack-trace></failure><reason><message><![CDATA[]]></message></reason><output><![CDATA[]]></output></test-case><test-case id="814" name="tests/tools/test_intersect.py::test_intersect_distinctstartofday[startdates5-D-2020-01-20-06:00-idx-None]" fullname="tests/tools/test_intersect.py::test_intersect_distinctstartofday[startdates5-D-2020-01-20-06:00-idx-None]" methodname="test_intersect_distinctstartofday[startdates5-D-2020-01-20-06:00-idx-None]" classname="tests/tools/test_intersect.py" runstate="Runnable" seed="1" result="Passed" label="Test if intersection of indices with distinct frequencies gives correct result." start-time="2024-02-05 13:01:40.253692" end-time="2024-02-05 13:01:40.254191" duration="0.000499" asserts="0"><properties><property name="python-version" value="3.11.7 (main, Dec  4 2023, 18:10:11) [Clang 15.0.0 (clang-1500.1.0.2.5)]" /><property name="fspath" value="tests/tools/test_intersect.py" /></properties><environment framework-version="3.6.2" clr-version="3.11.7 (main, Dec  4 2023, 18:10:11) [Clang 15.0.0 (clang-1500.1.0.2.5)]" os-version="23.3.0" platform="Darwin" cwd="/Users/ruud.wijtvliet/python/portfolyo" machine-name="arm64" user="" user-domain="" culture="en-US" uiculture="en-US" os-architecture="64bit" /><failure><message><![CDATA[]]></message><stack-trace><![CDATA[None]]></stack-trace></failure><reason><message><![CDATA[]]></message></reason><output><![CDATA[]]></output></test-case><test-case id="815" name="tests/tools/test_intersect.py::test_intersect_distinctstartofday[startdates5-D-2020-01-20-06:00-idx-Europe/Berlin]" fullname="tests/tools/test_intersect.py::test_intersect_distinctstartofday[startdates5-D-2020-01-20-06:00-idx-Europe/Berlin]" methodname="test_intersect_distinctstartofday[startdates5-D-2020-01-20-06:00-idx-Europe/Berlin]" classname="tests/tools/test_intersect.py" runstate="Runnable" seed="1" result="Passed" label="Test if intersection of indices with distinct frequencies gives correct result." start-time="2024-02-05 13:01:40.254626" end-time="2024-02-05 13:01:40.255634" duration="0.001008" asserts="0"><properties><property name="python-version" value="3.11.7 (main, Dec  4 2023, 18:10:11) [Clang 15.0.0 (clang-1500.1.0.2.5)]" /><property name="fspath" value="tests/tools/test_intersect.py" /></properties><environment framework-version="3.6.2" clr-version="3.11.7 (main, Dec  4 2023, 18:10:11) [Clang 15.0.0 (clang-1500.1.0.2.5)]" os-version="23.3.0" platform="Darwin" cwd="/Users/ruud.wijtvliet/python/portfolyo" machine-name="arm64" user="" user-domain="" culture="en-US" uiculture="en-US" os-architecture="64bit" /><failure><message><![CDATA[]]></message><stack-trace><![CDATA[None]]></stack-trace></failure><reason><message><![CDATA[]]></message></reason><output><![CDATA[]]></output></test-case><test-case id="816" name="tests/tools/test_intersect.py::test_intersect_distinctstartofday[startdates5-D-2020-01-20-06:00-idx-Asia/Kolkata]" fullname="tests/tools/test_intersect.py::test_intersect_distinctstartofday[startdates5-D-2020-01-20-06:00-idx-Asia/Kolkata]" methodname="test_intersect_distinctstartofday[startdates5-D-2020-01-20-06:00-idx-Asia/Kolkata]" classname="tests/tools/test_intersect.py" runstate="Runnable" seed="1" result="Passed" label="Test if intersection of indices with distinct frequencies gives correct result." start-time="2024-02-05 13:01:40.256112" end-time="2024-02-05 13:01:40.257033" duration="0.000921" asserts="0"><properties><property name="python-version" value="3.11.7 (main, Dec  4 2023, 18:10:11) [Clang 15.0.0 (clang-1500.1.0.2.5)]" /><property name="fspath" value="tests/tools/test_intersect.py" /></properties><environment framework-version="3.6.2" clr-version="3.11.7 (main, Dec  4 2023, 18:10:11) [Clang 15.0.0 (clang-1500.1.0.2.5)]" os-version="23.3.0" platform="Darwin" cwd="/Users/ruud.wijtvliet/python/portfolyo" machine-name="arm64" user="" user-domain="" culture="en-US" uiculture="en-US" os-architecture="64bit" /><failure><message><![CDATA[]]></message><stack-trace><![CDATA[None]]></stack-trace></failure><reason><message><![CDATA[]]></message></reason><output><![CDATA[]]></output></test-case><test-case id="817" name="tests/tools/test_intersect.py::test_intersect_distinctstartofday[startdates5-D-2020-01-20-06:00-fr-None]" fullname="tests/tools/test_intersect.py::test_intersect_distinctstartofday[startdates5-D-2020-01-20-06:00-fr-None]" methodname="test_intersect_distinctstartofday[startdates5-D-2020-01-20-06:00-fr-None]" classname="tests/tools/test_intersect.py" runstate="Runnable" seed="1" result="Passed" label="Test if intersection of indices with distinct frequencies gives correct result." start-time="2024-02-05 13:01:40.257453" end-time="2024-02-05 13:01:40.258112" duration="0.000659" asserts="0"><properties><property name="python-version" value="3.11.7 (main, Dec  4 2023, 18:10:11) [Clang 15.0.0 (clang-1500.1.0.2.5)]" /><property name="fspath" value="tests/tools/test_intersect.py" /></properties><environment framework-version="3.6.2" clr-version="3.11.7 (main, Dec  4 2023, 18:10:11) [Clang 15.0.0 (clang-1500.1.0.2.5)]" os-version="23.3.0" platform="Darwin" cwd="/Users/ruud.wijtvliet/python/portfolyo" machine-name="arm64" user="" user-domain="" culture="en-US" uiculture="en-US" os-architecture="64bit" /><failure><message><![CDATA[]]></message><stack-trace><![CDATA[None]]></stack-trace></failure><reason><message><![CDATA[]]></message></reason><output><![CDATA[]]></output></test-case><test-case id="818" name="tests/tools/test_intersect.py::test_intersect_distinctstartofday[startdates5-D-2020-01-20-06:00-fr-Europe/Berlin]" fullname="tests/tools/test_intersect.py::test_intersect_distinctstartofday[startdates5-D-2020-01-20-06:00-fr-Europe/Berlin]" methodname="test_intersect_distinctstartofday[startdates5-D-2020-01-20-06:00-fr-Europe/Berlin]" classname="tests/tools/test_intersect.py" runstate="Runnable" seed="1" result="Passed" label="Test if intersection of indices with distinct frequencies gives correct result." start-time="2024-02-05 13:01:40.258537" end-time="2024-02-05 13:01:40.259636" duration="0.001099" asserts="0"><properties><property name="python-version" value="3.11.7 (main, Dec  4 2023, 18:10:11) [Clang 15.0.0 (clang-1500.1.0.2.5)]" /><property name="fspath" value="tests/tools/test_intersect.py" /></properties><environment framework-version="3.6.2" clr-version="3.11.7 (main, Dec  4 2023, 18:10:11) [Clang 15.0.0 (clang-1500.1.0.2.5)]" os-version="23.3.0" platform="Darwin" cwd="/Users/ruud.wijtvliet/python/portfolyo" machine-name="arm64" user="" user-domain="" culture="en-US" uiculture="en-US" os-architecture="64bit" /><failure><message><![CDATA[]]></message><stack-trace><![CDATA[None]]></stack-trace></failure><reason><message><![CDATA[]]></message></reason><output><![CDATA[]]></output></test-case><test-case id="819" name="tests/tools/test_intersect.py::test_intersect_distinctstartofday[startdates5-D-2020-01-20-06:00-fr-Asia/Kolkata]" fullname="tests/tools/test_intersect.py::test_intersect_distinctstartofday[startdates5-D-2020-01-20-06:00-fr-Asia/Kolkata]" methodname="test_intersect_distinctstartofday[startdates5-D-2020-01-20-06:00-fr-Asia/Kolkata]" classname="tests/tools/test_intersect.py" runstate="Runnable" seed="1" result="Passed" label="Test if intersection of indices with distinct frequencies gives correct result." start-time="2024-02-05 13:01:40.260099" end-time="2024-02-05 13:01:40.261073" duration="0.000974" asserts="0"><properties><property name="python-version" value="3.11.7 (main, Dec  4 2023, 18:10:11) [Clang 15.0.0 (clang-1500.1.0.2.5)]" /><property name="fspath" value="tests/tools/test_intersect.py" /></properties><environment framework-version="3.6.2" clr-version="3.11.7 (main, Dec  4 2023, 18:10:11) [Clang 15.0.0 (clang-1500.1.0.2.5)]" os-version="23.3.0" platform="Darwin" cwd="/Users/ruud.wijtvliet/python/portfolyo" machine-name="arm64" user="" user-domain="" culture="en-US" uiculture="en-US" os-architecture="64bit" /><failure><message><![CDATA[]]></message><stack-trace><![CDATA[None]]></stack-trace></failure><reason><message><![CDATA[]]></message></reason><output><![CDATA[]]></output></test-case><test-case id="820" name="tests/tools/test_intersect.py::test_intersect_distinctstartofday[startdates6-MS-2020-03-01-00:00-idx-None]" fullname="tests/tools/test_intersect.py::test_intersect_distinctstartofday[startdates6-MS-2020-03-01-00:00-idx-None]" methodname="test_intersect_distinctstartofday[startdates6-MS-2020-03-01-00:00-idx-None]" classname="tests/tools/test_intersect.py" runstate="Runnable" seed="1" result="Passed" label="Test if intersection of indices with distinct frequencies gives correct result." start-time="2024-02-05 13:01:40.261513" end-time="2024-02-05 13:01:40.262090" duration="0.000577" asserts="0"><properties><property name="python-version" value="3.11.7 (main, Dec  4 2023, 18:10:11) [Clang 15.0.0 (clang-1500.1.0.2.5)]" /><property name="fspath" value="tests/tools/test_intersect.py" /></properties><environment framework-version="3.6.2" clr-version="3.11.7 (main, Dec  4 2023, 18:10:11) [Clang 15.0.0 (clang-1500.1.0.2.5)]" os-version="23.3.0" platform="Darwin" cwd="/Users/ruud.wijtvliet/python/portfolyo" machine-name="arm64" user="" user-domain="" culture="en-US" uiculture="en-US" os-architecture="64bit" /><failure><message><![CDATA[]]></message><stack-trace><![CDATA[None]]></stack-trace></failure><reason><message><![CDATA[]]></message></reason><output><![CDATA[]]></output></test-case><test-case id="821" name="tests/tools/test_intersect.py::test_intersect_distinctstartofday[startdates6-MS-2020-03-01-00:00-idx-Europe/Berlin]" fullname="tests/tools/test_intersect.py::test_intersect_distinctstartofday[startdates6-MS-2020-03-01-00:00-idx-Europe/Berlin]" methodname="test_intersect_distinctstartofday[startdates6-MS-2020-03-01-00:00-idx-Europe/Berlin]" classname="tests/tools/test_intersect.py" runstate="Runnable" seed="1" result="Passed" label="Test if intersection of indices with distinct frequencies gives correct result." start-time="2024-02-05 13:01:40.262520" end-time="2024-02-05 13:01:40.263361" duration="0.000841" asserts="0"><properties><property name="python-version" value="3.11.7 (main, Dec  4 2023, 18:10:11) [Clang 15.0.0 (clang-1500.1.0.2.5)]" /><property name="fspath" value="tests/tools/test_intersect.py" /></properties><environment framework-version="3.6.2" clr-version="3.11.7 (main, Dec  4 2023, 18:10:11) [Clang 15.0.0 (clang-1500.1.0.2.5)]" os-version="23.3.0" platform="Darwin" cwd="/Users/ruud.wijtvliet/python/portfolyo" machine-name="arm64" user="" user-domain="" culture="en-US" uiculture="en-US" os-architecture="64bit" /><failure><message><![CDATA[]]></message><stack-trace><![CDATA[None]]></stack-trace></failure><reason><message><![CDATA[]]></message></reason><output><![CDATA[]]></output></test-case><test-case id="822" name="tests/tools/test_intersect.py::test_intersect_distinctstartofday[startdates6-MS-2020-03-01-00:00-idx-Asia/Kolkata]" fullname="tests/tools/test_intersect.py::test_intersect_distinctstartofday[startdates6-MS-2020-03-01-00:00-idx-Asia/Kolkata]" methodname="test_intersect_distinctstartofday[startdates6-MS-2020-03-01-00:00-idx-Asia/Kolkata]" classname="tests/tools/test_intersect.py" runstate="Runnable" seed="1" result="Passed" label="Test if intersection of indices with distinct frequencies gives correct result." start-time="2024-02-05 13:01:40.263800" end-time="2024-02-05 13:01:40.264862" duration="0.001062" asserts="0"><properties><property name="python-version" value="3.11.7 (main, Dec  4 2023, 18:10:11) [Clang 15.0.0 (clang-1500.1.0.2.5)]" /><property name="fspath" value="tests/tools/test_intersect.py" /></properties><environment framework-version="3.6.2" clr-version="3.11.7 (main, Dec  4 2023, 18:10:11) [Clang 15.0.0 (clang-1500.1.0.2.5)]" os-version="23.3.0" platform="Darwin" cwd="/Users/ruud.wijtvliet/python/portfolyo" machine-name="arm64" user="" user-domain="" culture="en-US" uiculture="en-US" os-architecture="64bit" /><failure><message><![CDATA[]]></message><stack-trace><![CDATA[None]]></stack-trace></failure><reason><message><![CDATA[]]></message></reason><output><![CDATA[]]></output></test-case><test-case id="823" name="tests/tools/test_intersect.py::test_intersect_distinctstartofday[startdates6-MS-2020-03-01-00:00-fr-None]" fullname="tests/tools/test_intersect.py::test_intersect_distinctstartofday[startdates6-MS-2020-03-01-00:00-fr-None]" methodname="test_intersect_distinctstartofday[startdates6-MS-2020-03-01-00:00-fr-None]" classname="tests/tools/test_intersect.py" runstate="Runnable" seed="1" result="Passed" label="Test if intersection of indices with distinct frequencies gives correct result." start-time="2024-02-05 13:01:40.265434" end-time="2024-02-05 13:01:40.266336" duration="0.000902" asserts="0"><properties><property name="python-version" value="3.11.7 (main, Dec  4 2023, 18:10:11) [Clang 15.0.0 (clang-1500.1.0.2.5)]" /><property name="fspath" value="tests/tools/test_intersect.py" /></properties><environment framework-version="3.6.2" clr-version="3.11.7 (main, Dec  4 2023, 18:10:11) [Clang 15.0.0 (clang-1500.1.0.2.5)]" os-version="23.3.0" platform="Darwin" cwd="/Users/ruud.wijtvliet/python/portfolyo" machine-name="arm64" user="" user-domain="" culture="en-US" uiculture="en-US" os-architecture="64bit" /><failure><message><![CDATA[]]></message><stack-trace><![CDATA[None]]></stack-trace></failure><reason><message><![CDATA[]]></message></reason><output><![CDATA[]]></output></test-case><test-case id="824" name="tests/tools/test_intersect.py::test_intersect_distinctstartofday[startdates6-MS-2020-03-01-00:00-fr-Europe/Berlin]" fullname="tests/tools/test_intersect.py::test_intersect_distinctstartofday[startdates6-MS-2020-03-01-00:00-fr-Europe/Berlin]" methodname="test_intersect_distinctstartofday[startdates6-MS-2020-03-01-00:00-fr-Europe/Berlin]" classname="tests/tools/test_intersect.py" runstate="Runnable" seed="1" result="Passed" label="Test if intersection of indices with distinct frequencies gives correct result." start-time="2024-02-05 13:01:40.266846" end-time="2024-02-05 13:01:40.267887" duration="0.001041" asserts="0"><properties><property name="python-version" value="3.11.7 (main, Dec  4 2023, 18:10:11) [Clang 15.0.0 (clang-1500.1.0.2.5)]" /><property name="fspath" value="tests/tools/test_intersect.py" /></properties><environment framework-version="3.6.2" clr-version="3.11.7 (main, Dec  4 2023, 18:10:11) [Clang 15.0.0 (clang-1500.1.0.2.5)]" os-version="23.3.0" platform="Darwin" cwd="/Users/ruud.wijtvliet/python/portfolyo" machine-name="arm64" user="" user-domain="" culture="en-US" uiculture="en-US" os-architecture="64bit" /><failure><message><![CDATA[]]></message><stack-trace><![CDATA[None]]></stack-trace></failure><reason><message><![CDATA[]]></message></reason><output><![CDATA[]]></output></test-case><test-case id="825" name="tests/tools/test_intersect.py::test_intersect_distinctstartofday[startdates6-MS-2020-03-01-00:00-fr-Asia/Kolkata]" fullname="tests/tools/test_intersect.py::test_intersect_distinctstartofday[startdates6-MS-2020-03-01-00:00-fr-Asia/Kolkata]" methodname="test_intersect_distinctstartofday[startdates6-MS-2020-03-01-00:00-fr-Asia/Kolkata]" classname="tests/tools/test_intersect.py" runstate="Runnable" seed="1" result="Passed" label="Test if intersection of indices with distinct frequencies gives correct result." start-time="2024-02-05 13:01:40.268327" end-time="2024-02-05 13:01:40.269287" duration="0.00096" asserts="0"><properties><property name="python-version" value="3.11.7 (main, Dec  4 2023, 18:10:11) [Clang 15.0.0 (clang-1500.1.0.2.5)]" /><property name="fspath" value="tests/tools/test_intersect.py" /></properties><environment framework-version="3.6.2" clr-version="3.11.7 (main, Dec  4 2023, 18:10:11) [Clang 15.0.0 (clang-1500.1.0.2.5)]" os-version="23.3.0" platform="Darwin" cwd="/Users/ruud.wijtvliet/python/portfolyo" machine-name="arm64" user="" user-domain="" culture="en-US" uiculture="en-US" os-architecture="64bit" /><failure><message><![CDATA[]]></message><stack-trace><![CDATA[None]]></stack-trace></failure><reason><message><![CDATA[]]></message></reason><output><![CDATA[]]></output></test-case><test-case id="826" name="tests/tools/test_intersect.py::test_intersect_distinctstartofday[startdates6-MS-2020-03-01-06:00-idx-None]" fullname="tests/tools/test_intersect.py::test_intersect_distinctstartofday[startdates6-MS-2020-03-01-06:00-idx-None]" methodname="test_intersect_distinctstartofday[startdates6-MS-2020-03-01-06:00-idx-None]" classname="tests/tools/test_intersect.py" runstate="Runnable" seed="1" result="Passed" label="Test if intersection of indices with distinct frequencies gives correct result." start-time="2024-02-05 13:01:40.269720" end-time="2024-02-05 13:01:40.270376" duration="0.000656" asserts="0"><properties><property name="python-version" value="3.11.7 (main, Dec  4 2023, 18:10:11) [Clang 15.0.0 (clang-1500.1.0.2.5)]" /><property name="fspath" value="tests/tools/test_intersect.py" /></properties><environment framework-version="3.6.2" clr-version="3.11.7 (main, Dec  4 2023, 18:10:11) [Clang 15.0.0 (clang-1500.1.0.2.5)]" os-version="23.3.0" platform="Darwin" cwd="/Users/ruud.wijtvliet/python/portfolyo" machine-name="arm64" user="" user-domain="" culture="en-US" uiculture="en-US" os-architecture="64bit" /><failure><message><![CDATA[]]></message><stack-trace><![CDATA[None]]></stack-trace></failure><reason><message><![CDATA[]]></message></reason><output><![CDATA[]]></output></test-case><test-case id="827" name="tests/tools/test_intersect.py::test_intersect_distinctstartofday[startdates6-MS-2020-03-01-06:00-idx-Europe/Berlin]" fullname="tests/tools/test_intersect.py::test_intersect_distinctstartofday[startdates6-MS-2020-03-01-06:00-idx-Europe/Berlin]" methodname="test_intersect_distinctstartofday[startdates6-MS-2020-03-01-06:00-idx-Europe/Berlin]" classname="tests/tools/test_intersect.py" runstate="Runnable" seed="1" result="Passed" label="Test if intersection of indices with distinct frequencies gives correct result." start-time="2024-02-05 13:01:40.270856" end-time="2024-02-05 13:01:40.271678" duration="0.000822" asserts="0"><properties><property name="python-version" value="3.11.7 (main, Dec  4 2023, 18:10:11) [Clang 15.0.0 (clang-1500.1.0.2.5)]" /><property name="fspath" value="tests/tools/test_intersect.py" /></properties><environment framework-version="3.6.2" clr-version="3.11.7 (main, Dec  4 2023, 18:10:11) [Clang 15.0.0 (clang-1500.1.0.2.5)]" os-version="23.3.0" platform="Darwin" cwd="/Users/ruud.wijtvliet/python/portfolyo" machine-name="arm64" user="" user-domain="" culture="en-US" uiculture="en-US" os-architecture="64bit" /><failure><message><![CDATA[]]></message><stack-trace><![CDATA[None]]></stack-trace></failure><reason><message><![CDATA[]]></message></reason><output><![CDATA[]]></output></test-case><test-case id="828" name="tests/tools/test_intersect.py::test_intersect_distinctstartofday[startdates6-MS-2020-03-01-06:00-idx-Asia/Kolkata]" fullname="tests/tools/test_intersect.py::test_intersect_distinctstartofday[startdates6-MS-2020-03-01-06:00-idx-Asia/Kolkata]" methodname="test_intersect_distinctstartofday[startdates6-MS-2020-03-01-06:00-idx-Asia/Kolkata]" classname="tests/tools/test_intersect.py" runstate="Runnable" seed="1" result="Passed" label="Test if intersection of indices with distinct frequencies gives correct result." start-time="2024-02-05 13:01:40.272083" end-time="2024-02-05 13:01:40.272834" duration="0.000751" asserts="0"><properties><property name="python-version" value="3.11.7 (main, Dec  4 2023, 18:10:11) [Clang 15.0.0 (clang-1500.1.0.2.5)]" /><property name="fspath" value="tests/tools/test_intersect.py" /></properties><environment framework-version="3.6.2" clr-version="3.11.7 (main, Dec  4 2023, 18:10:11) [Clang 15.0.0 (clang-1500.1.0.2.5)]" os-version="23.3.0" platform="Darwin" cwd="/Users/ruud.wijtvliet/python/portfolyo" machine-name="arm64" user="" user-domain="" culture="en-US" uiculture="en-US" os-architecture="64bit" /><failure><message><![CDATA[]]></message><stack-trace><![CDATA[None]]></stack-trace></failure><reason><message><![CDATA[]]></message></reason><output><![CDATA[]]></output></test-case><test-case id="829" name="tests/tools/test_intersect.py::test_intersect_distinctstartofday[startdates6-MS-2020-03-01-06:00-fr-None]" fullname="tests/tools/test_intersect.py::test_intersect_distinctstartofday[startdates6-MS-2020-03-01-06:00-fr-None]" methodname="test_intersect_distinctstartofday[startdates6-MS-2020-03-01-06:00-fr-None]" classname="tests/tools/test_intersect.py" runstate="Runnable" seed="1" result="Passed" label="Test if intersection of indices with distinct frequencies gives correct result." start-time="2024-02-05 13:01:40.273246" end-time="2024-02-05 13:01:40.273994" duration="0.000748" asserts="0"><properties><property name="python-version" value="3.11.7 (main, Dec  4 2023, 18:10:11) [Clang 15.0.0 (clang-1500.1.0.2.5)]" /><property name="fspath" value="tests/tools/test_intersect.py" /></properties><environment framework-version="3.6.2" clr-version="3.11.7 (main, Dec  4 2023, 18:10:11) [Clang 15.0.0 (clang-1500.1.0.2.5)]" os-version="23.3.0" platform="Darwin" cwd="/Users/ruud.wijtvliet/python/portfolyo" machine-name="arm64" user="" user-domain="" culture="en-US" uiculture="en-US" os-architecture="64bit" /><failure><message><![CDATA[]]></message><stack-trace><![CDATA[None]]></stack-trace></failure><reason><message><![CDATA[]]></message></reason><output><![CDATA[]]></output></test-case><test-case id="830" name="tests/tools/test_intersect.py::test_intersect_distinctstartofday[startdates6-MS-2020-03-01-06:00-fr-Europe/Berlin]" fullname="tests/tools/test_intersect.py::test_intersect_distinctstartofday[startdates6-MS-2020-03-01-06:00-fr-Europe/Berlin]" methodname="test_intersect_distinctstartofday[startdates6-MS-2020-03-01-06:00-fr-Europe/Berlin]" classname="tests/tools/test_intersect.py" runstate="Runnable" seed="1" result="Passed" label="Test if intersection of indices with distinct frequencies gives correct result." start-time="2024-02-05 13:01:40.274668" end-time="2024-02-05 13:01:40.275863" duration="0.001195" asserts="0"><properties><property name="python-version" value="3.11.7 (main, Dec  4 2023, 18:10:11) [Clang 15.0.0 (clang-1500.1.0.2.5)]" /><property name="fspath" value="tests/tools/test_intersect.py" /></properties><environment framework-version="3.6.2" clr-version="3.11.7 (main, Dec  4 2023, 18:10:11) [Clang 15.0.0 (clang-1500.1.0.2.5)]" os-version="23.3.0" platform="Darwin" cwd="/Users/ruud.wijtvliet/python/portfolyo" machine-name="arm64" user="" user-domain="" culture="en-US" uiculture="en-US" os-architecture="64bit" /><failure><message><![CDATA[]]></message><stack-trace><![CDATA[None]]></stack-trace></failure><reason><message><![CDATA[]]></message></reason><output><![CDATA[]]></output></test-case><test-case id="831" name="tests/tools/test_intersect.py::test_intersect_distinctstartofday[startdates6-MS-2020-03-01-06:00-fr-Asia/Kolkata]" fullname="tests/tools/test_intersect.py::test_intersect_distinctstartofday[startdates6-MS-2020-03-01-06:00-fr-Asia/Kolkata]" methodname="test_intersect_distinctstartofday[startdates6-MS-2020-03-01-06:00-fr-Asia/Kolkata]" classname="tests/tools/test_intersect.py" runstate="Runnable" seed="1" result="Passed" label="Test if intersection of indices with distinct frequencies gives correct result." start-time="2024-02-05 13:01:40.276317" end-time="2024-02-05 13:01:40.277254" duration="0.000937" asserts="0"><properties><property name="python-version" value="3.11.7 (main, Dec  4 2023, 18:10:11) [Clang 15.0.0 (clang-1500.1.0.2.5)]" /><property name="fspath" value="tests/tools/test_intersect.py" /></properties><environment framework-version="3.6.2" clr-version="3.11.7 (main, Dec  4 2023, 18:10:11) [Clang 15.0.0 (clang-1500.1.0.2.5)]" os-version="23.3.0" platform="Darwin" cwd="/Users/ruud.wijtvliet/python/portfolyo" machine-name="arm64" user="" user-domain="" culture="en-US" uiculture="en-US" os-architecture="64bit" /><failure><message><![CDATA[]]></message><stack-trace><![CDATA[None]]></stack-trace></failure><reason><message><![CDATA[]]></message></reason><output><![CDATA[]]></output></test-case><test-case id="832" name="tests/tools/test_intersect.py::test_intersect_distinctstartofday[startdates7-MS-2020-03-01-00:00-idx-None]" fullname="tests/tools/test_intersect.py::test_intersect_distinctstartofday[startdates7-MS-2020-03-01-00:00-idx-None]" methodname="test_intersect_distinctstartofday[startdates7-MS-2020-03-01-00:00-idx-None]" classname="tests/tools/test_intersect.py" runstate="Runnable" seed="1" result="Passed" label="Test if intersection of indices with distinct frequencies gives correct result." start-time="2024-02-05 13:01:40.277689" end-time="2024-02-05 13:01:40.278254" duration="0.000565" asserts="0"><properties><property name="python-version" value="3.11.7 (main, Dec  4 2023, 18:10:11) [Clang 15.0.0 (clang-1500.1.0.2.5)]" /><property name="fspath" value="tests/tools/test_intersect.py" /></properties><environment framework-version="3.6.2" clr-version="3.11.7 (main, Dec  4 2023, 18:10:11) [Clang 15.0.0 (clang-1500.1.0.2.5)]" os-version="23.3.0" platform="Darwin" cwd="/Users/ruud.wijtvliet/python/portfolyo" machine-name="arm64" user="" user-domain="" culture="en-US" uiculture="en-US" os-architecture="64bit" /><failure><message><![CDATA[]]></message><stack-trace><![CDATA[None]]></stack-trace></failure><reason><message><![CDATA[]]></message></reason><output><![CDATA[]]></output></test-case><test-case id="833" name="tests/tools/test_intersect.py::test_intersect_distinctstartofday[startdates7-MS-2020-03-01-00:00-idx-Europe/Berlin]" fullname="tests/tools/test_intersect.py::test_intersect_distinctstartofday[startdates7-MS-2020-03-01-00:00-idx-Europe/Berlin]" methodname="test_intersect_distinctstartofday[startdates7-MS-2020-03-01-00:00-idx-Europe/Berlin]" classname="tests/tools/test_intersect.py" runstate="Runnable" seed="1" result="Passed" label="Test if intersection of indices with distinct frequencies gives correct result." start-time="2024-02-05 13:01:40.278675" end-time="2024-02-05 13:01:40.279449" duration="0.000774" asserts="0"><properties><property name="python-version" value="3.11.7 (main, Dec  4 2023, 18:10:11) [Clang 15.0.0 (clang-1500.1.0.2.5)]" /><property name="fspath" value="tests/tools/test_intersect.py" /></properties><environment framework-version="3.6.2" clr-version="3.11.7 (main, Dec  4 2023, 18:10:11) [Clang 15.0.0 (clang-1500.1.0.2.5)]" os-version="23.3.0" platform="Darwin" cwd="/Users/ruud.wijtvliet/python/portfolyo" machine-name="arm64" user="" user-domain="" culture="en-US" uiculture="en-US" os-architecture="64bit" /><failure><message><![CDATA[]]></message><stack-trace><![CDATA[None]]></stack-trace></failure><reason><message><![CDATA[]]></message></reason><output><![CDATA[]]></output></test-case><test-case id="834" name="tests/tools/test_intersect.py::test_intersect_distinctstartofday[startdates7-MS-2020-03-01-00:00-idx-Asia/Kolkata]" fullname="tests/tools/test_intersect.py::test_intersect_distinctstartofday[startdates7-MS-2020-03-01-00:00-idx-Asia/Kolkata]" methodname="test_intersect_distinctstartofday[startdates7-MS-2020-03-01-00:00-idx-Asia/Kolkata]" classname="tests/tools/test_intersect.py" runstate="Runnable" seed="1" result="Passed" label="Test if intersection of indices with distinct frequencies gives correct result." start-time="2024-02-05 13:01:40.279884" end-time="2024-02-05 13:01:40.280659" duration="0.000775" asserts="0"><properties><property name="python-version" value="3.11.7 (main, Dec  4 2023, 18:10:11) [Clang 15.0.0 (clang-1500.1.0.2.5)]" /><property name="fspath" value="tests/tools/test_intersect.py" /></properties><environment framework-version="3.6.2" clr-version="3.11.7 (main, Dec  4 2023, 18:10:11) [Clang 15.0.0 (clang-1500.1.0.2.5)]" os-version="23.3.0" platform="Darwin" cwd="/Users/ruud.wijtvliet/python/portfolyo" machine-name="arm64" user="" user-domain="" culture="en-US" uiculture="en-US" os-architecture="64bit" /><failure><message><![CDATA[]]></message><stack-trace><![CDATA[None]]></stack-trace></failure><reason><message><![CDATA[]]></message></reason><output><![CDATA[]]></output></test-case><test-case id="835" name="tests/tools/test_intersect.py::test_intersect_distinctstartofday[startdates7-MS-2020-03-01-00:00-fr-None]" fullname="tests/tools/test_intersect.py::test_intersect_distinctstartofday[startdates7-MS-2020-03-01-00:00-fr-None]" methodname="test_intersect_distinctstartofday[startdates7-MS-2020-03-01-00:00-fr-None]" classname="tests/tools/test_intersect.py" runstate="Runnable" seed="1" result="Passed" label="Test if intersection of indices with distinct frequencies gives correct result." start-time="2024-02-05 13:01:40.281080" end-time="2024-02-05 13:01:40.281805" duration="0.000725" asserts="0"><properties><property name="python-version" value="3.11.7 (main, Dec  4 2023, 18:10:11) [Clang 15.0.0 (clang-1500.1.0.2.5)]" /><property name="fspath" value="tests/tools/test_intersect.py" /></properties><environment framework-version="3.6.2" clr-version="3.11.7 (main, Dec  4 2023, 18:10:11) [Clang 15.0.0 (clang-1500.1.0.2.5)]" os-version="23.3.0" platform="Darwin" cwd="/Users/ruud.wijtvliet/python/portfolyo" machine-name="arm64" user="" user-domain="" culture="en-US" uiculture="en-US" os-architecture="64bit" /><failure><message><![CDATA[]]></message><stack-trace><![CDATA[None]]></stack-trace></failure><reason><message><![CDATA[]]></message></reason><output><![CDATA[]]></output></test-case><test-case id="836" name="tests/tools/test_intersect.py::test_intersect_distinctstartofday[startdates7-MS-2020-03-01-00:00-fr-Europe/Berlin]" fullname="tests/tools/test_intersect.py::test_intersect_distinctstartofday[startdates7-MS-2020-03-01-00:00-fr-Europe/Berlin]" methodname="test_intersect_distinctstartofday[startdates7-MS-2020-03-01-00:00-fr-Europe/Berlin]" classname="tests/tools/test_intersect.py" runstate="Runnable" seed="1" result="Passed" label="Test if intersection of indices with distinct frequencies gives correct result." start-time="2024-02-05 13:01:40.282240" end-time="2024-02-05 13:01:40.283168" duration="0.000928" asserts="0"><properties><property name="python-version" value="3.11.7 (main, Dec  4 2023, 18:10:11) [Clang 15.0.0 (clang-1500.1.0.2.5)]" /><property name="fspath" value="tests/tools/test_intersect.py" /></properties><environment framework-version="3.6.2" clr-version="3.11.7 (main, Dec  4 2023, 18:10:11) [Clang 15.0.0 (clang-1500.1.0.2.5)]" os-version="23.3.0" platform="Darwin" cwd="/Users/ruud.wijtvliet/python/portfolyo" machine-name="arm64" user="" user-domain="" culture="en-US" uiculture="en-US" os-architecture="64bit" /><failure><message><![CDATA[]]></message><stack-trace><![CDATA[None]]></stack-trace></failure><reason><message><![CDATA[]]></message></reason><output><![CDATA[]]></output></test-case><test-case id="837" name="tests/tools/test_intersect.py::test_intersect_distinctstartofday[startdates7-MS-2020-03-01-00:00-fr-Asia/Kolkata]" fullname="tests/tools/test_intersect.py::test_intersect_distinctstartofday[startdates7-MS-2020-03-01-00:00-fr-Asia/Kolkata]" methodname="test_intersect_distinctstartofday[startdates7-MS-2020-03-01-00:00-fr-Asia/Kolkata]" classname="tests/tools/test_intersect.py" runstate="Runnable" seed="1" result="Passed" label="Test if intersection of indices with distinct frequencies gives correct result." start-time="2024-02-05 13:01:40.283587" end-time="2024-02-05 13:01:40.284843" duration="0.001256" asserts="0"><properties><property name="python-version" value="3.11.7 (main, Dec  4 2023, 18:10:11) [Clang 15.0.0 (clang-1500.1.0.2.5)]" /><property name="fspath" value="tests/tools/test_intersect.py" /></properties><environment framework-version="3.6.2" clr-version="3.11.7 (main, Dec  4 2023, 18:10:11) [Clang 15.0.0 (clang-1500.1.0.2.5)]" os-version="23.3.0" platform="Darwin" cwd="/Users/ruud.wijtvliet/python/portfolyo" machine-name="arm64" user="" user-domain="" culture="en-US" uiculture="en-US" os-architecture="64bit" /><failure><message><![CDATA[]]></message><stack-trace><![CDATA[None]]></stack-trace></failure><reason><message><![CDATA[]]></message></reason><output><![CDATA[]]></output></test-case><test-case id="838" name="tests/tools/test_intersect.py::test_intersect_distinctstartofday[startdates7-MS-2020-03-01-06:00-idx-None]" fullname="tests/tools/test_intersect.py::test_intersect_distinctstartofday[startdates7-MS-2020-03-01-06:00-idx-None]" methodname="test_intersect_distinctstartofday[startdates7-MS-2020-03-01-06:00-idx-None]" classname="tests/tools/test_intersect.py" runstate="Runnable" seed="1" result="Passed" label="Test if intersection of indices with distinct frequencies gives correct result." start-time="2024-02-05 13:01:40.285461" end-time="2024-02-05 13:01:40.286197" duration="0.000736" asserts="0"><properties><property name="python-version" value="3.11.7 (main, Dec  4 2023, 18:10:11) [Clang 15.0.0 (clang-1500.1.0.2.5)]" /><property name="fspath" value="tests/tools/test_intersect.py" /></properties><environment framework-version="3.6.2" clr-version="3.11.7 (main, Dec  4 2023, 18:10:11) [Clang 15.0.0 (clang-1500.1.0.2.5)]" os-version="23.3.0" platform="Darwin" cwd="/Users/ruud.wijtvliet/python/portfolyo" machine-name="arm64" user="" user-domain="" culture="en-US" uiculture="en-US" os-architecture="64bit" /><failure><message><![CDATA[]]></message><stack-trace><![CDATA[None]]></stack-trace></failure><reason><message><![CDATA[]]></message></reason><output><![CDATA[]]></output></test-case><test-case id="839" name="tests/tools/test_intersect.py::test_intersect_distinctstartofday[startdates7-MS-2020-03-01-06:00-idx-Europe/Berlin]" fullname="tests/tools/test_intersect.py::test_intersect_distinctstartofday[startdates7-MS-2020-03-01-06:00-idx-Europe/Berlin]" methodname="test_intersect_distinctstartofday[startdates7-MS-2020-03-01-06:00-idx-Europe/Berlin]" classname="tests/tools/test_intersect.py" runstate="Runnable" seed="1" result="Passed" label="Test if intersection of indices with distinct frequencies gives correct result." start-time="2024-02-05 13:01:40.286699" end-time="2024-02-05 13:01:40.287619" duration="0.00092" asserts="0"><properties><property name="python-version" value="3.11.7 (main, Dec  4 2023, 18:10:11) [Clang 15.0.0 (clang-1500.1.0.2.5)]" /><property name="fspath" value="tests/tools/test_intersect.py" /></properties><environment framework-version="3.6.2" clr-version="3.11.7 (main, Dec  4 2023, 18:10:11) [Clang 15.0.0 (clang-1500.1.0.2.5)]" os-version="23.3.0" platform="Darwin" cwd="/Users/ruud.wijtvliet/python/portfolyo" machine-name="arm64" user="" user-domain="" culture="en-US" uiculture="en-US" os-architecture="64bit" /><failure><message><![CDATA[]]></message><stack-trace><![CDATA[None]]></stack-trace></failure><reason><message><![CDATA[]]></message></reason><output><![CDATA[]]></output></test-case><test-case id="840" name="tests/tools/test_intersect.py::test_intersect_distinctstartofday[startdates7-MS-2020-03-01-06:00-idx-Asia/Kolkata]" fullname="tests/tools/test_intersect.py::test_intersect_distinctstartofday[startdates7-MS-2020-03-01-06:00-idx-Asia/Kolkata]" methodname="test_intersect_distinctstartofday[startdates7-MS-2020-03-01-06:00-idx-Asia/Kolkata]" classname="tests/tools/test_intersect.py" runstate="Runnable" seed="1" result="Passed" label="Test if intersection of indices with distinct frequencies gives correct result." start-time="2024-02-05 13:01:40.288099" end-time="2024-02-05 13:01:40.289014" duration="0.000915" asserts="0"><properties><property name="python-version" value="3.11.7 (main, Dec  4 2023, 18:10:11) [Clang 15.0.0 (clang-1500.1.0.2.5)]" /><property name="fspath" value="tests/tools/test_intersect.py" /></properties><environment framework-version="3.6.2" clr-version="3.11.7 (main, Dec  4 2023, 18:10:11) [Clang 15.0.0 (clang-1500.1.0.2.5)]" os-version="23.3.0" platform="Darwin" cwd="/Users/ruud.wijtvliet/python/portfolyo" machine-name="arm64" user="" user-domain="" culture="en-US" uiculture="en-US" os-architecture="64bit" /><failure><message><![CDATA[]]></message><stack-trace><![CDATA[None]]></stack-trace></failure><reason><message><![CDATA[]]></message></reason><output><![CDATA[]]></output></test-case><test-case id="841" name="tests/tools/test_intersect.py::test_intersect_distinctstartofday[startdates7-MS-2020-03-01-06:00-fr-None]" fullname="tests/tools/test_intersect.py::test_intersect_distinctstartofday[startdates7-MS-2020-03-01-06:00-fr-None]" methodname="test_intersect_distinctstartofday[startdates7-MS-2020-03-01-06:00-fr-None]" classname="tests/tools/test_intersect.py" runstate="Runnable" seed="1" result="Passed" label="Test if intersection of indices with distinct frequencies gives correct result." start-time="2024-02-05 13:01:40.289464" end-time="2024-02-05 13:01:40.290306" duration="0.000842" asserts="0"><properties><property name="python-version" value="3.11.7 (main, Dec  4 2023, 18:10:11) [Clang 15.0.0 (clang-1500.1.0.2.5)]" /><property name="fspath" value="tests/tools/test_intersect.py" /></properties><environment framework-version="3.6.2" clr-version="3.11.7 (main, Dec  4 2023, 18:10:11) [Clang 15.0.0 (clang-1500.1.0.2.5)]" os-version="23.3.0" platform="Darwin" cwd="/Users/ruud.wijtvliet/python/portfolyo" machine-name="arm64" user="" user-domain="" culture="en-US" uiculture="en-US" os-architecture="64bit" /><failure><message><![CDATA[]]></message><stack-trace><![CDATA[None]]></stack-trace></failure><reason><message><![CDATA[]]></message></reason><output><![CDATA[]]></output></test-case><test-case id="842" name="tests/tools/test_intersect.py::test_intersect_distinctstartofday[startdates7-MS-2020-03-01-06:00-fr-Europe/Berlin]" fullname="tests/tools/test_intersect.py::test_intersect_distinctstartofday[startdates7-MS-2020-03-01-06:00-fr-Europe/Berlin]" methodname="test_intersect_distinctstartofday[startdates7-MS-2020-03-01-06:00-fr-Europe/Berlin]" classname="tests/tools/test_intersect.py" runstate="Runnable" seed="1" result="Passed" label="Test if intersection of indices with distinct frequencies gives correct result." start-time="2024-02-05 13:01:40.290768" end-time="2024-02-05 13:01:40.291771" duration="0.001003" asserts="0"><properties><property name="python-version" value="3.11.7 (main, Dec  4 2023, 18:10:11) [Clang 15.0.0 (clang-1500.1.0.2.5)]" /><property name="fspath" value="tests/tools/test_intersect.py" /></properties><environment framework-version="3.6.2" clr-version="3.11.7 (main, Dec  4 2023, 18:10:11) [Clang 15.0.0 (clang-1500.1.0.2.5)]" os-version="23.3.0" platform="Darwin" cwd="/Users/ruud.wijtvliet/python/portfolyo" machine-name="arm64" user="" user-domain="" culture="en-US" uiculture="en-US" os-architecture="64bit" /><failure><message><![CDATA[]]></message><stack-trace><![CDATA[None]]></stack-trace></failure><reason><message><![CDATA[]]></message></reason><output><![CDATA[]]></output></test-case><test-case id="843" name="tests/tools/test_intersect.py::test_intersect_distinctstartofday[startdates7-MS-2020-03-01-06:00-fr-Asia/Kolkata]" fullname="tests/tools/test_intersect.py::test_intersect_distinctstartofday[startdates7-MS-2020-03-01-06:00-fr-Asia/Kolkata]" methodname="test_intersect_distinctstartofday[startdates7-MS-2020-03-01-06:00-fr-Asia/Kolkata]" classname="tests/tools/test_intersect.py" runstate="Runnable" seed="1" result="Passed" label="Test if intersection of indices with distinct frequencies gives correct result." start-time="2024-02-05 13:01:40.292224" end-time="2024-02-05 13:01:40.293192" duration="0.000968" asserts="0"><properties><property name="python-version" value="3.11.7 (main, Dec  4 2023, 18:10:11) [Clang 15.0.0 (clang-1500.1.0.2.5)]" /><property name="fspath" value="tests/tools/test_intersect.py" /></properties><environment framework-version="3.6.2" clr-version="3.11.7 (main, Dec  4 2023, 18:10:11) [Clang 15.0.0 (clang-1500.1.0.2.5)]" os-version="23.3.0" platform="Darwin" cwd="/Users/ruud.wijtvliet/python/portfolyo" machine-name="arm64" user="" user-domain="" culture="en-US" uiculture="en-US" os-architecture="64bit" /><failure><message><![CDATA[]]></message><stack-trace><![CDATA[None]]></stack-trace></failure><reason><message><![CDATA[]]></message></reason><output><![CDATA[]]></output></test-case><test-case id="844" name="tests/tools/test_intersect.py::test_intersect_distinctstartofday[startdates8-QS-2020-04-01-00:00-idx-None]" fullname="tests/tools/test_intersect.py::test_intersect_distinctstartofday[startdates8-QS-2020-04-01-00:00-idx-None]" methodname="test_intersect_distinctstartofday[startdates8-QS-2020-04-01-00:00-idx-None]" classname="tests/tools/test_intersect.py" runstate="Runnable" seed="1" result="Passed" label="Test if intersection of indices with distinct frequencies gives correct result." start-time="2024-02-05 13:01:40.293642" end-time="2024-02-05 13:01:40.294114" duration="0.000472" asserts="0"><properties><property name="python-version" value="3.11.7 (main, Dec  4 2023, 18:10:11) [Clang 15.0.0 (clang-1500.1.0.2.5)]" /><property name="fspath" value="tests/tools/test_intersect.py" /></properties><environment framework-version="3.6.2" clr-version="3.11.7 (main, Dec  4 2023, 18:10:11) [Clang 15.0.0 (clang-1500.1.0.2.5)]" os-version="23.3.0" platform="Darwin" cwd="/Users/ruud.wijtvliet/python/portfolyo" machine-name="arm64" user="" user-domain="" culture="en-US" uiculture="en-US" os-architecture="64bit" /><failure><message><![CDATA[]]></message><stack-trace><![CDATA[None]]></stack-trace></failure><reason><message><![CDATA[]]></message></reason><output><![CDATA[]]></output></test-case><test-case id="845" name="tests/tools/test_intersect.py::test_intersect_distinctstartofday[startdates8-QS-2020-04-01-00:00-idx-Europe/Berlin]" fullname="tests/tools/test_intersect.py::test_intersect_distinctstartofday[startdates8-QS-2020-04-01-00:00-idx-Europe/Berlin]" methodname="test_intersect_distinctstartofday[startdates8-QS-2020-04-01-00:00-idx-Europe/Berlin]" classname="tests/tools/test_intersect.py" runstate="Runnable" seed="1" result="Passed" label="Test if intersection of indices with distinct frequencies gives correct result." start-time="2024-02-05 13:01:40.294600" end-time="2024-02-05 13:01:40.295296" duration="0.000696" asserts="0"><properties><property name="python-version" value="3.11.7 (main, Dec  4 2023, 18:10:11) [Clang 15.0.0 (clang-1500.1.0.2.5)]" /><property name="fspath" value="tests/tools/test_intersect.py" /></properties><environment framework-version="3.6.2" clr-version="3.11.7 (main, Dec  4 2023, 18:10:11) [Clang 15.0.0 (clang-1500.1.0.2.5)]" os-version="23.3.0" platform="Darwin" cwd="/Users/ruud.wijtvliet/python/portfolyo" machine-name="arm64" user="" user-domain="" culture="en-US" uiculture="en-US" os-architecture="64bit" /><failure><message><![CDATA[]]></message><stack-trace><![CDATA[None]]></stack-trace></failure><reason><message><![CDATA[]]></message></reason><output><![CDATA[]]></output></test-case><test-case id="846" name="tests/tools/test_intersect.py::test_intersect_distinctstartofday[startdates8-QS-2020-04-01-00:00-idx-Asia/Kolkata]" fullname="tests/tools/test_intersect.py::test_intersect_distinctstartofday[startdates8-QS-2020-04-01-00:00-idx-Asia/Kolkata]" methodname="test_intersect_distinctstartofday[startdates8-QS-2020-04-01-00:00-idx-Asia/Kolkata]" classname="tests/tools/test_intersect.py" runstate="Runnable" seed="1" result="Passed" label="Test if intersection of indices with distinct frequencies gives correct result." start-time="2024-02-05 13:01:40.295787" end-time="2024-02-05 13:01:40.296390" duration="0.000603" asserts="0"><properties><property name="python-version" value="3.11.7 (main, Dec  4 2023, 18:10:11) [Clang 15.0.0 (clang-1500.1.0.2.5)]" /><property name="fspath" value="tests/tools/test_intersect.py" /></properties><environment framework-version="3.6.2" clr-version="3.11.7 (main, Dec  4 2023, 18:10:11) [Clang 15.0.0 (clang-1500.1.0.2.5)]" os-version="23.3.0" platform="Darwin" cwd="/Users/ruud.wijtvliet/python/portfolyo" machine-name="arm64" user="" user-domain="" culture="en-US" uiculture="en-US" os-architecture="64bit" /><failure><message><![CDATA[]]></message><stack-trace><![CDATA[None]]></stack-trace></failure><reason><message><![CDATA[]]></message></reason><output><![CDATA[]]></output></test-case><test-case id="847" name="tests/tools/test_intersect.py::test_intersect_distinctstartofday[startdates8-QS-2020-04-01-00:00-fr-None]" fullname="tests/tools/test_intersect.py::test_intersect_distinctstartofday[startdates8-QS-2020-04-01-00:00-fr-None]" methodname="test_intersect_distinctstartofday[startdates8-QS-2020-04-01-00:00-fr-None]" classname="tests/tools/test_intersect.py" runstate="Runnable" seed="1" result="Passed" label="Test if intersection of indices with distinct frequencies gives correct result." start-time="2024-02-05 13:01:40.296819" end-time="2024-02-05 13:01:40.297523" duration="0.000704" asserts="0"><properties><property name="python-version" value="3.11.7 (main, Dec  4 2023, 18:10:11) [Clang 15.0.0 (clang-1500.1.0.2.5)]" /><property name="fspath" value="tests/tools/test_intersect.py" /></properties><environment framework-version="3.6.2" clr-version="3.11.7 (main, Dec  4 2023, 18:10:11) [Clang 15.0.0 (clang-1500.1.0.2.5)]" os-version="23.3.0" platform="Darwin" cwd="/Users/ruud.wijtvliet/python/portfolyo" machine-name="arm64" user="" user-domain="" culture="en-US" uiculture="en-US" os-architecture="64bit" /><failure><message><![CDATA[]]></message><stack-trace><![CDATA[None]]></stack-trace></failure><reason><message><![CDATA[]]></message></reason><output><![CDATA[]]></output></test-case><test-case id="848" name="tests/tools/test_intersect.py::test_intersect_distinctstartofday[startdates8-QS-2020-04-01-00:00-fr-Europe/Berlin]" fullname="tests/tools/test_intersect.py::test_intersect_distinctstartofday[startdates8-QS-2020-04-01-00:00-fr-Europe/Berlin]" methodname="test_intersect_distinctstartofday[startdates8-QS-2020-04-01-00:00-fr-Europe/Berlin]" classname="tests/tools/test_intersect.py" runstate="Runnable" seed="1" result="Passed" label="Test if intersection of indices with distinct frequencies gives correct result." start-time="2024-02-05 13:01:40.297964" end-time="2024-02-05 13:01:40.298905" duration="0.000941" asserts="0"><properties><property name="python-version" value="3.11.7 (main, Dec  4 2023, 18:10:11) [Clang 15.0.0 (clang-1500.1.0.2.5)]" /><property name="fspath" value="tests/tools/test_intersect.py" /></properties><environment framework-version="3.6.2" clr-version="3.11.7 (main, Dec  4 2023, 18:10:11) [Clang 15.0.0 (clang-1500.1.0.2.5)]" os-version="23.3.0" platform="Darwin" cwd="/Users/ruud.wijtvliet/python/portfolyo" machine-name="arm64" user="" user-domain="" culture="en-US" uiculture="en-US" os-architecture="64bit" /><failure><message><![CDATA[]]></message><stack-trace><![CDATA[None]]></stack-trace></failure><reason><message><![CDATA[]]></message></reason><output><![CDATA[]]></output></test-case><test-case id="849" name="tests/tools/test_intersect.py::test_intersect_distinctstartofday[startdates8-QS-2020-04-01-00:00-fr-Asia/Kolkata]" fullname="tests/tools/test_intersect.py::test_intersect_distinctstartofday[startdates8-QS-2020-04-01-00:00-fr-Asia/Kolkata]" methodname="test_intersect_distinctstartofday[startdates8-QS-2020-04-01-00:00-fr-Asia/Kolkata]" classname="tests/tools/test_intersect.py" runstate="Runnable" seed="1" result="Passed" label="Test if intersection of indices with distinct frequencies gives correct result." start-time="2024-02-05 13:01:40.299364" end-time="2024-02-05 13:01:40.300343" duration="0.000979" asserts="0"><properties><property name="python-version" value="3.11.7 (main, Dec  4 2023, 18:10:11) [Clang 15.0.0 (clang-1500.1.0.2.5)]" /><property name="fspath" value="tests/tools/test_intersect.py" /></properties><environment framework-version="3.6.2" clr-version="3.11.7 (main, Dec  4 2023, 18:10:11) [Clang 15.0.0 (clang-1500.1.0.2.5)]" os-version="23.3.0" platform="Darwin" cwd="/Users/ruud.wijtvliet/python/portfolyo" machine-name="arm64" user="" user-domain="" culture="en-US" uiculture="en-US" os-architecture="64bit" /><failure><message><![CDATA[]]></message><stack-trace><![CDATA[None]]></stack-trace></failure><reason><message><![CDATA[]]></message></reason><output><![CDATA[]]></output></test-case><test-case id="850" name="tests/tools/test_intersect.py::test_intersect_distinctstartofday[startdates8-QS-2020-04-01-06:00-idx-None]" fullname="tests/tools/test_intersect.py::test_intersect_distinctstartofday[startdates8-QS-2020-04-01-06:00-idx-None]" methodname="test_intersect_distinctstartofday[startdates8-QS-2020-04-01-06:00-idx-None]" classname="tests/tools/test_intersect.py" runstate="Runnable" seed="1" result="Passed" label="Test if intersection of indices with distinct frequencies gives correct result." start-time="2024-02-05 13:01:40.300853" end-time="2024-02-05 13:01:40.301411" duration="0.000558" asserts="0"><properties><property name="python-version" value="3.11.7 (main, Dec  4 2023, 18:10:11) [Clang 15.0.0 (clang-1500.1.0.2.5)]" /><property name="fspath" value="tests/tools/test_intersect.py" /></properties><environment framework-version="3.6.2" clr-version="3.11.7 (main, Dec  4 2023, 18:10:11) [Clang 15.0.0 (clang-1500.1.0.2.5)]" os-version="23.3.0" platform="Darwin" cwd="/Users/ruud.wijtvliet/python/portfolyo" machine-name="arm64" user="" user-domain="" culture="en-US" uiculture="en-US" os-architecture="64bit" /><failure><message><![CDATA[]]></message><stack-trace><![CDATA[None]]></stack-trace></failure><reason><message><![CDATA[]]></message></reason><output><![CDATA[]]></output></test-case><test-case id="851" name="tests/tools/test_intersect.py::test_intersect_distinctstartofday[startdates8-QS-2020-04-01-06:00-idx-Europe/Berlin]" fullname="tests/tools/test_intersect.py::test_intersect_distinctstartofday[startdates8-QS-2020-04-01-06:00-idx-Europe/Berlin]" methodname="test_intersect_distinctstartofday[startdates8-QS-2020-04-01-06:00-idx-Europe/Berlin]" classname="tests/tools/test_intersect.py" runstate="Runnable" seed="1" result="Passed" label="Test if intersection of indices with distinct frequencies gives correct result." start-time="2024-02-05 13:01:40.301894" end-time="2024-02-05 13:01:40.302534" duration="0.00064" asserts="0"><properties><property name="python-version" value="3.11.7 (main, Dec  4 2023, 18:10:11) [Clang 15.0.0 (clang-1500.1.0.2.5)]" /><property name="fspath" value="tests/tools/test_intersect.py" /></properties><environment framework-version="3.6.2" clr-version="3.11.7 (main, Dec  4 2023, 18:10:11) [Clang 15.0.0 (clang-1500.1.0.2.5)]" os-version="23.3.0" platform="Darwin" cwd="/Users/ruud.wijtvliet/python/portfolyo" machine-name="arm64" user="" user-domain="" culture="en-US" uiculture="en-US" os-architecture="64bit" /><failure><message><![CDATA[]]></message><stack-trace><![CDATA[None]]></stack-trace></failure><reason><message><![CDATA[]]></message></reason><output><![CDATA[]]></output></test-case><test-case id="852" name="tests/tools/test_intersect.py::test_intersect_distinctstartofday[startdates8-QS-2020-04-01-06:00-idx-Asia/Kolkata]" fullname="tests/tools/test_intersect.py::test_intersect_distinctstartofday[startdates8-QS-2020-04-01-06:00-idx-Asia/Kolkata]" methodname="test_intersect_distinctstartofday[startdates8-QS-2020-04-01-06:00-idx-Asia/Kolkata]" classname="tests/tools/test_intersect.py" runstate="Runnable" seed="1" result="Passed" label="Test if intersection of indices with distinct frequencies gives correct result." start-time="2024-02-05 13:01:40.302958" end-time="2024-02-05 13:01:40.303573" duration="0.000615" asserts="0"><properties><property name="python-version" value="3.11.7 (main, Dec  4 2023, 18:10:11) [Clang 15.0.0 (clang-1500.1.0.2.5)]" /><property name="fspath" value="tests/tools/test_intersect.py" /></properties><environment framework-version="3.6.2" clr-version="3.11.7 (main, Dec  4 2023, 18:10:11) [Clang 15.0.0 (clang-1500.1.0.2.5)]" os-version="23.3.0" platform="Darwin" cwd="/Users/ruud.wijtvliet/python/portfolyo" machine-name="arm64" user="" user-domain="" culture="en-US" uiculture="en-US" os-architecture="64bit" /><failure><message><![CDATA[]]></message><stack-trace><![CDATA[None]]></stack-trace></failure><reason><message><![CDATA[]]></message></reason><output><![CDATA[]]></output></test-case><test-case id="853" name="tests/tools/test_intersect.py::test_intersect_distinctstartofday[startdates8-QS-2020-04-01-06:00-fr-None]" fullname="tests/tools/test_intersect.py::test_intersect_distinctstartofday[startdates8-QS-2020-04-01-06:00-fr-None]" methodname="test_intersect_distinctstartofday[startdates8-QS-2020-04-01-06:00-fr-None]" classname="tests/tools/test_intersect.py" runstate="Runnable" seed="1" result="Passed" label="Test if intersection of indices with distinct frequencies gives correct result." start-time="2024-02-05 13:01:40.304015" end-time="2024-02-05 13:01:40.304830" duration="0.000815" asserts="0"><properties><property name="python-version" value="3.11.7 (main, Dec  4 2023, 18:10:11) [Clang 15.0.0 (clang-1500.1.0.2.5)]" /><property name="fspath" value="tests/tools/test_intersect.py" /></properties><environment framework-version="3.6.2" clr-version="3.11.7 (main, Dec  4 2023, 18:10:11) [Clang 15.0.0 (clang-1500.1.0.2.5)]" os-version="23.3.0" platform="Darwin" cwd="/Users/ruud.wijtvliet/python/portfolyo" machine-name="arm64" user="" user-domain="" culture="en-US" uiculture="en-US" os-architecture="64bit" /><failure><message><![CDATA[]]></message><stack-trace><![CDATA[None]]></stack-trace></failure><reason><message><![CDATA[]]></message></reason><output><![CDATA[]]></output></test-case><test-case id="854" name="tests/tools/test_intersect.py::test_intersect_distinctstartofday[startdates8-QS-2020-04-01-06:00-fr-Europe/Berlin]" fullname="tests/tools/test_intersect.py::test_intersect_distinctstartofday[startdates8-QS-2020-04-01-06:00-fr-Europe/Berlin]" methodname="test_intersect_distinctstartofday[startdates8-QS-2020-04-01-06:00-fr-Europe/Berlin]" classname="tests/tools/test_intersect.py" runstate="Runnable" seed="1" result="Passed" label="Test if intersection of indices with distinct frequencies gives correct result." start-time="2024-02-05 13:01:40.305331" end-time="2024-02-05 13:01:40.306098" duration="0.000767" asserts="0"><properties><property name="python-version" value="3.11.7 (main, Dec  4 2023, 18:10:11) [Clang 15.0.0 (clang-1500.1.0.2.5)]" /><property name="fspath" value="tests/tools/test_intersect.py" /></properties><environment framework-version="3.6.2" clr-version="3.11.7 (main, Dec  4 2023, 18:10:11) [Clang 15.0.0 (clang-1500.1.0.2.5)]" os-version="23.3.0" platform="Darwin" cwd="/Users/ruud.wijtvliet/python/portfolyo" machine-name="arm64" user="" user-domain="" culture="en-US" uiculture="en-US" os-architecture="64bit" /><failure><message><![CDATA[]]></message><stack-trace><![CDATA[None]]></stack-trace></failure><reason><message><![CDATA[]]></message></reason><output><![CDATA[]]></output></test-case><test-case id="855" name="tests/tools/test_intersect.py::test_intersect_distinctstartofday[startdates8-QS-2020-04-01-06:00-fr-Asia/Kolkata]" fullname="tests/tools/test_intersect.py::test_intersect_distinctstartofday[startdates8-QS-2020-04-01-06:00-fr-Asia/Kolkata]" methodname="test_intersect_distinctstartofday[startdates8-QS-2020-04-01-06:00-fr-Asia/Kolkata]" classname="tests/tools/test_intersect.py" runstate="Runnable" seed="1" result="Passed" label="Test if intersection of indices with distinct frequencies gives correct result." start-time="2024-02-05 13:01:40.306499" end-time="2024-02-05 13:01:40.307195" duration="0.000696" asserts="0"><properties><property name="python-version" value="3.11.7 (main, Dec  4 2023, 18:10:11) [Clang 15.0.0 (clang-1500.1.0.2.5)]" /><property name="fspath" value="tests/tools/test_intersect.py" /></properties><environment framework-version="3.6.2" clr-version="3.11.7 (main, Dec  4 2023, 18:10:11) [Clang 15.0.0 (clang-1500.1.0.2.5)]" os-version="23.3.0" platform="Darwin" cwd="/Users/ruud.wijtvliet/python/portfolyo" machine-name="arm64" user="" user-domain="" culture="en-US" uiculture="en-US" os-architecture="64bit" /><failure><message><![CDATA[]]></message><stack-trace><![CDATA[None]]></stack-trace></failure><reason><message><![CDATA[]]></message></reason><output><![CDATA[]]></output></test-case><test-case id="856" name="tests/tools/test_intersect.py::test_intersect_distinctstartofday[startdates9-QS-2020-04-01-00:00-idx-None]" fullname="tests/tools/test_intersect.py::test_intersect_distinctstartofday[startdates9-QS-2020-04-01-00:00-idx-None]" methodname="test_intersect_distinctstartofday[startdates9-QS-2020-04-01-00:00-idx-None]" classname="tests/tools/test_intersect.py" runstate="Runnable" seed="1" result="Passed" label="Test if intersection of indices with distinct frequencies gives correct result." start-time="2024-02-05 13:01:40.307604" end-time="2024-02-05 13:01:40.308045" duration="0.000441" asserts="0"><properties><property name="python-version" value="3.11.7 (main, Dec  4 2023, 18:10:11) [Clang 15.0.0 (clang-1500.1.0.2.5)]" /><property name="fspath" value="tests/tools/test_intersect.py" /></properties><environment framework-version="3.6.2" clr-version="3.11.7 (main, Dec  4 2023, 18:10:11) [Clang 15.0.0 (clang-1500.1.0.2.5)]" os-version="23.3.0" platform="Darwin" cwd="/Users/ruud.wijtvliet/python/portfolyo" machine-name="arm64" user="" user-domain="" culture="en-US" uiculture="en-US" os-architecture="64bit" /><failure><message><![CDATA[]]></message><stack-trace><![CDATA[None]]></stack-trace></failure><reason><message><![CDATA[]]></message></reason><output><![CDATA[]]></output></test-case><test-case id="857" name="tests/tools/test_intersect.py::test_intersect_distinctstartofday[startdates9-QS-2020-04-01-00:00-idx-Europe/Berlin]" fullname="tests/tools/test_intersect.py::test_intersect_distinctstartofday[startdates9-QS-2020-04-01-00:00-idx-Europe/Berlin]" methodname="test_intersect_distinctstartofday[startdates9-QS-2020-04-01-00:00-idx-Europe/Berlin]" classname="tests/tools/test_intersect.py" runstate="Runnable" seed="1" result="Passed" label="Test if intersection of indices with distinct frequencies gives correct result." start-time="2024-02-05 13:01:40.308456" end-time="2024-02-05 13:01:40.309030" duration="0.000574" asserts="0"><properties><property name="python-version" value="3.11.7 (main, Dec  4 2023, 18:10:11) [Clang 15.0.0 (clang-1500.1.0.2.5)]" /><property name="fspath" value="tests/tools/test_intersect.py" /></properties><environment framework-version="3.6.2" clr-version="3.11.7 (main, Dec  4 2023, 18:10:11) [Clang 15.0.0 (clang-1500.1.0.2.5)]" os-version="23.3.0" platform="Darwin" cwd="/Users/ruud.wijtvliet/python/portfolyo" machine-name="arm64" user="" user-domain="" culture="en-US" uiculture="en-US" os-architecture="64bit" /><failure><message><![CDATA[]]></message><stack-trace><![CDATA[None]]></stack-trace></failure><reason><message><![CDATA[]]></message></reason><output><![CDATA[]]></output></test-case><test-case id="858" name="tests/tools/test_intersect.py::test_intersect_distinctstartofday[startdates9-QS-2020-04-01-00:00-idx-Asia/Kolkata]" fullname="tests/tools/test_intersect.py::test_intersect_distinctstartofday[startdates9-QS-2020-04-01-00:00-idx-Asia/Kolkata]" methodname="test_intersect_distinctstartofday[startdates9-QS-2020-04-01-00:00-idx-Asia/Kolkata]" classname="tests/tools/test_intersect.py" runstate="Runnable" seed="1" result="Passed" label="Test if intersection of indices with distinct frequencies gives correct result." start-time="2024-02-05 13:01:40.309438" end-time="2024-02-05 13:01:40.309989" duration="0.000551" asserts="0"><properties><property name="python-version" value="3.11.7 (main, Dec  4 2023, 18:10:11) [Clang 15.0.0 (clang-1500.1.0.2.5)]" /><property name="fspath" value="tests/tools/test_intersect.py" /></properties><environment framework-version="3.6.2" clr-version="3.11.7 (main, Dec  4 2023, 18:10:11) [Clang 15.0.0 (clang-1500.1.0.2.5)]" os-version="23.3.0" platform="Darwin" cwd="/Users/ruud.wijtvliet/python/portfolyo" machine-name="arm64" user="" user-domain="" culture="en-US" uiculture="en-US" os-architecture="64bit" /><failure><message><![CDATA[]]></message><stack-trace><![CDATA[None]]></stack-trace></failure><reason><message><![CDATA[]]></message></reason><output><![CDATA[]]></output></test-case><test-case id="859" name="tests/tools/test_intersect.py::test_intersect_distinctstartofday[startdates9-QS-2020-04-01-00:00-fr-None]" fullname="tests/tools/test_intersect.py::test_intersect_distinctstartofday[startdates9-QS-2020-04-01-00:00-fr-None]" methodname="test_intersect_distinctstartofday[startdates9-QS-2020-04-01-00:00-fr-None]" classname="tests/tools/test_intersect.py" runstate="Runnable" seed="1" result="Passed" label="Test if intersection of indices with distinct frequencies gives correct result." start-time="2024-02-05 13:01:40.310387" end-time="2024-02-05 13:01:40.310990" duration="0.000603" asserts="0"><properties><property name="python-version" value="3.11.7 (main, Dec  4 2023, 18:10:11) [Clang 15.0.0 (clang-1500.1.0.2.5)]" /><property name="fspath" value="tests/tools/test_intersect.py" /></properties><environment framework-version="3.6.2" clr-version="3.11.7 (main, Dec  4 2023, 18:10:11) [Clang 15.0.0 (clang-1500.1.0.2.5)]" os-version="23.3.0" platform="Darwin" cwd="/Users/ruud.wijtvliet/python/portfolyo" machine-name="arm64" user="" user-domain="" culture="en-US" uiculture="en-US" os-architecture="64bit" /><failure><message><![CDATA[]]></message><stack-trace><![CDATA[None]]></stack-trace></failure><reason><message><![CDATA[]]></message></reason><output><![CDATA[]]></output></test-case><test-case id="860" name="tests/tools/test_intersect.py::test_intersect_distinctstartofday[startdates9-QS-2020-04-01-00:00-fr-Europe/Berlin]" fullname="tests/tools/test_intersect.py::test_intersect_distinctstartofday[startdates9-QS-2020-04-01-00:00-fr-Europe/Berlin]" methodname="test_intersect_distinctstartofday[startdates9-QS-2020-04-01-00:00-fr-Europe/Berlin]" classname="tests/tools/test_intersect.py" runstate="Runnable" seed="1" result="Passed" label="Test if intersection of indices with distinct frequencies gives correct result." start-time="2024-02-05 13:01:40.311403" end-time="2024-02-05 13:01:40.312127" duration="0.000724" asserts="0"><properties><property name="python-version" value="3.11.7 (main, Dec  4 2023, 18:10:11) [Clang 15.0.0 (clang-1500.1.0.2.5)]" /><property name="fspath" value="tests/tools/test_intersect.py" /></properties><environment framework-version="3.6.2" clr-version="3.11.7 (main, Dec  4 2023, 18:10:11) [Clang 15.0.0 (clang-1500.1.0.2.5)]" os-version="23.3.0" platform="Darwin" cwd="/Users/ruud.wijtvliet/python/portfolyo" machine-name="arm64" user="" user-domain="" culture="en-US" uiculture="en-US" os-architecture="64bit" /><failure><message><![CDATA[]]></message><stack-trace><![CDATA[None]]></stack-trace></failure><reason><message><![CDATA[]]></message></reason><output><![CDATA[]]></output></test-case><test-case id="861" name="tests/tools/test_intersect.py::test_intersect_distinctstartofday[startdates9-QS-2020-04-01-00:00-fr-Asia/Kolkata]" fullname="tests/tools/test_intersect.py::test_intersect_distinctstartofday[startdates9-QS-2020-04-01-00:00-fr-Asia/Kolkata]" methodname="test_intersect_distinctstartofday[startdates9-QS-2020-04-01-00:00-fr-Asia/Kolkata]" classname="tests/tools/test_intersect.py" runstate="Runnable" seed="1" result="Passed" label="Test if intersection of indices with distinct frequencies gives correct result." start-time="2024-02-05 13:01:40.312545" end-time="2024-02-05 13:01:40.313260" duration="0.000715" asserts="0"><properties><property name="python-version" value="3.11.7 (main, Dec  4 2023, 18:10:11) [Clang 15.0.0 (clang-1500.1.0.2.5)]" /><property name="fspath" value="tests/tools/test_intersect.py" /></properties><environment framework-version="3.6.2" clr-version="3.11.7 (main, Dec  4 2023, 18:10:11) [Clang 15.0.0 (clang-1500.1.0.2.5)]" os-version="23.3.0" platform="Darwin" cwd="/Users/ruud.wijtvliet/python/portfolyo" machine-name="arm64" user="" user-domain="" culture="en-US" uiculture="en-US" os-architecture="64bit" /><failure><message><![CDATA[]]></message><stack-trace><![CDATA[None]]></stack-trace></failure><reason><message><![CDATA[]]></message></reason><output><![CDATA[]]></output></test-case><test-case id="862" name="tests/tools/test_intersect.py::test_intersect_distinctstartofday[startdates9-QS-2020-04-01-06:00-idx-None]" fullname="tests/tools/test_intersect.py::test_intersect_distinctstartofday[startdates9-QS-2020-04-01-06:00-idx-None]" methodname="test_intersect_distinctstartofday[startdates9-QS-2020-04-01-06:00-idx-None]" classname="tests/tools/test_intersect.py" runstate="Runnable" seed="1" result="Passed" label="Test if intersection of indices with distinct frequencies gives correct result." start-time="2024-02-05 13:01:40.313670" end-time="2024-02-05 13:01:40.314102" duration="0.000432" asserts="0"><properties><property name="python-version" value="3.11.7 (main, Dec  4 2023, 18:10:11) [Clang 15.0.0 (clang-1500.1.0.2.5)]" /><property name="fspath" value="tests/tools/test_intersect.py" /></properties><environment framework-version="3.6.2" clr-version="3.11.7 (main, Dec  4 2023, 18:10:11) [Clang 15.0.0 (clang-1500.1.0.2.5)]" os-version="23.3.0" platform="Darwin" cwd="/Users/ruud.wijtvliet/python/portfolyo" machine-name="arm64" user="" user-domain="" culture="en-US" uiculture="en-US" os-architecture="64bit" /><failure><message><![CDATA[]]></message><stack-trace><![CDATA[None]]></stack-trace></failure><reason><message><![CDATA[]]></message></reason><output><![CDATA[]]></output></test-case><test-case id="863" name="tests/tools/test_intersect.py::test_intersect_distinctstartofday[startdates9-QS-2020-04-01-06:00-idx-Europe/Berlin]" fullname="tests/tools/test_intersect.py::test_intersect_distinctstartofday[startdates9-QS-2020-04-01-06:00-idx-Europe/Berlin]" methodname="test_intersect_distinctstartofday[startdates9-QS-2020-04-01-06:00-idx-Europe/Berlin]" classname="tests/tools/test_intersect.py" runstate="Runnable" seed="1" result="Passed" label="Test if intersection of indices with distinct frequencies gives correct result." start-time="2024-02-05 13:01:40.314741" end-time="2024-02-05 13:01:40.315508" duration="0.000767" asserts="0"><properties><property name="python-version" value="3.11.7 (main, Dec  4 2023, 18:10:11) [Clang 15.0.0 (clang-1500.1.0.2.5)]" /><property name="fspath" value="tests/tools/test_intersect.py" /></properties><environment framework-version="3.6.2" clr-version="3.11.7 (main, Dec  4 2023, 18:10:11) [Clang 15.0.0 (clang-1500.1.0.2.5)]" os-version="23.3.0" platform="Darwin" cwd="/Users/ruud.wijtvliet/python/portfolyo" machine-name="arm64" user="" user-domain="" culture="en-US" uiculture="en-US" os-architecture="64bit" /><failure><message><![CDATA[]]></message><stack-trace><![CDATA[None]]></stack-trace></failure><reason><message><![CDATA[]]></message></reason><output><![CDATA[]]></output></test-case><test-case id="864" name="tests/tools/test_intersect.py::test_intersect_distinctstartofday[startdates9-QS-2020-04-01-06:00-idx-Asia/Kolkata]" fullname="tests/tools/test_intersect.py::test_intersect_distinctstartofday[startdates9-QS-2020-04-01-06:00-idx-Asia/Kolkata]" methodname="test_intersect_distinctstartofday[startdates9-QS-2020-04-01-06:00-idx-Asia/Kolkata]" classname="tests/tools/test_intersect.py" runstate="Runnable" seed="1" result="Passed" label="Test if intersection of indices with distinct frequencies gives correct result." start-time="2024-02-05 13:01:40.316040" end-time="2024-02-05 13:01:40.316700" duration="0.00066" asserts="0"><properties><property name="python-version" value="3.11.7 (main, Dec  4 2023, 18:10:11) [Clang 15.0.0 (clang-1500.1.0.2.5)]" /><property name="fspath" value="tests/tools/test_intersect.py" /></properties><environment framework-version="3.6.2" clr-version="3.11.7 (main, Dec  4 2023, 18:10:11) [Clang 15.0.0 (clang-1500.1.0.2.5)]" os-version="23.3.0" platform="Darwin" cwd="/Users/ruud.wijtvliet/python/portfolyo" machine-name="arm64" user="" user-domain="" culture="en-US" uiculture="en-US" os-architecture="64bit" /><failure><message><![CDATA[]]></message><stack-trace><![CDATA[None]]></stack-trace></failure><reason><message><![CDATA[]]></message></reason><output><![CDATA[]]></output></test-case><test-case id="865" name="tests/tools/test_intersect.py::test_intersect_distinctstartofday[startdates9-QS-2020-04-01-06:00-fr-None]" fullname="tests/tools/test_intersect.py::test_intersect_distinctstartofday[startdates9-QS-2020-04-01-06:00-fr-None]" methodname="test_intersect_distinctstartofday[startdates9-QS-2020-04-01-06:00-fr-None]" classname="tests/tools/test_intersect.py" runstate="Runnable" seed="1" result="Passed" label="Test if intersection of indices with distinct frequencies gives correct result." start-time="2024-02-05 13:01:40.317159" end-time="2024-02-05 13:01:40.317925" duration="0.000766" asserts="0"><properties><property name="python-version" value="3.11.7 (main, Dec  4 2023, 18:10:11) [Clang 15.0.0 (clang-1500.1.0.2.5)]" /><property name="fspath" value="tests/tools/test_intersect.py" /></properties><environment framework-version="3.6.2" clr-version="3.11.7 (main, Dec  4 2023, 18:10:11) [Clang 15.0.0 (clang-1500.1.0.2.5)]" os-version="23.3.0" platform="Darwin" cwd="/Users/ruud.wijtvliet/python/portfolyo" machine-name="arm64" user="" user-domain="" culture="en-US" uiculture="en-US" os-architecture="64bit" /><failure><message><![CDATA[]]></message><stack-trace><![CDATA[None]]></stack-trace></failure><reason><message><![CDATA[]]></message></reason><output><![CDATA[]]></output></test-case><test-case id="866" name="tests/tools/test_intersect.py::test_intersect_distinctstartofday[startdates9-QS-2020-04-01-06:00-fr-Europe/Berlin]" fullname="tests/tools/test_intersect.py::test_intersect_distinctstartofday[startdates9-QS-2020-04-01-06:00-fr-Europe/Berlin]" methodname="test_intersect_distinctstartofday[startdates9-QS-2020-04-01-06:00-fr-Europe/Berlin]" classname="tests/tools/test_intersect.py" runstate="Runnable" seed="1" result="Passed" label="Test if intersection of indices with distinct frequencies gives correct result." start-time="2024-02-05 13:01:40.318367" end-time="2024-02-05 13:01:40.319122" duration="0.000755" asserts="0"><properties><property name="python-version" value="3.11.7 (main, Dec  4 2023, 18:10:11) [Clang 15.0.0 (clang-1500.1.0.2.5)]" /><property name="fspath" value="tests/tools/test_intersect.py" /></properties><environment framework-version="3.6.2" clr-version="3.11.7 (main, Dec  4 2023, 18:10:11) [Clang 15.0.0 (clang-1500.1.0.2.5)]" os-version="23.3.0" platform="Darwin" cwd="/Users/ruud.wijtvliet/python/portfolyo" machine-name="arm64" user="" user-domain="" culture="en-US" uiculture="en-US" os-architecture="64bit" /><failure><message><![CDATA[]]></message><stack-trace><![CDATA[None]]></stack-trace></failure><reason><message><![CDATA[]]></message></reason><output><![CDATA[]]></output></test-case><test-case id="867" name="tests/tools/test_intersect.py::test_intersect_distinctstartofday[startdates9-QS-2020-04-01-06:00-fr-Asia/Kolkata]" fullname="tests/tools/test_intersect.py::test_intersect_distinctstartofday[startdates9-QS-2020-04-01-06:00-fr-Asia/Kolkata]" methodname="test_intersect_distinctstartofday[startdates9-QS-2020-04-01-06:00-fr-Asia/Kolkata]" classname="tests/tools/test_intersect.py" runstate="Runnable" seed="1" result="Passed" label="Test if intersection of indices with distinct frequencies gives correct result." start-time="2024-02-05 13:01:40.319553" end-time="2024-02-05 13:01:40.320327" duration="0.000774" asserts="0"><properties><property name="python-version" value="3.11.7 (main, Dec  4 2023, 18:10:11) [Clang 15.0.0 (clang-1500.1.0.2.5)]" /><property name="fspath" value="tests/tools/test_intersect.py" /></properties><environment framework-version="3.6.2" clr-version="3.11.7 (main, Dec  4 2023, 18:10:11) [Clang 15.0.0 (clang-1500.1.0.2.5)]" os-version="23.3.0" platform="Darwin" cwd="/Users/ruud.wijtvliet/python/portfolyo" machine-name="arm64" user="" user-domain="" culture="en-US" uiculture="en-US" os-architecture="64bit" /><failure><message><![CDATA[]]></message><stack-trace><![CDATA[None]]></stack-trace></failure><reason><message><![CDATA[]]></message></reason><output><![CDATA[]]></output></test-case><test-case id="868" name="tests/tools/test_intersect.py::test_intersect_distinctstartofday[startdates10-AS-2021-01-01-00:00-idx-None]" fullname="tests/tools/test_intersect.py::test_intersect_distinctstartofday[startdates10-AS-2021-01-01-00:00-idx-None]" methodname="test_intersect_distinctstartofday[startdates10-AS-2021-01-01-00:00-idx-None]" classname="tests/tools/test_intersect.py" runstate="Runnable" seed="1" result="Passed" label="Test if intersection of indices with distinct frequencies gives correct result." start-time="2024-02-05 13:01:40.320804" end-time="2024-02-05 13:01:40.321257" duration="0.000453" asserts="0"><properties><property name="python-version" value="3.11.7 (main, Dec  4 2023, 18:10:11) [Clang 15.0.0 (clang-1500.1.0.2.5)]" /><property name="fspath" value="tests/tools/test_intersect.py" /></properties><environment framework-version="3.6.2" clr-version="3.11.7 (main, Dec  4 2023, 18:10:11) [Clang 15.0.0 (clang-1500.1.0.2.5)]" os-version="23.3.0" platform="Darwin" cwd="/Users/ruud.wijtvliet/python/portfolyo" machine-name="arm64" user="" user-domain="" culture="en-US" uiculture="en-US" os-architecture="64bit" /><failure><message><![CDATA[]]></message><stack-trace><![CDATA[None]]></stack-trace></failure><reason><message><![CDATA[]]></message></reason><output><![CDATA[]]></output></test-case><test-case id="869" name="tests/tools/test_intersect.py::test_intersect_distinctstartofday[startdates10-AS-2021-01-01-00:00-idx-Europe/Berlin]" fullname="tests/tools/test_intersect.py::test_intersect_distinctstartofday[startdates10-AS-2021-01-01-00:00-idx-Europe/Berlin]" methodname="test_intersect_distinctstartofday[startdates10-AS-2021-01-01-00:00-idx-Europe/Berlin]" classname="tests/tools/test_intersect.py" runstate="Runnable" seed="1" result="Passed" label="Test if intersection of indices with distinct frequencies gives correct result." start-time="2024-02-05 13:01:40.321687" end-time="2024-02-05 13:01:40.322236" duration="0.000549" asserts="0"><properties><property name="python-version" value="3.11.7 (main, Dec  4 2023, 18:10:11) [Clang 15.0.0 (clang-1500.1.0.2.5)]" /><property name="fspath" value="tests/tools/test_intersect.py" /></properties><environment framework-version="3.6.2" clr-version="3.11.7 (main, Dec  4 2023, 18:10:11) [Clang 15.0.0 (clang-1500.1.0.2.5)]" os-version="23.3.0" platform="Darwin" cwd="/Users/ruud.wijtvliet/python/portfolyo" machine-name="arm64" user="" user-domain="" culture="en-US" uiculture="en-US" os-architecture="64bit" /><failure><message><![CDATA[]]></message><stack-trace><![CDATA[None]]></stack-trace></failure><reason><message><![CDATA[]]></message></reason><output><![CDATA[]]></output></test-case><test-case id="870" name="tests/tools/test_intersect.py::test_intersect_distinctstartofday[startdates10-AS-2021-01-01-00:00-idx-Asia/Kolkata]" fullname="tests/tools/test_intersect.py::test_intersect_distinctstartofday[startdates10-AS-2021-01-01-00:00-idx-Asia/Kolkata]" methodname="test_intersect_distinctstartofday[startdates10-AS-2021-01-01-00:00-idx-Asia/Kolkata]" classname="tests/tools/test_intersect.py" runstate="Runnable" seed="1" result="Passed" label="Test if intersection of indices with distinct frequencies gives correct result." start-time="2024-02-05 13:01:40.322671" end-time="2024-02-05 13:01:40.323159" duration="0.000488" asserts="0"><properties><property name="python-version" value="3.11.7 (main, Dec  4 2023, 18:10:11) [Clang 15.0.0 (clang-1500.1.0.2.5)]" /><property name="fspath" value="tests/tools/test_intersect.py" /></properties><environment framework-version="3.6.2" clr-version="3.11.7 (main, Dec  4 2023, 18:10:11) [Clang 15.0.0 (clang-1500.1.0.2.5)]" os-version="23.3.0" platform="Darwin" cwd="/Users/ruud.wijtvliet/python/portfolyo" machine-name="arm64" user="" user-domain="" culture="en-US" uiculture="en-US" os-architecture="64bit" /><failure><message><![CDATA[]]></message><stack-trace><![CDATA[None]]></stack-trace></failure><reason><message><![CDATA[]]></message></reason><output><![CDATA[]]></output></test-case><test-case id="871" name="tests/tools/test_intersect.py::test_intersect_distinctstartofday[startdates10-AS-2021-01-01-00:00-fr-None]" fullname="tests/tools/test_intersect.py::test_intersect_distinctstartofday[startdates10-AS-2021-01-01-00:00-fr-None]" methodname="test_intersect_distinctstartofday[startdates10-AS-2021-01-01-00:00-fr-None]" classname="tests/tools/test_intersect.py" runstate="Runnable" seed="1" result="Passed" label="Test if intersection of indices with distinct frequencies gives correct result." start-time="2024-02-05 13:01:40.323566" end-time="2024-02-05 13:01:40.324178" duration="0.000612" asserts="0"><properties><property name="python-version" value="3.11.7 (main, Dec  4 2023, 18:10:11) [Clang 15.0.0 (clang-1500.1.0.2.5)]" /><property name="fspath" value="tests/tools/test_intersect.py" /></properties><environment framework-version="3.6.2" clr-version="3.11.7 (main, Dec  4 2023, 18:10:11) [Clang 15.0.0 (clang-1500.1.0.2.5)]" os-version="23.3.0" platform="Darwin" cwd="/Users/ruud.wijtvliet/python/portfolyo" machine-name="arm64" user="" user-domain="" culture="en-US" uiculture="en-US" os-architecture="64bit" /><failure><message><![CDATA[]]></message><stack-trace><![CDATA[None]]></stack-trace></failure><reason><message><![CDATA[]]></message></reason><output><![CDATA[]]></output></test-case><test-case id="872" name="tests/tools/test_intersect.py::test_intersect_distinctstartofday[startdates10-AS-2021-01-01-00:00-fr-Europe/Berlin]" fullname="tests/tools/test_intersect.py::test_intersect_distinctstartofday[startdates10-AS-2021-01-01-00:00-fr-Europe/Berlin]" methodname="test_intersect_distinctstartofday[startdates10-AS-2021-01-01-00:00-fr-Europe/Berlin]" classname="tests/tools/test_intersect.py" runstate="Runnable" seed="1" result="Passed" label="Test if intersection of indices with distinct frequencies gives correct result." start-time="2024-02-05 13:01:40.324693" end-time="2024-02-05 13:01:40.325504" duration="0.000811" asserts="0"><properties><property name="python-version" value="3.11.7 (main, Dec  4 2023, 18:10:11) [Clang 15.0.0 (clang-1500.1.0.2.5)]" /><property name="fspath" value="tests/tools/test_intersect.py" /></properties><environment framework-version="3.6.2" clr-version="3.11.7 (main, Dec  4 2023, 18:10:11) [Clang 15.0.0 (clang-1500.1.0.2.5)]" os-version="23.3.0" platform="Darwin" cwd="/Users/ruud.wijtvliet/python/portfolyo" machine-name="arm64" user="" user-domain="" culture="en-US" uiculture="en-US" os-architecture="64bit" /><failure><message><![CDATA[]]></message><stack-trace><![CDATA[None]]></stack-trace></failure><reason><message><![CDATA[]]></message></reason><output><![CDATA[]]></output></test-case><test-case id="873" name="tests/tools/test_intersect.py::test_intersect_distinctstartofday[startdates10-AS-2021-01-01-00:00-fr-Asia/Kolkata]" fullname="tests/tools/test_intersect.py::test_intersect_distinctstartofday[startdates10-AS-2021-01-01-00:00-fr-Asia/Kolkata]" methodname="test_intersect_distinctstartofday[startdates10-AS-2021-01-01-00:00-fr-Asia/Kolkata]" classname="tests/tools/test_intersect.py" runstate="Runnable" seed="1" result="Passed" label="Test if intersection of indices with distinct frequencies gives correct result." start-time="2024-02-05 13:01:40.325968" end-time="2024-02-05 13:01:40.326730" duration="0.000762" asserts="0"><properties><property name="python-version" value="3.11.7 (main, Dec  4 2023, 18:10:11) [Clang 15.0.0 (clang-1500.1.0.2.5)]" /><property name="fspath" value="tests/tools/test_intersect.py" /></properties><environment framework-version="3.6.2" clr-version="3.11.7 (main, Dec  4 2023, 18:10:11) [Clang 15.0.0 (clang-1500.1.0.2.5)]" os-version="23.3.0" platform="Darwin" cwd="/Users/ruud.wijtvliet/python/portfolyo" machine-name="arm64" user="" user-domain="" culture="en-US" uiculture="en-US" os-architecture="64bit" /><failure><message><![CDATA[]]></message><stack-trace><![CDATA[None]]></stack-trace></failure><reason><message><![CDATA[]]></message></reason><output><![CDATA[]]></output></test-case><test-case id="874" name="tests/tools/test_intersect.py::test_intersect_distinctstartofday[startdates10-AS-2021-01-01-06:00-idx-None]" fullname="tests/tools/test_intersect.py::test_intersect_distinctstartofday[startdates10-AS-2021-01-01-06:00-idx-None]" methodname="test_intersect_distinctstartofday[startdates10-AS-2021-01-01-06:00-idx-None]" classname="tests/tools/test_intersect.py" runstate="Runnable" seed="1" result="Passed" label="Test if intersection of indices with distinct frequencies gives correct result." start-time="2024-02-05 13:01:40.327233" end-time="2024-02-05 13:01:40.327669" duration="0.000436" asserts="0"><properties><property name="python-version" value="3.11.7 (main, Dec  4 2023, 18:10:11) [Clang 15.0.0 (clang-1500.1.0.2.5)]" /><property name="fspath" value="tests/tools/test_intersect.py" /></properties><environment framework-version="3.6.2" clr-version="3.11.7 (main, Dec  4 2023, 18:10:11) [Clang 15.0.0 (clang-1500.1.0.2.5)]" os-version="23.3.0" platform="Darwin" cwd="/Users/ruud.wijtvliet/python/portfolyo" machine-name="arm64" user="" user-domain="" culture="en-US" uiculture="en-US" os-architecture="64bit" /><failure><message><![CDATA[]]></message><stack-trace><![CDATA[None]]></stack-trace></failure><reason><message><![CDATA[]]></message></reason><output><![CDATA[]]></output></test-case><test-case id="875" name="tests/tools/test_intersect.py::test_intersect_distinctstartofday[startdates10-AS-2021-01-01-06:00-idx-Europe/Berlin]" fullname="tests/tools/test_intersect.py::test_intersect_distinctstartofday[startdates10-AS-2021-01-01-06:00-idx-Europe/Berlin]" methodname="test_intersect_distinctstartofday[startdates10-AS-2021-01-01-06:00-idx-Europe/Berlin]" classname="tests/tools/test_intersect.py" runstate="Runnable" seed="1" result="Passed" label="Test if intersection of indices with distinct frequencies gives correct result." start-time="2024-02-05 13:01:40.328102" end-time="2024-02-05 13:01:40.328632" duration="0.00053" asserts="0"><properties><property name="python-version" value="3.11.7 (main, Dec  4 2023, 18:10:11) [Clang 15.0.0 (clang-1500.1.0.2.5)]" /><property name="fspath" value="tests/tools/test_intersect.py" /></properties><environment framework-version="3.6.2" clr-version="3.11.7 (main, Dec  4 2023, 18:10:11) [Clang 15.0.0 (clang-1500.1.0.2.5)]" os-version="23.3.0" platform="Darwin" cwd="/Users/ruud.wijtvliet/python/portfolyo" machine-name="arm64" user="" user-domain="" culture="en-US" uiculture="en-US" os-architecture="64bit" /><failure><message><![CDATA[]]></message><stack-trace><![CDATA[None]]></stack-trace></failure><reason><message><![CDATA[]]></message></reason><output><![CDATA[]]></output></test-case><test-case id="876" name="tests/tools/test_intersect.py::test_intersect_distinctstartofday[startdates10-AS-2021-01-01-06:00-idx-Asia/Kolkata]" fullname="tests/tools/test_intersect.py::test_intersect_distinctstartofday[startdates10-AS-2021-01-01-06:00-idx-Asia/Kolkata]" methodname="test_intersect_distinctstartofday[startdates10-AS-2021-01-01-06:00-idx-Asia/Kolkata]" classname="tests/tools/test_intersect.py" runstate="Runnable" seed="1" result="Passed" label="Test if intersection of indices with distinct frequencies gives correct result." start-time="2024-02-05 13:01:40.329064" end-time="2024-02-05 13:01:40.329561" duration="0.000497" asserts="0"><properties><property name="python-version" value="3.11.7 (main, Dec  4 2023, 18:10:11) [Clang 15.0.0 (clang-1500.1.0.2.5)]" /><property name="fspath" value="tests/tools/test_intersect.py" /></properties><environment framework-version="3.6.2" clr-version="3.11.7 (main, Dec  4 2023, 18:10:11) [Clang 15.0.0 (clang-1500.1.0.2.5)]" os-version="23.3.0" platform="Darwin" cwd="/Users/ruud.wijtvliet/python/portfolyo" machine-name="arm64" user="" user-domain="" culture="en-US" uiculture="en-US" os-architecture="64bit" /><failure><message><![CDATA[]]></message><stack-trace><![CDATA[None]]></stack-trace></failure><reason><message><![CDATA[]]></message></reason><output><![CDATA[]]></output></test-case><test-case id="877" name="tests/tools/test_intersect.py::test_intersect_distinctstartofday[startdates10-AS-2021-01-01-06:00-fr-None]" fullname="tests/tools/test_intersect.py::test_intersect_distinctstartofday[startdates10-AS-2021-01-01-06:00-fr-None]" methodname="test_intersect_distinctstartofday[startdates10-AS-2021-01-01-06:00-fr-None]" classname="tests/tools/test_intersect.py" runstate="Runnable" seed="1" result="Passed" label="Test if intersection of indices with distinct frequencies gives correct result." start-time="2024-02-05 13:01:40.329978" end-time="2024-02-05 13:01:40.330568" duration="0.00059" asserts="0"><properties><property name="python-version" value="3.11.7 (main, Dec  4 2023, 18:10:11) [Clang 15.0.0 (clang-1500.1.0.2.5)]" /><property name="fspath" value="tests/tools/test_intersect.py" /></properties><environment framework-version="3.6.2" clr-version="3.11.7 (main, Dec  4 2023, 18:10:11) [Clang 15.0.0 (clang-1500.1.0.2.5)]" os-version="23.3.0" platform="Darwin" cwd="/Users/ruud.wijtvliet/python/portfolyo" machine-name="arm64" user="" user-domain="" culture="en-US" uiculture="en-US" os-architecture="64bit" /><failure><message><![CDATA[]]></message><stack-trace><![CDATA[None]]></stack-trace></failure><reason><message><![CDATA[]]></message></reason><output><![CDATA[]]></output></test-case><test-case id="878" name="tests/tools/test_intersect.py::test_intersect_distinctstartofday[startdates10-AS-2021-01-01-06:00-fr-Europe/Berlin]" fullname="tests/tools/test_intersect.py::test_intersect_distinctstartofday[startdates10-AS-2021-01-01-06:00-fr-Europe/Berlin]" methodname="test_intersect_distinctstartofday[startdates10-AS-2021-01-01-06:00-fr-Europe/Berlin]" classname="tests/tools/test_intersect.py" runstate="Runnable" seed="1" result="Passed" label="Test if intersection of indices with distinct frequencies gives correct result." start-time="2024-02-05 13:01:40.331041" end-time="2024-02-05 13:01:40.331747" duration="0.000706" asserts="0"><properties><property name="python-version" value="3.11.7 (main, Dec  4 2023, 18:10:11) [Clang 15.0.0 (clang-1500.1.0.2.5)]" /><property name="fspath" value="tests/tools/test_intersect.py" /></properties><environment framework-version="3.6.2" clr-version="3.11.7 (main, Dec  4 2023, 18:10:11) [Clang 15.0.0 (clang-1500.1.0.2.5)]" os-version="23.3.0" platform="Darwin" cwd="/Users/ruud.wijtvliet/python/portfolyo" machine-name="arm64" user="" user-domain="" culture="en-US" uiculture="en-US" os-architecture="64bit" /><failure><message><![CDATA[]]></message><stack-trace><![CDATA[None]]></stack-trace></failure><reason><message><![CDATA[]]></message></reason><output><![CDATA[]]></output></test-case><test-case id="879" name="tests/tools/test_intersect.py::test_intersect_distinctstartofday[startdates10-AS-2021-01-01-06:00-fr-Asia/Kolkata]" fullname="tests/tools/test_intersect.py::test_intersect_distinctstartofday[startdates10-AS-2021-01-01-06:00-fr-Asia/Kolkata]" methodname="test_intersect_distinctstartofday[startdates10-AS-2021-01-01-06:00-fr-Asia/Kolkata]" classname="tests/tools/test_intersect.py" runstate="Runnable" seed="1" result="Passed" label="Test if intersection of indices with distinct frequencies gives correct result." start-time="2024-02-05 13:01:40.332238" end-time="2024-02-05 13:01:40.332984" duration="0.000746" asserts="0"><properties><property name="python-version" value="3.11.7 (main, Dec  4 2023, 18:10:11) [Clang 15.0.0 (clang-1500.1.0.2.5)]" /><property name="fspath" value="tests/tools/test_intersect.py" /></properties><environment framework-version="3.6.2" clr-version="3.11.7 (main, Dec  4 2023, 18:10:11) [Clang 15.0.0 (clang-1500.1.0.2.5)]" os-version="23.3.0" platform="Darwin" cwd="/Users/ruud.wijtvliet/python/portfolyo" machine-name="arm64" user="" user-domain="" culture="en-US" uiculture="en-US" os-architecture="64bit" /><failure><message><![CDATA[]]></message><stack-trace><![CDATA[None]]></stack-trace></failure><reason><message><![CDATA[]]></message></reason><output><![CDATA[]]></output></test-case><test-case id="880" name="tests/tools/test_intersect.py::test_intersect_distinctstartofday[startdates11-AS-2021-01-01-00:00-idx-None]" fullname="tests/tools/test_intersect.py::test_intersect_distinctstartofday[startdates11-AS-2021-01-01-00:00-idx-None]" methodname="test_intersect_distinctstartofday[startdates11-AS-2021-01-01-00:00-idx-None]" classname="tests/tools/test_intersect.py" runstate="Runnable" seed="1" result="Passed" label="Test if intersection of indices with distinct frequencies gives correct result." start-time="2024-02-05 13:01:40.333505" end-time="2024-02-05 13:01:40.333977" duration="0.000472" asserts="0"><properties><property name="python-version" value="3.11.7 (main, Dec  4 2023, 18:10:11) [Clang 15.0.0 (clang-1500.1.0.2.5)]" /><property name="fspath" value="tests/tools/test_intersect.py" /></properties><environment framework-version="3.6.2" clr-version="3.11.7 (main, Dec  4 2023, 18:10:11) [Clang 15.0.0 (clang-1500.1.0.2.5)]" os-version="23.3.0" platform="Darwin" cwd="/Users/ruud.wijtvliet/python/portfolyo" machine-name="arm64" user="" user-domain="" culture="en-US" uiculture="en-US" os-architecture="64bit" /><failure><message><![CDATA[]]></message><stack-trace><![CDATA[None]]></stack-trace></failure><reason><message><![CDATA[]]></message></reason><output><![CDATA[]]></output></test-case><test-case id="881" name="tests/tools/test_intersect.py::test_intersect_distinctstartofday[startdates11-AS-2021-01-01-00:00-idx-Europe/Berlin]" fullname="tests/tools/test_intersect.py::test_intersect_distinctstartofday[startdates11-AS-2021-01-01-00:00-idx-Europe/Berlin]" methodname="test_intersect_distinctstartofday[startdates11-AS-2021-01-01-00:00-idx-Europe/Berlin]" classname="tests/tools/test_intersect.py" runstate="Runnable" seed="1" result="Passed" label="Test if intersection of indices with distinct frequencies gives correct result." start-time="2024-02-05 13:01:40.334465" end-time="2024-02-05 13:01:40.335019" duration="0.000554" asserts="0"><properties><property name="python-version" value="3.11.7 (main, Dec  4 2023, 18:10:11) [Clang 15.0.0 (clang-1500.1.0.2.5)]" /><property name="fspath" value="tests/tools/test_intersect.py" /></properties><environment framework-version="3.6.2" clr-version="3.11.7 (main, Dec  4 2023, 18:10:11) [Clang 15.0.0 (clang-1500.1.0.2.5)]" os-version="23.3.0" platform="Darwin" cwd="/Users/ruud.wijtvliet/python/portfolyo" machine-name="arm64" user="" user-domain="" culture="en-US" uiculture="en-US" os-architecture="64bit" /><failure><message><![CDATA[]]></message><stack-trace><![CDATA[None]]></stack-trace></failure><reason><message><![CDATA[]]></message></reason><output><![CDATA[]]></output></test-case><test-case id="882" name="tests/tools/test_intersect.py::test_intersect_distinctstartofday[startdates11-AS-2021-01-01-00:00-idx-Asia/Kolkata]" fullname="tests/tools/test_intersect.py::test_intersect_distinctstartofday[startdates11-AS-2021-01-01-00:00-idx-Asia/Kolkata]" methodname="test_intersect_distinctstartofday[startdates11-AS-2021-01-01-00:00-idx-Asia/Kolkata]" classname="tests/tools/test_intersect.py" runstate="Runnable" seed="1" result="Passed" label="Test if intersection of indices with distinct frequencies gives correct result." start-time="2024-02-05 13:01:40.335453" end-time="2024-02-05 13:01:40.336027" duration="0.000574" asserts="0"><properties><property name="python-version" value="3.11.7 (main, Dec  4 2023, 18:10:11) [Clang 15.0.0 (clang-1500.1.0.2.5)]" /><property name="fspath" value="tests/tools/test_intersect.py" /></properties><environment framework-version="3.6.2" clr-version="3.11.7 (main, Dec  4 2023, 18:10:11) [Clang 15.0.0 (clang-1500.1.0.2.5)]" os-version="23.3.0" platform="Darwin" cwd="/Users/ruud.wijtvliet/python/portfolyo" machine-name="arm64" user="" user-domain="" culture="en-US" uiculture="en-US" os-architecture="64bit" /><failure><message><![CDATA[]]></message><stack-trace><![CDATA[None]]></stack-trace></failure><reason><message><![CDATA[]]></message></reason><output><![CDATA[]]></output></test-case><test-case id="883" name="tests/tools/test_intersect.py::test_intersect_distinctstartofday[startdates11-AS-2021-01-01-00:00-fr-None]" fullname="tests/tools/test_intersect.py::test_intersect_distinctstartofday[startdates11-AS-2021-01-01-00:00-fr-None]" methodname="test_intersect_distinctstartofday[startdates11-AS-2021-01-01-00:00-fr-None]" classname="tests/tools/test_intersect.py" runstate="Runnable" seed="1" result="Passed" label="Test if intersection of indices with distinct frequencies gives correct result." start-time="2024-02-05 13:01:40.336482" end-time="2024-02-05 13:01:40.337122" duration="0.00064" asserts="0"><properties><property name="python-version" value="3.11.7 (main, Dec  4 2023, 18:10:11) [Clang 15.0.0 (clang-1500.1.0.2.5)]" /><property name="fspath" value="tests/tools/test_intersect.py" /></properties><environment framework-version="3.6.2" clr-version="3.11.7 (main, Dec  4 2023, 18:10:11) [Clang 15.0.0 (clang-1500.1.0.2.5)]" os-version="23.3.0" platform="Darwin" cwd="/Users/ruud.wijtvliet/python/portfolyo" machine-name="arm64" user="" user-domain="" culture="en-US" uiculture="en-US" os-architecture="64bit" /><failure><message><![CDATA[]]></message><stack-trace><![CDATA[None]]></stack-trace></failure><reason><message><![CDATA[]]></message></reason><output><![CDATA[]]></output></test-case><test-case id="884" name="tests/tools/test_intersect.py::test_intersect_distinctstartofday[startdates11-AS-2021-01-01-00:00-fr-Europe/Berlin]" fullname="tests/tools/test_intersect.py::test_intersect_distinctstartofday[startdates11-AS-2021-01-01-00:00-fr-Europe/Berlin]" methodname="test_intersect_distinctstartofday[startdates11-AS-2021-01-01-00:00-fr-Europe/Berlin]" classname="tests/tools/test_intersect.py" runstate="Runnable" seed="1" result="Passed" label="Test if intersection of indices with distinct frequencies gives correct result." start-time="2024-02-05 13:01:40.337618" end-time="2024-02-05 13:01:40.338392" duration="0.000774" asserts="0"><properties><property name="python-version" value="3.11.7 (main, Dec  4 2023, 18:10:11) [Clang 15.0.0 (clang-1500.1.0.2.5)]" /><property name="fspath" value="tests/tools/test_intersect.py" /></properties><environment framework-version="3.6.2" clr-version="3.11.7 (main, Dec  4 2023, 18:10:11) [Clang 15.0.0 (clang-1500.1.0.2.5)]" os-version="23.3.0" platform="Darwin" cwd="/Users/ruud.wijtvliet/python/portfolyo" machine-name="arm64" user="" user-domain="" culture="en-US" uiculture="en-US" os-architecture="64bit" /><failure><message><![CDATA[]]></message><stack-trace><![CDATA[None]]></stack-trace></failure><reason><message><![CDATA[]]></message></reason><output><![CDATA[]]></output></test-case><test-case id="885" name="tests/tools/test_intersect.py::test_intersect_distinctstartofday[startdates11-AS-2021-01-01-00:00-fr-Asia/Kolkata]" fullname="tests/tools/test_intersect.py::test_intersect_distinctstartofday[startdates11-AS-2021-01-01-00:00-fr-Asia/Kolkata]" methodname="test_intersect_distinctstartofday[startdates11-AS-2021-01-01-00:00-fr-Asia/Kolkata]" classname="tests/tools/test_intersect.py" runstate="Runnable" seed="1" result="Passed" label="Test if intersection of indices with distinct frequencies gives correct result." start-time="2024-02-05 13:01:40.338846" end-time="2024-02-05 13:01:40.339543" duration="0.000697" asserts="0"><properties><property name="python-version" value="3.11.7 (main, Dec  4 2023, 18:10:11) [Clang 15.0.0 (clang-1500.1.0.2.5)]" /><property name="fspath" value="tests/tools/test_intersect.py" /></properties><environment framework-version="3.6.2" clr-version="3.11.7 (main, Dec  4 2023, 18:10:11) [Clang 15.0.0 (clang-1500.1.0.2.5)]" os-version="23.3.0" platform="Darwin" cwd="/Users/ruud.wijtvliet/python/portfolyo" machine-name="arm64" user="" user-domain="" culture="en-US" uiculture="en-US" os-architecture="64bit" /><failure><message><![CDATA[]]></message><stack-trace><![CDATA[None]]></stack-trace></failure><reason><message><![CDATA[]]></message></reason><output><![CDATA[]]></output></test-case><test-case id="886" name="tests/tools/test_intersect.py::test_intersect_distinctstartofday[startdates11-AS-2021-01-01-06:00-idx-None]" fullname="tests/tools/test_intersect.py::test_intersect_distinctstartofday[startdates11-AS-2021-01-01-06:00-idx-None]" methodname="test_intersect_distinctstartofday[startdates11-AS-2021-01-01-06:00-idx-None]" classname="tests/tools/test_intersect.py" runstate="Runnable" seed="1" result="Passed" label="Test if intersection of indices with distinct frequencies gives correct result." start-time="2024-02-05 13:01:40.339994" end-time="2024-02-05 13:01:40.340433" duration="0.000439" asserts="0"><properties><property name="python-version" value="3.11.7 (main, Dec  4 2023, 18:10:11) [Clang 15.0.0 (clang-1500.1.0.2.5)]" /><property name="fspath" value="tests/tools/test_intersect.py" /></properties><environment framework-version="3.6.2" clr-version="3.11.7 (main, Dec  4 2023, 18:10:11) [Clang 15.0.0 (clang-1500.1.0.2.5)]" os-version="23.3.0" platform="Darwin" cwd="/Users/ruud.wijtvliet/python/portfolyo" machine-name="arm64" user="" user-domain="" culture="en-US" uiculture="en-US" os-architecture="64bit" /><failure><message><![CDATA[]]></message><stack-trace><![CDATA[None]]></stack-trace></failure><reason><message><![CDATA[]]></message></reason><output><![CDATA[]]></output></test-case><test-case id="887" name="tests/tools/test_intersect.py::test_intersect_distinctstartofday[startdates11-AS-2021-01-01-06:00-idx-Europe/Berlin]" fullname="tests/tools/test_intersect.py::test_intersect_distinctstartofday[startdates11-AS-2021-01-01-06:00-idx-Europe/Berlin]" methodname="test_intersect_distinctstartofday[startdates11-AS-2021-01-01-06:00-idx-Europe/Berlin]" classname="tests/tools/test_intersect.py" runstate="Runnable" seed="1" result="Passed" label="Test if intersection of indices with distinct frequencies gives correct result." start-time="2024-02-05 13:01:40.340893" end-time="2024-02-05 13:01:40.341412" duration="0.000519" asserts="0"><properties><property name="python-version" value="3.11.7 (main, Dec  4 2023, 18:10:11) [Clang 15.0.0 (clang-1500.1.0.2.5)]" /><property name="fspath" value="tests/tools/test_intersect.py" /></properties><environment framework-version="3.6.2" clr-version="3.11.7 (main, Dec  4 2023, 18:10:11) [Clang 15.0.0 (clang-1500.1.0.2.5)]" os-version="23.3.0" platform="Darwin" cwd="/Users/ruud.wijtvliet/python/portfolyo" machine-name="arm64" user="" user-domain="" culture="en-US" uiculture="en-US" os-architecture="64bit" /><failure><message><![CDATA[]]></message><stack-trace><![CDATA[None]]></stack-trace></failure><reason><message><![CDATA[]]></message></reason><output><![CDATA[]]></output></test-case><test-case id="888" name="tests/tools/test_intersect.py::test_intersect_distinctstartofday[startdates11-AS-2021-01-01-06:00-idx-Asia/Kolkata]" fullname="tests/tools/test_intersect.py::test_intersect_distinctstartofday[startdates11-AS-2021-01-01-06:00-idx-Asia/Kolkata]" methodname="test_intersect_distinctstartofday[startdates11-AS-2021-01-01-06:00-idx-Asia/Kolkata]" classname="tests/tools/test_intersect.py" runstate="Runnable" seed="1" result="Passed" label="Test if intersection of indices with distinct frequencies gives correct result." start-time="2024-02-05 13:01:40.341951" end-time="2024-02-05 13:01:40.342499" duration="0.000548" asserts="0"><properties><property name="python-version" value="3.11.7 (main, Dec  4 2023, 18:10:11) [Clang 15.0.0 (clang-1500.1.0.2.5)]" /><property name="fspath" value="tests/tools/test_intersect.py" /></properties><environment framework-version="3.6.2" clr-version="3.11.7 (main, Dec  4 2023, 18:10:11) [Clang 15.0.0 (clang-1500.1.0.2.5)]" os-version="23.3.0" platform="Darwin" cwd="/Users/ruud.wijtvliet/python/portfolyo" machine-name="arm64" user="" user-domain="" culture="en-US" uiculture="en-US" os-architecture="64bit" /><failure><message><![CDATA[]]></message><stack-trace><![CDATA[None]]></stack-trace></failure><reason><message><![CDATA[]]></message></reason><output><![CDATA[]]></output></test-case><test-case id="889" name="tests/tools/test_intersect.py::test_intersect_distinctstartofday[startdates11-AS-2021-01-01-06:00-fr-None]" fullname="tests/tools/test_intersect.py::test_intersect_distinctstartofday[startdates11-AS-2021-01-01-06:00-fr-None]" methodname="test_intersect_distinctstartofday[startdates11-AS-2021-01-01-06:00-fr-None]" classname="tests/tools/test_intersect.py" runstate="Runnable" seed="1" result="Passed" label="Test if intersection of indices with distinct frequencies gives correct result." start-time="2024-02-05 13:01:40.342974" end-time="2024-02-05 13:01:40.343603" duration="0.000629" asserts="0"><properties><property name="python-version" value="3.11.7 (main, Dec  4 2023, 18:10:11) [Clang 15.0.0 (clang-1500.1.0.2.5)]" /><property name="fspath" value="tests/tools/test_intersect.py" /></properties><environment framework-version="3.6.2" clr-version="3.11.7 (main, Dec  4 2023, 18:10:11) [Clang 15.0.0 (clang-1500.1.0.2.5)]" os-version="23.3.0" platform="Darwin" cwd="/Users/ruud.wijtvliet/python/portfolyo" machine-name="arm64" user="" user-domain="" culture="en-US" uiculture="en-US" os-architecture="64bit" /><failure><message><![CDATA[]]></message><stack-trace><![CDATA[None]]></stack-trace></failure><reason><message><![CDATA[]]></message></reason><output><![CDATA[]]></output></test-case><test-case id="890" name="tests/tools/test_intersect.py::test_intersect_distinctstartofday[startdates11-AS-2021-01-01-06:00-fr-Europe/Berlin]" fullname="tests/tools/test_intersect.py::test_intersect_distinctstartofday[startdates11-AS-2021-01-01-06:00-fr-Europe/Berlin]" methodname="test_intersect_distinctstartofday[startdates11-AS-2021-01-01-06:00-fr-Europe/Berlin]" classname="tests/tools/test_intersect.py" runstate="Runnable" seed="1" result="Passed" label="Test if intersection of indices with distinct frequencies gives correct result." start-time="2024-02-05 13:01:40.344037" end-time="2024-02-05 13:01:40.344690" duration="0.000653" asserts="0"><properties><property name="python-version" value="3.11.7 (main, Dec  4 2023, 18:10:11) [Clang 15.0.0 (clang-1500.1.0.2.5)]" /><property name="fspath" value="tests/tools/test_intersect.py" /></properties><environment framework-version="3.6.2" clr-version="3.11.7 (main, Dec  4 2023, 18:10:11) [Clang 15.0.0 (clang-1500.1.0.2.5)]" os-version="23.3.0" platform="Darwin" cwd="/Users/ruud.wijtvliet/python/portfolyo" machine-name="arm64" user="" user-domain="" culture="en-US" uiculture="en-US" os-architecture="64bit" /><failure><message><![CDATA[]]></message><stack-trace><![CDATA[None]]></stack-trace></failure><reason><message><![CDATA[]]></message></reason><output><![CDATA[]]></output></test-case><test-case id="891" name="tests/tools/test_intersect.py::test_intersect_distinctstartofday[startdates11-AS-2021-01-01-06:00-fr-Asia/Kolkata]" fullname="tests/tools/test_intersect.py::test_intersect_distinctstartofday[startdates11-AS-2021-01-01-06:00-fr-Asia/Kolkata]" methodname="test_intersect_distinctstartofday[startdates11-AS-2021-01-01-06:00-fr-Asia/Kolkata]" classname="tests/tools/test_intersect.py" runstate="Runnable" seed="1" result="Passed" label="Test if intersection of indices with distinct frequencies gives correct result." start-time="2024-02-05 13:01:40.345107" end-time="2024-02-05 13:01:40.345732" duration="0.000625" asserts="0"><properties><property name="python-version" value="3.11.7 (main, Dec  4 2023, 18:10:11) [Clang 15.0.0 (clang-1500.1.0.2.5)]" /><property name="fspath" value="tests/tools/test_intersect.py" /></properties><environment framework-version="3.6.2" clr-version="3.11.7 (main, Dec  4 2023, 18:10:11) [Clang 15.0.0 (clang-1500.1.0.2.5)]" os-version="23.3.0" platform="Darwin" cwd="/Users/ruud.wijtvliet/python/portfolyo" machine-name="arm64" user="" user-domain="" culture="en-US" uiculture="en-US" os-architecture="64bit" /><failure><message><![CDATA[]]></message><stack-trace><![CDATA[None]]></stack-trace></failure><reason><message><![CDATA[]]></message></reason><output><![CDATA[]]></output></test-case><test-case id="892" name="tests/tools/test_intersect.py::test_intersect_distinctstartofday[startdates12-15T-2020-06-20-00:00-idx-None]" fullname="tests/tools/test_intersect.py::test_intersect_distinctstartofday[startdates12-15T-2020-06-20-00:00-idx-None]" methodname="test_intersect_distinctstartofday[startdates12-15T-2020-06-20-00:00-idx-None]" classname="tests/tools/test_intersect.py" runstate="Runnable" seed="1" result="Passed" label="Test if intersection of indices with distinct frequencies gives correct result." start-time="2024-02-05 13:01:40.346150" end-time="2024-02-05 13:01:40.346699" duration="0.000549" asserts="0"><properties><property name="python-version" value="3.11.7 (main, Dec  4 2023, 18:10:11) [Clang 15.0.0 (clang-1500.1.0.2.5)]" /><property name="fspath" value="tests/tools/test_intersect.py" /></properties><environment framework-version="3.6.2" clr-version="3.11.7 (main, Dec  4 2023, 18:10:11) [Clang 15.0.0 (clang-1500.1.0.2.5)]" os-version="23.3.0" platform="Darwin" cwd="/Users/ruud.wijtvliet/python/portfolyo" machine-name="arm64" user="" user-domain="" culture="en-US" uiculture="en-US" os-architecture="64bit" /><failure><message><![CDATA[]]></message><stack-trace><![CDATA[None]]></stack-trace></failure><reason><message><![CDATA[]]></message></reason><output><![CDATA[]]></output></test-case><test-case id="893" name="tests/tools/test_intersect.py::test_intersect_distinctstartofday[startdates12-15T-2020-06-20-00:00-idx-Europe/Berlin]" fullname="tests/tools/test_intersect.py::test_intersect_distinctstartofday[startdates12-15T-2020-06-20-00:00-idx-Europe/Berlin]" methodname="test_intersect_distinctstartofday[startdates12-15T-2020-06-20-00:00-idx-Europe/Berlin]" classname="tests/tools/test_intersect.py" runstate="Runnable" seed="1" result="Passed" label="Test if intersection of indices with distinct frequencies gives correct result." start-time="2024-02-05 13:01:40.347135" end-time="2024-02-05 13:01:40.348097" duration="0.000962" asserts="0"><properties><property name="python-version" value="3.11.7 (main, Dec  4 2023, 18:10:11) [Clang 15.0.0 (clang-1500.1.0.2.5)]" /><property name="fspath" value="tests/tools/test_intersect.py" /></properties><environment framework-version="3.6.2" clr-version="3.11.7 (main, Dec  4 2023, 18:10:11) [Clang 15.0.0 (clang-1500.1.0.2.5)]" os-version="23.3.0" platform="Darwin" cwd="/Users/ruud.wijtvliet/python/portfolyo" machine-name="arm64" user="" user-domain="" culture="en-US" uiculture="en-US" os-architecture="64bit" /><failure><message><![CDATA[]]></message><stack-trace><![CDATA[None]]></stack-trace></failure><reason><message><![CDATA[]]></message></reason><output><![CDATA[]]></output></test-case><test-case id="894" name="tests/tools/test_intersect.py::test_intersect_distinctstartofday[startdates12-15T-2020-06-20-00:00-idx-Asia/Kolkata]" fullname="tests/tools/test_intersect.py::test_intersect_distinctstartofday[startdates12-15T-2020-06-20-00:00-idx-Asia/Kolkata]" methodname="test_intersect_distinctstartofday[startdates12-15T-2020-06-20-00:00-idx-Asia/Kolkata]" classname="tests/tools/test_intersect.py" runstate="Runnable" seed="1" result="Passed" label="Test if intersection of indices with distinct frequencies gives correct result." start-time="2024-02-05 13:01:40.348681" end-time="2024-02-05 13:01:40.349766" duration="0.001085" asserts="0"><properties><property name="python-version" value="3.11.7 (main, Dec  4 2023, 18:10:11) [Clang 15.0.0 (clang-1500.1.0.2.5)]" /><property name="fspath" value="tests/tools/test_intersect.py" /></properties><environment framework-version="3.6.2" clr-version="3.11.7 (main, Dec  4 2023, 18:10:11) [Clang 15.0.0 (clang-1500.1.0.2.5)]" os-version="23.3.0" platform="Darwin" cwd="/Users/ruud.wijtvliet/python/portfolyo" machine-name="arm64" user="" user-domain="" culture="en-US" uiculture="en-US" os-architecture="64bit" /><failure><message><![CDATA[]]></message><stack-trace><![CDATA[None]]></stack-trace></failure><reason><message><![CDATA[]]></message></reason><output><![CDATA[]]></output></test-case><test-case id="895" name="tests/tools/test_intersect.py::test_intersect_distinctstartofday[startdates12-15T-2020-06-20-00:00-fr-None]" fullname="tests/tools/test_intersect.py::test_intersect_distinctstartofday[startdates12-15T-2020-06-20-00:00-fr-None]" methodname="test_intersect_distinctstartofday[startdates12-15T-2020-06-20-00:00-fr-None]" classname="tests/tools/test_intersect.py" runstate="Runnable" seed="1" result="Passed" label="Test if intersection of indices with distinct frequencies gives correct result." start-time="2024-02-05 13:01:40.350227" end-time="2024-02-05 13:01:40.351100" duration="0.000873" asserts="0"><properties><property name="python-version" value="3.11.7 (main, Dec  4 2023, 18:10:11) [Clang 15.0.0 (clang-1500.1.0.2.5)]" /><property name="fspath" value="tests/tools/test_intersect.py" /></properties><environment framework-version="3.6.2" clr-version="3.11.7 (main, Dec  4 2023, 18:10:11) [Clang 15.0.0 (clang-1500.1.0.2.5)]" os-version="23.3.0" platform="Darwin" cwd="/Users/ruud.wijtvliet/python/portfolyo" machine-name="arm64" user="" user-domain="" culture="en-US" uiculture="en-US" os-architecture="64bit" /><failure><message><![CDATA[]]></message><stack-trace><![CDATA[None]]></stack-trace></failure><reason><message><![CDATA[]]></message></reason><output><![CDATA[]]></output></test-case><test-case id="896" name="tests/tools/test_intersect.py::test_intersect_distinctstartofday[startdates12-15T-2020-06-20-00:00-fr-Europe/Berlin]" fullname="tests/tools/test_intersect.py::test_intersect_distinctstartofday[startdates12-15T-2020-06-20-00:00-fr-Europe/Berlin]" methodname="test_intersect_distinctstartofday[startdates12-15T-2020-06-20-00:00-fr-Europe/Berlin]" classname="tests/tools/test_intersect.py" runstate="Runnable" seed="1" result="Passed" label="Test if intersection of indices with distinct frequencies gives correct result." start-time="2024-02-05 13:01:40.351536" end-time="2024-02-05 13:01:40.352431" duration="0.000895" asserts="0"><properties><property name="python-version" value="3.11.7 (main, Dec  4 2023, 18:10:11) [Clang 15.0.0 (clang-1500.1.0.2.5)]" /><property name="fspath" value="tests/tools/test_intersect.py" /></properties><environment framework-version="3.6.2" clr-version="3.11.7 (main, Dec  4 2023, 18:10:11) [Clang 15.0.0 (clang-1500.1.0.2.5)]" os-version="23.3.0" platform="Darwin" cwd="/Users/ruud.wijtvliet/python/portfolyo" machine-name="arm64" user="" user-domain="" culture="en-US" uiculture="en-US" os-architecture="64bit" /><failure><message><![CDATA[]]></message><stack-trace><![CDATA[None]]></stack-trace></failure><reason><message><![CDATA[]]></message></reason><output><![CDATA[]]></output></test-case><test-case id="897" name="tests/tools/test_intersect.py::test_intersect_distinctstartofday[startdates12-15T-2020-06-20-00:00-fr-Asia/Kolkata]" fullname="tests/tools/test_intersect.py::test_intersect_distinctstartofday[startdates12-15T-2020-06-20-00:00-fr-Asia/Kolkata]" methodname="test_intersect_distinctstartofday[startdates12-15T-2020-06-20-00:00-fr-Asia/Kolkata]" classname="tests/tools/test_intersect.py" runstate="Runnable" seed="1" result="Passed" label="Test if intersection of indices with distinct frequencies gives correct result." start-time="2024-02-05 13:01:40.352856" end-time="2024-02-05 13:01:40.353697" duration="0.000841" asserts="0"><properties><property name="python-version" value="3.11.7 (main, Dec  4 2023, 18:10:11) [Clang 15.0.0 (clang-1500.1.0.2.5)]" /><property name="fspath" value="tests/tools/test_intersect.py" /></properties><environment framework-version="3.6.2" clr-version="3.11.7 (main, Dec  4 2023, 18:10:11) [Clang 15.0.0 (clang-1500.1.0.2.5)]" os-version="23.3.0" platform="Darwin" cwd="/Users/ruud.wijtvliet/python/portfolyo" machine-name="arm64" user="" user-domain="" culture="en-US" uiculture="en-US" os-architecture="64bit" /><failure><message><![CDATA[]]></message><stack-trace><![CDATA[None]]></stack-trace></failure><reason><message><![CDATA[]]></message></reason><output><![CDATA[]]></output></test-case><test-case id="898" name="tests/tools/test_intersect.py::test_intersect_distinctstartofday[startdates12-15T-2020-06-20-06:00-idx-None]" fullname="tests/tools/test_intersect.py::test_intersect_distinctstartofday[startdates12-15T-2020-06-20-06:00-idx-None]" methodname="test_intersect_distinctstartofday[startdates12-15T-2020-06-20-06:00-idx-None]" classname="tests/tools/test_intersect.py" runstate="Runnable" seed="1" result="Passed" label="Test if intersection of indices with distinct frequencies gives correct result." start-time="2024-02-05 13:01:40.354144" end-time="2024-02-05 13:01:40.354649" duration="0.000505" asserts="0"><properties><property name="python-version" value="3.11.7 (main, Dec  4 2023, 18:10:11) [Clang 15.0.0 (clang-1500.1.0.2.5)]" /><property name="fspath" value="tests/tools/test_intersect.py" /></properties><environment framework-version="3.6.2" clr-version="3.11.7 (main, Dec  4 2023, 18:10:11) [Clang 15.0.0 (clang-1500.1.0.2.5)]" os-version="23.3.0" platform="Darwin" cwd="/Users/ruud.wijtvliet/python/portfolyo" machine-name="arm64" user="" user-domain="" culture="en-US" uiculture="en-US" os-architecture="64bit" /><failure><message><![CDATA[]]></message><stack-trace><![CDATA[None]]></stack-trace></failure><reason><message><![CDATA[]]></message></reason><output><![CDATA[]]></output></test-case><test-case id="899" name="tests/tools/test_intersect.py::test_intersect_distinctstartofday[startdates12-15T-2020-06-20-06:00-idx-Europe/Berlin]" fullname="tests/tools/test_intersect.py::test_intersect_distinctstartofday[startdates12-15T-2020-06-20-06:00-idx-Europe/Berlin]" methodname="test_intersect_distinctstartofday[startdates12-15T-2020-06-20-06:00-idx-Europe/Berlin]" classname="tests/tools/test_intersect.py" runstate="Runnable" seed="1" result="Passed" label="Test if intersection of indices with distinct frequencies gives correct result." start-time="2024-02-05 13:01:40.355077" end-time="2024-02-05 13:01:40.355644" duration="0.000567" asserts="0"><properties><property name="python-version" value="3.11.7 (main, Dec  4 2023, 18:10:11) [Clang 15.0.0 (clang-1500.1.0.2.5)]" /><property name="fspath" value="tests/tools/test_intersect.py" /></properties><environment framework-version="3.6.2" clr-version="3.11.7 (main, Dec  4 2023, 18:10:11) [Clang 15.0.0 (clang-1500.1.0.2.5)]" os-version="23.3.0" platform="Darwin" cwd="/Users/ruud.wijtvliet/python/portfolyo" machine-name="arm64" user="" user-domain="" culture="en-US" uiculture="en-US" os-architecture="64bit" /><failure><message><![CDATA[]]></message><stack-trace><![CDATA[None]]></stack-trace></failure><reason><message><![CDATA[]]></message></reason><output><![CDATA[]]></output></test-case><test-case id="900" name="tests/tools/test_intersect.py::test_intersect_distinctstartofday[startdates12-15T-2020-06-20-06:00-idx-Asia/Kolkata]" fullname="tests/tools/test_intersect.py::test_intersect_distinctstartofday[startdates12-15T-2020-06-20-06:00-idx-Asia/Kolkata]" methodname="test_intersect_distinctstartofday[startdates12-15T-2020-06-20-06:00-idx-Asia/Kolkata]" classname="tests/tools/test_intersect.py" runstate="Runnable" seed="1" result="Passed" label="Test if intersection of indices with distinct frequencies gives correct result." start-time="2024-02-05 13:01:40.356062" end-time="2024-02-05 13:01:40.356601" duration="0.000539" asserts="0"><properties><property name="python-version" value="3.11.7 (main, Dec  4 2023, 18:10:11) [Clang 15.0.0 (clang-1500.1.0.2.5)]" /><property name="fspath" value="tests/tools/test_intersect.py" /></properties><environment framework-version="3.6.2" clr-version="3.11.7 (main, Dec  4 2023, 18:10:11) [Clang 15.0.0 (clang-1500.1.0.2.5)]" os-version="23.3.0" platform="Darwin" cwd="/Users/ruud.wijtvliet/python/portfolyo" machine-name="arm64" user="" user-domain="" culture="en-US" uiculture="en-US" os-architecture="64bit" /><failure><message><![CDATA[]]></message><stack-trace><![CDATA[None]]></stack-trace></failure><reason><message><![CDATA[]]></message></reason><output><![CDATA[]]></output></test-case><test-case id="901" name="tests/tools/test_intersect.py::test_intersect_distinctstartofday[startdates12-15T-2020-06-20-06:00-fr-None]" fullname="tests/tools/test_intersect.py::test_intersect_distinctstartofday[startdates12-15T-2020-06-20-06:00-fr-None]" methodname="test_intersect_distinctstartofday[startdates12-15T-2020-06-20-06:00-fr-None]" classname="tests/tools/test_intersect.py" runstate="Runnable" seed="1" result="Passed" label="Test if intersection of indices with distinct frequencies gives correct result." start-time="2024-02-05 13:01:40.357022" end-time="2024-02-05 13:01:40.358008" duration="0.000986" asserts="0"><properties><property name="python-version" value="3.11.7 (main, Dec  4 2023, 18:10:11) [Clang 15.0.0 (clang-1500.1.0.2.5)]" /><property name="fspath" value="tests/tools/test_intersect.py" /></properties><environment framework-version="3.6.2" clr-version="3.11.7 (main, Dec  4 2023, 18:10:11) [Clang 15.0.0 (clang-1500.1.0.2.5)]" os-version="23.3.0" platform="Darwin" cwd="/Users/ruud.wijtvliet/python/portfolyo" machine-name="arm64" user="" user-domain="" culture="en-US" uiculture="en-US" os-architecture="64bit" /><failure><message><![CDATA[]]></message><stack-trace><![CDATA[None]]></stack-trace></failure><reason><message><![CDATA[]]></message></reason><output><![CDATA[]]></output></test-case><test-case id="902" name="tests/tools/test_intersect.py::test_intersect_distinctstartofday[startdates12-15T-2020-06-20-06:00-fr-Europe/Berlin]" fullname="tests/tools/test_intersect.py::test_intersect_distinctstartofday[startdates12-15T-2020-06-20-06:00-fr-Europe/Berlin]" methodname="test_intersect_distinctstartofday[startdates12-15T-2020-06-20-06:00-fr-Europe/Berlin]" classname="tests/tools/test_intersect.py" runstate="Runnable" seed="1" result="Passed" label="Test if intersection of indices with distinct frequencies gives correct result." start-time="2024-02-05 13:01:40.358639" end-time="2024-02-05 13:01:40.359969" duration="0.00133" asserts="0"><properties><property name="python-version" value="3.11.7 (main, Dec  4 2023, 18:10:11) [Clang 15.0.0 (clang-1500.1.0.2.5)]" /><property name="fspath" value="tests/tools/test_intersect.py" /></properties><environment framework-version="3.6.2" clr-version="3.11.7 (main, Dec  4 2023, 18:10:11) [Clang 15.0.0 (clang-1500.1.0.2.5)]" os-version="23.3.0" platform="Darwin" cwd="/Users/ruud.wijtvliet/python/portfolyo" machine-name="arm64" user="" user-domain="" culture="en-US" uiculture="en-US" os-architecture="64bit" /><failure><message><![CDATA[]]></message><stack-trace><![CDATA[None]]></stack-trace></failure><reason><message><![CDATA[]]></message></reason><output><![CDATA[]]></output></test-case><test-case id="903" name="tests/tools/test_intersect.py::test_intersect_distinctstartofday[startdates12-15T-2020-06-20-06:00-fr-Asia/Kolkata]" fullname="tests/tools/test_intersect.py::test_intersect_distinctstartofday[startdates12-15T-2020-06-20-06:00-fr-Asia/Kolkata]" methodname="test_intersect_distinctstartofday[startdates12-15T-2020-06-20-06:00-fr-Asia/Kolkata]" classname="tests/tools/test_intersect.py" runstate="Runnable" seed="1" result="Passed" label="Test if intersection of indices with distinct frequencies gives correct result." start-time="2024-02-05 13:01:40.360500" end-time="2024-02-05 13:01:40.361611" duration="0.001111" asserts="0"><properties><property name="python-version" value="3.11.7 (main, Dec  4 2023, 18:10:11) [Clang 15.0.0 (clang-1500.1.0.2.5)]" /><property name="fspath" value="tests/tools/test_intersect.py" /></properties><environment framework-version="3.6.2" clr-version="3.11.7 (main, Dec  4 2023, 18:10:11) [Clang 15.0.0 (clang-1500.1.0.2.5)]" os-version="23.3.0" platform="Darwin" cwd="/Users/ruud.wijtvliet/python/portfolyo" machine-name="arm64" user="" user-domain="" culture="en-US" uiculture="en-US" os-architecture="64bit" /><failure><message><![CDATA[]]></message><stack-trace><![CDATA[None]]></stack-trace></failure><reason><message><![CDATA[]]></message></reason><output><![CDATA[]]></output></test-case><test-case id="904" name="tests/tools/test_intersect.py::test_intersect_distinctstartofday[startdates13-15T-2020-06-20-00:00-idx-None]" fullname="tests/tools/test_intersect.py::test_intersect_distinctstartofday[startdates13-15T-2020-06-20-00:00-idx-None]" methodname="test_intersect_distinctstartofday[startdates13-15T-2020-06-20-00:00-idx-None]" classname="tests/tools/test_intersect.py" runstate="Runnable" seed="1" result="Passed" label="Test if intersection of indices with distinct frequencies gives correct result." start-time="2024-02-05 13:01:40.362106" end-time="2024-02-05 13:01:40.362635" duration="0.000529" asserts="0"><properties><property name="python-version" value="3.11.7 (main, Dec  4 2023, 18:10:11) [Clang 15.0.0 (clang-1500.1.0.2.5)]" /><property name="fspath" value="tests/tools/test_intersect.py" /></properties><environment framework-version="3.6.2" clr-version="3.11.7 (main, Dec  4 2023, 18:10:11) [Clang 15.0.0 (clang-1500.1.0.2.5)]" os-version="23.3.0" platform="Darwin" cwd="/Users/ruud.wijtvliet/python/portfolyo" machine-name="arm64" user="" user-domain="" culture="en-US" uiculture="en-US" os-architecture="64bit" /><failure><message><![CDATA[]]></message><stack-trace><![CDATA[None]]></stack-trace></failure><reason><message><![CDATA[]]></message></reason><output><![CDATA[]]></output></test-case><test-case id="905" name="tests/tools/test_intersect.py::test_intersect_distinctstartofday[startdates13-15T-2020-06-20-00:00-idx-Europe/Berlin]" fullname="tests/tools/test_intersect.py::test_intersect_distinctstartofday[startdates13-15T-2020-06-20-00:00-idx-Europe/Berlin]" methodname="test_intersect_distinctstartofday[startdates13-15T-2020-06-20-00:00-idx-Europe/Berlin]" classname="tests/tools/test_intersect.py" runstate="Runnable" seed="1" result="Passed" label="Test if intersection of indices with distinct frequencies gives correct result." start-time="2024-02-05 13:01:40.363077" end-time="2024-02-05 13:01:40.363640" duration="0.000563" asserts="0"><properties><property name="python-version" value="3.11.7 (main, Dec  4 2023, 18:10:11) [Clang 15.0.0 (clang-1500.1.0.2.5)]" /><property name="fspath" value="tests/tools/test_intersect.py" /></properties><environment framework-version="3.6.2" clr-version="3.11.7 (main, Dec  4 2023, 18:10:11) [Clang 15.0.0 (clang-1500.1.0.2.5)]" os-version="23.3.0" platform="Darwin" cwd="/Users/ruud.wijtvliet/python/portfolyo" machine-name="arm64" user="" user-domain="" culture="en-US" uiculture="en-US" os-architecture="64bit" /><failure><message><![CDATA[]]></message><stack-trace><![CDATA[None]]></stack-trace></failure><reason><message><![CDATA[]]></message></reason><output><![CDATA[]]></output></test-case><test-case id="906" name="tests/tools/test_intersect.py::test_intersect_distinctstartofday[startdates13-15T-2020-06-20-00:00-idx-Asia/Kolkata]" fullname="tests/tools/test_intersect.py::test_intersect_distinctstartofday[startdates13-15T-2020-06-20-00:00-idx-Asia/Kolkata]" methodname="test_intersect_distinctstartofday[startdates13-15T-2020-06-20-00:00-idx-Asia/Kolkata]" classname="tests/tools/test_intersect.py" runstate="Runnable" seed="1" result="Passed" label="Test if intersection of indices with distinct frequencies gives correct result." start-time="2024-02-05 13:01:40.364093" end-time="2024-02-05 13:01:40.364651" duration="0.000558" asserts="0"><properties><property name="python-version" value="3.11.7 (main, Dec  4 2023, 18:10:11) [Clang 15.0.0 (clang-1500.1.0.2.5)]" /><property name="fspath" value="tests/tools/test_intersect.py" /></properties><environment framework-version="3.6.2" clr-version="3.11.7 (main, Dec  4 2023, 18:10:11) [Clang 15.0.0 (clang-1500.1.0.2.5)]" os-version="23.3.0" platform="Darwin" cwd="/Users/ruud.wijtvliet/python/portfolyo" machine-name="arm64" user="" user-domain="" culture="en-US" uiculture="en-US" os-architecture="64bit" /><failure><message><![CDATA[]]></message><stack-trace><![CDATA[None]]></stack-trace></failure><reason><message><![CDATA[]]></message></reason><output><![CDATA[]]></output></test-case><test-case id="907" name="tests/tools/test_intersect.py::test_intersect_distinctstartofday[startdates13-15T-2020-06-20-00:00-fr-None]" fullname="tests/tools/test_intersect.py::test_intersect_distinctstartofday[startdates13-15T-2020-06-20-00:00-fr-None]" methodname="test_intersect_distinctstartofday[startdates13-15T-2020-06-20-00:00-fr-None]" classname="tests/tools/test_intersect.py" runstate="Runnable" seed="1" result="Passed" label="Test if intersection of indices with distinct frequencies gives correct result." start-time="2024-02-05 13:01:40.365112" end-time="2024-02-05 13:01:40.366070" duration="0.000958" asserts="0"><properties><property name="python-version" value="3.11.7 (main, Dec  4 2023, 18:10:11) [Clang 15.0.0 (clang-1500.1.0.2.5)]" /><property name="fspath" value="tests/tools/test_intersect.py" /></properties><environment framework-version="3.6.2" clr-version="3.11.7 (main, Dec  4 2023, 18:10:11) [Clang 15.0.0 (clang-1500.1.0.2.5)]" os-version="23.3.0" platform="Darwin" cwd="/Users/ruud.wijtvliet/python/portfolyo" machine-name="arm64" user="" user-domain="" culture="en-US" uiculture="en-US" os-architecture="64bit" /><failure><message><![CDATA[]]></message><stack-trace><![CDATA[None]]></stack-trace></failure><reason><message><![CDATA[]]></message></reason><output><![CDATA[]]></output></test-case><test-case id="908" name="tests/tools/test_intersect.py::test_intersect_distinctstartofday[startdates13-15T-2020-06-20-00:00-fr-Europe/Berlin]" fullname="tests/tools/test_intersect.py::test_intersect_distinctstartofday[startdates13-15T-2020-06-20-00:00-fr-Europe/Berlin]" methodname="test_intersect_distinctstartofday[startdates13-15T-2020-06-20-00:00-fr-Europe/Berlin]" classname="tests/tools/test_intersect.py" runstate="Runnable" seed="1" result="Passed" label="Test if intersection of indices with distinct frequencies gives correct result." start-time="2024-02-05 13:01:40.366655" end-time="2024-02-05 13:01:40.367890" duration="0.001235" asserts="0"><properties><property name="python-version" value="3.11.7 (main, Dec  4 2023, 18:10:11) [Clang 15.0.0 (clang-1500.1.0.2.5)]" /><property name="fspath" value="tests/tools/test_intersect.py" /></properties><environment framework-version="3.6.2" clr-version="3.11.7 (main, Dec  4 2023, 18:10:11) [Clang 15.0.0 (clang-1500.1.0.2.5)]" os-version="23.3.0" platform="Darwin" cwd="/Users/ruud.wijtvliet/python/portfolyo" machine-name="arm64" user="" user-domain="" culture="en-US" uiculture="en-US" os-architecture="64bit" /><failure><message><![CDATA[]]></message><stack-trace><![CDATA[None]]></stack-trace></failure><reason><message><![CDATA[]]></message></reason><output><![CDATA[]]></output></test-case><test-case id="909" name="tests/tools/test_intersect.py::test_intersect_distinctstartofday[startdates13-15T-2020-06-20-00:00-fr-Asia/Kolkata]" fullname="tests/tools/test_intersect.py::test_intersect_distinctstartofday[startdates13-15T-2020-06-20-00:00-fr-Asia/Kolkata]" methodname="test_intersect_distinctstartofday[startdates13-15T-2020-06-20-00:00-fr-Asia/Kolkata]" classname="tests/tools/test_intersect.py" runstate="Runnable" seed="1" result="Passed" label="Test if intersection of indices with distinct frequencies gives correct result." start-time="2024-02-05 13:01:40.368422" end-time="2024-02-05 13:01:40.369448" duration="0.001026" asserts="0"><properties><property name="python-version" value="3.11.7 (main, Dec  4 2023, 18:10:11) [Clang 15.0.0 (clang-1500.1.0.2.5)]" /><property name="fspath" value="tests/tools/test_intersect.py" /></properties><environment framework-version="3.6.2" clr-version="3.11.7 (main, Dec  4 2023, 18:10:11) [Clang 15.0.0 (clang-1500.1.0.2.5)]" os-version="23.3.0" platform="Darwin" cwd="/Users/ruud.wijtvliet/python/portfolyo" machine-name="arm64" user="" user-domain="" culture="en-US" uiculture="en-US" os-architecture="64bit" /><failure><message><![CDATA[]]></message><stack-trace><![CDATA[None]]></stack-trace></failure><reason><message><![CDATA[]]></message></reason><output><![CDATA[]]></output></test-case><test-case id="910" name="tests/tools/test_intersect.py::test_intersect_distinctstartofday[startdates13-15T-2020-06-20-06:00-idx-None]" fullname="tests/tools/test_intersect.py::test_intersect_distinctstartofday[startdates13-15T-2020-06-20-06:00-idx-None]" methodname="test_intersect_distinctstartofday[startdates13-15T-2020-06-20-06:00-idx-None]" classname="tests/tools/test_intersect.py" runstate="Runnable" seed="1" result="Passed" label="Test if intersection of indices with distinct frequencies gives correct result." start-time="2024-02-05 13:01:40.369935" end-time="2024-02-05 13:01:40.370480" duration="0.000545" asserts="0"><properties><property name="python-version" value="3.11.7 (main, Dec  4 2023, 18:10:11) [Clang 15.0.0 (clang-1500.1.0.2.5)]" /><property name="fspath" value="tests/tools/test_intersect.py" /></properties><environment framework-version="3.6.2" clr-version="3.11.7 (main, Dec  4 2023, 18:10:11) [Clang 15.0.0 (clang-1500.1.0.2.5)]" os-version="23.3.0" platform="Darwin" cwd="/Users/ruud.wijtvliet/python/portfolyo" machine-name="arm64" user="" user-domain="" culture="en-US" uiculture="en-US" os-architecture="64bit" /><failure><message><![CDATA[]]></message><stack-trace><![CDATA[None]]></stack-trace></failure><reason><message><![CDATA[]]></message></reason><output><![CDATA[]]></output></test-case><test-case id="911" name="tests/tools/test_intersect.py::test_intersect_distinctstartofday[startdates13-15T-2020-06-20-06:00-idx-Europe/Berlin]" fullname="tests/tools/test_intersect.py::test_intersect_distinctstartofday[startdates13-15T-2020-06-20-06:00-idx-Europe/Berlin]" methodname="test_intersect_distinctstartofday[startdates13-15T-2020-06-20-06:00-idx-Europe/Berlin]" classname="tests/tools/test_intersect.py" runstate="Runnable" seed="1" result="Passed" label="Test if intersection of indices with distinct frequencies gives correct result." start-time="2024-02-05 13:01:40.370942" end-time="2024-02-05 13:01:40.371551" duration="0.000609" asserts="0"><properties><property name="python-version" value="3.11.7 (main, Dec  4 2023, 18:10:11) [Clang 15.0.0 (clang-1500.1.0.2.5)]" /><property name="fspath" value="tests/tools/test_intersect.py" /></properties><environment framework-version="3.6.2" clr-version="3.11.7 (main, Dec  4 2023, 18:10:11) [Clang 15.0.0 (clang-1500.1.0.2.5)]" os-version="23.3.0" platform="Darwin" cwd="/Users/ruud.wijtvliet/python/portfolyo" machine-name="arm64" user="" user-domain="" culture="en-US" uiculture="en-US" os-architecture="64bit" /><failure><message><![CDATA[]]></message><stack-trace><![CDATA[None]]></stack-trace></failure><reason><message><![CDATA[]]></message></reason><output><![CDATA[]]></output></test-case><test-case id="912" name="tests/tools/test_intersect.py::test_intersect_distinctstartofday[startdates13-15T-2020-06-20-06:00-idx-Asia/Kolkata]" fullname="tests/tools/test_intersect.py::test_intersect_distinctstartofday[startdates13-15T-2020-06-20-06:00-idx-Asia/Kolkata]" methodname="test_intersect_distinctstartofday[startdates13-15T-2020-06-20-06:00-idx-Asia/Kolkata]" classname="tests/tools/test_intersect.py" runstate="Runnable" seed="1" result="Passed" label="Test if intersection of indices with distinct frequencies gives correct result." start-time="2024-02-05 13:01:40.372015" end-time="2024-02-05 13:01:40.372557" duration="0.000542" asserts="0"><properties><property name="python-version" value="3.11.7 (main, Dec  4 2023, 18:10:11) [Clang 15.0.0 (clang-1500.1.0.2.5)]" /><property name="fspath" value="tests/tools/test_intersect.py" /></properties><environment framework-version="3.6.2" clr-version="3.11.7 (main, Dec  4 2023, 18:10:11) [Clang 15.0.0 (clang-1500.1.0.2.5)]" os-version="23.3.0" platform="Darwin" cwd="/Users/ruud.wijtvliet/python/portfolyo" machine-name="arm64" user="" user-domain="" culture="en-US" uiculture="en-US" os-architecture="64bit" /><failure><message><![CDATA[]]></message><stack-trace><![CDATA[None]]></stack-trace></failure><reason><message><![CDATA[]]></message></reason><output><![CDATA[]]></output></test-case><test-case id="913" name="tests/tools/test_intersect.py::test_intersect_distinctstartofday[startdates13-15T-2020-06-20-06:00-fr-None]" fullname="tests/tools/test_intersect.py::test_intersect_distinctstartofday[startdates13-15T-2020-06-20-06:00-fr-None]" methodname="test_intersect_distinctstartofday[startdates13-15T-2020-06-20-06:00-fr-None]" classname="tests/tools/test_intersect.py" runstate="Runnable" seed="1" result="Passed" label="Test if intersection of indices with distinct frequencies gives correct result." start-time="2024-02-05 13:01:40.373017" end-time="2024-02-05 13:01:40.373796" duration="0.000779" asserts="0"><properties><property name="python-version" value="3.11.7 (main, Dec  4 2023, 18:10:11) [Clang 15.0.0 (clang-1500.1.0.2.5)]" /><property name="fspath" value="tests/tools/test_intersect.py" /></properties><environment framework-version="3.6.2" clr-version="3.11.7 (main, Dec  4 2023, 18:10:11) [Clang 15.0.0 (clang-1500.1.0.2.5)]" os-version="23.3.0" platform="Darwin" cwd="/Users/ruud.wijtvliet/python/portfolyo" machine-name="arm64" user="" user-domain="" culture="en-US" uiculture="en-US" os-architecture="64bit" /><failure><message><![CDATA[]]></message><stack-trace><![CDATA[None]]></stack-trace></failure><reason><message><![CDATA[]]></message></reason><output><![CDATA[]]></output></test-case><test-case id="914" name="tests/tools/test_intersect.py::test_intersect_distinctstartofday[startdates13-15T-2020-06-20-06:00-fr-Europe/Berlin]" fullname="tests/tools/test_intersect.py::test_intersect_distinctstartofday[startdates13-15T-2020-06-20-06:00-fr-Europe/Berlin]" methodname="test_intersect_distinctstartofday[startdates13-15T-2020-06-20-06:00-fr-Europe/Berlin]" classname="tests/tools/test_intersect.py" runstate="Runnable" seed="1" result="Passed" label="Test if intersection of indices with distinct frequencies gives correct result." start-time="2024-02-05 13:01:40.374237" end-time="2024-02-05 13:01:40.375154" duration="0.000917" asserts="0"><properties><property name="python-version" value="3.11.7 (main, Dec  4 2023, 18:10:11) [Clang 15.0.0 (clang-1500.1.0.2.5)]" /><property name="fspath" value="tests/tools/test_intersect.py" /></properties><environment framework-version="3.6.2" clr-version="3.11.7 (main, Dec  4 2023, 18:10:11) [Clang 15.0.0 (clang-1500.1.0.2.5)]" os-version="23.3.0" platform="Darwin" cwd="/Users/ruud.wijtvliet/python/portfolyo" machine-name="arm64" user="" user-domain="" culture="en-US" uiculture="en-US" os-architecture="64bit" /><failure><message><![CDATA[]]></message><stack-trace><![CDATA[None]]></stack-trace></failure><reason><message><![CDATA[]]></message></reason><output><![CDATA[]]></output></test-case><test-case id="915" name="tests/tools/test_intersect.py::test_intersect_distinctstartofday[startdates13-15T-2020-06-20-06:00-fr-Asia/Kolkata]" fullname="tests/tools/test_intersect.py::test_intersect_distinctstartofday[startdates13-15T-2020-06-20-06:00-fr-Asia/Kolkata]" methodname="test_intersect_distinctstartofday[startdates13-15T-2020-06-20-06:00-fr-Asia/Kolkata]" classname="tests/tools/test_intersect.py" runstate="Runnable" seed="1" result="Passed" label="Test if intersection of indices with distinct frequencies gives correct result." start-time="2024-02-05 13:01:40.375616" end-time="2024-02-05 13:01:40.376427" duration="0.000811" asserts="0"><properties><property name="python-version" value="3.11.7 (main, Dec  4 2023, 18:10:11) [Clang 15.0.0 (clang-1500.1.0.2.5)]" /><property name="fspath" value="tests/tools/test_intersect.py" /></properties><environment framework-version="3.6.2" clr-version="3.11.7 (main, Dec  4 2023, 18:10:11) [Clang 15.0.0 (clang-1500.1.0.2.5)]" os-version="23.3.0" platform="Darwin" cwd="/Users/ruud.wijtvliet/python/portfolyo" machine-name="arm64" user="" user-domain="" culture="en-US" uiculture="en-US" os-architecture="64bit" /><failure><message><![CDATA[]]></message><stack-trace><![CDATA[None]]></stack-trace></failure><reason><message><![CDATA[]]></message></reason><output><![CDATA[]]></output></test-case><test-case id="916" name="tests/tools/test_intersect.py::test_intersect_distinctstartofday[startdates14-H-2020-06-20-00:00-idx-None]" fullname="tests/tools/test_intersect.py::test_intersect_distinctstartofday[startdates14-H-2020-06-20-00:00-idx-None]" methodname="test_intersect_distinctstartofday[startdates14-H-2020-06-20-00:00-idx-None]" classname="tests/tools/test_intersect.py" runstate="Runnable" seed="1" result="Passed" label="Test if intersection of indices with distinct frequencies gives correct result." start-time="2024-02-05 13:01:40.376870" end-time="2024-02-05 13:01:40.377378" duration="0.000508" asserts="0"><properties><property name="python-version" value="3.11.7 (main, Dec  4 2023, 18:10:11) [Clang 15.0.0 (clang-1500.1.0.2.5)]" /><property name="fspath" value="tests/tools/test_intersect.py" /></properties><environment framework-version="3.6.2" clr-version="3.11.7 (main, Dec  4 2023, 18:10:11) [Clang 15.0.0 (clang-1500.1.0.2.5)]" os-version="23.3.0" platform="Darwin" cwd="/Users/ruud.wijtvliet/python/portfolyo" machine-name="arm64" user="" user-domain="" culture="en-US" uiculture="en-US" os-architecture="64bit" /><failure><message><![CDATA[]]></message><stack-trace><![CDATA[None]]></stack-trace></failure><reason><message><![CDATA[]]></message></reason><output><![CDATA[]]></output></test-case><test-case id="917" name="tests/tools/test_intersect.py::test_intersect_distinctstartofday[startdates14-H-2020-06-20-00:00-idx-Europe/Berlin]" fullname="tests/tools/test_intersect.py::test_intersect_distinctstartofday[startdates14-H-2020-06-20-00:00-idx-Europe/Berlin]" methodname="test_intersect_distinctstartofday[startdates14-H-2020-06-20-00:00-idx-Europe/Berlin]" classname="tests/tools/test_intersect.py" runstate="Runnable" seed="1" result="Passed" label="Test if intersection of indices with distinct frequencies gives correct result." start-time="2024-02-05 13:01:40.377837" end-time="2024-02-05 13:01:40.378399" duration="0.000562" asserts="0"><properties><property name="python-version" value="3.11.7 (main, Dec  4 2023, 18:10:11) [Clang 15.0.0 (clang-1500.1.0.2.5)]" /><property name="fspath" value="tests/tools/test_intersect.py" /></properties><environment framework-version="3.6.2" clr-version="3.11.7 (main, Dec  4 2023, 18:10:11) [Clang 15.0.0 (clang-1500.1.0.2.5)]" os-version="23.3.0" platform="Darwin" cwd="/Users/ruud.wijtvliet/python/portfolyo" machine-name="arm64" user="" user-domain="" culture="en-US" uiculture="en-US" os-architecture="64bit" /><failure><message><![CDATA[]]></message><stack-trace><![CDATA[None]]></stack-trace></failure><reason><message><![CDATA[]]></message></reason><output><![CDATA[]]></output></test-case><test-case id="918" name="tests/tools/test_intersect.py::test_intersect_distinctstartofday[startdates14-H-2020-06-20-00:00-idx-Asia/Kolkata]" fullname="tests/tools/test_intersect.py::test_intersect_distinctstartofday[startdates14-H-2020-06-20-00:00-idx-Asia/Kolkata]" methodname="test_intersect_distinctstartofday[startdates14-H-2020-06-20-00:00-idx-Asia/Kolkata]" classname="tests/tools/test_intersect.py" runstate="Runnable" seed="1" result="Passed" label="Test if intersection of indices with distinct frequencies gives correct result." start-time="2024-02-05 13:01:40.378819" end-time="2024-02-05 13:01:40.379355" duration="0.000536" asserts="0"><properties><property name="python-version" value="3.11.7 (main, Dec  4 2023, 18:10:11) [Clang 15.0.0 (clang-1500.1.0.2.5)]" /><property name="fspath" value="tests/tools/test_intersect.py" /></properties><environment framework-version="3.6.2" clr-version="3.11.7 (main, Dec  4 2023, 18:10:11) [Clang 15.0.0 (clang-1500.1.0.2.5)]" os-version="23.3.0" platform="Darwin" cwd="/Users/ruud.wijtvliet/python/portfolyo" machine-name="arm64" user="" user-domain="" culture="en-US" uiculture="en-US" os-architecture="64bit" /><failure><message><![CDATA[]]></message><stack-trace><![CDATA[None]]></stack-trace></failure><reason><message><![CDATA[]]></message></reason><output><![CDATA[]]></output></test-case><test-case id="919" name="tests/tools/test_intersect.py::test_intersect_distinctstartofday[startdates14-H-2020-06-20-00:00-fr-None]" fullname="tests/tools/test_intersect.py::test_intersect_distinctstartofday[startdates14-H-2020-06-20-00:00-fr-None]" methodname="test_intersect_distinctstartofday[startdates14-H-2020-06-20-00:00-fr-None]" classname="tests/tools/test_intersect.py" runstate="Runnable" seed="1" result="Passed" label="Test if intersection of indices with distinct frequencies gives correct result." start-time="2024-02-05 13:01:40.379777" end-time="2024-02-05 13:01:40.380451" duration="0.000674" asserts="0"><properties><property name="python-version" value="3.11.7 (main, Dec  4 2023, 18:10:11) [Clang 15.0.0 (clang-1500.1.0.2.5)]" /><property name="fspath" value="tests/tools/test_intersect.py" /></properties><environment framework-version="3.6.2" clr-version="3.11.7 (main, Dec  4 2023, 18:10:11) [Clang 15.0.0 (clang-1500.1.0.2.5)]" os-version="23.3.0" platform="Darwin" cwd="/Users/ruud.wijtvliet/python/portfolyo" machine-name="arm64" user="" user-domain="" culture="en-US" uiculture="en-US" os-architecture="64bit" /><failure><message><![CDATA[]]></message><stack-trace><![CDATA[None]]></stack-trace></failure><reason><message><![CDATA[]]></message></reason><output><![CDATA[]]></output></test-case><test-case id="920" name="tests/tools/test_intersect.py::test_intersect_distinctstartofday[startdates14-H-2020-06-20-00:00-fr-Europe/Berlin]" fullname="tests/tools/test_intersect.py::test_intersect_distinctstartofday[startdates14-H-2020-06-20-00:00-fr-Europe/Berlin]" methodname="test_intersect_distinctstartofday[startdates14-H-2020-06-20-00:00-fr-Europe/Berlin]" classname="tests/tools/test_intersect.py" runstate="Runnable" seed="1" result="Passed" label="Test if intersection of indices with distinct frequencies gives correct result." start-time="2024-02-05 13:01:40.380875" end-time="2024-02-05 13:01:40.381630" duration="0.000755" asserts="0"><properties><property name="python-version" value="3.11.7 (main, Dec  4 2023, 18:10:11) [Clang 15.0.0 (clang-1500.1.0.2.5)]" /><property name="fspath" value="tests/tools/test_intersect.py" /></properties><environment framework-version="3.6.2" clr-version="3.11.7 (main, Dec  4 2023, 18:10:11) [Clang 15.0.0 (clang-1500.1.0.2.5)]" os-version="23.3.0" platform="Darwin" cwd="/Users/ruud.wijtvliet/python/portfolyo" machine-name="arm64" user="" user-domain="" culture="en-US" uiculture="en-US" os-architecture="64bit" /><failure><message><![CDATA[]]></message><stack-trace><![CDATA[None]]></stack-trace></failure><reason><message><![CDATA[]]></message></reason><output><![CDATA[]]></output></test-case><test-case id="921" name="tests/tools/test_intersect.py::test_intersect_distinctstartofday[startdates14-H-2020-06-20-00:00-fr-Asia/Kolkata]" fullname="tests/tools/test_intersect.py::test_intersect_distinctstartofday[startdates14-H-2020-06-20-00:00-fr-Asia/Kolkata]" methodname="test_intersect_distinctstartofday[startdates14-H-2020-06-20-00:00-fr-Asia/Kolkata]" classname="tests/tools/test_intersect.py" runstate="Runnable" seed="1" result="Passed" label="Test if intersection of indices with distinct frequencies gives correct result." start-time="2024-02-05 13:01:40.382072" end-time="2024-02-05 13:01:40.382884" duration="0.000812" asserts="0"><properties><property name="python-version" value="3.11.7 (main, Dec  4 2023, 18:10:11) [Clang 15.0.0 (clang-1500.1.0.2.5)]" /><property name="fspath" value="tests/tools/test_intersect.py" /></properties><environment framework-version="3.6.2" clr-version="3.11.7 (main, Dec  4 2023, 18:10:11) [Clang 15.0.0 (clang-1500.1.0.2.5)]" os-version="23.3.0" platform="Darwin" cwd="/Users/ruud.wijtvliet/python/portfolyo" machine-name="arm64" user="" user-domain="" culture="en-US" uiculture="en-US" os-architecture="64bit" /><failure><message><![CDATA[]]></message><stack-trace><![CDATA[None]]></stack-trace></failure><reason><message><![CDATA[]]></message></reason><output><![CDATA[]]></output></test-case><test-case id="922" name="tests/tools/test_intersect.py::test_intersect_distinctstartofday[startdates14-H-2020-06-20-06:00-idx-None]" fullname="tests/tools/test_intersect.py::test_intersect_distinctstartofday[startdates14-H-2020-06-20-06:00-idx-None]" methodname="test_intersect_distinctstartofday[startdates14-H-2020-06-20-06:00-idx-None]" classname="tests/tools/test_intersect.py" runstate="Runnable" seed="1" result="Passed" label="Test if intersection of indices with distinct frequencies gives correct result." start-time="2024-02-05 13:01:40.383375" end-time="2024-02-05 13:01:40.383925" duration="0.00055" asserts="0"><properties><property name="python-version" value="3.11.7 (main, Dec  4 2023, 18:10:11) [Clang 15.0.0 (clang-1500.1.0.2.5)]" /><property name="fspath" value="tests/tools/test_intersect.py" /></properties><environment framework-version="3.6.2" clr-version="3.11.7 (main, Dec  4 2023, 18:10:11) [Clang 15.0.0 (clang-1500.1.0.2.5)]" os-version="23.3.0" platform="Darwin" cwd="/Users/ruud.wijtvliet/python/portfolyo" machine-name="arm64" user="" user-domain="" culture="en-US" uiculture="en-US" os-architecture="64bit" /><failure><message><![CDATA[]]></message><stack-trace><![CDATA[None]]></stack-trace></failure><reason><message><![CDATA[]]></message></reason><output><![CDATA[]]></output></test-case><test-case id="923" name="tests/tools/test_intersect.py::test_intersect_distinctstartofday[startdates14-H-2020-06-20-06:00-idx-Europe/Berlin]" fullname="tests/tools/test_intersect.py::test_intersect_distinctstartofday[startdates14-H-2020-06-20-06:00-idx-Europe/Berlin]" methodname="test_intersect_distinctstartofday[startdates14-H-2020-06-20-06:00-idx-Europe/Berlin]" classname="tests/tools/test_intersect.py" runstate="Runnable" seed="1" result="Passed" label="Test if intersection of indices with distinct frequencies gives correct result." start-time="2024-02-05 13:01:40.384356" end-time="2024-02-05 13:01:40.385146" duration="0.00079" asserts="0"><properties><property name="python-version" value="3.11.7 (main, Dec  4 2023, 18:10:11) [Clang 15.0.0 (clang-1500.1.0.2.5)]" /><property name="fspath" value="tests/tools/test_intersect.py" /></properties><environment framework-version="3.6.2" clr-version="3.11.7 (main, Dec  4 2023, 18:10:11) [Clang 15.0.0 (clang-1500.1.0.2.5)]" os-version="23.3.0" platform="Darwin" cwd="/Users/ruud.wijtvliet/python/portfolyo" machine-name="arm64" user="" user-domain="" culture="en-US" uiculture="en-US" os-architecture="64bit" /><failure><message><![CDATA[]]></message><stack-trace><![CDATA[None]]></stack-trace></failure><reason><message><![CDATA[]]></message></reason><output><![CDATA[]]></output></test-case><test-case id="924" name="tests/tools/test_intersect.py::test_intersect_distinctstartofday[startdates14-H-2020-06-20-06:00-idx-Asia/Kolkata]" fullname="tests/tools/test_intersect.py::test_intersect_distinctstartofday[startdates14-H-2020-06-20-06:00-idx-Asia/Kolkata]" methodname="test_intersect_distinctstartofday[startdates14-H-2020-06-20-06:00-idx-Asia/Kolkata]" classname="tests/tools/test_intersect.py" runstate="Runnable" seed="1" result="Passed" label="Test if intersection of indices with distinct frequencies gives correct result." start-time="2024-02-05 13:01:40.385574" end-time="2024-02-05 13:01:40.386149" duration="0.000575" asserts="0"><properties><property name="python-version" value="3.11.7 (main, Dec  4 2023, 18:10:11) [Clang 15.0.0 (clang-1500.1.0.2.5)]" /><property name="fspath" value="tests/tools/test_intersect.py" /></properties><environment framework-version="3.6.2" clr-version="3.11.7 (main, Dec  4 2023, 18:10:11) [Clang 15.0.0 (clang-1500.1.0.2.5)]" os-version="23.3.0" platform="Darwin" cwd="/Users/ruud.wijtvliet/python/portfolyo" machine-name="arm64" user="" user-domain="" culture="en-US" uiculture="en-US" os-architecture="64bit" /><failure><message><![CDATA[]]></message><stack-trace><![CDATA[None]]></stack-trace></failure><reason><message><![CDATA[]]></message></reason><output><![CDATA[]]></output></test-case><test-case id="925" name="tests/tools/test_intersect.py::test_intersect_distinctstartofday[startdates14-H-2020-06-20-06:00-fr-None]" fullname="tests/tools/test_intersect.py::test_intersect_distinctstartofday[startdates14-H-2020-06-20-06:00-fr-None]" methodname="test_intersect_distinctstartofday[startdates14-H-2020-06-20-06:00-fr-None]" classname="tests/tools/test_intersect.py" runstate="Runnable" seed="1" result="Passed" label="Test if intersection of indices with distinct frequencies gives correct result." start-time="2024-02-05 13:01:40.386578" end-time="2024-02-05 13:01:40.387370" duration="0.000792" asserts="0"><properties><property name="python-version" value="3.11.7 (main, Dec  4 2023, 18:10:11) [Clang 15.0.0 (clang-1500.1.0.2.5)]" /><property name="fspath" value="tests/tools/test_intersect.py" /></properties><environment framework-version="3.6.2" clr-version="3.11.7 (main, Dec  4 2023, 18:10:11) [Clang 15.0.0 (clang-1500.1.0.2.5)]" os-version="23.3.0" platform="Darwin" cwd="/Users/ruud.wijtvliet/python/portfolyo" machine-name="arm64" user="" user-domain="" culture="en-US" uiculture="en-US" os-architecture="64bit" /><failure><message><![CDATA[]]></message><stack-trace><![CDATA[None]]></stack-trace></failure><reason><message><![CDATA[]]></message></reason><output><![CDATA[]]></output></test-case><test-case id="926" name="tests/tools/test_intersect.py::test_intersect_distinctstartofday[startdates14-H-2020-06-20-06:00-fr-Europe/Berlin]" fullname="tests/tools/test_intersect.py::test_intersect_distinctstartofday[startdates14-H-2020-06-20-06:00-fr-Europe/Berlin]" methodname="test_intersect_distinctstartofday[startdates14-H-2020-06-20-06:00-fr-Europe/Berlin]" classname="tests/tools/test_intersect.py" runstate="Runnable" seed="1" result="Passed" label="Test if intersection of indices with distinct frequencies gives correct result." start-time="2024-02-05 13:01:40.387844" end-time="2024-02-05 13:01:40.389157" duration="0.001313" asserts="0"><properties><property name="python-version" value="3.11.7 (main, Dec  4 2023, 18:10:11) [Clang 15.0.0 (clang-1500.1.0.2.5)]" /><property name="fspath" value="tests/tools/test_intersect.py" /></properties><environment framework-version="3.6.2" clr-version="3.11.7 (main, Dec  4 2023, 18:10:11) [Clang 15.0.0 (clang-1500.1.0.2.5)]" os-version="23.3.0" platform="Darwin" cwd="/Users/ruud.wijtvliet/python/portfolyo" machine-name="arm64" user="" user-domain="" culture="en-US" uiculture="en-US" os-architecture="64bit" /><failure><message><![CDATA[]]></message><stack-trace><![CDATA[None]]></stack-trace></failure><reason><message><![CDATA[]]></message></reason><output><![CDATA[]]></output></test-case><test-case id="927" name="tests/tools/test_intersect.py::test_intersect_distinctstartofday[startdates14-H-2020-06-20-06:00-fr-Asia/Kolkata]" fullname="tests/tools/test_intersect.py::test_intersect_distinctstartofday[startdates14-H-2020-06-20-06:00-fr-Asia/Kolkata]" methodname="test_intersect_distinctstartofday[startdates14-H-2020-06-20-06:00-fr-Asia/Kolkata]" classname="tests/tools/test_intersect.py" runstate="Runnable" seed="1" result="Passed" label="Test if intersection of indices with distinct frequencies gives correct result." start-time="2024-02-05 13:01:40.389680" end-time="2024-02-05 13:01:40.390527" duration="0.000847" asserts="0"><properties><property name="python-version" value="3.11.7 (main, Dec  4 2023, 18:10:11) [Clang 15.0.0 (clang-1500.1.0.2.5)]" /><property name="fspath" value="tests/tools/test_intersect.py" /></properties><environment framework-version="3.6.2" clr-version="3.11.7 (main, Dec  4 2023, 18:10:11) [Clang 15.0.0 (clang-1500.1.0.2.5)]" os-version="23.3.0" platform="Darwin" cwd="/Users/ruud.wijtvliet/python/portfolyo" machine-name="arm64" user="" user-domain="" culture="en-US" uiculture="en-US" os-architecture="64bit" /><failure><message><![CDATA[]]></message><stack-trace><![CDATA[None]]></stack-trace></failure><reason><message><![CDATA[]]></message></reason><output><![CDATA[]]></output></test-case><test-case id="928" name="tests/tools/test_intersect.py::test_intersect_distinctstartofday[startdates15-H-2020-06-20-00:00-idx-None]" fullname="tests/tools/test_intersect.py::test_intersect_distinctstartofday[startdates15-H-2020-06-20-00:00-idx-None]" methodname="test_intersect_distinctstartofday[startdates15-H-2020-06-20-00:00-idx-None]" classname="tests/tools/test_intersect.py" runstate="Runnable" seed="1" result="Passed" label="Test if intersection of indices with distinct frequencies gives correct result." start-time="2024-02-05 13:01:40.390978" end-time="2024-02-05 13:01:40.391498" duration="0.00052" asserts="0"><properties><property name="python-version" value="3.11.7 (main, Dec  4 2023, 18:10:11) [Clang 15.0.0 (clang-1500.1.0.2.5)]" /><property name="fspath" value="tests/tools/test_intersect.py" /></properties><environment framework-version="3.6.2" clr-version="3.11.7 (main, Dec  4 2023, 18:10:11) [Clang 15.0.0 (clang-1500.1.0.2.5)]" os-version="23.3.0" platform="Darwin" cwd="/Users/ruud.wijtvliet/python/portfolyo" machine-name="arm64" user="" user-domain="" culture="en-US" uiculture="en-US" os-architecture="64bit" /><failure><message><![CDATA[]]></message><stack-trace><![CDATA[None]]></stack-trace></failure><reason><message><![CDATA[]]></message></reason><output><![CDATA[]]></output></test-case><test-case id="929" name="tests/tools/test_intersect.py::test_intersect_distinctstartofday[startdates15-H-2020-06-20-00:00-idx-Europe/Berlin]" fullname="tests/tools/test_intersect.py::test_intersect_distinctstartofday[startdates15-H-2020-06-20-00:00-idx-Europe/Berlin]" methodname="test_intersect_distinctstartofday[startdates15-H-2020-06-20-00:00-idx-Europe/Berlin]" classname="tests/tools/test_intersect.py" runstate="Runnable" seed="1" result="Passed" label="Test if intersection of indices with distinct frequencies gives correct result." start-time="2024-02-05 13:01:40.391922" end-time="2024-02-05 13:01:40.392453" duration="0.000531" asserts="0"><properties><property name="python-version" value="3.11.7 (main, Dec  4 2023, 18:10:11) [Clang 15.0.0 (clang-1500.1.0.2.5)]" /><property name="fspath" value="tests/tools/test_intersect.py" /></properties><environment framework-version="3.6.2" clr-version="3.11.7 (main, Dec  4 2023, 18:10:11) [Clang 15.0.0 (clang-1500.1.0.2.5)]" os-version="23.3.0" platform="Darwin" cwd="/Users/ruud.wijtvliet/python/portfolyo" machine-name="arm64" user="" user-domain="" culture="en-US" uiculture="en-US" os-architecture="64bit" /><failure><message><![CDATA[]]></message><stack-trace><![CDATA[None]]></stack-trace></failure><reason><message><![CDATA[]]></message></reason><output><![CDATA[]]></output></test-case><test-case id="930" name="tests/tools/test_intersect.py::test_intersect_distinctstartofday[startdates15-H-2020-06-20-00:00-idx-Asia/Kolkata]" fullname="tests/tools/test_intersect.py::test_intersect_distinctstartofday[startdates15-H-2020-06-20-00:00-idx-Asia/Kolkata]" methodname="test_intersect_distinctstartofday[startdates15-H-2020-06-20-00:00-idx-Asia/Kolkata]" classname="tests/tools/test_intersect.py" runstate="Runnable" seed="1" result="Passed" label="Test if intersection of indices with distinct frequencies gives correct result." start-time="2024-02-05 13:01:40.392868" end-time="2024-02-05 13:01:40.393431" duration="0.000563" asserts="0"><properties><property name="python-version" value="3.11.7 (main, Dec  4 2023, 18:10:11) [Clang 15.0.0 (clang-1500.1.0.2.5)]" /><property name="fspath" value="tests/tools/test_intersect.py" /></properties><environment framework-version="3.6.2" clr-version="3.11.7 (main, Dec  4 2023, 18:10:11) [Clang 15.0.0 (clang-1500.1.0.2.5)]" os-version="23.3.0" platform="Darwin" cwd="/Users/ruud.wijtvliet/python/portfolyo" machine-name="arm64" user="" user-domain="" culture="en-US" uiculture="en-US" os-architecture="64bit" /><failure><message><![CDATA[]]></message><stack-trace><![CDATA[None]]></stack-trace></failure><reason><message><![CDATA[]]></message></reason><output><![CDATA[]]></output></test-case><test-case id="931" name="tests/tools/test_intersect.py::test_intersect_distinctstartofday[startdates15-H-2020-06-20-00:00-fr-None]" fullname="tests/tools/test_intersect.py::test_intersect_distinctstartofday[startdates15-H-2020-06-20-00:00-fr-None]" methodname="test_intersect_distinctstartofday[startdates15-H-2020-06-20-00:00-fr-None]" classname="tests/tools/test_intersect.py" runstate="Runnable" seed="1" result="Passed" label="Test if intersection of indices with distinct frequencies gives correct result." start-time="2024-02-05 13:01:40.393845" end-time="2024-02-05 13:01:40.394507" duration="0.000662" asserts="0"><properties><property name="python-version" value="3.11.7 (main, Dec  4 2023, 18:10:11) [Clang 15.0.0 (clang-1500.1.0.2.5)]" /><property name="fspath" value="tests/tools/test_intersect.py" /></properties><environment framework-version="3.6.2" clr-version="3.11.7 (main, Dec  4 2023, 18:10:11) [Clang 15.0.0 (clang-1500.1.0.2.5)]" os-version="23.3.0" platform="Darwin" cwd="/Users/ruud.wijtvliet/python/portfolyo" machine-name="arm64" user="" user-domain="" culture="en-US" uiculture="en-US" os-architecture="64bit" /><failure><message><![CDATA[]]></message><stack-trace><![CDATA[None]]></stack-trace></failure><reason><message><![CDATA[]]></message></reason><output><![CDATA[]]></output></test-case><test-case id="932" name="tests/tools/test_intersect.py::test_intersect_distinctstartofday[startdates15-H-2020-06-20-00:00-fr-Europe/Berlin]" fullname="tests/tools/test_intersect.py::test_intersect_distinctstartofday[startdates15-H-2020-06-20-00:00-fr-Europe/Berlin]" methodname="test_intersect_distinctstartofday[startdates15-H-2020-06-20-00:00-fr-Europe/Berlin]" classname="tests/tools/test_intersect.py" runstate="Runnable" seed="1" result="Passed" label="Test if intersection of indices with distinct frequencies gives correct result." start-time="2024-02-05 13:01:40.394923" end-time="2024-02-05 13:01:40.395639" duration="0.000716" asserts="0"><properties><property name="python-version" value="3.11.7 (main, Dec  4 2023, 18:10:11) [Clang 15.0.0 (clang-1500.1.0.2.5)]" /><property name="fspath" value="tests/tools/test_intersect.py" /></properties><environment framework-version="3.6.2" clr-version="3.11.7 (main, Dec  4 2023, 18:10:11) [Clang 15.0.0 (clang-1500.1.0.2.5)]" os-version="23.3.0" platform="Darwin" cwd="/Users/ruud.wijtvliet/python/portfolyo" machine-name="arm64" user="" user-domain="" culture="en-US" uiculture="en-US" os-architecture="64bit" /><failure><message><![CDATA[]]></message><stack-trace><![CDATA[None]]></stack-trace></failure><reason><message><![CDATA[]]></message></reason><output><![CDATA[]]></output></test-case><test-case id="933" name="tests/tools/test_intersect.py::test_intersect_distinctstartofday[startdates15-H-2020-06-20-00:00-fr-Asia/Kolkata]" fullname="tests/tools/test_intersect.py::test_intersect_distinctstartofday[startdates15-H-2020-06-20-00:00-fr-Asia/Kolkata]" methodname="test_intersect_distinctstartofday[startdates15-H-2020-06-20-00:00-fr-Asia/Kolkata]" classname="tests/tools/test_intersect.py" runstate="Runnable" seed="1" result="Passed" label="Test if intersection of indices with distinct frequencies gives correct result." start-time="2024-02-05 13:01:40.396049" end-time="2024-02-05 13:01:40.396774" duration="0.000725" asserts="0"><properties><property name="python-version" value="3.11.7 (main, Dec  4 2023, 18:10:11) [Clang 15.0.0 (clang-1500.1.0.2.5)]" /><property name="fspath" value="tests/tools/test_intersect.py" /></properties><environment framework-version="3.6.2" clr-version="3.11.7 (main, Dec  4 2023, 18:10:11) [Clang 15.0.0 (clang-1500.1.0.2.5)]" os-version="23.3.0" platform="Darwin" cwd="/Users/ruud.wijtvliet/python/portfolyo" machine-name="arm64" user="" user-domain="" culture="en-US" uiculture="en-US" os-architecture="64bit" /><failure><message><![CDATA[]]></message><stack-trace><![CDATA[None]]></stack-trace></failure><reason><message><![CDATA[]]></message></reason><output><![CDATA[]]></output></test-case><test-case id="934" name="tests/tools/test_intersect.py::test_intersect_distinctstartofday[startdates15-H-2020-06-20-06:00-idx-None]" fullname="tests/tools/test_intersect.py::test_intersect_distinctstartofday[startdates15-H-2020-06-20-06:00-idx-None]" methodname="test_intersect_distinctstartofday[startdates15-H-2020-06-20-06:00-idx-None]" classname="tests/tools/test_intersect.py" runstate="Runnable" seed="1" result="Passed" label="Test if intersection of indices with distinct frequencies gives correct result." start-time="2024-02-05 13:01:40.397188" end-time="2024-02-05 13:01:40.397672" duration="0.000484" asserts="0"><properties><property name="python-version" value="3.11.7 (main, Dec  4 2023, 18:10:11) [Clang 15.0.0 (clang-1500.1.0.2.5)]" /><property name="fspath" value="tests/tools/test_intersect.py" /></properties><environment framework-version="3.6.2" clr-version="3.11.7 (main, Dec  4 2023, 18:10:11) [Clang 15.0.0 (clang-1500.1.0.2.5)]" os-version="23.3.0" platform="Darwin" cwd="/Users/ruud.wijtvliet/python/portfolyo" machine-name="arm64" user="" user-domain="" culture="en-US" uiculture="en-US" os-architecture="64bit" /><failure><message><![CDATA[]]></message><stack-trace><![CDATA[None]]></stack-trace></failure><reason><message><![CDATA[]]></message></reason><output><![CDATA[]]></output></test-case><test-case id="935" name="tests/tools/test_intersect.py::test_intersect_distinctstartofday[startdates15-H-2020-06-20-06:00-idx-Europe/Berlin]" fullname="tests/tools/test_intersect.py::test_intersect_distinctstartofday[startdates15-H-2020-06-20-06:00-idx-Europe/Berlin]" methodname="test_intersect_distinctstartofday[startdates15-H-2020-06-20-06:00-idx-Europe/Berlin]" classname="tests/tools/test_intersect.py" runstate="Runnable" seed="1" result="Passed" label="Test if intersection of indices with distinct frequencies gives correct result." start-time="2024-02-05 13:01:40.398241" end-time="2024-02-05 13:01:40.399123" duration="0.000882" asserts="0"><properties><property name="python-version" value="3.11.7 (main, Dec  4 2023, 18:10:11) [Clang 15.0.0 (clang-1500.1.0.2.5)]" /><property name="fspath" value="tests/tools/test_intersect.py" /></properties><environment framework-version="3.6.2" clr-version="3.11.7 (main, Dec  4 2023, 18:10:11) [Clang 15.0.0 (clang-1500.1.0.2.5)]" os-version="23.3.0" platform="Darwin" cwd="/Users/ruud.wijtvliet/python/portfolyo" machine-name="arm64" user="" user-domain="" culture="en-US" uiculture="en-US" os-architecture="64bit" /><failure><message><![CDATA[]]></message><stack-trace><![CDATA[None]]></stack-trace></failure><reason><message><![CDATA[]]></message></reason><output><![CDATA[]]></output></test-case><test-case id="936" name="tests/tools/test_intersect.py::test_intersect_distinctstartofday[startdates15-H-2020-06-20-06:00-idx-Asia/Kolkata]" fullname="tests/tools/test_intersect.py::test_intersect_distinctstartofday[startdates15-H-2020-06-20-06:00-idx-Asia/Kolkata]" methodname="test_intersect_distinctstartofday[startdates15-H-2020-06-20-06:00-idx-Asia/Kolkata]" classname="tests/tools/test_intersect.py" runstate="Runnable" seed="1" result="Passed" label="Test if intersection of indices with distinct frequencies gives correct result." start-time="2024-02-05 13:01:40.399644" end-time="2024-02-05 13:01:40.400258" duration="0.000614" asserts="0"><properties><property name="python-version" value="3.11.7 (main, Dec  4 2023, 18:10:11) [Clang 15.0.0 (clang-1500.1.0.2.5)]" /><property name="fspath" value="tests/tools/test_intersect.py" /></properties><environment framework-version="3.6.2" clr-version="3.11.7 (main, Dec  4 2023, 18:10:11) [Clang 15.0.0 (clang-1500.1.0.2.5)]" os-version="23.3.0" platform="Darwin" cwd="/Users/ruud.wijtvliet/python/portfolyo" machine-name="arm64" user="" user-domain="" culture="en-US" uiculture="en-US" os-architecture="64bit" /><failure><message><![CDATA[]]></message><stack-trace><![CDATA[None]]></stack-trace></failure><reason><message><![CDATA[]]></message></reason><output><![CDATA[]]></output></test-case><test-case id="937" name="tests/tools/test_intersect.py::test_intersect_distinctstartofday[startdates15-H-2020-06-20-06:00-fr-None]" fullname="tests/tools/test_intersect.py::test_intersect_distinctstartofday[startdates15-H-2020-06-20-06:00-fr-None]" methodname="test_intersect_distinctstartofday[startdates15-H-2020-06-20-06:00-fr-None]" classname="tests/tools/test_intersect.py" runstate="Runnable" seed="1" result="Passed" label="Test if intersection of indices with distinct frequencies gives correct result." start-time="2024-02-05 13:01:40.400727" end-time="2024-02-05 13:01:40.401699" duration="0.000972" asserts="0"><properties><property name="python-version" value="3.11.7 (main, Dec  4 2023, 18:10:11) [Clang 15.0.0 (clang-1500.1.0.2.5)]" /><property name="fspath" value="tests/tools/test_intersect.py" /></properties><environment framework-version="3.6.2" clr-version="3.11.7 (main, Dec  4 2023, 18:10:11) [Clang 15.0.0 (clang-1500.1.0.2.5)]" os-version="23.3.0" platform="Darwin" cwd="/Users/ruud.wijtvliet/python/portfolyo" machine-name="arm64" user="" user-domain="" culture="en-US" uiculture="en-US" os-architecture="64bit" /><failure><message><![CDATA[]]></message><stack-trace><![CDATA[None]]></stack-trace></failure><reason><message><![CDATA[]]></message></reason><output><![CDATA[]]></output></test-case><test-case id="938" name="tests/tools/test_intersect.py::test_intersect_distinctstartofday[startdates15-H-2020-06-20-06:00-fr-Europe/Berlin]" fullname="tests/tools/test_intersect.py::test_intersect_distinctstartofday[startdates15-H-2020-06-20-06:00-fr-Europe/Berlin]" methodname="test_intersect_distinctstartofday[startdates15-H-2020-06-20-06:00-fr-Europe/Berlin]" classname="tests/tools/test_intersect.py" runstate="Runnable" seed="1" result="Passed" label="Test if intersection of indices with distinct frequencies gives correct result." start-time="2024-02-05 13:01:40.402264" end-time="2024-02-05 13:01:40.403347" duration="0.001083" asserts="0"><properties><property name="python-version" value="3.11.7 (main, Dec  4 2023, 18:10:11) [Clang 15.0.0 (clang-1500.1.0.2.5)]" /><property name="fspath" value="tests/tools/test_intersect.py" /></properties><environment framework-version="3.6.2" clr-version="3.11.7 (main, Dec  4 2023, 18:10:11) [Clang 15.0.0 (clang-1500.1.0.2.5)]" os-version="23.3.0" platform="Darwin" cwd="/Users/ruud.wijtvliet/python/portfolyo" machine-name="arm64" user="" user-domain="" culture="en-US" uiculture="en-US" os-architecture="64bit" /><failure><message><![CDATA[]]></message><stack-trace><![CDATA[None]]></stack-trace></failure><reason><message><![CDATA[]]></message></reason><output><![CDATA[]]></output></test-case><test-case id="939" name="tests/tools/test_intersect.py::test_intersect_distinctstartofday[startdates15-H-2020-06-20-06:00-fr-Asia/Kolkata]" fullname="tests/tools/test_intersect.py::test_intersect_distinctstartofday[startdates15-H-2020-06-20-06:00-fr-Asia/Kolkata]" methodname="test_intersect_distinctstartofday[startdates15-H-2020-06-20-06:00-fr-Asia/Kolkata]" classname="tests/tools/test_intersect.py" runstate="Runnable" seed="1" result="Passed" label="Test if intersection of indices with distinct frequencies gives correct result." start-time="2024-02-05 13:01:40.403857" end-time="2024-02-05 13:01:40.404679" duration="0.000822" asserts="0"><properties><property name="python-version" value="3.11.7 (main, Dec  4 2023, 18:10:11) [Clang 15.0.0 (clang-1500.1.0.2.5)]" /><property name="fspath" value="tests/tools/test_intersect.py" /></properties><environment framework-version="3.6.2" clr-version="3.11.7 (main, Dec  4 2023, 18:10:11) [Clang 15.0.0 (clang-1500.1.0.2.5)]" os-version="23.3.0" platform="Darwin" cwd="/Users/ruud.wijtvliet/python/portfolyo" machine-name="arm64" user="" user-domain="" culture="en-US" uiculture="en-US" os-architecture="64bit" /><failure><message><![CDATA[]]></message><stack-trace><![CDATA[None]]></stack-trace></failure><reason><message><![CDATA[]]></message></reason><output><![CDATA[]]></output></test-case><test-case id="940" name="tests/tools/test_intersect.py::test_intersect_distinctstartofday[startdates16-D-2020-06-20-00:00-idx-None]" fullname="tests/tools/test_intersect.py::test_intersect_distinctstartofday[startdates16-D-2020-06-20-00:00-idx-None]" methodname="test_intersect_distinctstartofday[startdates16-D-2020-06-20-00:00-idx-None]" classname="tests/tools/test_intersect.py" runstate="Runnable" seed="1" result="Passed" label="Test if intersection of indices with distinct frequencies gives correct result." start-time="2024-02-05 13:01:40.405147" end-time="2024-02-05 13:01:40.405680" duration="0.000533" asserts="0"><properties><property name="python-version" value="3.11.7 (main, Dec  4 2023, 18:10:11) [Clang 15.0.0 (clang-1500.1.0.2.5)]" /><property name="fspath" value="tests/tools/test_intersect.py" /></properties><environment framework-version="3.6.2" clr-version="3.11.7 (main, Dec  4 2023, 18:10:11) [Clang 15.0.0 (clang-1500.1.0.2.5)]" os-version="23.3.0" platform="Darwin" cwd="/Users/ruud.wijtvliet/python/portfolyo" machine-name="arm64" user="" user-domain="" culture="en-US" uiculture="en-US" os-architecture="64bit" /><failure><message><![CDATA[]]></message><stack-trace><![CDATA[None]]></stack-trace></failure><reason><message><![CDATA[]]></message></reason><output><![CDATA[]]></output></test-case><test-case id="941" name="tests/tools/test_intersect.py::test_intersect_distinctstartofday[startdates16-D-2020-06-20-00:00-idx-Europe/Berlin]" fullname="tests/tools/test_intersect.py::test_intersect_distinctstartofday[startdates16-D-2020-06-20-00:00-idx-Europe/Berlin]" methodname="test_intersect_distinctstartofday[startdates16-D-2020-06-20-00:00-idx-Europe/Berlin]" classname="tests/tools/test_intersect.py" runstate="Runnable" seed="1" result="Passed" label="Test if intersection of indices with distinct frequencies gives correct result." start-time="2024-02-05 13:01:40.406129" end-time="2024-02-05 13:01:40.406993" duration="0.000864" asserts="0"><properties><property name="python-version" value="3.11.7 (main, Dec  4 2023, 18:10:11) [Clang 15.0.0 (clang-1500.1.0.2.5)]" /><property name="fspath" value="tests/tools/test_intersect.py" /></properties><environment framework-version="3.6.2" clr-version="3.11.7 (main, Dec  4 2023, 18:10:11) [Clang 15.0.0 (clang-1500.1.0.2.5)]" os-version="23.3.0" platform="Darwin" cwd="/Users/ruud.wijtvliet/python/portfolyo" machine-name="arm64" user="" user-domain="" culture="en-US" uiculture="en-US" os-architecture="64bit" /><failure><message><![CDATA[]]></message><stack-trace><![CDATA[None]]></stack-trace></failure><reason><message><![CDATA[]]></message></reason><output><![CDATA[]]></output></test-case><test-case id="942" name="tests/tools/test_intersect.py::test_intersect_distinctstartofday[startdates16-D-2020-06-20-00:00-idx-Asia/Kolkata]" fullname="tests/tools/test_intersect.py::test_intersect_distinctstartofday[startdates16-D-2020-06-20-00:00-idx-Asia/Kolkata]" methodname="test_intersect_distinctstartofday[startdates16-D-2020-06-20-00:00-idx-Asia/Kolkata]" classname="tests/tools/test_intersect.py" runstate="Runnable" seed="1" result="Passed" label="Test if intersection of indices with distinct frequencies gives correct result." start-time="2024-02-05 13:01:40.407432" end-time="2024-02-05 13:01:40.408178" duration="0.000746" asserts="0"><properties><property name="python-version" value="3.11.7 (main, Dec  4 2023, 18:10:11) [Clang 15.0.0 (clang-1500.1.0.2.5)]" /><property name="fspath" value="tests/tools/test_intersect.py" /></properties><environment framework-version="3.6.2" clr-version="3.11.7 (main, Dec  4 2023, 18:10:11) [Clang 15.0.0 (clang-1500.1.0.2.5)]" os-version="23.3.0" platform="Darwin" cwd="/Users/ruud.wijtvliet/python/portfolyo" machine-name="arm64" user="" user-domain="" culture="en-US" uiculture="en-US" os-architecture="64bit" /><failure><message><![CDATA[]]></message><stack-trace><![CDATA[None]]></stack-trace></failure><reason><message><![CDATA[]]></message></reason><output><![CDATA[]]></output></test-case><test-case id="943" name="tests/tools/test_intersect.py::test_intersect_distinctstartofday[startdates16-D-2020-06-20-00:00-fr-None]" fullname="tests/tools/test_intersect.py::test_intersect_distinctstartofday[startdates16-D-2020-06-20-00:00-fr-None]" methodname="test_intersect_distinctstartofday[startdates16-D-2020-06-20-00:00-fr-None]" classname="tests/tools/test_intersect.py" runstate="Runnable" seed="1" result="Passed" label="Test if intersection of indices with distinct frequencies gives correct result." start-time="2024-02-05 13:01:40.408665" end-time="2024-02-05 13:01:40.409410" duration="0.000745" asserts="0"><properties><property name="python-version" value="3.11.7 (main, Dec  4 2023, 18:10:11) [Clang 15.0.0 (clang-1500.1.0.2.5)]" /><property name="fspath" value="tests/tools/test_intersect.py" /></properties><environment framework-version="3.6.2" clr-version="3.11.7 (main, Dec  4 2023, 18:10:11) [Clang 15.0.0 (clang-1500.1.0.2.5)]" os-version="23.3.0" platform="Darwin" cwd="/Users/ruud.wijtvliet/python/portfolyo" machine-name="arm64" user="" user-domain="" culture="en-US" uiculture="en-US" os-architecture="64bit" /><failure><message><![CDATA[]]></message><stack-trace><![CDATA[None]]></stack-trace></failure><reason><message><![CDATA[]]></message></reason><output><![CDATA[]]></output></test-case><test-case id="944" name="tests/tools/test_intersect.py::test_intersect_distinctstartofday[startdates16-D-2020-06-20-00:00-fr-Europe/Berlin]" fullname="tests/tools/test_intersect.py::test_intersect_distinctstartofday[startdates16-D-2020-06-20-00:00-fr-Europe/Berlin]" methodname="test_intersect_distinctstartofday[startdates16-D-2020-06-20-00:00-fr-Europe/Berlin]" classname="tests/tools/test_intersect.py" runstate="Runnable" seed="1" result="Passed" label="Test if intersection of indices with distinct frequencies gives correct result." start-time="2024-02-05 13:01:40.409872" end-time="2024-02-05 13:01:40.410879" duration="0.001007" asserts="0"><properties><property name="python-version" value="3.11.7 (main, Dec  4 2023, 18:10:11) [Clang 15.0.0 (clang-1500.1.0.2.5)]" /><property name="fspath" value="tests/tools/test_intersect.py" /></properties><environment framework-version="3.6.2" clr-version="3.11.7 (main, Dec  4 2023, 18:10:11) [Clang 15.0.0 (clang-1500.1.0.2.5)]" os-version="23.3.0" platform="Darwin" cwd="/Users/ruud.wijtvliet/python/portfolyo" machine-name="arm64" user="" user-domain="" culture="en-US" uiculture="en-US" os-architecture="64bit" /><failure><message><![CDATA[]]></message><stack-trace><![CDATA[None]]></stack-trace></failure><reason><message><![CDATA[]]></message></reason><output><![CDATA[]]></output></test-case><test-case id="945" name="tests/tools/test_intersect.py::test_intersect_distinctstartofday[startdates16-D-2020-06-20-00:00-fr-Asia/Kolkata]" fullname="tests/tools/test_intersect.py::test_intersect_distinctstartofday[startdates16-D-2020-06-20-00:00-fr-Asia/Kolkata]" methodname="test_intersect_distinctstartofday[startdates16-D-2020-06-20-00:00-fr-Asia/Kolkata]" classname="tests/tools/test_intersect.py" runstate="Runnable" seed="1" result="Passed" label="Test if intersection of indices with distinct frequencies gives correct result." start-time="2024-02-05 13:01:40.411297" end-time="2024-02-05 13:01:40.412158" duration="0.000861" asserts="0"><properties><property name="python-version" value="3.11.7 (main, Dec  4 2023, 18:10:11) [Clang 15.0.0 (clang-1500.1.0.2.5)]" /><property name="fspath" value="tests/tools/test_intersect.py" /></properties><environment framework-version="3.6.2" clr-version="3.11.7 (main, Dec  4 2023, 18:10:11) [Clang 15.0.0 (clang-1500.1.0.2.5)]" os-version="23.3.0" platform="Darwin" cwd="/Users/ruud.wijtvliet/python/portfolyo" machine-name="arm64" user="" user-domain="" culture="en-US" uiculture="en-US" os-architecture="64bit" /><failure><message><![CDATA[]]></message><stack-trace><![CDATA[None]]></stack-trace></failure><reason><message><![CDATA[]]></message></reason><output><![CDATA[]]></output></test-case><test-case id="946" name="tests/tools/test_intersect.py::test_intersect_distinctstartofday[startdates16-D-2020-06-20-06:00-idx-None]" fullname="tests/tools/test_intersect.py::test_intersect_distinctstartofday[startdates16-D-2020-06-20-06:00-idx-None]" methodname="test_intersect_distinctstartofday[startdates16-D-2020-06-20-06:00-idx-None]" classname="tests/tools/test_intersect.py" runstate="Runnable" seed="1" result="Passed" label="Test if intersection of indices with distinct frequencies gives correct result." start-time="2024-02-05 13:01:40.412574" end-time="2024-02-05 13:01:40.413030" duration="0.000456" asserts="0"><properties><property name="python-version" value="3.11.7 (main, Dec  4 2023, 18:10:11) [Clang 15.0.0 (clang-1500.1.0.2.5)]" /><property name="fspath" value="tests/tools/test_intersect.py" /></properties><environment framework-version="3.6.2" clr-version="3.11.7 (main, Dec  4 2023, 18:10:11) [Clang 15.0.0 (clang-1500.1.0.2.5)]" os-version="23.3.0" platform="Darwin" cwd="/Users/ruud.wijtvliet/python/portfolyo" machine-name="arm64" user="" user-domain="" culture="en-US" uiculture="en-US" os-architecture="64bit" /><failure><message><![CDATA[]]></message><stack-trace><![CDATA[None]]></stack-trace></failure><reason><message><![CDATA[]]></message></reason><output><![CDATA[]]></output></test-case><test-case id="947" name="tests/tools/test_intersect.py::test_intersect_distinctstartofday[startdates16-D-2020-06-20-06:00-idx-Europe/Berlin]" fullname="tests/tools/test_intersect.py::test_intersect_distinctstartofday[startdates16-D-2020-06-20-06:00-idx-Europe/Berlin]" methodname="test_intersect_distinctstartofday[startdates16-D-2020-06-20-06:00-idx-Europe/Berlin]" classname="tests/tools/test_intersect.py" runstate="Runnable" seed="1" result="Passed" label="Test if intersection of indices with distinct frequencies gives correct result." start-time="2024-02-05 13:01:40.413446" end-time="2024-02-05 13:01:40.414252" duration="0.000806" asserts="0"><properties><property name="python-version" value="3.11.7 (main, Dec  4 2023, 18:10:11) [Clang 15.0.0 (clang-1500.1.0.2.5)]" /><property name="fspath" value="tests/tools/test_intersect.py" /></properties><environment framework-version="3.6.2" clr-version="3.11.7 (main, Dec  4 2023, 18:10:11) [Clang 15.0.0 (clang-1500.1.0.2.5)]" os-version="23.3.0" platform="Darwin" cwd="/Users/ruud.wijtvliet/python/portfolyo" machine-name="arm64" user="" user-domain="" culture="en-US" uiculture="en-US" os-architecture="64bit" /><failure><message><![CDATA[]]></message><stack-trace><![CDATA[None]]></stack-trace></failure><reason><message><![CDATA[]]></message></reason><output><![CDATA[]]></output></test-case><test-case id="948" name="tests/tools/test_intersect.py::test_intersect_distinctstartofday[startdates16-D-2020-06-20-06:00-idx-Asia/Kolkata]" fullname="tests/tools/test_intersect.py::test_intersect_distinctstartofday[startdates16-D-2020-06-20-06:00-idx-Asia/Kolkata]" methodname="test_intersect_distinctstartofday[startdates16-D-2020-06-20-06:00-idx-Asia/Kolkata]" classname="tests/tools/test_intersect.py" runstate="Runnable" seed="1" result="Passed" label="Test if intersection of indices with distinct frequencies gives correct result." start-time="2024-02-05 13:01:40.414665" end-time="2024-02-05 13:01:40.415421" duration="0.000756" asserts="0"><properties><property name="python-version" value="3.11.7 (main, Dec  4 2023, 18:10:11) [Clang 15.0.0 (clang-1500.1.0.2.5)]" /><property name="fspath" value="tests/tools/test_intersect.py" /></properties><environment framework-version="3.6.2" clr-version="3.11.7 (main, Dec  4 2023, 18:10:11) [Clang 15.0.0 (clang-1500.1.0.2.5)]" os-version="23.3.0" platform="Darwin" cwd="/Users/ruud.wijtvliet/python/portfolyo" machine-name="arm64" user="" user-domain="" culture="en-US" uiculture="en-US" os-architecture="64bit" /><failure><message><![CDATA[]]></message><stack-trace><![CDATA[None]]></stack-trace></failure><reason><message><![CDATA[]]></message></reason><output><![CDATA[]]></output></test-case><test-case id="949" name="tests/tools/test_intersect.py::test_intersect_distinctstartofday[startdates16-D-2020-06-20-06:00-fr-None]" fullname="tests/tools/test_intersect.py::test_intersect_distinctstartofday[startdates16-D-2020-06-20-06:00-fr-None]" methodname="test_intersect_distinctstartofday[startdates16-D-2020-06-20-06:00-fr-None]" classname="tests/tools/test_intersect.py" runstate="Runnable" seed="1" result="Passed" label="Test if intersection of indices with distinct frequencies gives correct result." start-time="2024-02-05 13:01:40.415837" end-time="2024-02-05 13:01:40.416460" duration="0.000623" asserts="0"><properties><property name="python-version" value="3.11.7 (main, Dec  4 2023, 18:10:11) [Clang 15.0.0 (clang-1500.1.0.2.5)]" /><property name="fspath" value="tests/tools/test_intersect.py" /></properties><environment framework-version="3.6.2" clr-version="3.11.7 (main, Dec  4 2023, 18:10:11) [Clang 15.0.0 (clang-1500.1.0.2.5)]" os-version="23.3.0" platform="Darwin" cwd="/Users/ruud.wijtvliet/python/portfolyo" machine-name="arm64" user="" user-domain="" culture="en-US" uiculture="en-US" os-architecture="64bit" /><failure><message><![CDATA[]]></message><stack-trace><![CDATA[None]]></stack-trace></failure><reason><message><![CDATA[]]></message></reason><output><![CDATA[]]></output></test-case><test-case id="950" name="tests/tools/test_intersect.py::test_intersect_distinctstartofday[startdates16-D-2020-06-20-06:00-fr-Europe/Berlin]" fullname="tests/tools/test_intersect.py::test_intersect_distinctstartofday[startdates16-D-2020-06-20-06:00-fr-Europe/Berlin]" methodname="test_intersect_distinctstartofday[startdates16-D-2020-06-20-06:00-fr-Europe/Berlin]" classname="tests/tools/test_intersect.py" runstate="Runnable" seed="1" result="Passed" label="Test if intersection of indices with distinct frequencies gives correct result." start-time="2024-02-05 13:01:40.416885" end-time="2024-02-05 13:01:40.417847" duration="0.000962" asserts="0"><properties><property name="python-version" value="3.11.7 (main, Dec  4 2023, 18:10:11) [Clang 15.0.0 (clang-1500.1.0.2.5)]" /><property name="fspath" value="tests/tools/test_intersect.py" /></properties><environment framework-version="3.6.2" clr-version="3.11.7 (main, Dec  4 2023, 18:10:11) [Clang 15.0.0 (clang-1500.1.0.2.5)]" os-version="23.3.0" platform="Darwin" cwd="/Users/ruud.wijtvliet/python/portfolyo" machine-name="arm64" user="" user-domain="" culture="en-US" uiculture="en-US" os-architecture="64bit" /><failure><message><![CDATA[]]></message><stack-trace><![CDATA[None]]></stack-trace></failure><reason><message><![CDATA[]]></message></reason><output><![CDATA[]]></output></test-case><test-case id="951" name="tests/tools/test_intersect.py::test_intersect_distinctstartofday[startdates16-D-2020-06-20-06:00-fr-Asia/Kolkata]" fullname="tests/tools/test_intersect.py::test_intersect_distinctstartofday[startdates16-D-2020-06-20-06:00-fr-Asia/Kolkata]" methodname="test_intersect_distinctstartofday[startdates16-D-2020-06-20-06:00-fr-Asia/Kolkata]" classname="tests/tools/test_intersect.py" runstate="Runnable" seed="1" result="Passed" label="Test if intersection of indices with distinct frequencies gives correct result." start-time="2024-02-05 13:01:40.418266" end-time="2024-02-05 13:01:40.419612" duration="0.001346" asserts="0"><properties><property name="python-version" value="3.11.7 (main, Dec  4 2023, 18:10:11) [Clang 15.0.0 (clang-1500.1.0.2.5)]" /><property name="fspath" value="tests/tools/test_intersect.py" /></properties><environment framework-version="3.6.2" clr-version="3.11.7 (main, Dec  4 2023, 18:10:11) [Clang 15.0.0 (clang-1500.1.0.2.5)]" os-version="23.3.0" platform="Darwin" cwd="/Users/ruud.wijtvliet/python/portfolyo" machine-name="arm64" user="" user-domain="" culture="en-US" uiculture="en-US" os-architecture="64bit" /><failure><message><![CDATA[]]></message><stack-trace><![CDATA[None]]></stack-trace></failure><reason><message><![CDATA[]]></message></reason><output><![CDATA[]]></output></test-case><test-case id="952" name="tests/tools/test_intersect.py::test_intersect_distinctstartofday[startdates17-D-2020-06-20-00:00-idx-None]" fullname="tests/tools/test_intersect.py::test_intersect_distinctstartofday[startdates17-D-2020-06-20-00:00-idx-None]" methodname="test_intersect_distinctstartofday[startdates17-D-2020-06-20-00:00-idx-None]" classname="tests/tools/test_intersect.py" runstate="Runnable" seed="1" result="Passed" label="Test if intersection of indices with distinct frequencies gives correct result." start-time="2024-02-05 13:01:40.420220" end-time="2024-02-05 13:01:40.420837" duration="0.000617" asserts="0"><properties><property name="python-version" value="3.11.7 (main, Dec  4 2023, 18:10:11) [Clang 15.0.0 (clang-1500.1.0.2.5)]" /><property name="fspath" value="tests/tools/test_intersect.py" /></properties><environment framework-version="3.6.2" clr-version="3.11.7 (main, Dec  4 2023, 18:10:11) [Clang 15.0.0 (clang-1500.1.0.2.5)]" os-version="23.3.0" platform="Darwin" cwd="/Users/ruud.wijtvliet/python/portfolyo" machine-name="arm64" user="" user-domain="" culture="en-US" uiculture="en-US" os-architecture="64bit" /><failure><message><![CDATA[]]></message><stack-trace><![CDATA[None]]></stack-trace></failure><reason><message><![CDATA[]]></message></reason><output><![CDATA[]]></output></test-case><test-case id="953" name="tests/tools/test_intersect.py::test_intersect_distinctstartofday[startdates17-D-2020-06-20-00:00-idx-Europe/Berlin]" fullname="tests/tools/test_intersect.py::test_intersect_distinctstartofday[startdates17-D-2020-06-20-00:00-idx-Europe/Berlin]" methodname="test_intersect_distinctstartofday[startdates17-D-2020-06-20-00:00-idx-Europe/Berlin]" classname="tests/tools/test_intersect.py" runstate="Runnable" seed="1" result="Passed" label="Test if intersection of indices with distinct frequencies gives correct result." start-time="2024-02-05 13:01:40.421467" end-time="2024-02-05 13:01:40.422459" duration="0.000992" asserts="0"><properties><property name="python-version" value="3.11.7 (main, Dec  4 2023, 18:10:11) [Clang 15.0.0 (clang-1500.1.0.2.5)]" /><property name="fspath" value="tests/tools/test_intersect.py" /></properties><environment framework-version="3.6.2" clr-version="3.11.7 (main, Dec  4 2023, 18:10:11) [Clang 15.0.0 (clang-1500.1.0.2.5)]" os-version="23.3.0" platform="Darwin" cwd="/Users/ruud.wijtvliet/python/portfolyo" machine-name="arm64" user="" user-domain="" culture="en-US" uiculture="en-US" os-architecture="64bit" /><failure><message><![CDATA[]]></message><stack-trace><![CDATA[None]]></stack-trace></failure><reason><message><![CDATA[]]></message></reason><output><![CDATA[]]></output></test-case><test-case id="954" name="tests/tools/test_intersect.py::test_intersect_distinctstartofday[startdates17-D-2020-06-20-00:00-idx-Asia/Kolkata]" fullname="tests/tools/test_intersect.py::test_intersect_distinctstartofday[startdates17-D-2020-06-20-00:00-idx-Asia/Kolkata]" methodname="test_intersect_distinctstartofday[startdates17-D-2020-06-20-00:00-idx-Asia/Kolkata]" classname="tests/tools/test_intersect.py" runstate="Runnable" seed="1" result="Passed" label="Test if intersection of indices with distinct frequencies gives correct result." start-time="2024-02-05 13:01:40.422917" end-time="2024-02-05 13:01:40.423666" duration="0.000749" asserts="0"><properties><property name="python-version" value="3.11.7 (main, Dec  4 2023, 18:10:11) [Clang 15.0.0 (clang-1500.1.0.2.5)]" /><property name="fspath" value="tests/tools/test_intersect.py" /></properties><environment framework-version="3.6.2" clr-version="3.11.7 (main, Dec  4 2023, 18:10:11) [Clang 15.0.0 (clang-1500.1.0.2.5)]" os-version="23.3.0" platform="Darwin" cwd="/Users/ruud.wijtvliet/python/portfolyo" machine-name="arm64" user="" user-domain="" culture="en-US" uiculture="en-US" os-architecture="64bit" /><failure><message><![CDATA[]]></message><stack-trace><![CDATA[None]]></stack-trace></failure><reason><message><![CDATA[]]></message></reason><output><![CDATA[]]></output></test-case><test-case id="955" name="tests/tools/test_intersect.py::test_intersect_distinctstartofday[startdates17-D-2020-06-20-00:00-fr-None]" fullname="tests/tools/test_intersect.py::test_intersect_distinctstartofday[startdates17-D-2020-06-20-00:00-fr-None]" methodname="test_intersect_distinctstartofday[startdates17-D-2020-06-20-00:00-fr-None]" classname="tests/tools/test_intersect.py" runstate="Runnable" seed="1" result="Passed" label="Test if intersection of indices with distinct frequencies gives correct result." start-time="2024-02-05 13:01:40.424111" end-time="2024-02-05 13:01:40.424829" duration="0.000718" asserts="0"><properties><property name="python-version" value="3.11.7 (main, Dec  4 2023, 18:10:11) [Clang 15.0.0 (clang-1500.1.0.2.5)]" /><property name="fspath" value="tests/tools/test_intersect.py" /></properties><environment framework-version="3.6.2" clr-version="3.11.7 (main, Dec  4 2023, 18:10:11) [Clang 15.0.0 (clang-1500.1.0.2.5)]" os-version="23.3.0" platform="Darwin" cwd="/Users/ruud.wijtvliet/python/portfolyo" machine-name="arm64" user="" user-domain="" culture="en-US" uiculture="en-US" os-architecture="64bit" /><failure><message><![CDATA[]]></message><stack-trace><![CDATA[None]]></stack-trace></failure><reason><message><![CDATA[]]></message></reason><output><![CDATA[]]></output></test-case><test-case id="956" name="tests/tools/test_intersect.py::test_intersect_distinctstartofday[startdates17-D-2020-06-20-00:00-fr-Europe/Berlin]" fullname="tests/tools/test_intersect.py::test_intersect_distinctstartofday[startdates17-D-2020-06-20-00:00-fr-Europe/Berlin]" methodname="test_intersect_distinctstartofday[startdates17-D-2020-06-20-00:00-fr-Europe/Berlin]" classname="tests/tools/test_intersect.py" runstate="Runnable" seed="1" result="Passed" label="Test if intersection of indices with distinct frequencies gives correct result." start-time="2024-02-05 13:01:40.425262" end-time="2024-02-05 13:01:40.426243" duration="0.000981" asserts="0"><properties><property name="python-version" value="3.11.7 (main, Dec  4 2023, 18:10:11) [Clang 15.0.0 (clang-1500.1.0.2.5)]" /><property name="fspath" value="tests/tools/test_intersect.py" /></properties><environment framework-version="3.6.2" clr-version="3.11.7 (main, Dec  4 2023, 18:10:11) [Clang 15.0.0 (clang-1500.1.0.2.5)]" os-version="23.3.0" platform="Darwin" cwd="/Users/ruud.wijtvliet/python/portfolyo" machine-name="arm64" user="" user-domain="" culture="en-US" uiculture="en-US" os-architecture="64bit" /><failure><message><![CDATA[]]></message><stack-trace><![CDATA[None]]></stack-trace></failure><reason><message><![CDATA[]]></message></reason><output><![CDATA[]]></output></test-case><test-case id="957" name="tests/tools/test_intersect.py::test_intersect_distinctstartofday[startdates17-D-2020-06-20-00:00-fr-Asia/Kolkata]" fullname="tests/tools/test_intersect.py::test_intersect_distinctstartofday[startdates17-D-2020-06-20-00:00-fr-Asia/Kolkata]" methodname="test_intersect_distinctstartofday[startdates17-D-2020-06-20-00:00-fr-Asia/Kolkata]" classname="tests/tools/test_intersect.py" runstate="Runnable" seed="1" result="Passed" label="Test if intersection of indices with distinct frequencies gives correct result." start-time="2024-02-05 13:01:40.426666" end-time="2024-02-05 13:01:40.427532" duration="0.000866" asserts="0"><properties><property name="python-version" value="3.11.7 (main, Dec  4 2023, 18:10:11) [Clang 15.0.0 (clang-1500.1.0.2.5)]" /><property name="fspath" value="tests/tools/test_intersect.py" /></properties><environment framework-version="3.6.2" clr-version="3.11.7 (main, Dec  4 2023, 18:10:11) [Clang 15.0.0 (clang-1500.1.0.2.5)]" os-version="23.3.0" platform="Darwin" cwd="/Users/ruud.wijtvliet/python/portfolyo" machine-name="arm64" user="" user-domain="" culture="en-US" uiculture="en-US" os-architecture="64bit" /><failure><message><![CDATA[]]></message><stack-trace><![CDATA[None]]></stack-trace></failure><reason><message><![CDATA[]]></message></reason><output><![CDATA[]]></output></test-case><test-case id="958" name="tests/tools/test_intersect.py::test_intersect_distinctstartofday[startdates17-D-2020-06-20-06:00-idx-None]" fullname="tests/tools/test_intersect.py::test_intersect_distinctstartofday[startdates17-D-2020-06-20-06:00-idx-None]" methodname="test_intersect_distinctstartofday[startdates17-D-2020-06-20-06:00-idx-None]" classname="tests/tools/test_intersect.py" runstate="Runnable" seed="1" result="Passed" label="Test if intersection of indices with distinct frequencies gives correct result." start-time="2024-02-05 13:01:40.427962" end-time="2024-02-05 13:01:40.428406" duration="0.000444" asserts="0"><properties><property name="python-version" value="3.11.7 (main, Dec  4 2023, 18:10:11) [Clang 15.0.0 (clang-1500.1.0.2.5)]" /><property name="fspath" value="tests/tools/test_intersect.py" /></properties><environment framework-version="3.6.2" clr-version="3.11.7 (main, Dec  4 2023, 18:10:11) [Clang 15.0.0 (clang-1500.1.0.2.5)]" os-version="23.3.0" platform="Darwin" cwd="/Users/ruud.wijtvliet/python/portfolyo" machine-name="arm64" user="" user-domain="" culture="en-US" uiculture="en-US" os-architecture="64bit" /><failure><message><![CDATA[]]></message><stack-trace><![CDATA[None]]></stack-trace></failure><reason><message><![CDATA[]]></message></reason><output><![CDATA[]]></output></test-case><test-case id="959" name="tests/tools/test_intersect.py::test_intersect_distinctstartofday[startdates17-D-2020-06-20-06:00-idx-Europe/Berlin]" fullname="tests/tools/test_intersect.py::test_intersect_distinctstartofday[startdates17-D-2020-06-20-06:00-idx-Europe/Berlin]" methodname="test_intersect_distinctstartofday[startdates17-D-2020-06-20-06:00-idx-Europe/Berlin]" classname="tests/tools/test_intersect.py" runstate="Runnable" seed="1" result="Passed" label="Test if intersection of indices with distinct frequencies gives correct result." start-time="2024-02-05 13:01:40.428999" end-time="2024-02-05 13:01:40.430115" duration="0.001116" asserts="0"><properties><property name="python-version" value="3.11.7 (main, Dec  4 2023, 18:10:11) [Clang 15.0.0 (clang-1500.1.0.2.5)]" /><property name="fspath" value="tests/tools/test_intersect.py" /></properties><environment framework-version="3.6.2" clr-version="3.11.7 (main, Dec  4 2023, 18:10:11) [Clang 15.0.0 (clang-1500.1.0.2.5)]" os-version="23.3.0" platform="Darwin" cwd="/Users/ruud.wijtvliet/python/portfolyo" machine-name="arm64" user="" user-domain="" culture="en-US" uiculture="en-US" os-architecture="64bit" /><failure><message><![CDATA[]]></message><stack-trace><![CDATA[None]]></stack-trace></failure><reason><message><![CDATA[]]></message></reason><output><![CDATA[]]></output></test-case><test-case id="960" name="tests/tools/test_intersect.py::test_intersect_distinctstartofday[startdates17-D-2020-06-20-06:00-idx-Asia/Kolkata]" fullname="tests/tools/test_intersect.py::test_intersect_distinctstartofday[startdates17-D-2020-06-20-06:00-idx-Asia/Kolkata]" methodname="test_intersect_distinctstartofday[startdates17-D-2020-06-20-06:00-idx-Asia/Kolkata]" classname="tests/tools/test_intersect.py" runstate="Runnable" seed="1" result="Passed" label="Test if intersection of indices with distinct frequencies gives correct result." start-time="2024-02-05 13:01:40.430654" end-time="2024-02-05 13:01:40.431467" duration="0.000813" asserts="0"><properties><property name="python-version" value="3.11.7 (main, Dec  4 2023, 18:10:11) [Clang 15.0.0 (clang-1500.1.0.2.5)]" /><property name="fspath" value="tests/tools/test_intersect.py" /></properties><environment framework-version="3.6.2" clr-version="3.11.7 (main, Dec  4 2023, 18:10:11) [Clang 15.0.0 (clang-1500.1.0.2.5)]" os-version="23.3.0" platform="Darwin" cwd="/Users/ruud.wijtvliet/python/portfolyo" machine-name="arm64" user="" user-domain="" culture="en-US" uiculture="en-US" os-architecture="64bit" /><failure><message><![CDATA[]]></message><stack-trace><![CDATA[None]]></stack-trace></failure><reason><message><![CDATA[]]></message></reason><output><![CDATA[]]></output></test-case><test-case id="961" name="tests/tools/test_intersect.py::test_intersect_distinctstartofday[startdates17-D-2020-06-20-06:00-fr-None]" fullname="tests/tools/test_intersect.py::test_intersect_distinctstartofday[startdates17-D-2020-06-20-06:00-fr-None]" methodname="test_intersect_distinctstartofday[startdates17-D-2020-06-20-06:00-fr-None]" classname="tests/tools/test_intersect.py" runstate="Runnable" seed="1" result="Passed" label="Test if intersection of indices with distinct frequencies gives correct result." start-time="2024-02-05 13:01:40.431979" end-time="2024-02-05 13:01:40.432799" duration="0.00082" asserts="0"><properties><property name="python-version" value="3.11.7 (main, Dec  4 2023, 18:10:11) [Clang 15.0.0 (clang-1500.1.0.2.5)]" /><property name="fspath" value="tests/tools/test_intersect.py" /></properties><environment framework-version="3.6.2" clr-version="3.11.7 (main, Dec  4 2023, 18:10:11) [Clang 15.0.0 (clang-1500.1.0.2.5)]" os-version="23.3.0" platform="Darwin" cwd="/Users/ruud.wijtvliet/python/portfolyo" machine-name="arm64" user="" user-domain="" culture="en-US" uiculture="en-US" os-architecture="64bit" /><failure><message><![CDATA[]]></message><stack-trace><![CDATA[None]]></stack-trace></failure><reason><message><![CDATA[]]></message></reason><output><![CDATA[]]></output></test-case><test-case id="962" name="tests/tools/test_intersect.py::test_intersect_distinctstartofday[startdates17-D-2020-06-20-06:00-fr-Europe/Berlin]" fullname="tests/tools/test_intersect.py::test_intersect_distinctstartofday[startdates17-D-2020-06-20-06:00-fr-Europe/Berlin]" methodname="test_intersect_distinctstartofday[startdates17-D-2020-06-20-06:00-fr-Europe/Berlin]" classname="tests/tools/test_intersect.py" runstate="Runnable" seed="1" result="Passed" label="Test if intersection of indices with distinct frequencies gives correct result." start-time="2024-02-05 13:01:40.433316" end-time="2024-02-05 13:01:40.434387" duration="0.001071" asserts="0"><properties><property name="python-version" value="3.11.7 (main, Dec  4 2023, 18:10:11) [Clang 15.0.0 (clang-1500.1.0.2.5)]" /><property name="fspath" value="tests/tools/test_intersect.py" /></properties><environment framework-version="3.6.2" clr-version="3.11.7 (main, Dec  4 2023, 18:10:11) [Clang 15.0.0 (clang-1500.1.0.2.5)]" os-version="23.3.0" platform="Darwin" cwd="/Users/ruud.wijtvliet/python/portfolyo" machine-name="arm64" user="" user-domain="" culture="en-US" uiculture="en-US" os-architecture="64bit" /><failure><message><![CDATA[]]></message><stack-trace><![CDATA[None]]></stack-trace></failure><reason><message><![CDATA[]]></message></reason><output><![CDATA[]]></output></test-case><test-case id="963" name="tests/tools/test_intersect.py::test_intersect_distinctstartofday[startdates17-D-2020-06-20-06:00-fr-Asia/Kolkata]" fullname="tests/tools/test_intersect.py::test_intersect_distinctstartofday[startdates17-D-2020-06-20-06:00-fr-Asia/Kolkata]" methodname="test_intersect_distinctstartofday[startdates17-D-2020-06-20-06:00-fr-Asia/Kolkata]" classname="tests/tools/test_intersect.py" runstate="Runnable" seed="1" result="Passed" label="Test if intersection of indices with distinct frequencies gives correct result." start-time="2024-02-05 13:01:40.434856" end-time="2024-02-05 13:01:40.435911" duration="0.001055" asserts="0"><properties><property name="python-version" value="3.11.7 (main, Dec  4 2023, 18:10:11) [Clang 15.0.0 (clang-1500.1.0.2.5)]" /><property name="fspath" value="tests/tools/test_intersect.py" /></properties><environment framework-version="3.6.2" clr-version="3.11.7 (main, Dec  4 2023, 18:10:11) [Clang 15.0.0 (clang-1500.1.0.2.5)]" os-version="23.3.0" platform="Darwin" cwd="/Users/ruud.wijtvliet/python/portfolyo" machine-name="arm64" user="" user-domain="" culture="en-US" uiculture="en-US" os-architecture="64bit" /><failure><message><![CDATA[]]></message><stack-trace><![CDATA[None]]></stack-trace></failure><reason><message><![CDATA[]]></message></reason><output><![CDATA[]]></output></test-case><test-case id="964" name="tests/tools/test_intersect.py::test_intersect_nooverlap[00:00-AS-idx-None]" fullname="tests/tools/test_intersect.py::test_intersect_nooverlap[00:00-AS-idx-None]" methodname="test_intersect_nooverlap[00:00-AS-idx-None]" classname="tests/tools/test_intersect.py" runstate="Runnable" seed="1" result="Passed" label="Test if intersection of non-overlapping indices gives correct result." start-time="2024-02-05 13:01:40.436380" end-time="2024-02-05 13:01:40.437127" duration="0.000747" asserts="0"><properties><property name="python-version" value="3.11.7 (main, Dec  4 2023, 18:10:11) [Clang 15.0.0 (clang-1500.1.0.2.5)]" /><property name="fspath" value="tests/tools/test_intersect.py" /></properties><environment framework-version="3.6.2" clr-version="3.11.7 (main, Dec  4 2023, 18:10:11) [Clang 15.0.0 (clang-1500.1.0.2.5)]" os-version="23.3.0" platform="Darwin" cwd="/Users/ruud.wijtvliet/python/portfolyo" machine-name="arm64" user="" user-domain="" culture="en-US" uiculture="en-US" os-architecture="64bit" /><failure><message><![CDATA[]]></message><stack-trace><![CDATA[None]]></stack-trace></failure><reason><message><![CDATA[]]></message></reason><output><![CDATA[]]></output></test-case><test-case id="965" name="tests/tools/test_intersect.py::test_intersect_nooverlap[00:00-AS-idx-Europe/Berlin]" fullname="tests/tools/test_intersect.py::test_intersect_nooverlap[00:00-AS-idx-Europe/Berlin]" methodname="test_intersect_nooverlap[00:00-AS-idx-Europe/Berlin]" classname="tests/tools/test_intersect.py" runstate="Runnable" seed="1" result="Passed" label="Test if intersection of non-overlapping indices gives correct result." start-time="2024-02-05 13:01:40.437553" end-time="2024-02-05 13:01:40.438321" duration="0.000768" asserts="0"><properties><property name="python-version" value="3.11.7 (main, Dec  4 2023, 18:10:11) [Clang 15.0.0 (clang-1500.1.0.2.5)]" /><property name="fspath" value="tests/tools/test_intersect.py" /></properties><environment framework-version="3.6.2" clr-version="3.11.7 (main, Dec  4 2023, 18:10:11) [Clang 15.0.0 (clang-1500.1.0.2.5)]" os-version="23.3.0" platform="Darwin" cwd="/Users/ruud.wijtvliet/python/portfolyo" machine-name="arm64" user="" user-domain="" culture="en-US" uiculture="en-US" os-architecture="64bit" /><failure><message><![CDATA[]]></message><stack-trace><![CDATA[None]]></stack-trace></failure><reason><message><![CDATA[]]></message></reason><output><![CDATA[]]></output></test-case><test-case id="966" name="tests/tools/test_intersect.py::test_intersect_nooverlap[00:00-AS-idx-Asia/Kolkata]" fullname="tests/tools/test_intersect.py::test_intersect_nooverlap[00:00-AS-idx-Asia/Kolkata]" methodname="test_intersect_nooverlap[00:00-AS-idx-Asia/Kolkata]" classname="tests/tools/test_intersect.py" runstate="Runnable" seed="1" result="Passed" label="Test if intersection of non-overlapping indices gives correct result." start-time="2024-02-05 13:01:40.438741" end-time="2024-02-05 13:01:40.439483" duration="0.000742" asserts="0"><properties><property name="python-version" value="3.11.7 (main, Dec  4 2023, 18:10:11) [Clang 15.0.0 (clang-1500.1.0.2.5)]" /><property name="fspath" value="tests/tools/test_intersect.py" /></properties><environment framework-version="3.6.2" clr-version="3.11.7 (main, Dec  4 2023, 18:10:11) [Clang 15.0.0 (clang-1500.1.0.2.5)]" os-version="23.3.0" platform="Darwin" cwd="/Users/ruud.wijtvliet/python/portfolyo" machine-name="arm64" user="" user-domain="" culture="en-US" uiculture="en-US" os-architecture="64bit" /><failure><message><![CDATA[]]></message><stack-trace><![CDATA[None]]></stack-trace></failure><reason><message><![CDATA[]]></message></reason><output><![CDATA[]]></output></test-case><test-case id="967" name="tests/tools/test_intersect.py::test_intersect_nooverlap[00:00-AS-fr-None]" fullname="tests/tools/test_intersect.py::test_intersect_nooverlap[00:00-AS-fr-None]" methodname="test_intersect_nooverlap[00:00-AS-fr-None]" classname="tests/tools/test_intersect.py" runstate="Runnable" seed="1" result="Passed" label="Test if intersection of non-overlapping indices gives correct result." start-time="2024-02-05 13:01:40.439883" end-time="2024-02-05 13:01:40.441836" duration="0.001953" asserts="0"><properties><property name="python-version" value="3.11.7 (main, Dec  4 2023, 18:10:11) [Clang 15.0.0 (clang-1500.1.0.2.5)]" /><property name="fspath" value="tests/tools/test_intersect.py" /></properties><environment framework-version="3.6.2" clr-version="3.11.7 (main, Dec  4 2023, 18:10:11) [Clang 15.0.0 (clang-1500.1.0.2.5)]" os-version="23.3.0" platform="Darwin" cwd="/Users/ruud.wijtvliet/python/portfolyo" machine-name="arm64" user="" user-domain="" culture="en-US" uiculture="en-US" os-architecture="64bit" /><failure><message><![CDATA[]]></message><stack-trace><![CDATA[None]]></stack-trace></failure><reason><message><![CDATA[]]></message></reason><output><![CDATA[]]></output></test-case><test-case id="968" name="tests/tools/test_intersect.py::test_intersect_nooverlap[00:00-AS-fr-Europe/Berlin]" fullname="tests/tools/test_intersect.py::test_intersect_nooverlap[00:00-AS-fr-Europe/Berlin]" methodname="test_intersect_nooverlap[00:00-AS-fr-Europe/Berlin]" classname="tests/tools/test_intersect.py" runstate="Runnable" seed="1" result="Passed" label="Test if intersection of non-overlapping indices gives correct result." start-time="2024-02-05 13:01:40.442350" end-time="2024-02-05 13:01:40.444503" duration="0.002153" asserts="0"><properties><property name="python-version" value="3.11.7 (main, Dec  4 2023, 18:10:11) [Clang 15.0.0 (clang-1500.1.0.2.5)]" /><property name="fspath" value="tests/tools/test_intersect.py" /></properties><environment framework-version="3.6.2" clr-version="3.11.7 (main, Dec  4 2023, 18:10:11) [Clang 15.0.0 (clang-1500.1.0.2.5)]" os-version="23.3.0" platform="Darwin" cwd="/Users/ruud.wijtvliet/python/portfolyo" machine-name="arm64" user="" user-domain="" culture="en-US" uiculture="en-US" os-architecture="64bit" /><failure><message><![CDATA[]]></message><stack-trace><![CDATA[None]]></stack-trace></failure><reason><message><![CDATA[]]></message></reason><output><![CDATA[]]></output></test-case><test-case id="969" name="tests/tools/test_intersect.py::test_intersect_nooverlap[00:00-AS-fr-Asia/Kolkata]" fullname="tests/tools/test_intersect.py::test_intersect_nooverlap[00:00-AS-fr-Asia/Kolkata]" methodname="test_intersect_nooverlap[00:00-AS-fr-Asia/Kolkata]" classname="tests/tools/test_intersect.py" runstate="Runnable" seed="1" result="Passed" label="Test if intersection of non-overlapping indices gives correct result." start-time="2024-02-05 13:01:40.444903" end-time="2024-02-05 13:01:40.446725" duration="0.001822" asserts="0"><properties><property name="python-version" value="3.11.7 (main, Dec  4 2023, 18:10:11) [Clang 15.0.0 (clang-1500.1.0.2.5)]" /><property name="fspath" value="tests/tools/test_intersect.py" /></properties><environment framework-version="3.6.2" clr-version="3.11.7 (main, Dec  4 2023, 18:10:11) [Clang 15.0.0 (clang-1500.1.0.2.5)]" os-version="23.3.0" platform="Darwin" cwd="/Users/ruud.wijtvliet/python/portfolyo" machine-name="arm64" user="" user-domain="" culture="en-US" uiculture="en-US" os-architecture="64bit" /><failure><message><![CDATA[]]></message><stack-trace><![CDATA[None]]></stack-trace></failure><reason><message><![CDATA[]]></message></reason><output><![CDATA[]]></output></test-case><test-case id="970" name="tests/tools/test_intersect.py::test_intersect_nooverlap[00:00-QS-idx-None]" fullname="tests/tools/test_intersect.py::test_intersect_nooverlap[00:00-QS-idx-None]" methodname="test_intersect_nooverlap[00:00-QS-idx-None]" classname="tests/tools/test_intersect.py" runstate="Runnable" seed="1" result="Passed" label="Test if intersection of non-overlapping indices gives correct result." start-time="2024-02-05 13:01:40.447112" end-time="2024-02-05 13:01:40.447693" duration="0.000581" asserts="0"><properties><property name="python-version" value="3.11.7 (main, Dec  4 2023, 18:10:11) [Clang 15.0.0 (clang-1500.1.0.2.5)]" /><property name="fspath" value="tests/tools/test_intersect.py" /></properties><environment framework-version="3.6.2" clr-version="3.11.7 (main, Dec  4 2023, 18:10:11) [Clang 15.0.0 (clang-1500.1.0.2.5)]" os-version="23.3.0" platform="Darwin" cwd="/Users/ruud.wijtvliet/python/portfolyo" machine-name="arm64" user="" user-domain="" culture="en-US" uiculture="en-US" os-architecture="64bit" /><failure><message><![CDATA[]]></message><stack-trace><![CDATA[None]]></stack-trace></failure><reason><message><![CDATA[]]></message></reason><output><![CDATA[]]></output></test-case><test-case id="971" name="tests/tools/test_intersect.py::test_intersect_nooverlap[00:00-QS-idx-Europe/Berlin]" fullname="tests/tools/test_intersect.py::test_intersect_nooverlap[00:00-QS-idx-Europe/Berlin]" methodname="test_intersect_nooverlap[00:00-QS-idx-Europe/Berlin]" classname="tests/tools/test_intersect.py" runstate="Runnable" seed="1" result="Passed" label="Test if intersection of non-overlapping indices gives correct result." start-time="2024-02-05 13:01:40.448056" end-time="2024-02-05 13:01:40.449130" duration="0.001074" asserts="0"><properties><property name="python-version" value="3.11.7 (main, Dec  4 2023, 18:10:11) [Clang 15.0.0 (clang-1500.1.0.2.5)]" /><property name="fspath" value="tests/tools/test_intersect.py" /></properties><environment framework-version="3.6.2" clr-version="3.11.7 (main, Dec  4 2023, 18:10:11) [Clang 15.0.0 (clang-1500.1.0.2.5)]" os-version="23.3.0" platform="Darwin" cwd="/Users/ruud.wijtvliet/python/portfolyo" machine-name="arm64" user="" user-domain="" culture="en-US" uiculture="en-US" os-architecture="64bit" /><failure><message><![CDATA[]]></message><stack-trace><![CDATA[None]]></stack-trace></failure><reason><message><![CDATA[]]></message></reason><output><![CDATA[]]></output></test-case><test-case id="972" name="tests/tools/test_intersect.py::test_intersect_nooverlap[00:00-QS-idx-Asia/Kolkata]" fullname="tests/tools/test_intersect.py::test_intersect_nooverlap[00:00-QS-idx-Asia/Kolkata]" methodname="test_intersect_nooverlap[00:00-QS-idx-Asia/Kolkata]" classname="tests/tools/test_intersect.py" runstate="Runnable" seed="1" result="Passed" label="Test if intersection of non-overlapping indices gives correct result." start-time="2024-02-05 13:01:40.449624" end-time="2024-02-05 13:01:40.450378" duration="0.000754" asserts="0"><properties><property name="python-version" value="3.11.7 (main, Dec  4 2023, 18:10:11) [Clang 15.0.0 (clang-1500.1.0.2.5)]" /><property name="fspath" value="tests/tools/test_intersect.py" /></properties><environment framework-version="3.6.2" clr-version="3.11.7 (main, Dec  4 2023, 18:10:11) [Clang 15.0.0 (clang-1500.1.0.2.5)]" os-version="23.3.0" platform="Darwin" cwd="/Users/ruud.wijtvliet/python/portfolyo" machine-name="arm64" user="" user-domain="" culture="en-US" uiculture="en-US" os-architecture="64bit" /><failure><message><![CDATA[]]></message><stack-trace><![CDATA[None]]></stack-trace></failure><reason><message><![CDATA[]]></message></reason><output><![CDATA[]]></output></test-case><test-case id="973" name="tests/tools/test_intersect.py::test_intersect_nooverlap[00:00-QS-fr-None]" fullname="tests/tools/test_intersect.py::test_intersect_nooverlap[00:00-QS-fr-None]" methodname="test_intersect_nooverlap[00:00-QS-fr-None]" classname="tests/tools/test_intersect.py" runstate="Runnable" seed="1" result="Passed" label="Test if intersection of non-overlapping indices gives correct result." start-time="2024-02-05 13:01:40.450757" end-time="2024-02-05 13:01:40.452624" duration="0.001867" asserts="0"><properties><property name="python-version" value="3.11.7 (main, Dec  4 2023, 18:10:11) [Clang 15.0.0 (clang-1500.1.0.2.5)]" /><property name="fspath" value="tests/tools/test_intersect.py" /></properties><environment framework-version="3.6.2" clr-version="3.11.7 (main, Dec  4 2023, 18:10:11) [Clang 15.0.0 (clang-1500.1.0.2.5)]" os-version="23.3.0" platform="Darwin" cwd="/Users/ruud.wijtvliet/python/portfolyo" machine-name="arm64" user="" user-domain="" culture="en-US" uiculture="en-US" os-architecture="64bit" /><failure><message><![CDATA[]]></message><stack-trace><![CDATA[None]]></stack-trace></failure><reason><message><![CDATA[]]></message></reason><output><![CDATA[]]></output></test-case><test-case id="974" name="tests/tools/test_intersect.py::test_intersect_nooverlap[00:00-QS-fr-Europe/Berlin]" fullname="tests/tools/test_intersect.py::test_intersect_nooverlap[00:00-QS-fr-Europe/Berlin]" methodname="test_intersect_nooverlap[00:00-QS-fr-Europe/Berlin]" classname="tests/tools/test_intersect.py" runstate="Runnable" seed="1" result="Passed" label="Test if intersection of non-overlapping indices gives correct result." start-time="2024-02-05 13:01:40.453019" end-time="2024-02-05 13:01:40.455167" duration="0.002148" asserts="0"><properties><property name="python-version" value="3.11.7 (main, Dec  4 2023, 18:10:11) [Clang 15.0.0 (clang-1500.1.0.2.5)]" /><property name="fspath" value="tests/tools/test_intersect.py" /></properties><environment framework-version="3.6.2" clr-version="3.11.7 (main, Dec  4 2023, 18:10:11) [Clang 15.0.0 (clang-1500.1.0.2.5)]" os-version="23.3.0" platform="Darwin" cwd="/Users/ruud.wijtvliet/python/portfolyo" machine-name="arm64" user="" user-domain="" culture="en-US" uiculture="en-US" os-architecture="64bit" /><failure><message><![CDATA[]]></message><stack-trace><![CDATA[None]]></stack-trace></failure><reason><message><![CDATA[]]></message></reason><output><![CDATA[]]></output></test-case><test-case id="975" name="tests/tools/test_intersect.py::test_intersect_nooverlap[00:00-QS-fr-Asia/Kolkata]" fullname="tests/tools/test_intersect.py::test_intersect_nooverlap[00:00-QS-fr-Asia/Kolkata]" methodname="test_intersect_nooverlap[00:00-QS-fr-Asia/Kolkata]" classname="tests/tools/test_intersect.py" runstate="Runnable" seed="1" result="Passed" label="Test if intersection of non-overlapping indices gives correct result." start-time="2024-02-05 13:01:40.455603" end-time="2024-02-05 13:01:40.457534" duration="0.001931" asserts="0"><properties><property name="python-version" value="3.11.7 (main, Dec  4 2023, 18:10:11) [Clang 15.0.0 (clang-1500.1.0.2.5)]" /><property name="fspath" value="tests/tools/test_intersect.py" /></properties><environment framework-version="3.6.2" clr-version="3.11.7 (main, Dec  4 2023, 18:10:11) [Clang 15.0.0 (clang-1500.1.0.2.5)]" os-version="23.3.0" platform="Darwin" cwd="/Users/ruud.wijtvliet/python/portfolyo" machine-name="arm64" user="" user-domain="" culture="en-US" uiculture="en-US" os-architecture="64bit" /><failure><message><![CDATA[]]></message><stack-trace><![CDATA[None]]></stack-trace></failure><reason><message><![CDATA[]]></message></reason><output><![CDATA[]]></output></test-case><test-case id="976" name="tests/tools/test_intersect.py::test_intersect_nooverlap[00:00-MS-idx-None]" fullname="tests/tools/test_intersect.py::test_intersect_nooverlap[00:00-MS-idx-None]" methodname="test_intersect_nooverlap[00:00-MS-idx-None]" classname="tests/tools/test_intersect.py" runstate="Runnable" seed="1" result="Passed" label="Test if intersection of non-overlapping indices gives correct result." start-time="2024-02-05 13:01:40.457940" end-time="2024-02-05 13:01:40.458666" duration="0.000726" asserts="0"><properties><property name="python-version" value="3.11.7 (main, Dec  4 2023, 18:10:11) [Clang 15.0.0 (clang-1500.1.0.2.5)]" /><property name="fspath" value="tests/tools/test_intersect.py" /></properties><environment framework-version="3.6.2" clr-version="3.11.7 (main, Dec  4 2023, 18:10:11) [Clang 15.0.0 (clang-1500.1.0.2.5)]" os-version="23.3.0" platform="Darwin" cwd="/Users/ruud.wijtvliet/python/portfolyo" machine-name="arm64" user="" user-domain="" culture="en-US" uiculture="en-US" os-architecture="64bit" /><failure><message><![CDATA[]]></message><stack-trace><![CDATA[None]]></stack-trace></failure><reason><message><![CDATA[]]></message></reason><output><![CDATA[]]></output></test-case><test-case id="977" name="tests/tools/test_intersect.py::test_intersect_nooverlap[00:00-MS-idx-Europe/Berlin]" fullname="tests/tools/test_intersect.py::test_intersect_nooverlap[00:00-MS-idx-Europe/Berlin]" methodname="test_intersect_nooverlap[00:00-MS-idx-Europe/Berlin]" classname="tests/tools/test_intersect.py" runstate="Runnable" seed="1" result="Passed" label="Test if intersection of non-overlapping indices gives correct result." start-time="2024-02-05 13:01:40.459067" end-time="2024-02-05 13:01:40.460106" duration="0.001039" asserts="0"><properties><property name="python-version" value="3.11.7 (main, Dec  4 2023, 18:10:11) [Clang 15.0.0 (clang-1500.1.0.2.5)]" /><property name="fspath" value="tests/tools/test_intersect.py" /></properties><environment framework-version="3.6.2" clr-version="3.11.7 (main, Dec  4 2023, 18:10:11) [Clang 15.0.0 (clang-1500.1.0.2.5)]" os-version="23.3.0" platform="Darwin" cwd="/Users/ruud.wijtvliet/python/portfolyo" machine-name="arm64" user="" user-domain="" culture="en-US" uiculture="en-US" os-architecture="64bit" /><failure><message><![CDATA[]]></message><stack-trace><![CDATA[None]]></stack-trace></failure><reason><message><![CDATA[]]></message></reason><output><![CDATA[]]></output></test-case><test-case id="978" name="tests/tools/test_intersect.py::test_intersect_nooverlap[00:00-MS-idx-Asia/Kolkata]" fullname="tests/tools/test_intersect.py::test_intersect_nooverlap[00:00-MS-idx-Asia/Kolkata]" methodname="test_intersect_nooverlap[00:00-MS-idx-Asia/Kolkata]" classname="tests/tools/test_intersect.py" runstate="Runnable" seed="1" result="Passed" label="Test if intersection of non-overlapping indices gives correct result." start-time="2024-02-05 13:01:40.460544" end-time="2024-02-05 13:01:40.461560" duration="0.001016" asserts="0"><properties><property name="python-version" value="3.11.7 (main, Dec  4 2023, 18:10:11) [Clang 15.0.0 (clang-1500.1.0.2.5)]" /><property name="fspath" value="tests/tools/test_intersect.py" /></properties><environment framework-version="3.6.2" clr-version="3.11.7 (main, Dec  4 2023, 18:10:11) [Clang 15.0.0 (clang-1500.1.0.2.5)]" os-version="23.3.0" platform="Darwin" cwd="/Users/ruud.wijtvliet/python/portfolyo" machine-name="arm64" user="" user-domain="" culture="en-US" uiculture="en-US" os-architecture="64bit" /><failure><message><![CDATA[]]></message><stack-trace><![CDATA[None]]></stack-trace></failure><reason><message><![CDATA[]]></message></reason><output><![CDATA[]]></output></test-case><test-case id="979" name="tests/tools/test_intersect.py::test_intersect_nooverlap[00:00-MS-fr-None]" fullname="tests/tools/test_intersect.py::test_intersect_nooverlap[00:00-MS-fr-None]" methodname="test_intersect_nooverlap[00:00-MS-fr-None]" classname="tests/tools/test_intersect.py" runstate="Runnable" seed="1" result="Passed" label="Test if intersection of non-overlapping indices gives correct result." start-time="2024-02-05 13:01:40.461962" end-time="2024-02-05 13:01:40.463896" duration="0.001934" asserts="0"><properties><property name="python-version" value="3.11.7 (main, Dec  4 2023, 18:10:11) [Clang 15.0.0 (clang-1500.1.0.2.5)]" /><property name="fspath" value="tests/tools/test_intersect.py" /></properties><environment framework-version="3.6.2" clr-version="3.11.7 (main, Dec  4 2023, 18:10:11) [Clang 15.0.0 (clang-1500.1.0.2.5)]" os-version="23.3.0" platform="Darwin" cwd="/Users/ruud.wijtvliet/python/portfolyo" machine-name="arm64" user="" user-domain="" culture="en-US" uiculture="en-US" os-architecture="64bit" /><failure><message><![CDATA[]]></message><stack-trace><![CDATA[None]]></stack-trace></failure><reason><message><![CDATA[]]></message></reason><output><![CDATA[]]></output></test-case><test-case id="980" name="tests/tools/test_intersect.py::test_intersect_nooverlap[00:00-MS-fr-Europe/Berlin]" fullname="tests/tools/test_intersect.py::test_intersect_nooverlap[00:00-MS-fr-Europe/Berlin]" methodname="test_intersect_nooverlap[00:00-MS-fr-Europe/Berlin]" classname="tests/tools/test_intersect.py" runstate="Runnable" seed="1" result="Passed" label="Test if intersection of non-overlapping indices gives correct result." start-time="2024-02-05 13:01:40.464314" end-time="2024-02-05 13:01:40.466697" duration="0.002383" asserts="0"><properties><property name="python-version" value="3.11.7 (main, Dec  4 2023, 18:10:11) [Clang 15.0.0 (clang-1500.1.0.2.5)]" /><property name="fspath" value="tests/tools/test_intersect.py" /></properties><environment framework-version="3.6.2" clr-version="3.11.7 (main, Dec  4 2023, 18:10:11) [Clang 15.0.0 (clang-1500.1.0.2.5)]" os-version="23.3.0" platform="Darwin" cwd="/Users/ruud.wijtvliet/python/portfolyo" machine-name="arm64" user="" user-domain="" culture="en-US" uiculture="en-US" os-architecture="64bit" /><failure><message><![CDATA[]]></message><stack-trace><![CDATA[None]]></stack-trace></failure><reason><message><![CDATA[]]></message></reason><output><![CDATA[]]></output></test-case><test-case id="981" name="tests/tools/test_intersect.py::test_intersect_nooverlap[00:00-MS-fr-Asia/Kolkata]" fullname="tests/tools/test_intersect.py::test_intersect_nooverlap[00:00-MS-fr-Asia/Kolkata]" methodname="test_intersect_nooverlap[00:00-MS-fr-Asia/Kolkata]" classname="tests/tools/test_intersect.py" runstate="Runnable" seed="1" result="Passed" label="Test if intersection of non-overlapping indices gives correct result." start-time="2024-02-05 13:01:40.467160" end-time="2024-02-05 13:01:40.469511" duration="0.002351" asserts="0"><properties><property name="python-version" value="3.11.7 (main, Dec  4 2023, 18:10:11) [Clang 15.0.0 (clang-1500.1.0.2.5)]" /><property name="fspath" value="tests/tools/test_intersect.py" /></properties><environment framework-version="3.6.2" clr-version="3.11.7 (main, Dec  4 2023, 18:10:11) [Clang 15.0.0 (clang-1500.1.0.2.5)]" os-version="23.3.0" platform="Darwin" cwd="/Users/ruud.wijtvliet/python/portfolyo" machine-name="arm64" user="" user-domain="" culture="en-US" uiculture="en-US" os-architecture="64bit" /><failure><message><![CDATA[]]></message><stack-trace><![CDATA[None]]></stack-trace></failure><reason><message><![CDATA[]]></message></reason><output><![CDATA[]]></output></test-case><test-case id="982" name="tests/tools/test_intersect.py::test_intersect_nooverlap[00:00-D-idx-None]" fullname="tests/tools/test_intersect.py::test_intersect_nooverlap[00:00-D-idx-None]" methodname="test_intersect_nooverlap[00:00-D-idx-None]" classname="tests/tools/test_intersect.py" runstate="Runnable" seed="1" result="Passed" label="Test if intersection of non-overlapping indices gives correct result." start-time="2024-02-05 13:01:40.469969" end-time="2024-02-05 13:01:40.471278" duration="0.001309" asserts="0"><properties><property name="python-version" value="3.11.7 (main, Dec  4 2023, 18:10:11) [Clang 15.0.0 (clang-1500.1.0.2.5)]" /><property name="fspath" value="tests/tools/test_intersect.py" /></properties><environment framework-version="3.6.2" clr-version="3.11.7 (main, Dec  4 2023, 18:10:11) [Clang 15.0.0 (clang-1500.1.0.2.5)]" os-version="23.3.0" platform="Darwin" cwd="/Users/ruud.wijtvliet/python/portfolyo" machine-name="arm64" user="" user-domain="" culture="en-US" uiculture="en-US" os-architecture="64bit" /><failure><message><![CDATA[]]></message><stack-trace><![CDATA[None]]></stack-trace></failure><reason><message><![CDATA[]]></message></reason><output><![CDATA[]]></output></test-case><test-case id="983" name="tests/tools/test_intersect.py::test_intersect_nooverlap[00:00-D-idx-Europe/Berlin]" fullname="tests/tools/test_intersect.py::test_intersect_nooverlap[00:00-D-idx-Europe/Berlin]" methodname="test_intersect_nooverlap[00:00-D-idx-Europe/Berlin]" classname="tests/tools/test_intersect.py" runstate="Runnable" seed="1" result="Passed" label="Test if intersection of non-overlapping indices gives correct result." start-time="2024-02-05 13:01:40.471711" end-time="2024-02-05 13:01:40.474161" duration="0.00245" asserts="0"><properties><property name="python-version" value="3.11.7 (main, Dec  4 2023, 18:10:11) [Clang 15.0.0 (clang-1500.1.0.2.5)]" /><property name="fspath" value="tests/tools/test_intersect.py" /></properties><environment framework-version="3.6.2" clr-version="3.11.7 (main, Dec  4 2023, 18:10:11) [Clang 15.0.0 (clang-1500.1.0.2.5)]" os-version="23.3.0" platform="Darwin" cwd="/Users/ruud.wijtvliet/python/portfolyo" machine-name="arm64" user="" user-domain="" culture="en-US" uiculture="en-US" os-architecture="64bit" /><failure><message><![CDATA[]]></message><stack-trace><![CDATA[None]]></stack-trace></failure><reason><message><![CDATA[]]></message></reason><output><![CDATA[]]></output></test-case><test-case id="984" name="tests/tools/test_intersect.py::test_intersect_nooverlap[00:00-D-idx-Asia/Kolkata]" fullname="tests/tools/test_intersect.py::test_intersect_nooverlap[00:00-D-idx-Asia/Kolkata]" methodname="test_intersect_nooverlap[00:00-D-idx-Asia/Kolkata]" classname="tests/tools/test_intersect.py" runstate="Runnable" seed="1" result="Passed" label="Test if intersection of non-overlapping indices gives correct result." start-time="2024-02-05 13:01:40.474584" end-time="2024-02-05 13:01:40.477226" duration="0.002642" asserts="0"><properties><property name="python-version" value="3.11.7 (main, Dec  4 2023, 18:10:11) [Clang 15.0.0 (clang-1500.1.0.2.5)]" /><property name="fspath" value="tests/tools/test_intersect.py" /></properties><environment framework-version="3.6.2" clr-version="3.11.7 (main, Dec  4 2023, 18:10:11) [Clang 15.0.0 (clang-1500.1.0.2.5)]" os-version="23.3.0" platform="Darwin" cwd="/Users/ruud.wijtvliet/python/portfolyo" machine-name="arm64" user="" user-domain="" culture="en-US" uiculture="en-US" os-architecture="64bit" /><failure><message><![CDATA[]]></message><stack-trace><![CDATA[None]]></stack-trace></failure><reason><message><![CDATA[]]></message></reason><output><![CDATA[]]></output></test-case><test-case id="985" name="tests/tools/test_intersect.py::test_intersect_nooverlap[00:00-D-fr-None]" fullname="tests/tools/test_intersect.py::test_intersect_nooverlap[00:00-D-fr-None]" methodname="test_intersect_nooverlap[00:00-D-fr-None]" classname="tests/tools/test_intersect.py" runstate="Runnable" seed="1" result="Passed" label="Test if intersection of non-overlapping indices gives correct result." start-time="2024-02-05 13:01:40.477667" end-time="2024-02-05 13:01:40.480139" duration="0.002472" asserts="0"><properties><property name="python-version" value="3.11.7 (main, Dec  4 2023, 18:10:11) [Clang 15.0.0 (clang-1500.1.0.2.5)]" /><property name="fspath" value="tests/tools/test_intersect.py" /></properties><environment framework-version="3.6.2" clr-version="3.11.7 (main, Dec  4 2023, 18:10:11) [Clang 15.0.0 (clang-1500.1.0.2.5)]" os-version="23.3.0" platform="Darwin" cwd="/Users/ruud.wijtvliet/python/portfolyo" machine-name="arm64" user="" user-domain="" culture="en-US" uiculture="en-US" os-architecture="64bit" /><failure><message><![CDATA[]]></message><stack-trace><![CDATA[None]]></stack-trace></failure><reason><message><![CDATA[]]></message></reason><output><![CDATA[]]></output></test-case><test-case id="986" name="tests/tools/test_intersect.py::test_intersect_nooverlap[00:00-D-fr-Europe/Berlin]" fullname="tests/tools/test_intersect.py::test_intersect_nooverlap[00:00-D-fr-Europe/Berlin]" methodname="test_intersect_nooverlap[00:00-D-fr-Europe/Berlin]" classname="tests/tools/test_intersect.py" runstate="Runnable" seed="1" result="Passed" label="Test if intersection of non-overlapping indices gives correct result." start-time="2024-02-05 13:01:40.480536" end-time="2024-02-05 13:01:40.484689" duration="0.004153" asserts="0"><properties><property name="python-version" value="3.11.7 (main, Dec  4 2023, 18:10:11) [Clang 15.0.0 (clang-1500.1.0.2.5)]" /><property name="fspath" value="tests/tools/test_intersect.py" /></properties><environment framework-version="3.6.2" clr-version="3.11.7 (main, Dec  4 2023, 18:10:11) [Clang 15.0.0 (clang-1500.1.0.2.5)]" os-version="23.3.0" platform="Darwin" cwd="/Users/ruud.wijtvliet/python/portfolyo" machine-name="arm64" user="" user-domain="" culture="en-US" uiculture="en-US" os-architecture="64bit" /><failure><message><![CDATA[]]></message><stack-trace><![CDATA[None]]></stack-trace></failure><reason><message><![CDATA[]]></message></reason><output><![CDATA[]]></output></test-case><test-case id="987" name="tests/tools/test_intersect.py::test_intersect_nooverlap[00:00-D-fr-Asia/Kolkata]" fullname="tests/tools/test_intersect.py::test_intersect_nooverlap[00:00-D-fr-Asia/Kolkata]" methodname="test_intersect_nooverlap[00:00-D-fr-Asia/Kolkata]" classname="tests/tools/test_intersect.py" runstate="Runnable" seed="1" result="Passed" label="Test if intersection of non-overlapping indices gives correct result." start-time="2024-02-05 13:01:40.485190" end-time="2024-02-05 13:01:40.488876" duration="0.003686" asserts="0"><properties><property name="python-version" value="3.11.7 (main, Dec  4 2023, 18:10:11) [Clang 15.0.0 (clang-1500.1.0.2.5)]" /><property name="fspath" value="tests/tools/test_intersect.py" /></properties><environment framework-version="3.6.2" clr-version="3.11.7 (main, Dec  4 2023, 18:10:11) [Clang 15.0.0 (clang-1500.1.0.2.5)]" os-version="23.3.0" platform="Darwin" cwd="/Users/ruud.wijtvliet/python/portfolyo" machine-name="arm64" user="" user-domain="" culture="en-US" uiculture="en-US" os-architecture="64bit" /><failure><message><![CDATA[]]></message><stack-trace><![CDATA[None]]></stack-trace></failure><reason><message><![CDATA[]]></message></reason><output><![CDATA[]]></output></test-case><test-case id="988" name="tests/tools/test_intersect.py::test_intersect_nooverlap[00:00-H-idx-None]" fullname="tests/tools/test_intersect.py::test_intersect_nooverlap[00:00-H-idx-None]" methodname="test_intersect_nooverlap[00:00-H-idx-None]" classname="tests/tools/test_intersect.py" runstate="Runnable" seed="1" result="Passed" label="Test if intersection of non-overlapping indices gives correct result." start-time="2024-02-05 13:01:40.489302" end-time="2024-02-05 13:01:40.530786" duration="0.041484" asserts="0"><properties><property name="python-version" value="3.11.7 (main, Dec  4 2023, 18:10:11) [Clang 15.0.0 (clang-1500.1.0.2.5)]" /><property name="fspath" value="tests/tools/test_intersect.py" /></properties><environment framework-version="3.6.2" clr-version="3.11.7 (main, Dec  4 2023, 18:10:11) [Clang 15.0.0 (clang-1500.1.0.2.5)]" os-version="23.3.0" platform="Darwin" cwd="/Users/ruud.wijtvliet/python/portfolyo" machine-name="arm64" user="" user-domain="" culture="en-US" uiculture="en-US" os-architecture="64bit" /><failure><message><![CDATA[]]></message><stack-trace><![CDATA[None]]></stack-trace></failure><reason><message><![CDATA[]]></message></reason><output><![CDATA[]]></output></test-case><test-case id="989" name="tests/tools/test_intersect.py::test_intersect_nooverlap[00:00-H-idx-Europe/Berlin]" fullname="tests/tools/test_intersect.py::test_intersect_nooverlap[00:00-H-idx-Europe/Berlin]" methodname="test_intersect_nooverlap[00:00-H-idx-Europe/Berlin]" classname="tests/tools/test_intersect.py" runstate="Runnable" seed="1" result="Passed" label="Test if intersection of non-overlapping indices gives correct result." start-time="2024-02-05 13:01:40.531447" end-time="2024-02-05 13:01:40.566328" duration="0.034881" asserts="0"><properties><property name="python-version" value="3.11.7 (main, Dec  4 2023, 18:10:11) [Clang 15.0.0 (clang-1500.1.0.2.5)]" /><property name="fspath" value="tests/tools/test_intersect.py" /></properties><environment framework-version="3.6.2" clr-version="3.11.7 (main, Dec  4 2023, 18:10:11) [Clang 15.0.0 (clang-1500.1.0.2.5)]" os-version="23.3.0" platform="Darwin" cwd="/Users/ruud.wijtvliet/python/portfolyo" machine-name="arm64" user="" user-domain="" culture="en-US" uiculture="en-US" os-architecture="64bit" /><failure><message><![CDATA[]]></message><stack-trace><![CDATA[None]]></stack-trace></failure><reason><message><![CDATA[]]></message></reason><output><![CDATA[]]></output></test-case><test-case id="990" name="tests/tools/test_intersect.py::test_intersect_nooverlap[00:00-H-idx-Asia/Kolkata]" fullname="tests/tools/test_intersect.py::test_intersect_nooverlap[00:00-H-idx-Asia/Kolkata]" methodname="test_intersect_nooverlap[00:00-H-idx-Asia/Kolkata]" classname="tests/tools/test_intersect.py" runstate="Runnable" seed="1" result="Passed" label="Test if intersection of non-overlapping indices gives correct result." start-time="2024-02-05 13:01:40.566912" end-time="2024-02-05 13:01:40.631743" duration="0.064831" asserts="0"><properties><property name="python-version" value="3.11.7 (main, Dec  4 2023, 18:10:11) [Clang 15.0.0 (clang-1500.1.0.2.5)]" /><property name="fspath" value="tests/tools/test_intersect.py" /></properties><environment framework-version="3.6.2" clr-version="3.11.7 (main, Dec  4 2023, 18:10:11) [Clang 15.0.0 (clang-1500.1.0.2.5)]" os-version="23.3.0" platform="Darwin" cwd="/Users/ruud.wijtvliet/python/portfolyo" machine-name="arm64" user="" user-domain="" culture="en-US" uiculture="en-US" os-architecture="64bit" /><failure><message><![CDATA[]]></message><stack-trace><![CDATA[None]]></stack-trace></failure><reason><message><![CDATA[]]></message></reason><output><![CDATA[]]></output></test-case><test-case id="991" name="tests/tools/test_intersect.py::test_intersect_nooverlap[00:00-H-fr-None]" fullname="tests/tools/test_intersect.py::test_intersect_nooverlap[00:00-H-fr-None]" methodname="test_intersect_nooverlap[00:00-H-fr-None]" classname="tests/tools/test_intersect.py" runstate="Runnable" seed="1" result="Passed" label="Test if intersection of non-overlapping indices gives correct result." start-time="2024-02-05 13:01:40.632398" end-time="2024-02-05 13:01:40.652292" duration="0.019894" asserts="0"><properties><property name="python-version" value="3.11.7 (main, Dec  4 2023, 18:10:11) [Clang 15.0.0 (clang-1500.1.0.2.5)]" /><property name="fspath" value="tests/tools/test_intersect.py" /></properties><environment framework-version="3.6.2" clr-version="3.11.7 (main, Dec  4 2023, 18:10:11) [Clang 15.0.0 (clang-1500.1.0.2.5)]" os-version="23.3.0" platform="Darwin" cwd="/Users/ruud.wijtvliet/python/portfolyo" machine-name="arm64" user="" user-domain="" culture="en-US" uiculture="en-US" os-architecture="64bit" /><failure><message><![CDATA[]]></message><stack-trace><![CDATA[None]]></stack-trace></failure><reason><message><![CDATA[]]></message></reason><output><![CDATA[]]></output></test-case><test-case id="992" name="tests/tools/test_intersect.py::test_intersect_nooverlap[00:00-H-fr-Europe/Berlin]" fullname="tests/tools/test_intersect.py::test_intersect_nooverlap[00:00-H-fr-Europe/Berlin]" methodname="test_intersect_nooverlap[00:00-H-fr-Europe/Berlin]" classname="tests/tools/test_intersect.py" runstate="Runnable" seed="1" result="Passed" label="Test if intersection of non-overlapping indices gives correct result." start-time="2024-02-05 13:01:40.652885" end-time="2024-02-05 13:01:40.688793" duration="0.035908" asserts="0"><properties><property name="python-version" value="3.11.7 (main, Dec  4 2023, 18:10:11) [Clang 15.0.0 (clang-1500.1.0.2.5)]" /><property name="fspath" value="tests/tools/test_intersect.py" /></properties><environment framework-version="3.6.2" clr-version="3.11.7 (main, Dec  4 2023, 18:10:11) [Clang 15.0.0 (clang-1500.1.0.2.5)]" os-version="23.3.0" platform="Darwin" cwd="/Users/ruud.wijtvliet/python/portfolyo" machine-name="arm64" user="" user-domain="" culture="en-US" uiculture="en-US" os-architecture="64bit" /><failure><message><![CDATA[]]></message><stack-trace><![CDATA[None]]></stack-trace></failure><reason><message><![CDATA[]]></message></reason><output><![CDATA[]]></output></test-case><test-case id="993" name="tests/tools/test_intersect.py::test_intersect_nooverlap[00:00-H-fr-Asia/Kolkata]" fullname="tests/tools/test_intersect.py::test_intersect_nooverlap[00:00-H-fr-Asia/Kolkata]" methodname="test_intersect_nooverlap[00:00-H-fr-Asia/Kolkata]" classname="tests/tools/test_intersect.py" runstate="Runnable" seed="1" result="Passed" label="Test if intersection of non-overlapping indices gives correct result." start-time="2024-02-05 13:01:40.689340" end-time="2024-02-05 13:01:40.751200" duration="0.06186" asserts="0"><properties><property name="python-version" value="3.11.7 (main, Dec  4 2023, 18:10:11) [Clang 15.0.0 (clang-1500.1.0.2.5)]" /><property name="fspath" value="tests/tools/test_intersect.py" /></properties><environment framework-version="3.6.2" clr-version="3.11.7 (main, Dec  4 2023, 18:10:11) [Clang 15.0.0 (clang-1500.1.0.2.5)]" os-version="23.3.0" platform="Darwin" cwd="/Users/ruud.wijtvliet/python/portfolyo" machine-name="arm64" user="" user-domain="" culture="en-US" uiculture="en-US" os-architecture="64bit" /><failure><message><![CDATA[]]></message><stack-trace><![CDATA[None]]></stack-trace></failure><reason><message><![CDATA[]]></message></reason><output><![CDATA[]]></output></test-case><test-case id="994" name="tests/tools/test_intersect.py::test_intersect_nooverlap[00:00-15T-idx-None]" fullname="tests/tools/test_intersect.py::test_intersect_nooverlap[00:00-15T-idx-None]" methodname="test_intersect_nooverlap[00:00-15T-idx-None]" classname="tests/tools/test_intersect.py" runstate="Runnable" seed="1" result="Passed" label="Test if intersection of non-overlapping indices gives correct result." start-time="2024-02-05 13:01:40.751818" end-time="2024-02-05 13:01:40.864386" duration="0.112568" asserts="0"><properties><property name="python-version" value="3.11.7 (main, Dec  4 2023, 18:10:11) [Clang 15.0.0 (clang-1500.1.0.2.5)]" /><property name="fspath" value="tests/tools/test_intersect.py" /></properties><environment framework-version="3.6.2" clr-version="3.11.7 (main, Dec  4 2023, 18:10:11) [Clang 15.0.0 (clang-1500.1.0.2.5)]" os-version="23.3.0" platform="Darwin" cwd="/Users/ruud.wijtvliet/python/portfolyo" machine-name="arm64" user="" user-domain="" culture="en-US" uiculture="en-US" os-architecture="64bit" /><failure><message><![CDATA[]]></message><stack-trace><![CDATA[None]]></stack-trace></failure><reason><message><![CDATA[]]></message></reason><output><![CDATA[]]></output></test-case><test-case id="995" name="tests/tools/test_intersect.py::test_intersect_nooverlap[00:00-15T-idx-Europe/Berlin]" fullname="tests/tools/test_intersect.py::test_intersect_nooverlap[00:00-15T-idx-Europe/Berlin]" methodname="test_intersect_nooverlap[00:00-15T-idx-Europe/Berlin]" classname="tests/tools/test_intersect.py" runstate="Runnable" seed="1" result="Passed" label="Test if intersection of non-overlapping indices gives correct result." start-time="2024-02-05 13:01:40.865023" end-time="2024-02-05 13:01:41.084206" duration="0.219183" asserts="0"><properties><property name="python-version" value="3.11.7 (main, Dec  4 2023, 18:10:11) [Clang 15.0.0 (clang-1500.1.0.2.5)]" /><property name="fspath" value="tests/tools/test_intersect.py" /></properties><environment framework-version="3.6.2" clr-version="3.11.7 (main, Dec  4 2023, 18:10:11) [Clang 15.0.0 (clang-1500.1.0.2.5)]" os-version="23.3.0" platform="Darwin" cwd="/Users/ruud.wijtvliet/python/portfolyo" machine-name="arm64" user="" user-domain="" culture="en-US" uiculture="en-US" os-architecture="64bit" /><failure><message><![CDATA[]]></message><stack-trace><![CDATA[None]]></stack-trace></failure><reason><message><![CDATA[]]></message></reason><output><![CDATA[]]></output></test-case><test-case id="996" name="tests/tools/test_intersect.py::test_intersect_nooverlap[00:00-15T-idx-Asia/Kolkata]" fullname="tests/tools/test_intersect.py::test_intersect_nooverlap[00:00-15T-idx-Asia/Kolkata]" methodname="test_intersect_nooverlap[00:00-15T-idx-Asia/Kolkata]" classname="tests/tools/test_intersect.py" runstate="Runnable" seed="1" result="Passed" label="Test if intersection of non-overlapping indices gives correct result." start-time="2024-02-05 13:01:41.084740" end-time="2024-02-05 13:01:41.263678" duration="0.178938" asserts="0"><properties><property name="python-version" value="3.11.7 (main, Dec  4 2023, 18:10:11) [Clang 15.0.0 (clang-1500.1.0.2.5)]" /><property name="fspath" value="tests/tools/test_intersect.py" /></properties><environment framework-version="3.6.2" clr-version="3.11.7 (main, Dec  4 2023, 18:10:11) [Clang 15.0.0 (clang-1500.1.0.2.5)]" os-version="23.3.0" platform="Darwin" cwd="/Users/ruud.wijtvliet/python/portfolyo" machine-name="arm64" user="" user-domain="" culture="en-US" uiculture="en-US" os-architecture="64bit" /><failure><message><![CDATA[]]></message><stack-trace><![CDATA[None]]></stack-trace></failure><reason><message><![CDATA[]]></message></reason><output><![CDATA[]]></output></test-case><test-case id="997" name="tests/tools/test_intersect.py::test_intersect_nooverlap[00:00-15T-fr-None]" fullname="tests/tools/test_intersect.py::test_intersect_nooverlap[00:00-15T-fr-None]" methodname="test_intersect_nooverlap[00:00-15T-fr-None]" classname="tests/tools/test_intersect.py" runstate="Runnable" seed="1" result="Passed" label="Test if intersection of non-overlapping indices gives correct result." start-time="2024-02-05 13:01:41.264411" end-time="2024-02-05 13:01:41.414593" duration="0.150182" asserts="0"><properties><property name="python-version" value="3.11.7 (main, Dec  4 2023, 18:10:11) [Clang 15.0.0 (clang-1500.1.0.2.5)]" /><property name="fspath" value="tests/tools/test_intersect.py" /></properties><environment framework-version="3.6.2" clr-version="3.11.7 (main, Dec  4 2023, 18:10:11) [Clang 15.0.0 (clang-1500.1.0.2.5)]" os-version="23.3.0" platform="Darwin" cwd="/Users/ruud.wijtvliet/python/portfolyo" machine-name="arm64" user="" user-domain="" culture="en-US" uiculture="en-US" os-architecture="64bit" /><failure><message><![CDATA[]]></message><stack-trace><![CDATA[None]]></stack-trace></failure><reason><message><![CDATA[]]></message></reason><output><![CDATA[]]></output></test-case><test-case id="998" name="tests/tools/test_intersect.py::test_intersect_nooverlap[00:00-15T-fr-Europe/Berlin]" fullname="tests/tools/test_intersect.py::test_intersect_nooverlap[00:00-15T-fr-Europe/Berlin]" methodname="test_intersect_nooverlap[00:00-15T-fr-Europe/Berlin]" classname="tests/tools/test_intersect.py" runstate="Runnable" seed="1" result="Passed" label="Test if intersection of non-overlapping indices gives correct result." start-time="2024-02-05 13:01:41.415080" end-time="2024-02-05 13:01:41.604441" duration="0.189361" asserts="0"><properties><property name="python-version" value="3.11.7 (main, Dec  4 2023, 18:10:11) [Clang 15.0.0 (clang-1500.1.0.2.5)]" /><property name="fspath" value="tests/tools/test_intersect.py" /></properties><environment framework-version="3.6.2" clr-version="3.11.7 (main, Dec  4 2023, 18:10:11) [Clang 15.0.0 (clang-1500.1.0.2.5)]" os-version="23.3.0" platform="Darwin" cwd="/Users/ruud.wijtvliet/python/portfolyo" machine-name="arm64" user="" user-domain="" culture="en-US" uiculture="en-US" os-architecture="64bit" /><failure><message><![CDATA[]]></message><stack-trace><![CDATA[None]]></stack-trace></failure><reason><message><![CDATA[]]></message></reason><output><![CDATA[]]></output></test-case><test-case id="999" name="tests/tools/test_intersect.py::test_intersect_nooverlap[00:00-15T-fr-Asia/Kolkata]" fullname="tests/tools/test_intersect.py::test_intersect_nooverlap[00:00-15T-fr-Asia/Kolkata]" methodname="test_intersect_nooverlap[00:00-15T-fr-Asia/Kolkata]" classname="tests/tools/test_intersect.py" runstate="Runnable" seed="1" result="Passed" label="Test if intersection of non-overlapping indices gives correct result." start-time="2024-02-05 13:01:41.604991" end-time="2024-02-05 13:01:41.819125" duration="0.214134" asserts="0"><properties><property name="python-version" value="3.11.7 (main, Dec  4 2023, 18:10:11) [Clang 15.0.0 (clang-1500.1.0.2.5)]" /><property name="fspath" value="tests/tools/test_intersect.py" /></properties><environment framework-version="3.6.2" clr-version="3.11.7 (main, Dec  4 2023, 18:10:11) [Clang 15.0.0 (clang-1500.1.0.2.5)]" os-version="23.3.0" platform="Darwin" cwd="/Users/ruud.wijtvliet/python/portfolyo" machine-name="arm64" user="" user-domain="" culture="en-US" uiculture="en-US" os-architecture="64bit" /><failure><message><![CDATA[]]></message><stack-trace><![CDATA[None]]></stack-trace></failure><reason><message><![CDATA[]]></message></reason><output><![CDATA[]]></output></test-case><test-case id="1000" name="tests/tools/test_intersect.py::test_intersect_nooverlap[06:00-AS-idx-None]" fullname="tests/tools/test_intersect.py::test_intersect_nooverlap[06:00-AS-idx-None]" methodname="test_intersect_nooverlap[06:00-AS-idx-None]" classname="tests/tools/test_intersect.py" runstate="Runnable" seed="1" result="Passed" label="Test if intersection of non-overlapping indices gives correct result." start-time="2024-02-05 13:01:41.819755" end-time="2024-02-05 13:01:41.820700" duration="0.000945" asserts="0"><properties><property name="python-version" value="3.11.7 (main, Dec  4 2023, 18:10:11) [Clang 15.0.0 (clang-1500.1.0.2.5)]" /><property name="fspath" value="tests/tools/test_intersect.py" /></properties><environment framework-version="3.6.2" clr-version="3.11.7 (main, Dec  4 2023, 18:10:11) [Clang 15.0.0 (clang-1500.1.0.2.5)]" os-version="23.3.0" platform="Darwin" cwd="/Users/ruud.wijtvliet/python/portfolyo" machine-name="arm64" user="" user-domain="" culture="en-US" uiculture="en-US" os-architecture="64bit" /><failure><message><![CDATA[]]></message><stack-trace><![CDATA[None]]></stack-trace></failure><reason><message><![CDATA[]]></message></reason><output><![CDATA[]]></output></test-case><test-case id="1001" name="tests/tools/test_intersect.py::test_intersect_nooverlap[06:00-AS-idx-Europe/Berlin]" fullname="tests/tools/test_intersect.py::test_intersect_nooverlap[06:00-AS-idx-Europe/Berlin]" methodname="test_intersect_nooverlap[06:00-AS-idx-Europe/Berlin]" classname="tests/tools/test_intersect.py" runstate="Runnable" seed="1" result="Passed" label="Test if intersection of non-overlapping indices gives correct result." start-time="2024-02-05 13:01:41.821209" end-time="2024-02-05 13:01:41.822070" duration="0.000861" asserts="0"><properties><property name="python-version" value="3.11.7 (main, Dec  4 2023, 18:10:11) [Clang 15.0.0 (clang-1500.1.0.2.5)]" /><property name="fspath" value="tests/tools/test_intersect.py" /></properties><environment framework-version="3.6.2" clr-version="3.11.7 (main, Dec  4 2023, 18:10:11) [Clang 15.0.0 (clang-1500.1.0.2.5)]" os-version="23.3.0" platform="Darwin" cwd="/Users/ruud.wijtvliet/python/portfolyo" machine-name="arm64" user="" user-domain="" culture="en-US" uiculture="en-US" os-architecture="64bit" /><failure><message><![CDATA[]]></message><stack-trace><![CDATA[None]]></stack-trace></failure><reason><message><![CDATA[]]></message></reason><output><![CDATA[]]></output></test-case><test-case id="1002" name="tests/tools/test_intersect.py::test_intersect_nooverlap[06:00-AS-idx-Asia/Kolkata]" fullname="tests/tools/test_intersect.py::test_intersect_nooverlap[06:00-AS-idx-Asia/Kolkata]" methodname="test_intersect_nooverlap[06:00-AS-idx-Asia/Kolkata]" classname="tests/tools/test_intersect.py" runstate="Runnable" seed="1" result="Passed" label="Test if intersection of non-overlapping indices gives correct result." start-time="2024-02-05 13:01:41.822515" end-time="2024-02-05 13:01:41.823341" duration="0.000826" asserts="0"><properties><property name="python-version" value="3.11.7 (main, Dec  4 2023, 18:10:11) [Clang 15.0.0 (clang-1500.1.0.2.5)]" /><property name="fspath" value="tests/tools/test_intersect.py" /></properties><environment framework-version="3.6.2" clr-version="3.11.7 (main, Dec  4 2023, 18:10:11) [Clang 15.0.0 (clang-1500.1.0.2.5)]" os-version="23.3.0" platform="Darwin" cwd="/Users/ruud.wijtvliet/python/portfolyo" machine-name="arm64" user="" user-domain="" culture="en-US" uiculture="en-US" os-architecture="64bit" /><failure><message><![CDATA[]]></message><stack-trace><![CDATA[None]]></stack-trace></failure><reason><message><![CDATA[]]></message></reason><output><![CDATA[]]></output></test-case><test-case id="1003" name="tests/tools/test_intersect.py::test_intersect_nooverlap[06:00-AS-fr-None]" fullname="tests/tools/test_intersect.py::test_intersect_nooverlap[06:00-AS-fr-None]" methodname="test_intersect_nooverlap[06:00-AS-fr-None]" classname="tests/tools/test_intersect.py" runstate="Runnable" seed="1" result="Passed" label="Test if intersection of non-overlapping indices gives correct result." start-time="2024-02-05 13:01:41.823895" end-time="2024-02-05 13:01:41.825933" duration="0.002038" asserts="0"><properties><property name="python-version" value="3.11.7 (main, Dec  4 2023, 18:10:11) [Clang 15.0.0 (clang-1500.1.0.2.5)]" /><property name="fspath" value="tests/tools/test_intersect.py" /></properties><environment framework-version="3.6.2" clr-version="3.11.7 (main, Dec  4 2023, 18:10:11) [Clang 15.0.0 (clang-1500.1.0.2.5)]" os-version="23.3.0" platform="Darwin" cwd="/Users/ruud.wijtvliet/python/portfolyo" machine-name="arm64" user="" user-domain="" culture="en-US" uiculture="en-US" os-architecture="64bit" /><failure><message><![CDATA[]]></message><stack-trace><![CDATA[None]]></stack-trace></failure><reason><message><![CDATA[]]></message></reason><output><![CDATA[]]></output></test-case><test-case id="1004" name="tests/tools/test_intersect.py::test_intersect_nooverlap[06:00-AS-fr-Europe/Berlin]" fullname="tests/tools/test_intersect.py::test_intersect_nooverlap[06:00-AS-fr-Europe/Berlin]" methodname="test_intersect_nooverlap[06:00-AS-fr-Europe/Berlin]" classname="tests/tools/test_intersect.py" runstate="Runnable" seed="1" result="Passed" label="Test if intersection of non-overlapping indices gives correct result." start-time="2024-02-05 13:01:41.826329" end-time="2024-02-05 13:01:41.828251" duration="0.001922" asserts="0"><properties><property name="python-version" value="3.11.7 (main, Dec  4 2023, 18:10:11) [Clang 15.0.0 (clang-1500.1.0.2.5)]" /><property name="fspath" value="tests/tools/test_intersect.py" /></properties><environment framework-version="3.6.2" clr-version="3.11.7 (main, Dec  4 2023, 18:10:11) [Clang 15.0.0 (clang-1500.1.0.2.5)]" os-version="23.3.0" platform="Darwin" cwd="/Users/ruud.wijtvliet/python/portfolyo" machine-name="arm64" user="" user-domain="" culture="en-US" uiculture="en-US" os-architecture="64bit" /><failure><message><![CDATA[]]></message><stack-trace><![CDATA[None]]></stack-trace></failure><reason><message><![CDATA[]]></message></reason><output><![CDATA[]]></output></test-case><test-case id="1005" name="tests/tools/test_intersect.py::test_intersect_nooverlap[06:00-AS-fr-Asia/Kolkata]" fullname="tests/tools/test_intersect.py::test_intersect_nooverlap[06:00-AS-fr-Asia/Kolkata]" methodname="test_intersect_nooverlap[06:00-AS-fr-Asia/Kolkata]" classname="tests/tools/test_intersect.py" runstate="Runnable" seed="1" result="Passed" label="Test if intersection of non-overlapping indices gives correct result." start-time="2024-02-05 13:01:41.828646" end-time="2024-02-05 13:01:41.830411" duration="0.001765" asserts="0"><properties><property name="python-version" value="3.11.7 (main, Dec  4 2023, 18:10:11) [Clang 15.0.0 (clang-1500.1.0.2.5)]" /><property name="fspath" value="tests/tools/test_intersect.py" /></properties><environment framework-version="3.6.2" clr-version="3.11.7 (main, Dec  4 2023, 18:10:11) [Clang 15.0.0 (clang-1500.1.0.2.5)]" os-version="23.3.0" platform="Darwin" cwd="/Users/ruud.wijtvliet/python/portfolyo" machine-name="arm64" user="" user-domain="" culture="en-US" uiculture="en-US" os-architecture="64bit" /><failure><message><![CDATA[]]></message><stack-trace><![CDATA[None]]></stack-trace></failure><reason><message><![CDATA[]]></message></reason><output><![CDATA[]]></output></test-case><test-case id="1006" name="tests/tools/test_intersect.py::test_intersect_nooverlap[06:00-QS-idx-None]" fullname="tests/tools/test_intersect.py::test_intersect_nooverlap[06:00-QS-idx-None]" methodname="test_intersect_nooverlap[06:00-QS-idx-None]" classname="tests/tools/test_intersect.py" runstate="Runnable" seed="1" result="Passed" label="Test if intersection of non-overlapping indices gives correct result." start-time="2024-02-05 13:01:41.830818" end-time="2024-02-05 13:01:41.831553" duration="0.000735" asserts="0"><properties><property name="python-version" value="3.11.7 (main, Dec  4 2023, 18:10:11) [Clang 15.0.0 (clang-1500.1.0.2.5)]" /><property name="fspath" value="tests/tools/test_intersect.py" /></properties><environment framework-version="3.6.2" clr-version="3.11.7 (main, Dec  4 2023, 18:10:11) [Clang 15.0.0 (clang-1500.1.0.2.5)]" os-version="23.3.0" platform="Darwin" cwd="/Users/ruud.wijtvliet/python/portfolyo" machine-name="arm64" user="" user-domain="" culture="en-US" uiculture="en-US" os-architecture="64bit" /><failure><message><![CDATA[]]></message><stack-trace><![CDATA[None]]></stack-trace></failure><reason><message><![CDATA[]]></message></reason><output><![CDATA[]]></output></test-case><test-case id="1007" name="tests/tools/test_intersect.py::test_intersect_nooverlap[06:00-QS-idx-Europe/Berlin]" fullname="tests/tools/test_intersect.py::test_intersect_nooverlap[06:00-QS-idx-Europe/Berlin]" methodname="test_intersect_nooverlap[06:00-QS-idx-Europe/Berlin]" classname="tests/tools/test_intersect.py" runstate="Runnable" seed="1" result="Passed" label="Test if intersection of non-overlapping indices gives correct result." start-time="2024-02-05 13:01:41.832093" end-time="2024-02-05 13:01:41.833026" duration="0.000933" asserts="0"><properties><property name="python-version" value="3.11.7 (main, Dec  4 2023, 18:10:11) [Clang 15.0.0 (clang-1500.1.0.2.5)]" /><property name="fspath" value="tests/tools/test_intersect.py" /></properties><environment framework-version="3.6.2" clr-version="3.11.7 (main, Dec  4 2023, 18:10:11) [Clang 15.0.0 (clang-1500.1.0.2.5)]" os-version="23.3.0" platform="Darwin" cwd="/Users/ruud.wijtvliet/python/portfolyo" machine-name="arm64" user="" user-domain="" culture="en-US" uiculture="en-US" os-architecture="64bit" /><failure><message><![CDATA[]]></message><stack-trace><![CDATA[None]]></stack-trace></failure><reason><message><![CDATA[]]></message></reason><output><![CDATA[]]></output></test-case><test-case id="1008" name="tests/tools/test_intersect.py::test_intersect_nooverlap[06:00-QS-idx-Asia/Kolkata]" fullname="tests/tools/test_intersect.py::test_intersect_nooverlap[06:00-QS-idx-Asia/Kolkata]" methodname="test_intersect_nooverlap[06:00-QS-idx-Asia/Kolkata]" classname="tests/tools/test_intersect.py" runstate="Runnable" seed="1" result="Passed" label="Test if intersection of non-overlapping indices gives correct result." start-time="2024-02-05 13:01:41.833441" end-time="2024-02-05 13:01:41.834148" duration="0.000707" asserts="0"><properties><property name="python-version" value="3.11.7 (main, Dec  4 2023, 18:10:11) [Clang 15.0.0 (clang-1500.1.0.2.5)]" /><property name="fspath" value="tests/tools/test_intersect.py" /></properties><environment framework-version="3.6.2" clr-version="3.11.7 (main, Dec  4 2023, 18:10:11) [Clang 15.0.0 (clang-1500.1.0.2.5)]" os-version="23.3.0" platform="Darwin" cwd="/Users/ruud.wijtvliet/python/portfolyo" machine-name="arm64" user="" user-domain="" culture="en-US" uiculture="en-US" os-architecture="64bit" /><failure><message><![CDATA[]]></message><stack-trace><![CDATA[None]]></stack-trace></failure><reason><message><![CDATA[]]></message></reason><output><![CDATA[]]></output></test-case><test-case id="1009" name="tests/tools/test_intersect.py::test_intersect_nooverlap[06:00-QS-fr-None]" fullname="tests/tools/test_intersect.py::test_intersect_nooverlap[06:00-QS-fr-None]" methodname="test_intersect_nooverlap[06:00-QS-fr-None]" classname="tests/tools/test_intersect.py" runstate="Runnable" seed="1" result="Passed" label="Test if intersection of non-overlapping indices gives correct result." start-time="2024-02-05 13:01:41.834544" end-time="2024-02-05 13:01:41.836679" duration="0.002135" asserts="0"><properties><property name="python-version" value="3.11.7 (main, Dec  4 2023, 18:10:11) [Clang 15.0.0 (clang-1500.1.0.2.5)]" /><property name="fspath" value="tests/tools/test_intersect.py" /></properties><environment framework-version="3.6.2" clr-version="3.11.7 (main, Dec  4 2023, 18:10:11) [Clang 15.0.0 (clang-1500.1.0.2.5)]" os-version="23.3.0" platform="Darwin" cwd="/Users/ruud.wijtvliet/python/portfolyo" machine-name="arm64" user="" user-domain="" culture="en-US" uiculture="en-US" os-architecture="64bit" /><failure><message><![CDATA[]]></message><stack-trace><![CDATA[None]]></stack-trace></failure><reason><message><![CDATA[]]></message></reason><output><![CDATA[]]></output></test-case><test-case id="1010" name="tests/tools/test_intersect.py::test_intersect_nooverlap[06:00-QS-fr-Europe/Berlin]" fullname="tests/tools/test_intersect.py::test_intersect_nooverlap[06:00-QS-fr-Europe/Berlin]" methodname="test_intersect_nooverlap[06:00-QS-fr-Europe/Berlin]" classname="tests/tools/test_intersect.py" runstate="Runnable" seed="1" result="Passed" label="Test if intersection of non-overlapping indices gives correct result." start-time="2024-02-05 13:01:41.837168" end-time="2024-02-05 13:01:41.839606" duration="0.002438" asserts="0"><properties><property name="python-version" value="3.11.7 (main, Dec  4 2023, 18:10:11) [Clang 15.0.0 (clang-1500.1.0.2.5)]" /><property name="fspath" value="tests/tools/test_intersect.py" /></properties><environment framework-version="3.6.2" clr-version="3.11.7 (main, Dec  4 2023, 18:10:11) [Clang 15.0.0 (clang-1500.1.0.2.5)]" os-version="23.3.0" platform="Darwin" cwd="/Users/ruud.wijtvliet/python/portfolyo" machine-name="arm64" user="" user-domain="" culture="en-US" uiculture="en-US" os-architecture="64bit" /><failure><message><![CDATA[]]></message><stack-trace><![CDATA[None]]></stack-trace></failure><reason><message><![CDATA[]]></message></reason><output><![CDATA[]]></output></test-case><test-case id="1011" name="tests/tools/test_intersect.py::test_intersect_nooverlap[06:00-QS-fr-Asia/Kolkata]" fullname="tests/tools/test_intersect.py::test_intersect_nooverlap[06:00-QS-fr-Asia/Kolkata]" methodname="test_intersect_nooverlap[06:00-QS-fr-Asia/Kolkata]" classname="tests/tools/test_intersect.py" runstate="Runnable" seed="1" result="Passed" label="Test if intersection of non-overlapping indices gives correct result." start-time="2024-02-05 13:01:41.840051" end-time="2024-02-05 13:01:41.842030" duration="0.001979" asserts="0"><properties><property name="python-version" value="3.11.7 (main, Dec  4 2023, 18:10:11) [Clang 15.0.0 (clang-1500.1.0.2.5)]" /><property name="fspath" value="tests/tools/test_intersect.py" /></properties><environment framework-version="3.6.2" clr-version="3.11.7 (main, Dec  4 2023, 18:10:11) [Clang 15.0.0 (clang-1500.1.0.2.5)]" os-version="23.3.0" platform="Darwin" cwd="/Users/ruud.wijtvliet/python/portfolyo" machine-name="arm64" user="" user-domain="" culture="en-US" uiculture="en-US" os-architecture="64bit" /><failure><message><![CDATA[]]></message><stack-trace><![CDATA[None]]></stack-trace></failure><reason><message><![CDATA[]]></message></reason><output><![CDATA[]]></output></test-case><test-case id="1012" name="tests/tools/test_intersect.py::test_intersect_nooverlap[06:00-MS-idx-None]" fullname="tests/tools/test_intersect.py::test_intersect_nooverlap[06:00-MS-idx-None]" methodname="test_intersect_nooverlap[06:00-MS-idx-None]" classname="tests/tools/test_intersect.py" runstate="Runnable" seed="1" result="Passed" label="Test if intersection of non-overlapping indices gives correct result." start-time="2024-02-05 13:01:41.842438" end-time="2024-02-05 13:01:41.843244" duration="0.000806" asserts="0"><properties><property name="python-version" value="3.11.7 (main, Dec  4 2023, 18:10:11) [Clang 15.0.0 (clang-1500.1.0.2.5)]" /><property name="fspath" value="tests/tools/test_intersect.py" /></properties><environment framework-version="3.6.2" clr-version="3.11.7 (main, Dec  4 2023, 18:10:11) [Clang 15.0.0 (clang-1500.1.0.2.5)]" os-version="23.3.0" platform="Darwin" cwd="/Users/ruud.wijtvliet/python/portfolyo" machine-name="arm64" user="" user-domain="" culture="en-US" uiculture="en-US" os-architecture="64bit" /><failure><message><![CDATA[]]></message><stack-trace><![CDATA[None]]></stack-trace></failure><reason><message><![CDATA[]]></message></reason><output><![CDATA[]]></output></test-case><test-case id="1013" name="tests/tools/test_intersect.py::test_intersect_nooverlap[06:00-MS-idx-Europe/Berlin]" fullname="tests/tools/test_intersect.py::test_intersect_nooverlap[06:00-MS-idx-Europe/Berlin]" methodname="test_intersect_nooverlap[06:00-MS-idx-Europe/Berlin]" classname="tests/tools/test_intersect.py" runstate="Runnable" seed="1" result="Passed" label="Test if intersection of non-overlapping indices gives correct result." start-time="2024-02-05 13:01:41.843641" end-time="2024-02-05 13:01:41.844698" duration="0.001057" asserts="0"><properties><property name="python-version" value="3.11.7 (main, Dec  4 2023, 18:10:11) [Clang 15.0.0 (clang-1500.1.0.2.5)]" /><property name="fspath" value="tests/tools/test_intersect.py" /></properties><environment framework-version="3.6.2" clr-version="3.11.7 (main, Dec  4 2023, 18:10:11) [Clang 15.0.0 (clang-1500.1.0.2.5)]" os-version="23.3.0" platform="Darwin" cwd="/Users/ruud.wijtvliet/python/portfolyo" machine-name="arm64" user="" user-domain="" culture="en-US" uiculture="en-US" os-architecture="64bit" /><failure><message><![CDATA[]]></message><stack-trace><![CDATA[None]]></stack-trace></failure><reason><message><![CDATA[]]></message></reason><output><![CDATA[]]></output></test-case><test-case id="1014" name="tests/tools/test_intersect.py::test_intersect_nooverlap[06:00-MS-idx-Asia/Kolkata]" fullname="tests/tools/test_intersect.py::test_intersect_nooverlap[06:00-MS-idx-Asia/Kolkata]" methodname="test_intersect_nooverlap[06:00-MS-idx-Asia/Kolkata]" classname="tests/tools/test_intersect.py" runstate="Runnable" seed="1" result="Passed" label="Test if intersection of non-overlapping indices gives correct result." start-time="2024-02-05 13:01:41.845098" end-time="2024-02-05 13:01:41.846059" duration="0.000961" asserts="0"><properties><property name="python-version" value="3.11.7 (main, Dec  4 2023, 18:10:11) [Clang 15.0.0 (clang-1500.1.0.2.5)]" /><property name="fspath" value="tests/tools/test_intersect.py" /></properties><environment framework-version="3.6.2" clr-version="3.11.7 (main, Dec  4 2023, 18:10:11) [Clang 15.0.0 (clang-1500.1.0.2.5)]" os-version="23.3.0" platform="Darwin" cwd="/Users/ruud.wijtvliet/python/portfolyo" machine-name="arm64" user="" user-domain="" culture="en-US" uiculture="en-US" os-architecture="64bit" /><failure><message><![CDATA[]]></message><stack-trace><![CDATA[None]]></stack-trace></failure><reason><message><![CDATA[]]></message></reason><output><![CDATA[]]></output></test-case><test-case id="1015" name="tests/tools/test_intersect.py::test_intersect_nooverlap[06:00-MS-fr-None]" fullname="tests/tools/test_intersect.py::test_intersect_nooverlap[06:00-MS-fr-None]" methodname="test_intersect_nooverlap[06:00-MS-fr-None]" classname="tests/tools/test_intersect.py" runstate="Runnable" seed="1" result="Passed" label="Test if intersection of non-overlapping indices gives correct result." start-time="2024-02-05 13:01:41.846438" end-time="2024-02-05 13:01:41.848326" duration="0.001888" asserts="0"><properties><property name="python-version" value="3.11.7 (main, Dec  4 2023, 18:10:11) [Clang 15.0.0 (clang-1500.1.0.2.5)]" /><property name="fspath" value="tests/tools/test_intersect.py" /></properties><environment framework-version="3.6.2" clr-version="3.11.7 (main, Dec  4 2023, 18:10:11) [Clang 15.0.0 (clang-1500.1.0.2.5)]" os-version="23.3.0" platform="Darwin" cwd="/Users/ruud.wijtvliet/python/portfolyo" machine-name="arm64" user="" user-domain="" culture="en-US" uiculture="en-US" os-architecture="64bit" /><failure><message><![CDATA[]]></message><stack-trace><![CDATA[None]]></stack-trace></failure><reason><message><![CDATA[]]></message></reason><output><![CDATA[]]></output></test-case><test-case id="1016" name="tests/tools/test_intersect.py::test_intersect_nooverlap[06:00-MS-fr-Europe/Berlin]" fullname="tests/tools/test_intersect.py::test_intersect_nooverlap[06:00-MS-fr-Europe/Berlin]" methodname="test_intersect_nooverlap[06:00-MS-fr-Europe/Berlin]" classname="tests/tools/test_intersect.py" runstate="Runnable" seed="1" result="Passed" label="Test if intersection of non-overlapping indices gives correct result." start-time="2024-02-05 13:01:41.848717" end-time="2024-02-05 13:01:41.850860" duration="0.002143" asserts="0"><properties><property name="python-version" value="3.11.7 (main, Dec  4 2023, 18:10:11) [Clang 15.0.0 (clang-1500.1.0.2.5)]" /><property name="fspath" value="tests/tools/test_intersect.py" /></properties><environment framework-version="3.6.2" clr-version="3.11.7 (main, Dec  4 2023, 18:10:11) [Clang 15.0.0 (clang-1500.1.0.2.5)]" os-version="23.3.0" platform="Darwin" cwd="/Users/ruud.wijtvliet/python/portfolyo" machine-name="arm64" user="" user-domain="" culture="en-US" uiculture="en-US" os-architecture="64bit" /><failure><message><![CDATA[]]></message><stack-trace><![CDATA[None]]></stack-trace></failure><reason><message><![CDATA[]]></message></reason><output><![CDATA[]]></output></test-case><test-case id="1017" name="tests/tools/test_intersect.py::test_intersect_nooverlap[06:00-MS-fr-Asia/Kolkata]" fullname="tests/tools/test_intersect.py::test_intersect_nooverlap[06:00-MS-fr-Asia/Kolkata]" methodname="test_intersect_nooverlap[06:00-MS-fr-Asia/Kolkata]" classname="tests/tools/test_intersect.py" runstate="Runnable" seed="1" result="Passed" label="Test if intersection of non-overlapping indices gives correct result." start-time="2024-02-05 13:01:41.851257" end-time="2024-02-05 13:01:41.853366" duration="0.002109" asserts="0"><properties><property name="python-version" value="3.11.7 (main, Dec  4 2023, 18:10:11) [Clang 15.0.0 (clang-1500.1.0.2.5)]" /><property name="fspath" value="tests/tools/test_intersect.py" /></properties><environment framework-version="3.6.2" clr-version="3.11.7 (main, Dec  4 2023, 18:10:11) [Clang 15.0.0 (clang-1500.1.0.2.5)]" os-version="23.3.0" platform="Darwin" cwd="/Users/ruud.wijtvliet/python/portfolyo" machine-name="arm64" user="" user-domain="" culture="en-US" uiculture="en-US" os-architecture="64bit" /><failure><message><![CDATA[]]></message><stack-trace><![CDATA[None]]></stack-trace></failure><reason><message><![CDATA[]]></message></reason><output><![CDATA[]]></output></test-case><test-case id="1018" name="tests/tools/test_intersect.py::test_intersect_nooverlap[06:00-D-idx-None]" fullname="tests/tools/test_intersect.py::test_intersect_nooverlap[06:00-D-idx-None]" methodname="test_intersect_nooverlap[06:00-D-idx-None]" classname="tests/tools/test_intersect.py" runstate="Runnable" seed="1" result="Passed" label="Test if intersection of non-overlapping indices gives correct result." start-time="2024-02-05 13:01:41.853755" end-time="2024-02-05 13:01:41.855163" duration="0.001408" asserts="0"><properties><property name="python-version" value="3.11.7 (main, Dec  4 2023, 18:10:11) [Clang 15.0.0 (clang-1500.1.0.2.5)]" /><property name="fspath" value="tests/tools/test_intersect.py" /></properties><environment framework-version="3.6.2" clr-version="3.11.7 (main, Dec  4 2023, 18:10:11) [Clang 15.0.0 (clang-1500.1.0.2.5)]" os-version="23.3.0" platform="Darwin" cwd="/Users/ruud.wijtvliet/python/portfolyo" machine-name="arm64" user="" user-domain="" culture="en-US" uiculture="en-US" os-architecture="64bit" /><failure><message><![CDATA[]]></message><stack-trace><![CDATA[None]]></stack-trace></failure><reason><message><![CDATA[]]></message></reason><output><![CDATA[]]></output></test-case><test-case id="1019" name="tests/tools/test_intersect.py::test_intersect_nooverlap[06:00-D-idx-Europe/Berlin]" fullname="tests/tools/test_intersect.py::test_intersect_nooverlap[06:00-D-idx-Europe/Berlin]" methodname="test_intersect_nooverlap[06:00-D-idx-Europe/Berlin]" classname="tests/tools/test_intersect.py" runstate="Runnable" seed="1" result="Passed" label="Test if intersection of non-overlapping indices gives correct result." start-time="2024-02-05 13:01:41.855609" end-time="2024-02-05 13:01:41.858099" duration="0.00249" asserts="0"><properties><property name="python-version" value="3.11.7 (main, Dec  4 2023, 18:10:11) [Clang 15.0.0 (clang-1500.1.0.2.5)]" /><property name="fspath" value="tests/tools/test_intersect.py" /></properties><environment framework-version="3.6.2" clr-version="3.11.7 (main, Dec  4 2023, 18:10:11) [Clang 15.0.0 (clang-1500.1.0.2.5)]" os-version="23.3.0" platform="Darwin" cwd="/Users/ruud.wijtvliet/python/portfolyo" machine-name="arm64" user="" user-domain="" culture="en-US" uiculture="en-US" os-architecture="64bit" /><failure><message><![CDATA[]]></message><stack-trace><![CDATA[None]]></stack-trace></failure><reason><message><![CDATA[]]></message></reason><output><![CDATA[]]></output></test-case><test-case id="1020" name="tests/tools/test_intersect.py::test_intersect_nooverlap[06:00-D-idx-Asia/Kolkata]" fullname="tests/tools/test_intersect.py::test_intersect_nooverlap[06:00-D-idx-Asia/Kolkata]" methodname="test_intersect_nooverlap[06:00-D-idx-Asia/Kolkata]" classname="tests/tools/test_intersect.py" runstate="Runnable" seed="1" result="Passed" label="Test if intersection of non-overlapping indices gives correct result." start-time="2024-02-05 13:01:41.858527" end-time="2024-02-05 13:01:41.860788" duration="0.002261" asserts="0"><properties><property name="python-version" value="3.11.7 (main, Dec  4 2023, 18:10:11) [Clang 15.0.0 (clang-1500.1.0.2.5)]" /><property name="fspath" value="tests/tools/test_intersect.py" /></properties><environment framework-version="3.6.2" clr-version="3.11.7 (main, Dec  4 2023, 18:10:11) [Clang 15.0.0 (clang-1500.1.0.2.5)]" os-version="23.3.0" platform="Darwin" cwd="/Users/ruud.wijtvliet/python/portfolyo" machine-name="arm64" user="" user-domain="" culture="en-US" uiculture="en-US" os-architecture="64bit" /><failure><message><![CDATA[]]></message><stack-trace><![CDATA[None]]></stack-trace></failure><reason><message><![CDATA[]]></message></reason><output><![CDATA[]]></output></test-case><test-case id="1021" name="tests/tools/test_intersect.py::test_intersect_nooverlap[06:00-D-fr-None]" fullname="tests/tools/test_intersect.py::test_intersect_nooverlap[06:00-D-fr-None]" methodname="test_intersect_nooverlap[06:00-D-fr-None]" classname="tests/tools/test_intersect.py" runstate="Runnable" seed="1" result="Passed" label="Test if intersection of non-overlapping indices gives correct result." start-time="2024-02-05 13:01:41.861192" end-time="2024-02-05 13:01:41.863955" duration="0.002763" asserts="0"><properties><property name="python-version" value="3.11.7 (main, Dec  4 2023, 18:10:11) [Clang 15.0.0 (clang-1500.1.0.2.5)]" /><property name="fspath" value="tests/tools/test_intersect.py" /></properties><environment framework-version="3.6.2" clr-version="3.11.7 (main, Dec  4 2023, 18:10:11) [Clang 15.0.0 (clang-1500.1.0.2.5)]" os-version="23.3.0" platform="Darwin" cwd="/Users/ruud.wijtvliet/python/portfolyo" machine-name="arm64" user="" user-domain="" culture="en-US" uiculture="en-US" os-architecture="64bit" /><failure><message><![CDATA[]]></message><stack-trace><![CDATA[None]]></stack-trace></failure><reason><message><![CDATA[]]></message></reason><output><![CDATA[]]></output></test-case><test-case id="1022" name="tests/tools/test_intersect.py::test_intersect_nooverlap[06:00-D-fr-Europe/Berlin]" fullname="tests/tools/test_intersect.py::test_intersect_nooverlap[06:00-D-fr-Europe/Berlin]" methodname="test_intersect_nooverlap[06:00-D-fr-Europe/Berlin]" classname="tests/tools/test_intersect.py" runstate="Runnable" seed="1" result="Passed" label="Test if intersection of non-overlapping indices gives correct result." start-time="2024-02-05 13:01:41.864364" end-time="2024-02-05 13:01:41.868313" duration="0.003949" asserts="0"><properties><property name="python-version" value="3.11.7 (main, Dec  4 2023, 18:10:11) [Clang 15.0.0 (clang-1500.1.0.2.5)]" /><property name="fspath" value="tests/tools/test_intersect.py" /></properties><environment framework-version="3.6.2" clr-version="3.11.7 (main, Dec  4 2023, 18:10:11) [Clang 15.0.0 (clang-1500.1.0.2.5)]" os-version="23.3.0" platform="Darwin" cwd="/Users/ruud.wijtvliet/python/portfolyo" machine-name="arm64" user="" user-domain="" culture="en-US" uiculture="en-US" os-architecture="64bit" /><failure><message><![CDATA[]]></message><stack-trace><![CDATA[None]]></stack-trace></failure><reason><message><![CDATA[]]></message></reason><output><![CDATA[]]></output></test-case><test-case id="1023" name="tests/tools/test_intersect.py::test_intersect_nooverlap[06:00-D-fr-Asia/Kolkata]" fullname="tests/tools/test_intersect.py::test_intersect_nooverlap[06:00-D-fr-Asia/Kolkata]" methodname="test_intersect_nooverlap[06:00-D-fr-Asia/Kolkata]" classname="tests/tools/test_intersect.py" runstate="Runnable" seed="1" result="Passed" label="Test if intersection of non-overlapping indices gives correct result." start-time="2024-02-05 13:01:41.868791" end-time="2024-02-05 13:01:41.873051" duration="0.00426" asserts="0"><properties><property name="python-version" value="3.11.7 (main, Dec  4 2023, 18:10:11) [Clang 15.0.0 (clang-1500.1.0.2.5)]" /><property name="fspath" value="tests/tools/test_intersect.py" /></properties><environment framework-version="3.6.2" clr-version="3.11.7 (main, Dec  4 2023, 18:10:11) [Clang 15.0.0 (clang-1500.1.0.2.5)]" os-version="23.3.0" platform="Darwin" cwd="/Users/ruud.wijtvliet/python/portfolyo" machine-name="arm64" user="" user-domain="" culture="en-US" uiculture="en-US" os-architecture="64bit" /><failure><message><![CDATA[]]></message><stack-trace><![CDATA[None]]></stack-trace></failure><reason><message><![CDATA[]]></message></reason><output><![CDATA[]]></output></test-case><test-case id="1024" name="tests/tools/test_intersect.py::test_intersect_nooverlap[06:00-H-idx-None]" fullname="tests/tools/test_intersect.py::test_intersect_nooverlap[06:00-H-idx-None]" methodname="test_intersect_nooverlap[06:00-H-idx-None]" classname="tests/tools/test_intersect.py" runstate="Runnable" seed="1" result="Passed" label="Test if intersection of non-overlapping indices gives correct result." start-time="2024-02-05 13:01:41.873603" end-time="2024-02-05 13:01:41.888907" duration="0.015304" asserts="0"><properties><property name="python-version" value="3.11.7 (main, Dec  4 2023, 18:10:11) [Clang 15.0.0 (clang-1500.1.0.2.5)]" /><property name="fspath" value="tests/tools/test_intersect.py" /></properties><environment framework-version="3.6.2" clr-version="3.11.7 (main, Dec  4 2023, 18:10:11) [Clang 15.0.0 (clang-1500.1.0.2.5)]" os-version="23.3.0" platform="Darwin" cwd="/Users/ruud.wijtvliet/python/portfolyo" machine-name="arm64" user="" user-domain="" culture="en-US" uiculture="en-US" os-architecture="64bit" /><failure><message><![CDATA[]]></message><stack-trace><![CDATA[None]]></stack-trace></failure><reason><message><![CDATA[]]></message></reason><output><![CDATA[]]></output></test-case><test-case id="1025" name="tests/tools/test_intersect.py::test_intersect_nooverlap[06:00-H-idx-Europe/Berlin]" fullname="tests/tools/test_intersect.py::test_intersect_nooverlap[06:00-H-idx-Europe/Berlin]" methodname="test_intersect_nooverlap[06:00-H-idx-Europe/Berlin]" classname="tests/tools/test_intersect.py" runstate="Runnable" seed="1" result="Passed" label="Test if intersection of non-overlapping indices gives correct result." start-time="2024-02-05 13:01:41.889334" end-time="2024-02-05 13:01:41.954080" duration="0.064746" asserts="0"><properties><property name="python-version" value="3.11.7 (main, Dec  4 2023, 18:10:11) [Clang 15.0.0 (clang-1500.1.0.2.5)]" /><property name="fspath" value="tests/tools/test_intersect.py" /></properties><environment framework-version="3.6.2" clr-version="3.11.7 (main, Dec  4 2023, 18:10:11) [Clang 15.0.0 (clang-1500.1.0.2.5)]" os-version="23.3.0" platform="Darwin" cwd="/Users/ruud.wijtvliet/python/portfolyo" machine-name="arm64" user="" user-domain="" culture="en-US" uiculture="en-US" os-architecture="64bit" /><failure><message><![CDATA[]]></message><stack-trace><![CDATA[None]]></stack-trace></failure><reason><message><![CDATA[]]></message></reason><output><![CDATA[]]></output></test-case><test-case id="1026" name="tests/tools/test_intersect.py::test_intersect_nooverlap[06:00-H-idx-Asia/Kolkata]" fullname="tests/tools/test_intersect.py::test_intersect_nooverlap[06:00-H-idx-Asia/Kolkata]" methodname="test_intersect_nooverlap[06:00-H-idx-Asia/Kolkata]" classname="tests/tools/test_intersect.py" runstate="Runnable" seed="1" result="Passed" label="Test if intersection of non-overlapping indices gives correct result." start-time="2024-02-05 13:01:41.954698" end-time="2024-02-05 13:01:41.988092" duration="0.033394" asserts="0"><properties><property name="python-version" value="3.11.7 (main, Dec  4 2023, 18:10:11) [Clang 15.0.0 (clang-1500.1.0.2.5)]" /><property name="fspath" value="tests/tools/test_intersect.py" /></properties><environment framework-version="3.6.2" clr-version="3.11.7 (main, Dec  4 2023, 18:10:11) [Clang 15.0.0 (clang-1500.1.0.2.5)]" os-version="23.3.0" platform="Darwin" cwd="/Users/ruud.wijtvliet/python/portfolyo" machine-name="arm64" user="" user-domain="" culture="en-US" uiculture="en-US" os-architecture="64bit" /><failure><message><![CDATA[]]></message><stack-trace><![CDATA[None]]></stack-trace></failure><reason><message><![CDATA[]]></message></reason><output><![CDATA[]]></output></test-case><test-case id="1027" name="tests/tools/test_intersect.py::test_intersect_nooverlap[06:00-H-fr-None]" fullname="tests/tools/test_intersect.py::test_intersect_nooverlap[06:00-H-fr-None]" methodname="test_intersect_nooverlap[06:00-H-fr-None]" classname="tests/tools/test_intersect.py" runstate="Runnable" seed="1" result="Passed" label="Test if intersection of non-overlapping indices gives correct result." start-time="2024-02-05 13:01:41.988630" end-time="2024-02-05 13:01:42.008645" duration="0.020015" asserts="0"><properties><property name="python-version" value="3.11.7 (main, Dec  4 2023, 18:10:11) [Clang 15.0.0 (clang-1500.1.0.2.5)]" /><property name="fspath" value="tests/tools/test_intersect.py" /></properties><environment framework-version="3.6.2" clr-version="3.11.7 (main, Dec  4 2023, 18:10:11) [Clang 15.0.0 (clang-1500.1.0.2.5)]" os-version="23.3.0" platform="Darwin" cwd="/Users/ruud.wijtvliet/python/portfolyo" machine-name="arm64" user="" user-domain="" culture="en-US" uiculture="en-US" os-architecture="64bit" /><failure><message><![CDATA[]]></message><stack-trace><![CDATA[None]]></stack-trace></failure><reason><message><![CDATA[]]></message></reason><output><![CDATA[]]></output></test-case><test-case id="1028" name="tests/tools/test_intersect.py::test_intersect_nooverlap[06:00-H-fr-Europe/Berlin]" fullname="tests/tools/test_intersect.py::test_intersect_nooverlap[06:00-H-fr-Europe/Berlin]" methodname="test_intersect_nooverlap[06:00-H-fr-Europe/Berlin]" classname="tests/tools/test_intersect.py" runstate="Runnable" seed="1" result="Passed" label="Test if intersection of non-overlapping indices gives correct result." start-time="2024-02-05 13:01:42.009217" end-time="2024-02-05 13:01:42.072229" duration="0.063012" asserts="0"><properties><property name="python-version" value="3.11.7 (main, Dec  4 2023, 18:10:11) [Clang 15.0.0 (clang-1500.1.0.2.5)]" /><property name="fspath" value="tests/tools/test_intersect.py" /></properties><environment framework-version="3.6.2" clr-version="3.11.7 (main, Dec  4 2023, 18:10:11) [Clang 15.0.0 (clang-1500.1.0.2.5)]" os-version="23.3.0" platform="Darwin" cwd="/Users/ruud.wijtvliet/python/portfolyo" machine-name="arm64" user="" user-domain="" culture="en-US" uiculture="en-US" os-architecture="64bit" /><failure><message><![CDATA[]]></message><stack-trace><![CDATA[None]]></stack-trace></failure><reason><message><![CDATA[]]></message></reason><output><![CDATA[]]></output></test-case><test-case id="1029" name="tests/tools/test_intersect.py::test_intersect_nooverlap[06:00-H-fr-Asia/Kolkata]" fullname="tests/tools/test_intersect.py::test_intersect_nooverlap[06:00-H-fr-Asia/Kolkata]" methodname="test_intersect_nooverlap[06:00-H-fr-Asia/Kolkata]" classname="tests/tools/test_intersect.py" runstate="Runnable" seed="1" result="Passed" label="Test if intersection of non-overlapping indices gives correct result." start-time="2024-02-05 13:01:42.072755" end-time="2024-02-05 13:01:42.110043" duration="0.037288" asserts="0"><properties><property name="python-version" value="3.11.7 (main, Dec  4 2023, 18:10:11) [Clang 15.0.0 (clang-1500.1.0.2.5)]" /><property name="fspath" value="tests/tools/test_intersect.py" /></properties><environment framework-version="3.6.2" clr-version="3.11.7 (main, Dec  4 2023, 18:10:11) [Clang 15.0.0 (clang-1500.1.0.2.5)]" os-version="23.3.0" platform="Darwin" cwd="/Users/ruud.wijtvliet/python/portfolyo" machine-name="arm64" user="" user-domain="" culture="en-US" uiculture="en-US" os-architecture="64bit" /><failure><message><![CDATA[]]></message><stack-trace><![CDATA[None]]></stack-trace></failure><reason><message><![CDATA[]]></message></reason><output><![CDATA[]]></output></test-case><test-case id="1030" name="tests/tools/test_intersect.py::test_intersect_nooverlap[06:00-15T-idx-None]" fullname="tests/tools/test_intersect.py::test_intersect_nooverlap[06:00-15T-idx-None]" methodname="test_intersect_nooverlap[06:00-15T-idx-None]" classname="tests/tools/test_intersect.py" runstate="Runnable" seed="1" result="Passed" label="Test if intersection of non-overlapping indices gives correct result." start-time="2024-02-05 13:01:42.110528" end-time="2024-02-05 13:01:42.257114" duration="0.146586" asserts="0"><properties><property name="python-version" value="3.11.7 (main, Dec  4 2023, 18:10:11) [Clang 15.0.0 (clang-1500.1.0.2.5)]" /><property name="fspath" value="tests/tools/test_intersect.py" /></properties><environment framework-version="3.6.2" clr-version="3.11.7 (main, Dec  4 2023, 18:10:11) [Clang 15.0.0 (clang-1500.1.0.2.5)]" os-version="23.3.0" platform="Darwin" cwd="/Users/ruud.wijtvliet/python/portfolyo" machine-name="arm64" user="" user-domain="" culture="en-US" uiculture="en-US" os-architecture="64bit" /><failure><message><![CDATA[]]></message><stack-trace><![CDATA[None]]></stack-trace></failure><reason><message><![CDATA[]]></message></reason><output><![CDATA[]]></output></test-case><test-case id="1031" name="tests/tools/test_intersect.py::test_intersect_nooverlap[06:00-15T-idx-Europe/Berlin]" fullname="tests/tools/test_intersect.py::test_intersect_nooverlap[06:00-15T-idx-Europe/Berlin]" methodname="test_intersect_nooverlap[06:00-15T-idx-Europe/Berlin]" classname="tests/tools/test_intersect.py" runstate="Runnable" seed="1" result="Passed" label="Test if intersection of non-overlapping indices gives correct result." start-time="2024-02-05 13:01:42.257681" end-time="2024-02-05 13:01:42.441969" duration="0.184288" asserts="0"><properties><property name="python-version" value="3.11.7 (main, Dec  4 2023, 18:10:11) [Clang 15.0.0 (clang-1500.1.0.2.5)]" /><property name="fspath" value="tests/tools/test_intersect.py" /></properties><environment framework-version="3.6.2" clr-version="3.11.7 (main, Dec  4 2023, 18:10:11) [Clang 15.0.0 (clang-1500.1.0.2.5)]" os-version="23.3.0" platform="Darwin" cwd="/Users/ruud.wijtvliet/python/portfolyo" machine-name="arm64" user="" user-domain="" culture="en-US" uiculture="en-US" os-architecture="64bit" /><failure><message><![CDATA[]]></message><stack-trace><![CDATA[None]]></stack-trace></failure><reason><message><![CDATA[]]></message></reason><output><![CDATA[]]></output></test-case><test-case id="1032" name="tests/tools/test_intersect.py::test_intersect_nooverlap[06:00-15T-idx-Asia/Kolkata]" fullname="tests/tools/test_intersect.py::test_intersect_nooverlap[06:00-15T-idx-Asia/Kolkata]" methodname="test_intersect_nooverlap[06:00-15T-idx-Asia/Kolkata]" classname="tests/tools/test_intersect.py" runstate="Runnable" seed="1" result="Passed" label="Test if intersection of non-overlapping indices gives correct result." start-time="2024-02-05 13:01:42.442490" end-time="2024-02-05 13:01:42.658559" duration="0.216069" asserts="0"><properties><property name="python-version" value="3.11.7 (main, Dec  4 2023, 18:10:11) [Clang 15.0.0 (clang-1500.1.0.2.5)]" /><property name="fspath" value="tests/tools/test_intersect.py" /></properties><environment framework-version="3.6.2" clr-version="3.11.7 (main, Dec  4 2023, 18:10:11) [Clang 15.0.0 (clang-1500.1.0.2.5)]" os-version="23.3.0" platform="Darwin" cwd="/Users/ruud.wijtvliet/python/portfolyo" machine-name="arm64" user="" user-domain="" culture="en-US" uiculture="en-US" os-architecture="64bit" /><failure><message><![CDATA[]]></message><stack-trace><![CDATA[None]]></stack-trace></failure><reason><message><![CDATA[]]></message></reason><output><![CDATA[]]></output></test-case><test-case id="1033" name="tests/tools/test_intersect.py::test_intersect_nooverlap[06:00-15T-fr-None]" fullname="tests/tools/test_intersect.py::test_intersect_nooverlap[06:00-15T-fr-None]" methodname="test_intersect_nooverlap[06:00-15T-fr-None]" classname="tests/tools/test_intersect.py" runstate="Runnable" seed="1" result="Passed" label="Test if intersection of non-overlapping indices gives correct result." start-time="2024-02-05 13:01:42.659292" end-time="2024-02-05 13:01:42.770987" duration="0.111695" asserts="0"><properties><property name="python-version" value="3.11.7 (main, Dec  4 2023, 18:10:11) [Clang 15.0.0 (clang-1500.1.0.2.5)]" /><property name="fspath" value="tests/tools/test_intersect.py" /></properties><environment framework-version="3.6.2" clr-version="3.11.7 (main, Dec  4 2023, 18:10:11) [Clang 15.0.0 (clang-1500.1.0.2.5)]" os-version="23.3.0" platform="Darwin" cwd="/Users/ruud.wijtvliet/python/portfolyo" machine-name="arm64" user="" user-domain="" culture="en-US" uiculture="en-US" os-architecture="64bit" /><failure><message><![CDATA[]]></message><stack-trace><![CDATA[None]]></stack-trace></failure><reason><message><![CDATA[]]></message></reason><output><![CDATA[]]></output></test-case><test-case id="1034" name="tests/tools/test_intersect.py::test_intersect_nooverlap[06:00-15T-fr-Europe/Berlin]" fullname="tests/tools/test_intersect.py::test_intersect_nooverlap[06:00-15T-fr-Europe/Berlin]" methodname="test_intersect_nooverlap[06:00-15T-fr-Europe/Berlin]" classname="tests/tools/test_intersect.py" runstate="Runnable" seed="1" result="Passed" label="Test if intersection of non-overlapping indices gives correct result." start-time="2024-02-05 13:01:42.771507" end-time="2024-02-05 13:01:42.992282" duration="0.220775" asserts="0"><properties><property name="python-version" value="3.11.7 (main, Dec  4 2023, 18:10:11) [Clang 15.0.0 (clang-1500.1.0.2.5)]" /><property name="fspath" value="tests/tools/test_intersect.py" /></properties><environment framework-version="3.6.2" clr-version="3.11.7 (main, Dec  4 2023, 18:10:11) [Clang 15.0.0 (clang-1500.1.0.2.5)]" os-version="23.3.0" platform="Darwin" cwd="/Users/ruud.wijtvliet/python/portfolyo" machine-name="arm64" user="" user-domain="" culture="en-US" uiculture="en-US" os-architecture="64bit" /><failure><message><![CDATA[]]></message><stack-trace><![CDATA[None]]></stack-trace></failure><reason><message><![CDATA[]]></message></reason><output><![CDATA[]]></output></test-case><test-case id="1035" name="tests/tools/test_intersect.py::test_intersect_nooverlap[06:00-15T-fr-Asia/Kolkata]" fullname="tests/tools/test_intersect.py::test_intersect_nooverlap[06:00-15T-fr-Asia/Kolkata]" methodname="test_intersect_nooverlap[06:00-15T-fr-Asia/Kolkata]" classname="tests/tools/test_intersect.py" runstate="Runnable" seed="1" result="Passed" label="Test if intersection of non-overlapping indices gives correct result." start-time="2024-02-05 13:01:42.992839" end-time="2024-02-05 13:01:43.174754" duration="0.181915" asserts="0"><properties><property name="python-version" value="3.11.7 (main, Dec  4 2023, 18:10:11) [Clang 15.0.0 (clang-1500.1.0.2.5)]" /><property name="fspath" value="tests/tools/test_intersect.py" /></properties><environment framework-version="3.6.2" clr-version="3.11.7 (main, Dec  4 2023, 18:10:11) [Clang 15.0.0 (clang-1500.1.0.2.5)]" os-version="23.3.0" platform="Darwin" cwd="/Users/ruud.wijtvliet/python/portfolyo" machine-name="arm64" user="" user-domain="" culture="en-US" uiculture="en-US" os-architecture="64bit" /><failure><message><![CDATA[]]></message><stack-trace><![CDATA[None]]></stack-trace></failure><reason><message><![CDATA[]]></message></reason><output><![CDATA[]]></output></test-case><environment framework-version="3.6.2" clr-version="3.11.7 (main, Dec  4 2023, 18:10:11) [Clang 15.0.0 (clang-1500.1.0.2.5)]" os-version="23.3.0" platform="Darwin" cwd="/Users/ruud.wijtvliet/python/portfolyo" machine-name="arm64" user="" user-domain="" culture="en-US" uiculture="en-US" os-architecture="64bit" /></test-suite></test-run>