<test-run id="2" testcasecount="0" result="Passed" start-time="2024-03-26 14:36:12.851306" end-time="2024-03-26 14:36:14.406192" duration="1" total="0" passed="0" failed="0" inconclusive="0" skipped="0" asserts="0" clr-version="3.9.18 (main, Sep 11 2023, 08:25:10) &#10;[Clang 14.0.6 ]" engine-version="3.6.2"><command-line>/Users/alina.voilova/.vscode/extensions/ms-python.python-2024.2.1/pythonFiles/vscode_pytest/run_pytest_script.py --rootdir=/Users/alina.voilova/Library/CloudStorage/OneDrive-LichtBlickSE/Desktop/portfolyo/portfolyo</command-line><filter><test re="0">/Users/alina.voilova/Library/CloudStorage/OneDrive-LichtBlickSE/Desktop/portfolyo/portfolyo/tests/core/pfline/test_slice.py::test__end_less_than_daily[enddate0-None-00:00-H]</test><test re="0">/Users/alina.voilova/Library/CloudStorage/OneDrive-LichtBlickSE/Desktop/portfolyo/portfolyo/tests/core/pfline/test_slice.py::test__end_less_than_daily[enddate0-None-00:00-15T]</test><test re="0">/Users/alina.voilova/Library/CloudStorage/OneDrive-LichtBlickSE/Desktop/portfolyo/portfolyo/tests/core/pfline/test_slice.py::test__end_less_than_daily[enddate0-None-06:00-H]</test><test re="0">/Users/alina.voilova/Library/CloudStorage/OneDrive-LichtBlickSE/Desktop/portfolyo/portfolyo/tests/core/pfline/test_slice.py::test__end_less_than_daily[enddate0-None-06:00-15T]</test><test re="0">/Users/alina.voilova/Library/CloudStorage/OneDrive-LichtBlickSE/Desktop/portfolyo/portfolyo/tests/core/pfline/test_slice.py::test__end_less_than_daily[enddate0-Europe/Berlin-00:00-H]</test><test re="0">/Users/alina.voilova/Library/CloudStorage/OneDrive-LichtBlickSE/Desktop/portfolyo/portfolyo/tests/core/pfline/test_slice.py::test__end_less_than_daily[enddate0-Europe/Berlin-00:00-15T]</test><test re="0">/Users/alina.voilova/Library/CloudStorage/OneDrive-LichtBlickSE/Desktop/portfolyo/portfolyo/tests/core/pfline/test_slice.py::test__end_less_than_daily[enddate0-Europe/Berlin-06:00-H]</test><test re="0">/Users/alina.voilova/Library/CloudStorage/OneDrive-LichtBlickSE/Desktop/portfolyo/portfolyo/tests/core/pfline/test_slice.py::test__end_less_than_daily[enddate0-Europe/Berlin-06:00-15T]</test><test re="0">/Users/alina.voilova/Library/CloudStorage/OneDrive-LichtBlickSE/Desktop/portfolyo/portfolyo/tests/core/pfline/test_slice.py::test__end_less_than_daily[enddate1-None-00:00-H]</test><test re="0">/Users/alina.voilova/Library/CloudStorage/OneDrive-LichtBlickSE/Desktop/portfolyo/portfolyo/tests/core/pfline/test_slice.py::test__end_less_than_daily[enddate1-None-00:00-15T]</test><test re="0">/Users/alina.voilova/Library/CloudStorage/OneDrive-LichtBlickSE/Desktop/portfolyo/portfolyo/tests/core/pfline/test_slice.py::test__end_less_than_daily[enddate1-None-06:00-H]</test><test re="0">/Users/alina.voilova/Library/CloudStorage/OneDrive-LichtBlickSE/Desktop/portfolyo/portfolyo/tests/core/pfline/test_slice.py::test__end_less_than_daily[enddate1-None-06:00-15T]</test><test re="0">/Users/alina.voilova/Library/CloudStorage/OneDrive-LichtBlickSE/Desktop/portfolyo/portfolyo/tests/core/pfline/test_slice.py::test__end_less_than_daily[enddate1-Europe/Berlin-00:00-H]</test><test re="0">/Users/alina.voilova/Library/CloudStorage/OneDrive-LichtBlickSE/Desktop/portfolyo/portfolyo/tests/core/pfline/test_slice.py::test__end_less_than_daily[enddate1-Europe/Berlin-00:00-15T]</test><test re="0">/Users/alina.voilova/Library/CloudStorage/OneDrive-LichtBlickSE/Desktop/portfolyo/portfolyo/tests/core/pfline/test_slice.py::test__end_less_than_daily[enddate1-Europe/Berlin-06:00-H]</test><test re="0">/Users/alina.voilova/Library/CloudStorage/OneDrive-LichtBlickSE/Desktop/portfolyo/portfolyo/tests/core/pfline/test_slice.py::test__end_less_than_daily[enddate1-Europe/Berlin-06:00-15T]</test><test re="0">/Users/alina.voilova/Library/CloudStorage/OneDrive-LichtBlickSE/Desktop/portfolyo/portfolyo/tests/core/pfline/test_slice.py::test__end_less_than_daily[enddate2-None-00:00-H]</test><test re="0">/Users/alina.voilova/Library/CloudStorage/OneDrive-LichtBlickSE/Desktop/portfolyo/portfolyo/tests/core/pfline/test_slice.py::test__end_less_than_daily[enddate2-None-00:00-15T]</test><test re="0">/Users/alina.voilova/Library/CloudStorage/OneDrive-LichtBlickSE/Desktop/portfolyo/portfolyo/tests/core/pfline/test_slice.py::test__end_less_than_daily[enddate2-None-06:00-H]</test><test re="0">/Users/alina.voilova/Library/CloudStorage/OneDrive-LichtBlickSE/Desktop/portfolyo/portfolyo/tests/core/pfline/test_slice.py::test__end_less_than_daily[enddate2-None-06:00-15T]</test><test re="0">/Users/alina.voilova/Library/CloudStorage/OneDrive-LichtBlickSE/Desktop/portfolyo/portfolyo/tests/core/pfline/test_slice.py::test__end_less_than_daily[enddate2-Europe/Berlin-00:00-H]</test><test re="0">/Users/alina.voilova/Library/CloudStorage/OneDrive-LichtBlickSE/Desktop/portfolyo/portfolyo/tests/core/pfline/test_slice.py::test__end_less_than_daily[enddate2-Europe/Berlin-00:00-15T]</test><test re="0">/Users/alina.voilova/Library/CloudStorage/OneDrive-LichtBlickSE/Desktop/portfolyo/portfolyo/tests/core/pfline/test_slice.py::test__end_less_than_daily[enddate2-Europe/Berlin-06:00-H]</test><test re="0">/Users/alina.voilova/Library/CloudStorage/OneDrive-LichtBlickSE/Desktop/portfolyo/portfolyo/tests/core/pfline/test_slice.py::test__end_less_than_daily[enddate2-Europe/Berlin-06:00-15T]</test><test re="0">/Users/alina.voilova/Library/CloudStorage/OneDrive-LichtBlickSE/Desktop/portfolyo/portfolyo/tests/core/pfline/test_slice.py::test__end_less_than_daily[enddate3-None-00:00-H]</test><test re="0">/Users/alina.voilova/Library/CloudStorage/OneDrive-LichtBlickSE/Desktop/portfolyo/portfolyo/tests/core/pfline/test_slice.py::test__end_less_than_daily[enddate3-None-00:00-15T]</test><test re="0">/Users/alina.voilova/Library/CloudStorage/OneDrive-LichtBlickSE/Desktop/portfolyo/portfolyo/tests/core/pfline/test_slice.py::test__end_less_than_daily[enddate3-None-06:00-H]</test><test re="0">/Users/alina.voilova/Library/CloudStorage/OneDrive-LichtBlickSE/Desktop/portfolyo/portfolyo/tests/core/pfline/test_slice.py::test__end_less_than_daily[enddate3-None-06:00-15T]</test><test re="0">/Users/alina.voilova/Library/CloudStorage/OneDrive-LichtBlickSE/Desktop/portfolyo/portfolyo/tests/core/pfline/test_slice.py::test__end_less_than_daily[enddate3-Europe/Berlin-00:00-H]</test><test re="0">/Users/alina.voilova/Library/CloudStorage/OneDrive-LichtBlickSE/Desktop/portfolyo/portfolyo/tests/core/pfline/test_slice.py::test__end_less_than_daily[enddate3-Europe/Berlin-00:00-15T]</test><test re="0">/Users/alina.voilova/Library/CloudStorage/OneDrive-LichtBlickSE/Desktop/portfolyo/portfolyo/tests/core/pfline/test_slice.py::test__end_less_than_daily[enddate3-Europe/Berlin-06:00-H]</test><test re="0">/Users/alina.voilova/Library/CloudStorage/OneDrive-LichtBlickSE/Desktop/portfolyo/portfolyo/tests/core/pfline/test_slice.py::test__end_less_than_daily[enddate3-Europe/Berlin-06:00-15T]</test></filter></test-run>