<test-run id="2" testcasecount="0" result="Passed" start-time="2024-03-27 11:22:04.550612" end-time="2024-03-27 11:22:14.065589" duration="9" total="0" passed="0" failed="0" inconclusive="0" skipped="0" asserts="0" clr-version="3.9.18 (main, Sep 11 2023, 08:25:10) &#10;[Clang 14.0.6 ]" engine-version="3.6.2"><command-line>/Users/alina.voilova/miniconda3/envs/env-portfolyo/lib/python3.9/site-packages/pytest/__main__.py -p vscode_pytest --collect-only tests</command-line><filter><test re="0">tests</test></filter><test-suite id="tests/tools/test_isboundary.py" name="tests/tools/test_isboundary.py" fullname="tests/tools/test_isboundary.py" methodname="" classname="" runstate="Runnable" type="Assembly" testcasecount="0" result="Passed" label="" start-time="0001-01-01 00:00:00.000000" end-time="0001-01-01 00:00:00.000000" duration="0.0" asserts="0" total="0" passed="0" failed="0" warnings="0" inconclusive="0" skipped="0"><properties><property name="python_version" value="3.9.18 (main, Sep 11 2023, 08:25:10) &#10;[Clang 14.0.6 ]" /></properties><environment framework-version="3.6.2" clr-version="3.9.18 (main, Sep 11 2023, 08:25:10) &#10;[Clang 14.0.6 ]" os-version="23.4.0" platform="Darwin" cwd="/Users/alina.voilova/Library/CloudStorage/OneDrive-LichtBlickSE/Desktop/portfolyo/portfolyo" machine-name="arm64" user="" user-domain="" culture="en-US" uiculture="en-US" os-architecture="64bit" /></test-suite><test-suite id="tests/core/pfstate/test_pfstate_text.py" name="tests/core/pfstate/test_pfstate_text.py" fullname="tests/core/pfstate/test_pfstate_text.py" methodname="" classname="" runstate="Runnable" type="Assembly" testcasecount="0" result="Passed" label="Test if portfolio state can be printed." start-time="0001-01-01 00:00:00.000000" end-time="0001-01-01 00:00:00.000000" duration="0.0" asserts="0" total="0" passed="0" failed="0" warnings="0" inconclusive="0" skipped="0"><properties><property name="python_version" value="3.9.18 (main, Sep 11 2023, 08:25:10) &#10;[Clang 14.0.6 ]" /></properties><environment framework-version="3.6.2" clr-version="3.9.18 (main, Sep 11 2023, 08:25:10) &#10;[Clang 14.0.6 ]" os-version="23.4.0" platform="Darwin" cwd="/Users/alina.voilova/Library/CloudStorage/OneDrive-LichtBlickSE/Desktop/portfolyo/portfolyo" machine-name="arm64" user="" user-domain="" culture="en-US" uiculture="en-US" os-architecture="64bit" /></test-suite><test-suite id="tests/core/pfline/test_pfline_init.py" name="tests/core/pfline/test_pfline_init.py" fullname="tests/core/pfline/test_pfline_init.py" methodname="" classname="" runstate="Runnable" type="Assembly" testcasecount="0" result="Passed" label="Test initialisation of PfLine, FlatPfLine, and NestedPfLine." start-time="0001-01-01 00:00:00.000000" end-time="0001-01-01 00:00:00.000000" duration="0.0" asserts="0" total="0" passed="0" failed="0" warnings="0" inconclusive="0" skipped="0"><properties><property name="python_version" value="3.9.18 (main, Sep 11 2023, 08:25:10) &#10;[Clang 14.0.6 ]" /></properties><environment framework-version="3.6.2" clr-version="3.9.18 (main, Sep 11 2023, 08:25:10) &#10;[Clang 14.0.6 ]" os-version="23.4.0" platform="Darwin" cwd="/Users/alina.voilova/Library/CloudStorage/OneDrive-LichtBlickSE/Desktop/portfolyo/portfolyo" machine-name="arm64" user="" user-domain="" culture="en-US" uiculture="en-US" os-architecture="64bit" /></test-suite><test-suite id="tests/core/pfline/test_flat_helper.py" name="tests/core/pfline/test_flat_helper.py" fullname="tests/core/pfline/test_flat_helper.py" methodname="" classname="" runstate="Runnable" type="Assembly" testcasecount="0" result="Passed" label="" start-time="0001-01-01 00:00:00.000000" end-time="0001-01-01 00:00:00.000000" duration="0.0" asserts="0" total="0" passed="0" failed="0" warnings="0" inconclusive="0" skipped="0"><properties><property name="python_version" value="3.9.18 (main, Sep 11 2023, 08:25:10) &#10;[Clang 14.0.6 ]" /></properties><environment framework-version="3.6.2" clr-version="3.9.18 (main, Sep 11 2023, 08:25:10) &#10;[Clang 14.0.6 ]" os-version="23.4.0" platform="Darwin" cwd="/Users/alina.voilova/Library/CloudStorage/OneDrive-LichtBlickSE/Desktop/portfolyo/portfolyo" machine-name="arm64" user="" user-domain="" culture="en-US" uiculture="en-US" os-architecture="64bit" /></test-suite><test-suite id="tests/prices/test_utils.py" name="tests/prices/test_utils.py" fullname="tests/prices/test_utils.py" methodname="" classname="" runstate="Runnable" type="Assembly" testcasecount="0" result="Passed" label="" start-time="0001-01-01 00:00:00.000000" end-time="0001-01-01 00:00:00.000000" duration="0.0" asserts="0" total="0" passed="0" failed="0" warnings="0" inconclusive="0" skipped="0"><properties><property name="python_version" value="3.9.18 (main, Sep 11 2023, 08:25:10) &#10;[Clang 14.0.6 ]" /></properties><environment framework-version="3.6.2" clr-version="3.9.18 (main, Sep 11 2023, 08:25:10) &#10;[Clang 14.0.6 ]" os-version="23.4.0" platform="Darwin" cwd="/Users/alina.voilova/Library/CloudStorage/OneDrive-LichtBlickSE/Desktop/portfolyo/portfolyo" machine-name="arm64" user="" user-domain="" culture="en-US" uiculture="en-US" os-architecture="64bit" /></test-suite><test-suite id="tests/core/pfline/test_pfline_excelclipboard.py" name="tests/core/pfline/test_pfline_excelclipboard.py" fullname="tests/core/pfline/test_pfline_excelclipboard.py" methodname="" classname="" runstate="Runnable" type="Assembly" testcasecount="0" result="Passed" label="Test if portfolio line can be exported." start-time="0001-01-01 00:00:00.000000" end-time="0001-01-01 00:00:00.000000" duration="0.0" asserts="0" total="0" passed="0" failed="0" warnings="0" inconclusive="0" skipped="0"><properties><property name="python_version" value="3.9.18 (main, Sep 11 2023, 08:25:10) &#10;[Clang 14.0.6 ]" /></properties><environment framework-version="3.6.2" clr-version="3.9.18 (main, Sep 11 2023, 08:25:10) &#10;[Clang 14.0.6 ]" os-version="23.4.0" platform="Darwin" cwd="/Users/alina.voilova/Library/CloudStorage/OneDrive-LichtBlickSE/Desktop/portfolyo/portfolyo" machine-name="arm64" user="" user-domain="" culture="en-US" uiculture="en-US" os-architecture="64bit" /></test-suite><test-suite id="tests/tools/test_changefreq.py" name="tests/tools/test_changefreq.py" fullname="tests/tools/test_changefreq.py" methodname="" classname="" runstate="Runnable" type="Assembly" testcasecount="0" result="Passed" label="" start-time="0001-01-01 00:00:00.000000" end-time="0001-01-01 00:00:00.000000" duration="0.0" asserts="0" total="0" passed="0" failed="0" warnings="0" inconclusive="0" skipped="0"><properties><property name="python_version" value="3.9.18 (main, Sep 11 2023, 08:25:10) &#10;[Clang 14.0.6 ]" /></properties><environment framework-version="3.6.2" clr-version="3.9.18 (main, Sep 11 2023, 08:25:10) &#10;[Clang 14.0.6 ]" os-version="23.4.0" platform="Darwin" cwd="/Users/alina.voilova/Library/CloudStorage/OneDrive-LichtBlickSE/Desktop/portfolyo/portfolyo" machine-name="arm64" user="" user-domain="" culture="en-US" uiculture="en-US" os-architecture="64bit" /></test-suite><test-suite id="tests/tools/test_righttoleft.py" name="tests/tools/test_righttoleft.py" fullname="tests/tools/test_righttoleft.py" methodname="" classname="" runstate="Runnable" type="Assembly" testcasecount="0" result="Passed" label="" start-time="0001-01-01 00:00:00.000000" end-time="0001-01-01 00:00:00.000000" duration="0.0" asserts="0" total="0" passed="0" failed="0" warnings="0" inconclusive="0" skipped="0"><properties><property name="python_version" value="3.9.18 (main, Sep 11 2023, 08:25:10) &#10;[Clang 14.0.6 ]" /></properties><environment framework-version="3.6.2" clr-version="3.9.18 (main, Sep 11 2023, 08:25:10) &#10;[Clang 14.0.6 ]" os-version="23.4.0" platform="Darwin" cwd="/Users/alina.voilova/Library/CloudStorage/OneDrive-LichtBlickSE/Desktop/portfolyo/portfolyo" machine-name="arm64" user="" user-domain="" culture="en-US" uiculture="en-US" os-architecture="64bit" /></test-suite><test-suite id="tests/tools/test_startofday.py" name="tests/tools/test_startofday.py" fullname="tests/tools/test_startofday.py" methodname="" classname="" runstate="Runnable" type="Assembly" testcasecount="0" result="Passed" label="" start-time="0001-01-01 00:00:00.000000" end-time="0001-01-01 00:00:00.000000" duration="0.0" asserts="0" total="0" passed="0" failed="0" warnings="0" inconclusive="0" skipped="0"><properties><property name="python_version" value="3.9.18 (main, Sep 11 2023, 08:25:10) &#10;[Clang 14.0.6 ]" /></properties><environment framework-version="3.6.2" clr-version="3.9.18 (main, Sep 11 2023, 08:25:10) &#10;[Clang 14.0.6 ]" os-version="23.4.0" platform="Darwin" cwd="/Users/alina.voilova/Library/CloudStorage/OneDrive-LichtBlickSE/Desktop/portfolyo/portfolyo" machine-name="arm64" user="" user-domain="" culture="en-US" uiculture="en-US" os-architecture="64bit" /></test-suite><test-suite id="tests/tools/test_tzone.py" name="tests/tools/test_tzone.py" fullname="tests/tools/test_tzone.py" methodname="" classname="" runstate="Runnable" type="Assembly" testcasecount="0" result="Passed" label="" start-time="0001-01-01 00:00:00.000000" end-time="0001-01-01 00:00:00.000000" duration="0.0" asserts="0" total="0" passed="0" failed="0" warnings="0" inconclusive="0" skipped="0"><properties><property name="python_version" value="3.9.18 (main, Sep 11 2023, 08:25:10) &#10;[Clang 14.0.6 ]" /></properties><environment framework-version="3.6.2" clr-version="3.9.18 (main, Sep 11 2023, 08:25:10) &#10;[Clang 14.0.6 ]" os-version="23.4.0" platform="Darwin" cwd="/Users/alina.voilova/Library/CloudStorage/OneDrive-LichtBlickSE/Desktop/portfolyo/portfolyo" machine-name="arm64" user="" user-domain="" culture="en-US" uiculture="en-US" os-architecture="64bit" /></test-suite><test-suite id="tests/tools/test_intersect.py" name="tests/tools/test_intersect.py" fullname="tests/tools/test_intersect.py" methodname="" classname="" runstate="Runnable" type="Assembly" testcasecount="0" result="Passed" label="" start-time="0001-01-01 00:00:00.000000" end-time="0001-01-01 00:00:00.000000" duration="0.0" asserts="0" total="0" passed="0" failed="0" warnings="0" inconclusive="0" skipped="0"><properties><property name="python_version" value="3.9.18 (main, Sep 11 2023, 08:25:10) &#10;[Clang 14.0.6 ]" /></properties><environment framework-version="3.6.2" clr-version="3.9.18 (main, Sep 11 2023, 08:25:10) &#10;[Clang 14.0.6 ]" os-version="23.4.0" platform="Darwin" cwd="/Users/alina.voilova/Library/CloudStorage/OneDrive-LichtBlickSE/Desktop/portfolyo/portfolyo" machine-name="arm64" user="" user-domain="" culture="en-US" uiculture="en-US" os-architecture="64bit" /></test-suite><test-suite id="tests/tools/test_changeyear.py" name="tests/tools/test_changeyear.py" fullname="tests/tools/test_changeyear.py" methodname="" classname="" runstate="Runnable" type="Assembly" testcasecount="0" result="Passed" label="" start-time="0001-01-01 00:00:00.000000" end-time="0001-01-01 00:00:00.000000" duration="0.0" asserts="0" total="0" passed="0" failed="0" warnings="0" inconclusive="0" skipped="0"><properties><property name="python_version" value="3.9.18 (main, Sep 11 2023, 08:25:10) &#10;[Clang 14.0.6 ]" /></properties><environment framework-version="3.6.2" clr-version="3.9.18 (main, Sep 11 2023, 08:25:10) &#10;[Clang 14.0.6 ]" os-version="23.4.0" platform="Darwin" cwd="/Users/alina.voilova/Library/CloudStorage/OneDrive-LichtBlickSE/Desktop/portfolyo/portfolyo" machine-name="arm64" user="" user-domain="" culture="en-US" uiculture="en-US" os-architecture="64bit" /></test-suite><test-suite id="tests/tools/test_peakperiod.py" name="tests/tools/test_peakperiod.py" fullname="tests/tools/test_peakperiod.py" methodname="" classname="" runstate="Runnable" type="Assembly" testcasecount="0" result="Passed" label="" start-time="0001-01-01 00:00:00.000000" end-time="0001-01-01 00:00:00.000000" duration="0.0" asserts="0" total="0" passed="0" failed="0" warnings="0" inconclusive="0" skipped="0"><properties><property name="python_version" value="3.9.18 (main, Sep 11 2023, 08:25:10) &#10;[Clang 14.0.6 ]" /></properties><environment framework-version="3.6.2" clr-version="3.9.18 (main, Sep 11 2023, 08:25:10) &#10;[Clang 14.0.6 ]" os-version="23.4.0" platform="Darwin" cwd="/Users/alina.voilova/Library/CloudStorage/OneDrive-LichtBlickSE/Desktop/portfolyo/portfolyo" machine-name="arm64" user="" user-domain="" culture="en-US" uiculture="en-US" os-architecture="64bit" /></test-suite><test-suite id="tests/core/pfline/test_flat.py" name="tests/core/pfline/test_flat.py" fullname="tests/core/pfline/test_flat.py" methodname="" classname="" runstate="Runnable" type="Assembly" testcasecount="0" result="Passed" label="" start-time="0001-01-01 00:00:00.000000" end-time="0001-01-01 00:00:00.000000" duration="0.0" asserts="0" total="0" passed="0" failed="0" warnings="0" inconclusive="0" skipped="0"><properties><property name="python_version" value="3.9.18 (main, Sep 11 2023, 08:25:10) &#10;[Clang 14.0.6 ]" /></properties><environment framework-version="3.6.2" clr-version="3.9.18 (main, Sep 11 2023, 08:25:10) &#10;[Clang 14.0.6 ]" os-version="23.4.0" platform="Darwin" cwd="/Users/alina.voilova/Library/CloudStorage/OneDrive-LichtBlickSE/Desktop/portfolyo/portfolyo" machine-name="arm64" user="" user-domain="" culture="en-US" uiculture="en-US" os-architecture="64bit" /></test-suite><test-suite id="tests/tools/test_duration.py" name="tests/tools/test_duration.py" fullname="tests/tools/test_duration.py" methodname="" classname="" runstate="Runnable" type="Assembly" testcasecount="0" result="Passed" label="" start-time="0001-01-01 00:00:00.000000" end-time="0001-01-01 00:00:00.000000" duration="0.0" asserts="0" total="0" passed="0" failed="0" warnings="0" inconclusive="0" skipped="0"><properties><property name="python_version" value="3.9.18 (main, Sep 11 2023, 08:25:10) &#10;[Clang 14.0.6 ]" /></properties><environment framework-version="3.6.2" clr-version="3.9.18 (main, Sep 11 2023, 08:25:10) &#10;[Clang 14.0.6 ]" os-version="23.4.0" platform="Darwin" cwd="/Users/alina.voilova/Library/CloudStorage/OneDrive-LichtBlickSE/Desktop/portfolyo/portfolyo" machine-name="arm64" user="" user-domain="" culture="en-US" uiculture="en-US" os-architecture="64bit" /></test-suite><test-suite id="tests/core/pfline/test_pfline_text.py" name="tests/core/pfline/test_pfline_text.py" fullname="tests/core/pfline/test_pfline_text.py" methodname="" classname="" runstate="Runnable" type="Assembly" testcasecount="0" result="Passed" label="Test if portfolio line can be printed." start-time="0001-01-01 00:00:00.000000" end-time="0001-01-01 00:00:00.000000" duration="0.0" asserts="0" total="0" passed="0" failed="0" warnings="0" inconclusive="0" skipped="0"><properties><property name="python_version" value="3.9.18 (main, Sep 11 2023, 08:25:10) &#10;[Clang 14.0.6 ]" /></properties><environment framework-version="3.6.2" clr-version="3.9.18 (main, Sep 11 2023, 08:25:10) &#10;[Clang 14.0.6 ]" os-version="23.4.0" platform="Darwin" cwd="/Users/alina.voilova/Library/CloudStorage/OneDrive-LichtBlickSE/Desktop/portfolyo/portfolyo" machine-name="arm64" user="" user-domain="" culture="en-US" uiculture="en-US" os-architecture="64bit" /></test-suite><test-suite id="tests/tools/test_leftandright.py" name="tests/tools/test_leftandright.py" fullname="tests/tools/test_leftandright.py" methodname="" classname="" runstate="Runnable" type="Assembly" testcasecount="0" result="Passed" label="" start-time="0001-01-01 00:00:00.000000" end-time="0001-01-01 00:00:00.000000" duration="0.0" asserts="0" total="0" passed="0" failed="0" warnings="0" inconclusive="0" skipped="0"><properties><property name="python_version" value="3.9.18 (main, Sep 11 2023, 08:25:10) &#10;[Clang 14.0.6 ]" /></properties><environment framework-version="3.6.2" clr-version="3.9.18 (main, Sep 11 2023, 08:25:10) &#10;[Clang 14.0.6 ]" os-version="23.4.0" platform="Darwin" cwd="/Users/alina.voilova/Library/CloudStorage/OneDrive-LichtBlickSE/Desktop/portfolyo/portfolyo" machine-name="arm64" user="" user-domain="" culture="en-US" uiculture="en-US" os-architecture="64bit" /></test-suite><test-suite id="tests/tools/test_trim.py" name="tests/tools/test_trim.py" fullname="tests/tools/test_trim.py" methodname="" classname="" runstate="Runnable" type="Assembly" testcasecount="0" result="Passed" label="" start-time="0001-01-01 00:00:00.000000" end-time="0001-01-01 00:00:00.000000" duration="0.0" asserts="0" total="0" passed="0" failed="0" warnings="0" inconclusive="0" skipped="0"><properties><property name="python_version" value="3.9.18 (main, Sep 11 2023, 08:25:10) &#10;[Clang 14.0.6 ]" /></properties><environment framework-version="3.6.2" clr-version="3.9.18 (main, Sep 11 2023, 08:25:10) &#10;[Clang 14.0.6 ]" os-version="23.4.0" platform="Darwin" cwd="/Users/alina.voilova/Library/CloudStorage/OneDrive-LichtBlickSE/Desktop/portfolyo/portfolyo" machine-name="arm64" user="" user-domain="" culture="en-US" uiculture="en-US" os-architecture="64bit" /></test-suite><test-suite id="tests/core/pfline/test_nested_helper.py" name="tests/core/pfline/test_nested_helper.py" fullname="tests/core/pfline/test_nested_helper.py" methodname="" classname="" runstate="Runnable" type="Assembly" testcasecount="0" result="Passed" label="" start-time="0001-01-01 00:00:00.000000" end-time="0001-01-01 00:00:00.000000" duration="0.0" asserts="0" total="0" passed="0" failed="0" warnings="0" inconclusive="0" skipped="0"><properties><property name="python_version" value="3.9.18 (main, Sep 11 2023, 08:25:10) &#10;[Clang 14.0.6 ]" /></properties><environment framework-version="3.6.2" clr-version="3.9.18 (main, Sep 11 2023, 08:25:10) &#10;[Clang 14.0.6 ]" os-version="23.4.0" platform="Darwin" cwd="/Users/alina.voilova/Library/CloudStorage/OneDrive-LichtBlickSE/Desktop/portfolyo/portfolyo" machine-name="arm64" user="" user-domain="" culture="en-US" uiculture="en-US" os-architecture="64bit" /></test-suite><test-suite id="tests/tools/test_unit.py" name="tests/tools/test_unit.py" fullname="tests/tools/test_unit.py" methodname="" classname="" runstate="Runnable" type="Assembly" testcasecount="0" result="Passed" label="" start-time="0001-01-01 00:00:00.000000" end-time="0001-01-01 00:00:00.000000" duration="0.0" asserts="0" total="0" passed="0" failed="0" warnings="0" inconclusive="0" skipped="0"><properties><property name="python_version" value="3.9.18 (main, Sep 11 2023, 08:25:10) &#10;[Clang 14.0.6 ]" /></properties><environment framework-version="3.6.2" clr-version="3.9.18 (main, Sep 11 2023, 08:25:10) &#10;[Clang 14.0.6 ]" os-version="23.4.0" platform="Darwin" cwd="/Users/alina.voilova/Library/CloudStorage/OneDrive-LichtBlickSE/Desktop/portfolyo/portfolyo" machine-name="arm64" user="" user-domain="" culture="en-US" uiculture="en-US" os-architecture="64bit" /></test-suite><test-suite id="tests/tools/test_frames.py" name="tests/tools/test_frames.py" fullname="tests/tools/test_frames.py" methodname="" classname="" runstate="Runnable" type="Assembly" testcasecount="0" result="Passed" label="" start-time="0001-01-01 00:00:00.000000" end-time="0001-01-01 00:00:00.000000" duration="0.0" asserts="0" total="0" passed="0" failed="0" warnings="0" inconclusive="0" skipped="0"><properties><property name="python_version" value="3.9.18 (main, Sep 11 2023, 08:25:10) &#10;[Clang 14.0.6 ]" /></properties><environment framework-version="3.6.2" clr-version="3.9.18 (main, Sep 11 2023, 08:25:10) &#10;[Clang 14.0.6 ]" os-version="23.4.0" platform="Darwin" cwd="/Users/alina.voilova/Library/CloudStorage/OneDrive-LichtBlickSE/Desktop/portfolyo/portfolyo" machine-name="arm64" user="" user-domain="" culture="en-US" uiculture="en-US" os-architecture="64bit" /></test-suite><test-suite id="tests/core/pfstate/test_pfstate_init.py" name="tests/core/pfstate/test_pfstate_init.py" fullname="tests/core/pfstate/test_pfstate_init.py" methodname="" classname="" runstate="Runnable" type="Assembly" testcasecount="0" result="Passed" label="" start-time="0001-01-01 00:00:00.000000" end-time="0001-01-01 00:00:00.000000" duration="0.0" asserts="0" total="0" passed="0" failed="0" warnings="0" inconclusive="0" skipped="0"><properties><property name="python_version" value="3.9.18 (main, Sep 11 2023, 08:25:10) &#10;[Clang 14.0.6 ]" /></properties><environment framework-version="3.6.2" clr-version="3.9.18 (main, Sep 11 2023, 08:25:10) &#10;[Clang 14.0.6 ]" os-version="23.4.0" platform="Darwin" cwd="/Users/alina.voilova/Library/CloudStorage/OneDrive-LichtBlickSE/Desktop/portfolyo/portfolyo" machine-name="arm64" user="" user-domain="" culture="en-US" uiculture="en-US" os-architecture="64bit" /></test-suite><test-suite id="tests/core/pfline/test_pfline_arithmatic_kind_and_error.py" name="tests/core/pfline/test_pfline_arithmatic_kind_and_error.py" fullname="tests/core/pfline/test_pfline_arithmatic_kind_and_error.py" methodname="" classname="" runstate="Runnable" type="Assembly" testcasecount="0" result="Passed" label="Test if arithmatic returns correct type/kind of object and/or correctly raises error." start-time="0001-01-01 00:00:00.000000" end-time="0001-01-01 00:00:00.000000" duration="0.0" asserts="0" total="0" passed="0" failed="0" warnings="0" inconclusive="0" skipped="0"><properties><property name="python_version" value="3.9.18 (main, Sep 11 2023, 08:25:10) &#10;[Clang 14.0.6 ]" /></properties><environment framework-version="3.6.2" clr-version="3.9.18 (main, Sep 11 2023, 08:25:10) &#10;[Clang 14.0.6 ]" os-version="23.4.0" platform="Darwin" cwd="/Users/alina.voilova/Library/CloudStorage/OneDrive-LichtBlickSE/Desktop/portfolyo/portfolyo" machine-name="arm64" user="" user-domain="" culture="en-US" uiculture="en-US" os-architecture="64bit" /></test-suite><test-suite id="tests/tools/test_floorceil.py" name="tests/tools/test_floorceil.py" fullname="tests/tools/test_floorceil.py" methodname="" classname="" runstate="Runnable" type="Assembly" testcasecount="0" result="Passed" label="" start-time="0001-01-01 00:00:00.000000" end-time="0001-01-01 00:00:00.000000" duration="0.0" asserts="0" total="0" passed="0" failed="0" warnings="0" inconclusive="0" skipped="0"><properties><property name="python_version" value="3.9.18 (main, Sep 11 2023, 08:25:10) &#10;[Clang 14.0.6 ]" /></properties><environment framework-version="3.6.2" clr-version="3.9.18 (main, Sep 11 2023, 08:25:10) &#10;[Clang 14.0.6 ]" os-version="23.4.0" platform="Darwin" cwd="/Users/alina.voilova/Library/CloudStorage/OneDrive-LichtBlickSE/Desktop/portfolyo/portfolyo" machine-name="arm64" user="" user-domain="" culture="en-US" uiculture="en-US" os-architecture="64bit" /></test-suite><test-suite id="tests/core/pfline/test_interop.py" name="tests/core/pfline/test_interop.py" fullname="tests/core/pfline/test_interop.py" methodname="" classname="" runstate="Runnable" type="Assembly" testcasecount="0" result="Passed" label="" start-time="0001-01-01 00:00:00.000000" end-time="0001-01-01 00:00:00.000000" duration="0.0" asserts="0" total="0" passed="0" failed="0" warnings="0" inconclusive="0" skipped="0"><properties><property name="python_version" value="3.9.18 (main, Sep 11 2023, 08:25:10) &#10;[Clang 14.0.6 ]" /></properties><environment framework-version="3.6.2" clr-version="3.9.18 (main, Sep 11 2023, 08:25:10) &#10;[Clang 14.0.6 ]" os-version="23.4.0" platform="Darwin" cwd="/Users/alina.voilova/Library/CloudStorage/OneDrive-LichtBlickSE/Desktop/portfolyo/portfolyo" machine-name="arm64" user="" user-domain="" culture="en-US" uiculture="en-US" os-architecture="64bit" /></test-suite><test-suite id="tests/tools/test_wavg.py" name="tests/tools/test_wavg.py" fullname="tests/tools/test_wavg.py" methodname="" classname="" runstate="Runnable" type="Assembly" testcasecount="0" result="Passed" label="" start-time="0001-01-01 00:00:00.000000" end-time="0001-01-01 00:00:00.000000" duration="0.0" asserts="0" total="0" passed="0" failed="0" warnings="0" inconclusive="0" skipped="0"><properties><property name="python_version" value="3.9.18 (main, Sep 11 2023, 08:25:10) &#10;[Clang 14.0.6 ]" /></properties><environment framework-version="3.6.2" clr-version="3.9.18 (main, Sep 11 2023, 08:25:10) &#10;[Clang 14.0.6 ]" os-version="23.4.0" platform="Darwin" cwd="/Users/alina.voilova/Library/CloudStorage/OneDrive-LichtBlickSE/Desktop/portfolyo/portfolyo" machine-name="arm64" user="" user-domain="" culture="en-US" uiculture="en-US" os-architecture="64bit" /></test-suite><test-suite id="tests/core/pfstate/test_slice_state.py" name="tests/core/pfstate/test_slice_state.py" fullname="tests/core/pfstate/test_slice_state.py" methodname="" classname="" runstate="Runnable" type="Assembly" testcasecount="0" result="Passed" label="Test if slice attributes works properly with portfolio state." start-time="0001-01-01 00:00:00.000000" end-time="0001-01-01 00:00:00.000000" duration="0.0" asserts="0" total="0" passed="0" failed="0" warnings="0" inconclusive="0" skipped="0"><properties><property name="python_version" value="3.9.18 (main, Sep 11 2023, 08:25:10) &#10;[Clang 14.0.6 ]" /></properties><environment framework-version="3.6.2" clr-version="3.9.18 (main, Sep 11 2023, 08:25:10) &#10;[Clang 14.0.6 ]" os-version="23.4.0" platform="Darwin" cwd="/Users/alina.voilova/Library/CloudStorage/OneDrive-LichtBlickSE/Desktop/portfolyo/portfolyo" machine-name="arm64" user="" user-domain="" culture="en-US" uiculture="en-US" os-architecture="64bit" /></test-suite><test-suite id="tests/core/pfstate/test_pfstate_arithmatic.py" name="tests/core/pfstate/test_pfstate_arithmatic.py" fullname="tests/core/pfstate/test_pfstate_arithmatic.py" methodname="" classname="" runstate="Runnable" type="Assembly" testcasecount="0" result="Passed" label="" start-time="0001-01-01 00:00:00.000000" end-time="0001-01-01 00:00:00.000000" duration="0.0" asserts="0" total="0" passed="0" failed="0" warnings="0" inconclusive="0" skipped="0"><properties><property name="python_version" value="3.9.18 (main, Sep 11 2023, 08:25:10) &#10;[Clang 14.0.6 ]" /></properties><environment framework-version="3.6.2" clr-version="3.9.18 (main, Sep 11 2023, 08:25:10) &#10;[Clang 14.0.6 ]" os-version="23.4.0" platform="Darwin" cwd="/Users/alina.voilova/Library/CloudStorage/OneDrive-LichtBlickSE/Desktop/portfolyo/portfolyo" machine-name="arm64" user="" user-domain="" culture="en-US" uiculture="en-US" os-architecture="64bit" /></test-suite><test-suite id="tests/core/pfstate/test_pfstate_excelclipboard.py" name="tests/core/pfstate/test_pfstate_excelclipboard.py" fullname="tests/core/pfstate/test_pfstate_excelclipboard.py" methodname="" classname="" runstate="Runnable" type="Assembly" testcasecount="0" result="Passed" label="Test if portfolio line can be exported." start-time="0001-01-01 00:00:00.000000" end-time="0001-01-01 00:00:00.000000" duration="0.0" asserts="0" total="0" passed="0" failed="0" warnings="0" inconclusive="0" skipped="0"><properties><property name="python_version" value="3.9.18 (main, Sep 11 2023, 08:25:10) &#10;[Clang 14.0.6 ]" /></properties><environment framework-version="3.6.2" clr-version="3.9.18 (main, Sep 11 2023, 08:25:10) &#10;[Clang 14.0.6 ]" os-version="23.4.0" platform="Darwin" cwd="/Users/alina.voilova/Library/CloudStorage/OneDrive-LichtBlickSE/Desktop/portfolyo/portfolyo" machine-name="arm64" user="" user-domain="" culture="en-US" uiculture="en-US" os-architecture="64bit" /></test-suite><test-suite id="tests/tools/test_standardize.py" name="tests/tools/test_standardize.py" fullname="tests/tools/test_standardize.py" methodname="" classname="" runstate="Runnable" type="Assembly" testcasecount="0" result="Passed" label="" start-time="0001-01-01 00:00:00.000000" end-time="0001-01-01 00:00:00.000000" duration="0.0" asserts="0" total="0" passed="0" failed="0" warnings="0" inconclusive="0" skipped="0"><properties><property name="python_version" value="3.9.18 (main, Sep 11 2023, 08:25:10) &#10;[Clang 14.0.6 ]" /></properties><environment framework-version="3.6.2" clr-version="3.9.18 (main, Sep 11 2023, 08:25:10) &#10;[Clang 14.0.6 ]" os-version="23.4.0" platform="Darwin" cwd="/Users/alina.voilova/Library/CloudStorage/OneDrive-LichtBlickSE/Desktop/portfolyo/portfolyo" machine-name="arm64" user="" user-domain="" culture="en-US" uiculture="en-US" os-architecture="64bit" /></test-suite><test-suite id="tests/dev/test_develop.py" name="tests/dev/test_develop.py" fullname="tests/dev/test_develop.py" methodname="" classname="" runstate="Runnable" type="Assembly" testcasecount="0" result="Passed" label="Simply test if functions don't raise an error" start-time="0001-01-01 00:00:00.000000" end-time="0001-01-01 00:00:00.000000" duration="0.0" asserts="0" total="0" passed="0" failed="0" warnings="0" inconclusive="0" skipped="0"><properties><property name="python_version" value="3.9.18 (main, Sep 11 2023, 08:25:10) &#10;[Clang 14.0.6 ]" /></properties><environment framework-version="3.6.2" clr-version="3.9.18 (main, Sep 11 2023, 08:25:10) &#10;[Clang 14.0.6 ]" os-version="23.4.0" platform="Darwin" cwd="/Users/alina.voilova/Library/CloudStorage/OneDrive-LichtBlickSE/Desktop/portfolyo/portfolyo" machine-name="arm64" user="" user-domain="" culture="en-US" uiculture="en-US" os-architecture="64bit" /></test-suite><test-suite id="tests/tools/test_right.py" name="tests/tools/test_right.py" fullname="tests/tools/test_right.py" methodname="" classname="" runstate="Runnable" type="Assembly" testcasecount="0" result="Passed" label="" start-time="0001-01-01 00:00:00.000000" end-time="0001-01-01 00:00:00.000000" duration="0.0" asserts="0" total="0" passed="0" failed="0" warnings="0" inconclusive="0" skipped="0"><properties><property name="python_version" value="3.9.18 (main, Sep 11 2023, 08:25:10) &#10;[Clang 14.0.6 ]" /></properties><environment framework-version="3.6.2" clr-version="3.9.18 (main, Sep 11 2023, 08:25:10) &#10;[Clang 14.0.6 ]" os-version="23.4.0" platform="Darwin" cwd="/Users/alina.voilova/Library/CloudStorage/OneDrive-LichtBlickSE/Desktop/portfolyo/portfolyo" machine-name="arm64" user="" user-domain="" culture="en-US" uiculture="en-US" os-architecture="64bit" /></test-suite><test-suite id="tests/core/pfline/test_pfline_arithmatic_numeric_and_error.py" name="tests/core/pfline/test_pfline_arithmatic_numeric_and_error.py" fullname="tests/core/pfline/test_pfline_arithmatic_numeric_and_error.py" methodname="" classname="" runstate="Runnable" type="Assembly" testcasecount="0" result="Passed" label="" start-time="0001-01-01 00:00:00.000000" end-time="0001-01-01 00:00:00.000000" duration="0.0" asserts="0" total="0" passed="0" failed="0" warnings="0" inconclusive="0" skipped="0"><properties><property name="python_version" value="3.9.18 (main, Sep 11 2023, 08:25:10) &#10;[Clang 14.0.6 ]" /></properties><environment framework-version="3.6.2" clr-version="3.9.18 (main, Sep 11 2023, 08:25:10) &#10;[Clang 14.0.6 ]" os-version="23.4.0" platform="Darwin" cwd="/Users/alina.voilova/Library/CloudStorage/OneDrive-LichtBlickSE/Desktop/portfolyo/portfolyo" machine-name="arm64" user="" user-domain="" culture="en-US" uiculture="en-US" os-architecture="64bit" /></test-suite><test-suite id="tests/core/pfline/test_slice.py" name="tests/core/pfline/test_slice.py" fullname="tests/core/pfline/test_slice.py" methodname="" classname="" runstate="Runnable" type="Assembly" testcasecount="0" result="Passed" label="Test if slice attributes works properly with portfolio line." start-time="0001-01-01 00:00:00.000000" end-time="0001-01-01 00:00:00.000000" duration="0.0" asserts="0" total="0" passed="0" failed="0" warnings="0" inconclusive="0" skipped="0"><properties><property name="python_version" value="3.9.18 (main, Sep 11 2023, 08:25:10) &#10;[Clang 14.0.6 ]" /></properties><environment framework-version="3.6.2" clr-version="3.9.18 (main, Sep 11 2023, 08:25:10) &#10;[Clang 14.0.6 ]" os-version="23.4.0" platform="Darwin" cwd="/Users/alina.voilova/Library/CloudStorage/OneDrive-LichtBlickSE/Desktop/portfolyo/portfolyo" machine-name="arm64" user="" user-domain="" culture="en-US" uiculture="en-US" os-architecture="64bit" /></test-suite><test-suite id="tests/tools/test_freq.py" name="tests/tools/test_freq.py" fullname="tests/tools/test_freq.py" methodname="" classname="" runstate="Runnable" type="Assembly" testcasecount="0" result="Passed" label="" start-time="0001-01-01 00:00:00.000000" end-time="0001-01-01 00:00:00.000000" duration="0.0" asserts="0" total="0" passed="0" failed="0" warnings="0" inconclusive="0" skipped="0"><properties><property name="python_version" value="3.9.18 (main, Sep 11 2023, 08:25:10) &#10;[Clang 14.0.6 ]" /></properties><environment framework-version="3.6.2" clr-version="3.9.18 (main, Sep 11 2023, 08:25:10) &#10;[Clang 14.0.6 ]" os-version="23.4.0" platform="Darwin" cwd="/Users/alina.voilova/Library/CloudStorage/OneDrive-LichtBlickSE/Desktop/portfolyo/portfolyo" machine-name="arm64" user="" user-domain="" culture="en-US" uiculture="en-US" os-architecture="64bit" /></test-suite><test-suite id="tests/core/pfline/test_nested_children.py" name="tests/core/pfline/test_nested_children.py" fullname="tests/core/pfline/test_nested_children.py" methodname="" classname="" runstate="Runnable" type="Assembly" testcasecount="0" result="Passed" label="Test if children can be added to and dropped from a portfolyo line." start-time="0001-01-01 00:00:00.000000" end-time="0001-01-01 00:00:00.000000" duration="0.0" asserts="0" total="0" passed="0" failed="0" warnings="0" inconclusive="0" skipped="0"><properties><property name="python_version" value="3.9.18 (main, Sep 11 2023, 08:25:10) &#10;[Clang 14.0.6 ]" /></properties><environment framework-version="3.6.2" clr-version="3.9.18 (main, Sep 11 2023, 08:25:10) &#10;[Clang 14.0.6 ]" os-version="23.4.0" platform="Darwin" cwd="/Users/alina.voilova/Library/CloudStorage/OneDrive-LichtBlickSE/Desktop/portfolyo/portfolyo" machine-name="arm64" user="" user-domain="" culture="en-US" uiculture="en-US" os-architecture="64bit" /></test-suite><test-suite id="tests/tools/test_stamp.py" name="tests/tools/test_stamp.py" fullname="tests/tools/test_stamp.py" methodname="" classname="" runstate="Runnable" type="Assembly" testcasecount="0" result="Passed" label="" start-time="0001-01-01 00:00:00.000000" end-time="0001-01-01 00:00:00.000000" duration="0.0" asserts="0" total="0" passed="0" failed="0" warnings="0" inconclusive="0" skipped="0"><properties><property name="python_version" value="3.9.18 (main, Sep 11 2023, 08:25:10) &#10;[Clang 14.0.6 ]" /></properties><environment framework-version="3.6.2" clr-version="3.9.18 (main, Sep 11 2023, 08:25:10) &#10;[Clang 14.0.6 ]" os-version="23.4.0" platform="Darwin" cwd="/Users/alina.voilova/Library/CloudStorage/OneDrive-LichtBlickSE/Desktop/portfolyo/portfolyo" machine-name="arm64" user="" user-domain="" culture="en-US" uiculture="en-US" os-architecture="64bit" /></test-suite></test-run>