<test-run id="2" testcasecount="105" result="Passed" start-time="2024-03-06 16:07:49.701024" end-time="2024-03-06 16:09:09.805617" duration="80" total="105" passed="0" failed="105" inconclusive="0" skipped="0" asserts="0" clr-version="3.11.8 (main, Feb  6 2024, 21:21:21) [Clang 15.0.0 (clang-1500.1.0.2.5)]" engine-version="3.6.2"><command-line>/Users/ruud.wijtvliet/.local/share/nvim/lazy/neotest-python/neotest.py --results-file /var/folders/4l/jxhd2x_x0x15bwll5w9f_5rr0000gq/T/nvim.ruud.wijtvliet/bxjGD4/9 --stream-file /var/folders/4l/jxhd2x_x0x15bwll5w9f_5rr0000gq/T/nvim.ruud.wijtvliet/bxjGD4/10 --runner pytest -- /Users/ruud.wijtvliet/python/portfolyo/tests/core/pfstate/test_slice_state.py</command-line><filter><test re="0">/Users/ruud.wijtvliet/python/portfolyo/tests/core/pfstate/test_slice_state.py</test></filter><test-suite id="tests/core/pfstate/test_slice_state.py" name="tests/core/pfstate/test_slice_state.py" fullname="tests/core/pfstate/test_slice_state.py" methodname="" classname="" runstate="Runnable" type="Assembly" testcasecount="105" result="Passed" label="Test if slice attributes works properly with portfolio state." start-time="2024-03-06 16:07:50.711630" end-time="2024-03-06 16:09:09.789389" duration="79.077759" asserts="0" total="105" passed="0" failed="105" warnings="0" inconclusive="0" skipped="0"><properties><property name="python_version" value="3.11.8 (main, Feb  6 2024, 21:21:21) [Clang 15.0.0 (clang-1500.1.0.2.5)]" /></properties><test-case id="100" name="tests/core/pfstate/test_slice_state.py::test_slice_state[slice_end0-2021-MS]" fullname="tests/core/pfstate/test_slice_state.py::test_slice_state[slice_end0-2021-MS]" methodname="test_slice_state[slice_end0-2021-MS]" classname="tests/core/pfstate/test_slice_state.py" runstate="Runnable" seed="1" result="Failed" label="" start-time="2024-03-06 16:07:50.711630" end-time="2024-03-06 16:07:50.831474" duration="0.119844" asserts="0"><properties><property name="python-version" value="3.11.8 (main, Feb  6 2024, 21:21:21) [Clang 15.0.0 (clang-1500.1.0.2.5)]" /><property name="fspath" value="tests/core/pfstate/test_slice_state.py" /></properties><environment framework-version="3.6.2" clr-version="3.11.8 (main, Feb  6 2024, 21:21:21) [Clang 15.0.0 (clang-1500.1.0.2.5)]" os-version="23.3.0" platform="Darwin" cwd="/Users/ruud.wijtvliet/python/portfolyo/tests/core" machine-name="arm64" user="" user-domain="" culture="en-US" uiculture="en-US" os-architecture="64bit" /><failure><message><![CDATA[slice_start = '2021', slice_end = ('2021', '2020'), freq = 'MS'

    @pytest.mark.parametrize("freq", ["MS", "AS", "QS", "D", "15T"])
    @pytest.mark.parametrize("slice_start", ["2021", "2022", "2022-01-02"])
    @pytest.mark.parametrize(
        "slice_end",
        [
            # (&lt;param for slice&gt;, &lt;param for loc&gt;)
            ("2021", "2020"),
            ("2022", "2021"),
            ("2022-01-02", "2022-01-01"),
        ],
    )
    def test_slice_state(slice_start, slice_end, freq):
        index = pd.date_range("2020", "2024", freq=freq)
        pfs = dev.get_pfstate(index)
    
&gt;       pfs_to_concat = [pfs.slice[: slice_end[0]], pfs.slice[slice_start:]]
E       AttributeError: 'PfState' object has no attribute 'slice'

pfstate/test_slice_state.py:23: AttributeError]]></message><stack-trace><![CDATA[/Users/ruud.wijtvliet/python/portfolyo/tests/core/pfstate/test_slice_state.py:23: AttributeError: 'PfState' object has no attribute 'slice']]></stack-trace></failure><reason><message><![CDATA[]]></message></reason><output><![CDATA[]]></output></test-case><test-case id="101" name="tests/core/pfstate/test_slice_state.py::test_slice_state[slice_end0-2021-AS]" fullname="tests/core/pfstate/test_slice_state.py::test_slice_state[slice_end0-2021-AS]" methodname="test_slice_state[slice_end0-2021-AS]" classname="tests/core/pfstate/test_slice_state.py" runstate="Runnable" seed="1" result="Failed" label="" start-time="2024-03-06 16:07:50.831949" end-time="2024-03-06 16:07:50.861797" duration="0.029848" asserts="0"><properties><property name="python-version" value="3.11.8 (main, Feb  6 2024, 21:21:21) [Clang 15.0.0 (clang-1500.1.0.2.5)]" /><property name="fspath" value="tests/core/pfstate/test_slice_state.py" /></properties><environment framework-version="3.6.2" clr-version="3.11.8 (main, Feb  6 2024, 21:21:21) [Clang 15.0.0 (clang-1500.1.0.2.5)]" os-version="23.3.0" platform="Darwin" cwd="/Users/ruud.wijtvliet/python/portfolyo/tests/core" machine-name="arm64" user="" user-domain="" culture="en-US" uiculture="en-US" os-architecture="64bit" /><failure><message><![CDATA[slice_start = '2021', slice_end = ('2021', '2020'), freq = 'AS'

    @pytest.mark.parametrize("freq", ["MS", "AS", "QS", "D", "15T"])
    @pytest.mark.parametrize("slice_start", ["2021", "2022", "2022-01-02"])
    @pytest.mark.parametrize(
        "slice_end",
        [
            # (&lt;param for slice&gt;, &lt;param for loc&gt;)
            ("2021", "2020"),
            ("2022", "2021"),
            ("2022-01-02", "2022-01-01"),
        ],
    )
    def test_slice_state(slice_start, slice_end, freq):
        index = pd.date_range("2020", "2024", freq=freq)
        pfs = dev.get_pfstate(index)
    
&gt;       pfs_to_concat = [pfs.slice[: slice_end[0]], pfs.slice[slice_start:]]
E       AttributeError: 'PfState' object has no attribute 'slice'

pfstate/test_slice_state.py:23: AttributeError]]></message><stack-trace><![CDATA[/Users/ruud.wijtvliet/python/portfolyo/tests/core/pfstate/test_slice_state.py:23: AttributeError: 'PfState' object has no attribute 'slice']]></stack-trace></failure><reason><message><![CDATA[]]></message></reason><output><![CDATA[]]></output></test-case><test-case id="102" name="tests/core/pfstate/test_slice_state.py::test_slice_state[slice_end0-2021-QS]" fullname="tests/core/pfstate/test_slice_state.py::test_slice_state[slice_end0-2021-QS]" methodname="test_slice_state[slice_end0-2021-QS]" classname="tests/core/pfstate/test_slice_state.py" runstate="Runnable" seed="1" result="Failed" label="" start-time="2024-03-06 16:07:50.862222" end-time="2024-03-06 16:07:50.892273" duration="0.030051" asserts="0"><properties><property name="python-version" value="3.11.8 (main, Feb  6 2024, 21:21:21) [Clang 15.0.0 (clang-1500.1.0.2.5)]" /><property name="fspath" value="tests/core/pfstate/test_slice_state.py" /></properties><environment framework-version="3.6.2" clr-version="3.11.8 (main, Feb  6 2024, 21:21:21) [Clang 15.0.0 (clang-1500.1.0.2.5)]" os-version="23.3.0" platform="Darwin" cwd="/Users/ruud.wijtvliet/python/portfolyo/tests/core" machine-name="arm64" user="" user-domain="" culture="en-US" uiculture="en-US" os-architecture="64bit" /><failure><message><![CDATA[slice_start = '2021', slice_end = ('2021', '2020'), freq = 'QS'

    @pytest.mark.parametrize("freq", ["MS", "AS", "QS", "D", "15T"])
    @pytest.mark.parametrize("slice_start", ["2021", "2022", "2022-01-02"])
    @pytest.mark.parametrize(
        "slice_end",
        [
            # (&lt;param for slice&gt;, &lt;param for loc&gt;)
            ("2021", "2020"),
            ("2022", "2021"),
            ("2022-01-02", "2022-01-01"),
        ],
    )
    def test_slice_state(slice_start, slice_end, freq):
        index = pd.date_range("2020", "2024", freq=freq)
        pfs = dev.get_pfstate(index)
    
&gt;       pfs_to_concat = [pfs.slice[: slice_end[0]], pfs.slice[slice_start:]]
E       AttributeError: 'PfState' object has no attribute 'slice'

pfstate/test_slice_state.py:23: AttributeError]]></message><stack-trace><![CDATA[/Users/ruud.wijtvliet/python/portfolyo/tests/core/pfstate/test_slice_state.py:23: AttributeError: 'PfState' object has no attribute 'slice']]></stack-trace></failure><reason><message><![CDATA[]]></message></reason><output><![CDATA[]]></output></test-case><test-case id="103" name="tests/core/pfstate/test_slice_state.py::test_slice_state[slice_end0-2021-D]" fullname="tests/core/pfstate/test_slice_state.py::test_slice_state[slice_end0-2021-D]" methodname="test_slice_state[slice_end0-2021-D]" classname="tests/core/pfstate/test_slice_state.py" runstate="Runnable" seed="1" result="Failed" label="" start-time="2024-03-06 16:07:50.892674" end-time="2024-03-06 16:07:50.941466" duration="0.048792" asserts="0"><properties><property name="python-version" value="3.11.8 (main, Feb  6 2024, 21:21:21) [Clang 15.0.0 (clang-1500.1.0.2.5)]" /><property name="fspath" value="tests/core/pfstate/test_slice_state.py" /></properties><environment framework-version="3.6.2" clr-version="3.11.8 (main, Feb  6 2024, 21:21:21) [Clang 15.0.0 (clang-1500.1.0.2.5)]" os-version="23.3.0" platform="Darwin" cwd="/Users/ruud.wijtvliet/python/portfolyo/tests/core" machine-name="arm64" user="" user-domain="" culture="en-US" uiculture="en-US" os-architecture="64bit" /><failure><message><![CDATA[slice_start = '2021', slice_end = ('2021', '2020'), freq = 'D'

    @pytest.mark.parametrize("freq", ["MS", "AS", "QS", "D", "15T"])
    @pytest.mark.parametrize("slice_start", ["2021", "2022", "2022-01-02"])
    @pytest.mark.parametrize(
        "slice_end",
        [
            # (&lt;param for slice&gt;, &lt;param for loc&gt;)
            ("2021", "2020"),
            ("2022", "2021"),
            ("2022-01-02", "2022-01-01"),
        ],
    )
    def test_slice_state(slice_start, slice_end, freq):
        index = pd.date_range("2020", "2024", freq=freq)
        pfs = dev.get_pfstate(index)
    
&gt;       pfs_to_concat = [pfs.slice[: slice_end[0]], pfs.slice[slice_start:]]
E       AttributeError: 'PfState' object has no attribute 'slice'

pfstate/test_slice_state.py:23: AttributeError]]></message><stack-trace><![CDATA[/Users/ruud.wijtvliet/python/portfolyo/tests/core/pfstate/test_slice_state.py:23: AttributeError: 'PfState' object has no attribute 'slice']]></stack-trace></failure><reason><message><![CDATA[]]></message></reason><output><![CDATA[]]></output></test-case><test-case id="104" name="tests/core/pfstate/test_slice_state.py::test_slice_state[slice_end0-2021-15T]" fullname="tests/core/pfstate/test_slice_state.py::test_slice_state[slice_end0-2021-15T]" methodname="test_slice_state[slice_end0-2021-15T]" classname="tests/core/pfstate/test_slice_state.py" runstate="Runnable" seed="1" result="Failed" label="" start-time="2024-03-06 16:07:50.941864" end-time="2024-03-06 16:07:54.553686" duration="3.611822" asserts="0"><properties><property name="python-version" value="3.11.8 (main, Feb  6 2024, 21:21:21) [Clang 15.0.0 (clang-1500.1.0.2.5)]" /><property name="fspath" value="tests/core/pfstate/test_slice_state.py" /></properties><environment framework-version="3.6.2" clr-version="3.11.8 (main, Feb  6 2024, 21:21:21) [Clang 15.0.0 (clang-1500.1.0.2.5)]" os-version="23.3.0" platform="Darwin" cwd="/Users/ruud.wijtvliet/python/portfolyo/tests/core" machine-name="arm64" user="" user-domain="" culture="en-US" uiculture="en-US" os-architecture="64bit" /><failure><message><![CDATA[slice_start = '2021', slice_end = ('2021', '2020'), freq = '15T'

    @pytest.mark.parametrize("freq", ["MS", "AS", "QS", "D", "15T"])
    @pytest.mark.parametrize("slice_start", ["2021", "2022", "2022-01-02"])
    @pytest.mark.parametrize(
        "slice_end",
        [
            # (&lt;param for slice&gt;, &lt;param for loc&gt;)
            ("2021", "2020"),
            ("2022", "2021"),
            ("2022-01-02", "2022-01-01"),
        ],
    )
    def test_slice_state(slice_start, slice_end, freq):
        index = pd.date_range("2020", "2024", freq=freq)
        pfs = dev.get_pfstate(index)
    
&gt;       pfs_to_concat = [pfs.slice[: slice_end[0]], pfs.slice[slice_start:]]
E       AttributeError: 'PfState' object has no attribute 'slice'

pfstate/test_slice_state.py:23: AttributeError]]></message><stack-trace><![CDATA[/Users/ruud.wijtvliet/python/portfolyo/tests/core/pfstate/test_slice_state.py:23: AttributeError: 'PfState' object has no attribute 'slice']]></stack-trace></failure><reason><message><![CDATA[]]></message></reason><output><![CDATA[]]></output></test-case><test-case id="105" name="tests/core/pfstate/test_slice_state.py::test_slice_state[slice_end0-2022-MS]" fullname="tests/core/pfstate/test_slice_state.py::test_slice_state[slice_end0-2022-MS]" methodname="test_slice_state[slice_end0-2022-MS]" classname="tests/core/pfstate/test_slice_state.py" runstate="Runnable" seed="1" result="Failed" label="" start-time="2024-03-06 16:07:54.554113" end-time="2024-03-06 16:07:54.584511" duration="0.030398" asserts="0"><properties><property name="python-version" value="3.11.8 (main, Feb  6 2024, 21:21:21) [Clang 15.0.0 (clang-1500.1.0.2.5)]" /><property name="fspath" value="tests/core/pfstate/test_slice_state.py" /></properties><environment framework-version="3.6.2" clr-version="3.11.8 (main, Feb  6 2024, 21:21:21) [Clang 15.0.0 (clang-1500.1.0.2.5)]" os-version="23.3.0" platform="Darwin" cwd="/Users/ruud.wijtvliet/python/portfolyo/tests/core" machine-name="arm64" user="" user-domain="" culture="en-US" uiculture="en-US" os-architecture="64bit" /><failure><message><![CDATA[slice_start = '2022', slice_end = ('2021', '2020'), freq = 'MS'

    @pytest.mark.parametrize("freq", ["MS", "AS", "QS", "D", "15T"])
    @pytest.mark.parametrize("slice_start", ["2021", "2022", "2022-01-02"])
    @pytest.mark.parametrize(
        "slice_end",
        [
            # (&lt;param for slice&gt;, &lt;param for loc&gt;)
            ("2021", "2020"),
            ("2022", "2021"),
            ("2022-01-02", "2022-01-01"),
        ],
    )
    def test_slice_state(slice_start, slice_end, freq):
        index = pd.date_range("2020", "2024", freq=freq)
        pfs = dev.get_pfstate(index)
    
&gt;       pfs_to_concat = [pfs.slice[: slice_end[0]], pfs.slice[slice_start:]]
E       AttributeError: 'PfState' object has no attribute 'slice'

pfstate/test_slice_state.py:23: AttributeError]]></message><stack-trace><![CDATA[/Users/ruud.wijtvliet/python/portfolyo/tests/core/pfstate/test_slice_state.py:23: AttributeError: 'PfState' object has no attribute 'slice']]></stack-trace></failure><reason><message><![CDATA[]]></message></reason><output><![CDATA[]]></output></test-case><test-case id="106" name="tests/core/pfstate/test_slice_state.py::test_slice_state[slice_end0-2022-AS]" fullname="tests/core/pfstate/test_slice_state.py::test_slice_state[slice_end0-2022-AS]" methodname="test_slice_state[slice_end0-2022-AS]" classname="tests/core/pfstate/test_slice_state.py" runstate="Runnable" seed="1" result="Failed" label="" start-time="2024-03-06 16:07:54.584881" end-time="2024-03-06 16:07:54.611970" duration="0.027089" asserts="0"><properties><property name="python-version" value="3.11.8 (main, Feb  6 2024, 21:21:21) [Clang 15.0.0 (clang-1500.1.0.2.5)]" /><property name="fspath" value="tests/core/pfstate/test_slice_state.py" /></properties><environment framework-version="3.6.2" clr-version="3.11.8 (main, Feb  6 2024, 21:21:21) [Clang 15.0.0 (clang-1500.1.0.2.5)]" os-version="23.3.0" platform="Darwin" cwd="/Users/ruud.wijtvliet/python/portfolyo/tests/core" machine-name="arm64" user="" user-domain="" culture="en-US" uiculture="en-US" os-architecture="64bit" /><failure><message><![CDATA[slice_start = '2022', slice_end = ('2021', '2020'), freq = 'AS'

    @pytest.mark.parametrize("freq", ["MS", "AS", "QS", "D", "15T"])
    @pytest.mark.parametrize("slice_start", ["2021", "2022", "2022-01-02"])
    @pytest.mark.parametrize(
        "slice_end",
        [
            # (&lt;param for slice&gt;, &lt;param for loc&gt;)
            ("2021", "2020"),
            ("2022", "2021"),
            ("2022-01-02", "2022-01-01"),
        ],
    )
    def test_slice_state(slice_start, slice_end, freq):
        index = pd.date_range("2020", "2024", freq=freq)
        pfs = dev.get_pfstate(index)
    
&gt;       pfs_to_concat = [pfs.slice[: slice_end[0]], pfs.slice[slice_start:]]
E       AttributeError: 'PfState' object has no attribute 'slice'

pfstate/test_slice_state.py:23: AttributeError]]></message><stack-trace><![CDATA[/Users/ruud.wijtvliet/python/portfolyo/tests/core/pfstate/test_slice_state.py:23: AttributeError: 'PfState' object has no attribute 'slice']]></stack-trace></failure><reason><message><![CDATA[]]></message></reason><output><![CDATA[]]></output></test-case><test-case id="107" name="tests/core/pfstate/test_slice_state.py::test_slice_state[slice_end0-2022-QS]" fullname="tests/core/pfstate/test_slice_state.py::test_slice_state[slice_end0-2022-QS]" methodname="test_slice_state[slice_end0-2022-QS]" classname="tests/core/pfstate/test_slice_state.py" runstate="Runnable" seed="1" result="Failed" label="" start-time="2024-03-06 16:07:54.612339" end-time="2024-03-06 16:07:54.640408" duration="0.028069" asserts="0"><properties><property name="python-version" value="3.11.8 (main, Feb  6 2024, 21:21:21) [Clang 15.0.0 (clang-1500.1.0.2.5)]" /><property name="fspath" value="tests/core/pfstate/test_slice_state.py" /></properties><environment framework-version="3.6.2" clr-version="3.11.8 (main, Feb  6 2024, 21:21:21) [Clang 15.0.0 (clang-1500.1.0.2.5)]" os-version="23.3.0" platform="Darwin" cwd="/Users/ruud.wijtvliet/python/portfolyo/tests/core" machine-name="arm64" user="" user-domain="" culture="en-US" uiculture="en-US" os-architecture="64bit" /><failure><message><![CDATA[slice_start = '2022', slice_end = ('2021', '2020'), freq = 'QS'

    @pytest.mark.parametrize("freq", ["MS", "AS", "QS", "D", "15T"])
    @pytest.mark.parametrize("slice_start", ["2021", "2022", "2022-01-02"])
    @pytest.mark.parametrize(
        "slice_end",
        [
            # (&lt;param for slice&gt;, &lt;param for loc&gt;)
            ("2021", "2020"),
            ("2022", "2021"),
            ("2022-01-02", "2022-01-01"),
        ],
    )
    def test_slice_state(slice_start, slice_end, freq):
        index = pd.date_range("2020", "2024", freq=freq)
        pfs = dev.get_pfstate(index)
    
&gt;       pfs_to_concat = [pfs.slice[: slice_end[0]], pfs.slice[slice_start:]]
E       AttributeError: 'PfState' object has no attribute 'slice'

pfstate/test_slice_state.py:23: AttributeError]]></message><stack-trace><![CDATA[/Users/ruud.wijtvliet/python/portfolyo/tests/core/pfstate/test_slice_state.py:23: AttributeError: 'PfState' object has no attribute 'slice']]></stack-trace></failure><reason><message><![CDATA[]]></message></reason><output><![CDATA[]]></output></test-case><test-case id="108" name="tests/core/pfstate/test_slice_state.py::test_slice_state[slice_end0-2022-D]" fullname="tests/core/pfstate/test_slice_state.py::test_slice_state[slice_end0-2022-D]" methodname="test_slice_state[slice_end0-2022-D]" classname="tests/core/pfstate/test_slice_state.py" runstate="Runnable" seed="1" result="Failed" label="" start-time="2024-03-06 16:07:54.640762" end-time="2024-03-06 16:07:54.686654" duration="0.045892" asserts="0"><properties><property name="python-version" value="3.11.8 (main, Feb  6 2024, 21:21:21) [Clang 15.0.0 (clang-1500.1.0.2.5)]" /><property name="fspath" value="tests/core/pfstate/test_slice_state.py" /></properties><environment framework-version="3.6.2" clr-version="3.11.8 (main, Feb  6 2024, 21:21:21) [Clang 15.0.0 (clang-1500.1.0.2.5)]" os-version="23.3.0" platform="Darwin" cwd="/Users/ruud.wijtvliet/python/portfolyo/tests/core" machine-name="arm64" user="" user-domain="" culture="en-US" uiculture="en-US" os-architecture="64bit" /><failure><message><![CDATA[slice_start = '2022', slice_end = ('2021', '2020'), freq = 'D'

    @pytest.mark.parametrize("freq", ["MS", "AS", "QS", "D", "15T"])
    @pytest.mark.parametrize("slice_start", ["2021", "2022", "2022-01-02"])
    @pytest.mark.parametrize(
        "slice_end",
        [
            # (&lt;param for slice&gt;, &lt;param for loc&gt;)
            ("2021", "2020"),
            ("2022", "2021"),
            ("2022-01-02", "2022-01-01"),
        ],
    )
    def test_slice_state(slice_start, slice_end, freq):
        index = pd.date_range("2020", "2024", freq=freq)
        pfs = dev.get_pfstate(index)
    
&gt;       pfs_to_concat = [pfs.slice[: slice_end[0]], pfs.slice[slice_start:]]
E       AttributeError: 'PfState' object has no attribute 'slice'

pfstate/test_slice_state.py:23: AttributeError]]></message><stack-trace><![CDATA[/Users/ruud.wijtvliet/python/portfolyo/tests/core/pfstate/test_slice_state.py:23: AttributeError: 'PfState' object has no attribute 'slice']]></stack-trace></failure><reason><message><![CDATA[]]></message></reason><output><![CDATA[]]></output></test-case><test-case id="109" name="tests/core/pfstate/test_slice_state.py::test_slice_state[slice_end0-2022-15T]" fullname="tests/core/pfstate/test_slice_state.py::test_slice_state[slice_end0-2022-15T]" methodname="test_slice_state[slice_end0-2022-15T]" classname="tests/core/pfstate/test_slice_state.py" runstate="Runnable" seed="1" result="Failed" label="" start-time="2024-03-06 16:07:54.687009" end-time="2024-03-06 16:07:58.041789" duration="3.35478" asserts="0"><properties><property name="python-version" value="3.11.8 (main, Feb  6 2024, 21:21:21) [Clang 15.0.0 (clang-1500.1.0.2.5)]" /><property name="fspath" value="tests/core/pfstate/test_slice_state.py" /></properties><environment framework-version="3.6.2" clr-version="3.11.8 (main, Feb  6 2024, 21:21:21) [Clang 15.0.0 (clang-1500.1.0.2.5)]" os-version="23.3.0" platform="Darwin" cwd="/Users/ruud.wijtvliet/python/portfolyo/tests/core" machine-name="arm64" user="" user-domain="" culture="en-US" uiculture="en-US" os-architecture="64bit" /><failure><message><![CDATA[slice_start = '2022', slice_end = ('2021', '2020'), freq = '15T'

    @pytest.mark.parametrize("freq", ["MS", "AS", "QS", "D", "15T"])
    @pytest.mark.parametrize("slice_start", ["2021", "2022", "2022-01-02"])
    @pytest.mark.parametrize(
        "slice_end",
        [
            # (&lt;param for slice&gt;, &lt;param for loc&gt;)
            ("2021", "2020"),
            ("2022", "2021"),
            ("2022-01-02", "2022-01-01"),
        ],
    )
    def test_slice_state(slice_start, slice_end, freq):
        index = pd.date_range("2020", "2024", freq=freq)
        pfs = dev.get_pfstate(index)
    
&gt;       pfs_to_concat = [pfs.slice[: slice_end[0]], pfs.slice[slice_start:]]
E       AttributeError: 'PfState' object has no attribute 'slice'

pfstate/test_slice_state.py:23: AttributeError]]></message><stack-trace><![CDATA[/Users/ruud.wijtvliet/python/portfolyo/tests/core/pfstate/test_slice_state.py:23: AttributeError: 'PfState' object has no attribute 'slice']]></stack-trace></failure><reason><message><![CDATA[]]></message></reason><output><![CDATA[]]></output></test-case><test-case id="110" name="tests/core/pfstate/test_slice_state.py::test_slice_state[slice_end0-2022-01-02-MS]" fullname="tests/core/pfstate/test_slice_state.py::test_slice_state[slice_end0-2022-01-02-MS]" methodname="test_slice_state[slice_end0-2022-01-02-MS]" classname="tests/core/pfstate/test_slice_state.py" runstate="Runnable" seed="1" result="Failed" label="" start-time="2024-03-06 16:07:58.042254" end-time="2024-03-06 16:07:58.072399" duration="0.030145" asserts="0"><properties><property name="python-version" value="3.11.8 (main, Feb  6 2024, 21:21:21) [Clang 15.0.0 (clang-1500.1.0.2.5)]" /><property name="fspath" value="tests/core/pfstate/test_slice_state.py" /></properties><environment framework-version="3.6.2" clr-version="3.11.8 (main, Feb  6 2024, 21:21:21) [Clang 15.0.0 (clang-1500.1.0.2.5)]" os-version="23.3.0" platform="Darwin" cwd="/Users/ruud.wijtvliet/python/portfolyo/tests/core" machine-name="arm64" user="" user-domain="" culture="en-US" uiculture="en-US" os-architecture="64bit" /><failure><message><![CDATA[slice_start = '2022-01-02', slice_end = ('2021', '2020'), freq = 'MS'

    @pytest.mark.parametrize("freq", ["MS", "AS", "QS", "D", "15T"])
    @pytest.mark.parametrize("slice_start", ["2021", "2022", "2022-01-02"])
    @pytest.mark.parametrize(
        "slice_end",
        [
            # (&lt;param for slice&gt;, &lt;param for loc&gt;)
            ("2021", "2020"),
            ("2022", "2021"),
            ("2022-01-02", "2022-01-01"),
        ],
    )
    def test_slice_state(slice_start, slice_end, freq):
        index = pd.date_range("2020", "2024", freq=freq)
        pfs = dev.get_pfstate(index)
    
&gt;       pfs_to_concat = [pfs.slice[: slice_end[0]], pfs.slice[slice_start:]]
E       AttributeError: 'PfState' object has no attribute 'slice'

pfstate/test_slice_state.py:23: AttributeError]]></message><stack-trace><![CDATA[/Users/ruud.wijtvliet/python/portfolyo/tests/core/pfstate/test_slice_state.py:23: AttributeError: 'PfState' object has no attribute 'slice']]></stack-trace></failure><reason><message><![CDATA[]]></message></reason><output><![CDATA[]]></output></test-case><test-case id="111" name="tests/core/pfstate/test_slice_state.py::test_slice_state[slice_end0-2022-01-02-AS]" fullname="tests/core/pfstate/test_slice_state.py::test_slice_state[slice_end0-2022-01-02-AS]" methodname="test_slice_state[slice_end0-2022-01-02-AS]" classname="tests/core/pfstate/test_slice_state.py" runstate="Runnable" seed="1" result="Failed" label="" start-time="2024-03-06 16:07:58.072778" end-time="2024-03-06 16:07:58.100049" duration="0.027271" asserts="0"><properties><property name="python-version" value="3.11.8 (main, Feb  6 2024, 21:21:21) [Clang 15.0.0 (clang-1500.1.0.2.5)]" /><property name="fspath" value="tests/core/pfstate/test_slice_state.py" /></properties><environment framework-version="3.6.2" clr-version="3.11.8 (main, Feb  6 2024, 21:21:21) [Clang 15.0.0 (clang-1500.1.0.2.5)]" os-version="23.3.0" platform="Darwin" cwd="/Users/ruud.wijtvliet/python/portfolyo/tests/core" machine-name="arm64" user="" user-domain="" culture="en-US" uiculture="en-US" os-architecture="64bit" /><failure><message><![CDATA[slice_start = '2022-01-02', slice_end = ('2021', '2020'), freq = 'AS'

    @pytest.mark.parametrize("freq", ["MS", "AS", "QS", "D", "15T"])
    @pytest.mark.parametrize("slice_start", ["2021", "2022", "2022-01-02"])
    @pytest.mark.parametrize(
        "slice_end",
        [
            # (&lt;param for slice&gt;, &lt;param for loc&gt;)
            ("2021", "2020"),
            ("2022", "2021"),
            ("2022-01-02", "2022-01-01"),
        ],
    )
    def test_slice_state(slice_start, slice_end, freq):
        index = pd.date_range("2020", "2024", freq=freq)
        pfs = dev.get_pfstate(index)
    
&gt;       pfs_to_concat = [pfs.slice[: slice_end[0]], pfs.slice[slice_start:]]
E       AttributeError: 'PfState' object has no attribute 'slice'

pfstate/test_slice_state.py:23: AttributeError]]></message><stack-trace><![CDATA[/Users/ruud.wijtvliet/python/portfolyo/tests/core/pfstate/test_slice_state.py:23: AttributeError: 'PfState' object has no attribute 'slice']]></stack-trace></failure><reason><message><![CDATA[]]></message></reason><output><![CDATA[]]></output></test-case><test-case id="112" name="tests/core/pfstate/test_slice_state.py::test_slice_state[slice_end0-2022-01-02-QS]" fullname="tests/core/pfstate/test_slice_state.py::test_slice_state[slice_end0-2022-01-02-QS]" methodname="test_slice_state[slice_end0-2022-01-02-QS]" classname="tests/core/pfstate/test_slice_state.py" runstate="Runnable" seed="1" result="Failed" label="" start-time="2024-03-06 16:07:58.100407" end-time="2024-03-06 16:07:58.129299" duration="0.028892" asserts="0"><properties><property name="python-version" value="3.11.8 (main, Feb  6 2024, 21:21:21) [Clang 15.0.0 (clang-1500.1.0.2.5)]" /><property name="fspath" value="tests/core/pfstate/test_slice_state.py" /></properties><environment framework-version="3.6.2" clr-version="3.11.8 (main, Feb  6 2024, 21:21:21) [Clang 15.0.0 (clang-1500.1.0.2.5)]" os-version="23.3.0" platform="Darwin" cwd="/Users/ruud.wijtvliet/python/portfolyo/tests/core" machine-name="arm64" user="" user-domain="" culture="en-US" uiculture="en-US" os-architecture="64bit" /><failure><message><![CDATA[slice_start = '2022-01-02', slice_end = ('2021', '2020'), freq = 'QS'

    @pytest.mark.parametrize("freq", ["MS", "AS", "QS", "D", "15T"])
    @pytest.mark.parametrize("slice_start", ["2021", "2022", "2022-01-02"])
    @pytest.mark.parametrize(
        "slice_end",
        [
            # (&lt;param for slice&gt;, &lt;param for loc&gt;)
            ("2021", "2020"),
            ("2022", "2021"),
            ("2022-01-02", "2022-01-01"),
        ],
    )
    def test_slice_state(slice_start, slice_end, freq):
        index = pd.date_range("2020", "2024", freq=freq)
        pfs = dev.get_pfstate(index)
    
&gt;       pfs_to_concat = [pfs.slice[: slice_end[0]], pfs.slice[slice_start:]]
E       AttributeError: 'PfState' object has no attribute 'slice'

pfstate/test_slice_state.py:23: AttributeError]]></message><stack-trace><![CDATA[/Users/ruud.wijtvliet/python/portfolyo/tests/core/pfstate/test_slice_state.py:23: AttributeError: 'PfState' object has no attribute 'slice']]></stack-trace></failure><reason><message><![CDATA[]]></message></reason><output><![CDATA[]]></output></test-case><test-case id="113" name="tests/core/pfstate/test_slice_state.py::test_slice_state[slice_end0-2022-01-02-D]" fullname="tests/core/pfstate/test_slice_state.py::test_slice_state[slice_end0-2022-01-02-D]" methodname="test_slice_state[slice_end0-2022-01-02-D]" classname="tests/core/pfstate/test_slice_state.py" runstate="Runnable" seed="1" result="Failed" label="" start-time="2024-03-06 16:07:58.129659" end-time="2024-03-06 16:07:58.175765" duration="0.046106" asserts="0"><properties><property name="python-version" value="3.11.8 (main, Feb  6 2024, 21:21:21) [Clang 15.0.0 (clang-1500.1.0.2.5)]" /><property name="fspath" value="tests/core/pfstate/test_slice_state.py" /></properties><environment framework-version="3.6.2" clr-version="3.11.8 (main, Feb  6 2024, 21:21:21) [Clang 15.0.0 (clang-1500.1.0.2.5)]" os-version="23.3.0" platform="Darwin" cwd="/Users/ruud.wijtvliet/python/portfolyo/tests/core" machine-name="arm64" user="" user-domain="" culture="en-US" uiculture="en-US" os-architecture="64bit" /><failure><message><![CDATA[slice_start = '2022-01-02', slice_end = ('2021', '2020'), freq = 'D'

    @pytest.mark.parametrize("freq", ["MS", "AS", "QS", "D", "15T"])
    @pytest.mark.parametrize("slice_start", ["2021", "2022", "2022-01-02"])
    @pytest.mark.parametrize(
        "slice_end",
        [
            # (&lt;param for slice&gt;, &lt;param for loc&gt;)
            ("2021", "2020"),
            ("2022", "2021"),
            ("2022-01-02", "2022-01-01"),
        ],
    )
    def test_slice_state(slice_start, slice_end, freq):
        index = pd.date_range("2020", "2024", freq=freq)
        pfs = dev.get_pfstate(index)
    
&gt;       pfs_to_concat = [pfs.slice[: slice_end[0]], pfs.slice[slice_start:]]
E       AttributeError: 'PfState' object has no attribute 'slice'

pfstate/test_slice_state.py:23: AttributeError]]></message><stack-trace><![CDATA[/Users/ruud.wijtvliet/python/portfolyo/tests/core/pfstate/test_slice_state.py:23: AttributeError: 'PfState' object has no attribute 'slice']]></stack-trace></failure><reason><message><![CDATA[]]></message></reason><output><![CDATA[]]></output></test-case><test-case id="114" name="tests/core/pfstate/test_slice_state.py::test_slice_state[slice_end0-2022-01-02-15T]" fullname="tests/core/pfstate/test_slice_state.py::test_slice_state[slice_end0-2022-01-02-15T]" methodname="test_slice_state[slice_end0-2022-01-02-15T]" classname="tests/core/pfstate/test_slice_state.py" runstate="Runnable" seed="1" result="Failed" label="" start-time="2024-03-06 16:07:58.176121" end-time="2024-03-06 16:08:01.563981" duration="3.38786" asserts="0"><properties><property name="python-version" value="3.11.8 (main, Feb  6 2024, 21:21:21) [Clang 15.0.0 (clang-1500.1.0.2.5)]" /><property name="fspath" value="tests/core/pfstate/test_slice_state.py" /></properties><environment framework-version="3.6.2" clr-version="3.11.8 (main, Feb  6 2024, 21:21:21) [Clang 15.0.0 (clang-1500.1.0.2.5)]" os-version="23.3.0" platform="Darwin" cwd="/Users/ruud.wijtvliet/python/portfolyo/tests/core" machine-name="arm64" user="" user-domain="" culture="en-US" uiculture="en-US" os-architecture="64bit" /><failure><message><![CDATA[slice_start = '2022-01-02', slice_end = ('2021', '2020'), freq = '15T'

    @pytest.mark.parametrize("freq", ["MS", "AS", "QS", "D", "15T"])
    @pytest.mark.parametrize("slice_start", ["2021", "2022", "2022-01-02"])
    @pytest.mark.parametrize(
        "slice_end",
        [
            # (&lt;param for slice&gt;, &lt;param for loc&gt;)
            ("2021", "2020"),
            ("2022", "2021"),
            ("2022-01-02", "2022-01-01"),
        ],
    )
    def test_slice_state(slice_start, slice_end, freq):
        index = pd.date_range("2020", "2024", freq=freq)
        pfs = dev.get_pfstate(index)
    
&gt;       pfs_to_concat = [pfs.slice[: slice_end[0]], pfs.slice[slice_start:]]
E       AttributeError: 'PfState' object has no attribute 'slice'

pfstate/test_slice_state.py:23: AttributeError]]></message><stack-trace><![CDATA[/Users/ruud.wijtvliet/python/portfolyo/tests/core/pfstate/test_slice_state.py:23: AttributeError: 'PfState' object has no attribute 'slice']]></stack-trace></failure><reason><message><![CDATA[]]></message></reason><output><![CDATA[]]></output></test-case><test-case id="115" name="tests/core/pfstate/test_slice_state.py::test_slice_state[slice_end1-2021-MS]" fullname="tests/core/pfstate/test_slice_state.py::test_slice_state[slice_end1-2021-MS]" methodname="test_slice_state[slice_end1-2021-MS]" classname="tests/core/pfstate/test_slice_state.py" runstate="Runnable" seed="1" result="Failed" label="" start-time="2024-03-06 16:08:01.564422" end-time="2024-03-06 16:08:01.594460" duration="0.030038" asserts="0"><properties><property name="python-version" value="3.11.8 (main, Feb  6 2024, 21:21:21) [Clang 15.0.0 (clang-1500.1.0.2.5)]" /><property name="fspath" value="tests/core/pfstate/test_slice_state.py" /></properties><environment framework-version="3.6.2" clr-version="3.11.8 (main, Feb  6 2024, 21:21:21) [Clang 15.0.0 (clang-1500.1.0.2.5)]" os-version="23.3.0" platform="Darwin" cwd="/Users/ruud.wijtvliet/python/portfolyo/tests/core" machine-name="arm64" user="" user-domain="" culture="en-US" uiculture="en-US" os-architecture="64bit" /><failure><message><![CDATA[slice_start = '2021', slice_end = ('2022', '2021'), freq = 'MS'

    @pytest.mark.parametrize("freq", ["MS", "AS", "QS", "D", "15T"])
    @pytest.mark.parametrize("slice_start", ["2021", "2022", "2022-01-02"])
    @pytest.mark.parametrize(
        "slice_end",
        [
            # (&lt;param for slice&gt;, &lt;param for loc&gt;)
            ("2021", "2020"),
            ("2022", "2021"),
            ("2022-01-02", "2022-01-01"),
        ],
    )
    def test_slice_state(slice_start, slice_end, freq):
        index = pd.date_range("2020", "2024", freq=freq)
        pfs = dev.get_pfstate(index)
    
&gt;       pfs_to_concat = [pfs.slice[: slice_end[0]], pfs.slice[slice_start:]]
E       AttributeError: 'PfState' object has no attribute 'slice'

pfstate/test_slice_state.py:23: AttributeError]]></message><stack-trace><![CDATA[/Users/ruud.wijtvliet/python/portfolyo/tests/core/pfstate/test_slice_state.py:23: AttributeError: 'PfState' object has no attribute 'slice']]></stack-trace></failure><reason><message><![CDATA[]]></message></reason><output><![CDATA[]]></output></test-case><test-case id="116" name="tests/core/pfstate/test_slice_state.py::test_slice_state[slice_end1-2021-AS]" fullname="tests/core/pfstate/test_slice_state.py::test_slice_state[slice_end1-2021-AS]" methodname="test_slice_state[slice_end1-2021-AS]" classname="tests/core/pfstate/test_slice_state.py" runstate="Runnable" seed="1" result="Failed" label="" start-time="2024-03-06 16:08:01.594830" end-time="2024-03-06 16:08:01.621786" duration="0.026956" asserts="0"><properties><property name="python-version" value="3.11.8 (main, Feb  6 2024, 21:21:21) [Clang 15.0.0 (clang-1500.1.0.2.5)]" /><property name="fspath" value="tests/core/pfstate/test_slice_state.py" /></properties><environment framework-version="3.6.2" clr-version="3.11.8 (main, Feb  6 2024, 21:21:21) [Clang 15.0.0 (clang-1500.1.0.2.5)]" os-version="23.3.0" platform="Darwin" cwd="/Users/ruud.wijtvliet/python/portfolyo/tests/core" machine-name="arm64" user="" user-domain="" culture="en-US" uiculture="en-US" os-architecture="64bit" /><failure><message><![CDATA[slice_start = '2021', slice_end = ('2022', '2021'), freq = 'AS'

    @pytest.mark.parametrize("freq", ["MS", "AS", "QS", "D", "15T"])
    @pytest.mark.parametrize("slice_start", ["2021", "2022", "2022-01-02"])
    @pytest.mark.parametrize(
        "slice_end",
        [
            # (&lt;param for slice&gt;, &lt;param for loc&gt;)
            ("2021", "2020"),
            ("2022", "2021"),
            ("2022-01-02", "2022-01-01"),
        ],
    )
    def test_slice_state(slice_start, slice_end, freq):
        index = pd.date_range("2020", "2024", freq=freq)
        pfs = dev.get_pfstate(index)
    
&gt;       pfs_to_concat = [pfs.slice[: slice_end[0]], pfs.slice[slice_start:]]
E       AttributeError: 'PfState' object has no attribute 'slice'

pfstate/test_slice_state.py:23: AttributeError]]></message><stack-trace><![CDATA[/Users/ruud.wijtvliet/python/portfolyo/tests/core/pfstate/test_slice_state.py:23: AttributeError: 'PfState' object has no attribute 'slice']]></stack-trace></failure><reason><message><![CDATA[]]></message></reason><output><![CDATA[]]></output></test-case><test-case id="117" name="tests/core/pfstate/test_slice_state.py::test_slice_state[slice_end1-2021-QS]" fullname="tests/core/pfstate/test_slice_state.py::test_slice_state[slice_end1-2021-QS]" methodname="test_slice_state[slice_end1-2021-QS]" classname="tests/core/pfstate/test_slice_state.py" runstate="Runnable" seed="1" result="Failed" label="" start-time="2024-03-06 16:08:01.622160" end-time="2024-03-06 16:08:01.652020" duration="0.02986" asserts="0"><properties><property name="python-version" value="3.11.8 (main, Feb  6 2024, 21:21:21) [Clang 15.0.0 (clang-1500.1.0.2.5)]" /><property name="fspath" value="tests/core/pfstate/test_slice_state.py" /></properties><environment framework-version="3.6.2" clr-version="3.11.8 (main, Feb  6 2024, 21:21:21) [Clang 15.0.0 (clang-1500.1.0.2.5)]" os-version="23.3.0" platform="Darwin" cwd="/Users/ruud.wijtvliet/python/portfolyo/tests/core" machine-name="arm64" user="" user-domain="" culture="en-US" uiculture="en-US" os-architecture="64bit" /><failure><message><![CDATA[slice_start = '2021', slice_end = ('2022', '2021'), freq = 'QS'

    @pytest.mark.parametrize("freq", ["MS", "AS", "QS", "D", "15T"])
    @pytest.mark.parametrize("slice_start", ["2021", "2022", "2022-01-02"])
    @pytest.mark.parametrize(
        "slice_end",
        [
            # (&lt;param for slice&gt;, &lt;param for loc&gt;)
            ("2021", "2020"),
            ("2022", "2021"),
            ("2022-01-02", "2022-01-01"),
        ],
    )
    def test_slice_state(slice_start, slice_end, freq):
        index = pd.date_range("2020", "2024", freq=freq)
        pfs = dev.get_pfstate(index)
    
&gt;       pfs_to_concat = [pfs.slice[: slice_end[0]], pfs.slice[slice_start:]]
E       AttributeError: 'PfState' object has no attribute 'slice'

pfstate/test_slice_state.py:23: AttributeError]]></message><stack-trace><![CDATA[/Users/ruud.wijtvliet/python/portfolyo/tests/core/pfstate/test_slice_state.py:23: AttributeError: 'PfState' object has no attribute 'slice']]></stack-trace></failure><reason><message><![CDATA[]]></message></reason><output><![CDATA[]]></output></test-case><test-case id="118" name="tests/core/pfstate/test_slice_state.py::test_slice_state[slice_end1-2021-D]" fullname="tests/core/pfstate/test_slice_state.py::test_slice_state[slice_end1-2021-D]" methodname="test_slice_state[slice_end1-2021-D]" classname="tests/core/pfstate/test_slice_state.py" runstate="Runnable" seed="1" result="Failed" label="" start-time="2024-03-06 16:08:01.652512" end-time="2024-03-06 16:08:01.699704" duration="0.047192" asserts="0"><properties><property name="python-version" value="3.11.8 (main, Feb  6 2024, 21:21:21) [Clang 15.0.0 (clang-1500.1.0.2.5)]" /><property name="fspath" value="tests/core/pfstate/test_slice_state.py" /></properties><environment framework-version="3.6.2" clr-version="3.11.8 (main, Feb  6 2024, 21:21:21) [Clang 15.0.0 (clang-1500.1.0.2.5)]" os-version="23.3.0" platform="Darwin" cwd="/Users/ruud.wijtvliet/python/portfolyo/tests/core" machine-name="arm64" user="" user-domain="" culture="en-US" uiculture="en-US" os-architecture="64bit" /><failure><message><![CDATA[slice_start = '2021', slice_end = ('2022', '2021'), freq = 'D'

    @pytest.mark.parametrize("freq", ["MS", "AS", "QS", "D", "15T"])
    @pytest.mark.parametrize("slice_start", ["2021", "2022", "2022-01-02"])
    @pytest.mark.parametrize(
        "slice_end",
        [
            # (&lt;param for slice&gt;, &lt;param for loc&gt;)
            ("2021", "2020"),
            ("2022", "2021"),
            ("2022-01-02", "2022-01-01"),
        ],
    )
    def test_slice_state(slice_start, slice_end, freq):
        index = pd.date_range("2020", "2024", freq=freq)
        pfs = dev.get_pfstate(index)
    
&gt;       pfs_to_concat = [pfs.slice[: slice_end[0]], pfs.slice[slice_start:]]
E       AttributeError: 'PfState' object has no attribute 'slice'

pfstate/test_slice_state.py:23: AttributeError]]></message><stack-trace><![CDATA[/Users/ruud.wijtvliet/python/portfolyo/tests/core/pfstate/test_slice_state.py:23: AttributeError: 'PfState' object has no attribute 'slice']]></stack-trace></failure><reason><message><![CDATA[]]></message></reason><output><![CDATA[]]></output></test-case><test-case id="119" name="tests/core/pfstate/test_slice_state.py::test_slice_state[slice_end1-2021-15T]" fullname="tests/core/pfstate/test_slice_state.py::test_slice_state[slice_end1-2021-15T]" methodname="test_slice_state[slice_end1-2021-15T]" classname="tests/core/pfstate/test_slice_state.py" runstate="Runnable" seed="1" result="Failed" label="" start-time="2024-03-06 16:08:01.700072" end-time="2024-03-06 16:08:05.092404" duration="3.392332" asserts="0"><properties><property name="python-version" value="3.11.8 (main, Feb  6 2024, 21:21:21) [Clang 15.0.0 (clang-1500.1.0.2.5)]" /><property name="fspath" value="tests/core/pfstate/test_slice_state.py" /></properties><environment framework-version="3.6.2" clr-version="3.11.8 (main, Feb  6 2024, 21:21:21) [Clang 15.0.0 (clang-1500.1.0.2.5)]" os-version="23.3.0" platform="Darwin" cwd="/Users/ruud.wijtvliet/python/portfolyo/tests/core" machine-name="arm64" user="" user-domain="" culture="en-US" uiculture="en-US" os-architecture="64bit" /><failure><message><![CDATA[slice_start = '2021', slice_end = ('2022', '2021'), freq = '15T'

    @pytest.mark.parametrize("freq", ["MS", "AS", "QS", "D", "15T"])
    @pytest.mark.parametrize("slice_start", ["2021", "2022", "2022-01-02"])
    @pytest.mark.parametrize(
        "slice_end",
        [
            # (&lt;param for slice&gt;, &lt;param for loc&gt;)
            ("2021", "2020"),
            ("2022", "2021"),
            ("2022-01-02", "2022-01-01"),
        ],
    )
    def test_slice_state(slice_start, slice_end, freq):
        index = pd.date_range("2020", "2024", freq=freq)
        pfs = dev.get_pfstate(index)
    
&gt;       pfs_to_concat = [pfs.slice[: slice_end[0]], pfs.slice[slice_start:]]
E       AttributeError: 'PfState' object has no attribute 'slice'

pfstate/test_slice_state.py:23: AttributeError]]></message><stack-trace><![CDATA[/Users/ruud.wijtvliet/python/portfolyo/tests/core/pfstate/test_slice_state.py:23: AttributeError: 'PfState' object has no attribute 'slice']]></stack-trace></failure><reason><message><![CDATA[]]></message></reason><output><![CDATA[]]></output></test-case><test-case id="120" name="tests/core/pfstate/test_slice_state.py::test_slice_state[slice_end1-2022-MS]" fullname="tests/core/pfstate/test_slice_state.py::test_slice_state[slice_end1-2022-MS]" methodname="test_slice_state[slice_end1-2022-MS]" classname="tests/core/pfstate/test_slice_state.py" runstate="Runnable" seed="1" result="Failed" label="" start-time="2024-03-06 16:08:05.092833" end-time="2024-03-06 16:08:05.122664" duration="0.029831" asserts="0"><properties><property name="python-version" value="3.11.8 (main, Feb  6 2024, 21:21:21) [Clang 15.0.0 (clang-1500.1.0.2.5)]" /><property name="fspath" value="tests/core/pfstate/test_slice_state.py" /></properties><environment framework-version="3.6.2" clr-version="3.11.8 (main, Feb  6 2024, 21:21:21) [Clang 15.0.0 (clang-1500.1.0.2.5)]" os-version="23.3.0" platform="Darwin" cwd="/Users/ruud.wijtvliet/python/portfolyo/tests/core" machine-name="arm64" user="" user-domain="" culture="en-US" uiculture="en-US" os-architecture="64bit" /><failure><message><![CDATA[slice_start = '2022', slice_end = ('2022', '2021'), freq = 'MS'

    @pytest.mark.parametrize("freq", ["MS", "AS", "QS", "D", "15T"])
    @pytest.mark.parametrize("slice_start", ["2021", "2022", "2022-01-02"])
    @pytest.mark.parametrize(
        "slice_end",
        [
            # (&lt;param for slice&gt;, &lt;param for loc&gt;)
            ("2021", "2020"),
            ("2022", "2021"),
            ("2022-01-02", "2022-01-01"),
        ],
    )
    def test_slice_state(slice_start, slice_end, freq):
        index = pd.date_range("2020", "2024", freq=freq)
        pfs = dev.get_pfstate(index)
    
&gt;       pfs_to_concat = [pfs.slice[: slice_end[0]], pfs.slice[slice_start:]]
E       AttributeError: 'PfState' object has no attribute 'slice'

pfstate/test_slice_state.py:23: AttributeError]]></message><stack-trace><![CDATA[/Users/ruud.wijtvliet/python/portfolyo/tests/core/pfstate/test_slice_state.py:23: AttributeError: 'PfState' object has no attribute 'slice']]></stack-trace></failure><reason><message><![CDATA[]]></message></reason><output><![CDATA[]]></output></test-case><test-case id="121" name="tests/core/pfstate/test_slice_state.py::test_slice_state[slice_end1-2022-AS]" fullname="tests/core/pfstate/test_slice_state.py::test_slice_state[slice_end1-2022-AS]" methodname="test_slice_state[slice_end1-2022-AS]" classname="tests/core/pfstate/test_slice_state.py" runstate="Runnable" seed="1" result="Failed" label="" start-time="2024-03-06 16:08:05.123046" end-time="2024-03-06 16:08:05.150239" duration="0.027193" asserts="0"><properties><property name="python-version" value="3.11.8 (main, Feb  6 2024, 21:21:21) [Clang 15.0.0 (clang-1500.1.0.2.5)]" /><property name="fspath" value="tests/core/pfstate/test_slice_state.py" /></properties><environment framework-version="3.6.2" clr-version="3.11.8 (main, Feb  6 2024, 21:21:21) [Clang 15.0.0 (clang-1500.1.0.2.5)]" os-version="23.3.0" platform="Darwin" cwd="/Users/ruud.wijtvliet/python/portfolyo/tests/core" machine-name="arm64" user="" user-domain="" culture="en-US" uiculture="en-US" os-architecture="64bit" /><failure><message><![CDATA[slice_start = '2022', slice_end = ('2022', '2021'), freq = 'AS'

    @pytest.mark.parametrize("freq", ["MS", "AS", "QS", "D", "15T"])
    @pytest.mark.parametrize("slice_start", ["2021", "2022", "2022-01-02"])
    @pytest.mark.parametrize(
        "slice_end",
        [
            # (&lt;param for slice&gt;, &lt;param for loc&gt;)
            ("2021", "2020"),
            ("2022", "2021"),
            ("2022-01-02", "2022-01-01"),
        ],
    )
    def test_slice_state(slice_start, slice_end, freq):
        index = pd.date_range("2020", "2024", freq=freq)
        pfs = dev.get_pfstate(index)
    
&gt;       pfs_to_concat = [pfs.slice[: slice_end[0]], pfs.slice[slice_start:]]
E       AttributeError: 'PfState' object has no attribute 'slice'

pfstate/test_slice_state.py:23: AttributeError]]></message><stack-trace><![CDATA[/Users/ruud.wijtvliet/python/portfolyo/tests/core/pfstate/test_slice_state.py:23: AttributeError: 'PfState' object has no attribute 'slice']]></stack-trace></failure><reason><message><![CDATA[]]></message></reason><output><![CDATA[]]></output></test-case><test-case id="122" name="tests/core/pfstate/test_slice_state.py::test_slice_state[slice_end1-2022-QS]" fullname="tests/core/pfstate/test_slice_state.py::test_slice_state[slice_end1-2022-QS]" methodname="test_slice_state[slice_end1-2022-QS]" classname="tests/core/pfstate/test_slice_state.py" runstate="Runnable" seed="1" result="Failed" label="" start-time="2024-03-06 16:08:05.150590" end-time="2024-03-06 16:08:05.179573" duration="0.028983" asserts="0"><properties><property name="python-version" value="3.11.8 (main, Feb  6 2024, 21:21:21) [Clang 15.0.0 (clang-1500.1.0.2.5)]" /><property name="fspath" value="tests/core/pfstate/test_slice_state.py" /></properties><environment framework-version="3.6.2" clr-version="3.11.8 (main, Feb  6 2024, 21:21:21) [Clang 15.0.0 (clang-1500.1.0.2.5)]" os-version="23.3.0" platform="Darwin" cwd="/Users/ruud.wijtvliet/python/portfolyo/tests/core" machine-name="arm64" user="" user-domain="" culture="en-US" uiculture="en-US" os-architecture="64bit" /><failure><message><![CDATA[slice_start = '2022', slice_end = ('2022', '2021'), freq = 'QS'

    @pytest.mark.parametrize("freq", ["MS", "AS", "QS", "D", "15T"])
    @pytest.mark.parametrize("slice_start", ["2021", "2022", "2022-01-02"])
    @pytest.mark.parametrize(
        "slice_end",
        [
            # (&lt;param for slice&gt;, &lt;param for loc&gt;)
            ("2021", "2020"),
            ("2022", "2021"),
            ("2022-01-02", "2022-01-01"),
        ],
    )
    def test_slice_state(slice_start, slice_end, freq):
        index = pd.date_range("2020", "2024", freq=freq)
        pfs = dev.get_pfstate(index)
    
&gt;       pfs_to_concat = [pfs.slice[: slice_end[0]], pfs.slice[slice_start:]]
E       AttributeError: 'PfState' object has no attribute 'slice'

pfstate/test_slice_state.py:23: AttributeError]]></message><stack-trace><![CDATA[/Users/ruud.wijtvliet/python/portfolyo/tests/core/pfstate/test_slice_state.py:23: AttributeError: 'PfState' object has no attribute 'slice']]></stack-trace></failure><reason><message><![CDATA[]]></message></reason><output><![CDATA[]]></output></test-case><test-case id="123" name="tests/core/pfstate/test_slice_state.py::test_slice_state[slice_end1-2022-D]" fullname="tests/core/pfstate/test_slice_state.py::test_slice_state[slice_end1-2022-D]" methodname="test_slice_state[slice_end1-2022-D]" classname="tests/core/pfstate/test_slice_state.py" runstate="Runnable" seed="1" result="Failed" label="" start-time="2024-03-06 16:08:05.179962" end-time="2024-03-06 16:08:05.226138" duration="0.046176" asserts="0"><properties><property name="python-version" value="3.11.8 (main, Feb  6 2024, 21:21:21) [Clang 15.0.0 (clang-1500.1.0.2.5)]" /><property name="fspath" value="tests/core/pfstate/test_slice_state.py" /></properties><environment framework-version="3.6.2" clr-version="3.11.8 (main, Feb  6 2024, 21:21:21) [Clang 15.0.0 (clang-1500.1.0.2.5)]" os-version="23.3.0" platform="Darwin" cwd="/Users/ruud.wijtvliet/python/portfolyo/tests/core" machine-name="arm64" user="" user-domain="" culture="en-US" uiculture="en-US" os-architecture="64bit" /><failure><message><![CDATA[slice_start = '2022', slice_end = ('2022', '2021'), freq = 'D'

    @pytest.mark.parametrize("freq", ["MS", "AS", "QS", "D", "15T"])
    @pytest.mark.parametrize("slice_start", ["2021", "2022", "2022-01-02"])
    @pytest.mark.parametrize(
        "slice_end",
        [
            # (&lt;param for slice&gt;, &lt;param for loc&gt;)
            ("2021", "2020"),
            ("2022", "2021"),
            ("2022-01-02", "2022-01-01"),
        ],
    )
    def test_slice_state(slice_start, slice_end, freq):
        index = pd.date_range("2020", "2024", freq=freq)
        pfs = dev.get_pfstate(index)
    
&gt;       pfs_to_concat = [pfs.slice[: slice_end[0]], pfs.slice[slice_start:]]
E       AttributeError: 'PfState' object has no attribute 'slice'

pfstate/test_slice_state.py:23: AttributeError]]></message><stack-trace><![CDATA[/Users/ruud.wijtvliet/python/portfolyo/tests/core/pfstate/test_slice_state.py:23: AttributeError: 'PfState' object has no attribute 'slice']]></stack-trace></failure><reason><message><![CDATA[]]></message></reason><output><![CDATA[]]></output></test-case><test-case id="124" name="tests/core/pfstate/test_slice_state.py::test_slice_state[slice_end1-2022-15T]" fullname="tests/core/pfstate/test_slice_state.py::test_slice_state[slice_end1-2022-15T]" methodname="test_slice_state[slice_end1-2022-15T]" classname="tests/core/pfstate/test_slice_state.py" runstate="Runnable" seed="1" result="Failed" label="" start-time="2024-03-06 16:08:05.226499" end-time="2024-03-06 16:08:08.815475" duration="3.588976" asserts="0"><properties><property name="python-version" value="3.11.8 (main, Feb  6 2024, 21:21:21) [Clang 15.0.0 (clang-1500.1.0.2.5)]" /><property name="fspath" value="tests/core/pfstate/test_slice_state.py" /></properties><environment framework-version="3.6.2" clr-version="3.11.8 (main, Feb  6 2024, 21:21:21) [Clang 15.0.0 (clang-1500.1.0.2.5)]" os-version="23.3.0" platform="Darwin" cwd="/Users/ruud.wijtvliet/python/portfolyo/tests/core" machine-name="arm64" user="" user-domain="" culture="en-US" uiculture="en-US" os-architecture="64bit" /><failure><message><![CDATA[slice_start = '2022', slice_end = ('2022', '2021'), freq = '15T'

    @pytest.mark.parametrize("freq", ["MS", "AS", "QS", "D", "15T"])
    @pytest.mark.parametrize("slice_start", ["2021", "2022", "2022-01-02"])
    @pytest.mark.parametrize(
        "slice_end",
        [
            # (&lt;param for slice&gt;, &lt;param for loc&gt;)
            ("2021", "2020"),
            ("2022", "2021"),
            ("2022-01-02", "2022-01-01"),
        ],
    )
    def test_slice_state(slice_start, slice_end, freq):
        index = pd.date_range("2020", "2024", freq=freq)
        pfs = dev.get_pfstate(index)
    
&gt;       pfs_to_concat = [pfs.slice[: slice_end[0]], pfs.slice[slice_start:]]
E       AttributeError: 'PfState' object has no attribute 'slice'

pfstate/test_slice_state.py:23: AttributeError]]></message><stack-trace><![CDATA[/Users/ruud.wijtvliet/python/portfolyo/tests/core/pfstate/test_slice_state.py:23: AttributeError: 'PfState' object has no attribute 'slice']]></stack-trace></failure><reason><message><![CDATA[]]></message></reason><output><![CDATA[]]></output></test-case><test-case id="125" name="tests/core/pfstate/test_slice_state.py::test_slice_state[slice_end1-2022-01-02-MS]" fullname="tests/core/pfstate/test_slice_state.py::test_slice_state[slice_end1-2022-01-02-MS]" methodname="test_slice_state[slice_end1-2022-01-02-MS]" classname="tests/core/pfstate/test_slice_state.py" runstate="Runnable" seed="1" result="Failed" label="" start-time="2024-03-06 16:08:08.815959" end-time="2024-03-06 16:08:08.848947" duration="0.032988" asserts="0"><properties><property name="python-version" value="3.11.8 (main, Feb  6 2024, 21:21:21) [Clang 15.0.0 (clang-1500.1.0.2.5)]" /><property name="fspath" value="tests/core/pfstate/test_slice_state.py" /></properties><environment framework-version="3.6.2" clr-version="3.11.8 (main, Feb  6 2024, 21:21:21) [Clang 15.0.0 (clang-1500.1.0.2.5)]" os-version="23.3.0" platform="Darwin" cwd="/Users/ruud.wijtvliet/python/portfolyo/tests/core" machine-name="arm64" user="" user-domain="" culture="en-US" uiculture="en-US" os-architecture="64bit" /><failure><message><![CDATA[slice_start = '2022-01-02', slice_end = ('2022', '2021'), freq = 'MS'

    @pytest.mark.parametrize("freq", ["MS", "AS", "QS", "D", "15T"])
    @pytest.mark.parametrize("slice_start", ["2021", "2022", "2022-01-02"])
    @pytest.mark.parametrize(
        "slice_end",
        [
            # (&lt;param for slice&gt;, &lt;param for loc&gt;)
            ("2021", "2020"),
            ("2022", "2021"),
            ("2022-01-02", "2022-01-01"),
        ],
    )
    def test_slice_state(slice_start, slice_end, freq):
        index = pd.date_range("2020", "2024", freq=freq)
        pfs = dev.get_pfstate(index)
    
&gt;       pfs_to_concat = [pfs.slice[: slice_end[0]], pfs.slice[slice_start:]]
E       AttributeError: 'PfState' object has no attribute 'slice'

pfstate/test_slice_state.py:23: AttributeError]]></message><stack-trace><![CDATA[/Users/ruud.wijtvliet/python/portfolyo/tests/core/pfstate/test_slice_state.py:23: AttributeError: 'PfState' object has no attribute 'slice']]></stack-trace></failure><reason><message><![CDATA[]]></message></reason><output><![CDATA[]]></output></test-case><test-case id="126" name="tests/core/pfstate/test_slice_state.py::test_slice_state[slice_end1-2022-01-02-AS]" fullname="tests/core/pfstate/test_slice_state.py::test_slice_state[slice_end1-2022-01-02-AS]" methodname="test_slice_state[slice_end1-2022-01-02-AS]" classname="tests/core/pfstate/test_slice_state.py" runstate="Runnable" seed="1" result="Failed" label="" start-time="2024-03-06 16:08:08.849368" end-time="2024-03-06 16:08:08.881081" duration="0.031713" asserts="0"><properties><property name="python-version" value="3.11.8 (main, Feb  6 2024, 21:21:21) [Clang 15.0.0 (clang-1500.1.0.2.5)]" /><property name="fspath" value="tests/core/pfstate/test_slice_state.py" /></properties><environment framework-version="3.6.2" clr-version="3.11.8 (main, Feb  6 2024, 21:21:21) [Clang 15.0.0 (clang-1500.1.0.2.5)]" os-version="23.3.0" platform="Darwin" cwd="/Users/ruud.wijtvliet/python/portfolyo/tests/core" machine-name="arm64" user="" user-domain="" culture="en-US" uiculture="en-US" os-architecture="64bit" /><failure><message><![CDATA[slice_start = '2022-01-02', slice_end = ('2022', '2021'), freq = 'AS'

    @pytest.mark.parametrize("freq", ["MS", "AS", "QS", "D", "15T"])
    @pytest.mark.parametrize("slice_start", ["2021", "2022", "2022-01-02"])
    @pytest.mark.parametrize(
        "slice_end",
        [
            # (&lt;param for slice&gt;, &lt;param for loc&gt;)
            ("2021", "2020"),
            ("2022", "2021"),
            ("2022-01-02", "2022-01-01"),
        ],
    )
    def test_slice_state(slice_start, slice_end, freq):
        index = pd.date_range("2020", "2024", freq=freq)
        pfs = dev.get_pfstate(index)
    
&gt;       pfs_to_concat = [pfs.slice[: slice_end[0]], pfs.slice[slice_start:]]
E       AttributeError: 'PfState' object has no attribute 'slice'

pfstate/test_slice_state.py:23: AttributeError]]></message><stack-trace><![CDATA[/Users/ruud.wijtvliet/python/portfolyo/tests/core/pfstate/test_slice_state.py:23: AttributeError: 'PfState' object has no attribute 'slice']]></stack-trace></failure><reason><message><![CDATA[]]></message></reason><output><![CDATA[]]></output></test-case><test-case id="127" name="tests/core/pfstate/test_slice_state.py::test_slice_state[slice_end1-2022-01-02-QS]" fullname="tests/core/pfstate/test_slice_state.py::test_slice_state[slice_end1-2022-01-02-QS]" methodname="test_slice_state[slice_end1-2022-01-02-QS]" classname="tests/core/pfstate/test_slice_state.py" runstate="Runnable" seed="1" result="Failed" label="" start-time="2024-03-06 16:08:08.881575" end-time="2024-03-06 16:08:08.912763" duration="0.031188" asserts="0"><properties><property name="python-version" value="3.11.8 (main, Feb  6 2024, 21:21:21) [Clang 15.0.0 (clang-1500.1.0.2.5)]" /><property name="fspath" value="tests/core/pfstate/test_slice_state.py" /></properties><environment framework-version="3.6.2" clr-version="3.11.8 (main, Feb  6 2024, 21:21:21) [Clang 15.0.0 (clang-1500.1.0.2.5)]" os-version="23.3.0" platform="Darwin" cwd="/Users/ruud.wijtvliet/python/portfolyo/tests/core" machine-name="arm64" user="" user-domain="" culture="en-US" uiculture="en-US" os-architecture="64bit" /><failure><message><![CDATA[slice_start = '2022-01-02', slice_end = ('2022', '2021'), freq = 'QS'

    @pytest.mark.parametrize("freq", ["MS", "AS", "QS", "D", "15T"])
    @pytest.mark.parametrize("slice_start", ["2021", "2022", "2022-01-02"])
    @pytest.mark.parametrize(
        "slice_end",
        [
            # (&lt;param for slice&gt;, &lt;param for loc&gt;)
            ("2021", "2020"),
            ("2022", "2021"),
            ("2022-01-02", "2022-01-01"),
        ],
    )
    def test_slice_state(slice_start, slice_end, freq):
        index = pd.date_range("2020", "2024", freq=freq)
        pfs = dev.get_pfstate(index)
    
&gt;       pfs_to_concat = [pfs.slice[: slice_end[0]], pfs.slice[slice_start:]]
E       AttributeError: 'PfState' object has no attribute 'slice'

pfstate/test_slice_state.py:23: AttributeError]]></message><stack-trace><![CDATA[/Users/ruud.wijtvliet/python/portfolyo/tests/core/pfstate/test_slice_state.py:23: AttributeError: 'PfState' object has no attribute 'slice']]></stack-trace></failure><reason><message><![CDATA[]]></message></reason><output><![CDATA[]]></output></test-case><test-case id="128" name="tests/core/pfstate/test_slice_state.py::test_slice_state[slice_end1-2022-01-02-D]" fullname="tests/core/pfstate/test_slice_state.py::test_slice_state[slice_end1-2022-01-02-D]" methodname="test_slice_state[slice_end1-2022-01-02-D]" classname="tests/core/pfstate/test_slice_state.py" runstate="Runnable" seed="1" result="Failed" label="" start-time="2024-03-06 16:08:08.913162" end-time="2024-03-06 16:08:08.964232" duration="0.05107" asserts="0"><properties><property name="python-version" value="3.11.8 (main, Feb  6 2024, 21:21:21) [Clang 15.0.0 (clang-1500.1.0.2.5)]" /><property name="fspath" value="tests/core/pfstate/test_slice_state.py" /></properties><environment framework-version="3.6.2" clr-version="3.11.8 (main, Feb  6 2024, 21:21:21) [Clang 15.0.0 (clang-1500.1.0.2.5)]" os-version="23.3.0" platform="Darwin" cwd="/Users/ruud.wijtvliet/python/portfolyo/tests/core" machine-name="arm64" user="" user-domain="" culture="en-US" uiculture="en-US" os-architecture="64bit" /><failure><message><![CDATA[slice_start = '2022-01-02', slice_end = ('2022', '2021'), freq = 'D'

    @pytest.mark.parametrize("freq", ["MS", "AS", "QS", "D", "15T"])
    @pytest.mark.parametrize("slice_start", ["2021", "2022", "2022-01-02"])
    @pytest.mark.parametrize(
        "slice_end",
        [
            # (&lt;param for slice&gt;, &lt;param for loc&gt;)
            ("2021", "2020"),
            ("2022", "2021"),
            ("2022-01-02", "2022-01-01"),
        ],
    )
    def test_slice_state(slice_start, slice_end, freq):
        index = pd.date_range("2020", "2024", freq=freq)
        pfs = dev.get_pfstate(index)
    
&gt;       pfs_to_concat = [pfs.slice[: slice_end[0]], pfs.slice[slice_start:]]
E       AttributeError: 'PfState' object has no attribute 'slice'

pfstate/test_slice_state.py:23: AttributeError]]></message><stack-trace><![CDATA[/Users/ruud.wijtvliet/python/portfolyo/tests/core/pfstate/test_slice_state.py:23: AttributeError: 'PfState' object has no attribute 'slice']]></stack-trace></failure><reason><message><![CDATA[]]></message></reason><output><![CDATA[]]></output></test-case><test-case id="129" name="tests/core/pfstate/test_slice_state.py::test_slice_state[slice_end1-2022-01-02-15T]" fullname="tests/core/pfstate/test_slice_state.py::test_slice_state[slice_end1-2022-01-02-15T]" methodname="test_slice_state[slice_end1-2022-01-02-15T]" classname="tests/core/pfstate/test_slice_state.py" runstate="Runnable" seed="1" result="Failed" label="" start-time="2024-03-06 16:08:08.964693" end-time="2024-03-06 16:08:12.459189" duration="3.494496" asserts="0"><properties><property name="python-version" value="3.11.8 (main, Feb  6 2024, 21:21:21) [Clang 15.0.0 (clang-1500.1.0.2.5)]" /><property name="fspath" value="tests/core/pfstate/test_slice_state.py" /></properties><environment framework-version="3.6.2" clr-version="3.11.8 (main, Feb  6 2024, 21:21:21) [Clang 15.0.0 (clang-1500.1.0.2.5)]" os-version="23.3.0" platform="Darwin" cwd="/Users/ruud.wijtvliet/python/portfolyo/tests/core" machine-name="arm64" user="" user-domain="" culture="en-US" uiculture="en-US" os-architecture="64bit" /><failure><message><![CDATA[slice_start = '2022-01-02', slice_end = ('2022', '2021'), freq = '15T'

    @pytest.mark.parametrize("freq", ["MS", "AS", "QS", "D", "15T"])
    @pytest.mark.parametrize("slice_start", ["2021", "2022", "2022-01-02"])
    @pytest.mark.parametrize(
        "slice_end",
        [
            # (&lt;param for slice&gt;, &lt;param for loc&gt;)
            ("2021", "2020"),
            ("2022", "2021"),
            ("2022-01-02", "2022-01-01"),
        ],
    )
    def test_slice_state(slice_start, slice_end, freq):
        index = pd.date_range("2020", "2024", freq=freq)
        pfs = dev.get_pfstate(index)
    
&gt;       pfs_to_concat = [pfs.slice[: slice_end[0]], pfs.slice[slice_start:]]
E       AttributeError: 'PfState' object has no attribute 'slice'

pfstate/test_slice_state.py:23: AttributeError]]></message><stack-trace><![CDATA[/Users/ruud.wijtvliet/python/portfolyo/tests/core/pfstate/test_slice_state.py:23: AttributeError: 'PfState' object has no attribute 'slice']]></stack-trace></failure><reason><message><![CDATA[]]></message></reason><output><![CDATA[]]></output></test-case><test-case id="130" name="tests/core/pfstate/test_slice_state.py::test_slice_state[slice_end2-2021-MS]" fullname="tests/core/pfstate/test_slice_state.py::test_slice_state[slice_end2-2021-MS]" methodname="test_slice_state[slice_end2-2021-MS]" classname="tests/core/pfstate/test_slice_state.py" runstate="Runnable" seed="1" result="Failed" label="" start-time="2024-03-06 16:08:12.459616" end-time="2024-03-06 16:08:12.489410" duration="0.029794" asserts="0"><properties><property name="python-version" value="3.11.8 (main, Feb  6 2024, 21:21:21) [Clang 15.0.0 (clang-1500.1.0.2.5)]" /><property name="fspath" value="tests/core/pfstate/test_slice_state.py" /></properties><environment framework-version="3.6.2" clr-version="3.11.8 (main, Feb  6 2024, 21:21:21) [Clang 15.0.0 (clang-1500.1.0.2.5)]" os-version="23.3.0" platform="Darwin" cwd="/Users/ruud.wijtvliet/python/portfolyo/tests/core" machine-name="arm64" user="" user-domain="" culture="en-US" uiculture="en-US" os-architecture="64bit" /><failure><message><![CDATA[slice_start = '2021', slice_end = ('2022-01-02', '2022-01-01'), freq = 'MS'

    @pytest.mark.parametrize("freq", ["MS", "AS", "QS", "D", "15T"])
    @pytest.mark.parametrize("slice_start", ["2021", "2022", "2022-01-02"])
    @pytest.mark.parametrize(
        "slice_end",
        [
            # (&lt;param for slice&gt;, &lt;param for loc&gt;)
            ("2021", "2020"),
            ("2022", "2021"),
            ("2022-01-02", "2022-01-01"),
        ],
    )
    def test_slice_state(slice_start, slice_end, freq):
        index = pd.date_range("2020", "2024", freq=freq)
        pfs = dev.get_pfstate(index)
    
&gt;       pfs_to_concat = [pfs.slice[: slice_end[0]], pfs.slice[slice_start:]]
E       AttributeError: 'PfState' object has no attribute 'slice'

pfstate/test_slice_state.py:23: AttributeError]]></message><stack-trace><![CDATA[/Users/ruud.wijtvliet/python/portfolyo/tests/core/pfstate/test_slice_state.py:23: AttributeError: 'PfState' object has no attribute 'slice']]></stack-trace></failure><reason><message><![CDATA[]]></message></reason><output><![CDATA[]]></output></test-case><test-case id="131" name="tests/core/pfstate/test_slice_state.py::test_slice_state[slice_end2-2021-AS]" fullname="tests/core/pfstate/test_slice_state.py::test_slice_state[slice_end2-2021-AS]" methodname="test_slice_state[slice_end2-2021-AS]" classname="tests/core/pfstate/test_slice_state.py" runstate="Runnable" seed="1" result="Failed" label="" start-time="2024-03-06 16:08:12.489779" end-time="2024-03-06 16:08:12.517584" duration="0.027805" asserts="0"><properties><property name="python-version" value="3.11.8 (main, Feb  6 2024, 21:21:21) [Clang 15.0.0 (clang-1500.1.0.2.5)]" /><property name="fspath" value="tests/core/pfstate/test_slice_state.py" /></properties><environment framework-version="3.6.2" clr-version="3.11.8 (main, Feb  6 2024, 21:21:21) [Clang 15.0.0 (clang-1500.1.0.2.5)]" os-version="23.3.0" platform="Darwin" cwd="/Users/ruud.wijtvliet/python/portfolyo/tests/core" machine-name="arm64" user="" user-domain="" culture="en-US" uiculture="en-US" os-architecture="64bit" /><failure><message><![CDATA[slice_start = '2021', slice_end = ('2022-01-02', '2022-01-01'), freq = 'AS'

    @pytest.mark.parametrize("freq", ["MS", "AS", "QS", "D", "15T"])
    @pytest.mark.parametrize("slice_start", ["2021", "2022", "2022-01-02"])
    @pytest.mark.parametrize(
        "slice_end",
        [
            # (&lt;param for slice&gt;, &lt;param for loc&gt;)
            ("2021", "2020"),
            ("2022", "2021"),
            ("2022-01-02", "2022-01-01"),
        ],
    )
    def test_slice_state(slice_start, slice_end, freq):
        index = pd.date_range("2020", "2024", freq=freq)
        pfs = dev.get_pfstate(index)
    
&gt;       pfs_to_concat = [pfs.slice[: slice_end[0]], pfs.slice[slice_start:]]
E       AttributeError: 'PfState' object has no attribute 'slice'

pfstate/test_slice_state.py:23: AttributeError]]></message><stack-trace><![CDATA[/Users/ruud.wijtvliet/python/portfolyo/tests/core/pfstate/test_slice_state.py:23: AttributeError: 'PfState' object has no attribute 'slice']]></stack-trace></failure><reason><message><![CDATA[]]></message></reason><output><![CDATA[]]></output></test-case><test-case id="132" name="tests/core/pfstate/test_slice_state.py::test_slice_state[slice_end2-2021-QS]" fullname="tests/core/pfstate/test_slice_state.py::test_slice_state[slice_end2-2021-QS]" methodname="test_slice_state[slice_end2-2021-QS]" classname="tests/core/pfstate/test_slice_state.py" runstate="Runnable" seed="1" result="Failed" label="" start-time="2024-03-06 16:08:12.517945" end-time="2024-03-06 16:08:12.546620" duration="0.028675" asserts="0"><properties><property name="python-version" value="3.11.8 (main, Feb  6 2024, 21:21:21) [Clang 15.0.0 (clang-1500.1.0.2.5)]" /><property name="fspath" value="tests/core/pfstate/test_slice_state.py" /></properties><environment framework-version="3.6.2" clr-version="3.11.8 (main, Feb  6 2024, 21:21:21) [Clang 15.0.0 (clang-1500.1.0.2.5)]" os-version="23.3.0" platform="Darwin" cwd="/Users/ruud.wijtvliet/python/portfolyo/tests/core" machine-name="arm64" user="" user-domain="" culture="en-US" uiculture="en-US" os-architecture="64bit" /><failure><message><![CDATA[slice_start = '2021', slice_end = ('2022-01-02', '2022-01-01'), freq = 'QS'

    @pytest.mark.parametrize("freq", ["MS", "AS", "QS", "D", "15T"])
    @pytest.mark.parametrize("slice_start", ["2021", "2022", "2022-01-02"])
    @pytest.mark.parametrize(
        "slice_end",
        [
            # (&lt;param for slice&gt;, &lt;param for loc&gt;)
            ("2021", "2020"),
            ("2022", "2021"),
            ("2022-01-02", "2022-01-01"),
        ],
    )
    def test_slice_state(slice_start, slice_end, freq):
        index = pd.date_range("2020", "2024", freq=freq)
        pfs = dev.get_pfstate(index)
    
&gt;       pfs_to_concat = [pfs.slice[: slice_end[0]], pfs.slice[slice_start:]]
E       AttributeError: 'PfState' object has no attribute 'slice'

pfstate/test_slice_state.py:23: AttributeError]]></message><stack-trace><![CDATA[/Users/ruud.wijtvliet/python/portfolyo/tests/core/pfstate/test_slice_state.py:23: AttributeError: 'PfState' object has no attribute 'slice']]></stack-trace></failure><reason><message><![CDATA[]]></message></reason><output><![CDATA[]]></output></test-case><test-case id="133" name="tests/core/pfstate/test_slice_state.py::test_slice_state[slice_end2-2021-D]" fullname="tests/core/pfstate/test_slice_state.py::test_slice_state[slice_end2-2021-D]" methodname="test_slice_state[slice_end2-2021-D]" classname="tests/core/pfstate/test_slice_state.py" runstate="Runnable" seed="1" result="Failed" label="" start-time="2024-03-06 16:08:12.546997" end-time="2024-03-06 16:08:12.592973" duration="0.045976" asserts="0"><properties><property name="python-version" value="3.11.8 (main, Feb  6 2024, 21:21:21) [Clang 15.0.0 (clang-1500.1.0.2.5)]" /><property name="fspath" value="tests/core/pfstate/test_slice_state.py" /></properties><environment framework-version="3.6.2" clr-version="3.11.8 (main, Feb  6 2024, 21:21:21) [Clang 15.0.0 (clang-1500.1.0.2.5)]" os-version="23.3.0" platform="Darwin" cwd="/Users/ruud.wijtvliet/python/portfolyo/tests/core" machine-name="arm64" user="" user-domain="" culture="en-US" uiculture="en-US" os-architecture="64bit" /><failure><message><![CDATA[slice_start = '2021', slice_end = ('2022-01-02', '2022-01-01'), freq = 'D'

    @pytest.mark.parametrize("freq", ["MS", "AS", "QS", "D", "15T"])
    @pytest.mark.parametrize("slice_start", ["2021", "2022", "2022-01-02"])
    @pytest.mark.parametrize(
        "slice_end",
        [
            # (&lt;param for slice&gt;, &lt;param for loc&gt;)
            ("2021", "2020"),
            ("2022", "2021"),
            ("2022-01-02", "2022-01-01"),
        ],
    )
    def test_slice_state(slice_start, slice_end, freq):
        index = pd.date_range("2020", "2024", freq=freq)
        pfs = dev.get_pfstate(index)
    
&gt;       pfs_to_concat = [pfs.slice[: slice_end[0]], pfs.slice[slice_start:]]
E       AttributeError: 'PfState' object has no attribute 'slice'

pfstate/test_slice_state.py:23: AttributeError]]></message><stack-trace><![CDATA[/Users/ruud.wijtvliet/python/portfolyo/tests/core/pfstate/test_slice_state.py:23: AttributeError: 'PfState' object has no attribute 'slice']]></stack-trace></failure><reason><message><![CDATA[]]></message></reason><output><![CDATA[]]></output></test-case><test-case id="134" name="tests/core/pfstate/test_slice_state.py::test_slice_state[slice_end2-2021-15T]" fullname="tests/core/pfstate/test_slice_state.py::test_slice_state[slice_end2-2021-15T]" methodname="test_slice_state[slice_end2-2021-15T]" classname="tests/core/pfstate/test_slice_state.py" runstate="Runnable" seed="1" result="Failed" label="" start-time="2024-03-06 16:08:12.593334" end-time="2024-03-06 16:08:16.078970" duration="3.485636" asserts="0"><properties><property name="python-version" value="3.11.8 (main, Feb  6 2024, 21:21:21) [Clang 15.0.0 (clang-1500.1.0.2.5)]" /><property name="fspath" value="tests/core/pfstate/test_slice_state.py" /></properties><environment framework-version="3.6.2" clr-version="3.11.8 (main, Feb  6 2024, 21:21:21) [Clang 15.0.0 (clang-1500.1.0.2.5)]" os-version="23.3.0" platform="Darwin" cwd="/Users/ruud.wijtvliet/python/portfolyo/tests/core" machine-name="arm64" user="" user-domain="" culture="en-US" uiculture="en-US" os-architecture="64bit" /><failure><message><![CDATA[slice_start = '2021', slice_end = ('2022-01-02', '2022-01-01'), freq = '15T'

    @pytest.mark.parametrize("freq", ["MS", "AS", "QS", "D", "15T"])
    @pytest.mark.parametrize("slice_start", ["2021", "2022", "2022-01-02"])
    @pytest.mark.parametrize(
        "slice_end",
        [
            # (&lt;param for slice&gt;, &lt;param for loc&gt;)
            ("2021", "2020"),
            ("2022", "2021"),
            ("2022-01-02", "2022-01-01"),
        ],
    )
    def test_slice_state(slice_start, slice_end, freq):
        index = pd.date_range("2020", "2024", freq=freq)
        pfs = dev.get_pfstate(index)
    
&gt;       pfs_to_concat = [pfs.slice[: slice_end[0]], pfs.slice[slice_start:]]
E       AttributeError: 'PfState' object has no attribute 'slice'

pfstate/test_slice_state.py:23: AttributeError]]></message><stack-trace><![CDATA[/Users/ruud.wijtvliet/python/portfolyo/tests/core/pfstate/test_slice_state.py:23: AttributeError: 'PfState' object has no attribute 'slice']]></stack-trace></failure><reason><message><![CDATA[]]></message></reason><output><![CDATA[]]></output></test-case><test-case id="135" name="tests/core/pfstate/test_slice_state.py::test_slice_state[slice_end2-2022-MS]" fullname="tests/core/pfstate/test_slice_state.py::test_slice_state[slice_end2-2022-MS]" methodname="test_slice_state[slice_end2-2022-MS]" classname="tests/core/pfstate/test_slice_state.py" runstate="Runnable" seed="1" result="Failed" label="" start-time="2024-03-06 16:08:16.079395" end-time="2024-03-06 16:08:16.111296" duration="0.031901" asserts="0"><properties><property name="python-version" value="3.11.8 (main, Feb  6 2024, 21:21:21) [Clang 15.0.0 (clang-1500.1.0.2.5)]" /><property name="fspath" value="tests/core/pfstate/test_slice_state.py" /></properties><environment framework-version="3.6.2" clr-version="3.11.8 (main, Feb  6 2024, 21:21:21) [Clang 15.0.0 (clang-1500.1.0.2.5)]" os-version="23.3.0" platform="Darwin" cwd="/Users/ruud.wijtvliet/python/portfolyo/tests/core" machine-name="arm64" user="" user-domain="" culture="en-US" uiculture="en-US" os-architecture="64bit" /><failure><message><![CDATA[slice_start = '2022', slice_end = ('2022-01-02', '2022-01-01'), freq = 'MS'

    @pytest.mark.parametrize("freq", ["MS", "AS", "QS", "D", "15T"])
    @pytest.mark.parametrize("slice_start", ["2021", "2022", "2022-01-02"])
    @pytest.mark.parametrize(
        "slice_end",
        [
            # (&lt;param for slice&gt;, &lt;param for loc&gt;)
            ("2021", "2020"),
            ("2022", "2021"),
            ("2022-01-02", "2022-01-01"),
        ],
    )
    def test_slice_state(slice_start, slice_end, freq):
        index = pd.date_range("2020", "2024", freq=freq)
        pfs = dev.get_pfstate(index)
    
&gt;       pfs_to_concat = [pfs.slice[: slice_end[0]], pfs.slice[slice_start:]]
E       AttributeError: 'PfState' object has no attribute 'slice'

pfstate/test_slice_state.py:23: AttributeError]]></message><stack-trace><![CDATA[/Users/ruud.wijtvliet/python/portfolyo/tests/core/pfstate/test_slice_state.py:23: AttributeError: 'PfState' object has no attribute 'slice']]></stack-trace></failure><reason><message><![CDATA[]]></message></reason><output><![CDATA[]]></output></test-case><test-case id="136" name="tests/core/pfstate/test_slice_state.py::test_slice_state[slice_end2-2022-AS]" fullname="tests/core/pfstate/test_slice_state.py::test_slice_state[slice_end2-2022-AS]" methodname="test_slice_state[slice_end2-2022-AS]" classname="tests/core/pfstate/test_slice_state.py" runstate="Runnable" seed="1" result="Failed" label="" start-time="2024-03-06 16:08:16.111677" end-time="2024-03-06 16:08:16.138793" duration="0.027116" asserts="0"><properties><property name="python-version" value="3.11.8 (main, Feb  6 2024, 21:21:21) [Clang 15.0.0 (clang-1500.1.0.2.5)]" /><property name="fspath" value="tests/core/pfstate/test_slice_state.py" /></properties><environment framework-version="3.6.2" clr-version="3.11.8 (main, Feb  6 2024, 21:21:21) [Clang 15.0.0 (clang-1500.1.0.2.5)]" os-version="23.3.0" platform="Darwin" cwd="/Users/ruud.wijtvliet/python/portfolyo/tests/core" machine-name="arm64" user="" user-domain="" culture="en-US" uiculture="en-US" os-architecture="64bit" /><failure><message><![CDATA[slice_start = '2022', slice_end = ('2022-01-02', '2022-01-01'), freq = 'AS'

    @pytest.mark.parametrize("freq", ["MS", "AS", "QS", "D", "15T"])
    @pytest.mark.parametrize("slice_start", ["2021", "2022", "2022-01-02"])
    @pytest.mark.parametrize(
        "slice_end",
        [
            # (&lt;param for slice&gt;, &lt;param for loc&gt;)
            ("2021", "2020"),
            ("2022", "2021"),
            ("2022-01-02", "2022-01-01"),
        ],
    )
    def test_slice_state(slice_start, slice_end, freq):
        index = pd.date_range("2020", "2024", freq=freq)
        pfs = dev.get_pfstate(index)
    
&gt;       pfs_to_concat = [pfs.slice[: slice_end[0]], pfs.slice[slice_start:]]
E       AttributeError: 'PfState' object has no attribute 'slice'

pfstate/test_slice_state.py:23: AttributeError]]></message><stack-trace><![CDATA[/Users/ruud.wijtvliet/python/portfolyo/tests/core/pfstate/test_slice_state.py:23: AttributeError: 'PfState' object has no attribute 'slice']]></stack-trace></failure><reason><message><![CDATA[]]></message></reason><output><![CDATA[]]></output></test-case><test-case id="137" name="tests/core/pfstate/test_slice_state.py::test_slice_state[slice_end2-2022-QS]" fullname="tests/core/pfstate/test_slice_state.py::test_slice_state[slice_end2-2022-QS]" methodname="test_slice_state[slice_end2-2022-QS]" classname="tests/core/pfstate/test_slice_state.py" runstate="Runnable" seed="1" result="Failed" label="" start-time="2024-03-06 16:08:16.139159" end-time="2024-03-06 16:08:16.168406" duration="0.029247" asserts="0"><properties><property name="python-version" value="3.11.8 (main, Feb  6 2024, 21:21:21) [Clang 15.0.0 (clang-1500.1.0.2.5)]" /><property name="fspath" value="tests/core/pfstate/test_slice_state.py" /></properties><environment framework-version="3.6.2" clr-version="3.11.8 (main, Feb  6 2024, 21:21:21) [Clang 15.0.0 (clang-1500.1.0.2.5)]" os-version="23.3.0" platform="Darwin" cwd="/Users/ruud.wijtvliet/python/portfolyo/tests/core" machine-name="arm64" user="" user-domain="" culture="en-US" uiculture="en-US" os-architecture="64bit" /><failure><message><![CDATA[slice_start = '2022', slice_end = ('2022-01-02', '2022-01-01'), freq = 'QS'

    @pytest.mark.parametrize("freq", ["MS", "AS", "QS", "D", "15T"])
    @pytest.mark.parametrize("slice_start", ["2021", "2022", "2022-01-02"])
    @pytest.mark.parametrize(
        "slice_end",
        [
            # (&lt;param for slice&gt;, &lt;param for loc&gt;)
            ("2021", "2020"),
            ("2022", "2021"),
            ("2022-01-02", "2022-01-01"),
        ],
    )
    def test_slice_state(slice_start, slice_end, freq):
        index = pd.date_range("2020", "2024", freq=freq)
        pfs = dev.get_pfstate(index)
    
&gt;       pfs_to_concat = [pfs.slice[: slice_end[0]], pfs.slice[slice_start:]]
E       AttributeError: 'PfState' object has no attribute 'slice'

pfstate/test_slice_state.py:23: AttributeError]]></message><stack-trace><![CDATA[/Users/ruud.wijtvliet/python/portfolyo/tests/core/pfstate/test_slice_state.py:23: AttributeError: 'PfState' object has no attribute 'slice']]></stack-trace></failure><reason><message><![CDATA[]]></message></reason><output><![CDATA[]]></output></test-case><test-case id="138" name="tests/core/pfstate/test_slice_state.py::test_slice_state[slice_end2-2022-D]" fullname="tests/core/pfstate/test_slice_state.py::test_slice_state[slice_end2-2022-D]" methodname="test_slice_state[slice_end2-2022-D]" classname="tests/core/pfstate/test_slice_state.py" runstate="Runnable" seed="1" result="Failed" label="" start-time="2024-03-06 16:08:16.168783" end-time="2024-03-06 16:08:16.215588" duration="0.046805" asserts="0"><properties><property name="python-version" value="3.11.8 (main, Feb  6 2024, 21:21:21) [Clang 15.0.0 (clang-1500.1.0.2.5)]" /><property name="fspath" value="tests/core/pfstate/test_slice_state.py" /></properties><environment framework-version="3.6.2" clr-version="3.11.8 (main, Feb  6 2024, 21:21:21) [Clang 15.0.0 (clang-1500.1.0.2.5)]" os-version="23.3.0" platform="Darwin" cwd="/Users/ruud.wijtvliet/python/portfolyo/tests/core" machine-name="arm64" user="" user-domain="" culture="en-US" uiculture="en-US" os-architecture="64bit" /><failure><message><![CDATA[slice_start = '2022', slice_end = ('2022-01-02', '2022-01-01'), freq = 'D'

    @pytest.mark.parametrize("freq", ["MS", "AS", "QS", "D", "15T"])
    @pytest.mark.parametrize("slice_start", ["2021", "2022", "2022-01-02"])
    @pytest.mark.parametrize(
        "slice_end",
        [
            # (&lt;param for slice&gt;, &lt;param for loc&gt;)
            ("2021", "2020"),
            ("2022", "2021"),
            ("2022-01-02", "2022-01-01"),
        ],
    )
    def test_slice_state(slice_start, slice_end, freq):
        index = pd.date_range("2020", "2024", freq=freq)
        pfs = dev.get_pfstate(index)
    
&gt;       pfs_to_concat = [pfs.slice[: slice_end[0]], pfs.slice[slice_start:]]
E       AttributeError: 'PfState' object has no attribute 'slice'

pfstate/test_slice_state.py:23: AttributeError]]></message><stack-trace><![CDATA[/Users/ruud.wijtvliet/python/portfolyo/tests/core/pfstate/test_slice_state.py:23: AttributeError: 'PfState' object has no attribute 'slice']]></stack-trace></failure><reason><message><![CDATA[]]></message></reason><output><![CDATA[]]></output></test-case><test-case id="139" name="tests/core/pfstate/test_slice_state.py::test_slice_state[slice_end2-2022-15T]" fullname="tests/core/pfstate/test_slice_state.py::test_slice_state[slice_end2-2022-15T]" methodname="test_slice_state[slice_end2-2022-15T]" classname="tests/core/pfstate/test_slice_state.py" runstate="Runnable" seed="1" result="Failed" label="" start-time="2024-03-06 16:08:16.215960" end-time="2024-03-06 16:08:20.149002" duration="3.933042" asserts="0"><properties><property name="python-version" value="3.11.8 (main, Feb  6 2024, 21:21:21) [Clang 15.0.0 (clang-1500.1.0.2.5)]" /><property name="fspath" value="tests/core/pfstate/test_slice_state.py" /></properties><environment framework-version="3.6.2" clr-version="3.11.8 (main, Feb  6 2024, 21:21:21) [Clang 15.0.0 (clang-1500.1.0.2.5)]" os-version="23.3.0" platform="Darwin" cwd="/Users/ruud.wijtvliet/python/portfolyo/tests/core" machine-name="arm64" user="" user-domain="" culture="en-US" uiculture="en-US" os-architecture="64bit" /><failure><message><![CDATA[slice_start = '2022', slice_end = ('2022-01-02', '2022-01-01'), freq = '15T'

    @pytest.mark.parametrize("freq", ["MS", "AS", "QS", "D", "15T"])
    @pytest.mark.parametrize("slice_start", ["2021", "2022", "2022-01-02"])
    @pytest.mark.parametrize(
        "slice_end",
        [
            # (&lt;param for slice&gt;, &lt;param for loc&gt;)
            ("2021", "2020"),
            ("2022", "2021"),
            ("2022-01-02", "2022-01-01"),
        ],
    )
    def test_slice_state(slice_start, slice_end, freq):
        index = pd.date_range("2020", "2024", freq=freq)
        pfs = dev.get_pfstate(index)
    
&gt;       pfs_to_concat = [pfs.slice[: slice_end[0]], pfs.slice[slice_start:]]
E       AttributeError: 'PfState' object has no attribute 'slice'

pfstate/test_slice_state.py:23: AttributeError]]></message><stack-trace><![CDATA[/Users/ruud.wijtvliet/python/portfolyo/tests/core/pfstate/test_slice_state.py:23: AttributeError: 'PfState' object has no attribute 'slice']]></stack-trace></failure><reason><message><![CDATA[]]></message></reason><output><![CDATA[]]></output></test-case><test-case id="140" name="tests/core/pfstate/test_slice_state.py::test_slice_state[slice_end2-2022-01-02-MS]" fullname="tests/core/pfstate/test_slice_state.py::test_slice_state[slice_end2-2022-01-02-MS]" methodname="test_slice_state[slice_end2-2022-01-02-MS]" classname="tests/core/pfstate/test_slice_state.py" runstate="Runnable" seed="1" result="Failed" label="" start-time="2024-03-06 16:08:20.149443" end-time="2024-03-06 16:08:20.181591" duration="0.032148" asserts="0"><properties><property name="python-version" value="3.11.8 (main, Feb  6 2024, 21:21:21) [Clang 15.0.0 (clang-1500.1.0.2.5)]" /><property name="fspath" value="tests/core/pfstate/test_slice_state.py" /></properties><environment framework-version="3.6.2" clr-version="3.11.8 (main, Feb  6 2024, 21:21:21) [Clang 15.0.0 (clang-1500.1.0.2.5)]" os-version="23.3.0" platform="Darwin" cwd="/Users/ruud.wijtvliet/python/portfolyo/tests/core" machine-name="arm64" user="" user-domain="" culture="en-US" uiculture="en-US" os-architecture="64bit" /><failure><message><![CDATA[slice_start = '2022-01-02', slice_end = ('2022-01-02', '2022-01-01'), freq = 'MS'

    @pytest.mark.parametrize("freq", ["MS", "AS", "QS", "D", "15T"])
    @pytest.mark.parametrize("slice_start", ["2021", "2022", "2022-01-02"])
    @pytest.mark.parametrize(
        "slice_end",
        [
            # (&lt;param for slice&gt;, &lt;param for loc&gt;)
            ("2021", "2020"),
            ("2022", "2021"),
            ("2022-01-02", "2022-01-01"),
        ],
    )
    def test_slice_state(slice_start, slice_end, freq):
        index = pd.date_range("2020", "2024", freq=freq)
        pfs = dev.get_pfstate(index)
    
&gt;       pfs_to_concat = [pfs.slice[: slice_end[0]], pfs.slice[slice_start:]]
E       AttributeError: 'PfState' object has no attribute 'slice'

pfstate/test_slice_state.py:23: AttributeError]]></message><stack-trace><![CDATA[/Users/ruud.wijtvliet/python/portfolyo/tests/core/pfstate/test_slice_state.py:23: AttributeError: 'PfState' object has no attribute 'slice']]></stack-trace></failure><reason><message><![CDATA[]]></message></reason><output><![CDATA[]]></output></test-case><test-case id="141" name="tests/core/pfstate/test_slice_state.py::test_slice_state[slice_end2-2022-01-02-AS]" fullname="tests/core/pfstate/test_slice_state.py::test_slice_state[slice_end2-2022-01-02-AS]" methodname="test_slice_state[slice_end2-2022-01-02-AS]" classname="tests/core/pfstate/test_slice_state.py" runstate="Runnable" seed="1" result="Failed" label="" start-time="2024-03-06 16:08:20.182008" end-time="2024-03-06 16:08:20.213198" duration="0.03119" asserts="0"><properties><property name="python-version" value="3.11.8 (main, Feb  6 2024, 21:21:21) [Clang 15.0.0 (clang-1500.1.0.2.5)]" /><property name="fspath" value="tests/core/pfstate/test_slice_state.py" /></properties><environment framework-version="3.6.2" clr-version="3.11.8 (main, Feb  6 2024, 21:21:21) [Clang 15.0.0 (clang-1500.1.0.2.5)]" os-version="23.3.0" platform="Darwin" cwd="/Users/ruud.wijtvliet/python/portfolyo/tests/core" machine-name="arm64" user="" user-domain="" culture="en-US" uiculture="en-US" os-architecture="64bit" /><failure><message><![CDATA[slice_start = '2022-01-02', slice_end = ('2022-01-02', '2022-01-01'), freq = 'AS'

    @pytest.mark.parametrize("freq", ["MS", "AS", "QS", "D", "15T"])
    @pytest.mark.parametrize("slice_start", ["2021", "2022", "2022-01-02"])
    @pytest.mark.parametrize(
        "slice_end",
        [
            # (&lt;param for slice&gt;, &lt;param for loc&gt;)
            ("2021", "2020"),
            ("2022", "2021"),
            ("2022-01-02", "2022-01-01"),
        ],
    )
    def test_slice_state(slice_start, slice_end, freq):
        index = pd.date_range("2020", "2024", freq=freq)
        pfs = dev.get_pfstate(index)
    
&gt;       pfs_to_concat = [pfs.slice[: slice_end[0]], pfs.slice[slice_start:]]
E       AttributeError: 'PfState' object has no attribute 'slice'

pfstate/test_slice_state.py:23: AttributeError]]></message><stack-trace><![CDATA[/Users/ruud.wijtvliet/python/portfolyo/tests/core/pfstate/test_slice_state.py:23: AttributeError: 'PfState' object has no attribute 'slice']]></stack-trace></failure><reason><message><![CDATA[]]></message></reason><output><![CDATA[]]></output></test-case><test-case id="142" name="tests/core/pfstate/test_slice_state.py::test_slice_state[slice_end2-2022-01-02-QS]" fullname="tests/core/pfstate/test_slice_state.py::test_slice_state[slice_end2-2022-01-02-QS]" methodname="test_slice_state[slice_end2-2022-01-02-QS]" classname="tests/core/pfstate/test_slice_state.py" runstate="Runnable" seed="1" result="Failed" label="" start-time="2024-03-06 16:08:20.213621" end-time="2024-03-06 16:08:20.243566" duration="0.029945" asserts="0"><properties><property name="python-version" value="3.11.8 (main, Feb  6 2024, 21:21:21) [Clang 15.0.0 (clang-1500.1.0.2.5)]" /><property name="fspath" value="tests/core/pfstate/test_slice_state.py" /></properties><environment framework-version="3.6.2" clr-version="3.11.8 (main, Feb  6 2024, 21:21:21) [Clang 15.0.0 (clang-1500.1.0.2.5)]" os-version="23.3.0" platform="Darwin" cwd="/Users/ruud.wijtvliet/python/portfolyo/tests/core" machine-name="arm64" user="" user-domain="" culture="en-US" uiculture="en-US" os-architecture="64bit" /><failure><message><![CDATA[slice_start = '2022-01-02', slice_end = ('2022-01-02', '2022-01-01'), freq = 'QS'

    @pytest.mark.parametrize("freq", ["MS", "AS", "QS", "D", "15T"])
    @pytest.mark.parametrize("slice_start", ["2021", "2022", "2022-01-02"])
    @pytest.mark.parametrize(
        "slice_end",
        [
            # (&lt;param for slice&gt;, &lt;param for loc&gt;)
            ("2021", "2020"),
            ("2022", "2021"),
            ("2022-01-02", "2022-01-01"),
        ],
    )
    def test_slice_state(slice_start, slice_end, freq):
        index = pd.date_range("2020", "2024", freq=freq)
        pfs = dev.get_pfstate(index)
    
&gt;       pfs_to_concat = [pfs.slice[: slice_end[0]], pfs.slice[slice_start:]]
E       AttributeError: 'PfState' object has no attribute 'slice'

pfstate/test_slice_state.py:23: AttributeError]]></message><stack-trace><![CDATA[/Users/ruud.wijtvliet/python/portfolyo/tests/core/pfstate/test_slice_state.py:23: AttributeError: 'PfState' object has no attribute 'slice']]></stack-trace></failure><reason><message><![CDATA[]]></message></reason><output><![CDATA[]]></output></test-case><test-case id="143" name="tests/core/pfstate/test_slice_state.py::test_slice_state[slice_end2-2022-01-02-D]" fullname="tests/core/pfstate/test_slice_state.py::test_slice_state[slice_end2-2022-01-02-D]" methodname="test_slice_state[slice_end2-2022-01-02-D]" classname="tests/core/pfstate/test_slice_state.py" runstate="Runnable" seed="1" result="Failed" label="" start-time="2024-03-06 16:08:20.243955" end-time="2024-03-06 16:08:20.294283" duration="0.050328" asserts="0"><properties><property name="python-version" value="3.11.8 (main, Feb  6 2024, 21:21:21) [Clang 15.0.0 (clang-1500.1.0.2.5)]" /><property name="fspath" value="tests/core/pfstate/test_slice_state.py" /></properties><environment framework-version="3.6.2" clr-version="3.11.8 (main, Feb  6 2024, 21:21:21) [Clang 15.0.0 (clang-1500.1.0.2.5)]" os-version="23.3.0" platform="Darwin" cwd="/Users/ruud.wijtvliet/python/portfolyo/tests/core" machine-name="arm64" user="" user-domain="" culture="en-US" uiculture="en-US" os-architecture="64bit" /><failure><message><![CDATA[slice_start = '2022-01-02', slice_end = ('2022-01-02', '2022-01-01'), freq = 'D'

    @pytest.mark.parametrize("freq", ["MS", "AS", "QS", "D", "15T"])
    @pytest.mark.parametrize("slice_start", ["2021", "2022", "2022-01-02"])
    @pytest.mark.parametrize(
        "slice_end",
        [
            # (&lt;param for slice&gt;, &lt;param for loc&gt;)
            ("2021", "2020"),
            ("2022", "2021"),
            ("2022-01-02", "2022-01-01"),
        ],
    )
    def test_slice_state(slice_start, slice_end, freq):
        index = pd.date_range("2020", "2024", freq=freq)
        pfs = dev.get_pfstate(index)
    
&gt;       pfs_to_concat = [pfs.slice[: slice_end[0]], pfs.slice[slice_start:]]
E       AttributeError: 'PfState' object has no attribute 'slice'

pfstate/test_slice_state.py:23: AttributeError]]></message><stack-trace><![CDATA[/Users/ruud.wijtvliet/python/portfolyo/tests/core/pfstate/test_slice_state.py:23: AttributeError: 'PfState' object has no attribute 'slice']]></stack-trace></failure><reason><message><![CDATA[]]></message></reason><output><![CDATA[]]></output></test-case><test-case id="144" name="tests/core/pfstate/test_slice_state.py::test_slice_state[slice_end2-2022-01-02-15T]" fullname="tests/core/pfstate/test_slice_state.py::test_slice_state[slice_end2-2022-01-02-15T]" methodname="test_slice_state[slice_end2-2022-01-02-15T]" classname="tests/core/pfstate/test_slice_state.py" runstate="Runnable" seed="1" result="Failed" label="" start-time="2024-03-06 16:08:20.294702" end-time="2024-03-06 16:08:24.195611" duration="3.900909" asserts="0"><properties><property name="python-version" value="3.11.8 (main, Feb  6 2024, 21:21:21) [Clang 15.0.0 (clang-1500.1.0.2.5)]" /><property name="fspath" value="tests/core/pfstate/test_slice_state.py" /></properties><environment framework-version="3.6.2" clr-version="3.11.8 (main, Feb  6 2024, 21:21:21) [Clang 15.0.0 (clang-1500.1.0.2.5)]" os-version="23.3.0" platform="Darwin" cwd="/Users/ruud.wijtvliet/python/portfolyo/tests/core" machine-name="arm64" user="" user-domain="" culture="en-US" uiculture="en-US" os-architecture="64bit" /><failure><message><![CDATA[slice_start = '2022-01-02', slice_end = ('2022-01-02', '2022-01-01'), freq = '15T'

    @pytest.mark.parametrize("freq", ["MS", "AS", "QS", "D", "15T"])
    @pytest.mark.parametrize("slice_start", ["2021", "2022", "2022-01-02"])
    @pytest.mark.parametrize(
        "slice_end",
        [
            # (&lt;param for slice&gt;, &lt;param for loc&gt;)
            ("2021", "2020"),
            ("2022", "2021"),
            ("2022-01-02", "2022-01-01"),
        ],
    )
    def test_slice_state(slice_start, slice_end, freq):
        index = pd.date_range("2020", "2024", freq=freq)
        pfs = dev.get_pfstate(index)
    
&gt;       pfs_to_concat = [pfs.slice[: slice_end[0]], pfs.slice[slice_start:]]
E       AttributeError: 'PfState' object has no attribute 'slice'

pfstate/test_slice_state.py:23: AttributeError]]></message><stack-trace><![CDATA[/Users/ruud.wijtvliet/python/portfolyo/tests/core/pfstate/test_slice_state.py:23: AttributeError: 'PfState' object has no attribute 'slice']]></stack-trace></failure><reason><message><![CDATA[]]></message></reason><output><![CDATA[]]></output></test-case><test-case id="145" name="tests/core/pfstate/test_slice_state.py::test_state_slice_start[2021-MS]" fullname="tests/core/pfstate/test_slice_state.py::test_state_slice_start[2021-MS]" methodname="test_state_slice_start[2021-MS]" classname="tests/core/pfstate/test_slice_state.py" runstate="Runnable" seed="1" result="Failed" label="" start-time="2024-03-06 16:08:24.196025" end-time="2024-03-06 16:08:24.227218" duration="0.031193" asserts="0"><properties><property name="python-version" value="3.11.8 (main, Feb  6 2024, 21:21:21) [Clang 15.0.0 (clang-1500.1.0.2.5)]" /><property name="fspath" value="tests/core/pfstate/test_slice_state.py" /></properties><environment framework-version="3.6.2" clr-version="3.11.8 (main, Feb  6 2024, 21:21:21) [Clang 15.0.0 (clang-1500.1.0.2.5)]" os-version="23.3.0" platform="Darwin" cwd="/Users/ruud.wijtvliet/python/portfolyo/tests/core" machine-name="arm64" user="" user-domain="" culture="en-US" uiculture="en-US" os-architecture="64bit" /><failure><message><![CDATA[slice_start = '2021', freq = 'MS'

    @pytest.mark.parametrize("freq", ["MS", "AS", "QS", "D", "15T"])
    @pytest.mark.parametrize(
        "slice_start",
        [
            "2021",
            "2022",
            "2022-01-02",
            "2022-01-02 14:00",
        ],
    )
    def test_state_slice_start(slice_start, freq):
        index = pd.date_range("2020", "2024", freq=freq, inclusive="left")
        pfs = dev.get_pfstate(index)
&gt;       assert pfs.slice[slice_start:] == pfs.loc[slice_start:]
E       AttributeError: 'PfState' object has no attribute 'slice'

pfstate/test_slice_state.py:41: AttributeError]]></message><stack-trace><![CDATA[/Users/ruud.wijtvliet/python/portfolyo/tests/core/pfstate/test_slice_state.py:41: AttributeError: 'PfState' object has no attribute 'slice']]></stack-trace></failure><reason><message><![CDATA[]]></message></reason><output><![CDATA[]]></output></test-case><test-case id="146" name="tests/core/pfstate/test_slice_state.py::test_state_slice_start[2021-AS]" fullname="tests/core/pfstate/test_slice_state.py::test_state_slice_start[2021-AS]" methodname="test_state_slice_start[2021-AS]" classname="tests/core/pfstate/test_slice_state.py" runstate="Runnable" seed="1" result="Failed" label="" start-time="2024-03-06 16:08:24.227613" end-time="2024-03-06 16:08:24.254825" duration="0.027212" asserts="0"><properties><property name="python-version" value="3.11.8 (main, Feb  6 2024, 21:21:21) [Clang 15.0.0 (clang-1500.1.0.2.5)]" /><property name="fspath" value="tests/core/pfstate/test_slice_state.py" /></properties><environment framework-version="3.6.2" clr-version="3.11.8 (main, Feb  6 2024, 21:21:21) [Clang 15.0.0 (clang-1500.1.0.2.5)]" os-version="23.3.0" platform="Darwin" cwd="/Users/ruud.wijtvliet/python/portfolyo/tests/core" machine-name="arm64" user="" user-domain="" culture="en-US" uiculture="en-US" os-architecture="64bit" /><failure><message><![CDATA[slice_start = '2021', freq = 'AS'

    @pytest.mark.parametrize("freq", ["MS", "AS", "QS", "D", "15T"])
    @pytest.mark.parametrize(
        "slice_start",
        [
            "2021",
            "2022",
            "2022-01-02",
            "2022-01-02 14:00",
        ],
    )
    def test_state_slice_start(slice_start, freq):
        index = pd.date_range("2020", "2024", freq=freq, inclusive="left")
        pfs = dev.get_pfstate(index)
&gt;       assert pfs.slice[slice_start:] == pfs.loc[slice_start:]
E       AttributeError: 'PfState' object has no attribute 'slice'

pfstate/test_slice_state.py:41: AttributeError]]></message><stack-trace><![CDATA[/Users/ruud.wijtvliet/python/portfolyo/tests/core/pfstate/test_slice_state.py:41: AttributeError: 'PfState' object has no attribute 'slice']]></stack-trace></failure><reason><message><![CDATA[]]></message></reason><output><![CDATA[]]></output></test-case><test-case id="147" name="tests/core/pfstate/test_slice_state.py::test_state_slice_start[2021-QS]" fullname="tests/core/pfstate/test_slice_state.py::test_state_slice_start[2021-QS]" methodname="test_state_slice_start[2021-QS]" classname="tests/core/pfstate/test_slice_state.py" runstate="Runnable" seed="1" result="Failed" label="" start-time="2024-03-06 16:08:24.255187" end-time="2024-03-06 16:08:24.285100" duration="0.029913" asserts="0"><properties><property name="python-version" value="3.11.8 (main, Feb  6 2024, 21:21:21) [Clang 15.0.0 (clang-1500.1.0.2.5)]" /><property name="fspath" value="tests/core/pfstate/test_slice_state.py" /></properties><environment framework-version="3.6.2" clr-version="3.11.8 (main, Feb  6 2024, 21:21:21) [Clang 15.0.0 (clang-1500.1.0.2.5)]" os-version="23.3.0" platform="Darwin" cwd="/Users/ruud.wijtvliet/python/portfolyo/tests/core" machine-name="arm64" user="" user-domain="" culture="en-US" uiculture="en-US" os-architecture="64bit" /><failure><message><![CDATA[slice_start = '2021', freq = 'QS'

    @pytest.mark.parametrize("freq", ["MS", "AS", "QS", "D", "15T"])
    @pytest.mark.parametrize(
        "slice_start",
        [
            "2021",
            "2022",
            "2022-01-02",
            "2022-01-02 14:00",
        ],
    )
    def test_state_slice_start(slice_start, freq):
        index = pd.date_range("2020", "2024", freq=freq, inclusive="left")
        pfs = dev.get_pfstate(index)
&gt;       assert pfs.slice[slice_start:] == pfs.loc[slice_start:]
E       AttributeError: 'PfState' object has no attribute 'slice'

pfstate/test_slice_state.py:41: AttributeError]]></message><stack-trace><![CDATA[/Users/ruud.wijtvliet/python/portfolyo/tests/core/pfstate/test_slice_state.py:41: AttributeError: 'PfState' object has no attribute 'slice']]></stack-trace></failure><reason><message><![CDATA[]]></message></reason><output><![CDATA[]]></output></test-case><test-case id="148" name="tests/core/pfstate/test_slice_state.py::test_state_slice_start[2021-D]" fullname="tests/core/pfstate/test_slice_state.py::test_state_slice_start[2021-D]" methodname="test_state_slice_start[2021-D]" classname="tests/core/pfstate/test_slice_state.py" runstate="Runnable" seed="1" result="Failed" label="" start-time="2024-03-06 16:08:24.285462" end-time="2024-03-06 16:08:24.334956" duration="0.049494" asserts="0"><properties><property name="python-version" value="3.11.8 (main, Feb  6 2024, 21:21:21) [Clang 15.0.0 (clang-1500.1.0.2.5)]" /><property name="fspath" value="tests/core/pfstate/test_slice_state.py" /></properties><environment framework-version="3.6.2" clr-version="3.11.8 (main, Feb  6 2024, 21:21:21) [Clang 15.0.0 (clang-1500.1.0.2.5)]" os-version="23.3.0" platform="Darwin" cwd="/Users/ruud.wijtvliet/python/portfolyo/tests/core" machine-name="arm64" user="" user-domain="" culture="en-US" uiculture="en-US" os-architecture="64bit" /><failure><message><![CDATA[slice_start = '2021', freq = 'D'

    @pytest.mark.parametrize("freq", ["MS", "AS", "QS", "D", "15T"])
    @pytest.mark.parametrize(
        "slice_start",
        [
            "2021",
            "2022",
            "2022-01-02",
            "2022-01-02 14:00",
        ],
    )
    def test_state_slice_start(slice_start, freq):
        index = pd.date_range("2020", "2024", freq=freq, inclusive="left")
        pfs = dev.get_pfstate(index)
&gt;       assert pfs.slice[slice_start:] == pfs.loc[slice_start:]
E       AttributeError: 'PfState' object has no attribute 'slice'

pfstate/test_slice_state.py:41: AttributeError]]></message><stack-trace><![CDATA[/Users/ruud.wijtvliet/python/portfolyo/tests/core/pfstate/test_slice_state.py:41: AttributeError: 'PfState' object has no attribute 'slice']]></stack-trace></failure><reason><message><![CDATA[]]></message></reason><output><![CDATA[]]></output></test-case><test-case id="149" name="tests/core/pfstate/test_slice_state.py::test_state_slice_start[2021-15T]" fullname="tests/core/pfstate/test_slice_state.py::test_state_slice_start[2021-15T]" methodname="test_state_slice_start[2021-15T]" classname="tests/core/pfstate/test_slice_state.py" runstate="Runnable" seed="1" result="Failed" label="" start-time="2024-03-06 16:08:24.335326" end-time="2024-03-06 16:08:28.034924" duration="3.699598" asserts="0"><properties><property name="python-version" value="3.11.8 (main, Feb  6 2024, 21:21:21) [Clang 15.0.0 (clang-1500.1.0.2.5)]" /><property name="fspath" value="tests/core/pfstate/test_slice_state.py" /></properties><environment framework-version="3.6.2" clr-version="3.11.8 (main, Feb  6 2024, 21:21:21) [Clang 15.0.0 (clang-1500.1.0.2.5)]" os-version="23.3.0" platform="Darwin" cwd="/Users/ruud.wijtvliet/python/portfolyo/tests/core" machine-name="arm64" user="" user-domain="" culture="en-US" uiculture="en-US" os-architecture="64bit" /><failure><message><![CDATA[slice_start = '2021', freq = '15T'

    @pytest.mark.parametrize("freq", ["MS", "AS", "QS", "D", "15T"])
    @pytest.mark.parametrize(
        "slice_start",
        [
            "2021",
            "2022",
            "2022-01-02",
            "2022-01-02 14:00",
        ],
    )
    def test_state_slice_start(slice_start, freq):
        index = pd.date_range("2020", "2024", freq=freq, inclusive="left")
        pfs = dev.get_pfstate(index)
&gt;       assert pfs.slice[slice_start:] == pfs.loc[slice_start:]
E       AttributeError: 'PfState' object has no attribute 'slice'

pfstate/test_slice_state.py:41: AttributeError]]></message><stack-trace><![CDATA[/Users/ruud.wijtvliet/python/portfolyo/tests/core/pfstate/test_slice_state.py:41: AttributeError: 'PfState' object has no attribute 'slice']]></stack-trace></failure><reason><message><![CDATA[]]></message></reason><output><![CDATA[]]></output></test-case><test-case id="150" name="tests/core/pfstate/test_slice_state.py::test_state_slice_start[2022-MS]" fullname="tests/core/pfstate/test_slice_state.py::test_state_slice_start[2022-MS]" methodname="test_state_slice_start[2022-MS]" classname="tests/core/pfstate/test_slice_state.py" runstate="Runnable" seed="1" result="Failed" label="" start-time="2024-03-06 16:08:28.035322" end-time="2024-03-06 16:08:28.064630" duration="0.029308" asserts="0"><properties><property name="python-version" value="3.11.8 (main, Feb  6 2024, 21:21:21) [Clang 15.0.0 (clang-1500.1.0.2.5)]" /><property name="fspath" value="tests/core/pfstate/test_slice_state.py" /></properties><environment framework-version="3.6.2" clr-version="3.11.8 (main, Feb  6 2024, 21:21:21) [Clang 15.0.0 (clang-1500.1.0.2.5)]" os-version="23.3.0" platform="Darwin" cwd="/Users/ruud.wijtvliet/python/portfolyo/tests/core" machine-name="arm64" user="" user-domain="" culture="en-US" uiculture="en-US" os-architecture="64bit" /><failure><message><![CDATA[slice_start = '2022', freq = 'MS'

    @pytest.mark.parametrize("freq", ["MS", "AS", "QS", "D", "15T"])
    @pytest.mark.parametrize(
        "slice_start",
        [
            "2021",
            "2022",
            "2022-01-02",
            "2022-01-02 14:00",
        ],
    )
    def test_state_slice_start(slice_start, freq):
        index = pd.date_range("2020", "2024", freq=freq, inclusive="left")
        pfs = dev.get_pfstate(index)
&gt;       assert pfs.slice[slice_start:] == pfs.loc[slice_start:]
E       AttributeError: 'PfState' object has no attribute 'slice'

pfstate/test_slice_state.py:41: AttributeError]]></message><stack-trace><![CDATA[/Users/ruud.wijtvliet/python/portfolyo/tests/core/pfstate/test_slice_state.py:41: AttributeError: 'PfState' object has no attribute 'slice']]></stack-trace></failure><reason><message><![CDATA[]]></message></reason><output><![CDATA[]]></output></test-case><test-case id="151" name="tests/core/pfstate/test_slice_state.py::test_state_slice_start[2022-AS]" fullname="tests/core/pfstate/test_slice_state.py::test_state_slice_start[2022-AS]" methodname="test_state_slice_start[2022-AS]" classname="tests/core/pfstate/test_slice_state.py" runstate="Runnable" seed="1" result="Failed" label="" start-time="2024-03-06 16:08:28.064972" end-time="2024-03-06 16:08:28.091714" duration="0.026742" asserts="0"><properties><property name="python-version" value="3.11.8 (main, Feb  6 2024, 21:21:21) [Clang 15.0.0 (clang-1500.1.0.2.5)]" /><property name="fspath" value="tests/core/pfstate/test_slice_state.py" /></properties><environment framework-version="3.6.2" clr-version="3.11.8 (main, Feb  6 2024, 21:21:21) [Clang 15.0.0 (clang-1500.1.0.2.5)]" os-version="23.3.0" platform="Darwin" cwd="/Users/ruud.wijtvliet/python/portfolyo/tests/core" machine-name="arm64" user="" user-domain="" culture="en-US" uiculture="en-US" os-architecture="64bit" /><failure><message><![CDATA[slice_start = '2022', freq = 'AS'

    @pytest.mark.parametrize("freq", ["MS", "AS", "QS", "D", "15T"])
    @pytest.mark.parametrize(
        "slice_start",
        [
            "2021",
            "2022",
            "2022-01-02",
            "2022-01-02 14:00",
        ],
    )
    def test_state_slice_start(slice_start, freq):
        index = pd.date_range("2020", "2024", freq=freq, inclusive="left")
        pfs = dev.get_pfstate(index)
&gt;       assert pfs.slice[slice_start:] == pfs.loc[slice_start:]
E       AttributeError: 'PfState' object has no attribute 'slice'

pfstate/test_slice_state.py:41: AttributeError]]></message><stack-trace><![CDATA[/Users/ruud.wijtvliet/python/portfolyo/tests/core/pfstate/test_slice_state.py:41: AttributeError: 'PfState' object has no attribute 'slice']]></stack-trace></failure><reason><message><![CDATA[]]></message></reason><output><![CDATA[]]></output></test-case><test-case id="152" name="tests/core/pfstate/test_slice_state.py::test_state_slice_start[2022-QS]" fullname="tests/core/pfstate/test_slice_state.py::test_state_slice_start[2022-QS]" methodname="test_state_slice_start[2022-QS]" classname="tests/core/pfstate/test_slice_state.py" runstate="Runnable" seed="1" result="Failed" label="" start-time="2024-03-06 16:08:28.092071" end-time="2024-03-06 16:08:28.119968" duration="0.027897" asserts="0"><properties><property name="python-version" value="3.11.8 (main, Feb  6 2024, 21:21:21) [Clang 15.0.0 (clang-1500.1.0.2.5)]" /><property name="fspath" value="tests/core/pfstate/test_slice_state.py" /></properties><environment framework-version="3.6.2" clr-version="3.11.8 (main, Feb  6 2024, 21:21:21) [Clang 15.0.0 (clang-1500.1.0.2.5)]" os-version="23.3.0" platform="Darwin" cwd="/Users/ruud.wijtvliet/python/portfolyo/tests/core" machine-name="arm64" user="" user-domain="" culture="en-US" uiculture="en-US" os-architecture="64bit" /><failure><message><![CDATA[slice_start = '2022', freq = 'QS'

    @pytest.mark.parametrize("freq", ["MS", "AS", "QS", "D", "15T"])
    @pytest.mark.parametrize(
        "slice_start",
        [
            "2021",
            "2022",
            "2022-01-02",
            "2022-01-02 14:00",
        ],
    )
    def test_state_slice_start(slice_start, freq):
        index = pd.date_range("2020", "2024", freq=freq, inclusive="left")
        pfs = dev.get_pfstate(index)
&gt;       assert pfs.slice[slice_start:] == pfs.loc[slice_start:]
E       AttributeError: 'PfState' object has no attribute 'slice'

pfstate/test_slice_state.py:41: AttributeError]]></message><stack-trace><![CDATA[/Users/ruud.wijtvliet/python/portfolyo/tests/core/pfstate/test_slice_state.py:41: AttributeError: 'PfState' object has no attribute 'slice']]></stack-trace></failure><reason><message><![CDATA[]]></message></reason><output><![CDATA[]]></output></test-case><test-case id="153" name="tests/core/pfstate/test_slice_state.py::test_state_slice_start[2022-D]" fullname="tests/core/pfstate/test_slice_state.py::test_state_slice_start[2022-D]" methodname="test_state_slice_start[2022-D]" classname="tests/core/pfstate/test_slice_state.py" runstate="Runnable" seed="1" result="Failed" label="" start-time="2024-03-06 16:08:28.120302" end-time="2024-03-06 16:08:28.166190" duration="0.045888" asserts="0"><properties><property name="python-version" value="3.11.8 (main, Feb  6 2024, 21:21:21) [Clang 15.0.0 (clang-1500.1.0.2.5)]" /><property name="fspath" value="tests/core/pfstate/test_slice_state.py" /></properties><environment framework-version="3.6.2" clr-version="3.11.8 (main, Feb  6 2024, 21:21:21) [Clang 15.0.0 (clang-1500.1.0.2.5)]" os-version="23.3.0" platform="Darwin" cwd="/Users/ruud.wijtvliet/python/portfolyo/tests/core" machine-name="arm64" user="" user-domain="" culture="en-US" uiculture="en-US" os-architecture="64bit" /><failure><message><![CDATA[slice_start = '2022', freq = 'D'

    @pytest.mark.parametrize("freq", ["MS", "AS", "QS", "D", "15T"])
    @pytest.mark.parametrize(
        "slice_start",
        [
            "2021",
            "2022",
            "2022-01-02",
            "2022-01-02 14:00",
        ],
    )
    def test_state_slice_start(slice_start, freq):
        index = pd.date_range("2020", "2024", freq=freq, inclusive="left")
        pfs = dev.get_pfstate(index)
&gt;       assert pfs.slice[slice_start:] == pfs.loc[slice_start:]
E       AttributeError: 'PfState' object has no attribute 'slice'

pfstate/test_slice_state.py:41: AttributeError]]></message><stack-trace><![CDATA[/Users/ruud.wijtvliet/python/portfolyo/tests/core/pfstate/test_slice_state.py:41: AttributeError: 'PfState' object has no attribute 'slice']]></stack-trace></failure><reason><message><![CDATA[]]></message></reason><output><![CDATA[]]></output></test-case><test-case id="154" name="tests/core/pfstate/test_slice_state.py::test_state_slice_start[2022-15T]" fullname="tests/core/pfstate/test_slice_state.py::test_state_slice_start[2022-15T]" methodname="test_state_slice_start[2022-15T]" classname="tests/core/pfstate/test_slice_state.py" runstate="Runnable" seed="1" result="Failed" label="" start-time="2024-03-06 16:08:28.166517" end-time="2024-03-06 16:08:31.680243" duration="3.513726" asserts="0"><properties><property name="python-version" value="3.11.8 (main, Feb  6 2024, 21:21:21) [Clang 15.0.0 (clang-1500.1.0.2.5)]" /><property name="fspath" value="tests/core/pfstate/test_slice_state.py" /></properties><environment framework-version="3.6.2" clr-version="3.11.8 (main, Feb  6 2024, 21:21:21) [Clang 15.0.0 (clang-1500.1.0.2.5)]" os-version="23.3.0" platform="Darwin" cwd="/Users/ruud.wijtvliet/python/portfolyo/tests/core" machine-name="arm64" user="" user-domain="" culture="en-US" uiculture="en-US" os-architecture="64bit" /><failure><message><![CDATA[slice_start = '2022', freq = '15T'

    @pytest.mark.parametrize("freq", ["MS", "AS", "QS", "D", "15T"])
    @pytest.mark.parametrize(
        "slice_start",
        [
            "2021",
            "2022",
            "2022-01-02",
            "2022-01-02 14:00",
        ],
    )
    def test_state_slice_start(slice_start, freq):
        index = pd.date_range("2020", "2024", freq=freq, inclusive="left")
        pfs = dev.get_pfstate(index)
&gt;       assert pfs.slice[slice_start:] == pfs.loc[slice_start:]
E       AttributeError: 'PfState' object has no attribute 'slice'

pfstate/test_slice_state.py:41: AttributeError]]></message><stack-trace><![CDATA[/Users/ruud.wijtvliet/python/portfolyo/tests/core/pfstate/test_slice_state.py:41: AttributeError: 'PfState' object has no attribute 'slice']]></stack-trace></failure><reason><message><![CDATA[]]></message></reason><output><![CDATA[]]></output></test-case><test-case id="155" name="tests/core/pfstate/test_slice_state.py::test_state_slice_start[2022-01-02-MS]" fullname="tests/core/pfstate/test_slice_state.py::test_state_slice_start[2022-01-02-MS]" methodname="test_state_slice_start[2022-01-02-MS]" classname="tests/core/pfstate/test_slice_state.py" runstate="Runnable" seed="1" result="Failed" label="" start-time="2024-03-06 16:08:31.680659" end-time="2024-03-06 16:08:31.710071" duration="0.029412" asserts="0"><properties><property name="python-version" value="3.11.8 (main, Feb  6 2024, 21:21:21) [Clang 15.0.0 (clang-1500.1.0.2.5)]" /><property name="fspath" value="tests/core/pfstate/test_slice_state.py" /></properties><environment framework-version="3.6.2" clr-version="3.11.8 (main, Feb  6 2024, 21:21:21) [Clang 15.0.0 (clang-1500.1.0.2.5)]" os-version="23.3.0" platform="Darwin" cwd="/Users/ruud.wijtvliet/python/portfolyo/tests/core" machine-name="arm64" user="" user-domain="" culture="en-US" uiculture="en-US" os-architecture="64bit" /><failure><message><![CDATA[slice_start = '2022-01-02', freq = 'MS'

    @pytest.mark.parametrize("freq", ["MS", "AS", "QS", "D", "15T"])
    @pytest.mark.parametrize(
        "slice_start",
        [
            "2021",
            "2022",
            "2022-01-02",
            "2022-01-02 14:00",
        ],
    )
    def test_state_slice_start(slice_start, freq):
        index = pd.date_range("2020", "2024", freq=freq, inclusive="left")
        pfs = dev.get_pfstate(index)
&gt;       assert pfs.slice[slice_start:] == pfs.loc[slice_start:]
E       AttributeError: 'PfState' object has no attribute 'slice'

pfstate/test_slice_state.py:41: AttributeError]]></message><stack-trace><![CDATA[/Users/ruud.wijtvliet/python/portfolyo/tests/core/pfstate/test_slice_state.py:41: AttributeError: 'PfState' object has no attribute 'slice']]></stack-trace></failure><reason><message><![CDATA[]]></message></reason><output><![CDATA[]]></output></test-case><test-case id="156" name="tests/core/pfstate/test_slice_state.py::test_state_slice_start[2022-01-02-AS]" fullname="tests/core/pfstate/test_slice_state.py::test_state_slice_start[2022-01-02-AS]" methodname="test_state_slice_start[2022-01-02-AS]" classname="tests/core/pfstate/test_slice_state.py" runstate="Runnable" seed="1" result="Failed" label="" start-time="2024-03-06 16:08:31.710442" end-time="2024-03-06 16:08:31.736630" duration="0.026188" asserts="0"><properties><property name="python-version" value="3.11.8 (main, Feb  6 2024, 21:21:21) [Clang 15.0.0 (clang-1500.1.0.2.5)]" /><property name="fspath" value="tests/core/pfstate/test_slice_state.py" /></properties><environment framework-version="3.6.2" clr-version="3.11.8 (main, Feb  6 2024, 21:21:21) [Clang 15.0.0 (clang-1500.1.0.2.5)]" os-version="23.3.0" platform="Darwin" cwd="/Users/ruud.wijtvliet/python/portfolyo/tests/core" machine-name="arm64" user="" user-domain="" culture="en-US" uiculture="en-US" os-architecture="64bit" /><failure><message><![CDATA[slice_start = '2022-01-02', freq = 'AS'

    @pytest.mark.parametrize("freq", ["MS", "AS", "QS", "D", "15T"])
    @pytest.mark.parametrize(
        "slice_start",
        [
            "2021",
            "2022",
            "2022-01-02",
            "2022-01-02 14:00",
        ],
    )
    def test_state_slice_start(slice_start, freq):
        index = pd.date_range("2020", "2024", freq=freq, inclusive="left")
        pfs = dev.get_pfstate(index)
&gt;       assert pfs.slice[slice_start:] == pfs.loc[slice_start:]
E       AttributeError: 'PfState' object has no attribute 'slice'

pfstate/test_slice_state.py:41: AttributeError]]></message><stack-trace><![CDATA[/Users/ruud.wijtvliet/python/portfolyo/tests/core/pfstate/test_slice_state.py:41: AttributeError: 'PfState' object has no attribute 'slice']]></stack-trace></failure><reason><message><![CDATA[]]></message></reason><output><![CDATA[]]></output></test-case><test-case id="157" name="tests/core/pfstate/test_slice_state.py::test_state_slice_start[2022-01-02-QS]" fullname="tests/core/pfstate/test_slice_state.py::test_state_slice_start[2022-01-02-QS]" methodname="test_state_slice_start[2022-01-02-QS]" classname="tests/core/pfstate/test_slice_state.py" runstate="Runnable" seed="1" result="Failed" label="" start-time="2024-03-06 16:08:31.736978" end-time="2024-03-06 16:08:31.764190" duration="0.027212" asserts="0"><properties><property name="python-version" value="3.11.8 (main, Feb  6 2024, 21:21:21) [Clang 15.0.0 (clang-1500.1.0.2.5)]" /><property name="fspath" value="tests/core/pfstate/test_slice_state.py" /></properties><environment framework-version="3.6.2" clr-version="3.11.8 (main, Feb  6 2024, 21:21:21) [Clang 15.0.0 (clang-1500.1.0.2.5)]" os-version="23.3.0" platform="Darwin" cwd="/Users/ruud.wijtvliet/python/portfolyo/tests/core" machine-name="arm64" user="" user-domain="" culture="en-US" uiculture="en-US" os-architecture="64bit" /><failure><message><![CDATA[slice_start = '2022-01-02', freq = 'QS'

    @pytest.mark.parametrize("freq", ["MS", "AS", "QS", "D", "15T"])
    @pytest.mark.parametrize(
        "slice_start",
        [
            "2021",
            "2022",
            "2022-01-02",
            "2022-01-02 14:00",
        ],
    )
    def test_state_slice_start(slice_start, freq):
        index = pd.date_range("2020", "2024", freq=freq, inclusive="left")
        pfs = dev.get_pfstate(index)
&gt;       assert pfs.slice[slice_start:] == pfs.loc[slice_start:]
E       AttributeError: 'PfState' object has no attribute 'slice'

pfstate/test_slice_state.py:41: AttributeError]]></message><stack-trace><![CDATA[/Users/ruud.wijtvliet/python/portfolyo/tests/core/pfstate/test_slice_state.py:41: AttributeError: 'PfState' object has no attribute 'slice']]></stack-trace></failure><reason><message><![CDATA[]]></message></reason><output><![CDATA[]]></output></test-case><test-case id="158" name="tests/core/pfstate/test_slice_state.py::test_state_slice_start[2022-01-02-D]" fullname="tests/core/pfstate/test_slice_state.py::test_state_slice_start[2022-01-02-D]" methodname="test_state_slice_start[2022-01-02-D]" classname="tests/core/pfstate/test_slice_state.py" runstate="Runnable" seed="1" result="Failed" label="" start-time="2024-03-06 16:08:31.764515" end-time="2024-03-06 16:08:31.809939" duration="0.045424" asserts="0"><properties><property name="python-version" value="3.11.8 (main, Feb  6 2024, 21:21:21) [Clang 15.0.0 (clang-1500.1.0.2.5)]" /><property name="fspath" value="tests/core/pfstate/test_slice_state.py" /></properties><environment framework-version="3.6.2" clr-version="3.11.8 (main, Feb  6 2024, 21:21:21) [Clang 15.0.0 (clang-1500.1.0.2.5)]" os-version="23.3.0" platform="Darwin" cwd="/Users/ruud.wijtvliet/python/portfolyo/tests/core" machine-name="arm64" user="" user-domain="" culture="en-US" uiculture="en-US" os-architecture="64bit" /><failure><message><![CDATA[slice_start = '2022-01-02', freq = 'D'

    @pytest.mark.parametrize("freq", ["MS", "AS", "QS", "D", "15T"])
    @pytest.mark.parametrize(
        "slice_start",
        [
            "2021",
            "2022",
            "2022-01-02",
            "2022-01-02 14:00",
        ],
    )
    def test_state_slice_start(slice_start, freq):
        index = pd.date_range("2020", "2024", freq=freq, inclusive="left")
        pfs = dev.get_pfstate(index)
&gt;       assert pfs.slice[slice_start:] == pfs.loc[slice_start:]
E       AttributeError: 'PfState' object has no attribute 'slice'

pfstate/test_slice_state.py:41: AttributeError]]></message><stack-trace><![CDATA[/Users/ruud.wijtvliet/python/portfolyo/tests/core/pfstate/test_slice_state.py:41: AttributeError: 'PfState' object has no attribute 'slice']]></stack-trace></failure><reason><message><![CDATA[]]></message></reason><output><![CDATA[]]></output></test-case><test-case id="159" name="tests/core/pfstate/test_slice_state.py::test_state_slice_start[2022-01-02-15T]" fullname="tests/core/pfstate/test_slice_state.py::test_state_slice_start[2022-01-02-15T]" methodname="test_state_slice_start[2022-01-02-15T]" classname="tests/core/pfstate/test_slice_state.py" runstate="Runnable" seed="1" result="Failed" label="" start-time="2024-03-06 16:08:31.810313" end-time="2024-03-06 16:08:35.301104" duration="3.490791" asserts="0"><properties><property name="python-version" value="3.11.8 (main, Feb  6 2024, 21:21:21) [Clang 15.0.0 (clang-1500.1.0.2.5)]" /><property name="fspath" value="tests/core/pfstate/test_slice_state.py" /></properties><environment framework-version="3.6.2" clr-version="3.11.8 (main, Feb  6 2024, 21:21:21) [Clang 15.0.0 (clang-1500.1.0.2.5)]" os-version="23.3.0" platform="Darwin" cwd="/Users/ruud.wijtvliet/python/portfolyo/tests/core" machine-name="arm64" user="" user-domain="" culture="en-US" uiculture="en-US" os-architecture="64bit" /><failure><message><![CDATA[slice_start = '2022-01-02', freq = '15T'

    @pytest.mark.parametrize("freq", ["MS", "AS", "QS", "D", "15T"])
    @pytest.mark.parametrize(
        "slice_start",
        [
            "2021",
            "2022",
            "2022-01-02",
            "2022-01-02 14:00",
        ],
    )
    def test_state_slice_start(slice_start, freq):
        index = pd.date_range("2020", "2024", freq=freq, inclusive="left")
        pfs = dev.get_pfstate(index)
&gt;       assert pfs.slice[slice_start:] == pfs.loc[slice_start:]
E       AttributeError: 'PfState' object has no attribute 'slice'

pfstate/test_slice_state.py:41: AttributeError]]></message><stack-trace><![CDATA[/Users/ruud.wijtvliet/python/portfolyo/tests/core/pfstate/test_slice_state.py:41: AttributeError: 'PfState' object has no attribute 'slice']]></stack-trace></failure><reason><message><![CDATA[]]></message></reason><output><![CDATA[]]></output></test-case><test-case id="160" name="tests/core/pfstate/test_slice_state.py::test_state_slice_start[2022-01-02 14:00-MS]" fullname="tests/core/pfstate/test_slice_state.py::test_state_slice_start[2022-01-02 14:00-MS]" methodname="test_state_slice_start[2022-01-02 14:00-MS]" classname="tests/core/pfstate/test_slice_state.py" runstate="Runnable" seed="1" result="Failed" label="" start-time="2024-03-06 16:08:35.301508" end-time="2024-03-06 16:08:35.331209" duration="0.029701" asserts="0"><properties><property name="python-version" value="3.11.8 (main, Feb  6 2024, 21:21:21) [Clang 15.0.0 (clang-1500.1.0.2.5)]" /><property name="fspath" value="tests/core/pfstate/test_slice_state.py" /></properties><environment framework-version="3.6.2" clr-version="3.11.8 (main, Feb  6 2024, 21:21:21) [Clang 15.0.0 (clang-1500.1.0.2.5)]" os-version="23.3.0" platform="Darwin" cwd="/Users/ruud.wijtvliet/python/portfolyo/tests/core" machine-name="arm64" user="" user-domain="" culture="en-US" uiculture="en-US" os-architecture="64bit" /><failure><message><![CDATA[slice_start = '2022-01-02 14:00', freq = 'MS'

    @pytest.mark.parametrize("freq", ["MS", "AS", "QS", "D", "15T"])
    @pytest.mark.parametrize(
        "slice_start",
        [
            "2021",
            "2022",
            "2022-01-02",
            "2022-01-02 14:00",
        ],
    )
    def test_state_slice_start(slice_start, freq):
        index = pd.date_range("2020", "2024", freq=freq, inclusive="left")
        pfs = dev.get_pfstate(index)
&gt;       assert pfs.slice[slice_start:] == pfs.loc[slice_start:]
E       AttributeError: 'PfState' object has no attribute 'slice'

pfstate/test_slice_state.py:41: AttributeError]]></message><stack-trace><![CDATA[/Users/ruud.wijtvliet/python/portfolyo/tests/core/pfstate/test_slice_state.py:41: AttributeError: 'PfState' object has no attribute 'slice']]></stack-trace></failure><reason><message><![CDATA[]]></message></reason><output><![CDATA[]]></output></test-case><test-case id="161" name="tests/core/pfstate/test_slice_state.py::test_state_slice_start[2022-01-02 14:00-AS]" fullname="tests/core/pfstate/test_slice_state.py::test_state_slice_start[2022-01-02 14:00-AS]" methodname="test_state_slice_start[2022-01-02 14:00-AS]" classname="tests/core/pfstate/test_slice_state.py" runstate="Runnable" seed="1" result="Failed" label="" start-time="2024-03-06 16:08:35.331619" end-time="2024-03-06 16:08:35.358491" duration="0.026872" asserts="0"><properties><property name="python-version" value="3.11.8 (main, Feb  6 2024, 21:21:21) [Clang 15.0.0 (clang-1500.1.0.2.5)]" /><property name="fspath" value="tests/core/pfstate/test_slice_state.py" /></properties><environment framework-version="3.6.2" clr-version="3.11.8 (main, Feb  6 2024, 21:21:21) [Clang 15.0.0 (clang-1500.1.0.2.5)]" os-version="23.3.0" platform="Darwin" cwd="/Users/ruud.wijtvliet/python/portfolyo/tests/core" machine-name="arm64" user="" user-domain="" culture="en-US" uiculture="en-US" os-architecture="64bit" /><failure><message><![CDATA[slice_start = '2022-01-02 14:00', freq = 'AS'

    @pytest.mark.parametrize("freq", ["MS", "AS", "QS", "D", "15T"])
    @pytest.mark.parametrize(
        "slice_start",
        [
            "2021",
            "2022",
            "2022-01-02",
            "2022-01-02 14:00",
        ],
    )
    def test_state_slice_start(slice_start, freq):
        index = pd.date_range("2020", "2024", freq=freq, inclusive="left")
        pfs = dev.get_pfstate(index)
&gt;       assert pfs.slice[slice_start:] == pfs.loc[slice_start:]
E       AttributeError: 'PfState' object has no attribute 'slice'

pfstate/test_slice_state.py:41: AttributeError]]></message><stack-trace><![CDATA[/Users/ruud.wijtvliet/python/portfolyo/tests/core/pfstate/test_slice_state.py:41: AttributeError: 'PfState' object has no attribute 'slice']]></stack-trace></failure><reason><message><![CDATA[]]></message></reason><output><![CDATA[]]></output></test-case><test-case id="162" name="tests/core/pfstate/test_slice_state.py::test_state_slice_start[2022-01-02 14:00-QS]" fullname="tests/core/pfstate/test_slice_state.py::test_state_slice_start[2022-01-02 14:00-QS]" methodname="test_state_slice_start[2022-01-02 14:00-QS]" classname="tests/core/pfstate/test_slice_state.py" runstate="Runnable" seed="1" result="Failed" label="" start-time="2024-03-06 16:08:35.358829" end-time="2024-03-06 16:08:35.387156" duration="0.028327" asserts="0"><properties><property name="python-version" value="3.11.8 (main, Feb  6 2024, 21:21:21) [Clang 15.0.0 (clang-1500.1.0.2.5)]" /><property name="fspath" value="tests/core/pfstate/test_slice_state.py" /></properties><environment framework-version="3.6.2" clr-version="3.11.8 (main, Feb  6 2024, 21:21:21) [Clang 15.0.0 (clang-1500.1.0.2.5)]" os-version="23.3.0" platform="Darwin" cwd="/Users/ruud.wijtvliet/python/portfolyo/tests/core" machine-name="arm64" user="" user-domain="" culture="en-US" uiculture="en-US" os-architecture="64bit" /><failure><message><![CDATA[slice_start = '2022-01-02 14:00', freq = 'QS'

    @pytest.mark.parametrize("freq", ["MS", "AS", "QS", "D", "15T"])
    @pytest.mark.parametrize(
        "slice_start",
        [
            "2021",
            "2022",
            "2022-01-02",
            "2022-01-02 14:00",
        ],
    )
    def test_state_slice_start(slice_start, freq):
        index = pd.date_range("2020", "2024", freq=freq, inclusive="left")
        pfs = dev.get_pfstate(index)
&gt;       assert pfs.slice[slice_start:] == pfs.loc[slice_start:]
E       AttributeError: 'PfState' object has no attribute 'slice'

pfstate/test_slice_state.py:41: AttributeError]]></message><stack-trace><![CDATA[/Users/ruud.wijtvliet/python/portfolyo/tests/core/pfstate/test_slice_state.py:41: AttributeError: 'PfState' object has no attribute 'slice']]></stack-trace></failure><reason><message><![CDATA[]]></message></reason><output><![CDATA[]]></output></test-case><test-case id="163" name="tests/core/pfstate/test_slice_state.py::test_state_slice_start[2022-01-02 14:00-D]" fullname="tests/core/pfstate/test_slice_state.py::test_state_slice_start[2022-01-02 14:00-D]" methodname="test_state_slice_start[2022-01-02 14:00-D]" classname="tests/core/pfstate/test_slice_state.py" runstate="Runnable" seed="1" result="Failed" label="" start-time="2024-03-06 16:08:35.387528" end-time="2024-03-06 16:08:35.437457" duration="0.049929" asserts="0"><properties><property name="python-version" value="3.11.8 (main, Feb  6 2024, 21:21:21) [Clang 15.0.0 (clang-1500.1.0.2.5)]" /><property name="fspath" value="tests/core/pfstate/test_slice_state.py" /></properties><environment framework-version="3.6.2" clr-version="3.11.8 (main, Feb  6 2024, 21:21:21) [Clang 15.0.0 (clang-1500.1.0.2.5)]" os-version="23.3.0" platform="Darwin" cwd="/Users/ruud.wijtvliet/python/portfolyo/tests/core" machine-name="arm64" user="" user-domain="" culture="en-US" uiculture="en-US" os-architecture="64bit" /><failure><message><![CDATA[slice_start = '2022-01-02 14:00', freq = 'D'

    @pytest.mark.parametrize("freq", ["MS", "AS", "QS", "D", "15T"])
    @pytest.mark.parametrize(
        "slice_start",
        [
            "2021",
            "2022",
            "2022-01-02",
            "2022-01-02 14:00",
        ],
    )
    def test_state_slice_start(slice_start, freq):
        index = pd.date_range("2020", "2024", freq=freq, inclusive="left")
        pfs = dev.get_pfstate(index)
&gt;       assert pfs.slice[slice_start:] == pfs.loc[slice_start:]
E       AttributeError: 'PfState' object has no attribute 'slice'

pfstate/test_slice_state.py:41: AttributeError]]></message><stack-trace><![CDATA[/Users/ruud.wijtvliet/python/portfolyo/tests/core/pfstate/test_slice_state.py:41: AttributeError: 'PfState' object has no attribute 'slice']]></stack-trace></failure><reason><message><![CDATA[]]></message></reason><output><![CDATA[]]></output></test-case><test-case id="164" name="tests/core/pfstate/test_slice_state.py::test_state_slice_start[2022-01-02 14:00-15T]" fullname="tests/core/pfstate/test_slice_state.py::test_state_slice_start[2022-01-02 14:00-15T]" methodname="test_state_slice_start[2022-01-02 14:00-15T]" classname="tests/core/pfstate/test_slice_state.py" runstate="Runnable" seed="1" result="Failed" label="" start-time="2024-03-06 16:08:35.437843" end-time="2024-03-06 16:08:39.099494" duration="3.661651" asserts="0"><properties><property name="python-version" value="3.11.8 (main, Feb  6 2024, 21:21:21) [Clang 15.0.0 (clang-1500.1.0.2.5)]" /><property name="fspath" value="tests/core/pfstate/test_slice_state.py" /></properties><environment framework-version="3.6.2" clr-version="3.11.8 (main, Feb  6 2024, 21:21:21) [Clang 15.0.0 (clang-1500.1.0.2.5)]" os-version="23.3.0" platform="Darwin" cwd="/Users/ruud.wijtvliet/python/portfolyo/tests/core" machine-name="arm64" user="" user-domain="" culture="en-US" uiculture="en-US" os-architecture="64bit" /><failure><message><![CDATA[slice_start = '2022-01-02 14:00', freq = '15T'

    @pytest.mark.parametrize("freq", ["MS", "AS", "QS", "D", "15T"])
    @pytest.mark.parametrize(
        "slice_start",
        [
            "2021",
            "2022",
            "2022-01-02",
            "2022-01-02 14:00",
        ],
    )
    def test_state_slice_start(slice_start, freq):
        index = pd.date_range("2020", "2024", freq=freq, inclusive="left")
        pfs = dev.get_pfstate(index)
&gt;       assert pfs.slice[slice_start:] == pfs.loc[slice_start:]
E       AttributeError: 'PfState' object has no attribute 'slice'

pfstate/test_slice_state.py:41: AttributeError]]></message><stack-trace><![CDATA[/Users/ruud.wijtvliet/python/portfolyo/tests/core/pfstate/test_slice_state.py:41: AttributeError: 'PfState' object has no attribute 'slice']]></stack-trace></failure><reason><message><![CDATA[]]></message></reason><output><![CDATA[]]></output></test-case><test-case id="165" name="tests/core/pfstate/test_slice_state.py::test_state_slice_end[slice_end0-MS]" fullname="tests/core/pfstate/test_slice_state.py::test_state_slice_end[slice_end0-MS]" methodname="test_state_slice_end[slice_end0-MS]" classname="tests/core/pfstate/test_slice_state.py" runstate="Runnable" seed="1" result="Failed" label="" start-time="2024-03-06 16:08:39.099915" end-time="2024-03-06 16:08:39.130342" duration="0.030427" asserts="0"><properties><property name="python-version" value="3.11.8 (main, Feb  6 2024, 21:21:21) [Clang 15.0.0 (clang-1500.1.0.2.5)]" /><property name="fspath" value="tests/core/pfstate/test_slice_state.py" /></properties><environment framework-version="3.6.2" clr-version="3.11.8 (main, Feb  6 2024, 21:21:21) [Clang 15.0.0 (clang-1500.1.0.2.5)]" os-version="23.3.0" platform="Darwin" cwd="/Users/ruud.wijtvliet/python/portfolyo/tests/core" machine-name="arm64" user="" user-domain="" culture="en-US" uiculture="en-US" os-architecture="64bit" /><failure><message><![CDATA[slice_end = ('2021', '2020'), freq = 'MS'

    @pytest.mark.parametrize("freq", ["MS", "AS", "QS", "D", "15T"])
    @pytest.mark.parametrize(
        "slice_end",
        [
            # (&lt;param for slice&gt;, &lt;param for loc&gt;)
            ("2021", "2020"),
            ("2022", "2021"),
            ("2021-07", "2021-06"),
            ("2022-01-02", "2022-01-01"),
        ],
    )
    def test_state_slice_end(slice_end, freq):
        index = pd.date_range("2020", "2024", freq=freq, inclusive="left")
        pfs = dev.get_pfstate(index)
&gt;       assert pfs.slice[: slice_end[0]] == pfs.loc[: slice_end[1]]
E       AttributeError: 'PfState' object has no attribute 'slice'

pfstate/test_slice_state.py:58: AttributeError]]></message><stack-trace><![CDATA[/Users/ruud.wijtvliet/python/portfolyo/tests/core/pfstate/test_slice_state.py:58: AttributeError: 'PfState' object has no attribute 'slice']]></stack-trace></failure><reason><message><![CDATA[]]></message></reason><output><![CDATA[]]></output></test-case><test-case id="166" name="tests/core/pfstate/test_slice_state.py::test_state_slice_end[slice_end0-AS]" fullname="tests/core/pfstate/test_slice_state.py::test_state_slice_end[slice_end0-AS]" methodname="test_state_slice_end[slice_end0-AS]" classname="tests/core/pfstate/test_slice_state.py" runstate="Runnable" seed="1" result="Failed" label="" start-time="2024-03-06 16:08:39.130703" end-time="2024-03-06 16:08:39.158035" duration="0.027332" asserts="0"><properties><property name="python-version" value="3.11.8 (main, Feb  6 2024, 21:21:21) [Clang 15.0.0 (clang-1500.1.0.2.5)]" /><property name="fspath" value="tests/core/pfstate/test_slice_state.py" /></properties><environment framework-version="3.6.2" clr-version="3.11.8 (main, Feb  6 2024, 21:21:21) [Clang 15.0.0 (clang-1500.1.0.2.5)]" os-version="23.3.0" platform="Darwin" cwd="/Users/ruud.wijtvliet/python/portfolyo/tests/core" machine-name="arm64" user="" user-domain="" culture="en-US" uiculture="en-US" os-architecture="64bit" /><failure><message><![CDATA[slice_end = ('2021', '2020'), freq = 'AS'

    @pytest.mark.parametrize("freq", ["MS", "AS", "QS", "D", "15T"])
    @pytest.mark.parametrize(
        "slice_end",
        [
            # (&lt;param for slice&gt;, &lt;param for loc&gt;)
            ("2021", "2020"),
            ("2022", "2021"),
            ("2021-07", "2021-06"),
            ("2022-01-02", "2022-01-01"),
        ],
    )
    def test_state_slice_end(slice_end, freq):
        index = pd.date_range("2020", "2024", freq=freq, inclusive="left")
        pfs = dev.get_pfstate(index)
&gt;       assert pfs.slice[: slice_end[0]] == pfs.loc[: slice_end[1]]
E       AttributeError: 'PfState' object has no attribute 'slice'

pfstate/test_slice_state.py:58: AttributeError]]></message><stack-trace><![CDATA[/Users/ruud.wijtvliet/python/portfolyo/tests/core/pfstate/test_slice_state.py:58: AttributeError: 'PfState' object has no attribute 'slice']]></stack-trace></failure><reason><message><![CDATA[]]></message></reason><output><![CDATA[]]></output></test-case><test-case id="167" name="tests/core/pfstate/test_slice_state.py::test_state_slice_end[slice_end0-QS]" fullname="tests/core/pfstate/test_slice_state.py::test_state_slice_end[slice_end0-QS]" methodname="test_state_slice_end[slice_end0-QS]" classname="tests/core/pfstate/test_slice_state.py" runstate="Runnable" seed="1" result="Failed" label="" start-time="2024-03-06 16:08:39.158435" end-time="2024-03-06 16:08:39.186855" duration="0.02842" asserts="0"><properties><property name="python-version" value="3.11.8 (main, Feb  6 2024, 21:21:21) [Clang 15.0.0 (clang-1500.1.0.2.5)]" /><property name="fspath" value="tests/core/pfstate/test_slice_state.py" /></properties><environment framework-version="3.6.2" clr-version="3.11.8 (main, Feb  6 2024, 21:21:21) [Clang 15.0.0 (clang-1500.1.0.2.5)]" os-version="23.3.0" platform="Darwin" cwd="/Users/ruud.wijtvliet/python/portfolyo/tests/core" machine-name="arm64" user="" user-domain="" culture="en-US" uiculture="en-US" os-architecture="64bit" /><failure><message><![CDATA[slice_end = ('2021', '2020'), freq = 'QS'

    @pytest.mark.parametrize("freq", ["MS", "AS", "QS", "D", "15T"])
    @pytest.mark.parametrize(
        "slice_end",
        [
            # (&lt;param for slice&gt;, &lt;param for loc&gt;)
            ("2021", "2020"),
            ("2022", "2021"),
            ("2021-07", "2021-06"),
            ("2022-01-02", "2022-01-01"),
        ],
    )
    def test_state_slice_end(slice_end, freq):
        index = pd.date_range("2020", "2024", freq=freq, inclusive="left")
        pfs = dev.get_pfstate(index)
&gt;       assert pfs.slice[: slice_end[0]] == pfs.loc[: slice_end[1]]
E       AttributeError: 'PfState' object has no attribute 'slice'

pfstate/test_slice_state.py:58: AttributeError]]></message><stack-trace><![CDATA[/Users/ruud.wijtvliet/python/portfolyo/tests/core/pfstate/test_slice_state.py:58: AttributeError: 'PfState' object has no attribute 'slice']]></stack-trace></failure><reason><message><![CDATA[]]></message></reason><output><![CDATA[]]></output></test-case><test-case id="168" name="tests/core/pfstate/test_slice_state.py::test_state_slice_end[slice_end0-D]" fullname="tests/core/pfstate/test_slice_state.py::test_state_slice_end[slice_end0-D]" methodname="test_state_slice_end[slice_end0-D]" classname="tests/core/pfstate/test_slice_state.py" runstate="Runnable" seed="1" result="Failed" label="" start-time="2024-03-06 16:08:39.187211" end-time="2024-03-06 16:08:39.234430" duration="0.047219" asserts="0"><properties><property name="python-version" value="3.11.8 (main, Feb  6 2024, 21:21:21) [Clang 15.0.0 (clang-1500.1.0.2.5)]" /><property name="fspath" value="tests/core/pfstate/test_slice_state.py" /></properties><environment framework-version="3.6.2" clr-version="3.11.8 (main, Feb  6 2024, 21:21:21) [Clang 15.0.0 (clang-1500.1.0.2.5)]" os-version="23.3.0" platform="Darwin" cwd="/Users/ruud.wijtvliet/python/portfolyo/tests/core" machine-name="arm64" user="" user-domain="" culture="en-US" uiculture="en-US" os-architecture="64bit" /><failure><message><![CDATA[slice_end = ('2021', '2020'), freq = 'D'

    @pytest.mark.parametrize("freq", ["MS", "AS", "QS", "D", "15T"])
    @pytest.mark.parametrize(
        "slice_end",
        [
            # (&lt;param for slice&gt;, &lt;param for loc&gt;)
            ("2021", "2020"),
            ("2022", "2021"),
            ("2021-07", "2021-06"),
            ("2022-01-02", "2022-01-01"),
        ],
    )
    def test_state_slice_end(slice_end, freq):
        index = pd.date_range("2020", "2024", freq=freq, inclusive="left")
        pfs = dev.get_pfstate(index)
&gt;       assert pfs.slice[: slice_end[0]] == pfs.loc[: slice_end[1]]
E       AttributeError: 'PfState' object has no attribute 'slice'

pfstate/test_slice_state.py:58: AttributeError]]></message><stack-trace><![CDATA[/Users/ruud.wijtvliet/python/portfolyo/tests/core/pfstate/test_slice_state.py:58: AttributeError: 'PfState' object has no attribute 'slice']]></stack-trace></failure><reason><message><![CDATA[]]></message></reason><output><![CDATA[]]></output></test-case><test-case id="169" name="tests/core/pfstate/test_slice_state.py::test_state_slice_end[slice_end0-15T]" fullname="tests/core/pfstate/test_slice_state.py::test_state_slice_end[slice_end0-15T]" methodname="test_state_slice_end[slice_end0-15T]" classname="tests/core/pfstate/test_slice_state.py" runstate="Runnable" seed="1" result="Failed" label="" start-time="2024-03-06 16:08:39.234843" end-time="2024-03-06 16:08:42.903782" duration="3.668939" asserts="0"><properties><property name="python-version" value="3.11.8 (main, Feb  6 2024, 21:21:21) [Clang 15.0.0 (clang-1500.1.0.2.5)]" /><property name="fspath" value="tests/core/pfstate/test_slice_state.py" /></properties><environment framework-version="3.6.2" clr-version="3.11.8 (main, Feb  6 2024, 21:21:21) [Clang 15.0.0 (clang-1500.1.0.2.5)]" os-version="23.3.0" platform="Darwin" cwd="/Users/ruud.wijtvliet/python/portfolyo/tests/core" machine-name="arm64" user="" user-domain="" culture="en-US" uiculture="en-US" os-architecture="64bit" /><failure><message><![CDATA[slice_end = ('2021', '2020'), freq = '15T'

    @pytest.mark.parametrize("freq", ["MS", "AS", "QS", "D", "15T"])
    @pytest.mark.parametrize(
        "slice_end",
        [
            # (&lt;param for slice&gt;, &lt;param for loc&gt;)
            ("2021", "2020"),
            ("2022", "2021"),
            ("2021-07", "2021-06"),
            ("2022-01-02", "2022-01-01"),
        ],
    )
    def test_state_slice_end(slice_end, freq):
        index = pd.date_range("2020", "2024", freq=freq, inclusive="left")
        pfs = dev.get_pfstate(index)
&gt;       assert pfs.slice[: slice_end[0]] == pfs.loc[: slice_end[1]]
E       AttributeError: 'PfState' object has no attribute 'slice'

pfstate/test_slice_state.py:58: AttributeError]]></message><stack-trace><![CDATA[/Users/ruud.wijtvliet/python/portfolyo/tests/core/pfstate/test_slice_state.py:58: AttributeError: 'PfState' object has no attribute 'slice']]></stack-trace></failure><reason><message><![CDATA[]]></message></reason><output><![CDATA[]]></output></test-case><test-case id="170" name="tests/core/pfstate/test_slice_state.py::test_state_slice_end[slice_end1-MS]" fullname="tests/core/pfstate/test_slice_state.py::test_state_slice_end[slice_end1-MS]" methodname="test_state_slice_end[slice_end1-MS]" classname="tests/core/pfstate/test_slice_state.py" runstate="Runnable" seed="1" result="Failed" label="" start-time="2024-03-06 16:08:42.904190" end-time="2024-03-06 16:08:42.935074" duration="0.030884" asserts="0"><properties><property name="python-version" value="3.11.8 (main, Feb  6 2024, 21:21:21) [Clang 15.0.0 (clang-1500.1.0.2.5)]" /><property name="fspath" value="tests/core/pfstate/test_slice_state.py" /></properties><environment framework-version="3.6.2" clr-version="3.11.8 (main, Feb  6 2024, 21:21:21) [Clang 15.0.0 (clang-1500.1.0.2.5)]" os-version="23.3.0" platform="Darwin" cwd="/Users/ruud.wijtvliet/python/portfolyo/tests/core" machine-name="arm64" user="" user-domain="" culture="en-US" uiculture="en-US" os-architecture="64bit" /><failure><message><![CDATA[slice_end = ('2022', '2021'), freq = 'MS'

    @pytest.mark.parametrize("freq", ["MS", "AS", "QS", "D", "15T"])
    @pytest.mark.parametrize(
        "slice_end",
        [
            # (&lt;param for slice&gt;, &lt;param for loc&gt;)
            ("2021", "2020"),
            ("2022", "2021"),
            ("2021-07", "2021-06"),
            ("2022-01-02", "2022-01-01"),
        ],
    )
    def test_state_slice_end(slice_end, freq):
        index = pd.date_range("2020", "2024", freq=freq, inclusive="left")
        pfs = dev.get_pfstate(index)
&gt;       assert pfs.slice[: slice_end[0]] == pfs.loc[: slice_end[1]]
E       AttributeError: 'PfState' object has no attribute 'slice'

pfstate/test_slice_state.py:58: AttributeError]]></message><stack-trace><![CDATA[/Users/ruud.wijtvliet/python/portfolyo/tests/core/pfstate/test_slice_state.py:58: AttributeError: 'PfState' object has no attribute 'slice']]></stack-trace></failure><reason><message><![CDATA[]]></message></reason><output><![CDATA[]]></output></test-case><test-case id="171" name="tests/core/pfstate/test_slice_state.py::test_state_slice_end[slice_end1-AS]" fullname="tests/core/pfstate/test_slice_state.py::test_state_slice_end[slice_end1-AS]" methodname="test_state_slice_end[slice_end1-AS]" classname="tests/core/pfstate/test_slice_state.py" runstate="Runnable" seed="1" result="Failed" label="" start-time="2024-03-06 16:08:42.935475" end-time="2024-03-06 16:08:42.963524" duration="0.028049" asserts="0"><properties><property name="python-version" value="3.11.8 (main, Feb  6 2024, 21:21:21) [Clang 15.0.0 (clang-1500.1.0.2.5)]" /><property name="fspath" value="tests/core/pfstate/test_slice_state.py" /></properties><environment framework-version="3.6.2" clr-version="3.11.8 (main, Feb  6 2024, 21:21:21) [Clang 15.0.0 (clang-1500.1.0.2.5)]" os-version="23.3.0" platform="Darwin" cwd="/Users/ruud.wijtvliet/python/portfolyo/tests/core" machine-name="arm64" user="" user-domain="" culture="en-US" uiculture="en-US" os-architecture="64bit" /><failure><message><![CDATA[slice_end = ('2022', '2021'), freq = 'AS'

    @pytest.mark.parametrize("freq", ["MS", "AS", "QS", "D", "15T"])
    @pytest.mark.parametrize(
        "slice_end",
        [
            # (&lt;param for slice&gt;, &lt;param for loc&gt;)
            ("2021", "2020"),
            ("2022", "2021"),
            ("2021-07", "2021-06"),
            ("2022-01-02", "2022-01-01"),
        ],
    )
    def test_state_slice_end(slice_end, freq):
        index = pd.date_range("2020", "2024", freq=freq, inclusive="left")
        pfs = dev.get_pfstate(index)
&gt;       assert pfs.slice[: slice_end[0]] == pfs.loc[: slice_end[1]]
E       AttributeError: 'PfState' object has no attribute 'slice'

pfstate/test_slice_state.py:58: AttributeError]]></message><stack-trace><![CDATA[/Users/ruud.wijtvliet/python/portfolyo/tests/core/pfstate/test_slice_state.py:58: AttributeError: 'PfState' object has no attribute 'slice']]></stack-trace></failure><reason><message><![CDATA[]]></message></reason><output><![CDATA[]]></output></test-case><test-case id="172" name="tests/core/pfstate/test_slice_state.py::test_state_slice_end[slice_end1-QS]" fullname="tests/core/pfstate/test_slice_state.py::test_state_slice_end[slice_end1-QS]" methodname="test_state_slice_end[slice_end1-QS]" classname="tests/core/pfstate/test_slice_state.py" runstate="Runnable" seed="1" result="Failed" label="" start-time="2024-03-06 16:08:42.963909" end-time="2024-03-06 16:08:42.992746" duration="0.028837" asserts="0"><properties><property name="python-version" value="3.11.8 (main, Feb  6 2024, 21:21:21) [Clang 15.0.0 (clang-1500.1.0.2.5)]" /><property name="fspath" value="tests/core/pfstate/test_slice_state.py" /></properties><environment framework-version="3.6.2" clr-version="3.11.8 (main, Feb  6 2024, 21:21:21) [Clang 15.0.0 (clang-1500.1.0.2.5)]" os-version="23.3.0" platform="Darwin" cwd="/Users/ruud.wijtvliet/python/portfolyo/tests/core" machine-name="arm64" user="" user-domain="" culture="en-US" uiculture="en-US" os-architecture="64bit" /><failure><message><![CDATA[slice_end = ('2022', '2021'), freq = 'QS'

    @pytest.mark.parametrize("freq", ["MS", "AS", "QS", "D", "15T"])
    @pytest.mark.parametrize(
        "slice_end",
        [
            # (&lt;param for slice&gt;, &lt;param for loc&gt;)
            ("2021", "2020"),
            ("2022", "2021"),
            ("2021-07", "2021-06"),
            ("2022-01-02", "2022-01-01"),
        ],
    )
    def test_state_slice_end(slice_end, freq):
        index = pd.date_range("2020", "2024", freq=freq, inclusive="left")
        pfs = dev.get_pfstate(index)
&gt;       assert pfs.slice[: slice_end[0]] == pfs.loc[: slice_end[1]]
E       AttributeError: 'PfState' object has no attribute 'slice'

pfstate/test_slice_state.py:58: AttributeError]]></message><stack-trace><![CDATA[/Users/ruud.wijtvliet/python/portfolyo/tests/core/pfstate/test_slice_state.py:58: AttributeError: 'PfState' object has no attribute 'slice']]></stack-trace></failure><reason><message><![CDATA[]]></message></reason><output><![CDATA[]]></output></test-case><test-case id="173" name="tests/core/pfstate/test_slice_state.py::test_state_slice_end[slice_end1-D]" fullname="tests/core/pfstate/test_slice_state.py::test_state_slice_end[slice_end1-D]" methodname="test_state_slice_end[slice_end1-D]" classname="tests/core/pfstate/test_slice_state.py" runstate="Runnable" seed="1" result="Failed" label="" start-time="2024-03-06 16:08:42.993095" end-time="2024-03-06 16:08:43.042633" duration="0.049538" asserts="0"><properties><property name="python-version" value="3.11.8 (main, Feb  6 2024, 21:21:21) [Clang 15.0.0 (clang-1500.1.0.2.5)]" /><property name="fspath" value="tests/core/pfstate/test_slice_state.py" /></properties><environment framework-version="3.6.2" clr-version="3.11.8 (main, Feb  6 2024, 21:21:21) [Clang 15.0.0 (clang-1500.1.0.2.5)]" os-version="23.3.0" platform="Darwin" cwd="/Users/ruud.wijtvliet/python/portfolyo/tests/core" machine-name="arm64" user="" user-domain="" culture="en-US" uiculture="en-US" os-architecture="64bit" /><failure><message><![CDATA[slice_end = ('2022', '2021'), freq = 'D'

    @pytest.mark.parametrize("freq", ["MS", "AS", "QS", "D", "15T"])
    @pytest.mark.parametrize(
        "slice_end",
        [
            # (&lt;param for slice&gt;, &lt;param for loc&gt;)
            ("2021", "2020"),
            ("2022", "2021"),
            ("2021-07", "2021-06"),
            ("2022-01-02", "2022-01-01"),
        ],
    )
    def test_state_slice_end(slice_end, freq):
        index = pd.date_range("2020", "2024", freq=freq, inclusive="left")
        pfs = dev.get_pfstate(index)
&gt;       assert pfs.slice[: slice_end[0]] == pfs.loc[: slice_end[1]]
E       AttributeError: 'PfState' object has no attribute 'slice'

pfstate/test_slice_state.py:58: AttributeError]]></message><stack-trace><![CDATA[/Users/ruud.wijtvliet/python/portfolyo/tests/core/pfstate/test_slice_state.py:58: AttributeError: 'PfState' object has no attribute 'slice']]></stack-trace></failure><reason><message><![CDATA[]]></message></reason><output><![CDATA[]]></output></test-case><test-case id="174" name="tests/core/pfstate/test_slice_state.py::test_state_slice_end[slice_end1-15T]" fullname="tests/core/pfstate/test_slice_state.py::test_state_slice_end[slice_end1-15T]" methodname="test_state_slice_end[slice_end1-15T]" classname="tests/core/pfstate/test_slice_state.py" runstate="Runnable" seed="1" result="Failed" label="" start-time="2024-03-06 16:08:43.043063" end-time="2024-03-06 16:08:46.542386" duration="3.499323" asserts="0"><properties><property name="python-version" value="3.11.8 (main, Feb  6 2024, 21:21:21) [Clang 15.0.0 (clang-1500.1.0.2.5)]" /><property name="fspath" value="tests/core/pfstate/test_slice_state.py" /></properties><environment framework-version="3.6.2" clr-version="3.11.8 (main, Feb  6 2024, 21:21:21) [Clang 15.0.0 (clang-1500.1.0.2.5)]" os-version="23.3.0" platform="Darwin" cwd="/Users/ruud.wijtvliet/python/portfolyo/tests/core" machine-name="arm64" user="" user-domain="" culture="en-US" uiculture="en-US" os-architecture="64bit" /><failure><message><![CDATA[slice_end = ('2022', '2021'), freq = '15T'

    @pytest.mark.parametrize("freq", ["MS", "AS", "QS", "D", "15T"])
    @pytest.mark.parametrize(
        "slice_end",
        [
            # (&lt;param for slice&gt;, &lt;param for loc&gt;)
            ("2021", "2020"),
            ("2022", "2021"),
            ("2021-07", "2021-06"),
            ("2022-01-02", "2022-01-01"),
        ],
    )
    def test_state_slice_end(slice_end, freq):
        index = pd.date_range("2020", "2024", freq=freq, inclusive="left")
        pfs = dev.get_pfstate(index)
&gt;       assert pfs.slice[: slice_end[0]] == pfs.loc[: slice_end[1]]
E       AttributeError: 'PfState' object has no attribute 'slice'

pfstate/test_slice_state.py:58: AttributeError]]></message><stack-trace><![CDATA[/Users/ruud.wijtvliet/python/portfolyo/tests/core/pfstate/test_slice_state.py:58: AttributeError: 'PfState' object has no attribute 'slice']]></stack-trace></failure><reason><message><![CDATA[]]></message></reason><output><![CDATA[]]></output></test-case><test-case id="175" name="tests/core/pfstate/test_slice_state.py::test_state_slice_end[slice_end2-MS]" fullname="tests/core/pfstate/test_slice_state.py::test_state_slice_end[slice_end2-MS]" methodname="test_state_slice_end[slice_end2-MS]" classname="tests/core/pfstate/test_slice_state.py" runstate="Runnable" seed="1" result="Failed" label="" start-time="2024-03-06 16:08:46.542797" end-time="2024-03-06 16:08:46.572999" duration="0.030202" asserts="0"><properties><property name="python-version" value="3.11.8 (main, Feb  6 2024, 21:21:21) [Clang 15.0.0 (clang-1500.1.0.2.5)]" /><property name="fspath" value="tests/core/pfstate/test_slice_state.py" /></properties><environment framework-version="3.6.2" clr-version="3.11.8 (main, Feb  6 2024, 21:21:21) [Clang 15.0.0 (clang-1500.1.0.2.5)]" os-version="23.3.0" platform="Darwin" cwd="/Users/ruud.wijtvliet/python/portfolyo/tests/core" machine-name="arm64" user="" user-domain="" culture="en-US" uiculture="en-US" os-architecture="64bit" /><failure><message><![CDATA[slice_end = ('2021-07', '2021-06'), freq = 'MS'

    @pytest.mark.parametrize("freq", ["MS", "AS", "QS", "D", "15T"])
    @pytest.mark.parametrize(
        "slice_end",
        [
            # (&lt;param for slice&gt;, &lt;param for loc&gt;)
            ("2021", "2020"),
            ("2022", "2021"),
            ("2021-07", "2021-06"),
            ("2022-01-02", "2022-01-01"),
        ],
    )
    def test_state_slice_end(slice_end, freq):
        index = pd.date_range("2020", "2024", freq=freq, inclusive="left")
        pfs = dev.get_pfstate(index)
&gt;       assert pfs.slice[: slice_end[0]] == pfs.loc[: slice_end[1]]
E       AttributeError: 'PfState' object has no attribute 'slice'

pfstate/test_slice_state.py:58: AttributeError]]></message><stack-trace><![CDATA[/Users/ruud.wijtvliet/python/portfolyo/tests/core/pfstate/test_slice_state.py:58: AttributeError: 'PfState' object has no attribute 'slice']]></stack-trace></failure><reason><message><![CDATA[]]></message></reason><output><![CDATA[]]></output></test-case><test-case id="176" name="tests/core/pfstate/test_slice_state.py::test_state_slice_end[slice_end2-AS]" fullname="tests/core/pfstate/test_slice_state.py::test_state_slice_end[slice_end2-AS]" methodname="test_state_slice_end[slice_end2-AS]" classname="tests/core/pfstate/test_slice_state.py" runstate="Runnable" seed="1" result="Failed" label="" start-time="2024-03-06 16:08:46.573368" end-time="2024-03-06 16:08:46.599069" duration="0.025701" asserts="0"><properties><property name="python-version" value="3.11.8 (main, Feb  6 2024, 21:21:21) [Clang 15.0.0 (clang-1500.1.0.2.5)]" /><property name="fspath" value="tests/core/pfstate/test_slice_state.py" /></properties><environment framework-version="3.6.2" clr-version="3.11.8 (main, Feb  6 2024, 21:21:21) [Clang 15.0.0 (clang-1500.1.0.2.5)]" os-version="23.3.0" platform="Darwin" cwd="/Users/ruud.wijtvliet/python/portfolyo/tests/core" machine-name="arm64" user="" user-domain="" culture="en-US" uiculture="en-US" os-architecture="64bit" /><failure><message><![CDATA[slice_end = ('2021-07', '2021-06'), freq = 'AS'

    @pytest.mark.parametrize("freq", ["MS", "AS", "QS", "D", "15T"])
    @pytest.mark.parametrize(
        "slice_end",
        [
            # (&lt;param for slice&gt;, &lt;param for loc&gt;)
            ("2021", "2020"),
            ("2022", "2021"),
            ("2021-07", "2021-06"),
            ("2022-01-02", "2022-01-01"),
        ],
    )
    def test_state_slice_end(slice_end, freq):
        index = pd.date_range("2020", "2024", freq=freq, inclusive="left")
        pfs = dev.get_pfstate(index)
&gt;       assert pfs.slice[: slice_end[0]] == pfs.loc[: slice_end[1]]
E       AttributeError: 'PfState' object has no attribute 'slice'

pfstate/test_slice_state.py:58: AttributeError]]></message><stack-trace><![CDATA[/Users/ruud.wijtvliet/python/portfolyo/tests/core/pfstate/test_slice_state.py:58: AttributeError: 'PfState' object has no attribute 'slice']]></stack-trace></failure><reason><message><![CDATA[]]></message></reason><output><![CDATA[]]></output></test-case><test-case id="177" name="tests/core/pfstate/test_slice_state.py::test_state_slice_end[slice_end2-QS]" fullname="tests/core/pfstate/test_slice_state.py::test_state_slice_end[slice_end2-QS]" methodname="test_state_slice_end[slice_end2-QS]" classname="tests/core/pfstate/test_slice_state.py" runstate="Runnable" seed="1" result="Failed" label="" start-time="2024-03-06 16:08:46.599396" end-time="2024-03-06 16:08:46.626722" duration="0.027326" asserts="0"><properties><property name="python-version" value="3.11.8 (main, Feb  6 2024, 21:21:21) [Clang 15.0.0 (clang-1500.1.0.2.5)]" /><property name="fspath" value="tests/core/pfstate/test_slice_state.py" /></properties><environment framework-version="3.6.2" clr-version="3.11.8 (main, Feb  6 2024, 21:21:21) [Clang 15.0.0 (clang-1500.1.0.2.5)]" os-version="23.3.0" platform="Darwin" cwd="/Users/ruud.wijtvliet/python/portfolyo/tests/core" machine-name="arm64" user="" user-domain="" culture="en-US" uiculture="en-US" os-architecture="64bit" /><failure><message><![CDATA[slice_end = ('2021-07', '2021-06'), freq = 'QS'

    @pytest.mark.parametrize("freq", ["MS", "AS", "QS", "D", "15T"])
    @pytest.mark.parametrize(
        "slice_end",
        [
            # (&lt;param for slice&gt;, &lt;param for loc&gt;)
            ("2021", "2020"),
            ("2022", "2021"),
            ("2021-07", "2021-06"),
            ("2022-01-02", "2022-01-01"),
        ],
    )
    def test_state_slice_end(slice_end, freq):
        index = pd.date_range("2020", "2024", freq=freq, inclusive="left")
        pfs = dev.get_pfstate(index)
&gt;       assert pfs.slice[: slice_end[0]] == pfs.loc[: slice_end[1]]
E       AttributeError: 'PfState' object has no attribute 'slice'

pfstate/test_slice_state.py:58: AttributeError]]></message><stack-trace><![CDATA[/Users/ruud.wijtvliet/python/portfolyo/tests/core/pfstate/test_slice_state.py:58: AttributeError: 'PfState' object has no attribute 'slice']]></stack-trace></failure><reason><message><![CDATA[]]></message></reason><output><![CDATA[]]></output></test-case><test-case id="178" name="tests/core/pfstate/test_slice_state.py::test_state_slice_end[slice_end2-D]" fullname="tests/core/pfstate/test_slice_state.py::test_state_slice_end[slice_end2-D]" methodname="test_state_slice_end[slice_end2-D]" classname="tests/core/pfstate/test_slice_state.py" runstate="Runnable" seed="1" result="Failed" label="" start-time="2024-03-06 16:08:46.627048" end-time="2024-03-06 16:08:46.673455" duration="0.046407" asserts="0"><properties><property name="python-version" value="3.11.8 (main, Feb  6 2024, 21:21:21) [Clang 15.0.0 (clang-1500.1.0.2.5)]" /><property name="fspath" value="tests/core/pfstate/test_slice_state.py" /></properties><environment framework-version="3.6.2" clr-version="3.11.8 (main, Feb  6 2024, 21:21:21) [Clang 15.0.0 (clang-1500.1.0.2.5)]" os-version="23.3.0" platform="Darwin" cwd="/Users/ruud.wijtvliet/python/portfolyo/tests/core" machine-name="arm64" user="" user-domain="" culture="en-US" uiculture="en-US" os-architecture="64bit" /><failure><message><![CDATA[slice_end = ('2021-07', '2021-06'), freq = 'D'

    @pytest.mark.parametrize("freq", ["MS", "AS", "QS", "D", "15T"])
    @pytest.mark.parametrize(
        "slice_end",
        [
            # (&lt;param for slice&gt;, &lt;param for loc&gt;)
            ("2021", "2020"),
            ("2022", "2021"),
            ("2021-07", "2021-06"),
            ("2022-01-02", "2022-01-01"),
        ],
    )
    def test_state_slice_end(slice_end, freq):
        index = pd.date_range("2020", "2024", freq=freq, inclusive="left")
        pfs = dev.get_pfstate(index)
&gt;       assert pfs.slice[: slice_end[0]] == pfs.loc[: slice_end[1]]
E       AttributeError: 'PfState' object has no attribute 'slice'

pfstate/test_slice_state.py:58: AttributeError]]></message><stack-trace><![CDATA[/Users/ruud.wijtvliet/python/portfolyo/tests/core/pfstate/test_slice_state.py:58: AttributeError: 'PfState' object has no attribute 'slice']]></stack-trace></failure><reason><message><![CDATA[]]></message></reason><output><![CDATA[]]></output></test-case><test-case id="179" name="tests/core/pfstate/test_slice_state.py::test_state_slice_end[slice_end2-15T]" fullname="tests/core/pfstate/test_slice_state.py::test_state_slice_end[slice_end2-15T]" methodname="test_state_slice_end[slice_end2-15T]" classname="tests/core/pfstate/test_slice_state.py" runstate="Runnable" seed="1" result="Failed" label="" start-time="2024-03-06 16:08:46.673822" end-time="2024-03-06 16:08:50.115884" duration="3.442062" asserts="0"><properties><property name="python-version" value="3.11.8 (main, Feb  6 2024, 21:21:21) [Clang 15.0.0 (clang-1500.1.0.2.5)]" /><property name="fspath" value="tests/core/pfstate/test_slice_state.py" /></properties><environment framework-version="3.6.2" clr-version="3.11.8 (main, Feb  6 2024, 21:21:21) [Clang 15.0.0 (clang-1500.1.0.2.5)]" os-version="23.3.0" platform="Darwin" cwd="/Users/ruud.wijtvliet/python/portfolyo/tests/core" machine-name="arm64" user="" user-domain="" culture="en-US" uiculture="en-US" os-architecture="64bit" /><failure><message><![CDATA[slice_end = ('2021-07', '2021-06'), freq = '15T'

    @pytest.mark.parametrize("freq", ["MS", "AS", "QS", "D", "15T"])
    @pytest.mark.parametrize(
        "slice_end",
        [
            # (&lt;param for slice&gt;, &lt;param for loc&gt;)
            ("2021", "2020"),
            ("2022", "2021"),
            ("2021-07", "2021-06"),
            ("2022-01-02", "2022-01-01"),
        ],
    )
    def test_state_slice_end(slice_end, freq):
        index = pd.date_range("2020", "2024", freq=freq, inclusive="left")
        pfs = dev.get_pfstate(index)
&gt;       assert pfs.slice[: slice_end[0]] == pfs.loc[: slice_end[1]]
E       AttributeError: 'PfState' object has no attribute 'slice'

pfstate/test_slice_state.py:58: AttributeError]]></message><stack-trace><![CDATA[/Users/ruud.wijtvliet/python/portfolyo/tests/core/pfstate/test_slice_state.py:58: AttributeError: 'PfState' object has no attribute 'slice']]></stack-trace></failure><reason><message><![CDATA[]]></message></reason><output><![CDATA[]]></output></test-case><test-case id="180" name="tests/core/pfstate/test_slice_state.py::test_state_slice_end[slice_end3-MS]" fullname="tests/core/pfstate/test_slice_state.py::test_state_slice_end[slice_end3-MS]" methodname="test_state_slice_end[slice_end3-MS]" classname="tests/core/pfstate/test_slice_state.py" runstate="Runnable" seed="1" result="Failed" label="" start-time="2024-03-06 16:08:50.116279" end-time="2024-03-06 16:08:50.145779" duration="0.0295" asserts="0"><properties><property name="python-version" value="3.11.8 (main, Feb  6 2024, 21:21:21) [Clang 15.0.0 (clang-1500.1.0.2.5)]" /><property name="fspath" value="tests/core/pfstate/test_slice_state.py" /></properties><environment framework-version="3.6.2" clr-version="3.11.8 (main, Feb  6 2024, 21:21:21) [Clang 15.0.0 (clang-1500.1.0.2.5)]" os-version="23.3.0" platform="Darwin" cwd="/Users/ruud.wijtvliet/python/portfolyo/tests/core" machine-name="arm64" user="" user-domain="" culture="en-US" uiculture="en-US" os-architecture="64bit" /><failure><message><![CDATA[slice_end = ('2022-01-02', '2022-01-01'), freq = 'MS'

    @pytest.mark.parametrize("freq", ["MS", "AS", "QS", "D", "15T"])
    @pytest.mark.parametrize(
        "slice_end",
        [
            # (&lt;param for slice&gt;, &lt;param for loc&gt;)
            ("2021", "2020"),
            ("2022", "2021"),
            ("2021-07", "2021-06"),
            ("2022-01-02", "2022-01-01"),
        ],
    )
    def test_state_slice_end(slice_end, freq):
        index = pd.date_range("2020", "2024", freq=freq, inclusive="left")
        pfs = dev.get_pfstate(index)
&gt;       assert pfs.slice[: slice_end[0]] == pfs.loc[: slice_end[1]]
E       AttributeError: 'PfState' object has no attribute 'slice'

pfstate/test_slice_state.py:58: AttributeError]]></message><stack-trace><![CDATA[/Users/ruud.wijtvliet/python/portfolyo/tests/core/pfstate/test_slice_state.py:58: AttributeError: 'PfState' object has no attribute 'slice']]></stack-trace></failure><reason><message><![CDATA[]]></message></reason><output><![CDATA[]]></output></test-case><test-case id="181" name="tests/core/pfstate/test_slice_state.py::test_state_slice_end[slice_end3-AS]" fullname="tests/core/pfstate/test_slice_state.py::test_state_slice_end[slice_end3-AS]" methodname="test_state_slice_end[slice_end3-AS]" classname="tests/core/pfstate/test_slice_state.py" runstate="Runnable" seed="1" result="Failed" label="" start-time="2024-03-06 16:08:50.146120" end-time="2024-03-06 16:08:50.172464" duration="0.026344" asserts="0"><properties><property name="python-version" value="3.11.8 (main, Feb  6 2024, 21:21:21) [Clang 15.0.0 (clang-1500.1.0.2.5)]" /><property name="fspath" value="tests/core/pfstate/test_slice_state.py" /></properties><environment framework-version="3.6.2" clr-version="3.11.8 (main, Feb  6 2024, 21:21:21) [Clang 15.0.0 (clang-1500.1.0.2.5)]" os-version="23.3.0" platform="Darwin" cwd="/Users/ruud.wijtvliet/python/portfolyo/tests/core" machine-name="arm64" user="" user-domain="" culture="en-US" uiculture="en-US" os-architecture="64bit" /><failure><message><![CDATA[slice_end = ('2022-01-02', '2022-01-01'), freq = 'AS'

    @pytest.mark.parametrize("freq", ["MS", "AS", "QS", "D", "15T"])
    @pytest.mark.parametrize(
        "slice_end",
        [
            # (&lt;param for slice&gt;, &lt;param for loc&gt;)
            ("2021", "2020"),
            ("2022", "2021"),
            ("2021-07", "2021-06"),
            ("2022-01-02", "2022-01-01"),
        ],
    )
    def test_state_slice_end(slice_end, freq):
        index = pd.date_range("2020", "2024", freq=freq, inclusive="left")
        pfs = dev.get_pfstate(index)
&gt;       assert pfs.slice[: slice_end[0]] == pfs.loc[: slice_end[1]]
E       AttributeError: 'PfState' object has no attribute 'slice'

pfstate/test_slice_state.py:58: AttributeError]]></message><stack-trace><![CDATA[/Users/ruud.wijtvliet/python/portfolyo/tests/core/pfstate/test_slice_state.py:58: AttributeError: 'PfState' object has no attribute 'slice']]></stack-trace></failure><reason><message><![CDATA[]]></message></reason><output><![CDATA[]]></output></test-case><test-case id="182" name="tests/core/pfstate/test_slice_state.py::test_state_slice_end[slice_end3-QS]" fullname="tests/core/pfstate/test_slice_state.py::test_state_slice_end[slice_end3-QS]" methodname="test_state_slice_end[slice_end3-QS]" classname="tests/core/pfstate/test_slice_state.py" runstate="Runnable" seed="1" result="Failed" label="" start-time="2024-03-06 16:08:50.172837" end-time="2024-03-06 16:08:50.201028" duration="0.028191" asserts="0"><properties><property name="python-version" value="3.11.8 (main, Feb  6 2024, 21:21:21) [Clang 15.0.0 (clang-1500.1.0.2.5)]" /><property name="fspath" value="tests/core/pfstate/test_slice_state.py" /></properties><environment framework-version="3.6.2" clr-version="3.11.8 (main, Feb  6 2024, 21:21:21) [Clang 15.0.0 (clang-1500.1.0.2.5)]" os-version="23.3.0" platform="Darwin" cwd="/Users/ruud.wijtvliet/python/portfolyo/tests/core" machine-name="arm64" user="" user-domain="" culture="en-US" uiculture="en-US" os-architecture="64bit" /><failure><message><![CDATA[slice_end = ('2022-01-02', '2022-01-01'), freq = 'QS'

    @pytest.mark.parametrize("freq", ["MS", "AS", "QS", "D", "15T"])
    @pytest.mark.parametrize(
        "slice_end",
        [
            # (&lt;param for slice&gt;, &lt;param for loc&gt;)
            ("2021", "2020"),
            ("2022", "2021"),
            ("2021-07", "2021-06"),
            ("2022-01-02", "2022-01-01"),
        ],
    )
    def test_state_slice_end(slice_end, freq):
        index = pd.date_range("2020", "2024", freq=freq, inclusive="left")
        pfs = dev.get_pfstate(index)
&gt;       assert pfs.slice[: slice_end[0]] == pfs.loc[: slice_end[1]]
E       AttributeError: 'PfState' object has no attribute 'slice'

pfstate/test_slice_state.py:58: AttributeError]]></message><stack-trace><![CDATA[/Users/ruud.wijtvliet/python/portfolyo/tests/core/pfstate/test_slice_state.py:58: AttributeError: 'PfState' object has no attribute 'slice']]></stack-trace></failure><reason><message><![CDATA[]]></message></reason><output><![CDATA[]]></output></test-case><test-case id="183" name="tests/core/pfstate/test_slice_state.py::test_state_slice_end[slice_end3-D]" fullname="tests/core/pfstate/test_slice_state.py::test_state_slice_end[slice_end3-D]" methodname="test_state_slice_end[slice_end3-D]" classname="tests/core/pfstate/test_slice_state.py" runstate="Runnable" seed="1" result="Failed" label="" start-time="2024-03-06 16:08:50.201396" end-time="2024-03-06 16:08:50.247065" duration="0.045669" asserts="0"><properties><property name="python-version" value="3.11.8 (main, Feb  6 2024, 21:21:21) [Clang 15.0.0 (clang-1500.1.0.2.5)]" /><property name="fspath" value="tests/core/pfstate/test_slice_state.py" /></properties><environment framework-version="3.6.2" clr-version="3.11.8 (main, Feb  6 2024, 21:21:21) [Clang 15.0.0 (clang-1500.1.0.2.5)]" os-version="23.3.0" platform="Darwin" cwd="/Users/ruud.wijtvliet/python/portfolyo/tests/core" machine-name="arm64" user="" user-domain="" culture="en-US" uiculture="en-US" os-architecture="64bit" /><failure><message><![CDATA[slice_end = ('2022-01-02', '2022-01-01'), freq = 'D'

    @pytest.mark.parametrize("freq", ["MS", "AS", "QS", "D", "15T"])
    @pytest.mark.parametrize(
        "slice_end",
        [
            # (&lt;param for slice&gt;, &lt;param for loc&gt;)
            ("2021", "2020"),
            ("2022", "2021"),
            ("2021-07", "2021-06"),
            ("2022-01-02", "2022-01-01"),
        ],
    )
    def test_state_slice_end(slice_end, freq):
        index = pd.date_range("2020", "2024", freq=freq, inclusive="left")
        pfs = dev.get_pfstate(index)
&gt;       assert pfs.slice[: slice_end[0]] == pfs.loc[: slice_end[1]]
E       AttributeError: 'PfState' object has no attribute 'slice'

pfstate/test_slice_state.py:58: AttributeError]]></message><stack-trace><![CDATA[/Users/ruud.wijtvliet/python/portfolyo/tests/core/pfstate/test_slice_state.py:58: AttributeError: 'PfState' object has no attribute 'slice']]></stack-trace></failure><reason><message><![CDATA[]]></message></reason><output><![CDATA[]]></output></test-case><test-case id="184" name="tests/core/pfstate/test_slice_state.py::test_state_slice_end[slice_end3-15T]" fullname="tests/core/pfstate/test_slice_state.py::test_state_slice_end[slice_end3-15T]" methodname="test_state_slice_end[slice_end3-15T]" classname="tests/core/pfstate/test_slice_state.py" runstate="Runnable" seed="1" result="Failed" label="" start-time="2024-03-06 16:08:50.247423" end-time="2024-03-06 16:08:53.786895" duration="3.539472" asserts="0"><properties><property name="python-version" value="3.11.8 (main, Feb  6 2024, 21:21:21) [Clang 15.0.0 (clang-1500.1.0.2.5)]" /><property name="fspath" value="tests/core/pfstate/test_slice_state.py" /></properties><environment framework-version="3.6.2" clr-version="3.11.8 (main, Feb  6 2024, 21:21:21) [Clang 15.0.0 (clang-1500.1.0.2.5)]" os-version="23.3.0" platform="Darwin" cwd="/Users/ruud.wijtvliet/python/portfolyo/tests/core" machine-name="arm64" user="" user-domain="" culture="en-US" uiculture="en-US" os-architecture="64bit" /><failure><message><![CDATA[slice_end = ('2022-01-02', '2022-01-01'), freq = '15T'

    @pytest.mark.parametrize("freq", ["MS", "AS", "QS", "D", "15T"])
    @pytest.mark.parametrize(
        "slice_end",
        [
            # (&lt;param for slice&gt;, &lt;param for loc&gt;)
            ("2021", "2020"),
            ("2022", "2021"),
            ("2021-07", "2021-06"),
            ("2022-01-02", "2022-01-01"),
        ],
    )
    def test_state_slice_end(slice_end, freq):
        index = pd.date_range("2020", "2024", freq=freq, inclusive="left")
        pfs = dev.get_pfstate(index)
&gt;       assert pfs.slice[: slice_end[0]] == pfs.loc[: slice_end[1]]
E       AttributeError: 'PfState' object has no attribute 'slice'

pfstate/test_slice_state.py:58: AttributeError]]></message><stack-trace><![CDATA[/Users/ruud.wijtvliet/python/portfolyo/tests/core/pfstate/test_slice_state.py:58: AttributeError: 'PfState' object has no attribute 'slice']]></stack-trace></failure><reason><message><![CDATA[]]></message></reason><output><![CDATA[]]></output></test-case><test-case id="185" name="tests/core/pfstate/test_slice_state.py::test_state_slice_whole[2022-MS]" fullname="tests/core/pfstate/test_slice_state.py::test_state_slice_whole[2022-MS]" methodname="test_state_slice_whole[2022-MS]" classname="tests/core/pfstate/test_slice_state.py" runstate="Runnable" seed="1" result="Failed" label="Test that slicing splits the pfl in 2 non-overlapping pieces without gap&#10;    (i.e., ensure that each original timestamp is in exactly one of the resulting pieces.)" start-time="2024-03-06 16:08:53.787295" end-time="2024-03-06 16:08:53.817350" duration="0.030055" asserts="0"><properties><property name="python-version" value="3.11.8 (main, Feb  6 2024, 21:21:21) [Clang 15.0.0 (clang-1500.1.0.2.5)]" /><property name="fspath" value="tests/core/pfstate/test_slice_state.py" /></properties><environment framework-version="3.6.2" clr-version="3.11.8 (main, Feb  6 2024, 21:21:21) [Clang 15.0.0 (clang-1500.1.0.2.5)]" os-version="23.3.0" platform="Darwin" cwd="/Users/ruud.wijtvliet/python/portfolyo/tests/core" machine-name="arm64" user="" user-domain="" culture="en-US" uiculture="en-US" os-architecture="64bit" /><failure><message><![CDATA[where = '2022', freq = 'MS'

    @pytest.mark.parametrize("freq", ["MS", "AS", "QS", "D", "15T"])
    @pytest.mark.parametrize(
        "where",
        ["2022", "2022-03", "2022-04-21", "2022-05-23 14:34"],
    )
    def test_state_slice_whole(where: str, freq: str):
        """Test that slicing splits the pfl in 2 non-overlapping pieces without gap
        (i.e., ensure that each original timestamp is in exactly one of the resulting pieces.)
        """
        index = pd.date_range("2020", "2024", freq=freq, inclusive="left")
        pfs = dev.get_pfstate(index)
&gt;       left, right = pfs.slice[:where], pfs.slice[where:]
E       AttributeError: 'PfState' object has no attribute 'slice'

pfstate/test_slice_state.py:72: AttributeError]]></message><stack-trace><![CDATA[/Users/ruud.wijtvliet/python/portfolyo/tests/core/pfstate/test_slice_state.py:72: AttributeError: 'PfState' object has no attribute 'slice']]></stack-trace></failure><reason><message><![CDATA[]]></message></reason><output><![CDATA[]]></output></test-case><test-case id="186" name="tests/core/pfstate/test_slice_state.py::test_state_slice_whole[2022-AS]" fullname="tests/core/pfstate/test_slice_state.py::test_state_slice_whole[2022-AS]" methodname="test_state_slice_whole[2022-AS]" classname="tests/core/pfstate/test_slice_state.py" runstate="Runnable" seed="1" result="Failed" label="Test that slicing splits the pfl in 2 non-overlapping pieces without gap&#10;    (i.e., ensure that each original timestamp is in exactly one of the resulting pieces.)" start-time="2024-03-06 16:08:53.817703" end-time="2024-03-06 16:08:53.843483" duration="0.02578" asserts="0"><properties><property name="python-version" value="3.11.8 (main, Feb  6 2024, 21:21:21) [Clang 15.0.0 (clang-1500.1.0.2.5)]" /><property name="fspath" value="tests/core/pfstate/test_slice_state.py" /></properties><environment framework-version="3.6.2" clr-version="3.11.8 (main, Feb  6 2024, 21:21:21) [Clang 15.0.0 (clang-1500.1.0.2.5)]" os-version="23.3.0" platform="Darwin" cwd="/Users/ruud.wijtvliet/python/portfolyo/tests/core" machine-name="arm64" user="" user-domain="" culture="en-US" uiculture="en-US" os-architecture="64bit" /><failure><message><![CDATA[where = '2022', freq = 'AS'

    @pytest.mark.parametrize("freq", ["MS", "AS", "QS", "D", "15T"])
    @pytest.mark.parametrize(
        "where",
        ["2022", "2022-03", "2022-04-21", "2022-05-23 14:34"],
    )
    def test_state_slice_whole(where: str, freq: str):
        """Test that slicing splits the pfl in 2 non-overlapping pieces without gap
        (i.e., ensure that each original timestamp is in exactly one of the resulting pieces.)
        """
        index = pd.date_range("2020", "2024", freq=freq, inclusive="left")
        pfs = dev.get_pfstate(index)
&gt;       left, right = pfs.slice[:where], pfs.slice[where:]
E       AttributeError: 'PfState' object has no attribute 'slice'

pfstate/test_slice_state.py:72: AttributeError]]></message><stack-trace><![CDATA[/Users/ruud.wijtvliet/python/portfolyo/tests/core/pfstate/test_slice_state.py:72: AttributeError: 'PfState' object has no attribute 'slice']]></stack-trace></failure><reason><message><![CDATA[]]></message></reason><output><![CDATA[]]></output></test-case><test-case id="187" name="tests/core/pfstate/test_slice_state.py::test_state_slice_whole[2022-QS]" fullname="tests/core/pfstate/test_slice_state.py::test_state_slice_whole[2022-QS]" methodname="test_state_slice_whole[2022-QS]" classname="tests/core/pfstate/test_slice_state.py" runstate="Runnable" seed="1" result="Failed" label="Test that slicing splits the pfl in 2 non-overlapping pieces without gap&#10;    (i.e., ensure that each original timestamp is in exactly one of the resulting pieces.)" start-time="2024-03-06 16:08:53.843815" end-time="2024-03-06 16:08:53.871248" duration="0.027433" asserts="0"><properties><property name="python-version" value="3.11.8 (main, Feb  6 2024, 21:21:21) [Clang 15.0.0 (clang-1500.1.0.2.5)]" /><property name="fspath" value="tests/core/pfstate/test_slice_state.py" /></properties><environment framework-version="3.6.2" clr-version="3.11.8 (main, Feb  6 2024, 21:21:21) [Clang 15.0.0 (clang-1500.1.0.2.5)]" os-version="23.3.0" platform="Darwin" cwd="/Users/ruud.wijtvliet/python/portfolyo/tests/core" machine-name="arm64" user="" user-domain="" culture="en-US" uiculture="en-US" os-architecture="64bit" /><failure><message><![CDATA[where = '2022', freq = 'QS'

    @pytest.mark.parametrize("freq", ["MS", "AS", "QS", "D", "15T"])
    @pytest.mark.parametrize(
        "where",
        ["2022", "2022-03", "2022-04-21", "2022-05-23 14:34"],
    )
    def test_state_slice_whole(where: str, freq: str):
        """Test that slicing splits the pfl in 2 non-overlapping pieces without gap
        (i.e., ensure that each original timestamp is in exactly one of the resulting pieces.)
        """
        index = pd.date_range("2020", "2024", freq=freq, inclusive="left")
        pfs = dev.get_pfstate(index)
&gt;       left, right = pfs.slice[:where], pfs.slice[where:]
E       AttributeError: 'PfState' object has no attribute 'slice'

pfstate/test_slice_state.py:72: AttributeError]]></message><stack-trace><![CDATA[/Users/ruud.wijtvliet/python/portfolyo/tests/core/pfstate/test_slice_state.py:72: AttributeError: 'PfState' object has no attribute 'slice']]></stack-trace></failure><reason><message><![CDATA[]]></message></reason><output><![CDATA[]]></output></test-case><test-case id="188" name="tests/core/pfstate/test_slice_state.py::test_state_slice_whole[2022-D]" fullname="tests/core/pfstate/test_slice_state.py::test_state_slice_whole[2022-D]" methodname="test_state_slice_whole[2022-D]" classname="tests/core/pfstate/test_slice_state.py" runstate="Runnable" seed="1" result="Failed" label="Test that slicing splits the pfl in 2 non-overlapping pieces without gap&#10;    (i.e., ensure that each original timestamp is in exactly one of the resulting pieces.)" start-time="2024-03-06 16:08:53.871574" end-time="2024-03-06 16:08:53.918787" duration="0.047213" asserts="0"><properties><property name="python-version" value="3.11.8 (main, Feb  6 2024, 21:21:21) [Clang 15.0.0 (clang-1500.1.0.2.5)]" /><property name="fspath" value="tests/core/pfstate/test_slice_state.py" /></properties><environment framework-version="3.6.2" clr-version="3.11.8 (main, Feb  6 2024, 21:21:21) [Clang 15.0.0 (clang-1500.1.0.2.5)]" os-version="23.3.0" platform="Darwin" cwd="/Users/ruud.wijtvliet/python/portfolyo/tests/core" machine-name="arm64" user="" user-domain="" culture="en-US" uiculture="en-US" os-architecture="64bit" /><failure><message><![CDATA[where = '2022', freq = 'D'

    @pytest.mark.parametrize("freq", ["MS", "AS", "QS", "D", "15T"])
    @pytest.mark.parametrize(
        "where",
        ["2022", "2022-03", "2022-04-21", "2022-05-23 14:34"],
    )
    def test_state_slice_whole(where: str, freq: str):
        """Test that slicing splits the pfl in 2 non-overlapping pieces without gap
        (i.e., ensure that each original timestamp is in exactly one of the resulting pieces.)
        """
        index = pd.date_range("2020", "2024", freq=freq, inclusive="left")
        pfs = dev.get_pfstate(index)
&gt;       left, right = pfs.slice[:where], pfs.slice[where:]
E       AttributeError: 'PfState' object has no attribute 'slice'

pfstate/test_slice_state.py:72: AttributeError]]></message><stack-trace><![CDATA[/Users/ruud.wijtvliet/python/portfolyo/tests/core/pfstate/test_slice_state.py:72: AttributeError: 'PfState' object has no attribute 'slice']]></stack-trace></failure><reason><message><![CDATA[]]></message></reason><output><![CDATA[]]></output></test-case><test-case id="189" name="tests/core/pfstate/test_slice_state.py::test_state_slice_whole[2022-15T]" fullname="tests/core/pfstate/test_slice_state.py::test_state_slice_whole[2022-15T]" methodname="test_state_slice_whole[2022-15T]" classname="tests/core/pfstate/test_slice_state.py" runstate="Runnable" seed="1" result="Failed" label="Test that slicing splits the pfl in 2 non-overlapping pieces without gap&#10;    (i.e., ensure that each original timestamp is in exactly one of the resulting pieces.)" start-time="2024-03-06 16:08:53.919157" end-time="2024-03-06 16:08:57.767990" duration="3.848833" asserts="0"><properties><property name="python-version" value="3.11.8 (main, Feb  6 2024, 21:21:21) [Clang 15.0.0 (clang-1500.1.0.2.5)]" /><property name="fspath" value="tests/core/pfstate/test_slice_state.py" /></properties><environment framework-version="3.6.2" clr-version="3.11.8 (main, Feb  6 2024, 21:21:21) [Clang 15.0.0 (clang-1500.1.0.2.5)]" os-version="23.3.0" platform="Darwin" cwd="/Users/ruud.wijtvliet/python/portfolyo/tests/core" machine-name="arm64" user="" user-domain="" culture="en-US" uiculture="en-US" os-architecture="64bit" /><failure><message><![CDATA[where = '2022', freq = '15T'

    @pytest.mark.parametrize("freq", ["MS", "AS", "QS", "D", "15T"])
    @pytest.mark.parametrize(
        "where",
        ["2022", "2022-03", "2022-04-21", "2022-05-23 14:34"],
    )
    def test_state_slice_whole(where: str, freq: str):
        """Test that slicing splits the pfl in 2 non-overlapping pieces without gap
        (i.e., ensure that each original timestamp is in exactly one of the resulting pieces.)
        """
        index = pd.date_range("2020", "2024", freq=freq, inclusive="left")
        pfs = dev.get_pfstate(index)
&gt;       left, right = pfs.slice[:where], pfs.slice[where:]
E       AttributeError: 'PfState' object has no attribute 'slice'

pfstate/test_slice_state.py:72: AttributeError]]></message><stack-trace><![CDATA[/Users/ruud.wijtvliet/python/portfolyo/tests/core/pfstate/test_slice_state.py:72: AttributeError: 'PfState' object has no attribute 'slice']]></stack-trace></failure><reason><message><![CDATA[]]></message></reason><output><![CDATA[]]></output></test-case><test-case id="190" name="tests/core/pfstate/test_slice_state.py::test_state_slice_whole[2022-03-MS]" fullname="tests/core/pfstate/test_slice_state.py::test_state_slice_whole[2022-03-MS]" methodname="test_state_slice_whole[2022-03-MS]" classname="tests/core/pfstate/test_slice_state.py" runstate="Runnable" seed="1" result="Failed" label="Test that slicing splits the pfl in 2 non-overlapping pieces without gap&#10;    (i.e., ensure that each original timestamp is in exactly one of the resulting pieces.)" start-time="2024-03-06 16:08:57.768413" end-time="2024-03-06 16:08:57.801801" duration="0.033388" asserts="0"><properties><property name="python-version" value="3.11.8 (main, Feb  6 2024, 21:21:21) [Clang 15.0.0 (clang-1500.1.0.2.5)]" /><property name="fspath" value="tests/core/pfstate/test_slice_state.py" /></properties><environment framework-version="3.6.2" clr-version="3.11.8 (main, Feb  6 2024, 21:21:21) [Clang 15.0.0 (clang-1500.1.0.2.5)]" os-version="23.3.0" platform="Darwin" cwd="/Users/ruud.wijtvliet/python/portfolyo/tests/core" machine-name="arm64" user="" user-domain="" culture="en-US" uiculture="en-US" os-architecture="64bit" /><failure><message><![CDATA[where = '2022-03', freq = 'MS'

    @pytest.mark.parametrize("freq", ["MS", "AS", "QS", "D", "15T"])
    @pytest.mark.parametrize(
        "where",
        ["2022", "2022-03", "2022-04-21", "2022-05-23 14:34"],
    )
    def test_state_slice_whole(where: str, freq: str):
        """Test that slicing splits the pfl in 2 non-overlapping pieces without gap
        (i.e., ensure that each original timestamp is in exactly one of the resulting pieces.)
        """
        index = pd.date_range("2020", "2024", freq=freq, inclusive="left")
        pfs = dev.get_pfstate(index)
&gt;       left, right = pfs.slice[:where], pfs.slice[where:]
E       AttributeError: 'PfState' object has no attribute 'slice'

pfstate/test_slice_state.py:72: AttributeError]]></message><stack-trace><![CDATA[/Users/ruud.wijtvliet/python/portfolyo/tests/core/pfstate/test_slice_state.py:72: AttributeError: 'PfState' object has no attribute 'slice']]></stack-trace></failure><reason><message><![CDATA[]]></message></reason><output><![CDATA[]]></output></test-case><test-case id="191" name="tests/core/pfstate/test_slice_state.py::test_state_slice_whole[2022-03-AS]" fullname="tests/core/pfstate/test_slice_state.py::test_state_slice_whole[2022-03-AS]" methodname="test_state_slice_whole[2022-03-AS]" classname="tests/core/pfstate/test_slice_state.py" runstate="Runnable" seed="1" result="Failed" label="Test that slicing splits the pfl in 2 non-overlapping pieces without gap&#10;    (i.e., ensure that each original timestamp is in exactly one of the resulting pieces.)" start-time="2024-03-06 16:08:57.802166" end-time="2024-03-06 16:08:57.832492" duration="0.030326" asserts="0"><properties><property name="python-version" value="3.11.8 (main, Feb  6 2024, 21:21:21) [Clang 15.0.0 (clang-1500.1.0.2.5)]" /><property name="fspath" value="tests/core/pfstate/test_slice_state.py" /></properties><environment framework-version="3.6.2" clr-version="3.11.8 (main, Feb  6 2024, 21:21:21) [Clang 15.0.0 (clang-1500.1.0.2.5)]" os-version="23.3.0" platform="Darwin" cwd="/Users/ruud.wijtvliet/python/portfolyo/tests/core" machine-name="arm64" user="" user-domain="" culture="en-US" uiculture="en-US" os-architecture="64bit" /><failure><message><![CDATA[where = '2022-03', freq = 'AS'

    @pytest.mark.parametrize("freq", ["MS", "AS", "QS", "D", "15T"])
    @pytest.mark.parametrize(
        "where",
        ["2022", "2022-03", "2022-04-21", "2022-05-23 14:34"],
    )
    def test_state_slice_whole(where: str, freq: str):
        """Test that slicing splits the pfl in 2 non-overlapping pieces without gap
        (i.e., ensure that each original timestamp is in exactly one of the resulting pieces.)
        """
        index = pd.date_range("2020", "2024", freq=freq, inclusive="left")
        pfs = dev.get_pfstate(index)
&gt;       left, right = pfs.slice[:where], pfs.slice[where:]
E       AttributeError: 'PfState' object has no attribute 'slice'

pfstate/test_slice_state.py:72: AttributeError]]></message><stack-trace><![CDATA[/Users/ruud.wijtvliet/python/portfolyo/tests/core/pfstate/test_slice_state.py:72: AttributeError: 'PfState' object has no attribute 'slice']]></stack-trace></failure><reason><message><![CDATA[]]></message></reason><output><![CDATA[]]></output></test-case><test-case id="192" name="tests/core/pfstate/test_slice_state.py::test_state_slice_whole[2022-03-QS]" fullname="tests/core/pfstate/test_slice_state.py::test_state_slice_whole[2022-03-QS]" methodname="test_state_slice_whole[2022-03-QS]" classname="tests/core/pfstate/test_slice_state.py" runstate="Runnable" seed="1" result="Failed" label="Test that slicing splits the pfl in 2 non-overlapping pieces without gap&#10;    (i.e., ensure that each original timestamp is in exactly one of the resulting pieces.)" start-time="2024-03-06 16:08:57.832917" end-time="2024-03-06 16:08:57.863220" duration="0.030303" asserts="0"><properties><property name="python-version" value="3.11.8 (main, Feb  6 2024, 21:21:21) [Clang 15.0.0 (clang-1500.1.0.2.5)]" /><property name="fspath" value="tests/core/pfstate/test_slice_state.py" /></properties><environment framework-version="3.6.2" clr-version="3.11.8 (main, Feb  6 2024, 21:21:21) [Clang 15.0.0 (clang-1500.1.0.2.5)]" os-version="23.3.0" platform="Darwin" cwd="/Users/ruud.wijtvliet/python/portfolyo/tests/core" machine-name="arm64" user="" user-domain="" culture="en-US" uiculture="en-US" os-architecture="64bit" /><failure><message><![CDATA[where = '2022-03', freq = 'QS'

    @pytest.mark.parametrize("freq", ["MS", "AS", "QS", "D", "15T"])
    @pytest.mark.parametrize(
        "where",
        ["2022", "2022-03", "2022-04-21", "2022-05-23 14:34"],
    )
    def test_state_slice_whole(where: str, freq: str):
        """Test that slicing splits the pfl in 2 non-overlapping pieces without gap
        (i.e., ensure that each original timestamp is in exactly one of the resulting pieces.)
        """
        index = pd.date_range("2020", "2024", freq=freq, inclusive="left")
        pfs = dev.get_pfstate(index)
&gt;       left, right = pfs.slice[:where], pfs.slice[where:]
E       AttributeError: 'PfState' object has no attribute 'slice'

pfstate/test_slice_state.py:72: AttributeError]]></message><stack-trace><![CDATA[/Users/ruud.wijtvliet/python/portfolyo/tests/core/pfstate/test_slice_state.py:72: AttributeError: 'PfState' object has no attribute 'slice']]></stack-trace></failure><reason><message><![CDATA[]]></message></reason><output><![CDATA[]]></output></test-case><test-case id="193" name="tests/core/pfstate/test_slice_state.py::test_state_slice_whole[2022-03-D]" fullname="tests/core/pfstate/test_slice_state.py::test_state_slice_whole[2022-03-D]" methodname="test_state_slice_whole[2022-03-D]" classname="tests/core/pfstate/test_slice_state.py" runstate="Runnable" seed="1" result="Failed" label="Test that slicing splits the pfl in 2 non-overlapping pieces without gap&#10;    (i.e., ensure that each original timestamp is in exactly one of the resulting pieces.)" start-time="2024-03-06 16:08:57.863593" end-time="2024-03-06 16:08:57.914202" duration="0.050609" asserts="0"><properties><property name="python-version" value="3.11.8 (main, Feb  6 2024, 21:21:21) [Clang 15.0.0 (clang-1500.1.0.2.5)]" /><property name="fspath" value="tests/core/pfstate/test_slice_state.py" /></properties><environment framework-version="3.6.2" clr-version="3.11.8 (main, Feb  6 2024, 21:21:21) [Clang 15.0.0 (clang-1500.1.0.2.5)]" os-version="23.3.0" platform="Darwin" cwd="/Users/ruud.wijtvliet/python/portfolyo/tests/core" machine-name="arm64" user="" user-domain="" culture="en-US" uiculture="en-US" os-architecture="64bit" /><failure><message><![CDATA[where = '2022-03', freq = 'D'

    @pytest.mark.parametrize("freq", ["MS", "AS", "QS", "D", "15T"])
    @pytest.mark.parametrize(
        "where",
        ["2022", "2022-03", "2022-04-21", "2022-05-23 14:34"],
    )
    def test_state_slice_whole(where: str, freq: str):
        """Test that slicing splits the pfl in 2 non-overlapping pieces without gap
        (i.e., ensure that each original timestamp is in exactly one of the resulting pieces.)
        """
        index = pd.date_range("2020", "2024", freq=freq, inclusive="left")
        pfs = dev.get_pfstate(index)
&gt;       left, right = pfs.slice[:where], pfs.slice[where:]
E       AttributeError: 'PfState' object has no attribute 'slice'

pfstate/test_slice_state.py:72: AttributeError]]></message><stack-trace><![CDATA[/Users/ruud.wijtvliet/python/portfolyo/tests/core/pfstate/test_slice_state.py:72: AttributeError: 'PfState' object has no attribute 'slice']]></stack-trace></failure><reason><message><![CDATA[]]></message></reason><output><![CDATA[]]></output></test-case><test-case id="194" name="tests/core/pfstate/test_slice_state.py::test_state_slice_whole[2022-03-15T]" fullname="tests/core/pfstate/test_slice_state.py::test_state_slice_whole[2022-03-15T]" methodname="test_state_slice_whole[2022-03-15T]" classname="tests/core/pfstate/test_slice_state.py" runstate="Runnable" seed="1" result="Failed" label="Test that slicing splits the pfl in 2 non-overlapping pieces without gap&#10;    (i.e., ensure that each original timestamp is in exactly one of the resulting pieces.)" start-time="2024-03-06 16:08:57.914616" end-time="2024-03-06 16:09:02.069915" duration="4.155299" asserts="0"><properties><property name="python-version" value="3.11.8 (main, Feb  6 2024, 21:21:21) [Clang 15.0.0 (clang-1500.1.0.2.5)]" /><property name="fspath" value="tests/core/pfstate/test_slice_state.py" /></properties><environment framework-version="3.6.2" clr-version="3.11.8 (main, Feb  6 2024, 21:21:21) [Clang 15.0.0 (clang-1500.1.0.2.5)]" os-version="23.3.0" platform="Darwin" cwd="/Users/ruud.wijtvliet/python/portfolyo/tests/core" machine-name="arm64" user="" user-domain="" culture="en-US" uiculture="en-US" os-architecture="64bit" /><failure><message><![CDATA[where = '2022-03', freq = '15T'

    @pytest.mark.parametrize("freq", ["MS", "AS", "QS", "D", "15T"])
    @pytest.mark.parametrize(
        "where",
        ["2022", "2022-03", "2022-04-21", "2022-05-23 14:34"],
    )
    def test_state_slice_whole(where: str, freq: str):
        """Test that slicing splits the pfl in 2 non-overlapping pieces without gap
        (i.e., ensure that each original timestamp is in exactly one of the resulting pieces.)
        """
        index = pd.date_range("2020", "2024", freq=freq, inclusive="left")
        pfs = dev.get_pfstate(index)
&gt;       left, right = pfs.slice[:where], pfs.slice[where:]
E       AttributeError: 'PfState' object has no attribute 'slice'

pfstate/test_slice_state.py:72: AttributeError]]></message><stack-trace><![CDATA[/Users/ruud.wijtvliet/python/portfolyo/tests/core/pfstate/test_slice_state.py:72: AttributeError: 'PfState' object has no attribute 'slice']]></stack-trace></failure><reason><message><![CDATA[]]></message></reason><output><![CDATA[]]></output></test-case><test-case id="195" name="tests/core/pfstate/test_slice_state.py::test_state_slice_whole[2022-04-21-MS]" fullname="tests/core/pfstate/test_slice_state.py::test_state_slice_whole[2022-04-21-MS]" methodname="test_state_slice_whole[2022-04-21-MS]" classname="tests/core/pfstate/test_slice_state.py" runstate="Runnable" seed="1" result="Failed" label="Test that slicing splits the pfl in 2 non-overlapping pieces without gap&#10;    (i.e., ensure that each original timestamp is in exactly one of the resulting pieces.)" start-time="2024-03-06 16:09:02.070364" end-time="2024-03-06 16:09:02.104226" duration="0.033862" asserts="0"><properties><property name="python-version" value="3.11.8 (main, Feb  6 2024, 21:21:21) [Clang 15.0.0 (clang-1500.1.0.2.5)]" /><property name="fspath" value="tests/core/pfstate/test_slice_state.py" /></properties><environment framework-version="3.6.2" clr-version="3.11.8 (main, Feb  6 2024, 21:21:21) [Clang 15.0.0 (clang-1500.1.0.2.5)]" os-version="23.3.0" platform="Darwin" cwd="/Users/ruud.wijtvliet/python/portfolyo/tests/core" machine-name="arm64" user="" user-domain="" culture="en-US" uiculture="en-US" os-architecture="64bit" /><failure><message><![CDATA[where = '2022-04-21', freq = 'MS'

    @pytest.mark.parametrize("freq", ["MS", "AS", "QS", "D", "15T"])
    @pytest.mark.parametrize(
        "where",
        ["2022", "2022-03", "2022-04-21", "2022-05-23 14:34"],
    )
    def test_state_slice_whole(where: str, freq: str):
        """Test that slicing splits the pfl in 2 non-overlapping pieces without gap
        (i.e., ensure that each original timestamp is in exactly one of the resulting pieces.)
        """
        index = pd.date_range("2020", "2024", freq=freq, inclusive="left")
        pfs = dev.get_pfstate(index)
&gt;       left, right = pfs.slice[:where], pfs.slice[where:]
E       AttributeError: 'PfState' object has no attribute 'slice'

pfstate/test_slice_state.py:72: AttributeError]]></message><stack-trace><![CDATA[/Users/ruud.wijtvliet/python/portfolyo/tests/core/pfstate/test_slice_state.py:72: AttributeError: 'PfState' object has no attribute 'slice']]></stack-trace></failure><reason><message><![CDATA[]]></message></reason><output><![CDATA[]]></output></test-case><test-case id="196" name="tests/core/pfstate/test_slice_state.py::test_state_slice_whole[2022-04-21-AS]" fullname="tests/core/pfstate/test_slice_state.py::test_state_slice_whole[2022-04-21-AS]" methodname="test_state_slice_whole[2022-04-21-AS]" classname="tests/core/pfstate/test_slice_state.py" runstate="Runnable" seed="1" result="Failed" label="Test that slicing splits the pfl in 2 non-overlapping pieces without gap&#10;    (i.e., ensure that each original timestamp is in exactly one of the resulting pieces.)" start-time="2024-03-06 16:09:02.104645" end-time="2024-03-06 16:09:02.133387" duration="0.028742" asserts="0"><properties><property name="python-version" value="3.11.8 (main, Feb  6 2024, 21:21:21) [Clang 15.0.0 (clang-1500.1.0.2.5)]" /><property name="fspath" value="tests/core/pfstate/test_slice_state.py" /></properties><environment framework-version="3.6.2" clr-version="3.11.8 (main, Feb  6 2024, 21:21:21) [Clang 15.0.0 (clang-1500.1.0.2.5)]" os-version="23.3.0" platform="Darwin" cwd="/Users/ruud.wijtvliet/python/portfolyo/tests/core" machine-name="arm64" user="" user-domain="" culture="en-US" uiculture="en-US" os-architecture="64bit" /><failure><message><![CDATA[where = '2022-04-21', freq = 'AS'

    @pytest.mark.parametrize("freq", ["MS", "AS", "QS", "D", "15T"])
    @pytest.mark.parametrize(
        "where",
        ["2022", "2022-03", "2022-04-21", "2022-05-23 14:34"],
    )
    def test_state_slice_whole(where: str, freq: str):
        """Test that slicing splits the pfl in 2 non-overlapping pieces without gap
        (i.e., ensure that each original timestamp is in exactly one of the resulting pieces.)
        """
        index = pd.date_range("2020", "2024", freq=freq, inclusive="left")
        pfs = dev.get_pfstate(index)
&gt;       left, right = pfs.slice[:where], pfs.slice[where:]
E       AttributeError: 'PfState' object has no attribute 'slice'

pfstate/test_slice_state.py:72: AttributeError]]></message><stack-trace><![CDATA[/Users/ruud.wijtvliet/python/portfolyo/tests/core/pfstate/test_slice_state.py:72: AttributeError: 'PfState' object has no attribute 'slice']]></stack-trace></failure><reason><message><![CDATA[]]></message></reason><output><![CDATA[]]></output></test-case><test-case id="197" name="tests/core/pfstate/test_slice_state.py::test_state_slice_whole[2022-04-21-QS]" fullname="tests/core/pfstate/test_slice_state.py::test_state_slice_whole[2022-04-21-QS]" methodname="test_state_slice_whole[2022-04-21-QS]" classname="tests/core/pfstate/test_slice_state.py" runstate="Runnable" seed="1" result="Failed" label="Test that slicing splits the pfl in 2 non-overlapping pieces without gap&#10;    (i.e., ensure that each original timestamp is in exactly one of the resulting pieces.)" start-time="2024-03-06 16:09:02.133747" end-time="2024-03-06 16:09:02.166034" duration="0.032287" asserts="0"><properties><property name="python-version" value="3.11.8 (main, Feb  6 2024, 21:21:21) [Clang 15.0.0 (clang-1500.1.0.2.5)]" /><property name="fspath" value="tests/core/pfstate/test_slice_state.py" /></properties><environment framework-version="3.6.2" clr-version="3.11.8 (main, Feb  6 2024, 21:21:21) [Clang 15.0.0 (clang-1500.1.0.2.5)]" os-version="23.3.0" platform="Darwin" cwd="/Users/ruud.wijtvliet/python/portfolyo/tests/core" machine-name="arm64" user="" user-domain="" culture="en-US" uiculture="en-US" os-architecture="64bit" /><failure><message><![CDATA[where = '2022-04-21', freq = 'QS'

    @pytest.mark.parametrize("freq", ["MS", "AS", "QS", "D", "15T"])
    @pytest.mark.parametrize(
        "where",
        ["2022", "2022-03", "2022-04-21", "2022-05-23 14:34"],
    )
    def test_state_slice_whole(where: str, freq: str):
        """Test that slicing splits the pfl in 2 non-overlapping pieces without gap
        (i.e., ensure that each original timestamp is in exactly one of the resulting pieces.)
        """
        index = pd.date_range("2020", "2024", freq=freq, inclusive="left")
        pfs = dev.get_pfstate(index)
&gt;       left, right = pfs.slice[:where], pfs.slice[where:]
E       AttributeError: 'PfState' object has no attribute 'slice'

pfstate/test_slice_state.py:72: AttributeError]]></message><stack-trace><![CDATA[/Users/ruud.wijtvliet/python/portfolyo/tests/core/pfstate/test_slice_state.py:72: AttributeError: 'PfState' object has no attribute 'slice']]></stack-trace></failure><reason><message><![CDATA[]]></message></reason><output><![CDATA[]]></output></test-case><test-case id="198" name="tests/core/pfstate/test_slice_state.py::test_state_slice_whole[2022-04-21-D]" fullname="tests/core/pfstate/test_slice_state.py::test_state_slice_whole[2022-04-21-D]" methodname="test_state_slice_whole[2022-04-21-D]" classname="tests/core/pfstate/test_slice_state.py" runstate="Runnable" seed="1" result="Failed" label="Test that slicing splits the pfl in 2 non-overlapping pieces without gap&#10;    (i.e., ensure that each original timestamp is in exactly one of the resulting pieces.)" start-time="2024-03-06 16:09:02.166452" end-time="2024-03-06 16:09:02.220025" duration="0.053573" asserts="0"><properties><property name="python-version" value="3.11.8 (main, Feb  6 2024, 21:21:21) [Clang 15.0.0 (clang-1500.1.0.2.5)]" /><property name="fspath" value="tests/core/pfstate/test_slice_state.py" /></properties><environment framework-version="3.6.2" clr-version="3.11.8 (main, Feb  6 2024, 21:21:21) [Clang 15.0.0 (clang-1500.1.0.2.5)]" os-version="23.3.0" platform="Darwin" cwd="/Users/ruud.wijtvliet/python/portfolyo/tests/core" machine-name="arm64" user="" user-domain="" culture="en-US" uiculture="en-US" os-architecture="64bit" /><failure><message><![CDATA[where = '2022-04-21', freq = 'D'

    @pytest.mark.parametrize("freq", ["MS", "AS", "QS", "D", "15T"])
    @pytest.mark.parametrize(
        "where",
        ["2022", "2022-03", "2022-04-21", "2022-05-23 14:34"],
    )
    def test_state_slice_whole(where: str, freq: str):
        """Test that slicing splits the pfl in 2 non-overlapping pieces without gap
        (i.e., ensure that each original timestamp is in exactly one of the resulting pieces.)
        """
        index = pd.date_range("2020", "2024", freq=freq, inclusive="left")
        pfs = dev.get_pfstate(index)
&gt;       left, right = pfs.slice[:where], pfs.slice[where:]
E       AttributeError: 'PfState' object has no attribute 'slice'

pfstate/test_slice_state.py:72: AttributeError]]></message><stack-trace><![CDATA[/Users/ruud.wijtvliet/python/portfolyo/tests/core/pfstate/test_slice_state.py:72: AttributeError: 'PfState' object has no attribute 'slice']]></stack-trace></failure><reason><message><![CDATA[]]></message></reason><output><![CDATA[]]></output></test-case><test-case id="199" name="tests/core/pfstate/test_slice_state.py::test_state_slice_whole[2022-04-21-15T]" fullname="tests/core/pfstate/test_slice_state.py::test_state_slice_whole[2022-04-21-15T]" methodname="test_state_slice_whole[2022-04-21-15T]" classname="tests/core/pfstate/test_slice_state.py" runstate="Runnable" seed="1" result="Failed" label="Test that slicing splits the pfl in 2 non-overlapping pieces without gap&#10;    (i.e., ensure that each original timestamp is in exactly one of the resulting pieces.)" start-time="2024-03-06 16:09:02.220456" end-time="2024-03-06 16:09:06.202471" duration="3.982015" asserts="0"><properties><property name="python-version" value="3.11.8 (main, Feb  6 2024, 21:21:21) [Clang 15.0.0 (clang-1500.1.0.2.5)]" /><property name="fspath" value="tests/core/pfstate/test_slice_state.py" /></properties><environment framework-version="3.6.2" clr-version="3.11.8 (main, Feb  6 2024, 21:21:21) [Clang 15.0.0 (clang-1500.1.0.2.5)]" os-version="23.3.0" platform="Darwin" cwd="/Users/ruud.wijtvliet/python/portfolyo/tests/core" machine-name="arm64" user="" user-domain="" culture="en-US" uiculture="en-US" os-architecture="64bit" /><failure><message><![CDATA[where = '2022-04-21', freq = '15T'

    @pytest.mark.parametrize("freq", ["MS", "AS", "QS", "D", "15T"])
    @pytest.mark.parametrize(
        "where",
        ["2022", "2022-03", "2022-04-21", "2022-05-23 14:34"],
    )
    def test_state_slice_whole(where: str, freq: str):
        """Test that slicing splits the pfl in 2 non-overlapping pieces without gap
        (i.e., ensure that each original timestamp is in exactly one of the resulting pieces.)
        """
        index = pd.date_range("2020", "2024", freq=freq, inclusive="left")
        pfs = dev.get_pfstate(index)
&gt;       left, right = pfs.slice[:where], pfs.slice[where:]
E       AttributeError: 'PfState' object has no attribute 'slice'

pfstate/test_slice_state.py:72: AttributeError]]></message><stack-trace><![CDATA[/Users/ruud.wijtvliet/python/portfolyo/tests/core/pfstate/test_slice_state.py:72: AttributeError: 'PfState' object has no attribute 'slice']]></stack-trace></failure><reason><message><![CDATA[]]></message></reason><output><![CDATA[]]></output></test-case><test-case id="200" name="tests/core/pfstate/test_slice_state.py::test_state_slice_whole[2022-05-23 14:34-MS]" fullname="tests/core/pfstate/test_slice_state.py::test_state_slice_whole[2022-05-23 14:34-MS]" methodname="test_state_slice_whole[2022-05-23 14:34-MS]" classname="tests/core/pfstate/test_slice_state.py" runstate="Runnable" seed="1" result="Failed" label="Test that slicing splits the pfl in 2 non-overlapping pieces without gap&#10;    (i.e., ensure that each original timestamp is in exactly one of the resulting pieces.)" start-time="2024-03-06 16:09:06.202860" end-time="2024-03-06 16:09:06.232850" duration="0.02999" asserts="0"><properties><property name="python-version" value="3.11.8 (main, Feb  6 2024, 21:21:21) [Clang 15.0.0 (clang-1500.1.0.2.5)]" /><property name="fspath" value="tests/core/pfstate/test_slice_state.py" /></properties><environment framework-version="3.6.2" clr-version="3.11.8 (main, Feb  6 2024, 21:21:21) [Clang 15.0.0 (clang-1500.1.0.2.5)]" os-version="23.3.0" platform="Darwin" cwd="/Users/ruud.wijtvliet/python/portfolyo/tests/core" machine-name="arm64" user="" user-domain="" culture="en-US" uiculture="en-US" os-architecture="64bit" /><failure><message><![CDATA[where = '2022-05-23 14:34', freq = 'MS'

    @pytest.mark.parametrize("freq", ["MS", "AS", "QS", "D", "15T"])
    @pytest.mark.parametrize(
        "where",
        ["2022", "2022-03", "2022-04-21", "2022-05-23 14:34"],
    )
    def test_state_slice_whole(where: str, freq: str):
        """Test that slicing splits the pfl in 2 non-overlapping pieces without gap
        (i.e., ensure that each original timestamp is in exactly one of the resulting pieces.)
        """
        index = pd.date_range("2020", "2024", freq=freq, inclusive="left")
        pfs = dev.get_pfstate(index)
&gt;       left, right = pfs.slice[:where], pfs.slice[where:]
E       AttributeError: 'PfState' object has no attribute 'slice'

pfstate/test_slice_state.py:72: AttributeError]]></message><stack-trace><![CDATA[/Users/ruud.wijtvliet/python/portfolyo/tests/core/pfstate/test_slice_state.py:72: AttributeError: 'PfState' object has no attribute 'slice']]></stack-trace></failure><reason><message><![CDATA[]]></message></reason><output><![CDATA[]]></output></test-case><test-case id="201" name="tests/core/pfstate/test_slice_state.py::test_state_slice_whole[2022-05-23 14:34-AS]" fullname="tests/core/pfstate/test_slice_state.py::test_state_slice_whole[2022-05-23 14:34-AS]" methodname="test_state_slice_whole[2022-05-23 14:34-AS]" classname="tests/core/pfstate/test_slice_state.py" runstate="Runnable" seed="1" result="Failed" label="Test that slicing splits the pfl in 2 non-overlapping pieces without gap&#10;    (i.e., ensure that each original timestamp is in exactly one of the resulting pieces.)" start-time="2024-03-06 16:09:06.233213" end-time="2024-03-06 16:09:06.260081" duration="0.026868" asserts="0"><properties><property name="python-version" value="3.11.8 (main, Feb  6 2024, 21:21:21) [Clang 15.0.0 (clang-1500.1.0.2.5)]" /><property name="fspath" value="tests/core/pfstate/test_slice_state.py" /></properties><environment framework-version="3.6.2" clr-version="3.11.8 (main, Feb  6 2024, 21:21:21) [Clang 15.0.0 (clang-1500.1.0.2.5)]" os-version="23.3.0" platform="Darwin" cwd="/Users/ruud.wijtvliet/python/portfolyo/tests/core" machine-name="arm64" user="" user-domain="" culture="en-US" uiculture="en-US" os-architecture="64bit" /><failure><message><![CDATA[where = '2022-05-23 14:34', freq = 'AS'

    @pytest.mark.parametrize("freq", ["MS", "AS", "QS", "D", "15T"])
    @pytest.mark.parametrize(
        "where",
        ["2022", "2022-03", "2022-04-21", "2022-05-23 14:34"],
    )
    def test_state_slice_whole(where: str, freq: str):
        """Test that slicing splits the pfl in 2 non-overlapping pieces without gap
        (i.e., ensure that each original timestamp is in exactly one of the resulting pieces.)
        """
        index = pd.date_range("2020", "2024", freq=freq, inclusive="left")
        pfs = dev.get_pfstate(index)
&gt;       left, right = pfs.slice[:where], pfs.slice[where:]
E       AttributeError: 'PfState' object has no attribute 'slice'

pfstate/test_slice_state.py:72: AttributeError]]></message><stack-trace><![CDATA[/Users/ruud.wijtvliet/python/portfolyo/tests/core/pfstate/test_slice_state.py:72: AttributeError: 'PfState' object has no attribute 'slice']]></stack-trace></failure><reason><message><![CDATA[]]></message></reason><output><![CDATA[]]></output></test-case><test-case id="202" name="tests/core/pfstate/test_slice_state.py::test_state_slice_whole[2022-05-23 14:34-QS]" fullname="tests/core/pfstate/test_slice_state.py::test_state_slice_whole[2022-05-23 14:34-QS]" methodname="test_state_slice_whole[2022-05-23 14:34-QS]" classname="tests/core/pfstate/test_slice_state.py" runstate="Runnable" seed="1" result="Failed" label="Test that slicing splits the pfl in 2 non-overlapping pieces without gap&#10;    (i.e., ensure that each original timestamp is in exactly one of the resulting pieces.)" start-time="2024-03-06 16:09:06.260404" end-time="2024-03-06 16:09:06.287864" duration="0.02746" asserts="0"><properties><property name="python-version" value="3.11.8 (main, Feb  6 2024, 21:21:21) [Clang 15.0.0 (clang-1500.1.0.2.5)]" /><property name="fspath" value="tests/core/pfstate/test_slice_state.py" /></properties><environment framework-version="3.6.2" clr-version="3.11.8 (main, Feb  6 2024, 21:21:21) [Clang 15.0.0 (clang-1500.1.0.2.5)]" os-version="23.3.0" platform="Darwin" cwd="/Users/ruud.wijtvliet/python/portfolyo/tests/core" machine-name="arm64" user="" user-domain="" culture="en-US" uiculture="en-US" os-architecture="64bit" /><failure><message><![CDATA[where = '2022-05-23 14:34', freq = 'QS'

    @pytest.mark.parametrize("freq", ["MS", "AS", "QS", "D", "15T"])
    @pytest.mark.parametrize(
        "where",
        ["2022", "2022-03", "2022-04-21", "2022-05-23 14:34"],
    )
    def test_state_slice_whole(where: str, freq: str):
        """Test that slicing splits the pfl in 2 non-overlapping pieces without gap
        (i.e., ensure that each original timestamp is in exactly one of the resulting pieces.)
        """
        index = pd.date_range("2020", "2024", freq=freq, inclusive="left")
        pfs = dev.get_pfstate(index)
&gt;       left, right = pfs.slice[:where], pfs.slice[where:]
E       AttributeError: 'PfState' object has no attribute 'slice'

pfstate/test_slice_state.py:72: AttributeError]]></message><stack-trace><![CDATA[/Users/ruud.wijtvliet/python/portfolyo/tests/core/pfstate/test_slice_state.py:72: AttributeError: 'PfState' object has no attribute 'slice']]></stack-trace></failure><reason><message><![CDATA[]]></message></reason><output><![CDATA[]]></output></test-case><test-case id="203" name="tests/core/pfstate/test_slice_state.py::test_state_slice_whole[2022-05-23 14:34-D]" fullname="tests/core/pfstate/test_slice_state.py::test_state_slice_whole[2022-05-23 14:34-D]" methodname="test_state_slice_whole[2022-05-23 14:34-D]" classname="tests/core/pfstate/test_slice_state.py" runstate="Runnable" seed="1" result="Failed" label="Test that slicing splits the pfl in 2 non-overlapping pieces without gap&#10;    (i.e., ensure that each original timestamp is in exactly one of the resulting pieces.)" start-time="2024-03-06 16:09:06.288182" end-time="2024-03-06 16:09:06.334555" duration="0.046373" asserts="0"><properties><property name="python-version" value="3.11.8 (main, Feb  6 2024, 21:21:21) [Clang 15.0.0 (clang-1500.1.0.2.5)]" /><property name="fspath" value="tests/core/pfstate/test_slice_state.py" /></properties><environment framework-version="3.6.2" clr-version="3.11.8 (main, Feb  6 2024, 21:21:21) [Clang 15.0.0 (clang-1500.1.0.2.5)]" os-version="23.3.0" platform="Darwin" cwd="/Users/ruud.wijtvliet/python/portfolyo/tests/core" machine-name="arm64" user="" user-domain="" culture="en-US" uiculture="en-US" os-architecture="64bit" /><failure><message><![CDATA[where = '2022-05-23 14:34', freq = 'D'

    @pytest.mark.parametrize("freq", ["MS", "AS", "QS", "D", "15T"])
    @pytest.mark.parametrize(
        "where",
        ["2022", "2022-03", "2022-04-21", "2022-05-23 14:34"],
    )
    def test_state_slice_whole(where: str, freq: str):
        """Test that slicing splits the pfl in 2 non-overlapping pieces without gap
        (i.e., ensure that each original timestamp is in exactly one of the resulting pieces.)
        """
        index = pd.date_range("2020", "2024", freq=freq, inclusive="left")
        pfs = dev.get_pfstate(index)
&gt;       left, right = pfs.slice[:where], pfs.slice[where:]
E       AttributeError: 'PfState' object has no attribute 'slice'

pfstate/test_slice_state.py:72: AttributeError]]></message><stack-trace><![CDATA[/Users/ruud.wijtvliet/python/portfolyo/tests/core/pfstate/test_slice_state.py:72: AttributeError: 'PfState' object has no attribute 'slice']]></stack-trace></failure><reason><message><![CDATA[]]></message></reason><output><![CDATA[]]></output></test-case><test-case id="204" name="tests/core/pfstate/test_slice_state.py::test_state_slice_whole[2022-05-23 14:34-15T]" fullname="tests/core/pfstate/test_slice_state.py::test_state_slice_whole[2022-05-23 14:34-15T]" methodname="test_state_slice_whole[2022-05-23 14:34-15T]" classname="tests/core/pfstate/test_slice_state.py" runstate="Runnable" seed="1" result="Failed" label="Test that slicing splits the pfl in 2 non-overlapping pieces without gap&#10;    (i.e., ensure that each original timestamp is in exactly one of the resulting pieces.)" start-time="2024-03-06 16:09:06.334896" end-time="2024-03-06 16:09:09.789389" duration="3.454493" asserts="0"><properties><property name="python-version" value="3.11.8 (main, Feb  6 2024, 21:21:21) [Clang 15.0.0 (clang-1500.1.0.2.5)]" /><property name="fspath" value="tests/core/pfstate/test_slice_state.py" /></properties><environment framework-version="3.6.2" clr-version="3.11.8 (main, Feb  6 2024, 21:21:21) [Clang 15.0.0 (clang-1500.1.0.2.5)]" os-version="23.3.0" platform="Darwin" cwd="/Users/ruud.wijtvliet/python/portfolyo/tests/core" machine-name="arm64" user="" user-domain="" culture="en-US" uiculture="en-US" os-architecture="64bit" /><failure><message><![CDATA[where = '2022-05-23 14:34', freq = '15T'

    @pytest.mark.parametrize("freq", ["MS", "AS", "QS", "D", "15T"])
    @pytest.mark.parametrize(
        "where",
        ["2022", "2022-03", "2022-04-21", "2022-05-23 14:34"],
    )
    def test_state_slice_whole(where: str, freq: str):
        """Test that slicing splits the pfl in 2 non-overlapping pieces without gap
        (i.e., ensure that each original timestamp is in exactly one of the resulting pieces.)
        """
        index = pd.date_range("2020", "2024", freq=freq, inclusive="left")
        pfs = dev.get_pfstate(index)
&gt;       left, right = pfs.slice[:where], pfs.slice[where:]
E       AttributeError: 'PfState' object has no attribute 'slice'

pfstate/test_slice_state.py:72: AttributeError]]></message><stack-trace><![CDATA[/Users/ruud.wijtvliet/python/portfolyo/tests/core/pfstate/test_slice_state.py:72: AttributeError: 'PfState' object has no attribute 'slice']]></stack-trace></failure><reason><message><![CDATA[]]></message></reason><output><![CDATA[]]></output></test-case><environment framework-version="3.6.2" clr-version="3.11.8 (main, Feb  6 2024, 21:21:21) [Clang 15.0.0 (clang-1500.1.0.2.5)]" os-version="23.3.0" platform="Darwin" cwd="/Users/ruud.wijtvliet/python/portfolyo/tests/core" machine-name="arm64" user="" user-domain="" culture="en-US" uiculture="en-US" os-architecture="64bit" /></test-suite></test-run>